/Users/deyiliu/Dropbox/UNC/G4/Spring/790/code/latent_ode-master/run_models.py
run_models.py --niters 300 -n 1000 -l 15 --dataset hopper --latent-ode --z0-encoder trans -r 2000
Experiment 99644
Epoch 0001 [Test seq (cond on sampled tp)] | Loss 41812.523438 | Likelihood -42148.207031 | KL fp 2.3356 | FP STD 0.2458|
KL coef: 0.0
Train loss (one batch): 43348.10546875
Train CE loss (one batch): 0.0
Test MSE: 0.0843
Poisson likelihood: 0.0
CE loss: 0.0
Experiment 99644
Epoch 0002 [Test seq (cond on sampled tp)] | Loss 32226.697266 | Likelihood -32722.478516 | KL fp 2.6012 | FP STD 0.1834|
KL coef: 0.0
Train loss (one batch): 31640.6015625
Train CE loss (one batch): 0.0
Test MSE: 0.0655
Poisson likelihood: 0.0
CE loss: 0.0
Experiment 99644
Epoch 0003 [Test seq (cond on sampled tp)] | Loss 29338.875000 | Likelihood -29768.517578 | KL fp 2.7309 | FP STD 0.1546|
KL coef: 0.0
Train loss (one batch): 27507.193359375
Train CE loss (one batch): 0.0
Test MSE: 0.0595
Poisson likelihood: 0.0
CE loss: 0.0
Experiment 99644
Epoch 0004 [Test seq (cond on sampled tp)] | Loss 27263.806641 | Likelihood -27602.226562 | KL fp 2.8310 | FP STD 0.1391|
KL coef: 0.0
Train loss (one batch): 27109.72265625
Train CE loss (one batch): 0.0
Test MSE: 0.0552
Poisson likelihood: 0.0
CE loss: 0.0
Experiment 99644
Epoch 0005 [Test seq (cond on sampled tp)] | Loss 25851.949219 | Likelihood -26061.853516 | KL fp 2.8499 | FP STD 0.1342|
KL coef: 0.0
Train loss (one batch): 25278.509765625
Train CE loss (one batch): 0.0
Test MSE: 0.0521
Poisson likelihood: 0.0
CE loss: 0.0
Experiment 99644
Epoch 0006 [Test seq (cond on sampled tp)] | Loss 24116.283203 | Likelihood -24322.162109 | KL fp 2.8777 | FP STD 0.1298|
KL coef: 0.0
Train loss (one batch): 24787.38671875
Train CE loss (one batch): 0.0
Test MSE: 0.0487
Poisson likelihood: 0.0
CE loss: 0.0
Experiment 99644
Epoch 0007 [Test seq (cond on sampled tp)] | Loss 23576.435547 | Likelihood -23832.828125 | KL fp 2.8762 | FP STD 0.1329|
KL coef: 0.0
Train loss (one batch): 23840.259765625
Train CE loss (one batch): 0.0
Test MSE: 0.0477
Poisson likelihood: 0.0
CE loss: 0.0
Experiment 99644
Epoch 0008 [Test seq (cond on sampled tp)] | Loss 21899.818359 | Likelihood -22142.990234 | KL fp 2.9121 | FP STD 0.1217|
KL coef: 0.0
Train loss (one batch): 22556.13671875
Train CE loss (one batch): 0.0
Test MSE: 0.0443
Poisson likelihood: 0.0
CE loss: 0.0
Experiment 99644
Epoch 0009 [Test seq (cond on sampled tp)] | Loss 21397.199219 | Likelihood -21500.710938 | KL fp 2.9336 | FP STD 0.1204|
KL coef: 0.0
Train loss (one batch): 20378.783203125
Train CE loss (one batch): 0.0
Test MSE: 0.0430
Poisson likelihood: 0.0
CE loss: 0.0
Experiment 99644
Epoch 0010 [Test seq (cond on sampled tp)] | Loss 19943.687500 | Likelihood -20170.185547 | KL fp 2.9464 | FP STD 0.1174|
KL coef: 0.0
Train loss (one batch): 19764.75
Train CE loss (one batch): 0.0
Test MSE: 0.0404
Poisson likelihood: 0.0
CE loss: 0.0
Experiment 99644
Epoch 0011 [Test seq (cond on sampled tp)] | Loss 19965.691406 | Likelihood -20171.619141 | KL fp 2.9355 | FP STD 0.1212|
KL coef: 0.010000000000000009
Train loss (one batch): 19503.400390625
Train CE loss (one batch): 0.0
Test MSE: 0.0404
Poisson likelihood: 0.0
CE loss: 0.0
Experiment 99644
Epoch 0012 [Test seq (cond on sampled tp)] | Loss 19010.080078 | Likelihood -19087.966797 | KL fp 3.0041 | FP STD 0.1133|
KL coef: 0.01990000000000003
Train loss (one batch): 18050.66015625
Train CE loss (one batch): 0.0
Test MSE: 0.0382
Poisson likelihood: 0.0
CE loss: 0.0
Experiment 99644
Epoch 0013 [Test seq (cond on sampled tp)] | Loss 18598.195312 | Likelihood -18660.484375 | KL fp 2.9851 | FP STD 0.1138|
KL coef: 0.029700999999999977
Train loss (one batch): 16975.412109375
Train CE loss (one batch): 0.0
Test MSE: 0.0373
Poisson likelihood: 0.0
CE loss: 0.0
Experiment 99644
Epoch 0014 [Test seq (cond on sampled tp)] | Loss 17770.183594 | Likelihood -17955.478516 | KL fp 3.0370 | FP STD 0.1092|
KL coef: 0.039403990000000055
Train loss (one batch): 16278.23828125
Train CE loss (one batch): 0.0
Test MSE: 0.0359
Poisson likelihood: 0.0
CE loss: 0.0
Experiment 99644
Epoch 0015 [Test seq (cond on sampled tp)] | Loss 17375.242188 | Likelihood -17480.498047 | KL fp 3.0552 | FP STD 0.1090|
KL coef: 0.04900995010000009
Train loss (one batch): 16303.7607421875
Train CE loss (one batch): 0.0
Test MSE: 0.0350
Poisson likelihood: 0.0
CE loss: 0.0
Experiment 99644
Epoch 0016 [Test seq (cond on sampled tp)] | Loss 16851.681641 | Likelihood -16942.156250 | KL fp 2.9757 | FP STD 0.1114|
KL coef: 0.058519850599
Train loss (one batch): 15915.0791015625
Train CE loss (one batch): 0.0
Test MSE: 0.0339
Poisson likelihood: 0.0
CE loss: 0.0
Experiment 99644
Epoch 0017 [Test seq (cond on sampled tp)] | Loss 16527.185547 | Likelihood -16617.162109 | KL fp 3.0297 | FP STD 0.1055|
KL coef: 0.06793465209301008
Train loss (one batch): 15240.82421875
Train CE loss (one batch): 0.0
Test MSE: 0.0332
Poisson likelihood: 0.0
CE loss: 0.0
Experiment 99644
Epoch 0018 [Test seq (cond on sampled tp)] | Loss 15890.575195 | Likelihood -16097.764648 | KL fp 3.0400 | FP STD 0.1079|
KL coef: 0.07725530557207994
Train loss (one batch): 14913.7685546875
Train CE loss (one batch): 0.0
Test MSE: 0.0322
Poisson likelihood: 0.0
CE loss: 0.0
Experiment 99644
Epoch 0019 [Test seq (cond on sampled tp)] | Loss 15594.596680 | Likelihood -15937.442383 | KL fp 3.0799 | FP STD 0.1025|
KL coef: 0.08648275251635917
Train loss (one batch): 14266.412109375
Train CE loss (one batch): 0.0
Test MSE: 0.0319
Poisson likelihood: 0.0
CE loss: 0.0
Experiment 99644
Epoch 0020 [Test seq (cond on sampled tp)] | Loss 15524.916992 | Likelihood -15613.614258 | KL fp 3.0557 | FP STD 0.1038|
KL coef: 0.09561792499119559
Train loss (one batch): 13990.787109375
Train CE loss (one batch): 0.0
Test MSE: 0.0312
Poisson likelihood: 0.0
CE loss: 0.0
Experiment 99644
Epoch 0021 [Test seq (cond on sampled tp)] | Loss 15275.775391 | Likelihood -15414.731445 | KL fp 3.0677 | FP STD 0.1010|
KL coef: 0.10466174574128362
Train loss (one batch): 14454.2587890625
Train CE loss (one batch): 0.0
Test MSE: 0.0308
Poisson likelihood: 0.0
CE loss: 0.0
Experiment 99644
Epoch 0022 [Test seq (cond on sampled tp)] | Loss 14739.610352 | Likelihood -14757.190430 | KL fp 3.1006 | FP STD 0.0982|
KL coef: 0.11361512828387077
Train loss (one batch): 13817.2041015625
Train CE loss (one batch): 0.0
Test MSE: 0.0295
Poisson likelihood: 0.0
CE loss: 0.0
Experiment 99644
Epoch 0023 [Test seq (cond on sampled tp)] | Loss 14784.150391 | Likelihood -14835.375000 | KL fp 3.0952 | FP STD 0.0982|
KL coef: 0.12247897700103216
Train loss (one batch): 13552.8759765625
Train CE loss (one batch): 0.0
Test MSE: 0.0297
Poisson likelihood: 0.0
CE loss: 0.0
Experiment 99644
Epoch 0024 [Test seq (cond on sampled tp)] | Loss 14094.116211 | Likelihood -14183.624023 | KL fp 3.1573 | FP STD 0.0947|
KL coef: 0.13125418723102178
Train loss (one batch): 13360.021484375
Train CE loss (one batch): 0.0
Test MSE: 0.0284
Poisson likelihood: 0.0
CE loss: 0.0
Experiment 99644
Epoch 0025 [Test seq (cond on sampled tp)] | Loss 13646.649414 | Likelihood -13845.743164 | KL fp 3.1315 | FP STD 0.0951|
KL coef: 0.13994164535871156
Train loss (one batch): 12393.3515625
Train CE loss (one batch): 0.0
Test MSE: 0.0277
Poisson likelihood: 0.0
CE loss: 0.0
Experiment 99644
Epoch 0026 [Test seq (cond on sampled tp)] | Loss 13559.633789 | Likelihood -13587.230469 | KL fp 3.1368 | FP STD 0.0940|
KL coef: 0.14854222890512447
Train loss (one batch): 12962.6494140625
Train CE loss (one batch): 0.0
Test MSE: 0.0272
Poisson likelihood: 0.0
CE loss: 0.0
Experiment 99644
Epoch 0027 [Test seq (cond on sampled tp)] | Loss 13357.054688 | Likelihood -13491.006836 | KL fp 3.1378 | FP STD 0.0906|
KL coef: 0.15705680661607324
Train loss (one batch): 12228.837890625
Train CE loss (one batch): 0.0
Test MSE: 0.0270
Poisson likelihood: 0.0
CE loss: 0.0
Experiment 99644
Epoch 0028 [Test seq (cond on sampled tp)] | Loss 13163.561523 | Likelihood -13251.245117 | KL fp 3.1511 | FP STD 0.0914|
KL coef: 0.1654862385499125
Train loss (one batch): 11801.484375
Train CE loss (one batch): 0.0
Test MSE: 0.0265
Poisson likelihood: 0.0
CE loss: 0.0
Experiment 99644
Epoch 0029 [Test seq (cond on sampled tp)] | Loss 13040.509766 | Likelihood -13120.604492 | KL fp 3.1790 | FP STD 0.0896|
KL coef: 0.17383137616441335
Train loss (one batch): 11730.0498046875
Train CE loss (one batch): 0.0
Test MSE: 0.0263
Poisson likelihood: 0.0
CE loss: 0.0
Experiment 99644
Epoch 0030 [Test seq (cond on sampled tp)] | Loss 12830.065430 | Likelihood -12869.557617 | KL fp 3.1578 | FP STD 0.0901|
KL coef: 0.18209306240276923
Train loss (one batch): 11262.7724609375
Train CE loss (one batch): 0.0
Test MSE: 0.0258
Poisson likelihood: 0.0
CE loss: 0.0
Experiment 99644
Epoch 0031 [Test seq (cond on sampled tp)] | Loss 12535.916016 | Likelihood -12622.941406 | KL fp 3.2125 | FP STD 0.0879|
KL coef: 0.19027213177874158
Train loss (one batch): 11496.4970703125
Train CE loss (one batch): 0.0
Test MSE: 0.0253
Poisson likelihood: 0.0
CE loss: 0.0
Experiment 99644
Epoch 0032 [Test seq (cond on sampled tp)] | Loss 12452.504883 | Likelihood -12507.481445 | KL fp 3.2198 | FP STD 0.0858|
KL coef: 0.19836941046095413
Train loss (one batch): 11064.2470703125
Train CE loss (one batch): 0.0
Test MSE: 0.0250
Poisson likelihood: 0.0
CE loss: 0.0
Experiment 99644
Epoch 0033 [Test seq (cond on sampled tp)] | Loss 12120.442383 | Likelihood -12248.019531 | KL fp 3.2458 | FP STD 0.0841|
KL coef: 0.20638571635634462
Train loss (one batch): 11217.7529296875
Train CE loss (one batch): 0.0
Test MSE: 0.0245
Poisson likelihood: 0.0
CE loss: 0.0
Experiment 99644
Epoch 0034 [Test seq (cond on sampled tp)] | Loss 12035.789062 | Likelihood -12050.002930 | KL fp 3.2478 | FP STD 0.0813|
KL coef: 0.21432185919278124
Train loss (one batch): 11253.376953125
Train CE loss (one batch): 0.0
Test MSE: 0.0241
Poisson likelihood: 0.0
CE loss: 0.0
Experiment 99644
Epoch 0035 [Test seq (cond on sampled tp)] | Loss 11457.225586 | Likelihood -11509.889648 | KL fp 3.2401 | FP STD 0.0820|
KL coef: 0.22217864060085335
Train loss (one batch): 10558.2080078125
Train CE loss (one batch): 0.0
Test MSE: 0.0230
Poisson likelihood: 0.0
CE loss: 0.0
Experiment 99644
Epoch 0036 [Test seq (cond on sampled tp)] | Loss 11671.350586 | Likelihood -11741.606445 | KL fp 3.2756 | FP STD 0.0793|
KL coef: 0.2299568541948449
Train loss (one batch): 10530.525390625
Train CE loss (one batch): 0.0
Test MSE: 0.0235
Poisson likelihood: 0.0
CE loss: 0.0
Experiment 99644
Epoch 0037 [Test seq (cond on sampled tp)] | Loss 11733.991211 | Likelihood -11765.583008 | KL fp 3.3039 | FP STD 0.0771|
KL coef: 0.23765728565289646
Train loss (one batch): 10397.267578125
Train CE loss (one batch): 0.0
Test MSE: 0.0235
Poisson likelihood: 0.0
CE loss: 0.0
Experiment 99644
Epoch 0038 [Test seq (cond on sampled tp)] | Loss 11094.042969 | Likelihood -11113.483398 | KL fp 3.3274 | FP STD 0.0745|
KL coef: 0.24528071279636743
Train loss (one batch): 9987.3916015625
Train CE loss (one batch): 0.0
Test MSE: 0.0222
Poisson likelihood: 0.0
CE loss: 0.0
Experiment 99644
Epoch 0039 [Test seq (cond on sampled tp)] | Loss 11354.687500 | Likelihood -11413.459961 | KL fp 3.3512 | FP STD 0.0746|
KL coef: 0.25282790566840385
Train loss (one batch): 10257.044921875
Train CE loss (one batch): 0.0
Test MSE: 0.0228
Poisson likelihood: 0.0
CE loss: 0.0
Experiment 99644
Epoch 0040 [Test seq (cond on sampled tp)] | Loss 10845.908203 | Likelihood -10965.415039 | KL fp 3.3307 | FP STD 0.0756|
KL coef: 0.2602996266117198
Train loss (one batch): 9809.4169921875
Train CE loss (one batch): 0.0
Test MSE: 0.0219
Poisson likelihood: 0.0
CE loss: 0.0
Experiment 99644
Epoch 0041 [Test seq (cond on sampled tp)] | Loss 10843.957031 | Likelihood -10922.071289 | KL fp 3.3245 | FP STD 0.0728|
KL coef: 0.26769663034560254
Train loss (one batch): 9752.8955078125
Train CE loss (one batch): 0.0
Test MSE: 0.0219
Poisson likelihood: 0.0
CE loss: 0.0
Experiment 99644
Epoch 0042 [Test seq (cond on sampled tp)] | Loss 11004.957031 | Likelihood -11067.471680 | KL fp 3.3362 | FP STD 0.0731|
KL coef: 0.2750196640421466
Train loss (one batch): 9650.4609375
Train CE loss (one batch): 0.0
Test MSE: 0.0221
Poisson likelihood: 0.0
CE loss: 0.0
Experiment 99644
Epoch 0043 [Test seq (cond on sampled tp)] | Loss 10688.473633 | Likelihood -10765.089844 | KL fp 3.3900 | FP STD 0.0707|
KL coef: 0.2822694674017251
Train loss (one batch): 10003.830078125
Train CE loss (one batch): 0.0
Test MSE: 0.0215
Poisson likelihood: 0.0
CE loss: 0.0
Experiment 99644
Epoch 0044 [Test seq (cond on sampled tp)] | Loss 10522.446289 | Likelihood -10542.124023 | KL fp 3.3733 | FP STD 0.0701|
KL coef: 0.2894467727277079
Train loss (one batch): 9536.3056640625
Train CE loss (one batch): 0.0
Test MSE: 0.0211
Poisson likelihood: 0.0
CE loss: 0.0
Experiment 99644
Epoch 0045 [Test seq (cond on sampled tp)] | Loss 10557.036133 | Likelihood -10602.255859 | KL fp 3.3541 | FP STD 0.0716|
KL coef: 0.29655230500043084
Train loss (one batch): 9460.7119140625
Train CE loss (one batch): 0.0
Test MSE: 0.0212
Poisson likelihood: 0.0
CE loss: 0.0
Experiment 99644
Epoch 0046 [Test seq (cond on sampled tp)] | Loss 10547.690430 | Likelihood -10617.924805 | KL fp 3.3286 | FP STD 0.0709|
KL coef: 0.30358678195042654
Train loss (one batch): 9149.2890625
Train CE loss (one batch): 0.0
Test MSE: 0.0212
Poisson likelihood: 0.0
CE loss: 0.0
Experiment 99644
Epoch 0047 [Test seq (cond on sampled tp)] | Loss 9957.246094 | Likelihood -10147.676758 | KL fp 3.3918 | FP STD 0.0683|
KL coef: 0.3105509141309223
Train loss (one batch): 9493.5185546875
Train CE loss (one batch): 0.0
Test MSE: 0.0203
Poisson likelihood: 0.0
CE loss: 0.0
Experiment 99644
Epoch 0048 [Test seq (cond on sampled tp)] | Loss 10023.288086 | Likelihood -10137.942383 | KL fp 3.4135 | FP STD 0.0684|
KL coef: 0.31744540498961304
Train loss (one batch): 9275.369140625
Train CE loss (one batch): 0.0
Test MSE: 0.0203
Poisson likelihood: 0.0
CE loss: 0.0
Experiment 99644
Epoch 0049 [Test seq (cond on sampled tp)] | Loss 9890.877930 | Likelihood -9934.994141 | KL fp 3.3699 | FP STD 0.0694|
KL coef: 0.3242709509397169
Train loss (one batch): 8477.2275390625
Train CE loss (one batch): 0.0
Test MSE: 0.0199
Poisson likelihood: 0.0
CE loss: 0.0
Experiment 99644
Epoch 0050 [Test seq (cond on sampled tp)] | Loss 9994.720703 | Likelihood -10082.911133 | KL fp 3.4050 | FP STD 0.0675|
KL coef: 0.3310282414303197
Train loss (one batch): 9044.9609375
Train CE loss (one batch): 0.0
Test MSE: 0.0202
Poisson likelihood: 0.0
CE loss: 0.0
Experiment 99644
Epoch 0051 [Test seq (cond on sampled tp)] | Loss 9953.715820 | Likelihood -10031.022461 | KL fp 3.4164 | FP STD 0.0655|
KL coef: 0.33771795901601653
Train loss (one batch): 8895.1220703125
Train CE loss (one batch): 0.0
Test MSE: 0.0201
Poisson likelihood: 0.0
CE loss: 0.0
Experiment 99644
Epoch 0052 [Test seq (cond on sampled tp)] | Loss 9863.391602 | Likelihood -9936.629883 | KL fp 3.5104 | FP STD 0.0618|
KL coef: 0.3443407794258564
Train loss (one batch): 8883.9052734375
Train CE loss (one batch): 0.0
Test MSE: 0.0199
Poisson likelihood: 0.0
CE loss: 0.0
Experiment 99644
Epoch 0053 [Test seq (cond on sampled tp)] | Loss 9802.380859 | Likelihood -9880.877930 | KL fp 3.4791 | FP STD 0.0641|
KL coef: 0.35089737163159784
Train loss (one batch): 8620.166015625
Train CE loss (one batch): 0.0
Test MSE: 0.0198
Poisson likelihood: 0.0
CE loss: 0.0
Experiment 99644
Epoch 0054 [Test seq (cond on sampled tp)] | Loss 9903.795898 | Likelihood -9921.362305 | KL fp 3.4852 | FP STD 0.0634|
KL coef: 0.3573883979152819
Train loss (one batch): 8983.220703125
Train CE loss (one batch): 0.0
Test MSE: 0.0199
Poisson likelihood: 0.0
CE loss: 0.0
Experiment 99644
Epoch 0055 [Test seq (cond on sampled tp)] | Loss 9551.326172 | Likelihood -9615.131836 | KL fp 3.4622 | FP STD 0.0636|
KL coef: 0.36381451393612907
Train loss (one batch): 8837.822265625
Train CE loss (one batch): 0.0
Test MSE: 0.0192
Poisson likelihood: 0.0
CE loss: 0.0
Experiment 99644
Epoch 0056 [Test seq (cond on sampled tp)] | Loss 9529.902344 | Likelihood -9615.721680 | KL fp 3.5031 | FP STD 0.0611|
KL coef: 0.37017636879676774
Train loss (one batch): 8777.1923828125
Train CE loss (one batch): 0.0
Test MSE: 0.0192
Poisson likelihood: 0.0
CE loss: 0.0
Experiment 99644
Epoch 0057 [Test seq (cond on sampled tp)] | Loss 9417.855469 | Likelihood -9425.789062 | KL fp 3.5268 | FP STD 0.0597|
KL coef: 0.37647460510880004
Train loss (one batch): 8186.626953125
Train CE loss (one batch): 0.0
Test MSE: 0.0189
Poisson likelihood: 0.0
CE loss: 0.0
Experiment 99644
Epoch 0058 [Test seq (cond on sampled tp)] | Loss 9463.833984 | Likelihood -9511.082031 | KL fp 3.4842 | FP STD 0.0612|
KL coef: 0.38270985905771204
Train loss (one batch): 8069.17822265625
Train CE loss (one batch): 0.0
Test MSE: 0.0190
Poisson likelihood: 0.0
CE loss: 0.0
Experiment 99644
Epoch 0059 [Test seq (cond on sampled tp)] | Loss 9167.977539 | Likelihood -9283.981445 | KL fp 3.5288 | FP STD 0.0589|
KL coef: 0.388882760467135
Train loss (one batch): 8056.4560546875
Train CE loss (one batch): 0.0
Test MSE: 0.0186
Poisson likelihood: 0.0
CE loss: 0.0
Experiment 99644
Epoch 0060 [Test seq (cond on sampled tp)] | Loss 9361.323242 | Likelihood -9401.801758 | KL fp 3.4920 | FP STD 0.0601|
KL coef: 0.39499393286246365
Train loss (one batch): 7913.92578125
Train CE loss (one batch): 0.0
Test MSE: 0.0188
Poisson likelihood: 0.0
CE loss: 0.0
Experiment 99644
Epoch 0061 [Test seq (cond on sampled tp)] | Loss 9200.140625 | Likelihood -9271.311523 | KL fp 3.5181 | FP STD 0.0600|
KL coef: 0.401043993533839
Train loss (one batch): 7831.20703125
Train CE loss (one batch): 0.0
Test MSE: 0.0186
Poisson likelihood: 0.0
CE loss: 0.0
Experiment 99644
Epoch 0062 [Test seq (cond on sampled tp)] | Loss 9328.484375 | Likelihood -9393.052734 | KL fp 3.5486 | FP STD 0.0586|
KL coef: 0.4070335535985006
Train loss (one batch): 7652.779296875
Train CE loss (one batch): 0.0
Test MSE: 0.0188
Poisson likelihood: 0.0
CE loss: 0.0
Experiment 99644
Epoch 0063 [Test seq (cond on sampled tp)] | Loss 9061.143555 | Likelihood -9108.847656 | KL fp 3.5821 | FP STD 0.0557|
KL coef: 0.41296321806251557
Train loss (one batch): 7856.80908203125
Train CE loss (one batch): 0.0
Test MSE: 0.0182
Poisson likelihood: 0.0
CE loss: 0.0
Experiment 99644
Epoch 0064 [Test seq (cond on sampled tp)] | Loss 9009.719727 | Likelihood -9042.727539 | KL fp 3.5270 | FP STD 0.0590|
KL coef: 0.41883358588189046
Train loss (one batch): 7696.306640625
Train CE loss (one batch): 0.0
Test MSE: 0.0181
Poisson likelihood: 0.0
CE loss: 0.0
Experiment 99644
Epoch 0065 [Test seq (cond on sampled tp)] | Loss 8857.948242 | Likelihood -8888.343750 | KL fp 3.5548 | FP STD 0.0561|
KL coef: 0.4246452500230715
Train loss (one batch): 7760.01123046875
Train CE loss (one batch): 0.0
Test MSE: 0.0178
Poisson likelihood: 0.0
CE loss: 0.0
Experiment 99644
Epoch 0066 [Test seq (cond on sampled tp)] | Loss 9041.296875 | Likelihood -9172.645508 | KL fp 3.5218 | FP STD 0.0587|
KL coef: 0.4303987975228408
Train loss (one batch): 7722.54833984375
Train CE loss (one batch): 0.0
Test MSE: 0.0184
Poisson likelihood: 0.0
CE loss: 0.0
Experiment 99644
Epoch 0067 [Test seq (cond on sampled tp)] | Loss 8625.073242 | Likelihood -8672.850586 | KL fp 3.5529 | FP STD 0.0564|
KL coef: 0.4360948095476125
Train loss (one batch): 7429.041015625
Train CE loss (one batch): 0.0
Test MSE: 0.0174
Poisson likelihood: 0.0
CE loss: 0.0
Experiment 99644
Epoch 0068 [Test seq (cond on sampled tp)] | Loss 8877.925781 | Likelihood -8895.583008 | KL fp 3.5475 | FP STD 0.0572|
KL coef: 0.44173386145213633
Train loss (one batch): 7971.3818359375
Train CE loss (one batch): 0.0
Test MSE: 0.0178
Poisson likelihood: 0.0
CE loss: 0.0
Experiment 99644
Epoch 0069 [Test seq (cond on sampled tp)] | Loss 8724.730469 | Likelihood -8811.182617 | KL fp 3.5770 | FP STD 0.0558|
KL coef: 0.4473165228376149
Train loss (one batch): 7558.85888671875
Train CE loss (one batch): 0.0
Test MSE: 0.0176
Poisson likelihood: 0.0
CE loss: 0.0
Experiment 99644
Epoch 0070 [Test seq (cond on sampled tp)] | Loss 8856.466797 | Likelihood -8870.659180 | KL fp 3.5990 | FP STD 0.0532|
KL coef: 0.4528433576092388
Train loss (one batch): 7660.3173828125
Train CE loss (one batch): 0.0
Test MSE: 0.0178
Poisson likelihood: 0.0
CE loss: 0.0
Experiment 99644
Epoch 0071 [Test seq (cond on sampled tp)] | Loss 8893.760742 | Likelihood -8931.907227 | KL fp 3.6236 | FP STD 0.0538|
KL coef: 0.45831492403314644
Train loss (one batch): 7687.85888671875
Train CE loss (one batch): 0.0
Test MSE: 0.0179
Poisson likelihood: 0.0
CE loss: 0.0
Experiment 99644
Epoch 0072 [Test seq (cond on sampled tp)] | Loss 8550.970703 | Likelihood -8638.601562 | KL fp 3.6242 | FP STD 0.0531|
KL coef: 0.463731774792815
Train loss (one batch): 7407.7158203125
Train CE loss (one batch): 0.0
Test MSE: 0.0173
Poisson likelihood: 0.0
CE loss: 0.0
Experiment 99644
Epoch 0073 [Test seq (cond on sampled tp)] | Loss 8367.092773 | Likelihood -8442.998047 | KL fp 3.6252 | FP STD 0.0522|
KL coef: 0.46909445704488684
Train loss (one batch): 7302.12060546875
Train CE loss (one batch): 0.0
Test MSE: 0.0169
Poisson likelihood: 0.0
CE loss: 0.0
Experiment 99644
Epoch 0074 [Test seq (cond on sampled tp)] | Loss 8668.423828 | Likelihood -8704.949219 | KL fp 3.6257 | FP STD 0.0522|
KL coef: 0.474403512474438
Train loss (one batch): 7001.71337890625
Train CE loss (one batch): 0.0
Test MSE: 0.0174
Poisson likelihood: 0.0
CE loss: 0.0
Experiment 99644
Epoch 0075 [Test seq (cond on sampled tp)] | Loss 8593.764648 | Likelihood -8637.893555 | KL fp 3.6206 | FP STD 0.0531|
KL coef: 0.4796594773496936
Train loss (one batch): 7030.314453125
Train CE loss (one batch): 0.0
Test MSE: 0.0173
Poisson likelihood: 0.0
CE loss: 0.0
Experiment 99644
Epoch 0076 [Test seq (cond on sampled tp)] | Loss 8572.162109 | Likelihood -8616.432617 | KL fp 3.6846 | FP STD 0.0505|
KL coef: 0.4848628825761967
Train loss (one batch): 7320.11962890625
Train CE loss (one batch): 0.0
Test MSE: 0.0172
Poisson likelihood: 0.0
CE loss: 0.0
Experiment 99644
Epoch 0077 [Test seq (cond on sampled tp)] | Loss 8325.755859 | Likelihood -8409.663086 | KL fp 3.6558 | FP STD 0.0514|
KL coef: 0.4900142537504347
Train loss (one batch): 7119.7666015625
Train CE loss (one batch): 0.0
Test MSE: 0.0168
Poisson likelihood: 0.0
CE loss: 0.0
Experiment 99644
Epoch 0078 [Test seq (cond on sampled tp)] | Loss 8356.784180 | Likelihood -8387.866211 | KL fp 3.6758 | FP STD 0.0513|
KL coef: 0.49511411121293036
Train loss (one batch): 7007.89013671875
Train CE loss (one batch): 0.0
Test MSE: 0.0168
Poisson likelihood: 0.0
CE loss: 0.0
Experiment 99644
Epoch 0079 [Test seq (cond on sampled tp)] | Loss 8397.562500 | Likelihood -8445.252930 | KL fp 3.6359 | FP STD 0.0521|
KL coef: 0.500162970100801
Train loss (one batch): 7091.1103515625
Train CE loss (one batch): 0.0
Test MSE: 0.0169
Poisson likelihood: 0.0
CE loss: 0.0
Experiment 99644
Epoch 0080 [Test seq (cond on sampled tp)] | Loss 8218.436523 | Likelihood -8241.436523 | KL fp 3.6685 | FP STD 0.0513|
KL coef: 0.505161340399793
Train loss (one batch): 7295.7529296875
Train CE loss (one batch): 0.0
Test MSE: 0.0165
Poisson likelihood: 0.0
CE loss: 0.0
Experiment 99644
Epoch 0081 [Test seq (cond on sampled tp)] | Loss 8253.313477 | Likelihood -8274.696289 | KL fp 3.6904 | FP STD 0.0500|
KL coef: 0.510109726995795
Train loss (one batch): 7118.06884765625
Train CE loss (one batch): 0.0
Test MSE: 0.0166
Poisson likelihood: 0.0
CE loss: 0.0
Experiment 99644
Epoch 0082 [Test seq (cond on sampled tp)] | Loss 8239.761719 | Likelihood -8297.491211 | KL fp 3.7117 | FP STD 0.0500|
KL coef: 0.5150086297258372
Train loss (one batch): 6933.11181640625
Train CE loss (one batch): 0.0
Test MSE: 0.0166
Poisson likelihood: 0.0
CE loss: 0.0
Experiment 99644
Epoch 0083 [Test seq (cond on sampled tp)] | Loss 8228.719727 | Likelihood -8251.531250 | KL fp 3.7104 | FP STD 0.0496|
KL coef: 0.5198585434285787
Train loss (one batch): 6986.99072265625
Train CE loss (one batch): 0.0
Test MSE: 0.0165
Poisson likelihood: 0.0
CE loss: 0.0
Experiment 99644
Epoch 0084 [Test seq (cond on sampled tp)] | Loss 7974.475098 | Likelihood -8050.841309 | KL fp 3.7171 | FP STD 0.0487|
KL coef: 0.524659957994293
Train loss (one batch): 6648.10791015625
Train CE loss (one batch): 0.0
Test MSE: 0.0161
Poisson likelihood: 0.0
CE loss: 0.0
Experiment 99644
Epoch 0085 [Test seq (cond on sampled tp)] | Loss 8115.598633 | Likelihood -8115.191406 | KL fp 3.7053 | FP STD 0.0485|
KL coef: 0.5294133584143501
Train loss (one batch): 6808.65771484375
Train CE loss (one batch): 0.0
Test MSE: 0.0162
Poisson likelihood: 0.0
CE loss: 0.0
Experiment 99644
Epoch 0086 [Test seq (cond on sampled tp)] | Loss 8060.224609 | Likelihood -8075.259277 | KL fp 3.7500 | FP STD 0.0477|
KL coef: 0.5341192248302067
Train loss (one batch): 6980.337890625
Train CE loss (one batch): 0.0
Test MSE: 0.0162
Poisson likelihood: 0.0
CE loss: 0.0
Experiment 99644
Epoch 0087 [Test seq (cond on sampled tp)] | Loss 8073.571777 | Likelihood -8111.024902 | KL fp 3.7017 | FP STD 0.0491|
KL coef: 0.5387780325819045
Train loss (one batch): 6943.44482421875
Train CE loss (one batch): 0.0
Test MSE: 0.0162
Poisson likelihood: 0.0
CE loss: 0.0
Experiment 99644
Epoch 0088 [Test seq (cond on sampled tp)] | Loss 8174.647949 | Likelihood -8199.110352 | KL fp 3.6698 | FP STD 0.0486|
KL coef: 0.5433902522560855
Train loss (one batch): 7051.89208984375
Train CE loss (one batch): 0.0
Test MSE: 0.0164
Poisson likelihood: 0.0
CE loss: 0.0
Experiment 99644
Epoch 0089 [Test seq (cond on sampled tp)] | Loss 7856.799805 | Likelihood -7880.919434 | KL fp 3.7290 | FP STD 0.0480|
KL coef: 0.5479563497335247
Train loss (one batch): 6741.39013671875
Train CE loss (one batch): 0.0
Test MSE: 0.0158
Poisson likelihood: 0.0
CE loss: 0.0
Experiment 99644
Epoch 0090 [Test seq (cond on sampled tp)] | Loss 7845.550781 | Likelihood -7888.791016 | KL fp 3.7316 | FP STD 0.0477|
KL coef: 0.5524767862361895
Train loss (one batch): 6549.6787109375
Train CE loss (one batch): 0.0
Test MSE: 0.0158
Poisson likelihood: 0.0
CE loss: 0.0
Experiment 99644
Epoch 0091 [Test seq (cond on sampled tp)] | Loss 7833.979980 | Likelihood -7858.415527 | KL fp 3.7337 | FP STD 0.0471|
KL coef: 0.5569520183738275
Train loss (one batch): 6532.74658203125
Train CE loss (one batch): 0.0
Test MSE: 0.0157
Poisson likelihood: 0.0
CE loss: 0.0
Experiment 99644
Epoch 0092 [Test seq (cond on sampled tp)] | Loss 7971.291992 | Likelihood -8009.804688 | KL fp 3.7734 | FP STD 0.0454|
KL coef: 0.5613824981900892
Train loss (one batch): 6571.04931640625
Train CE loss (one batch): 0.0
Test MSE: 0.0160
Poisson likelihood: 0.0
CE loss: 0.0
Experiment 99644
Epoch 0093 [Test seq (cond on sampled tp)] | Loss 7716.650391 | Likelihood -7743.181152 | KL fp 3.7788 | FP STD 0.0452|
KL coef: 0.5657686732081884
Train loss (one batch): 6405.27978515625
Train CE loss (one batch): 0.0
Test MSE: 0.0155
Poisson likelihood: 0.0
CE loss: 0.0
Experiment 99644
Epoch 0094 [Test seq (cond on sampled tp)] | Loss 7781.332520 | Likelihood -7789.996582 | KL fp 3.7457 | FP STD 0.0460|
KL coef: 0.5701109864761065
Train loss (one batch): 6378.17919921875
Train CE loss (one batch): 0.0
Test MSE: 0.0156
Poisson likelihood: 0.0
CE loss: 0.0
Experiment 99644
Epoch 0095 [Test seq (cond on sampled tp)] | Loss 7859.825195 | Likelihood -7884.500000 | KL fp 3.7827 | FP STD 0.0458|
KL coef: 0.5744098766113455
Train loss (one batch): 6788.29638671875
Train CE loss (one batch): 0.0
Test MSE: 0.0158
Poisson likelihood: 0.0
CE loss: 0.0
Experiment 99644
Epoch 0096 [Test seq (cond on sampled tp)] | Loss 8030.494629 | Likelihood -8057.707031 | KL fp 3.7775 | FP STD 0.0454|
KL coef: 0.578665777845232
Train loss (one batch): 7077.21142578125
Train CE loss (one batch): 0.0
Test MSE: 0.0161
Poisson likelihood: 0.0
CE loss: 0.0
Experiment 99644
Epoch 0097 [Test seq (cond on sampled tp)] | Loss 7560.329590 | Likelihood -7593.562500 | KL fp 3.7795 | FP STD 0.0444|
KL coef: 0.5828791200667797
Train loss (one batch): 6399.0390625
Train CE loss (one batch): 0.0
Test MSE: 0.0152
Poisson likelihood: 0.0
CE loss: 0.0
Experiment 99644
Epoch 0098 [Test seq (cond on sampled tp)] | Loss 7835.716797 | Likelihood -7858.382812 | KL fp 3.7722 | FP STD 0.0448|
KL coef: 0.5870503288661119
Train loss (one batch): 6216.9296875
Train CE loss (one batch): 0.0
Test MSE: 0.0157
Poisson likelihood: 0.0
CE loss: 0.0
Experiment 99644
Epoch 0099 [Test seq (cond on sampled tp)] | Loss 7676.535156 | Likelihood -7717.704590 | KL fp 3.8211 | FP STD 0.0432|
KL coef: 0.5911798255774507
Train loss (one batch): 6486.79443359375
Train CE loss (one batch): 0.0
Test MSE: 0.0154
Poisson likelihood: 0.0
CE loss: 0.0
Experiment 99644
Epoch 0100 [Test seq (cond on sampled tp)] | Loss 7734.118652 | Likelihood -7744.104980 | KL fp 3.8407 | FP STD 0.0427|
KL coef: 0.5952680273216762
Train loss (one batch): 6660.99169921875
Train CE loss (one batch): 0.0
Test MSE: 0.0155
Poisson likelihood: 0.0
CE loss: 0.0
Experiment 99644
Epoch 0101 [Test seq (cond on sampled tp)] | Loss 7526.149902 | Likelihood -7539.745605 | KL fp 3.8111 | FP STD 0.0435|
KL coef: 0.5993153470484595
Train loss (one batch): 6660.07861328125
Train CE loss (one batch): 0.0
Test MSE: 0.0151
Poisson likelihood: 0.0
CE loss: 0.0
Experiment 99644
Epoch 0102 [Test seq (cond on sampled tp)] | Loss 7654.059570 | Likelihood -7669.079590 | KL fp 3.8184 | FP STD 0.0436|
KL coef: 0.6033221935779749
Train loss (one batch): 6213.22509765625
Train CE loss (one batch): 0.0
Test MSE: 0.0154
Poisson likelihood: 0.0
CE loss: 0.0
Experiment 99644
Epoch 0103 [Test seq (cond on sampled tp)] | Loss 7418.423828 | Likelihood -7467.042969 | KL fp 3.8295 | FP STD 0.0425|
KL coef: 0.6072889716421952
Train loss (one batch): 6525.51513671875
Train CE loss (one batch): 0.0
Test MSE: 0.0149
Poisson likelihood: 0.0
CE loss: 0.0
Experiment 99644
Epoch 0104 [Test seq (cond on sampled tp)] | Loss 7578.567871 | Likelihood -7586.143066 | KL fp 3.7826 | FP STD 0.0443|
KL coef: 0.6112160819257733
Train loss (one batch): 6338.4384765625
Train CE loss (one batch): 0.0
Test MSE: 0.0152
Poisson likelihood: 0.0
CE loss: 0.0
Experiment 99644
Epoch 0105 [Test seq (cond on sampled tp)] | Loss 7399.312012 | Likelihood -7419.410156 | KL fp 3.8451 | FP STD 0.0420|
KL coef: 0.6151039211065155
Train loss (one batch): 6159.76123046875
Train CE loss (one batch): 0.0
Test MSE: 0.0149
Poisson likelihood: 0.0
CE loss: 0.0
Experiment 99644
Epoch 0106 [Test seq (cond on sampled tp)] | Loss 7489.752441 | Likelihood -7510.639160 | KL fp 3.8384 | FP STD 0.0416|
KL coef: 0.6189528818954504
Train loss (one batch): 6771.78662109375
Train CE loss (one batch): 0.0
Test MSE: 0.0150
Poisson likelihood: 0.0
CE loss: 0.0
Experiment 99644
Epoch 0107 [Test seq (cond on sampled tp)] | Loss 7533.411133 | Likelihood -7583.100098 | KL fp 3.7779 | FP STD 0.0445|
KL coef: 0.6227633530764958
Train loss (one batch): 6054.12939453125
Train CE loss (one batch): 0.0
Test MSE: 0.0152
Poisson likelihood: 0.0
CE loss: 0.0
Experiment 99644
Epoch 0108 [Test seq (cond on sampled tp)] | Loss 7489.254883 | Likelihood -7507.060059 | KL fp 3.8589 | FP STD 0.0417|
KL coef: 0.6265357195457308
Train loss (one batch): 6205.3486328125
Train CE loss (one batch): 0.0
Test MSE: 0.0150
Poisson likelihood: 0.0
CE loss: 0.0
Experiment 99644
Epoch 0109 [Test seq (cond on sampled tp)] | Loss 7235.909180 | Likelihood -7241.686035 | KL fp 3.8811 | FP STD 0.0397|
KL coef: 0.6302703623502736
Train loss (one batch): 6253.923828125
Train CE loss (one batch): 0.0
Test MSE: 0.0145
Poisson likelihood: 0.0
CE loss: 0.0
Experiment 99644
Epoch 0110 [Test seq (cond on sampled tp)] | Loss 7386.833984 | Likelihood -7403.507324 | KL fp 3.8142 | FP STD 0.0425|
KL coef: 0.6339676587267709
Train loss (one batch): 5896.9521484375
Train CE loss (one batch): 0.0
Test MSE: 0.0148
Poisson likelihood: 0.0
CE loss: 0.0
Experiment 99644
Epoch 0111 [Test seq (cond on sampled tp)] | Loss 7558.493652 | Likelihood -7572.871094 | KL fp 3.8508 | FP STD 0.0419|
KL coef: 0.6376279821395031
Train loss (one batch): 6028.67724609375
Train CE loss (one batch): 0.0
Test MSE: 0.0152
Poisson likelihood: 0.0
CE loss: 0.0
Experiment 99644
Epoch 0112 [Test seq (cond on sampled tp)] | Loss 7233.152832 | Likelihood -7302.771484 | KL fp 3.8926 | FP STD 0.0397|
KL coef: 0.6412517023181081
Train loss (one batch): 6017.67529296875
Train CE loss (one batch): 0.0
Test MSE: 0.0146
Poisson likelihood: 0.0
CE loss: 0.0
Experiment 99644
Epoch 0113 [Test seq (cond on sampled tp)] | Loss 7284.516602 | Likelihood -7301.519531 | KL fp 3.9231 | FP STD 0.0392|
KL coef: 0.644839185294927
Train loss (one batch): 6192.65478515625
Train CE loss (one batch): 0.0
Test MSE: 0.0146
Poisson likelihood: 0.0
CE loss: 0.0
Experiment 99644
Epoch 0114 [Test seq (cond on sampled tp)] | Loss 7503.759277 | Likelihood -7518.173828 | KL fp 3.8719 | FP STD 0.0410|
KL coef: 0.6483907934419777
Train loss (one batch): 5872.072265625
Train CE loss (one batch): 0.0
Test MSE: 0.0150
Poisson likelihood: 0.0
CE loss: 0.0
Experiment 99644
Epoch 0115 [Test seq (cond on sampled tp)] | Loss 7306.416504 | Likelihood -7378.671875 | KL fp 3.9023 | FP STD 0.0396|
KL coef: 0.651906885507558
Train loss (one batch): 6195.6376953125
Train CE loss (one batch): 0.0
Test MSE: 0.0148
Poisson likelihood: 0.0
CE loss: 0.0
Experiment 99644
Epoch 0116 [Test seq (cond on sampled tp)] | Loss 7575.254883 | Likelihood -7578.413574 | KL fp 3.8600 | FP STD 0.0404|
KL coef: 0.6553878166524825
Train loss (one batch): 5888.033203125
Train CE loss (one batch): 0.0
Test MSE: 0.0152
Poisson likelihood: 0.0
CE loss: 0.0
Experiment 99644
Epoch 0117 [Test seq (cond on sampled tp)] | Loss 7164.229004 | Likelihood -7168.770020 | KL fp 3.9122 | FP STD 0.0395|
KL coef: 0.6588339384859576
Train loss (one batch): 5770.09130859375
Train CE loss (one batch): 0.0
Test MSE: 0.0143
Poisson likelihood: 0.0
CE loss: 0.0
Experiment 99644
Epoch 0118 [Test seq (cond on sampled tp)] | Loss 7278.708984 | Likelihood -7292.533691 | KL fp 3.8777 | FP STD 0.0397|
KL coef: 0.662245599101098
Train loss (one batch): 6058.298828125
Train CE loss (one batch): 0.0
Test MSE: 0.0146
Poisson likelihood: 0.0
CE loss: 0.0
Experiment 99644
Epoch 0119 [Test seq (cond on sampled tp)] | Loss 7307.634277 | Likelihood -7349.138184 | KL fp 3.9138 | FP STD 0.0385|
KL coef: 0.665623143110087
Train loss (one batch): 6209.0166015625
Train CE loss (one batch): 0.0
Test MSE: 0.0147
Poisson likelihood: 0.0
CE loss: 0.0
Experiment 99644
Epoch 0120 [Test seq (cond on sampled tp)] | Loss 7422.223145 | Likelihood -7467.300781 | KL fp 3.8737 | FP STD 0.0404|
KL coef: 0.6689669116789861
Train loss (one batch): 5993.98583984375
Train CE loss (one batch): 0.0
Test MSE: 0.0149
Poisson likelihood: 0.0
CE loss: 0.0
Experiment 99644
Epoch 0121 [Test seq (cond on sampled tp)] | Loss 7078.420898 | Likelihood -7161.962402 | KL fp 3.8901 | FP STD 0.0390|
KL coef: 0.6722772425621963
Train loss (one batch): 6068.58740234375
Train CE loss (one batch): 0.0
Test MSE: 0.0143
Poisson likelihood: 0.0
CE loss: 0.0
Experiment 99644
Epoch 0122 [Test seq (cond on sampled tp)] | Loss 7138.312012 | Likelihood -7191.505371 | KL fp 3.9589 | FP STD 0.0385|
KL coef: 0.6755544701365743
Train loss (one batch): 5925.0478515625
Train CE loss (one batch): 0.0
Test MSE: 0.0144
Poisson likelihood: 0.0
CE loss: 0.0
Experiment 99644
Epoch 0123 [Test seq (cond on sampled tp)] | Loss 7276.886719 | Likelihood -7309.767090 | KL fp 3.9007 | FP STD 0.0391|
KL coef: 0.6787989254352086
Train loss (one batch): 5751.8134765625
Train CE loss (one batch): 0.0
Test MSE: 0.0146
Poisson likelihood: 0.0
CE loss: 0.0
Experiment 99644
Epoch 0124 [Test seq (cond on sampled tp)] | Loss 7188.428711 | Likelihood -7192.701660 | KL fp 3.9251 | FP STD 0.0382|
KL coef: 0.6820109361808565
Train loss (one batch): 6131.619140625
Train CE loss (one batch): 0.0
Test MSE: 0.0144
Poisson likelihood: 0.0
CE loss: 0.0
Experiment 99644
Epoch 0125 [Test seq (cond on sampled tp)] | Loss 7125.166016 | Likelihood -7145.794922 | KL fp 3.9393 | FP STD 0.0381|
KL coef: 0.685190826819048
Train loss (one batch): 5917.66552734375
Train CE loss (one batch): 0.0
Test MSE: 0.0143
Poisson likelihood: 0.0
CE loss: 0.0
Experiment 99644
Epoch 0126 [Test seq (cond on sampled tp)] | Loss 7219.680176 | Likelihood -7221.953125 | KL fp 3.8774 | FP STD 0.0394|
KL coef: 0.6883389185508575
Train loss (one batch): 5827.37646484375
Train CE loss (one batch): 0.0
Test MSE: 0.0145
Poisson likelihood: 0.0
CE loss: 0.0
Experiment 99644
Epoch 0127 [Test seq (cond on sampled tp)] | Loss 6910.376465 | Likelihood -6940.597168 | KL fp 3.9846 | FP STD 0.0373|
KL coef: 0.6914555293653489
Train loss (one batch): 5679.16455078125
Train CE loss (one batch): 0.0
Test MSE: 0.0139
Poisson likelihood: 0.0
CE loss: 0.0
Experiment 99644
Epoch 0128 [Test seq (cond on sampled tp)] | Loss 7115.986328 | Likelihood -7152.852051 | KL fp 3.9400 | FP STD 0.0375|
KL coef: 0.6945409740716955
Train loss (one batch): 5762.84619140625
Train CE loss (one batch): 0.0
Test MSE: 0.0143
Poisson likelihood: 0.0
CE loss: 0.0
Experiment 99644
Epoch 0129 [Test seq (cond on sampled tp)] | Loss 7132.500977 | Likelihood -7136.498535 | KL fp 3.9209 | FP STD 0.0375|
KL coef: 0.6975955643309785
Train loss (one batch): 5638.48779296875
Train CE loss (one batch): 0.0
Test MSE: 0.0143
Poisson likelihood: 0.0
CE loss: 0.0
Experiment 99644
Epoch 0130 [Test seq (cond on sampled tp)] | Loss 7099.733887 | Likelihood -7116.356934 | KL fp 3.9904 | FP STD 0.0365|
KL coef: 0.7006196086876687
Train loss (one batch): 5679.978515625
Train CE loss (one batch): 0.0
Test MSE: 0.0142
Poisson likelihood: 0.0
CE loss: 0.0
Experiment 99644
Epoch 0131 [Test seq (cond on sampled tp)] | Loss 6951.869141 | Likelihood -7002.173828 | KL fp 3.9601 | FP STD 0.0376|
KL coef: 0.703613412600792
Train loss (one batch): 5430.27490234375
Train CE loss (one batch): 0.0
Test MSE: 0.0140
Poisson likelihood: 0.0
CE loss: 0.0
Experiment 99644
Epoch 0132 [Test seq (cond on sampled tp)] | Loss 6987.923340 | Likelihood -7029.522949 | KL fp 3.9767 | FP STD 0.0364|
KL coef: 0.7065772784747841
Train loss (one batch): 5885.89111328125
Train CE loss (one batch): 0.0
Test MSE: 0.0141
Poisson likelihood: 0.0
CE loss: 0.0
Experiment 99644
Epoch 0133 [Test seq (cond on sampled tp)] | Loss 6784.648926 | Likelihood -6805.469238 | KL fp 3.9511 | FP STD 0.0369|
KL coef: 0.7095115056900363
Train loss (one batch): 5669.94189453125
Train CE loss (one batch): 0.0
Test MSE: 0.0136
Poisson likelihood: 0.0
CE loss: 0.0
Experiment 99644
Epoch 0134 [Test seq (cond on sampled tp)] | Loss 6870.709473 | Likelihood -6910.472168 | KL fp 4.0424 | FP STD 0.0352|
KL coef: 0.7124163906331359
Train loss (one batch): 5682.01220703125
Train CE loss (one batch): 0.0
Test MSE: 0.0138
Poisson likelihood: 0.0
CE loss: 0.0
Experiment 99644
Epoch 0135 [Test seq (cond on sampled tp)] | Loss 7037.887207 | Likelihood -7049.939453 | KL fp 3.9725 | FP STD 0.0362|
KL coef: 0.7152922267268045
Train loss (one batch): 5513.86962890625
Train CE loss (one batch): 0.0
Test MSE: 0.0141
Poisson likelihood: 0.0
CE loss: 0.0
Experiment 99644
Epoch 0136 [Test seq (cond on sampled tp)] | Loss 7049.641113 | Likelihood -7083.556641 | KL fp 3.9732 | FP STD 0.0355|
KL coef: 0.7181393044595366
Train loss (one batch): 6019.0986328125
Train CE loss (one batch): 0.0
Test MSE: 0.0142
Poisson likelihood: 0.0
CE loss: 0.0
Experiment 99644
Epoch 0137 [Test seq (cond on sampled tp)] | Loss 6836.860840 | Likelihood -6853.130371 | KL fp 4.0034 | FP STD 0.0359|
KL coef: 0.7209579114149411
Train loss (one batch): 5560.64892578125
Train CE loss (one batch): 0.0
Test MSE: 0.0137
Poisson likelihood: 0.0
CE loss: 0.0
Experiment 99644
Epoch 0138 [Test seq (cond on sampled tp)] | Loss 7005.781738 | Likelihood -7019.488770 | KL fp 3.9672 | FP STD 0.0364|
KL coef: 0.7237483323007917
Train loss (one batch): 5756.64599609375
Train CE loss (one batch): 0.0
Test MSE: 0.0141
Poisson likelihood: 0.0
CE loss: 0.0
Experiment 99644
Epoch 0139 [Test seq (cond on sampled tp)] | Loss 6959.374023 | Likelihood -6962.712402 | KL fp 4.0389 | FP STD 0.0351|
KL coef: 0.7265108489777838
Train loss (one batch): 5562.43994140625
Train CE loss (one batch): 0.0
Test MSE: 0.0139
Poisson likelihood: 0.0
CE loss: 0.0
Experiment 99644
Epoch 0140 [Test seq (cond on sampled tp)] | Loss 6896.436035 | Likelihood -6903.526855 | KL fp 4.0200 | FP STD 0.0347|
KL coef: 0.729245740488006
Train loss (one batch): 5801.6962890625
Train CE loss (one batch): 0.0
Test MSE: 0.0138
Poisson likelihood: 0.0
CE loss: 0.0
Experiment 99644
Epoch 0141 [Test seq (cond on sampled tp)] | Loss 6612.699219 | Likelihood -6615.946777 | KL fp 4.0965 | FP STD 0.0331|
KL coef: 0.7319532830831259
Train loss (one batch): 5490.3896484375
Train CE loss (one batch): 0.0
Test MSE: 0.0132
Poisson likelihood: 0.0
CE loss: 0.0
Experiment 99644
Epoch 0142 [Test seq (cond on sampled tp)] | Loss 6839.671387 | Likelihood -6841.501465 | KL fp 4.0185 | FP STD 0.0345|
KL coef: 0.7346337502522946
Train loss (one batch): 5601.234375
Train CE loss (one batch): 0.0
Test MSE: 0.0137
Poisson likelihood: 0.0
CE loss: 0.0
Experiment 99644
Epoch 0143 [Test seq (cond on sampled tp)] | Loss 6812.186523 | Likelihood -6812.278809 | KL fp 3.9968 | FP STD 0.0355|
KL coef: 0.7372874127497717
Train loss (one batch): 5271.05078125
Train CE loss (one batch): 0.0
Test MSE: 0.0136
Poisson likelihood: 0.0
CE loss: 0.0
Experiment 99644
Epoch 0144 [Test seq (cond on sampled tp)] | Loss 6740.045898 | Likelihood -6757.530762 | KL fp 4.0147 | FP STD 0.0349|
KL coef: 0.739914538622274
Train loss (one batch): 5368.7763671875
Train CE loss (one batch): 0.0
Test MSE: 0.0135
Poisson likelihood: 0.0
CE loss: 0.0
Experiment 99644
Epoch 0145 [Test seq (cond on sampled tp)] | Loss 6618.355957 | Likelihood -6622.166016 | KL fp 4.0639 | FP STD 0.0334|
KL coef: 0.7425153932360513
Train loss (one batch): 5717.19873046875
Train CE loss (one batch): 0.0
Test MSE: 0.0133
Poisson likelihood: 0.0
CE loss: 0.0
Experiment 99644
Epoch 0146 [Test seq (cond on sampled tp)] | Loss 6737.605469 | Likelihood -6782.124512 | KL fp 3.9969 | FP STD 0.0355|
KL coef: 0.7450902393036907
Train loss (one batch): 5381.29736328125
Train CE loss (one batch): 0.0
Test MSE: 0.0136
Poisson likelihood: 0.0
CE loss: 0.0
Experiment 99644
Epoch 0147 [Test seq (cond on sampled tp)] | Loss 6627.944824 | Likelihood -6638.091797 | KL fp 4.0710 | FP STD 0.0334|
KL coef: 0.7476393369106538
Train loss (one batch): 5227.91455078125
Train CE loss (one batch): 0.0
Test MSE: 0.0133
Poisson likelihood: 0.0
CE loss: 0.0
Experiment 99644
Epoch 0148 [Test seq (cond on sampled tp)] | Loss 6854.484375 | Likelihood -6856.214844 | KL fp 4.0439 | FP STD 0.0335|
KL coef: 0.7501629435415473
Train loss (one batch): 5304.72607421875
Train CE loss (one batch): 0.0
Test MSE: 0.0137
Poisson likelihood: 0.0
CE loss: 0.0
Experiment 99644
Epoch 0149 [Test seq (cond on sampled tp)] | Loss 6659.874512 | Likelihood -6660.356934 | KL fp 4.0694 | FP STD 0.0336|
KL coef: 0.7526613141061318
Train loss (one batch): 5533.58203125
Train CE loss (one batch): 0.0
Test MSE: 0.0133
Poisson likelihood: 0.0
CE loss: 0.0
Experiment 99644
Epoch 0150 [Test seq (cond on sampled tp)] | Loss 6685.095703 | Likelihood -6692.938965 | KL fp 4.0366 | FP STD 0.0342|
KL coef: 0.7551347009650705
Train loss (one batch): 5580.31787109375
Train CE loss (one batch): 0.0
Test MSE: 0.0134
Poisson likelihood: 0.0
CE loss: 0.0
Experiment 99644
Epoch 0151 [Test seq (cond on sampled tp)] | Loss 6709.248535 | Likelihood -6735.670410 | KL fp 4.0370 | FP STD 0.0340|
KL coef: 0.7575833539554198
Train loss (one batch): 5608.5107421875
Train CE loss (one batch): 0.0
Test MSE: 0.0135
Poisson likelihood: 0.0
CE loss: 0.0
Experiment 99644
Epoch 0152 [Test seq (cond on sampled tp)] | Loss 6673.195801 | Likelihood -6691.273438 | KL fp 4.0618 | FP STD 0.0340|
KL coef: 0.7600075204158656
Train loss (one batch): 5753.13671875
Train CE loss (one batch): 0.0
Test MSE: 0.0134
Poisson likelihood: 0.0
CE loss: 0.0
Experiment 99644
Epoch 0153 [Test seq (cond on sampled tp)] | Loss 6676.018555 | Likelihood -6686.152832 | KL fp 4.0266 | FP STD 0.0333|
KL coef: 0.762407445211707
Train loss (one batch): 5508.28125
Train CE loss (one batch): 0.0
Test MSE: 0.0134
Poisson likelihood: 0.0
CE loss: 0.0
Experiment 99644
Epoch 0154 [Test seq (cond on sampled tp)] | Loss 6772.193848 | Likelihood -6834.849609 | KL fp 4.1034 | FP STD 0.0329|
KL coef: 0.7647833707595899
Train loss (one batch): 5366.150390625
Train CE loss (one batch): 0.0
Test MSE: 0.0137
Poisson likelihood: 0.0
CE loss: 0.0
Experiment 99644
Epoch 0155 [Test seq (cond on sampled tp)] | Loss 6714.004883 | Likelihood -6738.665527 | KL fp 4.0615 | FP STD 0.0328|
KL coef: 0.767135537051994
Train loss (one batch): 5054.46337890625
Train CE loss (one batch): 0.0
Test MSE: 0.0135
Poisson likelihood: 0.0
CE loss: 0.0
Experiment 99644
Epoch 0156 [Test seq (cond on sampled tp)] | Loss 6550.020020 | Likelihood -6563.010254 | KL fp 4.0820 | FP STD 0.0324|
KL coef: 0.769464181681474
Train loss (one batch): 5467.1328125
Train CE loss (one batch): 0.0
Test MSE: 0.0131
Poisson likelihood: 0.0
CE loss: 0.0
Experiment 99644
Epoch 0157 [Test seq (cond on sampled tp)] | Loss 6713.558105 | Likelihood -6714.763184 | KL fp 4.0912 | FP STD 0.0330|
KL coef: 0.7717695398646593
Train loss (one batch): 5289.95458984375
Train CE loss (one batch): 0.0
Test MSE: 0.0134
Poisson likelihood: 0.0
CE loss: 0.0
Experiment 99644
Epoch 0158 [Test seq (cond on sampled tp)] | Loss 6683.875000 | Likelihood -6697.798340 | KL fp 4.1053 | FP STD 0.0320|
KL coef: 0.7740518444660127
Train loss (one batch): 5468.81591796875
Train CE loss (one batch): 0.0
Test MSE: 0.0134
Poisson likelihood: 0.0
CE loss: 0.0
Experiment 99644
Epoch 0159 [Test seq (cond on sampled tp)] | Loss 6521.380371 | Likelihood -6529.048340 | KL fp 4.0535 | FP STD 0.0327|
KL coef: 0.7763113260213526
Train loss (one batch): 5293.7626953125
Train CE loss (one batch): 0.0
Test MSE: 0.0131
Poisson likelihood: 0.0
CE loss: 0.0
Experiment 99644
Epoch 0160 [Test seq (cond on sampled tp)] | Loss 6617.407227 | Likelihood -6637.492188 | KL fp 4.1082 | FP STD 0.0325|
KL coef: 0.7785482127611391
Train loss (one batch): 5454.6220703125
Train CE loss (one batch): 0.0
Test MSE: 0.0133
Poisson likelihood: 0.0
CE loss: 0.0
Experiment 99644
Epoch 0161 [Test seq (cond on sampled tp)] | Loss 6421.465820 | Likelihood -6437.002441 | KL fp 4.0822 | FP STD 0.0323|
KL coef: 0.7807627306335276
Train loss (one batch): 5400.32958984375
Train CE loss (one batch): 0.0
Test MSE: 0.0129
Poisson likelihood: 0.0
CE loss: 0.0
Experiment 99644
Epoch 0162 [Test seq (cond on sampled tp)] | Loss 6652.056152 | Likelihood -6667.506348 | KL fp 4.0724 | FP STD 0.0325|
KL coef: 0.7829551033271924
Train loss (one batch): 5369.1796875
Train CE loss (one batch): 0.0
Test MSE: 0.0133
Poisson likelihood: 0.0
CE loss: 0.0
Experiment 99644
Epoch 0163 [Test seq (cond on sampled tp)] | Loss 6627.968262 | Likelihood -6640.974121 | KL fp 4.1216 | FP STD 0.0320|
KL coef: 0.7851255522939204
Train loss (one batch): 5402.3408203125
Train CE loss (one batch): 0.0
Test MSE: 0.0133
Poisson likelihood: 0.0
CE loss: 0.0
Experiment 99644
Epoch 0164 [Test seq (cond on sampled tp)] | Loss 6630.371094 | Likelihood -6633.480469 | KL fp 4.1149 | FP STD 0.0318|
KL coef: 0.7872742967709813
Train loss (one batch): 5097.7783203125
Train CE loss (one batch): 0.0
Test MSE: 0.0133
Poisson likelihood: 0.0
CE loss: 0.0
Experiment 99644
Epoch 0165 [Test seq (cond on sampled tp)] | Loss 6596.716309 | Likelihood -6638.572754 | KL fp 4.0775 | FP STD 0.0327|
KL coef: 0.7894015538032715
Train loss (one batch): 5062.07275390625
Train CE loss (one batch): 0.0
Test MSE: 0.0133
Poisson likelihood: 0.0
CE loss: 0.0
Experiment 99644
Epoch 0166 [Test seq (cond on sampled tp)] | Loss 6541.021484 | Likelihood -6560.198730 | KL fp 4.1135 | FP STD 0.0308|
KL coef: 0.7915075382652388
Train loss (one batch): 5228.71240234375
Train CE loss (one batch): 0.0
Test MSE: 0.0131
Poisson likelihood: 0.0
CE loss: 0.0
Experiment 99644
Epoch 0167 [Test seq (cond on sampled tp)] | Loss 6404.284180 | Likelihood -6461.726562 | KL fp 4.1797 | FP STD 0.0300|
KL coef: 0.7935924628825863
Train loss (one batch): 5436.1005859375
Train CE loss (one batch): 0.0
Test MSE: 0.0129
Poisson likelihood: 0.0
CE loss: 0.0
Experiment 99644
Epoch 0168 [Test seq (cond on sampled tp)] | Loss 6529.262695 | Likelihood -6557.475098 | KL fp 4.1275 | FP STD 0.0317|
KL coef: 0.7956565382537605
Train loss (one batch): 5601.80517578125
Train CE loss (one batch): 0.0
Test MSE: 0.0131
Poisson likelihood: 0.0
CE loss: 0.0
Experiment 99644
Epoch 0169 [Test seq (cond on sampled tp)] | Loss 6546.841797 | Likelihood -6546.126465 | KL fp 4.1529 | FP STD 0.0303|
KL coef: 0.7976999728712229
Train loss (one batch): 5104.23974609375
Train CE loss (one batch): 0.0
Test MSE: 0.0131
Poisson likelihood: 0.0
CE loss: 0.0
Experiment 99644
Epoch 0170 [Test seq (cond on sampled tp)] | Loss 6355.676758 | Likelihood -6389.392090 | KL fp 4.1647 | FP STD 0.0304|
KL coef: 0.7997229731425107
Train loss (one batch): 5172.94677734375
Train CE loss (one batch): 0.0
Test MSE: 0.0128
Poisson likelihood: 0.0
CE loss: 0.0
Experiment 99644
Epoch 0171 [Test seq (cond on sampled tp)] | Loss 6444.201172 | Likelihood -6471.166504 | KL fp 4.1565 | FP STD 0.0306|
KL coef: 0.8017257434110856
Train loss (one batch): 5485.2490234375
Train CE loss (one batch): 0.0
Test MSE: 0.0130
Poisson likelihood: 0.0
CE loss: 0.0
Experiment 99644
Epoch 0172 [Test seq (cond on sampled tp)] | Loss 6475.859375 | Likelihood -6503.796387 | KL fp 4.1691 | FP STD 0.0303|
KL coef: 0.8037084859769748
Train loss (one batch): 5384.966796875
Train CE loss (one batch): 0.0
Test MSE: 0.0130
Poisson likelihood: 0.0
CE loss: 0.0
Experiment 99644
Epoch 0173 [Test seq (cond on sampled tp)] | Loss 6424.781738 | Likelihood -6437.859375 | KL fp 4.1240 | FP STD 0.0306|
KL coef: 0.805671401117205
Train loss (one batch): 5312.16845703125
Train CE loss (one batch): 0.0
Test MSE: 0.0129
Poisson likelihood: 0.0
CE loss: 0.0
Experiment 99644
Epoch 0174 [Test seq (cond on sampled tp)] | Loss 6325.801270 | Likelihood -6340.658691 | KL fp 4.1930 | FP STD 0.0289|
KL coef: 0.8076146871060329
Train loss (one batch): 5275.2587890625
Train CE loss (one batch): 0.0
Test MSE: 0.0127
Poisson likelihood: 0.0
CE loss: 0.0
Experiment 99644
Epoch 0175 [Test seq (cond on sampled tp)] | Loss 6524.201172 | Likelihood -6526.903809 | KL fp 4.1683 | FP STD 0.0300|
KL coef: 0.8095385402349726
Train loss (one batch): 5145.37353515625
Train CE loss (one batch): 0.0
Test MSE: 0.0131
Poisson likelihood: 0.0
CE loss: 0.0
Experiment 99644
Epoch 0176 [Test seq (cond on sampled tp)] | Loss 6368.509766 | Likelihood -6386.730957 | KL fp 4.1304 | FP STD 0.0310|
KL coef: 0.8114431548326229
Train loss (one batch): 5417.8876953125
Train CE loss (one batch): 0.0
Test MSE: 0.0128
Poisson likelihood: 0.0
CE loss: 0.0
Experiment 99644
Epoch 0177 [Test seq (cond on sampled tp)] | Loss 6445.749023 | Likelihood -6459.354004 | KL fp 4.1416 | FP STD 0.0311|
KL coef: 0.8133287232842966
Train loss (one batch): 4968.884765625
Train CE loss (one batch): 0.0
Test MSE: 0.0129
Poisson likelihood: 0.0
CE loss: 0.0
Experiment 99644
Epoch 0178 [Test seq (cond on sampled tp)] | Loss 6413.130371 | Likelihood -6442.039062 | KL fp 4.1550 | FP STD 0.0294|
KL coef: 0.8151954360514537
Train loss (one batch): 5017.30908203125
Train CE loss (one batch): 0.0
Test MSE: 0.0129
Poisson likelihood: 0.0
CE loss: 0.0
Experiment 99644
Epoch 0179 [Test seq (cond on sampled tp)] | Loss 6345.151367 | Likelihood -6378.452637 | KL fp 4.1821 | FP STD 0.0297|
KL coef: 0.8170434816909391
Train loss (one batch): 5167.78955078125
Train CE loss (one batch): 0.0
Test MSE: 0.0128
Poisson likelihood: 0.0
CE loss: 0.0
Experiment 99644
Epoch 0180 [Test seq (cond on sampled tp)] | Loss 6412.899902 | Likelihood -6414.444824 | KL fp 4.1785 | FP STD 0.0295|
KL coef: 0.8188730468740297
Train loss (one batch): 5176.94921875
Train CE loss (one batch): 0.0
Test MSE: 0.0128
Poisson likelihood: 0.0
CE loss: 0.0
Experiment 99644
Epoch 0181 [Test seq (cond on sampled tp)] | Loss 6391.036133 | Likelihood -6394.726562 | KL fp 4.2067 | FP STD 0.0285|
KL coef: 0.8206843164052895
Train loss (one batch): 5197.95751953125
Train CE loss (one batch): 0.0
Test MSE: 0.0128
Poisson likelihood: 0.0
CE loss: 0.0
Experiment 99644
Epoch 0182 [Test seq (cond on sampled tp)] | Loss 6225.653320 | Likelihood -6263.970215 | KL fp 4.1921 | FP STD 0.0298|
KL coef: 0.8224774732412365
Train loss (one batch): 5152.365234375
Train CE loss (one batch): 0.0
Test MSE: 0.0125
Poisson likelihood: 0.0
CE loss: 0.0
Experiment 99644
Epoch 0183 [Test seq (cond on sampled tp)] | Loss 6333.993652 | Likelihood -6352.060059 | KL fp 4.1602 | FP STD 0.0289|
KL coef: 0.8242526985088242
Train loss (one batch): 5119.56201171875
Train CE loss (one batch): 0.0
Test MSE: 0.0127
Poisson likelihood: 0.0
CE loss: 0.0
Experiment 99644
Epoch 0184 [Test seq (cond on sampled tp)] | Loss 6247.666504 | Likelihood -6275.500000 | KL fp 4.1875 | FP STD 0.0289|
KL coef: 0.826010171523736
Train loss (one batch): 5272.03271484375
Train CE loss (one batch): 0.0
Test MSE: 0.0126
Poisson likelihood: 0.0
CE loss: 0.0
Experiment 99644
Epoch 0185 [Test seq (cond on sampled tp)] | Loss 6193.813965 | Likelihood -6208.214844 | KL fp 4.1821 | FP STD 0.0291|
KL coef: 0.8277500698084986
Train loss (one batch): 4910.8408203125
Train CE loss (one batch): 0.0
Test MSE: 0.0124
Poisson likelihood: 0.0
CE loss: 0.0
Experiment 99644
Epoch 0186 [Test seq (cond on sampled tp)] | Loss 6287.066406 | Likelihood -6302.808594 | KL fp 4.2326 | FP STD 0.0272|
KL coef: 0.8294725691104137
Train loss (one batch): 5016.05615234375
Train CE loss (one batch): 0.0
Test MSE: 0.0126
Poisson likelihood: 0.0
CE loss: 0.0
Experiment 99644
Epoch 0187 [Test seq (cond on sampled tp)] | Loss 6260.173828 | Likelihood -6283.488770 | KL fp 4.1873 | FP STD 0.0289|
KL coef: 0.8311778434193096
Train loss (one batch): 5011.74609375
Train CE loss (one batch): 0.0
Test MSE: 0.0126
Poisson likelihood: 0.0
CE loss: 0.0
Experiment 99644
Epoch 0188 [Test seq (cond on sampled tp)] | Loss 6255.030273 | Likelihood -6273.344238 | KL fp 4.1816 | FP STD 0.0287|
KL coef: 0.8328660649851164
Train loss (one batch): 5320.25927734375
Train CE loss (one batch): 0.0
Test MSE: 0.0126
Poisson likelihood: 0.0
CE loss: 0.0
Experiment 99644
Epoch 0189 [Test seq (cond on sampled tp)] | Loss 6084.206543 | Likelihood -6089.429688 | KL fp 4.2483 | FP STD 0.0277|
KL coef: 0.8345374043352652
Train loss (one batch): 5291.4189453125
Train CE loss (one batch): 0.0
Test MSE: 0.0122
Poisson likelihood: 0.0
CE loss: 0.0
Experiment 99644
Epoch 0190 [Test seq (cond on sampled tp)] | Loss 6184.315918 | Likelihood -6201.107910 | KL fp 4.1970 | FP STD 0.0278|
KL coef: 0.8361920302919126
Train loss (one batch): 4754.52685546875
Train CE loss (one batch): 0.0
Test MSE: 0.0124
Poisson likelihood: 0.0
CE loss: 0.0
Experiment 99644
Epoch 0191 [Test seq (cond on sampled tp)] | Loss 6304.910645 | Likelihood -6330.441406 | KL fp 4.1739 | FP STD 0.0290|
KL coef: 0.8378301099889934
Train loss (one batch): 5182.3076171875
Train CE loss (one batch): 0.0
Test MSE: 0.0127
Poisson likelihood: 0.0
CE loss: 0.0
Experiment 99644
Epoch 0192 [Test seq (cond on sampled tp)] | Loss 6163.398438 | Likelihood -6190.888672 | KL fp 4.1701 | FP STD 0.0286|
KL coef: 0.8394518088891035
Train loss (one batch): 4791.80419921875
Train CE loss (one batch): 0.0
Test MSE: 0.0124
Poisson likelihood: 0.0
CE loss: 0.0
Experiment 99644
Epoch 0193 [Test seq (cond on sampled tp)] | Loss 6114.419922 | Likelihood -6136.494629 | KL fp 4.2173 | FP STD 0.0276|
KL coef: 0.8410572908002125
Train loss (one batch): 4658.8447265625
Train CE loss (one batch): 0.0
Test MSE: 0.0123
Poisson likelihood: 0.0
CE loss: 0.0
Experiment 99644
Epoch 0194 [Test seq (cond on sampled tp)] | Loss 6137.092285 | Likelihood -6165.037598 | KL fp 4.2396 | FP STD 0.0274|
KL coef: 0.8426467178922104
Train loss (one batch): 4957.36083984375
Train CE loss (one batch): 0.0
Test MSE: 0.0123
Poisson likelihood: 0.0
CE loss: 0.0
Experiment 99644
Epoch 0195 [Test seq (cond on sampled tp)] | Loss 6175.670410 | Likelihood -6189.494629 | KL fp 4.1976 | FP STD 0.0283|
KL coef: 0.8442202507132883
Train loss (one batch): 4776.44677734375
Train CE loss (one batch): 0.0
Test MSE: 0.0124
Poisson likelihood: 0.0
CE loss: 0.0
Experiment 99644
Epoch 0196 [Test seq (cond on sampled tp)] | Loss 6275.294922 | Likelihood -6291.410645 | KL fp 4.2090 | FP STD 0.0278|
KL coef: 0.8457780482061554
Train loss (one batch): 5013.92724609375
Train CE loss (one batch): 0.0
Test MSE: 0.0126
Poisson likelihood: 0.0
CE loss: 0.0
Experiment 99644
Epoch 0197 [Test seq (cond on sampled tp)] | Loss 6034.766602 | Likelihood -6050.555176 | KL fp 4.2144 | FP STD 0.0277|
KL coef: 0.8473202677240939
Train loss (one batch): 4723.06591796875
Train CE loss (one batch): 0.0
Test MSE: 0.0121
Poisson likelihood: 0.0
CE loss: 0.0
Experiment 99644
Epoch 0198 [Test seq (cond on sampled tp)] | Loss 6082.690430 | Likelihood -6111.279785 | KL fp 4.1968 | FP STD 0.0279|
KL coef: 0.8488470650468529
Train loss (one batch): 5052.5068359375
Train CE loss (one batch): 0.0
Test MSE: 0.0122
Poisson likelihood: 0.0
CE loss: 0.0
Experiment 99644
Epoch 0199 [Test seq (cond on sampled tp)] | Loss 6012.891602 | Likelihood -6032.949219 | KL fp 4.2274 | FP STD 0.0269|
KL coef: 0.8503585943963844
Train loss (one batch): 4906.2880859375
Train CE loss (one batch): 0.0
Test MSE: 0.0121
Poisson likelihood: 0.0
CE loss: 0.0
Experiment 99644
Epoch 0200 [Test seq (cond on sampled tp)] | Loss 6069.149414 | Likelihood -6108.531738 | KL fp 4.2386 | FP STD 0.0269|
KL coef: 0.8518550084524206
Train loss (one batch): 5123.271484375
Train CE loss (one batch): 0.0
Test MSE: 0.0122
Poisson likelihood: 0.0
CE loss: 0.0
Experiment 99644
Epoch 0201 [Test seq (cond on sampled tp)] | Loss 6109.995605 | Likelihood -6118.623047 | KL fp 4.2509 | FP STD 0.0271|
KL coef: 0.8533364583678963
Train loss (one batch): 5185.33203125
Train CE loss (one batch): 0.0
Test MSE: 0.0122
Poisson likelihood: 0.0
CE loss: 0.0
Experiment 99644
Epoch 0202 [Test seq (cond on sampled tp)] | Loss 6118.843262 | Likelihood -6132.704590 | KL fp 4.2269 | FP STD 0.0272|
KL coef: 0.8548030937842174
Train loss (one batch): 4803.8037109375
Train CE loss (one batch): 0.0
Test MSE: 0.0123
Poisson likelihood: 0.0
CE loss: 0.0
Experiment 99644
Epoch 0203 [Test seq (cond on sampled tp)] | Loss 6035.266602 | Likelihood -6053.962402 | KL fp 4.2794 | FP STD 0.0267|
KL coef: 0.8562550628463752
Train loss (one batch): 4916.103515625
Train CE loss (one batch): 0.0
Test MSE: 0.0121
Poisson likelihood: 0.0
CE loss: 0.0
Experiment 99644
Epoch 0204 [Test seq (cond on sampled tp)] | Loss 5974.460938 | Likelihood -5999.975098 | KL fp 4.2059 | FP STD 0.0272|
KL coef: 0.8576925122179114
Train loss (one batch): 4751.876953125
Train CE loss (one batch): 0.0
Test MSE: 0.0120
Poisson likelihood: 0.0
CE loss: 0.0
Experiment 99644
Epoch 0205 [Test seq (cond on sampled tp)] | Loss 6041.624023 | Likelihood -6055.320801 | KL fp 4.2510 | FP STD 0.0273|
KL coef: 0.8591155870957323
Train loss (one batch): 4987.06591796875
Train CE loss (one batch): 0.0
Test MSE: 0.0121
Poisson likelihood: 0.0
CE loss: 0.0
Experiment 99644
Epoch 0206 [Test seq (cond on sampled tp)] | Loss 6164.427246 | Likelihood -6163.509277 | KL fp 4.1893 | FP STD 0.0277|
KL coef: 0.8605244312247751
Train loss (one batch): 4669.50830078125
Train CE loss (one batch): 0.0
Test MSE: 0.0123
Poisson likelihood: 0.0
CE loss: 0.0
Experiment 99644
Epoch 0207 [Test seq (cond on sampled tp)] | Loss 6042.063965 | Likelihood -6059.976562 | KL fp 4.2426 | FP STD 0.0267|
KL coef: 0.8619191869125272
Train loss (one batch): 4846.154296875
Train CE loss (one batch): 0.0
Test MSE: 0.0121
Poisson likelihood: 0.0
CE loss: 0.0
Experiment 99644
Epoch 0208 [Test seq (cond on sampled tp)] | Loss 5893.639160 | Likelihood -5904.145996 | KL fp 4.2398 | FP STD 0.0269|
KL coef: 0.8632999950434019
Train loss (one batch): 4766.74658203125
Train CE loss (one batch): 0.0
Test MSE: 0.0118
Poisson likelihood: 0.0
CE loss: 0.0
Experiment 99644
Epoch 0209 [Test seq (cond on sampled tp)] | Loss 5800.712402 | Likelihood -5834.834473 | KL fp 4.2786 | FP STD 0.0261|
KL coef: 0.864666995092968
Train loss (one batch): 4670.16455078125
Train CE loss (one batch): 0.0
Test MSE: 0.0117
Poisson likelihood: 0.0
CE loss: 0.0
Experiment 99644
Epoch 0210 [Test seq (cond on sampled tp)] | Loss 6100.356445 | Likelihood -6126.330078 | KL fp 4.2984 | FP STD 0.0251|
KL coef: 0.8660203251420383
Train loss (one batch): 4553.90625
Train CE loss (one batch): 0.0
Test MSE: 0.0123
Poisson likelihood: 0.0
CE loss: 0.0
Experiment 99644
Epoch 0211 [Test seq (cond on sampled tp)] | Loss 5861.160645 | Likelihood -5878.412109 | KL fp 4.2990 | FP STD 0.0248|
KL coef: 0.867360121890618
Train loss (one batch): 4692.45751953125
Train CE loss (one batch): 0.0
Test MSE: 0.0118
Poisson likelihood: 0.0
CE loss: 0.0
Experiment 99644
Epoch 0212 [Test seq (cond on sampled tp)] | Loss 6012.135254 | Likelihood -6035.008301 | KL fp 4.2803 | FP STD 0.0261|
KL coef: 0.8686865206717117
Train loss (one batch): 4621.48583984375
Train CE loss (one batch): 0.0
Test MSE: 0.0121
Poisson likelihood: 0.0
CE loss: 0.0
Experiment 99644
Epoch 0213 [Test seq (cond on sampled tp)] | Loss 6048.420410 | Likelihood -6051.554688 | KL fp 4.2541 | FP STD 0.0261|
KL coef: 0.8699996554649946
Train loss (one batch): 4685.2587890625
Train CE loss (one batch): 0.0
Test MSE: 0.0121
Poisson likelihood: 0.0
CE loss: 0.0
Experiment 99644
Epoch 0214 [Test seq (cond on sampled tp)] | Loss 5881.591309 | Likelihood -5885.495605 | KL fp 4.2372 | FP STD 0.0265|
KL coef: 0.8712996589103447
Train loss (one batch): 5268.0068359375
Train CE loss (one batch): 0.0
Test MSE: 0.0118
Poisson likelihood: 0.0
CE loss: 0.0
Experiment 99644
Epoch 0215 [Test seq (cond on sampled tp)] | Loss 5840.632324 | Likelihood -5871.123047 | KL fp 4.2831 | FP STD 0.0254|
KL coef: 0.8725866623212413
Train loss (one batch): 4772.94091796875
Train CE loss (one batch): 0.0
Test MSE: 0.0118
Poisson likelihood: 0.0
CE loss: 0.0
Experiment 99644
Epoch 0216 [Test seq (cond on sampled tp)] | Loss 5775.011230 | Likelihood -5803.394043 | KL fp 4.3038 | FP STD 0.0251|
KL coef: 0.8738607956980289
Train loss (one batch): 4865.4306640625
Train CE loss (one batch): 0.0
Test MSE: 0.0116
Poisson likelihood: 0.0
CE loss: 0.0
Experiment 99644
Epoch 0217 [Test seq (cond on sampled tp)] | Loss 5838.595215 | Likelihood -5851.232422 | KL fp 4.2834 | FP STD 0.0258|
KL coef: 0.8751221877410486
Train loss (one batch): 4667.59716796875
Train CE loss (one batch): 0.0
Test MSE: 0.0117
Poisson likelihood: 0.0
CE loss: 0.0
Experiment 99644
Epoch 0218 [Test seq (cond on sampled tp)] | Loss 5807.461426 | Likelihood -5812.273438 | KL fp 4.3331 | FP STD 0.0250|
KL coef: 0.876370965863638
Train loss (one batch): 4565.64208984375
Train CE loss (one batch): 0.0
Test MSE: 0.0116
Poisson likelihood: 0.0
CE loss: 0.0
Experiment 99644
Epoch 0219 [Test seq (cond on sampled tp)] | Loss 5770.873535 | Likelihood -5803.557129 | KL fp 4.3220 | FP STD 0.0244|
KL coef: 0.8776072562050017
Train loss (one batch): 4696.02734375
Train CE loss (one batch): 0.0
Test MSE: 0.0116
Poisson likelihood: 0.0
CE loss: 0.0
Experiment 99644
Epoch 0220 [Test seq (cond on sampled tp)] | Loss 5854.568359 | Likelihood -5878.505859 | KL fp 4.2872 | FP STD 0.0256|
KL coef: 0.8788311836429517
Train loss (one batch): 4547.57275390625
Train CE loss (one batch): 0.0
Test MSE: 0.0118
Poisson likelihood: 0.0
CE loss: 0.0
Experiment 99644
Epoch 0221 [Test seq (cond on sampled tp)] | Loss 5729.236328 | Likelihood -5744.996582 | KL fp 4.3245 | FP STD 0.0245|
KL coef: 0.8800428718065221
Train loss (one batch): 4483.5439453125
Train CE loss (one batch): 0.0
Test MSE: 0.0115
Poisson likelihood: 0.0
CE loss: 0.0
Experiment 99644
Epoch 0222 [Test seq (cond on sampled tp)] | Loss 5897.613770 | Likelihood -5925.371582 | KL fp 4.3169 | FP STD 0.0243|
KL coef: 0.8812424430884569
Train loss (one batch): 4579.26806640625
Train CE loss (one batch): 0.0
Test MSE: 0.0119
Poisson likelihood: 0.0
CE loss: 0.0
Experiment 99644
Epoch 0223 [Test seq (cond on sampled tp)] | Loss 5890.411133 | Likelihood -5906.936035 | KL fp 4.3075 | FP STD 0.0247|
KL coef: 0.8824300186575723
Train loss (one batch): 4813.7744140625
Train CE loss (one batch): 0.0
Test MSE: 0.0118
Poisson likelihood: 0.0
CE loss: 0.0
Experiment 99644
Epoch 0224 [Test seq (cond on sampled tp)] | Loss 5867.398438 | Likelihood -5904.679688 | KL fp 4.2606 | FP STD 0.0249|
KL coef: 0.8836057184709967
Train loss (one batch): 4834.4638671875
Train CE loss (one batch): 0.0
Test MSE: 0.0118
Poisson likelihood: 0.0
CE loss: 0.0
Experiment 99644
Epoch 0225 [Test seq (cond on sampled tp)] | Loss 5810.638184 | Likelihood -5816.605469 | KL fp 4.3500 | FP STD 0.0240|
KL coef: 0.8847696612862866
Train loss (one batch): 4554.4912109375
Train CE loss (one batch): 0.0
Test MSE: 0.0116
Poisson likelihood: 0.0
CE loss: 0.0
Experiment 99644
Epoch 0226 [Test seq (cond on sampled tp)] | Loss 5780.843262 | Likelihood -5796.578613 | KL fp 4.3697 | FP STD 0.0240|
KL coef: 0.8859219646734238
Train loss (one batch): 4763.404296875
Train CE loss (one batch): 0.0
Test MSE: 0.0116
Poisson likelihood: 0.0
CE loss: 0.0
Experiment 99644
Epoch 0227 [Test seq (cond on sampled tp)] | Loss 5685.319336 | Likelihood -5691.335449 | KL fp 4.3482 | FP STD 0.0237|
KL coef: 0.8870627450266896
Train loss (one batch): 4520.27001953125
Train CE loss (one batch): 0.0
Test MSE: 0.0114
Poisson likelihood: 0.0
CE loss: 0.0
Experiment 99644
Epoch 0228 [Test seq (cond on sampled tp)] | Loss 5775.918457 | Likelihood -5791.069824 | KL fp 4.3441 | FP STD 0.0241|
KL coef: 0.8881921175764227
Train loss (one batch): 4511.4697265625
Train CE loss (one batch): 0.0
Test MSE: 0.0116
Poisson likelihood: 0.0
CE loss: 0.0
Experiment 99644
Epoch 0229 [Test seq (cond on sampled tp)] | Loss 5730.561523 | Likelihood -5742.829590 | KL fp 4.2756 | FP STD 0.0253|
KL coef: 0.8893101964006584
Train loss (one batch): 4536.658203125
Train CE loss (one batch): 0.0
Test MSE: 0.0115
Poisson likelihood: 0.0
CE loss: 0.0
Experiment 99644
Epoch 0230 [Test seq (cond on sampled tp)] | Loss 5754.710938 | Likelihood -5770.675781 | KL fp 4.3510 | FP STD 0.0242|
KL coef: 0.8904170944366518
Train loss (one batch): 4667.26708984375
Train CE loss (one batch): 0.0
Test MSE: 0.0116
Poisson likelihood: 0.0
CE loss: 0.0
Experiment 99644
Epoch 0231 [Test seq (cond on sampled tp)] | Loss 5766.398438 | Likelihood -5769.912598 | KL fp 4.2832 | FP STD 0.0248|
KL coef: 0.8915129234922854
Train loss (one batch): 4490.59228515625
Train CE loss (one batch): 0.0
Test MSE: 0.0116
Poisson likelihood: 0.0
CE loss: 0.0
Experiment 99644
Epoch 0232 [Test seq (cond on sampled tp)] | Loss 5550.737305 | Likelihood -5558.003906 | KL fp 4.3903 | FP STD 0.0229|
KL coef: 0.8925977942573625
Train loss (one batch): 4416.23291015625
Train CE loss (one batch): 0.0
Test MSE: 0.0111
Poisson likelihood: 0.0
CE loss: 0.0
Experiment 99644
Epoch 0233 [Test seq (cond on sampled tp)] | Loss 5798.841797 | Likelihood -5799.707031 | KL fp 4.3297 | FP STD 0.0245|
KL coef: 0.8936718163147889
Train loss (one batch): 4436.96484375
Train CE loss (one batch): 0.0
Test MSE: 0.0116
Poisson likelihood: 0.0
CE loss: 0.0
Experiment 99644
Epoch 0234 [Test seq (cond on sampled tp)] | Loss 5683.847656 | Likelihood -5704.730469 | KL fp 4.3445 | FP STD 0.0232|
KL coef: 0.894735098151641
Train loss (one batch): 4092.723388671875
Train CE loss (one batch): 0.0
Test MSE: 0.0114
Poisson likelihood: 0.0
CE loss: 0.0
Experiment 99644
Epoch 0235 [Test seq (cond on sampled tp)] | Loss 5625.569336 | Likelihood -5632.403809 | KL fp 4.3452 | FP STD 0.0232|
KL coef: 0.8957877471701245
Train loss (one batch): 4371.96435546875
Train CE loss (one batch): 0.0
Test MSE: 0.0113
Poisson likelihood: 0.0
CE loss: 0.0
Experiment 99644
Epoch 0236 [Test seq (cond on sampled tp)] | Loss 5786.004883 | Likelihood -5788.600098 | KL fp 4.3298 | FP STD 0.0235|
KL coef: 0.8968298696984233
Train loss (one batch): 4621.3623046875
Train CE loss (one batch): 0.0
Test MSE: 0.0116
Poisson likelihood: 0.0
CE loss: 0.0
Experiment 99644
Epoch 0237 [Test seq (cond on sampled tp)] | Loss 5610.892090 | Likelihood -5610.228027 | KL fp 4.3313 | FP STD 0.0236|
KL coef: 0.897861571001439
Train loss (one batch): 4551.4873046875
Train CE loss (one batch): 0.0
Test MSE: 0.0112
Poisson likelihood: 0.0
CE loss: 0.0
Experiment 99644
Epoch 0238 [Test seq (cond on sampled tp)] | Loss 5687.770020 | Likelihood -5694.371094 | KL fp 4.3083 | FP STD 0.0236|
KL coef: 0.8988829552914247
Train loss (one batch): 4585.90185546875
Train CE loss (one batch): 0.0
Test MSE: 0.0114
Poisson likelihood: 0.0
CE loss: 0.0
Experiment 99644
Epoch 0239 [Test seq (cond on sampled tp)] | Loss 5709.009277 | Likelihood -5721.390137 | KL fp 4.3592 | FP STD 0.0236|
KL coef: 0.8998941257385105
Train loss (one batch): 4619.98583984375
Train CE loss (one batch): 0.0
Test MSE: 0.0115
Poisson likelihood: 0.0
CE loss: 0.0
Experiment 99644
Epoch 0240 [Test seq (cond on sampled tp)] | Loss 5680.710938 | Likelihood -5690.225098 | KL fp 4.3801 | FP STD 0.0228|
KL coef: 0.9008951844811254
Train loss (one batch): 4353.79443359375
Train CE loss (one batch): 0.0
Test MSE: 0.0114
Poisson likelihood: 0.0
CE loss: 0.0
Experiment 99644
Epoch 0241 [Test seq (cond on sampled tp)] | Loss 5599.248535 | Likelihood -5597.009277 | KL fp 4.3677 | FP STD 0.0225|
KL coef: 0.9018862326363141
Train loss (one batch): 4446.4482421875
Train CE loss (one batch): 0.0
Test MSE: 0.0112
Poisson likelihood: 0.0
CE loss: 0.0
Experiment 99644
Epoch 0242 [Test seq (cond on sampled tp)] | Loss 5496.416016 | Likelihood -5515.218262 | KL fp 4.3324 | FP STD 0.0234|
KL coef: 0.902867370309951
Train loss (one batch): 4437.87255859375
Train CE loss (one batch): 0.0
Test MSE: 0.0110
Poisson likelihood: 0.0
CE loss: 0.0
Experiment 99644
Epoch 0243 [Test seq (cond on sampled tp)] | Loss 5494.263184 | Likelihood -5514.915527 | KL fp 4.3330 | FP STD 0.0235|
KL coef: 0.9038386966068515
Train loss (one batch): 4440.74462890625
Train CE loss (one batch): 0.0
Test MSE: 0.0110
Poisson likelihood: 0.0
CE loss: 0.0
Experiment 99644
Epoch 0244 [Test seq (cond on sampled tp)] | Loss 5588.621582 | Likelihood -5587.495605 | KL fp 4.3758 | FP STD 0.0226|
KL coef: 0.904800309640783
Train loss (one batch): 4500.6103515625
Train CE loss (one batch): 0.0
Test MSE: 0.0112
Poisson likelihood: 0.0
CE loss: 0.0
Experiment 99644
Epoch 0245 [Test seq (cond on sampled tp)] | Loss 5485.790039 | Likelihood -5503.646973 | KL fp 4.3686 | FP STD 0.0226|
KL coef: 0.9057523065443751
Train loss (one batch): 4400.57470703125
Train CE loss (one batch): 0.0
Test MSE: 0.0110
Poisson likelihood: 0.0
CE loss: 0.0
Experiment 99644
Epoch 0246 [Test seq (cond on sampled tp)] | Loss 5597.553223 | Likelihood -5595.837891 | KL fp 4.3629 | FP STD 0.0227|
KL coef: 0.9066947834789314
Train loss (one batch): 4292.24365234375
Train CE loss (one batch): 0.0
Test MSE: 0.0112
Poisson likelihood: 0.0
CE loss: 0.0
Experiment 99644
Epoch 0247 [Test seq (cond on sampled tp)] | Loss 5533.762695 | Likelihood -5538.648926 | KL fp 4.3756 | FP STD 0.0227|
KL coef: 0.9076278356441421
Train loss (one batch): 4522.68212890625
Train CE loss (one batch): 0.0
Test MSE: 0.0111
Poisson likelihood: 0.0
CE loss: 0.0
Experiment 99644
Epoch 0248 [Test seq (cond on sampled tp)] | Loss 5574.834961 | Likelihood -5592.843750 | KL fp 4.3963 | FP STD 0.0223|
KL coef: 0.9085515572877007
Train loss (one batch): 4306.72314453125
Train CE loss (one batch): 0.0
Test MSE: 0.0112
Poisson likelihood: 0.0
CE loss: 0.0
Experiment 99644
Epoch 0249 [Test seq (cond on sampled tp)] | Loss 5506.704102 | Likelihood -5547.239746 | KL fp 4.3617 | FP STD 0.0228|
KL coef: 0.9094660417148236
Train loss (one batch): 4336.9228515625
Train CE loss (one batch): 0.0
Test MSE: 0.0111
Poisson likelihood: 0.0
CE loss: 0.0
Experiment 99644
Epoch 0250 [Test seq (cond on sampled tp)] | Loss 5322.996094 | Likelihood -5333.946777 | KL fp 4.3749 | FP STD 0.0226|
KL coef: 0.9103713812976754
Train loss (one batch): 4223.1748046875
Train CE loss (one batch): 0.0
Test MSE: 0.0107
Poisson likelihood: 0.0
CE loss: 0.0
Experiment 99644
Epoch 0251 [Test seq (cond on sampled tp)] | Loss 5556.341797 | Likelihood -5557.773438 | KL fp 4.4243 | FP STD 0.0218|
KL coef: 0.9112676674846987
Train loss (one batch): 4349.47021484375
Train CE loss (one batch): 0.0
Test MSE: 0.0111
Poisson likelihood: 0.0
CE loss: 0.0
Experiment 99644
Epoch 0252 [Test seq (cond on sampled tp)] | Loss 5614.061035 | Likelihood -5628.162109 | KL fp 4.3921 | FP STD 0.0225|
KL coef: 0.9121549908098516
Train loss (one batch): 4231.52392578125
Train CE loss (one batch): 0.0
Test MSE: 0.0113
Poisson likelihood: 0.0
CE loss: 0.0
Experiment 99644
Epoch 0253 [Test seq (cond on sampled tp)] | Loss 5527.476074 | Likelihood -5535.121582 | KL fp 4.4067 | FP STD 0.0219|
KL coef: 0.9130334409017531
Train loss (one batch): 4349.5546875
Train CE loss (one batch): 0.0
Test MSE: 0.0111
Poisson likelihood: 0.0
CE loss: 0.0
Experiment 99644
Epoch 0254 [Test seq (cond on sampled tp)] | Loss 5589.287598 | Likelihood -5605.261719 | KL fp 4.3650 | FP STD 0.0224|
KL coef: 0.9139031064927357
Train loss (one batch): 4427.17626953125
Train CE loss (one batch): 0.0
Test MSE: 0.0112
Poisson likelihood: 0.0
CE loss: 0.0
Experiment 99644
Epoch 0255 [Test seq (cond on sampled tp)] | Loss 5537.333008 | Likelihood -5546.869629 | KL fp 4.4013 | FP STD 0.0217|
KL coef: 0.9147640754278082
Train loss (one batch): 4259.39453125
Train CE loss (one batch): 0.0
Test MSE: 0.0111
Poisson likelihood: 0.0
CE loss: 0.0
Experiment 99644
Epoch 0256 [Test seq (cond on sampled tp)] | Loss 5427.465332 | Likelihood -5453.638672 | KL fp 4.3945 | FP STD 0.0220|
KL coef: 0.9156164346735302
Train loss (one batch): 4398.96484375
Train CE loss (one batch): 0.0
Test MSE: 0.0109
Poisson likelihood: 0.0
CE loss: 0.0
Experiment 99644
Epoch 0257 [Test seq (cond on sampled tp)] | Loss 5539.159180 | Likelihood -5550.941895 | KL fp 4.3890 | FP STD 0.0225|
KL coef: 0.9164602703267949
Train loss (one batch): 4325.42236328125
Train CE loss (one batch): 0.0
Test MSE: 0.0111
Poisson likelihood: 0.0
CE loss: 0.0
Experiment 99644
Epoch 0258 [Test seq (cond on sampled tp)] | Loss 5454.256348 | Likelihood -5460.035645 | KL fp 4.3828 | FP STD 0.0220|
KL coef: 0.9172956676235269
Train loss (one batch): 4200.6376953125
Train CE loss (one batch): 0.0
Test MSE: 0.0109
Poisson likelihood: 0.0
CE loss: 0.0
Experiment 99644
Epoch 0259 [Test seq (cond on sampled tp)] | Loss 5481.665039 | Likelihood -5489.183594 | KL fp 4.4551 | FP STD 0.0208|
KL coef: 0.9181227109472916
Train loss (one batch): 4226.6826171875
Train CE loss (one batch): 0.0
Test MSE: 0.0110
Poisson likelihood: 0.0
CE loss: 0.0
Experiment 99644
Epoch 0260 [Test seq (cond on sampled tp)] | Loss 5455.136719 | Likelihood -5459.058105 | KL fp 4.4270 | FP STD 0.0209|
KL coef: 0.9189414838378187
Train loss (one batch): 4238.3583984375
Train CE loss (one batch): 0.0
Test MSE: 0.0109
Poisson likelihood: 0.0
CE loss: 0.0
Experiment 99644
Epoch 0261 [Test seq (cond on sampled tp)] | Loss 5257.715820 | Likelihood -5270.794922 | KL fp 4.4088 | FP STD 0.0211|
KL coef: 0.9197520689994405
Train loss (one batch): 4215.517578125
Train CE loss (one batch): 0.0
Test MSE: 0.0106
Poisson likelihood: 0.0
CE loss: 0.0
Experiment 99644
Epoch 0262 [Test seq (cond on sampled tp)] | Loss 5408.133789 | Likelihood -5422.701172 | KL fp 4.4392 | FP STD 0.0210|
KL coef: 0.9205545483094462
Train loss (one batch): 4398.787109375
Train CE loss (one batch): 0.0
Test MSE: 0.0109
Poisson likelihood: 0.0
CE loss: 0.0
Experiment 99644
Epoch 0263 [Test seq (cond on sampled tp)] | Loss 5417.334961 | Likelihood -5425.504395 | KL fp 4.4172 | FP STD 0.0216|
KL coef: 0.9213490028263517
Train loss (one batch): 4048.70751953125
Train CE loss (one batch): 0.0
Test MSE: 0.0109
Poisson likelihood: 0.0
CE loss: 0.0
Experiment 99644
Epoch 0264 [Test seq (cond on sampled tp)] | Loss 5409.557129 | Likelihood -5410.678223 | KL fp 4.3707 | FP STD 0.0224|
KL coef: 0.9221355127980881
Train loss (one batch): 4127.32275390625
Train CE loss (one batch): 0.0
Test MSE: 0.0108
Poisson likelihood: 0.0
CE loss: 0.0
Experiment 99644
Epoch 0265 [Test seq (cond on sampled tp)] | Loss 5395.001465 | Likelihood -5415.628906 | KL fp 4.4394 | FP STD 0.0206|
KL coef: 0.9229141576701073
Train loss (one batch): 4382.90478515625
Train CE loss (one batch): 0.0
Test MSE: 0.0108
Poisson likelihood: 0.0
CE loss: 0.0
Experiment 99644
Epoch 0266 [Test seq (cond on sampled tp)] | Loss 5318.701172 | Likelihood -5321.026367 | KL fp 4.4392 | FP STD 0.0212|
KL coef: 0.9236850160934063
Train loss (one batch): 4131.494140625
Train CE loss (one batch): 0.0
Test MSE: 0.0107
Poisson likelihood: 0.0
CE loss: 0.0
Experiment 99644
Epoch 0267 [Test seq (cond on sampled tp)] | Loss 5253.628418 | Likelihood -5270.975098 | KL fp 4.4296 | FP STD 0.0209|
KL coef: 0.9244481659324721
Train loss (one batch): 4366.58837890625
Train CE loss (one batch): 0.0
Test MSE: 0.0106
Poisson likelihood: 0.0
CE loss: 0.0
Experiment 99644
Epoch 0268 [Test seq (cond on sampled tp)] | Loss 5413.774902 | Likelihood -5411.938965 | KL fp 4.4145 | FP STD 0.0213|
KL coef: 0.9252036842731475
Train loss (one batch): 4278.6953125
Train CE loss (one batch): 0.0
Test MSE: 0.0108
Poisson likelihood: 0.0
CE loss: 0.0
Experiment 99644
Epoch 0269 [Test seq (cond on sampled tp)] | Loss 5248.156738 | Likelihood -5258.304199 | KL fp 4.3985 | FP STD 0.0213|
KL coef: 0.9259516474304159
Train loss (one batch): 4076.08056640625
Train CE loss (one batch): 0.0
Test MSE: 0.0105
Poisson likelihood: 0.0
CE loss: 0.0
Experiment 99644
Epoch 0270 [Test seq (cond on sampled tp)] | Loss 5353.159668 | Likelihood -5359.351562 | KL fp 4.4031 | FP STD 0.0213|
KL coef: 0.9266921309561118
Train loss (one batch): 4436.31787109375
Train CE loss (one batch): 0.0
Test MSE: 0.0107
Poisson likelihood: 0.0
CE loss: 0.0
Experiment 99644
Epoch 0271 [Test seq (cond on sampled tp)] | Loss 5221.447754 | Likelihood -5229.315918 | KL fp 4.4455 | FP STD 0.0203|
KL coef: 0.9274252096465507
Train loss (one batch): 4146.5419921875
Train CE loss (one batch): 0.0
Test MSE: 0.0105
Poisson likelihood: 0.0
CE loss: 0.0
Experiment 99644
Epoch 0272 [Test seq (cond on sampled tp)] | Loss 5359.547852 | Likelihood -5372.322266 | KL fp 4.4004 | FP STD 0.0211|
KL coef: 0.9281509575500851
Train loss (one batch): 4164.4189453125
Train CE loss (one batch): 0.0
Test MSE: 0.0108
Poisson likelihood: 0.0
CE loss: 0.0
Experiment 99644
Epoch 0273 [Test seq (cond on sampled tp)] | Loss 5264.372559 | Likelihood -5277.838867 | KL fp 4.3982 | FP STD 0.0212|
KL coef: 0.9288694479745843
Train loss (one batch): 4241.35546875
Train CE loss (one batch): 0.0
Test MSE: 0.0106
Poisson likelihood: 0.0
CE loss: 0.0
Experiment 99644
Epoch 0274 [Test seq (cond on sampled tp)] | Loss 5278.060547 | Likelihood -5286.937012 | KL fp 4.4372 | FP STD 0.0203|
KL coef: 0.9295807534948385
Train loss (one batch): 4177.4697265625
Train CE loss (one batch): 0.0
Test MSE: 0.0106
Poisson likelihood: 0.0
CE loss: 0.0
Experiment 99644
Epoch 0275 [Test seq (cond on sampled tp)] | Loss 5252.962891 | Likelihood -5270.958984 | KL fp 4.4545 | FP STD 0.0203|
KL coef: 0.9302849459598901
Train loss (one batch): 3979.595458984375
Train CE loss (one batch): 0.0
Test MSE: 0.0106
Poisson likelihood: 0.0
CE loss: 0.0
Experiment 99644
Epoch 0276 [Test seq (cond on sampled tp)] | Loss 5206.288574 | Likelihood -5216.734375 | KL fp 4.4650 | FP STD 0.0205|
KL coef: 0.9309820965002912
Train loss (one batch): 4371.00439453125
Train CE loss (one batch): 0.0
Test MSE: 0.0104
Poisson likelihood: 0.0
CE loss: 0.0
Experiment 99644
Epoch 0277 [Test seq (cond on sampled tp)] | Loss 5214.309570 | Likelihood -5234.115723 | KL fp 4.4518 | FP STD 0.0202|
KL coef: 0.9316722755352883
Train loss (one batch): 4128.06689453125
Train CE loss (one batch): 0.0
Test MSE: 0.0105
Poisson likelihood: 0.0
CE loss: 0.0
Experiment 99644
Epoch 0278 [Test seq (cond on sampled tp)] | Loss 5243.804688 | Likelihood -5249.501953 | KL fp 4.4265 | FP STD 0.0209|
KL coef: 0.9323555527799354
Train loss (one batch): 4336.5791015625
Train CE loss (one batch): 0.0
Test MSE: 0.0105
Poisson likelihood: 0.0
CE loss: 0.0
Experiment 99644
Epoch 0279 [Test seq (cond on sampled tp)] | Loss 5258.426758 | Likelihood -5271.081055 | KL fp 4.4604 | FP STD 0.0199|
KL coef: 0.933031997252136
Train loss (one batch): 4013.318603515625
Train CE loss (one batch): 0.0
Test MSE: 0.0106
Poisson likelihood: 0.0
CE loss: 0.0
Experiment 99644
Epoch 0280 [Test seq (cond on sampled tp)] | Loss 5260.196777 | Likelihood -5270.015137 | KL fp 4.4452 | FP STD 0.0206|
KL coef: 0.9337016772796147
Train loss (one batch): 3998.36083984375
Train CE loss (one batch): 0.0
Test MSE: 0.0106
Poisson likelihood: 0.0
CE loss: 0.0
Experiment 99644
Epoch 0281 [Test seq (cond on sampled tp)] | Loss 5264.549805 | Likelihood -5284.988281 | KL fp 4.4253 | FP STD 0.0201|
KL coef: 0.9343646605068185
Train loss (one batch): 4264.732421875
Train CE loss (one batch): 0.0
Test MSE: 0.0106
Poisson likelihood: 0.0
CE loss: 0.0
Experiment 99644
Epoch 0282 [Test seq (cond on sampled tp)] | Loss 5229.785156 | Likelihood -5233.463379 | KL fp 4.4769 | FP STD 0.0198|
KL coef: 0.9350210139017503
Train loss (one batch): 3721.847900390625
Train CE loss (one batch): 0.0
Test MSE: 0.0105
Poisson likelihood: 0.0
CE loss: 0.0
Experiment 99644
Epoch 0283 [Test seq (cond on sampled tp)] | Loss 5171.777344 | Likelihood -5169.129395 | KL fp 4.5130 | FP STD 0.0191|
KL coef: 0.9356708037627328
Train loss (one batch): 3996.70751953125
Train CE loss (one batch): 0.0
Test MSE: 0.0104
Poisson likelihood: 0.0
CE loss: 0.0
Experiment 99644
Epoch 0284 [Test seq (cond on sampled tp)] | Loss 5336.170898 | Likelihood -5359.266113 | KL fp 4.4578 | FP STD 0.0200|
KL coef: 0.9363140957251055
Train loss (one batch): 4177.97216796875
Train CE loss (one batch): 0.0
Test MSE: 0.0107
Poisson likelihood: 0.0
CE loss: 0.0
Experiment 99644
Epoch 0285 [Test seq (cond on sampled tp)] | Loss 5007.068848 | Likelihood -5020.331543 | KL fp 4.4960 | FP STD 0.0194|
KL coef: 0.9369509547678545
Train loss (one batch): 4025.875732421875
Train CE loss (one batch): 0.0
Test MSE: 0.0101
Poisson likelihood: 0.0
CE loss: 0.0
Experiment 99644
Epoch 0286 [Test seq (cond on sampled tp)] | Loss 5143.315430 | Likelihood -5166.768066 | KL fp 4.4280 | FP STD 0.0208|
KL coef: 0.937581445220176
Train loss (one batch): 4054.96728515625
Train CE loss (one batch): 0.0
Test MSE: 0.0103
Poisson likelihood: 0.0
CE loss: 0.0
Experiment 99644
Epoch 0287 [Test seq (cond on sampled tp)] | Loss 5158.400879 | Likelihood -5163.621582 | KL fp 4.4588 | FP STD 0.0200|
KL coef: 0.9382056307679741
Train loss (one batch): 3934.64208984375
Train CE loss (one batch): 0.0
Test MSE: 0.0103
Poisson likelihood: 0.0
CE loss: 0.0
Experiment 99644
Epoch 0288 [Test seq (cond on sampled tp)] | Loss 5131.845703 | Likelihood -5145.300293 | KL fp 4.4522 | FP STD 0.0202|
KL coef: 0.9388235744602944
Train loss (one batch): 3937.771728515625
Train CE loss (one batch): 0.0
Test MSE: 0.0103
Poisson likelihood: 0.0
CE loss: 0.0
Experiment 99644
Epoch 0289 [Test seq (cond on sampled tp)] | Loss 5247.345215 | Likelihood -5249.952637 | KL fp 4.4191 | FP STD 0.0205|
KL coef: 0.9394353387156915
Train loss (one batch): 3999.8232421875
Train CE loss (one batch): 0.0
Test MSE: 0.0105
Poisson likelihood: 0.0
CE loss: 0.0
Experiment 99644
Epoch 0290 [Test seq (cond on sampled tp)] | Loss 5081.607910 | Likelihood -5089.429688 | KL fp 4.4652 | FP STD 0.0198|
KL coef: 0.9400409853285345
Train loss (one batch): 4177.0400390625
Train CE loss (one batch): 0.0
Test MSE: 0.0102
Poisson likelihood: 0.0
CE loss: 0.0
Experiment 99644
Epoch 0291 [Test seq (cond on sampled tp)] | Loss 5186.988281 | Likelihood -5190.223145 | KL fp 4.4549 | FP STD 0.0199|
KL coef: 0.9406405754752493
Train loss (one batch): 4023.284912109375
Train CE loss (one batch): 0.0
Test MSE: 0.0104
Poisson likelihood: 0.0
CE loss: 0.0
Experiment 99644
Epoch 0292 [Test seq (cond on sampled tp)] | Loss 5044.659180 | Likelihood -5043.857910 | KL fp 4.4693 | FP STD 0.0197|
KL coef: 0.9412341697204967
Train loss (one batch): 4046.781494140625
Train CE loss (one batch): 0.0
Test MSE: 0.0101
Poisson likelihood: 0.0
CE loss: 0.0
Experiment 99644
Epoch 0293 [Test seq (cond on sampled tp)] | Loss 5138.891113 | Likelihood -5155.269531 | KL fp 4.4849 | FP STD 0.0193|
KL coef: 0.9418218280232917
Train loss (one batch): 4086.82861328125
Train CE loss (one batch): 0.0
Test MSE: 0.0103
Poisson likelihood: 0.0
CE loss: 0.0
Experiment 99644
Epoch 0294 [Test seq (cond on sampled tp)] | Loss 5037.432617 | Likelihood -5055.164062 | KL fp 4.4626 | FP STD 0.0197|
KL coef: 0.9424036097430588
Train loss (one batch): 4118.57421875
Train CE loss (one batch): 0.0
Test MSE: 0.0101
Poisson likelihood: 0.0
CE loss: 0.0
Experiment 99644
Epoch 0295 [Test seq (cond on sampled tp)] | Loss 5057.019043 | Likelihood -5071.498535 | KL fp 4.4536 | FP STD 0.0202|
KL coef: 0.9429795736456282
Train loss (one batch): 3855.29541015625
Train CE loss (one batch): 0.0
Test MSE: 0.0102
Poisson likelihood: 0.0
CE loss: 0.0
Experiment 99644
Epoch 0296 [Test seq (cond on sampled tp)] | Loss 5107.333984 | Likelihood -5110.440918 | KL fp 4.4595 | FP STD 0.0196|
KL coef: 0.9435497779091719
Train loss (one batch): 4012.494873046875
Train CE loss (one batch): 0.0
Test MSE: 0.0102
Poisson likelihood: 0.0
CE loss: 0.0
Experiment 99644
Epoch 0297 [Test seq (cond on sampled tp)] | Loss 5092.332520 | Likelihood -5094.497559 | KL fp 4.4207 | FP STD 0.0200|
KL coef: 0.9441142801300803
Train loss (one batch): 4003.288330078125
Train CE loss (one batch): 0.0
Test MSE: 0.0102
Poisson likelihood: 0.0
CE loss: 0.0
Experiment 99644
Epoch 0298 [Test seq (cond on sampled tp)] | Loss 5217.117676 | Likelihood -5222.471680 | KL fp 4.4364 | FP STD 0.0199|
KL coef: 0.9446731373287794
Train loss (one batch): 4059.593017578125
Train CE loss (one batch): 0.0
Test MSE: 0.0105
Poisson likelihood: 0.0
CE loss: 0.0
Experiment 99644
Epoch 0299 [Test seq (cond on sampled tp)] | Loss 5086.776367 | Likelihood -5094.839844 | KL fp 4.5357 | FP STD 0.0190|
KL coef: 0.9452264059554917
Train loss (one batch): 4047.69580078125
Train CE loss (one batch): 0.0
Test MSE: 0.0102
Poisson likelihood: 0.0
CE loss: 0.0
Experiment 99644
Epoch 0300 [Test seq (cond on sampled tp)] | Loss 5088.367188 | Likelihood -5088.259277 | KL fp 4.4754 | FP STD 0.0195|
KL coef: 0.9457741418959368
Train loss (one batch): 4239.99169921875
Train CE loss (one batch): 0.0
Test MSE: 0.0102
Poisson likelihood: 0.0
CE loss: 0.0
