/Users/deyiliu/Dropbox/UNC/G4/Spring/790/code/latent_ode-master/run_models.py
run_models.py --niters 100 -n 1000 -l 15 --dataset hopper --latent-ode --z0-encoder trans -r 1991 -s 0.5
Experiment 68033
Epoch 0001 [Test seq (cond on sampled tp)] | Loss 49710.070312 | Likelihood -50410.253906 | KL fp 2.2834 | FP STD 0.2402|
KL coef: 0.0
Train loss (one batch): 54169.08984375
Train CE loss (one batch): 0.0
Test MSE: 0.1008
Poisson likelihood: 0.0
CE loss: 0.0
Experiment 68033
Epoch 0002 [Test seq (cond on sampled tp)] | Loss 37471.285156 | Likelihood -37913.933594 | KL fp 2.4228 | FP STD 0.1831|
KL coef: 0.0
Train loss (one batch): 36259.515625
Train CE loss (one batch): 0.0
Test MSE: 0.0758
Poisson likelihood: 0.0
CE loss: 0.0
Experiment 68033
Epoch 0003 [Test seq (cond on sampled tp)] | Loss 34469.468750 | Likelihood -34578.371094 | KL fp 2.5776 | FP STD 0.1542|
KL coef: 0.0
Train loss (one batch): 31691.34765625
Train CE loss (one batch): 0.0
Test MSE: 0.0692
Poisson likelihood: 0.0
CE loss: 0.0
Experiment 68033
Epoch 0004 [Test seq (cond on sampled tp)] | Loss 31234.787109 | Likelihood -31571.595703 | KL fp 2.5830 | FP STD 0.1507|
KL coef: 0.0
Train loss (one batch): 32096.4453125
Train CE loss (one batch): 0.0
Test MSE: 0.0632
Poisson likelihood: 0.0
CE loss: 0.0
Experiment 68033
Epoch 0005 [Test seq (cond on sampled tp)] | Loss 31051.207031 | Likelihood -31131.462891 | KL fp 2.6821 | FP STD 0.1383|
KL coef: 0.0
Train loss (one batch): 30351.927734375
Train CE loss (one batch): 0.0
Test MSE: 0.0623
Poisson likelihood: 0.0
CE loss: 0.0
Experiment 68033
Epoch 0006 [Test seq (cond on sampled tp)] | Loss 30506.107422 | Likelihood -30620.802734 | KL fp 2.6943 | FP STD 0.1316|
KL coef: 0.0
Train loss (one batch): 29479.64453125
Train CE loss (one batch): 0.0
Test MSE: 0.0613
Poisson likelihood: 0.0
CE loss: 0.0
Experiment 68033
Epoch 0007 [Test seq (cond on sampled tp)] | Loss 29581.904297 | Likelihood -29716.494141 | KL fp 2.7008 | FP STD 0.1276|
KL coef: 0.0
Train loss (one batch): 28161.21484375
Train CE loss (one batch): 0.0
Test MSE: 0.0594
Poisson likelihood: 0.0
CE loss: 0.0
Experiment 68033
Epoch 0008 [Test seq (cond on sampled tp)] | Loss 28861.169922 | Likelihood -28933.937500 | KL fp 2.7078 | FP STD 0.1246|
KL coef: 0.0
Train loss (one batch): 29399.248046875
Train CE loss (one batch): 0.0
Test MSE: 0.0579
Poisson likelihood: 0.0
CE loss: 0.0
Experiment 68033
Epoch 0009 [Test seq (cond on sampled tp)] | Loss 28076.015625 | Likelihood -28299.890625 | KL fp 2.6912 | FP STD 0.1250|
KL coef: 0.0
Train loss (one batch): 26726.96484375
Train CE loss (one batch): 0.0
Test MSE: 0.0566
Poisson likelihood: 0.0
CE loss: 0.0
Experiment 68033
Epoch 0010 [Test seq (cond on sampled tp)] | Loss 27128.193359 | Likelihood -27245.080078 | KL fp 2.7059 | FP STD 0.1225|
KL coef: 0.0
Train loss (one batch): 25805.509765625
Train CE loss (one batch): 0.0
Test MSE: 0.0545
Poisson likelihood: 0.0
CE loss: 0.0
Experiment 68033
Epoch 0011 [Test seq (cond on sampled tp)] | Loss 25470.841797 | Likelihood -25737.107422 | KL fp 2.7317 | FP STD 0.1226|
KL coef: 0.010000000000000009
Train loss (one batch): 25106.037109375
Train CE loss (one batch): 0.0
Test MSE: 0.0515
Poisson likelihood: 0.0
CE loss: 0.0
Experiment 68033
Epoch 0012 [Test seq (cond on sampled tp)] | Loss 24057.087891 | Likelihood -24252.572266 | KL fp 2.6741 | FP STD 0.1259|
KL coef: 0.01990000000000003
Train loss (one batch): 24517.16015625
Train CE loss (one batch): 0.0
Test MSE: 0.0485
Poisson likelihood: 0.0
CE loss: 0.0
Experiment 68033
Epoch 0013 [Test seq (cond on sampled tp)] | Loss 23556.382812 | Likelihood -23774.435547 | KL fp 2.6096 | FP STD 0.1306|
KL coef: 0.029700999999999977
Train loss (one batch): 22789.546875
Train CE loss (one batch): 0.0
Test MSE: 0.0476
Poisson likelihood: 0.0
CE loss: 0.0
Experiment 68033
Epoch 0014 [Test seq (cond on sampled tp)] | Loss 23470.625000 | Likelihood -23802.046875 | KL fp 2.6828 | FP STD 0.1271|
KL coef: 0.039403990000000055
Train loss (one batch): 22212.740234375
Train CE loss (one batch): 0.0
Test MSE: 0.0476
Poisson likelihood: 0.0
CE loss: 0.0
Experiment 68033
Epoch 0015 [Test seq (cond on sampled tp)] | Loss 22457.027344 | Likelihood -22609.437500 | KL fp 2.7449 | FP STD 0.1177|
KL coef: 0.04900995010000009
Train loss (one batch): 21970.453125
Train CE loss (one batch): 0.0
Test MSE: 0.0452
Poisson likelihood: 0.0
CE loss: 0.0
Experiment 68033
Epoch 0016 [Test seq (cond on sampled tp)] | Loss 21858.126953 | Likelihood -21937.275391 | KL fp 2.7442 | FP STD 0.1182|
KL coef: 0.058519850599
Train loss (one batch): 21879.490234375
Train CE loss (one batch): 0.0
Test MSE: 0.0439
Poisson likelihood: 0.0
CE loss: 0.0
Experiment 68033
Epoch 0017 [Test seq (cond on sampled tp)] | Loss 21445.187500 | Likelihood -21541.226562 | KL fp 2.7501 | FP STD 0.1131|
KL coef: 0.06793465209301008
Train loss (one batch): 21231.87890625
Train CE loss (one batch): 0.0
Test MSE: 0.0431
Poisson likelihood: 0.0
CE loss: 0.0
Experiment 68033
Epoch 0018 [Test seq (cond on sampled tp)] | Loss 20791.095703 | Likelihood -20884.117188 | KL fp 2.8572 | FP STD 0.1059|
KL coef: 0.07725530557207994
Train loss (one batch): 20755.87890625
Train CE loss (one batch): 0.0
Test MSE: 0.0418
Poisson likelihood: 0.0
CE loss: 0.0
Experiment 68033
Epoch 0019 [Test seq (cond on sampled tp)] | Loss 20561.248047 | Likelihood -20594.333984 | KL fp 2.8450 | FP STD 0.1069|
KL coef: 0.08648275251635917
Train loss (one batch): 20567.396484375
Train CE loss (one batch): 0.0
Test MSE: 0.0412
Poisson likelihood: 0.0
CE loss: 0.0
Experiment 68033
Epoch 0020 [Test seq (cond on sampled tp)] | Loss 20592.134766 | Likelihood -20653.216797 | KL fp 2.8687 | FP STD 0.1046|
KL coef: 0.09561792499119559
Train loss (one batch): 19958.90625
Train CE loss (one batch): 0.0
Test MSE: 0.0413
Poisson likelihood: 0.0
CE loss: 0.0
Experiment 68033
Epoch 0021 [Test seq (cond on sampled tp)] | Loss 19944.099609 | Likelihood -20045.492188 | KL fp 2.8553 | FP STD 0.1033|
KL coef: 0.10466174574128362
Train loss (one batch): 20175.541015625
Train CE loss (one batch): 0.0
Test MSE: 0.0401
Poisson likelihood: 0.0
CE loss: 0.0
Experiment 68033
Epoch 0022 [Test seq (cond on sampled tp)] | Loss 19613.156250 | Likelihood -19690.740234 | KL fp 2.8836 | FP STD 0.0969|
KL coef: 0.11361512828387077
Train loss (one batch): 19017.380859375
Train CE loss (one batch): 0.0
Test MSE: 0.0394
Poisson likelihood: 0.0
CE loss: 0.0
Experiment 68033
Epoch 0023 [Test seq (cond on sampled tp)] | Loss 19346.466797 | Likelihood -19484.291016 | KL fp 2.9224 | FP STD 0.0963|
KL coef: 0.12247897700103216
Train loss (one batch): 18768.548828125
Train CE loss (one batch): 0.0
Test MSE: 0.0390
Poisson likelihood: 0.0
CE loss: 0.0
Experiment 68033
Epoch 0024 [Test seq (cond on sampled tp)] | Loss 19446.283203 | Likelihood -19478.783203 | KL fp 2.8989 | FP STD 0.0968|
KL coef: 0.13125418723102178
Train loss (one batch): 18743.91015625
Train CE loss (one batch): 0.0
Test MSE: 0.0390
Poisson likelihood: 0.0
CE loss: 0.0
Experiment 68033
Epoch 0025 [Test seq (cond on sampled tp)] | Loss 18892.109375 | Likelihood -18966.025391 | KL fp 2.9135 | FP STD 0.1002|
KL coef: 0.13994164535871156
Train loss (one batch): 19096.12109375
Train CE loss (one batch): 0.0
Test MSE: 0.0379
Poisson likelihood: 0.0
CE loss: 0.0
Experiment 68033
Epoch 0026 [Test seq (cond on sampled tp)] | Loss 18507.355469 | Likelihood -18557.818359 | KL fp 2.8967 | FP STD 0.0997|
KL coef: 0.14854222890512447
Train loss (one batch): 17861.74609375
Train CE loss (one batch): 0.0
Test MSE: 0.0371
Poisson likelihood: 0.0
CE loss: 0.0
Experiment 68033
Epoch 0027 [Test seq (cond on sampled tp)] | Loss 18363.335938 | Likelihood -18510.775391 | KL fp 2.9237 | FP STD 0.0947|
KL coef: 0.15705680661607324
Train loss (one batch): 18600.802734375
Train CE loss (one batch): 0.0
Test MSE: 0.0370
Poisson likelihood: 0.0
CE loss: 0.0
Experiment 68033
Epoch 0028 [Test seq (cond on sampled tp)] | Loss 17961.875000 | Likelihood -18091.013672 | KL fp 2.9425 | FP STD 0.0949|
KL coef: 0.1654862385499125
Train loss (one batch): 18253.5703125
Train CE loss (one batch): 0.0
Test MSE: 0.0362
Poisson likelihood: 0.0
CE loss: 0.0
Experiment 68033
Epoch 0029 [Test seq (cond on sampled tp)] | Loss 18000.925781 | Likelihood -18225.535156 | KL fp 2.9295 | FP STD 0.0933|
KL coef: 0.17383137616441335
Train loss (one batch): 17695.34765625
Train CE loss (one batch): 0.0
Test MSE: 0.0365
Poisson likelihood: 0.0
CE loss: 0.0
Experiment 68033
Epoch 0030 [Test seq (cond on sampled tp)] | Loss 17979.382812 | Likelihood -18133.060547 | KL fp 2.9469 | FP STD 0.0939|
KL coef: 0.18209306240276923
Train loss (one batch): 17865.55078125
Train CE loss (one batch): 0.0
Test MSE: 0.0363
Poisson likelihood: 0.0
CE loss: 0.0
Experiment 68033
Epoch 0031 [Test seq (cond on sampled tp)] | Loss 17796.373047 | Likelihood -17815.650391 | KL fp 2.9814 | FP STD 0.0896|
KL coef: 0.19027213177874158
Train loss (one batch): 18218.322265625
Train CE loss (one batch): 0.0
Test MSE: 0.0356
Poisson likelihood: 0.0
CE loss: 0.0
Experiment 68033
Epoch 0032 [Test seq (cond on sampled tp)] | Loss 17753.087891 | Likelihood -17800.388672 | KL fp 2.9963 | FP STD 0.0899|
KL coef: 0.19836941046095413
Train loss (one batch): 17656.111328125
Train CE loss (one batch): 0.0
Test MSE: 0.0356
Poisson likelihood: 0.0
CE loss: 0.0
Experiment 68033
Epoch 0033 [Test seq (cond on sampled tp)] | Loss 17508.712891 | Likelihood -17608.013672 | KL fp 2.9653 | FP STD 0.0887|
KL coef: 0.20638571635634462
Train loss (one batch): 17033.822265625
Train CE loss (one batch): 0.0
Test MSE: 0.0352
Poisson likelihood: 0.0
CE loss: 0.0
Experiment 68033
Epoch 0034 [Test seq (cond on sampled tp)] | Loss 17134.089844 | Likelihood -17166.646484 | KL fp 2.9886 | FP STD 0.0868|
KL coef: 0.21432185919278124
Train loss (one batch): 17312.17578125
Train CE loss (one batch): 0.0
Test MSE: 0.0343
Poisson likelihood: 0.0
CE loss: 0.0
Experiment 68033
Epoch 0035 [Test seq (cond on sampled tp)] | Loss 17066.218750 | Likelihood -17169.517578 | KL fp 3.0014 | FP STD 0.0887|
KL coef: 0.22217864060085335
Train loss (one batch): 16354.8955078125
Train CE loss (one batch): 0.0
Test MSE: 0.0344
Poisson likelihood: 0.0
CE loss: 0.0
Experiment 68033
Epoch 0036 [Test seq (cond on sampled tp)] | Loss 17179.744141 | Likelihood -17344.634766 | KL fp 2.9574 | FP STD 0.0909|
KL coef: 0.2299568541948449
Train loss (one batch): 16506.052734375
Train CE loss (one batch): 0.0
Test MSE: 0.0347
Poisson likelihood: 0.0
CE loss: 0.0
Experiment 68033
Epoch 0037 [Test seq (cond on sampled tp)] | Loss 16978.835938 | Likelihood -17048.093750 | KL fp 2.9768 | FP STD 0.0869|
KL coef: 0.23765728565289646
Train loss (one batch): 16011.072265625
Train CE loss (one batch): 0.0
Test MSE: 0.0341
Poisson likelihood: 0.0
CE loss: 0.0
Experiment 68033
Epoch 0038 [Test seq (cond on sampled tp)] | Loss 16571.699219 | Likelihood -16658.337891 | KL fp 3.0103 | FP STD 0.0874|
KL coef: 0.24528071279636743
Train loss (one batch): 16554.82421875
Train CE loss (one batch): 0.0
Test MSE: 0.0333
Poisson likelihood: 0.0
CE loss: 0.0
Experiment 68033
Epoch 0039 [Test seq (cond on sampled tp)] | Loss 16590.376953 | Likelihood -16642.619141 | KL fp 3.0090 | FP STD 0.0855|
KL coef: 0.25282790566840385
Train loss (one batch): 16418.6796875
Train CE loss (one batch): 0.0
Test MSE: 0.0333
Poisson likelihood: 0.0
CE loss: 0.0
Experiment 68033
Epoch 0040 [Test seq (cond on sampled tp)] | Loss 16263.653320 | Likelihood -16436.578125 | KL fp 3.0528 | FP STD 0.0820|
KL coef: 0.2602996266117198
Train loss (one batch): 15633.8330078125
Train CE loss (one batch): 0.0
Test MSE: 0.0329
Poisson likelihood: 0.0
CE loss: 0.0
Experiment 68033
Epoch 0041 [Test seq (cond on sampled tp)] | Loss 16064.219727 | Likelihood -16106.463867 | KL fp 3.0561 | FP STD 0.0838|
KL coef: 0.26769663034560254
Train loss (one batch): 15666.6728515625
Train CE loss (one batch): 0.0
Test MSE: 0.0322
Poisson likelihood: 0.0
CE loss: 0.0
Experiment 68033
Epoch 0042 [Test seq (cond on sampled tp)] | Loss 15903.888672 | Likelihood -16013.496094 | KL fp 3.0062 | FP STD 0.0852|
KL coef: 0.2750196640421466
Train loss (one batch): 15299.2216796875
Train CE loss (one batch): 0.0
Test MSE: 0.0320
Poisson likelihood: 0.0
CE loss: 0.0
Experiment 68033
Epoch 0043 [Test seq (cond on sampled tp)] | Loss 15877.524414 | Likelihood -15950.315430 | KL fp 2.9957 | FP STD 0.0860|
KL coef: 0.2822694674017251
Train loss (one batch): 15245.0322265625
Train CE loss (one batch): 0.0
Test MSE: 0.0319
Poisson likelihood: 0.0
CE loss: 0.0
Experiment 68033
Epoch 0044 [Test seq (cond on sampled tp)] | Loss 15741.940430 | Likelihood -15778.004883 | KL fp 3.0322 | FP STD 0.0847|
KL coef: 0.2894467727277079
Train loss (one batch): 15346.6416015625
Train CE loss (one batch): 0.0
Test MSE: 0.0316
Poisson likelihood: 0.0
CE loss: 0.0
Experiment 68033
Epoch 0045 [Test seq (cond on sampled tp)] | Loss 15638.070312 | Likelihood -15742.777344 | KL fp 3.0567 | FP STD 0.0838|
KL coef: 0.29655230500043084
Train loss (one batch): 14892.0908203125
Train CE loss (one batch): 0.0
Test MSE: 0.0315
Poisson likelihood: 0.0
CE loss: 0.0
Experiment 68033
Epoch 0046 [Test seq (cond on sampled tp)] | Loss 15144.147461 | Likelihood -15191.567383 | KL fp 3.0003 | FP STD 0.0849|
KL coef: 0.30358678195042654
Train loss (one batch): 15866.544921875
Train CE loss (one batch): 0.0
Test MSE: 0.0304
Poisson likelihood: 0.0
CE loss: 0.0
Experiment 68033
Epoch 0047 [Test seq (cond on sampled tp)] | Loss 15116.329102 | Likelihood -15212.239258 | KL fp 3.0259 | FP STD 0.0817|
KL coef: 0.3105509141309223
Train loss (one batch): 14856.3955078125
Train CE loss (one batch): 0.0
Test MSE: 0.0304
Poisson likelihood: 0.0
CE loss: 0.0
Experiment 68033
Epoch 0048 [Test seq (cond on sampled tp)] | Loss 14830.331055 | Likelihood -14973.019531 | KL fp 2.9797 | FP STD 0.0838|
KL coef: 0.31744540498961304
Train loss (one batch): 14141.6240234375
Train CE loss (one batch): 0.0
Test MSE: 0.0300
Poisson likelihood: 0.0
CE loss: 0.0
Experiment 68033
Epoch 0049 [Test seq (cond on sampled tp)] | Loss 14829.829102 | Likelihood -14886.582031 | KL fp 3.0492 | FP STD 0.0826|
KL coef: 0.3242709509397169
Train loss (one batch): 14802.4296875
Train CE loss (one batch): 0.0
Test MSE: 0.0298
Poisson likelihood: 0.0
CE loss: 0.0
Experiment 68033
Epoch 0050 [Test seq (cond on sampled tp)] | Loss 14854.613281 | Likelihood -14861.040039 | KL fp 3.0357 | FP STD 0.0820|
KL coef: 0.3310282414303197
Train loss (one batch): 14195.05078125
Train CE loss (one batch): 0.0
Test MSE: 0.0297
Poisson likelihood: 0.0
CE loss: 0.0
Experiment 68033
Epoch 0051 [Test seq (cond on sampled tp)] | Loss 14312.958008 | Likelihood -14408.041992 | KL fp 3.0803 | FP STD 0.0788|
KL coef: 0.33771795901601653
Train loss (one batch): 13847.9912109375
Train CE loss (one batch): 0.0
Test MSE: 0.0288
Poisson likelihood: 0.0
CE loss: 0.0
Experiment 68033
Epoch 0052 [Test seq (cond on sampled tp)] | Loss 14267.034180 | Likelihood -14274.776367 | KL fp 3.0771 | FP STD 0.0790|
KL coef: 0.3443407794258564
Train loss (one batch): 13566.4189453125
Train CE loss (one batch): 0.0
Test MSE: 0.0286
Poisson likelihood: 0.0
CE loss: 0.0
Experiment 68033
Epoch 0053 [Test seq (cond on sampled tp)] | Loss 13879.708984 | Likelihood -13976.027344 | KL fp 3.0616 | FP STD 0.0790|
KL coef: 0.35089737163159784
Train loss (one batch): 13060.8291015625
Train CE loss (one batch): 0.0
Test MSE: 0.0280
Poisson likelihood: 0.0
CE loss: 0.0
Experiment 68033
Epoch 0054 [Test seq (cond on sampled tp)] | Loss 13990.192383 | Likelihood -14026.745117 | KL fp 3.0994 | FP STD 0.0774|
KL coef: 0.3573883979152819
Train loss (one batch): 13409.8125
Train CE loss (one batch): 0.0
Test MSE: 0.0281
Poisson likelihood: 0.0
CE loss: 0.0
Experiment 68033
Epoch 0055 [Test seq (cond on sampled tp)] | Loss 13771.912109 | Likelihood -13808.059570 | KL fp 3.0765 | FP STD 0.0787|
KL coef: 0.36381451393612907
Train loss (one batch): 13425.1044921875
Train CE loss (one batch): 0.0
Test MSE: 0.0276
Poisson likelihood: 0.0
CE loss: 0.0
Experiment 68033
Epoch 0056 [Test seq (cond on sampled tp)] | Loss 13762.409180 | Likelihood -13813.980469 | KL fp 3.0945 | FP STD 0.0776|
KL coef: 0.37017636879676774
Train loss (one batch): 12727.423828125
Train CE loss (one batch): 0.0
Test MSE: 0.0276
Poisson likelihood: 0.0
CE loss: 0.0
Experiment 68033
Epoch 0057 [Test seq (cond on sampled tp)] | Loss 13385.350586 | Likelihood -13430.653320 | KL fp 3.1251 | FP STD 0.0758|
KL coef: 0.37647460510880004
Train loss (one batch): 13166.5556640625
Train CE loss (one batch): 0.0
Test MSE: 0.0269
Poisson likelihood: 0.0
CE loss: 0.0
Experiment 68033
Epoch 0058 [Test seq (cond on sampled tp)] | Loss 13397.366211 | Likelihood -13500.426758 | KL fp 3.1465 | FP STD 0.0743|
KL coef: 0.38270985905771204
Train loss (one batch): 12650.3447265625
Train CE loss (one batch): 0.0
Test MSE: 0.0270
Poisson likelihood: 0.0
CE loss: 0.0
Experiment 68033
Epoch 0059 [Test seq (cond on sampled tp)] | Loss 13211.095703 | Likelihood -13285.550781 | KL fp 3.0688 | FP STD 0.0790|
KL coef: 0.388882760467135
Train loss (one batch): 12898.9921875
Train CE loss (one batch): 0.0
Test MSE: 0.0266
Poisson likelihood: 0.0
CE loss: 0.0
Experiment 68033
Epoch 0060 [Test seq (cond on sampled tp)] | Loss 12913.873047 | Likelihood -12989.484375 | KL fp 3.1369 | FP STD 0.0763|
KL coef: 0.39499393286246365
Train loss (one batch): 12433.966796875
Train CE loss (one batch): 0.0
Test MSE: 0.0260
Poisson likelihood: 0.0
CE loss: 0.0
Experiment 68033
Epoch 0061 [Test seq (cond on sampled tp)] | Loss 12758.880859 | Likelihood -12797.781250 | KL fp 3.0954 | FP STD 0.0787|
KL coef: 0.401043993533839
Train loss (one batch): 12007.1845703125
Train CE loss (one batch): 0.0
Test MSE: 0.0256
Poisson likelihood: 0.0
CE loss: 0.0
Experiment 68033
Epoch 0062 [Test seq (cond on sampled tp)] | Loss 12724.879883 | Likelihood -12804.886719 | KL fp 3.1162 | FP STD 0.0750|
KL coef: 0.4070335535985006
Train loss (one batch): 11597.4609375
Train CE loss (one batch): 0.0
Test MSE: 0.0256
Poisson likelihood: 0.0
CE loss: 0.0
Experiment 68033
Epoch 0063 [Test seq (cond on sampled tp)] | Loss 12513.389648 | Likelihood -12564.909180 | KL fp 3.0900 | FP STD 0.0782|
KL coef: 0.41296321806251557
Train loss (one batch): 12018.130859375
Train CE loss (one batch): 0.0
Test MSE: 0.0251
Poisson likelihood: 0.0
CE loss: 0.0
Experiment 68033
Epoch 0064 [Test seq (cond on sampled tp)] | Loss 12399.133789 | Likelihood -12455.721680 | KL fp 3.1830 | FP STD 0.0729|
KL coef: 0.41883358588189046
Train loss (one batch): 11951.9404296875
Train CE loss (one batch): 0.0
Test MSE: 0.0249
Poisson likelihood: 0.0
CE loss: 0.0
Experiment 68033
Epoch 0065 [Test seq (cond on sampled tp)] | Loss 12480.642578 | Likelihood -12524.454102 | KL fp 3.1652 | FP STD 0.0731|
KL coef: 0.4246452500230715
Train loss (one batch): 11473.287109375
Train CE loss (one batch): 0.0
Test MSE: 0.0251
Poisson likelihood: 0.0
CE loss: 0.0
Experiment 68033
Epoch 0066 [Test seq (cond on sampled tp)] | Loss 12331.750977 | Likelihood -12378.636719 | KL fp 3.1466 | FP STD 0.0738|
KL coef: 0.4303987975228408
Train loss (one batch): 11884.697265625
Train CE loss (one batch): 0.0
Test MSE: 0.0248
Poisson likelihood: 0.0
CE loss: 0.0
Experiment 68033
Epoch 0067 [Test seq (cond on sampled tp)] | Loss 11953.153320 | Likelihood -12067.140625 | KL fp 3.1853 | FP STD 0.0714|
KL coef: 0.4360948095476125
Train loss (one batch): 11589.03125
Train CE loss (one batch): 0.0
Test MSE: 0.0241
Poisson likelihood: 0.0
CE loss: 0.0
Experiment 68033
Epoch 0068 [Test seq (cond on sampled tp)] | Loss 11885.532227 | Likelihood -11929.608398 | KL fp 3.1584 | FP STD 0.0753|
KL coef: 0.44173386145213633
Train loss (one batch): 11235.7138671875
Train CE loss (one batch): 0.0
Test MSE: 0.0239
Poisson likelihood: 0.0
CE loss: 0.0
Experiment 68033
Epoch 0069 [Test seq (cond on sampled tp)] | Loss 12127.343750 | Likelihood -12203.296875 | KL fp 3.1821 | FP STD 0.0717|
KL coef: 0.4473165228376149
Train loss (one batch): 11144.5595703125
Train CE loss (one batch): 0.0
Test MSE: 0.0244
Poisson likelihood: 0.0
CE loss: 0.0
Experiment 68033
Epoch 0070 [Test seq (cond on sampled tp)] | Loss 12007.422852 | Likelihood -12055.491211 | KL fp 3.1351 | FP STD 0.0749|
KL coef: 0.4528433576092388
Train loss (one batch): 11122.8701171875
Train CE loss (one batch): 0.0
Test MSE: 0.0241
Poisson likelihood: 0.0
CE loss: 0.0
Experiment 68033
Epoch 0071 [Test seq (cond on sampled tp)] | Loss 11650.486328 | Likelihood -11742.952148 | KL fp 3.2327 | FP STD 0.0694|
KL coef: 0.45831492403314644
Train loss (one batch): 10789.4921875
Train CE loss (one batch): 0.0
Test MSE: 0.0235
Poisson likelihood: 0.0
CE loss: 0.0
Experiment 68033
Epoch 0072 [Test seq (cond on sampled tp)] | Loss 11814.803711 | Likelihood -11911.847656 | KL fp 3.1989 | FP STD 0.0724|
KL coef: 0.463731774792815
Train loss (one batch): 11108.240234375
Train CE loss (one batch): 0.0
Test MSE: 0.0238
Poisson likelihood: 0.0
CE loss: 0.0
Experiment 68033
Epoch 0073 [Test seq (cond on sampled tp)] | Loss 11663.342773 | Likelihood -11754.417969 | KL fp 3.2149 | FP STD 0.0691|
KL coef: 0.46909445704488684
Train loss (one batch): 10664.91015625
Train CE loss (one batch): 0.0
Test MSE: 0.0235
Poisson likelihood: 0.0
CE loss: 0.0
Experiment 68033
Epoch 0074 [Test seq (cond on sampled tp)] | Loss 11467.218750 | Likelihood -11497.737305 | KL fp 3.2475 | FP STD 0.0687|
KL coef: 0.474403512474438
Train loss (one batch): 10914.818359375
Train CE loss (one batch): 0.0
Test MSE: 0.0230
Poisson likelihood: 0.0
CE loss: 0.0
Experiment 68033
Epoch 0075 [Test seq (cond on sampled tp)] | Loss 11599.068359 | Likelihood -11607.625000 | KL fp 3.3031 | FP STD 0.0657|
KL coef: 0.4796594773496936
Train loss (one batch): 10827.478515625
Train CE loss (one batch): 0.0
Test MSE: 0.0232
Poisson likelihood: 0.0
CE loss: 0.0
Experiment 68033
Epoch 0076 [Test seq (cond on sampled tp)] | Loss 11411.417969 | Likelihood -11442.627930 | KL fp 3.2221 | FP STD 0.0679|
KL coef: 0.4848628825761967
Train loss (one batch): 10920.1806640625
Train CE loss (one batch): 0.0
Test MSE: 0.0229
Poisson likelihood: 0.0
CE loss: 0.0
Experiment 68033
Epoch 0077 [Test seq (cond on sampled tp)] | Loss 11256.873047 | Likelihood -11295.582031 | KL fp 3.2586 | FP STD 0.0676|
KL coef: 0.4900142537504347
Train loss (one batch): 10399.380859375
Train CE loss (one batch): 0.0
Test MSE: 0.0226
Poisson likelihood: 0.0
CE loss: 0.0
Experiment 68033
Epoch 0078 [Test seq (cond on sampled tp)] | Loss 11248.292969 | Likelihood -11273.226562 | KL fp 3.2874 | FP STD 0.0650|
KL coef: 0.49511411121293036
Train loss (one batch): 10494.59765625
Train CE loss (one batch): 0.0
Test MSE: 0.0226
Poisson likelihood: 0.0
CE loss: 0.0
Experiment 68033
Epoch 0079 [Test seq (cond on sampled tp)] | Loss 11137.780273 | Likelihood -11271.593750 | KL fp 3.2980 | FP STD 0.0646|
KL coef: 0.500162970100801
Train loss (one batch): 11054.9580078125
Train CE loss (one batch): 0.0
Test MSE: 0.0226
Poisson likelihood: 0.0
CE loss: 0.0
Experiment 68033
Epoch 0080 [Test seq (cond on sampled tp)] | Loss 11279.362305 | Likelihood -11313.551758 | KL fp 3.3474 | FP STD 0.0626|
KL coef: 0.505161340399793
Train loss (one batch): 10488.9921875
Train CE loss (one batch): 0.0
Test MSE: 0.0226
Poisson likelihood: 0.0
CE loss: 0.0
Experiment 68033
Epoch 0081 [Test seq (cond on sampled tp)] | Loss 11224.342773 | Likelihood -11251.979492 | KL fp 3.3991 | FP STD 0.0599|
KL coef: 0.510109726995795
Train loss (one batch): 10850.6435546875
Train CE loss (one batch): 0.0
Test MSE: 0.0225
Poisson likelihood: 0.0
CE loss: 0.0
Experiment 68033
Epoch 0082 [Test seq (cond on sampled tp)] | Loss 11361.636719 | Likelihood -11413.062500 | KL fp 3.3260 | FP STD 0.0624|
KL coef: 0.5150086297258372
Train loss (one batch): 10669.32421875
Train CE loss (one batch): 0.0
Test MSE: 0.0228
Poisson likelihood: 0.0
CE loss: 0.0
Experiment 68033
Epoch 0083 [Test seq (cond on sampled tp)] | Loss 11178.887695 | Likelihood -11213.891602 | KL fp 3.3583 | FP STD 0.0604|
KL coef: 0.5198585434285787
Train loss (one batch): 10215.7099609375
Train CE loss (one batch): 0.0
Test MSE: 0.0224
Poisson likelihood: 0.0
CE loss: 0.0
Experiment 68033
Epoch 0084 [Test seq (cond on sampled tp)] | Loss 10938.828125 | Likelihood -10991.281250 | KL fp 3.3466 | FP STD 0.0616|
KL coef: 0.524659957994293
Train loss (one batch): 10476.5361328125
Train CE loss (one batch): 0.0
Test MSE: 0.0220
Poisson likelihood: 0.0
CE loss: 0.0
Experiment 68033
Epoch 0085 [Test seq (cond on sampled tp)] | Loss 10973.574219 | Likelihood -11004.492188 | KL fp 3.3893 | FP STD 0.0610|
KL coef: 0.5294133584143501
Train loss (one batch): 10660.5927734375
Train CE loss (one batch): 0.0
Test MSE: 0.0220
Poisson likelihood: 0.0
CE loss: 0.0
Experiment 68033
Epoch 0086 [Test seq (cond on sampled tp)] | Loss 11217.067383 | Likelihood -11242.148438 | KL fp 3.3477 | FP STD 0.0605|
KL coef: 0.5341192248302067
Train loss (one batch): 10075.201171875
Train CE loss (one batch): 0.0
Test MSE: 0.0225
Poisson likelihood: 0.0
CE loss: 0.0
Experiment 68033
Epoch 0087 [Test seq (cond on sampled tp)] | Loss 11050.439453 | Likelihood -11069.105469 | KL fp 3.3392 | FP STD 0.0613|
KL coef: 0.5387780325819045
Train loss (one batch): 10346.583984375
Train CE loss (one batch): 0.0
Test MSE: 0.0222
Poisson likelihood: 0.0
CE loss: 0.0
Experiment 68033
Epoch 0088 [Test seq (cond on sampled tp)] | Loss 10949.427734 | Likelihood -10966.179688 | KL fp 3.3489 | FP STD 0.0614|
KL coef: 0.5433902522560855
Train loss (one batch): 10219.0341796875
Train CE loss (one batch): 0.0
Test MSE: 0.0219
Poisson likelihood: 0.0
CE loss: 0.0
Experiment 68033
Epoch 0089 [Test seq (cond on sampled tp)] | Loss 10825.203125 | Likelihood -10843.449219 | KL fp 3.3631 | FP STD 0.0596|
KL coef: 0.5479563497335247
Train loss (one batch): 10299.125
Train CE loss (one batch): 0.0
Test MSE: 0.0217
Poisson likelihood: 0.0
CE loss: 0.0
Experiment 68033
Epoch 0090 [Test seq (cond on sampled tp)] | Loss 10772.399414 | Likelihood -10815.661133 | KL fp 3.4156 | FP STD 0.0589|
KL coef: 0.5524767862361895
Train loss (one batch): 9701.1845703125
Train CE loss (one batch): 0.0
Test MSE: 0.0216
Poisson likelihood: 0.0
CE loss: 0.0
Experiment 68033
Epoch 0091 [Test seq (cond on sampled tp)] | Loss 10983.067383 | Likelihood -10989.730469 | KL fp 3.4035 | FP STD 0.0581|
KL coef: 0.5569520183738275
Train loss (one batch): 9932.421875
Train CE loss (one batch): 0.0
Test MSE: 0.0220
Poisson likelihood: 0.0
CE loss: 0.0
Experiment 68033
Epoch 0092 [Test seq (cond on sampled tp)] | Loss 10750.425781 | Likelihood -10777.501953 | KL fp 3.4483 | FP STD 0.0568|
KL coef: 0.5613824981900892
Train loss (one batch): 10268.623046875
Train CE loss (one batch): 0.0
Test MSE: 0.0216
Poisson likelihood: 0.0
CE loss: 0.0
Experiment 68033
Epoch 0093 [Test seq (cond on sampled tp)] | Loss 10873.419922 | Likelihood -10916.968750 | KL fp 3.4274 | FP STD 0.0577|
KL coef: 0.5657686732081884
Train loss (one batch): 9549.8671875
Train CE loss (one batch): 0.0
Test MSE: 0.0218
Poisson likelihood: 0.0
CE loss: 0.0
Experiment 68033
Epoch 0094 [Test seq (cond on sampled tp)] | Loss 10779.639648 | Likelihood -10837.092773 | KL fp 3.3797 | FP STD 0.0576|
KL coef: 0.5701109864761065
Train loss (one batch): 9974.4287109375
Train CE loss (one batch): 0.0
Test MSE: 0.0217
Poisson likelihood: 0.0
CE loss: 0.0
Experiment 68033
Epoch 0095 [Test seq (cond on sampled tp)] | Loss 10712.833984 | Likelihood -10745.256836 | KL fp 3.3873 | FP STD 0.0586|
KL coef: 0.5744098766113455
Train loss (one batch): 9356.173828125
Train CE loss (one batch): 0.0
Test MSE: 0.0215
Poisson likelihood: 0.0
CE loss: 0.0
Experiment 68033
Epoch 0096 [Test seq (cond on sampled tp)] | Loss 10561.192383 | Likelihood -10587.207031 | KL fp 3.4418 | FP STD 0.0563|
KL coef: 0.578665777845232
Train loss (one batch): 9770.736328125
Train CE loss (one batch): 0.0
Test MSE: 0.0212
Poisson likelihood: 0.0
CE loss: 0.0
Experiment 68033
Epoch 0097 [Test seq (cond on sampled tp)] | Loss 10621.841797 | Likelihood -10641.726562 | KL fp 3.4424 | FP STD 0.0556|
KL coef: 0.5828791200667797
Train loss (one batch): 9673.5576171875
Train CE loss (one batch): 0.0
Test MSE: 0.0213
Poisson likelihood: 0.0
CE loss: 0.0
Experiment 68033
Epoch 0098 [Test seq (cond on sampled tp)] | Loss 10588.678711 | Likelihood -10630.803711 | KL fp 3.4623 | FP STD 0.0558|
KL coef: 0.5870503288661119
Train loss (one batch): 9998.2236328125
Train CE loss (one batch): 0.0
Test MSE: 0.0213
Poisson likelihood: 0.0
CE loss: 0.0
Experiment 68033
Epoch 0099 [Test seq (cond on sampled tp)] | Loss 10477.044922 | Likelihood -10535.592773 | KL fp 3.5018 | FP STD 0.0540|
KL coef: 0.5911798255774507
Train loss (one batch): 9731.2275390625
Train CE loss (one batch): 0.0
Test MSE: 0.0211
Poisson likelihood: 0.0
CE loss: 0.0
Experiment 68033
Epoch 0100 [Test seq (cond on sampled tp)] | Loss 10530.439453 | Likelihood -10558.098633 | KL fp 3.4602 | FP STD 0.0545|
KL coef: 0.5952680273216762
Train loss (one batch): 9642.154296875
Train CE loss (one batch): 0.0
Test MSE: 0.0211
Poisson likelihood: 0.0
CE loss: 0.0
