/Users/deyiliu/Dropbox/UNC/G4/Spring/790/code/latent_ode-master/run_models.py
run_models.py --niters 300 -n 1000 -l 15 --dataset hopper --latent-ode --z0-encoder trans -r 1500
Experiment 95656
Epoch 0001 [Test seq (cond on sampled tp)] | Loss 47611.503906 | Likelihood -48169.332031 | KL fp 2.4727 | FP STD 0.2459|
KL coef: 0.0
Train loss (one batch): 46614.23828125
Train CE loss (one batch): 0.0
Test MSE: 0.0964
Poisson likelihood: 0.0
CE loss: 0.0
Experiment 95656
Epoch 0002 [Test seq (cond on sampled tp)] | Loss 34384.164062 | Likelihood -34641.636719 | KL fp 2.5340 | FP STD 0.1886|
KL coef: 0.0
Train loss (one batch): 31667.330078125
Train CE loss (one batch): 0.0
Test MSE: 0.0693
Poisson likelihood: 0.0
CE loss: 0.0
Experiment 95656
Epoch 0003 [Test seq (cond on sampled tp)] | Loss 30169.404297 | Likelihood -30264.412109 | KL fp 2.7774 | FP STD 0.1431|
KL coef: 0.0
Train loss (one batch): 27788.5625
Train CE loss (one batch): 0.0
Test MSE: 0.0605
Poisson likelihood: 0.0
CE loss: 0.0
Experiment 95656
Epoch 0004 [Test seq (cond on sampled tp)] | Loss 29190.220703 | Likelihood -29441.281250 | KL fp 2.7197 | FP STD 0.1513|
KL coef: 0.0
Train loss (one batch): 28403.734375
Train CE loss (one batch): 0.0
Test MSE: 0.0589
Poisson likelihood: 0.0
CE loss: 0.0
Experiment 95656
Epoch 0005 [Test seq (cond on sampled tp)] | Loss 28205.347656 | Likelihood -28388.607422 | KL fp 2.7762 | FP STD 0.1379|
KL coef: 0.0
Train loss (one batch): 25504.001953125
Train CE loss (one batch): 0.0
Test MSE: 0.0568
Poisson likelihood: 0.0
CE loss: 0.0
Experiment 95656
Epoch 0006 [Test seq (cond on sampled tp)] | Loss 26593.607422 | Likelihood -26866.218750 | KL fp 2.8429 | FP STD 0.1370|
KL coef: 0.0
Train loss (one batch): 24482.716796875
Train CE loss (one batch): 0.0
Test MSE: 0.0537
Poisson likelihood: 0.0
CE loss: 0.0
Experiment 95656
Epoch 0007 [Test seq (cond on sampled tp)] | Loss 24737.849609 | Likelihood -24824.195312 | KL fp 2.8749 | FP STD 0.1318|
KL coef: 0.0
Train loss (one batch): 22739.349609375
Train CE loss (one batch): 0.0
Test MSE: 0.0497
Poisson likelihood: 0.0
CE loss: 0.0
Experiment 95656
Epoch 0008 [Test seq (cond on sampled tp)] | Loss 24004.560547 | Likelihood -24203.291016 | KL fp 2.7529 | FP STD 0.1413|
KL coef: 0.0
Train loss (one batch): 22655.75
Train CE loss (one batch): 0.0
Test MSE: 0.0484
Poisson likelihood: 0.0
CE loss: 0.0
Experiment 95656
Epoch 0009 [Test seq (cond on sampled tp)] | Loss 22979.248047 | Likelihood -23153.529297 | KL fp 2.7860 | FP STD 0.1379|
KL coef: 0.0
Train loss (one batch): 19142.1796875
Train CE loss (one batch): 0.0
Test MSE: 0.0463
Poisson likelihood: 0.0
CE loss: 0.0
Experiment 95656
Epoch 0010 [Test seq (cond on sampled tp)] | Loss 21823.900391 | Likelihood -21871.462891 | KL fp 2.8224 | FP STD 0.1318|
KL coef: 0.0
Train loss (one batch): 19430.212890625
Train CE loss (one batch): 0.0
Test MSE: 0.0438
Poisson likelihood: 0.0
CE loss: 0.0
Experiment 95656
Epoch 0011 [Test seq (cond on sampled tp)] | Loss 21254.589844 | Likelihood -21290.589844 | KL fp 2.8318 | FP STD 0.1303|
KL coef: 0.010000000000000009
Train loss (one batch): 17983.32421875
Train CE loss (one batch): 0.0
Test MSE: 0.0426
Poisson likelihood: 0.0
CE loss: 0.0
Experiment 95656
Epoch 0012 [Test seq (cond on sampled tp)] | Loss 20320.572266 | Likelihood -20441.742188 | KL fp 2.9999 | FP STD 0.1194|
KL coef: 0.01990000000000003
Train loss (one batch): 17386.732421875
Train CE loss (one batch): 0.0
Test MSE: 0.0409
Poisson likelihood: 0.0
CE loss: 0.0
Experiment 95656
Epoch 0013 [Test seq (cond on sampled tp)] | Loss 19688.230469 | Likelihood -19783.929688 | KL fp 2.9576 | FP STD 0.1179|
KL coef: 0.029700999999999977
Train loss (one batch): 16386.55078125
Train CE loss (one batch): 0.0
Test MSE: 0.0396
Poisson likelihood: 0.0
CE loss: 0.0
Experiment 95656
Epoch 0014 [Test seq (cond on sampled tp)] | Loss 18872.718750 | Likelihood -19192.806641 | KL fp 2.9563 | FP STD 0.1172|
KL coef: 0.039403990000000055
Train loss (one batch): 15852.91796875
Train CE loss (one batch): 0.0
Test MSE: 0.0384
Poisson likelihood: 0.0
CE loss: 0.0
Experiment 95656
Epoch 0015 [Test seq (cond on sampled tp)] | Loss 18307.152344 | Likelihood -18552.341797 | KL fp 2.9668 | FP STD 0.1151|
KL coef: 0.04900995010000009
Train loss (one batch): 15137.3427734375
Train CE loss (one batch): 0.0
Test MSE: 0.0371
Poisson likelihood: 0.0
CE loss: 0.0
Experiment 95656
Epoch 0016 [Test seq (cond on sampled tp)] | Loss 18159.712891 | Likelihood -18425.062500 | KL fp 2.9834 | FP STD 0.1147|
KL coef: 0.058519850599
Train loss (one batch): 16080.4375
Train CE loss (one batch): 0.0
Test MSE: 0.0369
Poisson likelihood: 0.0
CE loss: 0.0
Experiment 95656
Epoch 0017 [Test seq (cond on sampled tp)] | Loss 17870.736328 | Likelihood -17983.115234 | KL fp 2.9523 | FP STD 0.1153|
KL coef: 0.06793465209301008
Train loss (one batch): 14790.6171875
Train CE loss (one batch): 0.0
Test MSE: 0.0360
Poisson likelihood: 0.0
CE loss: 0.0
Experiment 95656
Epoch 0018 [Test seq (cond on sampled tp)] | Loss 17221.867188 | Likelihood -17264.923828 | KL fp 3.0541 | FP STD 0.1060|
KL coef: 0.07725530557207994
Train loss (one batch): 14248.1591796875
Train CE loss (one batch): 0.0
Test MSE: 0.0345
Poisson likelihood: 0.0
CE loss: 0.0
Experiment 95656
Epoch 0019 [Test seq (cond on sampled tp)] | Loss 16860.103516 | Likelihood -16901.861328 | KL fp 3.0062 | FP STD 0.1087|
KL coef: 0.08648275251635917
Train loss (one batch): 14918.61328125
Train CE loss (one batch): 0.0
Test MSE: 0.0338
Poisson likelihood: 0.0
CE loss: 0.0
Experiment 95656
Epoch 0020 [Test seq (cond on sampled tp)] | Loss 16742.900391 | Likelihood -16818.962891 | KL fp 3.0345 | FP STD 0.1071|
KL coef: 0.09561792499119559
Train loss (one batch): 14104.427734375
Train CE loss (one batch): 0.0
Test MSE: 0.0336
Poisson likelihood: 0.0
CE loss: 0.0
Experiment 95656
Epoch 0021 [Test seq (cond on sampled tp)] | Loss 16284.452148 | Likelihood -16416.505859 | KL fp 3.0763 | FP STD 0.1022|
KL coef: 0.10466174574128362
Train loss (one batch): 14677.732421875
Train CE loss (one batch): 0.0
Test MSE: 0.0328
Poisson likelihood: 0.0
CE loss: 0.0
Experiment 95656
Epoch 0022 [Test seq (cond on sampled tp)] | Loss 16308.898438 | Likelihood -16346.394531 | KL fp 3.0735 | FP STD 0.1008|
KL coef: 0.11361512828387077
Train loss (one batch): 14148.15234375
Train CE loss (one batch): 0.0
Test MSE: 0.0327
Poisson likelihood: 0.0
CE loss: 0.0
Experiment 95656
Epoch 0023 [Test seq (cond on sampled tp)] | Loss 15998.237305 | Likelihood -16127.718750 | KL fp 3.0956 | FP STD 0.0990|
KL coef: 0.12247897700103216
Train loss (one batch): 13716.3212890625
Train CE loss (one batch): 0.0
Test MSE: 0.0323
Poisson likelihood: 0.0
CE loss: 0.0
Experiment 95656
Epoch 0024 [Test seq (cond on sampled tp)] | Loss 15634.887695 | Likelihood -15677.090820 | KL fp 3.1474 | FP STD 0.0950|
KL coef: 0.13125418723102178
Train loss (one batch): 13982.818359375
Train CE loss (one batch): 0.0
Test MSE: 0.0314
Poisson likelihood: 0.0
CE loss: 0.0
Experiment 95656
Epoch 0025 [Test seq (cond on sampled tp)] | Loss 15360.902344 | Likelihood -15401.379883 | KL fp 3.2010 | FP STD 0.0912|
KL coef: 0.13994164535871156
Train loss (one batch): 13285.8603515625
Train CE loss (one batch): 0.0
Test MSE: 0.0308
Poisson likelihood: 0.0
CE loss: 0.0
Experiment 95656
Epoch 0026 [Test seq (cond on sampled tp)] | Loss 15155.272461 | Likelihood -15244.242188 | KL fp 3.1502 | FP STD 0.0946|
KL coef: 0.14854222890512447
Train loss (one batch): 13665.7802734375
Train CE loss (one batch): 0.0
Test MSE: 0.0305
Poisson likelihood: 0.0
CE loss: 0.0
Experiment 95656
Epoch 0027 [Test seq (cond on sampled tp)] | Loss 15408.569336 | Likelihood -15455.292969 | KL fp 3.1982 | FP STD 0.0915|
KL coef: 0.15705680661607324
Train loss (one batch): 13793.376953125
Train CE loss (one batch): 0.0
Test MSE: 0.0309
Poisson likelihood: 0.0
CE loss: 0.0
Experiment 95656
Epoch 0028 [Test seq (cond on sampled tp)] | Loss 14895.513672 | Likelihood -14973.049805 | KL fp 3.1744 | FP STD 0.0925|
KL coef: 0.1654862385499125
Train loss (one batch): 12802.197265625
Train CE loss (one batch): 0.0
Test MSE: 0.0300
Poisson likelihood: 0.0
CE loss: 0.0
Experiment 95656
Epoch 0029 [Test seq (cond on sampled tp)] | Loss 15036.585938 | Likelihood -15094.346680 | KL fp 3.1940 | FP STD 0.0877|
KL coef: 0.17383137616441335
Train loss (one batch): 12994.9658203125
Train CE loss (one batch): 0.0
Test MSE: 0.0302
Poisson likelihood: 0.0
CE loss: 0.0
Experiment 95656
Epoch 0030 [Test seq (cond on sampled tp)] | Loss 14598.956055 | Likelihood -14623.258789 | KL fp 3.1482 | FP STD 0.0908|
KL coef: 0.18209306240276923
Train loss (one batch): 13090.2353515625
Train CE loss (one batch): 0.0
Test MSE: 0.0293
Poisson likelihood: 0.0
CE loss: 0.0
Experiment 95656
Epoch 0031 [Test seq (cond on sampled tp)] | Loss 14220.798828 | Likelihood -14285.403320 | KL fp 3.2517 | FP STD 0.0842|
KL coef: 0.19027213177874158
Train loss (one batch): 12572.9921875
Train CE loss (one batch): 0.0
Test MSE: 0.0286
Poisson likelihood: 0.0
CE loss: 0.0
Experiment 95656
Epoch 0032 [Test seq (cond on sampled tp)] | Loss 14095.403320 | Likelihood -14116.179688 | KL fp 3.1874 | FP STD 0.0861|
KL coef: 0.19836941046095413
Train loss (one batch): 12468.6669921875
Train CE loss (one batch): 0.0
Test MSE: 0.0282
Poisson likelihood: 0.0
CE loss: 0.0
Experiment 95656
Epoch 0033 [Test seq (cond on sampled tp)] | Loss 13749.392578 | Likelihood -13842.699219 | KL fp 3.2189 | FP STD 0.0866|
KL coef: 0.20638571635634462
Train loss (one batch): 12223.490234375
Train CE loss (one batch): 0.0
Test MSE: 0.0277
Poisson likelihood: 0.0
CE loss: 0.0
Experiment 95656
Epoch 0034 [Test seq (cond on sampled tp)] | Loss 13824.499023 | Likelihood -14052.480469 | KL fp 3.2813 | FP STD 0.0804|
KL coef: 0.21432185919278124
Train loss (one batch): 11880.7412109375
Train CE loss (one batch): 0.0
Test MSE: 0.0281
Poisson likelihood: 0.0
CE loss: 0.0
Experiment 95656
Epoch 0035 [Test seq (cond on sampled tp)] | Loss 13878.520508 | Likelihood -13937.136719 | KL fp 3.2443 | FP STD 0.0838|
KL coef: 0.22217864060085335
Train loss (one batch): 12786.271484375
Train CE loss (one batch): 0.0
Test MSE: 0.0279
Poisson likelihood: 0.0
CE loss: 0.0
Experiment 95656
Epoch 0036 [Test seq (cond on sampled tp)] | Loss 13444.201172 | Likelihood -13588.532227 | KL fp 3.2474 | FP STD 0.0830|
KL coef: 0.2299568541948449
Train loss (one batch): 12404.4521484375
Train CE loss (one batch): 0.0
Test MSE: 0.0272
Poisson likelihood: 0.0
CE loss: 0.0
Experiment 95656
Epoch 0037 [Test seq (cond on sampled tp)] | Loss 12994.336914 | Likelihood -13129.221680 | KL fp 3.2714 | FP STD 0.0791|
KL coef: 0.23765728565289646
Train loss (one batch): 11942.4287109375
Train CE loss (one batch): 0.0
Test MSE: 0.0263
Poisson likelihood: 0.0
CE loss: 0.0
Experiment 95656
Epoch 0038 [Test seq (cond on sampled tp)] | Loss 13229.097656 | Likelihood -13273.430664 | KL fp 3.2706 | FP STD 0.0799|
KL coef: 0.24528071279636743
Train loss (one batch): 11986.4228515625
Train CE loss (one batch): 0.0
Test MSE: 0.0266
Poisson likelihood: 0.0
CE loss: 0.0
Experiment 95656
Epoch 0039 [Test seq (cond on sampled tp)] | Loss 12985.907227 | Likelihood -13135.252930 | KL fp 3.2471 | FP STD 0.0805|
KL coef: 0.25282790566840385
Train loss (one batch): 11085.5048828125
Train CE loss (one batch): 0.0
Test MSE: 0.0263
Poisson likelihood: 0.0
CE loss: 0.0
Experiment 95656
Epoch 0040 [Test seq (cond on sampled tp)] | Loss 12778.923828 | Likelihood -12785.817383 | KL fp 3.2619 | FP STD 0.0803|
KL coef: 0.2602996266117198
Train loss (one batch): 10993.0322265625
Train CE loss (one batch): 0.0
Test MSE: 0.0256
Poisson likelihood: 0.0
CE loss: 0.0
Experiment 95656
Epoch 0041 [Test seq (cond on sampled tp)] | Loss 12933.012695 | Likelihood -12955.534180 | KL fp 3.2881 | FP STD 0.0777|
KL coef: 0.26769663034560254
Train loss (one batch): 11161.359375
Train CE loss (one batch): 0.0
Test MSE: 0.0259
Poisson likelihood: 0.0
CE loss: 0.0
Experiment 95656
Epoch 0042 [Test seq (cond on sampled tp)] | Loss 12498.753906 | Likelihood -12555.479492 | KL fp 3.3119 | FP STD 0.0771|
KL coef: 0.2750196640421466
Train loss (one batch): 10541.28515625
Train CE loss (one batch): 0.0
Test MSE: 0.0251
Poisson likelihood: 0.0
CE loss: 0.0
Experiment 95656
Epoch 0043 [Test seq (cond on sampled tp)] | Loss 12559.917969 | Likelihood -12595.968750 | KL fp 3.3199 | FP STD 0.0764|
KL coef: 0.2822694674017251
Train loss (one batch): 10735.7021484375
Train CE loss (one batch): 0.0
Test MSE: 0.0252
Poisson likelihood: 0.0
CE loss: 0.0
Experiment 95656
Epoch 0044 [Test seq (cond on sampled tp)] | Loss 12576.050781 | Likelihood -12625.606445 | KL fp 3.2886 | FP STD 0.0769|
KL coef: 0.2894467727277079
Train loss (one batch): 10626.623046875
Train CE loss (one batch): 0.0
Test MSE: 0.0253
Poisson likelihood: 0.0
CE loss: 0.0
Experiment 95656
Epoch 0045 [Test seq (cond on sampled tp)] | Loss 12053.745117 | Likelihood -12139.561523 | KL fp 3.3270 | FP STD 0.0751|
KL coef: 0.29655230500043084
Train loss (one batch): 10409.65234375
Train CE loss (one batch): 0.0
Test MSE: 0.0243
Poisson likelihood: 0.0
CE loss: 0.0
Experiment 95656
Epoch 0046 [Test seq (cond on sampled tp)] | Loss 12280.470703 | Likelihood -12372.905273 | KL fp 3.3419 | FP STD 0.0750|
KL coef: 0.30358678195042654
Train loss (one batch): 10214.4619140625
Train CE loss (one batch): 0.0
Test MSE: 0.0248
Poisson likelihood: 0.0
CE loss: 0.0
Experiment 95656
Epoch 0047 [Test seq (cond on sampled tp)] | Loss 12287.640625 | Likelihood -12310.687500 | KL fp 3.3140 | FP STD 0.0744|
KL coef: 0.3105509141309223
Train loss (one batch): 10260.9677734375
Train CE loss (one batch): 0.0
Test MSE: 0.0246
Poisson likelihood: 0.0
CE loss: 0.0
Experiment 95656
Epoch 0048 [Test seq (cond on sampled tp)] | Loss 11878.332031 | Likelihood -11930.050781 | KL fp 3.3094 | FP STD 0.0735|
KL coef: 0.31744540498961304
Train loss (one batch): 10041.4990234375
Train CE loss (one batch): 0.0
Test MSE: 0.0239
Poisson likelihood: 0.0
CE loss: 0.0
Experiment 95656
Epoch 0049 [Test seq (cond on sampled tp)] | Loss 11866.785156 | Likelihood -11954.328125 | KL fp 3.3707 | FP STD 0.0725|
KL coef: 0.3242709509397169
Train loss (one batch): 10294.2294921875
Train CE loss (one batch): 0.0
Test MSE: 0.0239
Poisson likelihood: 0.0
CE loss: 0.0
Experiment 95656
Epoch 0050 [Test seq (cond on sampled tp)] | Loss 11630.706055 | Likelihood -11701.561523 | KL fp 3.3261 | FP STD 0.0731|
KL coef: 0.3310282414303197
Train loss (one batch): 9956.43359375
Train CE loss (one batch): 0.0
Test MSE: 0.0234
Poisson likelihood: 0.0
CE loss: 0.0
Experiment 95656
Epoch 0051 [Test seq (cond on sampled tp)] | Loss 11645.686523 | Likelihood -11687.012695 | KL fp 3.3323 | FP STD 0.0728|
KL coef: 0.33771795901601653
Train loss (one batch): 9994.66015625
Train CE loss (one batch): 0.0
Test MSE: 0.0234
Poisson likelihood: 0.0
CE loss: 0.0
Experiment 95656
Epoch 0052 [Test seq (cond on sampled tp)] | Loss 11452.178711 | Likelihood -11520.131836 | KL fp 3.4095 | FP STD 0.0681|
KL coef: 0.3443407794258564
Train loss (one batch): 9869.8828125
Train CE loss (one batch): 0.0
Test MSE: 0.0231
Poisson likelihood: 0.0
CE loss: 0.0
Experiment 95656
Epoch 0053 [Test seq (cond on sampled tp)] | Loss 11374.890625 | Likelihood -11386.018555 | KL fp 3.4268 | FP STD 0.0694|
KL coef: 0.35089737163159784
Train loss (one batch): 9702.048828125
Train CE loss (one batch): 0.0
Test MSE: 0.0228
Poisson likelihood: 0.0
CE loss: 0.0
Experiment 95656
Epoch 0054 [Test seq (cond on sampled tp)] | Loss 11348.990234 | Likelihood -11380.174805 | KL fp 3.3479 | FP STD 0.0706|
KL coef: 0.3573883979152819
Train loss (one batch): 9468.8779296875
Train CE loss (one batch): 0.0
Test MSE: 0.0228
Poisson likelihood: 0.0
CE loss: 0.0
Experiment 95656
Epoch 0055 [Test seq (cond on sampled tp)] | Loss 11354.763672 | Likelihood -11380.721680 | KL fp 3.4105 | FP STD 0.0675|
KL coef: 0.36381451393612907
Train loss (one batch): 9806.85546875
Train CE loss (one batch): 0.0
Test MSE: 0.0228
Poisson likelihood: 0.0
CE loss: 0.0
Experiment 95656
Epoch 0056 [Test seq (cond on sampled tp)] | Loss 11241.185547 | Likelihood -11310.612305 | KL fp 3.4655 | FP STD 0.0651|
KL coef: 0.37017636879676774
Train loss (one batch): 9495.3544921875
Train CE loss (one batch): 0.0
Test MSE: 0.0226
Poisson likelihood: 0.0
CE loss: 0.0
Experiment 95656
Epoch 0057 [Test seq (cond on sampled tp)] | Loss 11136.632812 | Likelihood -11222.231445 | KL fp 3.3870 | FP STD 0.0689|
KL coef: 0.37647460510880004
Train loss (one batch): 9344.79296875
Train CE loss (one batch): 0.0
Test MSE: 0.0225
Poisson likelihood: 0.0
CE loss: 0.0
Experiment 95656
Epoch 0058 [Test seq (cond on sampled tp)] | Loss 11091.083984 | Likelihood -11158.860352 | KL fp 3.4166 | FP STD 0.0674|
KL coef: 0.38270985905771204
Train loss (one batch): 9757.134765625
Train CE loss (one batch): 0.0
Test MSE: 0.0223
Poisson likelihood: 0.0
CE loss: 0.0
Experiment 95656
Epoch 0059 [Test seq (cond on sampled tp)] | Loss 10914.491211 | Likelihood -10941.166992 | KL fp 3.4789 | FP STD 0.0644|
KL coef: 0.388882760467135
Train loss (one batch): 9558.216796875
Train CE loss (one batch): 0.0
Test MSE: 0.0219
Poisson likelihood: 0.0
CE loss: 0.0
Experiment 95656
Epoch 0060 [Test seq (cond on sampled tp)] | Loss 10749.821289 | Likelihood -10777.320312 | KL fp 3.4437 | FP STD 0.0655|
KL coef: 0.39499393286246365
Train loss (one batch): 9279.8701171875
Train CE loss (one batch): 0.0
Test MSE: 0.0216
Poisson likelihood: 0.0
CE loss: 0.0
Experiment 95656
Epoch 0061 [Test seq (cond on sampled tp)] | Loss 10633.303711 | Likelihood -10669.098633 | KL fp 3.4841 | FP STD 0.0627|
KL coef: 0.401043993533839
Train loss (one batch): 9059.0830078125
Train CE loss (one batch): 0.0
Test MSE: 0.0214
Poisson likelihood: 0.0
CE loss: 0.0
Experiment 95656
Epoch 0062 [Test seq (cond on sampled tp)] | Loss 10624.224609 | Likelihood -10662.551758 | KL fp 3.4602 | FP STD 0.0633|
KL coef: 0.4070335535985006
Train loss (one batch): 9249.1181640625
Train CE loss (one batch): 0.0
Test MSE: 0.0213
Poisson likelihood: 0.0
CE loss: 0.0
Experiment 95656
Epoch 0063 [Test seq (cond on sampled tp)] | Loss 10911.138672 | Likelihood -10970.905273 | KL fp 3.4255 | FP STD 0.0657|
KL coef: 0.41296321806251557
Train loss (one batch): 9298.4638671875
Train CE loss (one batch): 0.0
Test MSE: 0.0220
Poisson likelihood: 0.0
CE loss: 0.0
Experiment 95656
Epoch 0064 [Test seq (cond on sampled tp)] | Loss 10707.236328 | Likelihood -10735.204102 | KL fp 3.5127 | FP STD 0.0614|
KL coef: 0.41883358588189046
Train loss (one batch): 8862.833984375
Train CE loss (one batch): 0.0
Test MSE: 0.0215
Poisson likelihood: 0.0
CE loss: 0.0
Experiment 95656
Epoch 0065 [Test seq (cond on sampled tp)] | Loss 10719.727539 | Likelihood -10721.957031 | KL fp 3.5225 | FP STD 0.0616|
KL coef: 0.4246452500230715
Train loss (one batch): 8515.7412109375
Train CE loss (one batch): 0.0
Test MSE: 0.0215
Poisson likelihood: 0.0
CE loss: 0.0
Experiment 95656
Epoch 0066 [Test seq (cond on sampled tp)] | Loss 10556.049805 | Likelihood -10561.781250 | KL fp 3.5304 | FP STD 0.0600|
KL coef: 0.4303987975228408
Train loss (one batch): 8966.12109375
Train CE loss (one batch): 0.0
Test MSE: 0.0211
Poisson likelihood: 0.0
CE loss: 0.0
Experiment 95656
Epoch 0067 [Test seq (cond on sampled tp)] | Loss 10631.153320 | Likelihood -10668.698242 | KL fp 3.5049 | FP STD 0.0613|
KL coef: 0.4360948095476125
Train loss (one batch): 8689.646484375
Train CE loss (one batch): 0.0
Test MSE: 0.0213
Poisson likelihood: 0.0
CE loss: 0.0
Experiment 95656
Epoch 0068 [Test seq (cond on sampled tp)] | Loss 10505.831055 | Likelihood -10527.306641 | KL fp 3.5298 | FP STD 0.0593|
KL coef: 0.44173386145213633
Train loss (one batch): 9131.7412109375
Train CE loss (one batch): 0.0
Test MSE: 0.0211
Poisson likelihood: 0.0
CE loss: 0.0
Experiment 95656
Epoch 0069 [Test seq (cond on sampled tp)] | Loss 10252.648438 | Likelihood -10280.303711 | KL fp 3.5365 | FP STD 0.0594|
KL coef: 0.4473165228376149
Train loss (one batch): 8809.0498046875
Train CE loss (one batch): 0.0
Test MSE: 0.0206
Poisson likelihood: 0.0
CE loss: 0.0
Experiment 95656
Epoch 0070 [Test seq (cond on sampled tp)] | Loss 10207.381836 | Likelihood -10238.422852 | KL fp 3.5595 | FP STD 0.0579|
KL coef: 0.4528433576092388
Train loss (one batch): 8890.8447265625
Train CE loss (one batch): 0.0
Test MSE: 0.0205
Poisson likelihood: 0.0
CE loss: 0.0
Experiment 95656
Epoch 0071 [Test seq (cond on sampled tp)] | Loss 10399.770508 | Likelihood -10417.418945 | KL fp 3.5536 | FP STD 0.0588|
KL coef: 0.45831492403314644
Train loss (one batch): 8342.1650390625
Train CE loss (one batch): 0.0
Test MSE: 0.0208
Poisson likelihood: 0.0
CE loss: 0.0
Experiment 95656
Epoch 0072 [Test seq (cond on sampled tp)] | Loss 10334.577148 | Likelihood -10388.041992 | KL fp 3.4963 | FP STD 0.0594|
KL coef: 0.463731774792815
Train loss (one batch): 8464.3369140625
Train CE loss (one batch): 0.0
Test MSE: 0.0208
Poisson likelihood: 0.0
CE loss: 0.0
Experiment 95656
Epoch 0073 [Test seq (cond on sampled tp)] | Loss 9903.418945 | Likelihood -9932.121094 | KL fp 3.5967 | FP STD 0.0556|
KL coef: 0.46909445704488684
Train loss (one batch): 8553.1044921875
Train CE loss (one batch): 0.0
Test MSE: 0.0199
Poisson likelihood: 0.0
CE loss: 0.0
Experiment 95656
Epoch 0074 [Test seq (cond on sampled tp)] | Loss 10068.948242 | Likelihood -10190.276367 | KL fp 3.6301 | FP STD 0.0542|
KL coef: 0.474403512474438
Train loss (one batch): 8350.427734375
Train CE loss (one batch): 0.0
Test MSE: 0.0204
Poisson likelihood: 0.0
CE loss: 0.0
Experiment 95656
Epoch 0075 [Test seq (cond on sampled tp)] | Loss 9931.808594 | Likelihood -9936.032227 | KL fp 3.5876 | FP STD 0.0563|
KL coef: 0.4796594773496936
Train loss (one batch): 8593.0888671875
Train CE loss (one batch): 0.0
Test MSE: 0.0199
Poisson likelihood: 0.0
CE loss: 0.0
Experiment 95656
Epoch 0076 [Test seq (cond on sampled tp)] | Loss 9973.713867 | Likelihood -10024.101562 | KL fp 3.5685 | FP STD 0.0567|
KL coef: 0.4848628825761967
Train loss (one batch): 8214.5166015625
Train CE loss (one batch): 0.0
Test MSE: 0.0201
Poisson likelihood: 0.0
CE loss: 0.0
Experiment 95656
Epoch 0077 [Test seq (cond on sampled tp)] | Loss 10032.709961 | Likelihood -10049.575195 | KL fp 3.5751 | FP STD 0.0565|
KL coef: 0.4900142537504347
Train loss (one batch): 8377.861328125
Train CE loss (one batch): 0.0
Test MSE: 0.0201
Poisson likelihood: 0.0
CE loss: 0.0
Experiment 95656
Epoch 0078 [Test seq (cond on sampled tp)] | Loss 9960.041016 | Likelihood -10035.915039 | KL fp 3.6052 | FP STD 0.0542|
KL coef: 0.49511411121293036
Train loss (one batch): 8672.138671875
Train CE loss (one batch): 0.0
Test MSE: 0.0201
Poisson likelihood: 0.0
CE loss: 0.0
Experiment 95656
Epoch 0079 [Test seq (cond on sampled tp)] | Loss 9896.143555 | Likelihood -9899.438477 | KL fp 3.6212 | FP STD 0.0545|
KL coef: 0.500162970100801
Train loss (one batch): 8031.2265625
Train CE loss (one batch): 0.0
Test MSE: 0.0198
Poisson likelihood: 0.0
CE loss: 0.0
Experiment 95656
Epoch 0080 [Test seq (cond on sampled tp)] | Loss 9861.113281 | Likelihood -9921.313477 | KL fp 3.6446 | FP STD 0.0534|
KL coef: 0.505161340399793
Train loss (one batch): 8005.5478515625
Train CE loss (one batch): 0.0
Test MSE: 0.0199
Poisson likelihood: 0.0
CE loss: 0.0
Experiment 95656
Epoch 0081 [Test seq (cond on sampled tp)] | Loss 9755.291016 | Likelihood -9805.887695 | KL fp 3.6325 | FP STD 0.0526|
KL coef: 0.510109726995795
Train loss (one batch): 7897.82177734375
Train CE loss (one batch): 0.0
Test MSE: 0.0196
Poisson likelihood: 0.0
CE loss: 0.0
Experiment 95656
Epoch 0082 [Test seq (cond on sampled tp)] | Loss 9444.541992 | Likelihood -9456.317383 | KL fp 3.6765 | FP STD 0.0516|
KL coef: 0.5150086297258372
Train loss (one batch): 8011.1513671875
Train CE loss (one batch): 0.0
Test MSE: 0.0189
Poisson likelihood: 0.0
CE loss: 0.0
Experiment 95656
Epoch 0083 [Test seq (cond on sampled tp)] | Loss 9586.980469 | Likelihood -9615.371094 | KL fp 3.6172 | FP STD 0.0526|
KL coef: 0.5198585434285787
Train loss (one batch): 7646.671875
Train CE loss (one batch): 0.0
Test MSE: 0.0192
Poisson likelihood: 0.0
CE loss: 0.0
Experiment 95656
Epoch 0084 [Test seq (cond on sampled tp)] | Loss 9613.741211 | Likelihood -9646.622070 | KL fp 3.6662 | FP STD 0.0522|
KL coef: 0.524659957994293
Train loss (one batch): 7494.57958984375
Train CE loss (one batch): 0.0
Test MSE: 0.0193
Poisson likelihood: 0.0
CE loss: 0.0
Experiment 95656
Epoch 0085 [Test seq (cond on sampled tp)] | Loss 9429.471680 | Likelihood -9457.561523 | KL fp 3.6531 | FP STD 0.0515|
KL coef: 0.5294133584143501
Train loss (one batch): 7780.26708984375
Train CE loss (one batch): 0.0
Test MSE: 0.0189
Poisson likelihood: 0.0
CE loss: 0.0
Experiment 95656
Epoch 0086 [Test seq (cond on sampled tp)] | Loss 9495.201172 | Likelihood -9544.268555 | KL fp 3.7038 | FP STD 0.0504|
KL coef: 0.5341192248302067
Train loss (one batch): 7584.5791015625
Train CE loss (one batch): 0.0
Test MSE: 0.0191
Poisson likelihood: 0.0
CE loss: 0.0
Experiment 95656
Epoch 0087 [Test seq (cond on sampled tp)] | Loss 9420.064453 | Likelihood -9495.664062 | KL fp 3.6503 | FP STD 0.0510|
KL coef: 0.5387780325819045
Train loss (one batch): 7545.6318359375
Train CE loss (one batch): 0.0
Test MSE: 0.0190
Poisson likelihood: 0.0
CE loss: 0.0
Experiment 95656
Epoch 0088 [Test seq (cond on sampled tp)] | Loss 9522.518555 | Likelihood -9552.277344 | KL fp 3.6422 | FP STD 0.0508|
KL coef: 0.5433902522560855
Train loss (one batch): 7806.2099609375
Train CE loss (one batch): 0.0
Test MSE: 0.0191
Poisson likelihood: 0.0
CE loss: 0.0
Experiment 95656
Epoch 0089 [Test seq (cond on sampled tp)] | Loss 9384.595703 | Likelihood -9418.041992 | KL fp 3.6936 | FP STD 0.0503|
KL coef: 0.5479563497335247
Train loss (one batch): 7949.15576171875
Train CE loss (one batch): 0.0
Test MSE: 0.0188
Poisson likelihood: 0.0
CE loss: 0.0
Experiment 95656
Epoch 0090 [Test seq (cond on sampled tp)] | Loss 9255.712891 | Likelihood -9293.464844 | KL fp 3.6896 | FP STD 0.0500|
KL coef: 0.5524767862361895
Train loss (one batch): 7627.376953125
Train CE loss (one batch): 0.0
Test MSE: 0.0186
Poisson likelihood: 0.0
CE loss: 0.0
Experiment 95656
Epoch 0091 [Test seq (cond on sampled tp)] | Loss 9146.833984 | Likelihood -9156.623047 | KL fp 3.6910 | FP STD 0.0495|
KL coef: 0.5569520183738275
Train loss (one batch): 7542.62646484375
Train CE loss (one batch): 0.0
Test MSE: 0.0183
Poisson likelihood: 0.0
CE loss: 0.0
Experiment 95656
Epoch 0092 [Test seq (cond on sampled tp)] | Loss 9451.218750 | Likelihood -9468.491211 | KL fp 3.6737 | FP STD 0.0500|
KL coef: 0.5613824981900892
Train loss (one batch): 7055.64599609375
Train CE loss (one batch): 0.0
Test MSE: 0.0189
Poisson likelihood: 0.0
CE loss: 0.0
Experiment 95656
Epoch 0093 [Test seq (cond on sampled tp)] | Loss 9135.342773 | Likelihood -9134.565430 | KL fp 3.7339 | FP STD 0.0479|
KL coef: 0.5657686732081884
Train loss (one batch): 7486.9736328125
Train CE loss (one batch): 0.0
Test MSE: 0.0183
Poisson likelihood: 0.0
CE loss: 0.0
Experiment 95656
Epoch 0094 [Test seq (cond on sampled tp)] | Loss 9057.754883 | Likelihood -9126.024414 | KL fp 3.7376 | FP STD 0.0485|
KL coef: 0.5701109864761065
Train loss (one batch): 7045.3369140625
Train CE loss (one batch): 0.0
Test MSE: 0.0183
Poisson likelihood: 0.0
CE loss: 0.0
Experiment 95656
Epoch 0095 [Test seq (cond on sampled tp)] | Loss 9279.825195 | Likelihood -9311.541992 | KL fp 3.5922 | FP STD 0.0524|
KL coef: 0.5744098766113455
Train loss (one batch): 7765.2236328125
Train CE loss (one batch): 0.0
Test MSE: 0.0186
Poisson likelihood: 0.0
CE loss: 0.0
Experiment 95656
Epoch 0096 [Test seq (cond on sampled tp)] | Loss 9222.232422 | Likelihood -9233.582031 | KL fp 3.7135 | FP STD 0.0484|
KL coef: 0.578665777845232
Train loss (one batch): 7530.650390625
Train CE loss (one batch): 0.0
Test MSE: 0.0185
Poisson likelihood: 0.0
CE loss: 0.0
Experiment 95656
Epoch 0097 [Test seq (cond on sampled tp)] | Loss 9052.966797 | Likelihood -9070.602539 | KL fp 3.6900 | FP STD 0.0492|
KL coef: 0.5828791200667797
Train loss (one batch): 7297.60986328125
Train CE loss (one batch): 0.0
Test MSE: 0.0182
Poisson likelihood: 0.0
CE loss: 0.0
Experiment 95656
Epoch 0098 [Test seq (cond on sampled tp)] | Loss 8927.156250 | Likelihood -8976.980469 | KL fp 3.7259 | FP STD 0.0481|
KL coef: 0.5870503288661119
Train loss (one batch): 7008.2451171875
Train CE loss (one batch): 0.0
Test MSE: 0.0180
Poisson likelihood: 0.0
CE loss: 0.0
Experiment 95656
Epoch 0099 [Test seq (cond on sampled tp)] | Loss 8940.349609 | Likelihood -8945.752930 | KL fp 3.7640 | FP STD 0.0466|
KL coef: 0.5911798255774507
Train loss (one batch): 7169.57666015625
Train CE loss (one batch): 0.0
Test MSE: 0.0179
Poisson likelihood: 0.0
CE loss: 0.0
Experiment 95656
Epoch 0100 [Test seq (cond on sampled tp)] | Loss 9011.292969 | Likelihood -9012.159180 | KL fp 3.7069 | FP STD 0.0487|
KL coef: 0.5952680273216762
Train loss (one batch): 7184.99658203125
Train CE loss (one batch): 0.0
Test MSE: 0.0180
Poisson likelihood: 0.0
CE loss: 0.0
Experiment 95656
Epoch 0101 [Test seq (cond on sampled tp)] | Loss 8909.711914 | Likelihood -8960.882812 | KL fp 3.7563 | FP STD 0.0458|
KL coef: 0.5993153470484595
Train loss (one batch): 7081.046875
Train CE loss (one batch): 0.0
Test MSE: 0.0179
Poisson likelihood: 0.0
CE loss: 0.0
Experiment 95656
Epoch 0102 [Test seq (cond on sampled tp)] | Loss 8798.409180 | Likelihood -8820.182617 | KL fp 3.7348 | FP STD 0.0470|
KL coef: 0.6033221935779749
Train loss (one batch): 7075.017578125
Train CE loss (one batch): 0.0
Test MSE: 0.0177
Poisson likelihood: 0.0
CE loss: 0.0
Experiment 95656
Epoch 0103 [Test seq (cond on sampled tp)] | Loss 8876.636719 | Likelihood -8905.926758 | KL fp 3.7698 | FP STD 0.0458|
KL coef: 0.6072889716421952
Train loss (one batch): 6974.9541015625
Train CE loss (one batch): 0.0
Test MSE: 0.0178
Poisson likelihood: 0.0
CE loss: 0.0
Experiment 95656
Epoch 0104 [Test seq (cond on sampled tp)] | Loss 8784.869141 | Likelihood -8818.352539 | KL fp 3.7640 | FP STD 0.0455|
KL coef: 0.6112160819257733
Train loss (one batch): 7298.85693359375
Train CE loss (one batch): 0.0
Test MSE: 0.0176
Poisson likelihood: 0.0
CE loss: 0.0
Experiment 95656
Epoch 0105 [Test seq (cond on sampled tp)] | Loss 8823.076172 | Likelihood -8878.721680 | KL fp 3.7323 | FP STD 0.0468|
KL coef: 0.6151039211065155
Train loss (one batch): 6627.69189453125
Train CE loss (one batch): 0.0
Test MSE: 0.0178
Poisson likelihood: 0.0
CE loss: 0.0
Experiment 95656
Epoch 0106 [Test seq (cond on sampled tp)] | Loss 8811.756836 | Likelihood -8834.747070 | KL fp 3.7549 | FP STD 0.0457|
KL coef: 0.6189528818954504
Train loss (one batch): 6570.296875
Train CE loss (one batch): 0.0
Test MSE: 0.0177
Poisson likelihood: 0.0
CE loss: 0.0
Experiment 95656
Epoch 0107 [Test seq (cond on sampled tp)] | Loss 8943.897461 | Likelihood -8961.808594 | KL fp 3.7294 | FP STD 0.0469|
KL coef: 0.6227633530764958
Train loss (one batch): 6722.22412109375
Train CE loss (one batch): 0.0
Test MSE: 0.0179
Poisson likelihood: 0.0
CE loss: 0.0
Experiment 95656
Epoch 0108 [Test seq (cond on sampled tp)] | Loss 8674.604492 | Likelihood -8693.227539 | KL fp 3.7951 | FP STD 0.0441|
KL coef: 0.6265357195457308
Train loss (one batch): 7100.1689453125
Train CE loss (one batch): 0.0
Test MSE: 0.0174
Poisson likelihood: 0.0
CE loss: 0.0
Experiment 95656
Epoch 0109 [Test seq (cond on sampled tp)] | Loss 8512.680664 | Likelihood -8536.837891 | KL fp 3.7738 | FP STD 0.0447|
KL coef: 0.6302703623502736
Train loss (one batch): 6471.8515625
Train CE loss (one batch): 0.0
Test MSE: 0.0171
Poisson likelihood: 0.0
CE loss: 0.0
Experiment 95656
Epoch 0110 [Test seq (cond on sampled tp)] | Loss 8521.021484 | Likelihood -8564.210938 | KL fp 3.7887 | FP STD 0.0457|
KL coef: 0.6339676587267709
Train loss (one batch): 7129.333984375
Train CE loss (one batch): 0.0
Test MSE: 0.0171
Poisson likelihood: 0.0
CE loss: 0.0
Experiment 95656
Epoch 0111 [Test seq (cond on sampled tp)] | Loss 8766.335938 | Likelihood -8822.230469 | KL fp 3.7600 | FP STD 0.0460|
KL coef: 0.6376279821395031
Train loss (one batch): 6450.232421875
Train CE loss (one batch): 0.0
Test MSE: 0.0177
Poisson likelihood: 0.0
CE loss: 0.0
Experiment 95656
Epoch 0112 [Test seq (cond on sampled tp)] | Loss 8739.289062 | Likelihood -8753.392578 | KL fp 3.7589 | FP STD 0.0456|
KL coef: 0.6412517023181081
Train loss (one batch): 7029.34619140625
Train CE loss (one batch): 0.0
Test MSE: 0.0175
Poisson likelihood: 0.0
CE loss: 0.0
Experiment 95656
Epoch 0113 [Test seq (cond on sampled tp)] | Loss 8404.227539 | Likelihood -8411.856445 | KL fp 3.7640 | FP STD 0.0450|
KL coef: 0.644839185294927
Train loss (one batch): 6562.4033203125
Train CE loss (one batch): 0.0
Test MSE: 0.0168
Poisson likelihood: 0.0
CE loss: 0.0
Experiment 95656
Epoch 0114 [Test seq (cond on sampled tp)] | Loss 8358.876953 | Likelihood -8401.388672 | KL fp 3.7840 | FP STD 0.0441|
KL coef: 0.6483907934419777
Train loss (one batch): 6501.6962890625
Train CE loss (one batch): 0.0
Test MSE: 0.0168
Poisson likelihood: 0.0
CE loss: 0.0
Experiment 95656
Epoch 0115 [Test seq (cond on sampled tp)] | Loss 8610.646484 | Likelihood -8650.859375 | KL fp 3.7674 | FP STD 0.0449|
KL coef: 0.651906885507558
Train loss (one batch): 6932.56884765625
Train CE loss (one batch): 0.0
Test MSE: 0.0173
Poisson likelihood: 0.0
CE loss: 0.0
Experiment 95656
Epoch 0116 [Test seq (cond on sampled tp)] | Loss 8675.168945 | Likelihood -8762.809570 | KL fp 3.7670 | FP STD 0.0450|
KL coef: 0.6553878166524825
Train loss (one batch): 6623.39208984375
Train CE loss (one batch): 0.0
Test MSE: 0.0175
Poisson likelihood: 0.0
CE loss: 0.0
Experiment 95656
Epoch 0117 [Test seq (cond on sampled tp)] | Loss 8352.799805 | Likelihood -8403.468750 | KL fp 3.8268 | FP STD 0.0424|
KL coef: 0.6588339384859576
Train loss (one batch): 6712.298828125
Train CE loss (one batch): 0.0
Test MSE: 0.0168
Poisson likelihood: 0.0
CE loss: 0.0
Experiment 95656
Epoch 0118 [Test seq (cond on sampled tp)] | Loss 8694.596680 | Likelihood -8713.346680 | KL fp 3.7478 | FP STD 0.0449|
KL coef: 0.662245599101098
Train loss (one batch): 6485.7314453125
Train CE loss (one batch): 0.0
Test MSE: 0.0174
Poisson likelihood: 0.0
CE loss: 0.0
Experiment 95656
Epoch 0119 [Test seq (cond on sampled tp)] | Loss 8405.002930 | Likelihood -8412.397461 | KL fp 3.7977 | FP STD 0.0433|
KL coef: 0.665623143110087
Train loss (one batch): 6433.587890625
Train CE loss (one batch): 0.0
Test MSE: 0.0168
Poisson likelihood: 0.0
CE loss: 0.0
Experiment 95656
Epoch 0120 [Test seq (cond on sampled tp)] | Loss 8438.283203 | Likelihood -8462.354492 | KL fp 3.8008 | FP STD 0.0430|
KL coef: 0.6689669116789861
Train loss (one batch): 6519.73974609375
Train CE loss (one batch): 0.0
Test MSE: 0.0169
Poisson likelihood: 0.0
CE loss: 0.0
Experiment 95656
Epoch 0121 [Test seq (cond on sampled tp)] | Loss 8409.948242 | Likelihood -8437.460938 | KL fp 3.8257 | FP STD 0.0428|
KL coef: 0.6722772425621963
Train loss (one batch): 6546.955078125
Train CE loss (one batch): 0.0
Test MSE: 0.0169
Poisson likelihood: 0.0
CE loss: 0.0
Experiment 95656
Epoch 0122 [Test seq (cond on sampled tp)] | Loss 8396.626953 | Likelihood -8473.075195 | KL fp 3.8018 | FP STD 0.0429|
KL coef: 0.6755544701365743
Train loss (one batch): 6657.423828125
Train CE loss (one batch): 0.0
Test MSE: 0.0170
Poisson likelihood: 0.0
CE loss: 0.0
Experiment 95656
Epoch 0123 [Test seq (cond on sampled tp)] | Loss 8292.871094 | Likelihood -8308.805664 | KL fp 3.8289 | FP STD 0.0433|
KL coef: 0.6787989254352086
Train loss (one batch): 6310.76416015625
Train CE loss (one batch): 0.0
Test MSE: 0.0166
Poisson likelihood: 0.0
CE loss: 0.0
Experiment 95656
Epoch 0124 [Test seq (cond on sampled tp)] | Loss 8186.096680 | Likelihood -8196.315430 | KL fp 3.8343 | FP STD 0.0413|
KL coef: 0.6820109361808565
Train loss (one batch): 6427.236328125
Train CE loss (one batch): 0.0
Test MSE: 0.0164
Poisson likelihood: 0.0
CE loss: 0.0
Experiment 95656
Epoch 0125 [Test seq (cond on sampled tp)] | Loss 8183.868652 | Likelihood -8266.551758 | KL fp 3.8315 | FP STD 0.0421|
KL coef: 0.685190826819048
Train loss (one batch): 6452.2626953125
Train CE loss (one batch): 0.0
Test MSE: 0.0165
Poisson likelihood: 0.0
CE loss: 0.0
Experiment 95656
Epoch 0126 [Test seq (cond on sampled tp)] | Loss 8120.983887 | Likelihood -8138.031250 | KL fp 3.8580 | FP STD 0.0410|
KL coef: 0.6883389185508575
Train loss (one batch): 6300.66015625
Train CE loss (one batch): 0.0
Test MSE: 0.0163
Poisson likelihood: 0.0
CE loss: 0.0
Experiment 95656
Epoch 0127 [Test seq (cond on sampled tp)] | Loss 8020.271484 | Likelihood -8059.175781 | KL fp 3.8755 | FP STD 0.0403|
KL coef: 0.6914555293653489
Train loss (one batch): 6727.24658203125
Train CE loss (one batch): 0.0
Test MSE: 0.0161
Poisson likelihood: 0.0
CE loss: 0.0
Experiment 95656
Epoch 0128 [Test seq (cond on sampled tp)] | Loss 8106.333496 | Likelihood -8132.289551 | KL fp 3.8681 | FP STD 0.0405|
KL coef: 0.6945409740716955
Train loss (one batch): 6483.77685546875
Train CE loss (one batch): 0.0
Test MSE: 0.0163
Poisson likelihood: 0.0
CE loss: 0.0
Experiment 95656
Epoch 0129 [Test seq (cond on sampled tp)] | Loss 8295.260742 | Likelihood -8307.436523 | KL fp 3.7971 | FP STD 0.0427|
KL coef: 0.6975955643309785
Train loss (one batch): 6265.3642578125
Train CE loss (one batch): 0.0
Test MSE: 0.0166
Poisson likelihood: 0.0
CE loss: 0.0
Experiment 95656
Epoch 0130 [Test seq (cond on sampled tp)] | Loss 8192.749023 | Likelihood -8192.614258 | KL fp 3.8654 | FP STD 0.0400|
KL coef: 0.7006196086876687
Train loss (one batch): 6421.099609375
Train CE loss (one batch): 0.0
Test MSE: 0.0164
Poisson likelihood: 0.0
CE loss: 0.0
Experiment 95656
Epoch 0131 [Test seq (cond on sampled tp)] | Loss 8117.888672 | Likelihood -8154.964844 | KL fp 3.7924 | FP STD 0.0429|
KL coef: 0.703613412600792
Train loss (one batch): 6068.02392578125
Train CE loss (one batch): 0.0
Test MSE: 0.0163
Poisson likelihood: 0.0
CE loss: 0.0
Experiment 95656
Epoch 0132 [Test seq (cond on sampled tp)] | Loss 8249.907227 | Likelihood -8249.859375 | KL fp 3.8490 | FP STD 0.0413|
KL coef: 0.7065772784747841
Train loss (one batch): 6425.40478515625
Train CE loss (one batch): 0.0
Test MSE: 0.0165
Poisson likelihood: 0.0
CE loss: 0.0
Experiment 95656
Epoch 0133 [Test seq (cond on sampled tp)] | Loss 8352.808594 | Likelihood -8382.014648 | KL fp 3.8004 | FP STD 0.0419|
KL coef: 0.7095115056900363
Train loss (one batch): 6644.4736328125
Train CE loss (one batch): 0.0
Test MSE: 0.0168
Poisson likelihood: 0.0
CE loss: 0.0
Experiment 95656
Epoch 0134 [Test seq (cond on sampled tp)] | Loss 8035.330566 | Likelihood -8055.901855 | KL fp 3.8510 | FP STD 0.0411|
KL coef: 0.7124163906331359
Train loss (one batch): 6194.0283203125
Train CE loss (one batch): 0.0
Test MSE: 0.0161
Poisson likelihood: 0.0
CE loss: 0.0
Experiment 95656
Epoch 0135 [Test seq (cond on sampled tp)] | Loss 7936.279785 | Likelihood -7954.905762 | KL fp 3.8911 | FP STD 0.0394|
KL coef: 0.7152922267268045
Train loss (one batch): 6191.7802734375
Train CE loss (one batch): 0.0
Test MSE: 0.0159
Poisson likelihood: 0.0
CE loss: 0.0
Experiment 95656
Epoch 0136 [Test seq (cond on sampled tp)] | Loss 7896.933594 | Likelihood -7955.898438 | KL fp 3.8681 | FP STD 0.0402|
KL coef: 0.7181393044595366
Train loss (one batch): 6211.689453125
Train CE loss (one batch): 0.0
Test MSE: 0.0159
Poisson likelihood: 0.0
CE loss: 0.0
Experiment 95656
Epoch 0137 [Test seq (cond on sampled tp)] | Loss 7999.313477 | Likelihood -8016.070312 | KL fp 3.8646 | FP STD 0.0402|
KL coef: 0.7209579114149411
Train loss (one batch): 6279.60791015625
Train CE loss (one batch): 0.0
Test MSE: 0.0160
Poisson likelihood: 0.0
CE loss: 0.0
Experiment 95656
Epoch 0138 [Test seq (cond on sampled tp)] | Loss 7891.952637 | Likelihood -7924.249512 | KL fp 3.8984 | FP STD 0.0389|
KL coef: 0.7237483323007917
Train loss (one batch): 6302.47314453125
Train CE loss (one batch): 0.0
Test MSE: 0.0159
Poisson likelihood: 0.0
CE loss: 0.0
Experiment 95656
Epoch 0139 [Test seq (cond on sampled tp)] | Loss 8000.776855 | Likelihood -8031.052734 | KL fp 3.9121 | FP STD 0.0380|
KL coef: 0.7265108489777838
Train loss (one batch): 5960.615234375
Train CE loss (one batch): 0.0
Test MSE: 0.0161
Poisson likelihood: 0.0
CE loss: 0.0
Experiment 95656
Epoch 0140 [Test seq (cond on sampled tp)] | Loss 7818.913086 | Likelihood -7835.631348 | KL fp 3.8824 | FP STD 0.0398|
KL coef: 0.729245740488006
Train loss (one batch): 6206.4306640625
Train CE loss (one batch): 0.0
Test MSE: 0.0157
Poisson likelihood: 0.0
CE loss: 0.0
Experiment 95656
Epoch 0141 [Test seq (cond on sampled tp)] | Loss 7949.157715 | Likelihood -7961.861816 | KL fp 3.9028 | FP STD 0.0396|
KL coef: 0.7319532830831259
Train loss (one batch): 6510.07666015625
Train CE loss (one batch): 0.0
Test MSE: 0.0159
Poisson likelihood: 0.0
CE loss: 0.0
Experiment 95656
Epoch 0142 [Test seq (cond on sampled tp)] | Loss 7988.734375 | Likelihood -8017.736328 | KL fp 3.8919 | FP STD 0.0399|
KL coef: 0.7346337502522946
Train loss (one batch): 6006.72900390625
Train CE loss (one batch): 0.0
Test MSE: 0.0160
Poisson likelihood: 0.0
CE loss: 0.0
Experiment 95656
Epoch 0143 [Test seq (cond on sampled tp)] | Loss 7820.234863 | Likelihood -7843.294922 | KL fp 3.8584 | FP STD 0.0396|
KL coef: 0.7372874127497717
Train loss (one batch): 5841.76416015625
Train CE loss (one batch): 0.0
Test MSE: 0.0157
Poisson likelihood: 0.0
CE loss: 0.0
Experiment 95656
Epoch 0144 [Test seq (cond on sampled tp)] | Loss 7753.686035 | Likelihood -7771.642090 | KL fp 3.9327 | FP STD 0.0371|
KL coef: 0.739914538622274
Train loss (one batch): 5990.08984375
Train CE loss (one batch): 0.0
Test MSE: 0.0156
Poisson likelihood: 0.0
CE loss: 0.0
Experiment 95656
Epoch 0145 [Test seq (cond on sampled tp)] | Loss 8009.254395 | Likelihood -8024.927734 | KL fp 3.9030 | FP STD 0.0389|
KL coef: 0.7425153932360513
Train loss (one batch): 5820.20166015625
Train CE loss (one batch): 0.0
Test MSE: 0.0161
Poisson likelihood: 0.0
CE loss: 0.0
Experiment 95656
Epoch 0146 [Test seq (cond on sampled tp)] | Loss 7750.890625 | Likelihood -7763.490234 | KL fp 3.9733 | FP STD 0.0374|
KL coef: 0.7450902393036907
Train loss (one batch): 5907.7705078125
Train CE loss (one batch): 0.0
Test MSE: 0.0155
Poisson likelihood: 0.0
CE loss: 0.0
Experiment 95656
Epoch 0147 [Test seq (cond on sampled tp)] | Loss 7707.072754 | Likelihood -7753.907715 | KL fp 3.9582 | FP STD 0.0373|
KL coef: 0.7476393369106538
Train loss (one batch): 5731.0712890625
Train CE loss (one batch): 0.0
Test MSE: 0.0155
Poisson likelihood: 0.0
CE loss: 0.0
Experiment 95656
Epoch 0148 [Test seq (cond on sampled tp)] | Loss 7777.646484 | Likelihood -7798.927734 | KL fp 3.9045 | FP STD 0.0381|
KL coef: 0.7501629435415473
Train loss (one batch): 5886.8359375
Train CE loss (one batch): 0.0
Test MSE: 0.0156
Poisson likelihood: 0.0
CE loss: 0.0
Experiment 95656
Epoch 0149 [Test seq (cond on sampled tp)] | Loss 7748.666992 | Likelihood -7776.274902 | KL fp 3.9348 | FP STD 0.0372|
KL coef: 0.7526613141061318
Train loss (one batch): 6114.97705078125
Train CE loss (one batch): 0.0
Test MSE: 0.0156
Poisson likelihood: 0.0
CE loss: 0.0
Experiment 95656
Epoch 0150 [Test seq (cond on sampled tp)] | Loss 7665.351562 | Likelihood -7696.252441 | KL fp 3.9089 | FP STD 0.0387|
KL coef: 0.7551347009650705
Train loss (one batch): 5782.06005859375
Train CE loss (one batch): 0.0
Test MSE: 0.0154
Poisson likelihood: 0.0
CE loss: 0.0
Experiment 95656
Epoch 0151 [Test seq (cond on sampled tp)] | Loss 7742.345215 | Likelihood -7774.220215 | KL fp 3.9291 | FP STD 0.0372|
KL coef: 0.7575833539554198
Train loss (one batch): 6202.41259765625
Train CE loss (one batch): 0.0
Test MSE: 0.0156
Poisson likelihood: 0.0
CE loss: 0.0
Experiment 95656
Epoch 0152 [Test seq (cond on sampled tp)] | Loss 7745.963379 | Likelihood -7752.251465 | KL fp 3.9435 | FP STD 0.0369|
KL coef: 0.7600075204158656
Train loss (one batch): 6572.06005859375
Train CE loss (one batch): 0.0
Test MSE: 0.0155
Poisson likelihood: 0.0
CE loss: 0.0
Experiment 95656
Epoch 0153 [Test seq (cond on sampled tp)] | Loss 7694.782227 | Likelihood -7727.679688 | KL fp 3.9560 | FP STD 0.0364|
KL coef: 0.762407445211707
Train loss (one batch): 5825.2451171875
Train CE loss (one batch): 0.0
Test MSE: 0.0155
Poisson likelihood: 0.0
CE loss: 0.0
Experiment 95656
Epoch 0154 [Test seq (cond on sampled tp)] | Loss 7601.113770 | Likelihood -7621.709473 | KL fp 3.9574 | FP STD 0.0373|
KL coef: 0.7647833707595899
Train loss (one batch): 6136.1318359375
Train CE loss (one batch): 0.0
Test MSE: 0.0153
Poisson likelihood: 0.0
CE loss: 0.0
Experiment 95656
Epoch 0155 [Test seq (cond on sampled tp)] | Loss 7698.058105 | Likelihood -7706.252441 | KL fp 3.9469 | FP STD 0.0370|
KL coef: 0.767135537051994
Train loss (one batch): 6036.080078125
Train CE loss (one batch): 0.0
Test MSE: 0.0154
Poisson likelihood: 0.0
CE loss: 0.0
Experiment 95656
Epoch 0156 [Test seq (cond on sampled tp)] | Loss 7646.250977 | Likelihood -7682.890137 | KL fp 4.0121 | FP STD 0.0357|
KL coef: 0.769464181681474
Train loss (one batch): 6047.3564453125
Train CE loss (one batch): 0.0
Test MSE: 0.0154
Poisson likelihood: 0.0
CE loss: 0.0
Experiment 95656
Epoch 0157 [Test seq (cond on sampled tp)] | Loss 7567.421875 | Likelihood -7576.209473 | KL fp 3.9924 | FP STD 0.0355|
KL coef: 0.7717695398646593
Train loss (one batch): 6084.19091796875
Train CE loss (one batch): 0.0
Test MSE: 0.0152
Poisson likelihood: 0.0
CE loss: 0.0
Experiment 95656
Epoch 0158 [Test seq (cond on sampled tp)] | Loss 7621.723633 | Likelihood -7652.425781 | KL fp 3.9353 | FP STD 0.0369|
KL coef: 0.7740518444660127
Train loss (one batch): 6020.078125
Train CE loss (one batch): 0.0
Test MSE: 0.0153
Poisson likelihood: 0.0
CE loss: 0.0
Experiment 95656
Epoch 0159 [Test seq (cond on sampled tp)] | Loss 7524.661621 | Likelihood -7541.216309 | KL fp 4.0115 | FP STD 0.0351|
KL coef: 0.7763113260213526
Train loss (one batch): 5822.8330078125
Train CE loss (one batch): 0.0
Test MSE: 0.0151
Poisson likelihood: 0.0
CE loss: 0.0
Experiment 95656
Epoch 0160 [Test seq (cond on sampled tp)] | Loss 7552.821777 | Likelihood -7604.932129 | KL fp 3.9390 | FP STD 0.0366|
KL coef: 0.7785482127611391
Train loss (one batch): 5985.671875
Train CE loss (one batch): 0.0
Test MSE: 0.0152
Poisson likelihood: 0.0
CE loss: 0.0
Experiment 95656
Epoch 0161 [Test seq (cond on sampled tp)] | Loss 7407.103027 | Likelihood -7425.109375 | KL fp 3.9287 | FP STD 0.0366|
KL coef: 0.7807627306335276
Train loss (one batch): 5809.30322265625
Train CE loss (one batch): 0.0
Test MSE: 0.0149
Poisson likelihood: 0.0
CE loss: 0.0
Experiment 95656
Epoch 0162 [Test seq (cond on sampled tp)] | Loss 7753.207520 | Likelihood -7773.854980 | KL fp 3.9225 | FP STD 0.0361|
KL coef: 0.7829551033271924
Train loss (one batch): 5558.66455078125
Train CE loss (one batch): 0.0
Test MSE: 0.0156
Poisson likelihood: 0.0
CE loss: 0.0
Experiment 95656
Epoch 0163 [Test seq (cond on sampled tp)] | Loss 7540.621582 | Likelihood -7561.842285 | KL fp 3.9556 | FP STD 0.0358|
KL coef: 0.7851255522939204
Train loss (one batch): 5590.216796875
Train CE loss (one batch): 0.0
Test MSE: 0.0151
Poisson likelihood: 0.0
CE loss: 0.0
Experiment 95656
Epoch 0164 [Test seq (cond on sampled tp)] | Loss 7614.603516 | Likelihood -7623.662109 | KL fp 3.9282 | FP STD 0.0371|
KL coef: 0.7872742967709813
Train loss (one batch): 5959.53076171875
Train CE loss (one batch): 0.0
Test MSE: 0.0153
Poisson likelihood: 0.0
CE loss: 0.0
Experiment 95656
Epoch 0165 [Test seq (cond on sampled tp)] | Loss 7365.512207 | Likelihood -7415.982910 | KL fp 3.9878 | FP STD 0.0347|
KL coef: 0.7894015538032715
Train loss (one batch): 5798.17724609375
Train CE loss (one batch): 0.0
Test MSE: 0.0148
Poisson likelihood: 0.0
CE loss: 0.0
Experiment 95656
Epoch 0166 [Test seq (cond on sampled tp)] | Loss 7678.652344 | Likelihood -7703.402832 | KL fp 4.0074 | FP STD 0.0345|
KL coef: 0.7915075382652388
Train loss (one batch): 5762.21044921875
Train CE loss (one batch): 0.0
Test MSE: 0.0154
Poisson likelihood: 0.0
CE loss: 0.0
Experiment 95656
Epoch 0167 [Test seq (cond on sampled tp)] | Loss 7405.777344 | Likelihood -7463.501465 | KL fp 3.9951 | FP STD 0.0341|
KL coef: 0.7935924628825863
Train loss (one batch): 5699.02587890625
Train CE loss (one batch): 0.0
Test MSE: 0.0149
Poisson likelihood: 0.0
CE loss: 0.0
Experiment 95656
Epoch 0168 [Test seq (cond on sampled tp)] | Loss 7473.846191 | Likelihood -7488.498047 | KL fp 3.9870 | FP STD 0.0346|
KL coef: 0.7956565382537605
Train loss (one batch): 5652.5712890625
Train CE loss (one batch): 0.0
Test MSE: 0.0150
Poisson likelihood: 0.0
CE loss: 0.0
Experiment 95656
Epoch 0169 [Test seq (cond on sampled tp)] | Loss 7306.270020 | Likelihood -7309.174316 | KL fp 3.9748 | FP STD 0.0351|
KL coef: 0.7976999728712229
Train loss (one batch): 5441.4912109375
Train CE loss (one batch): 0.0
Test MSE: 0.0146
Poisson likelihood: 0.0
CE loss: 0.0
Experiment 95656
Epoch 0170 [Test seq (cond on sampled tp)] | Loss 7318.913574 | Likelihood -7329.574707 | KL fp 4.0138 | FP STD 0.0343|
KL coef: 0.7997229731425107
Train loss (one batch): 5874.03271484375
Train CE loss (one batch): 0.0
Test MSE: 0.0147
Poisson likelihood: 0.0
CE loss: 0.0
Experiment 95656
Epoch 0171 [Test seq (cond on sampled tp)] | Loss 7452.967773 | Likelihood -7462.632812 | KL fp 4.0109 | FP STD 0.0337|
KL coef: 0.8017257434110856
Train loss (one batch): 5638.50732421875
Train CE loss (one batch): 0.0
Test MSE: 0.0149
Poisson likelihood: 0.0
CE loss: 0.0
Experiment 95656
Epoch 0172 [Test seq (cond on sampled tp)] | Loss 7481.690918 | Likelihood -7503.317871 | KL fp 4.0503 | FP STD 0.0329|
KL coef: 0.8037084859769748
Train loss (one batch): 5810.7353515625
Train CE loss (one batch): 0.0
Test MSE: 0.0150
Poisson likelihood: 0.0
CE loss: 0.0
Experiment 95656
Epoch 0173 [Test seq (cond on sampled tp)] | Loss 7181.767578 | Likelihood -7183.273438 | KL fp 4.0127 | FP STD 0.0337|
KL coef: 0.805671401117205
Train loss (one batch): 6128.64208984375
Train CE loss (one batch): 0.0
Test MSE: 0.0144
Poisson likelihood: 0.0
CE loss: 0.0
Experiment 95656
Epoch 0174 [Test seq (cond on sampled tp)] | Loss 7197.717773 | Likelihood -7210.357910 | KL fp 4.0122 | FP STD 0.0332|
KL coef: 0.8076146871060329
Train loss (one batch): 5261.744140625
Train CE loss (one batch): 0.0
Test MSE: 0.0144
Poisson likelihood: 0.0
CE loss: 0.0
Experiment 95656
Epoch 0175 [Test seq (cond on sampled tp)] | Loss 7308.995605 | Likelihood -7339.923340 | KL fp 4.0430 | FP STD 0.0332|
KL coef: 0.8095385402349726
Train loss (one batch): 5873.14501953125
Train CE loss (one batch): 0.0
Test MSE: 0.0147
Poisson likelihood: 0.0
CE loss: 0.0
Experiment 95656
Epoch 0176 [Test seq (cond on sampled tp)] | Loss 7187.366699 | Likelihood -7222.312500 | KL fp 4.0122 | FP STD 0.0337|
KL coef: 0.8114431548326229
Train loss (one batch): 5641.57568359375
Train CE loss (one batch): 0.0
Test MSE: 0.0145
Poisson likelihood: 0.0
CE loss: 0.0
Experiment 95656
Epoch 0177 [Test seq (cond on sampled tp)] | Loss 7175.179688 | Likelihood -7176.875488 | KL fp 4.0434 | FP STD 0.0332|
KL coef: 0.8133287232842966
Train loss (one batch): 5385.34521484375
Train CE loss (one batch): 0.0
Test MSE: 0.0144
Poisson likelihood: 0.0
CE loss: 0.0
Experiment 95656
Epoch 0178 [Test seq (cond on sampled tp)] | Loss 7214.466797 | Likelihood -7231.377441 | KL fp 4.0252 | FP STD 0.0328|
KL coef: 0.8151954360514537
Train loss (one batch): 5401.998046875
Train CE loss (one batch): 0.0
Test MSE: 0.0145
Poisson likelihood: 0.0
CE loss: 0.0
Experiment 95656
Epoch 0179 [Test seq (cond on sampled tp)] | Loss 7104.594727 | Likelihood -7119.358887 | KL fp 4.0286 | FP STD 0.0332|
KL coef: 0.8170434816909391
Train loss (one batch): 5316.24853515625
Train CE loss (one batch): 0.0
Test MSE: 0.0143
Poisson likelihood: 0.0
CE loss: 0.0
Experiment 95656
Epoch 0180 [Test seq (cond on sampled tp)] | Loss 7214.511719 | Likelihood -7223.354980 | KL fp 3.9880 | FP STD 0.0338|
KL coef: 0.8188730468740297
Train loss (one batch): 5660.32861328125
Train CE loss (one batch): 0.0
Test MSE: 0.0145
Poisson likelihood: 0.0
CE loss: 0.0
Experiment 95656
Epoch 0181 [Test seq (cond on sampled tp)] | Loss 6982.134766 | Likelihood -7008.507812 | KL fp 4.0728 | FP STD 0.0315|
KL coef: 0.8206843164052895
Train loss (one batch): 5546.6923828125
Train CE loss (one batch): 0.0
Test MSE: 0.0140
Poisson likelihood: 0.0
CE loss: 0.0
Experiment 95656
Epoch 0182 [Test seq (cond on sampled tp)] | Loss 6923.157715 | Likelihood -6944.162598 | KL fp 4.0238 | FP STD 0.0333|
KL coef: 0.8224774732412365
Train loss (one batch): 5457.59765625
Train CE loss (one batch): 0.0
Test MSE: 0.0139
Poisson likelihood: 0.0
CE loss: 0.0
Experiment 95656
Epoch 0183 [Test seq (cond on sampled tp)] | Loss 7055.615234 | Likelihood -7088.487793 | KL fp 4.0369 | FP STD 0.0329|
KL coef: 0.8242526985088242
Train loss (one batch): 5285.11962890625
Train CE loss (one batch): 0.0
Test MSE: 0.0142
Poisson likelihood: 0.0
CE loss: 0.0
Experiment 95656
Epoch 0184 [Test seq (cond on sampled tp)] | Loss 7118.672852 | Likelihood -7130.557129 | KL fp 4.0356 | FP STD 0.0330|
KL coef: 0.826010171523736
Train loss (one batch): 5440.77978515625
Train CE loss (one batch): 0.0
Test MSE: 0.0143
Poisson likelihood: 0.0
CE loss: 0.0
Experiment 95656
Epoch 0185 [Test seq (cond on sampled tp)] | Loss 7174.691406 | Likelihood -7197.125488 | KL fp 4.0166 | FP STD 0.0325|
KL coef: 0.8277500698084986
Train loss (one batch): 5549.68408203125
Train CE loss (one batch): 0.0
Test MSE: 0.0144
Poisson likelihood: 0.0
CE loss: 0.0
Experiment 95656
Epoch 0186 [Test seq (cond on sampled tp)] | Loss 7076.039062 | Likelihood -7075.515137 | KL fp 4.0605 | FP STD 0.0320|
KL coef: 0.8294725691104137
Train loss (one batch): 5466.71484375
Train CE loss (one batch): 0.0
Test MSE: 0.0142
Poisson likelihood: 0.0
CE loss: 0.0
Experiment 95656
Epoch 0187 [Test seq (cond on sampled tp)] | Loss 6853.009766 | Likelihood -6864.753418 | KL fp 4.0543 | FP STD 0.0317|
KL coef: 0.8311778434193096
Train loss (one batch): 5560.1015625
Train CE loss (one batch): 0.0
Test MSE: 0.0137
Poisson likelihood: 0.0
CE loss: 0.0
Experiment 95656
Epoch 0188 [Test seq (cond on sampled tp)] | Loss 6894.339844 | Likelihood -6911.266113 | KL fp 4.0723 | FP STD 0.0319|
KL coef: 0.8328660649851164
Train loss (one batch): 5151.82470703125
Train CE loss (one batch): 0.0
Test MSE: 0.0138
Poisson likelihood: 0.0
CE loss: 0.0
Experiment 95656
Epoch 0189 [Test seq (cond on sampled tp)] | Loss 6957.121094 | Likelihood -6992.499512 | KL fp 4.1014 | FP STD 0.0310|
KL coef: 0.8345374043352652
Train loss (one batch): 5463.7705078125
Train CE loss (one batch): 0.0
Test MSE: 0.0140
Poisson likelihood: 0.0
CE loss: 0.0
Experiment 95656
Epoch 0190 [Test seq (cond on sampled tp)] | Loss 7034.112793 | Likelihood -7059.138184 | KL fp 4.0275 | FP STD 0.0331|
KL coef: 0.8361920302919126
Train loss (one batch): 5502.9013671875
Train CE loss (one batch): 0.0
Test MSE: 0.0141
Poisson likelihood: 0.0
CE loss: 0.0
Experiment 95656
Epoch 0191 [Test seq (cond on sampled tp)] | Loss 6878.997070 | Likelihood -6888.716797 | KL fp 4.0834 | FP STD 0.0321|
KL coef: 0.8378301099889934
Train loss (one batch): 4875.13525390625
Train CE loss (one batch): 0.0
Test MSE: 0.0138
Poisson likelihood: 0.0
CE loss: 0.0
Experiment 95656
Epoch 0192 [Test seq (cond on sampled tp)] | Loss 6812.874512 | Likelihood -6822.947754 | KL fp 4.0698 | FP STD 0.0313|
KL coef: 0.8394518088891035
Train loss (one batch): 5518.80908203125
Train CE loss (one batch): 0.0
Test MSE: 0.0137
Poisson likelihood: 0.0
CE loss: 0.0
Experiment 95656
Epoch 0193 [Test seq (cond on sampled tp)] | Loss 7069.517578 | Likelihood -7096.384766 | KL fp 4.0539 | FP STD 0.0316|
KL coef: 0.8410572908002125
Train loss (one batch): 5727.64892578125
Train CE loss (one batch): 0.0
Test MSE: 0.0142
Poisson likelihood: 0.0
CE loss: 0.0
Experiment 95656
Epoch 0194 [Test seq (cond on sampled tp)] | Loss 6878.114746 | Likelihood -6887.096191 | KL fp 4.1435 | FP STD 0.0299|
KL coef: 0.8426467178922104
Train loss (one batch): 5330.53564453125
Train CE loss (one batch): 0.0
Test MSE: 0.0138
Poisson likelihood: 0.0
CE loss: 0.0
Experiment 95656
Epoch 0195 [Test seq (cond on sampled tp)] | Loss 6849.892090 | Likelihood -6874.738770 | KL fp 4.0661 | FP STD 0.0310|
KL coef: 0.8442202507132883
Train loss (one batch): 5170.6279296875
Train CE loss (one batch): 0.0
Test MSE: 0.0138
Poisson likelihood: 0.0
CE loss: 0.0
Experiment 95656
Epoch 0196 [Test seq (cond on sampled tp)] | Loss 6837.457520 | Likelihood -6851.665527 | KL fp 4.1048 | FP STD 0.0304|
KL coef: 0.8457780482061554
Train loss (one batch): 5274.6513671875
Train CE loss (one batch): 0.0
Test MSE: 0.0137
Poisson likelihood: 0.0
CE loss: 0.0
Experiment 95656
Epoch 0197 [Test seq (cond on sampled tp)] | Loss 6832.294434 | Likelihood -6838.537109 | KL fp 4.0824 | FP STD 0.0305|
KL coef: 0.8473202677240939
Train loss (one batch): 5153.8564453125
Train CE loss (one batch): 0.0
Test MSE: 0.0137
Poisson likelihood: 0.0
CE loss: 0.0
Experiment 95656
Epoch 0198 [Test seq (cond on sampled tp)] | Loss 6971.005371 | Likelihood -7019.203613 | KL fp 4.0299 | FP STD 0.0319|
KL coef: 0.8488470650468529
Train loss (one batch): 5126.189453125
Train CE loss (one batch): 0.0
Test MSE: 0.0141
Poisson likelihood: 0.0
CE loss: 0.0
Experiment 95656
Epoch 0199 [Test seq (cond on sampled tp)] | Loss 6817.893555 | Likelihood -6837.515625 | KL fp 4.0773 | FP STD 0.0301|
KL coef: 0.8503585943963844
Train loss (one batch): 5077.81982421875
Train CE loss (one batch): 0.0
Test MSE: 0.0137
Poisson likelihood: 0.0
CE loss: 0.0
Experiment 95656
Epoch 0200 [Test seq (cond on sampled tp)] | Loss 6821.043457 | Likelihood -6834.317871 | KL fp 4.0626 | FP STD 0.0305|
KL coef: 0.8518550084524206
Train loss (one batch): 5253.89990234375
Train CE loss (one batch): 0.0
Test MSE: 0.0137
Poisson likelihood: 0.0
CE loss: 0.0
Experiment 95656
Epoch 0201 [Test seq (cond on sampled tp)] | Loss 6809.289551 | Likelihood -6815.046387 | KL fp 4.0797 | FP STD 0.0305|
KL coef: 0.8533364583678963
Train loss (one batch): 5225.78466796875
Train CE loss (one batch): 0.0
Test MSE: 0.0136
Poisson likelihood: 0.0
CE loss: 0.0
Experiment 95656
Epoch 0202 [Test seq (cond on sampled tp)] | Loss 6791.468750 | Likelihood -6843.671875 | KL fp 4.0960 | FP STD 0.0301|
KL coef: 0.8548030937842174
Train loss (one batch): 5112.9111328125
Train CE loss (one batch): 0.0
Test MSE: 0.0137
Poisson likelihood: 0.0
CE loss: 0.0
Experiment 95656
Epoch 0203 [Test seq (cond on sampled tp)] | Loss 6635.852539 | Likelihood -6638.736816 | KL fp 4.1351 | FP STD 0.0287|
KL coef: 0.8562550628463752
Train loss (one batch): 5485.8525390625
Train CE loss (one batch): 0.0
Test MSE: 0.0133
Poisson likelihood: 0.0
CE loss: 0.0
Experiment 95656
Epoch 0204 [Test seq (cond on sampled tp)] | Loss 6758.916016 | Likelihood -6799.301270 | KL fp 4.0824 | FP STD 0.0300|
KL coef: 0.8576925122179114
Train loss (one batch): 5254.373046875
Train CE loss (one batch): 0.0
Test MSE: 0.0136
Poisson likelihood: 0.0
CE loss: 0.0
Experiment 95656
Epoch 0205 [Test seq (cond on sampled tp)] | Loss 6811.329102 | Likelihood -6821.890625 | KL fp 4.1639 | FP STD 0.0283|
KL coef: 0.8591155870957323
Train loss (one batch): 5360.400390625
Train CE loss (one batch): 0.0
Test MSE: 0.0137
Poisson likelihood: 0.0
CE loss: 0.0
Experiment 95656
Epoch 0206 [Test seq (cond on sampled tp)] | Loss 6648.900879 | Likelihood -6674.548340 | KL fp 4.1497 | FP STD 0.0283|
KL coef: 0.8605244312247751
Train loss (one batch): 5043.41796875
Train CE loss (one batch): 0.0
Test MSE: 0.0134
Poisson likelihood: 0.0
CE loss: 0.0
Experiment 95656
Epoch 0207 [Test seq (cond on sampled tp)] | Loss 6648.107422 | Likelihood -6661.323730 | KL fp 4.1810 | FP STD 0.0282|
KL coef: 0.8619191869125272
Train loss (one batch): 5015.41162109375
Train CE loss (one batch): 0.0
Test MSE: 0.0133
Poisson likelihood: 0.0
CE loss: 0.0
Experiment 95656
Epoch 0208 [Test seq (cond on sampled tp)] | Loss 6786.442383 | Likelihood -6816.976562 | KL fp 4.1388 | FP STD 0.0284|
KL coef: 0.8632999950434019
Train loss (one batch): 4852.169921875
Train CE loss (one batch): 0.0
Test MSE: 0.0136
Poisson likelihood: 0.0
CE loss: 0.0
Experiment 95656
Epoch 0209 [Test seq (cond on sampled tp)] | Loss 6688.385742 | Likelihood -6718.165527 | KL fp 4.0955 | FP STD 0.0290|
KL coef: 0.864666995092968
Train loss (one batch): 4986.7802734375
Train CE loss (one batch): 0.0
Test MSE: 0.0134
Poisson likelihood: 0.0
CE loss: 0.0
Experiment 95656
Epoch 0210 [Test seq (cond on sampled tp)] | Loss 6665.130371 | Likelihood -6691.255859 | KL fp 4.1953 | FP STD 0.0275|
KL coef: 0.8660203251420383
Train loss (one batch): 5124.4658203125
Train CE loss (one batch): 0.0
Test MSE: 0.0134
Poisson likelihood: 0.0
CE loss: 0.0
Experiment 95656
Epoch 0211 [Test seq (cond on sampled tp)] | Loss 6549.491699 | Likelihood -6562.546875 | KL fp 4.1183 | FP STD 0.0286|
KL coef: 0.867360121890618
Train loss (one batch): 5200.7333984375
Train CE loss (one batch): 0.0
Test MSE: 0.0131
Poisson likelihood: 0.0
CE loss: 0.0
Experiment 95656
Epoch 0212 [Test seq (cond on sampled tp)] | Loss 6538.375000 | Likelihood -6557.847168 | KL fp 4.1351 | FP STD 0.0283|
KL coef: 0.8686865206717117
Train loss (one batch): 4799.322265625
Train CE loss (one batch): 0.0
Test MSE: 0.0131
Poisson likelihood: 0.0
CE loss: 0.0
Experiment 95656
Epoch 0213 [Test seq (cond on sampled tp)] | Loss 6591.461914 | Likelihood -6617.893066 | KL fp 4.1718 | FP STD 0.0275|
KL coef: 0.8699996554649946
Train loss (one batch): 5177.810546875
Train CE loss (one batch): 0.0
Test MSE: 0.0132
Poisson likelihood: 0.0
CE loss: 0.0
Experiment 95656
Epoch 0214 [Test seq (cond on sampled tp)] | Loss 6556.071777 | Likelihood -6584.250488 | KL fp 4.1424 | FP STD 0.0288|
KL coef: 0.8712996589103447
Train loss (one batch): 5053.0341796875
Train CE loss (one batch): 0.0
Test MSE: 0.0132
Poisson likelihood: 0.0
CE loss: 0.0
Experiment 95656
Epoch 0215 [Test seq (cond on sampled tp)] | Loss 6547.995117 | Likelihood -6561.559082 | KL fp 4.2057 | FP STD 0.0272|
KL coef: 0.8725866623212413
Train loss (one batch): 4971.09912109375
Train CE loss (one batch): 0.0
Test MSE: 0.0131
Poisson likelihood: 0.0
CE loss: 0.0
Experiment 95656
Epoch 0216 [Test seq (cond on sampled tp)] | Loss 6342.706055 | Likelihood -6364.166016 | KL fp 4.2281 | FP STD 0.0265|
KL coef: 0.8738607956980289
Train loss (one batch): 4991.6796875
Train CE loss (one batch): 0.0
Test MSE: 0.0127
Poisson likelihood: 0.0
CE loss: 0.0
Experiment 95656
Epoch 0217 [Test seq (cond on sampled tp)] | Loss 6278.516113 | Likelihood -6300.567871 | KL fp 4.1326 | FP STD 0.0288|
KL coef: 0.8751221877410486
Train loss (one batch): 5130.70703125
Train CE loss (one batch): 0.0
Test MSE: 0.0126
Poisson likelihood: 0.0
CE loss: 0.0
Experiment 95656
Epoch 0218 [Test seq (cond on sampled tp)] | Loss 6451.271484 | Likelihood -6470.160156 | KL fp 4.2252 | FP STD 0.0263|
KL coef: 0.876370965863638
Train loss (one batch): 5007.84423828125
Train CE loss (one batch): 0.0
Test MSE: 0.0130
Poisson likelihood: 0.0
CE loss: 0.0
Experiment 95656
Epoch 0219 [Test seq (cond on sampled tp)] | Loss 6421.625488 | Likelihood -6449.852051 | KL fp 4.1585 | FP STD 0.0277|
KL coef: 0.8776072562050017
Train loss (one batch): 4702.43701171875
Train CE loss (one batch): 0.0
Test MSE: 0.0129
Poisson likelihood: 0.0
CE loss: 0.0
Experiment 95656
Epoch 0220 [Test seq (cond on sampled tp)] | Loss 6415.259277 | Likelihood -6420.989746 | KL fp 4.2300 | FP STD 0.0269|
KL coef: 0.8788311836429517
Train loss (one batch): 4915.52490234375
Train CE loss (one batch): 0.0
Test MSE: 0.0129
Poisson likelihood: 0.0
CE loss: 0.0
Experiment 95656
Epoch 0221 [Test seq (cond on sampled tp)] | Loss 6404.124023 | Likelihood -6426.230469 | KL fp 4.2200 | FP STD 0.0263|
KL coef: 0.8800428718065221
Train loss (one batch): 4884.841796875
Train CE loss (one batch): 0.0
Test MSE: 0.0129
Poisson likelihood: 0.0
CE loss: 0.0
Experiment 95656
Epoch 0222 [Test seq (cond on sampled tp)] | Loss 6492.627930 | Likelihood -6498.025879 | KL fp 4.2048 | FP STD 0.0266|
KL coef: 0.8812424430884569
Train loss (one batch): 4987.33935546875
Train CE loss (one batch): 0.0
Test MSE: 0.0130
Poisson likelihood: 0.0
CE loss: 0.0
Experiment 95656
Epoch 0223 [Test seq (cond on sampled tp)] | Loss 6527.683594 | Likelihood -6536.443359 | KL fp 4.1889 | FP STD 0.0269|
KL coef: 0.8824300186575723
Train loss (one batch): 4915.0380859375
Train CE loss (one batch): 0.0
Test MSE: 0.0131
Poisson likelihood: 0.0
CE loss: 0.0
Experiment 95656
Epoch 0224 [Test seq (cond on sampled tp)] | Loss 6490.338379 | Likelihood -6505.218750 | KL fp 4.2022 | FP STD 0.0269|
KL coef: 0.8836057184709967
Train loss (one batch): 4981.19873046875
Train CE loss (one batch): 0.0
Test MSE: 0.0130
Poisson likelihood: 0.0
CE loss: 0.0
Experiment 95656
Epoch 0225 [Test seq (cond on sampled tp)] | Loss 6449.813965 | Likelihood -6457.730469 | KL fp 4.1898 | FP STD 0.0269|
KL coef: 0.8847696612862866
Train loss (one batch): 4972.65576171875
Train CE loss (one batch): 0.0
Test MSE: 0.0129
Poisson likelihood: 0.0
CE loss: 0.0
Experiment 95656
Epoch 0226 [Test seq (cond on sampled tp)] | Loss 6399.904297 | Likelihood -6418.105957 | KL fp 4.1952 | FP STD 0.0266|
KL coef: 0.8859219646734238
Train loss (one batch): 5073.82080078125
Train CE loss (one batch): 0.0
Test MSE: 0.0128
Poisson likelihood: 0.0
CE loss: 0.0
Experiment 95656
Epoch 0227 [Test seq (cond on sampled tp)] | Loss 6205.796387 | Likelihood -6217.702637 | KL fp 4.2431 | FP STD 0.0257|
KL coef: 0.8870627450266896
Train loss (one batch): 4934.634765625
Train CE loss (one batch): 0.0
Test MSE: 0.0124
Poisson likelihood: 0.0
CE loss: 0.0
Experiment 95656
Epoch 0228 [Test seq (cond on sampled tp)] | Loss 6243.172363 | Likelihood -6273.884277 | KL fp 4.2477 | FP STD 0.0259|
KL coef: 0.8881921175764227
Train loss (one batch): 4927.408203125
Train CE loss (one batch): 0.0
Test MSE: 0.0126
Poisson likelihood: 0.0
CE loss: 0.0
Experiment 95656
Epoch 0229 [Test seq (cond on sampled tp)] | Loss 6208.150879 | Likelihood -6225.882812 | KL fp 4.1874 | FP STD 0.0261|
KL coef: 0.8893101964006584
Train loss (one batch): 4792.0087890625
Train CE loss (one batch): 0.0
Test MSE: 0.0125
Poisson likelihood: 0.0
CE loss: 0.0
Experiment 95656
Epoch 0230 [Test seq (cond on sampled tp)] | Loss 6470.981445 | Likelihood -6487.468750 | KL fp 4.2035 | FP STD 0.0262|
KL coef: 0.8904170944366518
Train loss (one batch): 4870.52978515625
Train CE loss (one batch): 0.0
Test MSE: 0.0130
Poisson likelihood: 0.0
CE loss: 0.0
Experiment 95656
Epoch 0231 [Test seq (cond on sampled tp)] | Loss 6369.578613 | Likelihood -6427.716309 | KL fp 4.2574 | FP STD 0.0251|
KL coef: 0.8915129234922854
Train loss (one batch): 4750.5380859375
Train CE loss (one batch): 0.0
Test MSE: 0.0129
Poisson likelihood: 0.0
CE loss: 0.0
Experiment 95656
Epoch 0232 [Test seq (cond on sampled tp)] | Loss 6104.152832 | Likelihood -6115.677246 | KL fp 4.2194 | FP STD 0.0260|
KL coef: 0.8925977942573625
Train loss (one batch): 4896.97607421875
Train CE loss (one batch): 0.0
Test MSE: 0.0122
Poisson likelihood: 0.0
CE loss: 0.0
Experiment 95656
Epoch 0233 [Test seq (cond on sampled tp)] | Loss 6235.128418 | Likelihood -6240.909668 | KL fp 4.2229 | FP STD 0.0259|
KL coef: 0.8936718163147889
Train loss (one batch): 4528.2734375
Train CE loss (one batch): 0.0
Test MSE: 0.0125
Poisson likelihood: 0.0
CE loss: 0.0
Experiment 95656
Epoch 0234 [Test seq (cond on sampled tp)] | Loss 6203.841309 | Likelihood -6215.971191 | KL fp 4.2336 | FP STD 0.0253|
KL coef: 0.894735098151641
Train loss (one batch): 4537.6962890625
Train CE loss (one batch): 0.0
Test MSE: 0.0124
Poisson likelihood: 0.0
CE loss: 0.0
Experiment 95656
Epoch 0235 [Test seq (cond on sampled tp)] | Loss 6142.205566 | Likelihood -6147.914062 | KL fp 4.2484 | FP STD 0.0254|
KL coef: 0.8957877471701245
Train loss (one batch): 4452.16943359375
Train CE loss (one batch): 0.0
Test MSE: 0.0123
Poisson likelihood: 0.0
CE loss: 0.0
Experiment 95656
Epoch 0236 [Test seq (cond on sampled tp)] | Loss 6181.636230 | Likelihood -6199.102051 | KL fp 4.2006 | FP STD 0.0257|
KL coef: 0.8968298696984233
Train loss (one batch): 4637.87109375
Train CE loss (one batch): 0.0
Test MSE: 0.0124
Poisson likelihood: 0.0
CE loss: 0.0
Experiment 95656
Epoch 0237 [Test seq (cond on sampled tp)] | Loss 6088.618164 | Likelihood -6093.013184 | KL fp 4.1892 | FP STD 0.0262|
KL coef: 0.897861571001439
Train loss (one batch): 5139.2548828125
Train CE loss (one batch): 0.0
Test MSE: 0.0122
Poisson likelihood: 0.0
CE loss: 0.0
Experiment 95656
Epoch 0238 [Test seq (cond on sampled tp)] | Loss 6141.964355 | Likelihood -6156.439941 | KL fp 4.2140 | FP STD 0.0258|
KL coef: 0.8988829552914247
Train loss (one batch): 4648.3515625
Train CE loss (one batch): 0.0
Test MSE: 0.0123
Poisson likelihood: 0.0
CE loss: 0.0
Experiment 95656
Epoch 0239 [Test seq (cond on sampled tp)] | Loss 6007.305664 | Likelihood -6027.558594 | KL fp 4.2088 | FP STD 0.0254|
KL coef: 0.8998941257385105
Train loss (one batch): 4444.0859375
Train CE loss (one batch): 0.0
Test MSE: 0.0121
Poisson likelihood: 0.0
CE loss: 0.0
Experiment 95656
Epoch 0240 [Test seq (cond on sampled tp)] | Loss 6143.817383 | Likelihood -6172.765137 | KL fp 4.2294 | FP STD 0.0252|
KL coef: 0.9008951844811254
Train loss (one batch): 4374.84228515625
Train CE loss (one batch): 0.0
Test MSE: 0.0124
Poisson likelihood: 0.0
CE loss: 0.0
Experiment 95656
Epoch 0241 [Test seq (cond on sampled tp)] | Loss 5960.043457 | Likelihood -5976.360840 | KL fp 4.2821 | FP STD 0.0239|
KL coef: 0.9018862326363141
Train loss (one batch): 4489.64697265625
Train CE loss (one batch): 0.0
Test MSE: 0.0120
Poisson likelihood: 0.0
CE loss: 0.0
Experiment 95656
Epoch 0242 [Test seq (cond on sampled tp)] | Loss 5971.458496 | Likelihood -5972.663574 | KL fp 4.2539 | FP STD 0.0245|
KL coef: 0.902867370309951
Train loss (one batch): 4680.5947265625
Train CE loss (one batch): 0.0
Test MSE: 0.0120
Poisson likelihood: 0.0
CE loss: 0.0
Experiment 95656
Epoch 0243 [Test seq (cond on sampled tp)] | Loss 5918.988770 | Likelihood -5927.421387 | KL fp 4.2814 | FP STD 0.0242|
KL coef: 0.9038386966068515
Train loss (one batch): 4581.8642578125
Train CE loss (one batch): 0.0
Test MSE: 0.0119
Poisson likelihood: 0.0
CE loss: 0.0
Experiment 95656
Epoch 0244 [Test seq (cond on sampled tp)] | Loss 6165.970215 | Likelihood -6173.621094 | KL fp 4.2206 | FP STD 0.0255|
KL coef: 0.904800309640783
Train loss (one batch): 4400.82275390625
Train CE loss (one batch): 0.0
Test MSE: 0.0124
Poisson likelihood: 0.0
CE loss: 0.0
Experiment 95656
Epoch 0245 [Test seq (cond on sampled tp)] | Loss 6050.388672 | Likelihood -6085.967285 | KL fp 4.2372 | FP STD 0.0249|
KL coef: 0.9057523065443751
Train loss (one batch): 4624.6103515625
Train CE loss (one batch): 0.0
Test MSE: 0.0122
Poisson likelihood: 0.0
CE loss: 0.0
Experiment 95656
Epoch 0246 [Test seq (cond on sampled tp)] | Loss 6038.524414 | Likelihood -6056.637207 | KL fp 4.2369 | FP STD 0.0249|
KL coef: 0.9066947834789314
Train loss (one batch): 4555.56884765625
Train CE loss (one batch): 0.0
Test MSE: 0.0121
Poisson likelihood: 0.0
CE loss: 0.0
Experiment 95656
Epoch 0247 [Test seq (cond on sampled tp)] | Loss 5981.795410 | Likelihood -6007.365723 | KL fp 4.2195 | FP STD 0.0248|
KL coef: 0.9076278356441421
Train loss (one batch): 4317.82373046875
Train CE loss (one batch): 0.0
Test MSE: 0.0120
Poisson likelihood: 0.0
CE loss: 0.0
Experiment 95656
Epoch 0248 [Test seq (cond on sampled tp)] | Loss 5953.460449 | Likelihood -5979.280762 | KL fp 4.2120 | FP STD 0.0254|
KL coef: 0.9085515572877007
Train loss (one batch): 4375.91845703125
Train CE loss (one batch): 0.0
Test MSE: 0.0120
Poisson likelihood: 0.0
CE loss: 0.0
Experiment 95656
Epoch 0249 [Test seq (cond on sampled tp)] | Loss 5980.250488 | Likelihood -5993.615723 | KL fp 4.2309 | FP STD 0.0246|
KL coef: 0.9094660417148236
Train loss (one batch): 4454.49072265625
Train CE loss (one batch): 0.0
Test MSE: 0.0120
Poisson likelihood: 0.0
CE loss: 0.0
Experiment 95656
Epoch 0250 [Test seq (cond on sampled tp)] | Loss 5965.877930 | Likelihood -6003.286621 | KL fp 4.2359 | FP STD 0.0244|
KL coef: 0.9103713812976754
Train loss (one batch): 4288.2998046875
Train CE loss (one batch): 0.0
Test MSE: 0.0120
Poisson likelihood: 0.0
CE loss: 0.0
Experiment 95656
Epoch 0251 [Test seq (cond on sampled tp)] | Loss 5696.424316 | Likelihood -5712.983887 | KL fp 4.2523 | FP STD 0.0241|
KL coef: 0.9112676674846987
Train loss (one batch): 4406.38037109375
Train CE loss (one batch): 0.0
Test MSE: 0.0114
Poisson likelihood: 0.0
CE loss: 0.0
Experiment 95656
Epoch 0252 [Test seq (cond on sampled tp)] | Loss 5818.247559 | Likelihood -5848.529785 | KL fp 4.2841 | FP STD 0.0237|
KL coef: 0.9121549908098516
Train loss (one batch): 4267.2333984375
Train CE loss (one batch): 0.0
Test MSE: 0.0117
Poisson likelihood: 0.0
CE loss: 0.0
Experiment 95656
Epoch 0253 [Test seq (cond on sampled tp)] | Loss 5966.421875 | Likelihood -5983.611816 | KL fp 4.2418 | FP STD 0.0239|
KL coef: 0.9130334409017531
Train loss (one batch): 4537.599609375
Train CE loss (one batch): 0.0
Test MSE: 0.0120
Poisson likelihood: 0.0
CE loss: 0.0
Experiment 95656
Epoch 0254 [Test seq (cond on sampled tp)] | Loss 5925.801270 | Likelihood -5940.960938 | KL fp 4.2426 | FP STD 0.0242|
KL coef: 0.9139031064927357
Train loss (one batch): 4424.23291015625
Train CE loss (one batch): 0.0
Test MSE: 0.0119
Poisson likelihood: 0.0
CE loss: 0.0
Experiment 95656
Epoch 0255 [Test seq (cond on sampled tp)] | Loss 5927.822754 | Likelihood -5947.524902 | KL fp 4.2275 | FP STD 0.0248|
KL coef: 0.9147640754278082
Train loss (one batch): 4250.65673828125
Train CE loss (one batch): 0.0
Test MSE: 0.0119
Poisson likelihood: 0.0
CE loss: 0.0
Experiment 95656
Epoch 0256 [Test seq (cond on sampled tp)] | Loss 5819.903809 | Likelihood -5823.255371 | KL fp 4.2633 | FP STD 0.0240|
KL coef: 0.9156164346735302
Train loss (one batch): 4661.119140625
Train CE loss (one batch): 0.0
Test MSE: 0.0117
Poisson likelihood: 0.0
CE loss: 0.0
Experiment 95656
Epoch 0257 [Test seq (cond on sampled tp)] | Loss 5713.428223 | Likelihood -5720.667480 | KL fp 4.2497 | FP STD 0.0240|
KL coef: 0.9164602703267949
Train loss (one batch): 4301.33984375
Train CE loss (one batch): 0.0
Test MSE: 0.0115
Poisson likelihood: 0.0
CE loss: 0.0
Experiment 95656
Epoch 0258 [Test seq (cond on sampled tp)] | Loss 5770.925293 | Likelihood -5774.339844 | KL fp 4.2650 | FP STD 0.0239|
KL coef: 0.9172956676235269
Train loss (one batch): 4266.94873046875
Train CE loss (one batch): 0.0
Test MSE: 0.0116
Poisson likelihood: 0.0
CE loss: 0.0
Experiment 95656
Epoch 0259 [Test seq (cond on sampled tp)] | Loss 5818.035156 | Likelihood -5832.899902 | KL fp 4.2560 | FP STD 0.0242|
KL coef: 0.9181227109472916
Train loss (one batch): 4604.5986328125
Train CE loss (one batch): 0.0
Test MSE: 0.0117
Poisson likelihood: 0.0
CE loss: 0.0
Experiment 95656
Epoch 0260 [Test seq (cond on sampled tp)] | Loss 5773.952148 | Likelihood -5784.070312 | KL fp 4.2764 | FP STD 0.0234|
KL coef: 0.9189414838378187
Train loss (one batch): 4488.02587890625
Train CE loss (one batch): 0.0
Test MSE: 0.0116
Poisson likelihood: 0.0
CE loss: 0.0
Experiment 95656
Epoch 0261 [Test seq (cond on sampled tp)] | Loss 5740.402344 | Likelihood -5765.861816 | KL fp 4.2373 | FP STD 0.0238|
KL coef: 0.9197520689994405
Train loss (one batch): 4260.71728515625
Train CE loss (one batch): 0.0
Test MSE: 0.0115
Poisson likelihood: 0.0
CE loss: 0.0
Experiment 95656
Epoch 0262 [Test seq (cond on sampled tp)] | Loss 5574.770996 | Likelihood -5591.043457 | KL fp 4.2705 | FP STD 0.0231|
KL coef: 0.9205545483094462
Train loss (one batch): 4111.27685546875
Train CE loss (one batch): 0.0
Test MSE: 0.0112
Poisson likelihood: 0.0
CE loss: 0.0
Experiment 95656
Epoch 0263 [Test seq (cond on sampled tp)] | Loss 5784.700195 | Likelihood -5785.736816 | KL fp 4.2712 | FP STD 0.0233|
KL coef: 0.9213490028263517
Train loss (one batch): 4044.6650390625
Train CE loss (one batch): 0.0
Test MSE: 0.0116
Poisson likelihood: 0.0
CE loss: 0.0
Experiment 95656
Epoch 0264 [Test seq (cond on sampled tp)] | Loss 5736.162109 | Likelihood -5761.231934 | KL fp 4.2795 | FP STD 0.0231|
KL coef: 0.9221355127980881
Train loss (one batch): 4088.553955078125
Train CE loss (one batch): 0.0
Test MSE: 0.0115
Poisson likelihood: 0.0
CE loss: 0.0
Experiment 95656
Epoch 0265 [Test seq (cond on sampled tp)] | Loss 5554.649414 | Likelihood -5569.798340 | KL fp 4.2942 | FP STD 0.0231|
KL coef: 0.9229141576701073
Train loss (one batch): 4284.8798828125
Train CE loss (one batch): 0.0
Test MSE: 0.0112
Poisson likelihood: 0.0
CE loss: 0.0
Experiment 95656
Epoch 0266 [Test seq (cond on sampled tp)] | Loss 5679.579590 | Likelihood -5684.080566 | KL fp 4.2569 | FP STD 0.0238|
KL coef: 0.9236850160934063
Train loss (one batch): 4198.21142578125
Train CE loss (one batch): 0.0
Test MSE: 0.0114
Poisson likelihood: 0.0
CE loss: 0.0
Experiment 95656
Epoch 0267 [Test seq (cond on sampled tp)] | Loss 5597.102539 | Likelihood -5611.414062 | KL fp 4.2336 | FP STD 0.0238|
KL coef: 0.9244481659324721
Train loss (one batch): 4523.74462890625
Train CE loss (one batch): 0.0
Test MSE: 0.0112
Poisson likelihood: 0.0
CE loss: 0.0
Experiment 95656
Epoch 0268 [Test seq (cond on sampled tp)] | Loss 5576.801270 | Likelihood -5592.072266 | KL fp 4.2817 | FP STD 0.0233|
KL coef: 0.9252036842731475
Train loss (one batch): 4403.4736328125
Train CE loss (one batch): 0.0
Test MSE: 0.0112
Poisson likelihood: 0.0
CE loss: 0.0
Experiment 95656
Epoch 0269 [Test seq (cond on sampled tp)] | Loss 5435.957520 | Likelihood -5451.490723 | KL fp 4.2662 | FP STD 0.0237|
KL coef: 0.9259516474304159
Train loss (one batch): 4370.45263671875
Train CE loss (one batch): 0.0
Test MSE: 0.0109
Poisson likelihood: 0.0
CE loss: 0.0
Experiment 95656
Epoch 0270 [Test seq (cond on sampled tp)] | Loss 5597.848145 | Likelihood -5605.469238 | KL fp 4.2797 | FP STD 0.0233|
KL coef: 0.9266921309561118
Train loss (one batch): 4342.25146484375
Train CE loss (one batch): 0.0
Test MSE: 0.0112
Poisson likelihood: 0.0
CE loss: 0.0
Experiment 95656
Epoch 0271 [Test seq (cond on sampled tp)] | Loss 5592.188477 | Likelihood -5597.650879 | KL fp 4.2094 | FP STD 0.0247|
KL coef: 0.9274252096465507
Train loss (one batch): 4368.408203125
Train CE loss (one batch): 0.0
Test MSE: 0.0112
Poisson likelihood: 0.0
CE loss: 0.0
Experiment 95656
Epoch 0272 [Test seq (cond on sampled tp)] | Loss 5503.276855 | Likelihood -5534.437988 | KL fp 4.3388 | FP STD 0.0224|
KL coef: 0.9281509575500851
Train loss (one batch): 4391.765625
Train CE loss (one batch): 0.0
Test MSE: 0.0111
Poisson likelihood: 0.0
CE loss: 0.0
Experiment 95656
Epoch 0273 [Test seq (cond on sampled tp)] | Loss 5558.310059 | Likelihood -5568.628906 | KL fp 4.2819 | FP STD 0.0230|
KL coef: 0.9288694479745843
Train loss (one batch): 4247.482421875
Train CE loss (one batch): 0.0
Test MSE: 0.0111
Poisson likelihood: 0.0
CE loss: 0.0
Experiment 95656
Epoch 0274 [Test seq (cond on sampled tp)] | Loss 5559.509766 | Likelihood -5579.833984 | KL fp 4.3134 | FP STD 0.0225|
KL coef: 0.9295807534948385
Train loss (one batch): 3801.541015625
Train CE loss (one batch): 0.0
Test MSE: 0.0112
Poisson likelihood: 0.0
CE loss: 0.0
Experiment 95656
Epoch 0275 [Test seq (cond on sampled tp)] | Loss 5352.433105 | Likelihood -5366.781250 | KL fp 4.2635 | FP STD 0.0229|
KL coef: 0.9302849459598901
Train loss (one batch): 3918.91455078125
Train CE loss (one batch): 0.0
Test MSE: 0.0107
Poisson likelihood: 0.0
CE loss: 0.0
Experiment 95656
Epoch 0276 [Test seq (cond on sampled tp)] | Loss 5584.405273 | Likelihood -5600.567871 | KL fp 4.2911 | FP STD 0.0230|
KL coef: 0.9309820965002912
Train loss (one batch): 3952.287109375
Train CE loss (one batch): 0.0
Test MSE: 0.0112
Poisson likelihood: 0.0
CE loss: 0.0
Experiment 95656
Epoch 0277 [Test seq (cond on sampled tp)] | Loss 5325.012207 | Likelihood -5346.271484 | KL fp 4.2629 | FP STD 0.0234|
KL coef: 0.9316722755352883
Train loss (one batch): 4102.8720703125
Train CE loss (one batch): 0.0
Test MSE: 0.0107
Poisson likelihood: 0.0
CE loss: 0.0
Experiment 95656
Epoch 0278 [Test seq (cond on sampled tp)] | Loss 5607.814941 | Likelihood -5620.613281 | KL fp 4.2815 | FP STD 0.0228|
KL coef: 0.9323555527799354
Train loss (one batch): 4012.77734375
Train CE loss (one batch): 0.0
Test MSE: 0.0113
Poisson likelihood: 0.0
CE loss: 0.0
Experiment 95656
Epoch 0279 [Test seq (cond on sampled tp)] | Loss 5311.427246 | Likelihood -5335.063965 | KL fp 4.2589 | FP STD 0.0232|
KL coef: 0.933031997252136
Train loss (one batch): 3982.54638671875
Train CE loss (one batch): 0.0
Test MSE: 0.0107
Poisson likelihood: 0.0
CE loss: 0.0
Experiment 95656
Epoch 0280 [Test seq (cond on sampled tp)] | Loss 5615.502441 | Likelihood -5622.004395 | KL fp 4.2401 | FP STD 0.0234|
KL coef: 0.9337016772796147
Train loss (one batch): 4487.8974609375
Train CE loss (one batch): 0.0
Test MSE: 0.0113
Poisson likelihood: 0.0
CE loss: 0.0
Experiment 95656
Epoch 0281 [Test seq (cond on sampled tp)] | Loss 5569.778320 | Likelihood -5586.125000 | KL fp 4.2517 | FP STD 0.0231|
KL coef: 0.9343646605068185
Train loss (one batch): 4053.598388671875
Train CE loss (one batch): 0.0
Test MSE: 0.0112
Poisson likelihood: 0.0
CE loss: 0.0
Experiment 95656
Epoch 0282 [Test seq (cond on sampled tp)] | Loss 5311.535156 | Likelihood -5330.830078 | KL fp 4.2324 | FP STD 0.0233|
KL coef: 0.9350210139017503
Train loss (one batch): 3762.906494140625
Train CE loss (one batch): 0.0
Test MSE: 0.0107
Poisson likelihood: 0.0
CE loss: 0.0
Experiment 95656
Epoch 0283 [Test seq (cond on sampled tp)] | Loss 5359.933105 | Likelihood -5373.183594 | KL fp 4.2865 | FP STD 0.0225|
KL coef: 0.9356708037627328
Train loss (one batch): 4057.3701171875
Train CE loss (one batch): 0.0
Test MSE: 0.0108
Poisson likelihood: 0.0
CE loss: 0.0
Experiment 95656
Epoch 0284 [Test seq (cond on sampled tp)] | Loss 5468.028320 | Likelihood -5488.251953 | KL fp 4.2377 | FP STD 0.0229|
KL coef: 0.9363140957251055
Train loss (one batch): 4142.36669921875
Train CE loss (one batch): 0.0
Test MSE: 0.0110
Poisson likelihood: 0.0
CE loss: 0.0
Experiment 95656
Epoch 0285 [Test seq (cond on sampled tp)] | Loss 5410.128906 | Likelihood -5411.500000 | KL fp 4.3230 | FP STD 0.0216|
KL coef: 0.9369509547678545
Train loss (one batch): 3583.806640625
Train CE loss (one batch): 0.0
Test MSE: 0.0108
Poisson likelihood: 0.0
CE loss: 0.0
Experiment 95656
Epoch 0286 [Test seq (cond on sampled tp)] | Loss 5375.488770 | Likelihood -5396.043457 | KL fp 4.2677 | FP STD 0.0228|
KL coef: 0.937581445220176
Train loss (one batch): 4005.280029296875
Train CE loss (one batch): 0.0
Test MSE: 0.0108
Poisson likelihood: 0.0
CE loss: 0.0
Experiment 95656
Epoch 0287 [Test seq (cond on sampled tp)] | Loss 5547.234863 | Likelihood -5566.490723 | KL fp 4.2552 | FP STD 0.0231|
KL coef: 0.9382056307679741
Train loss (one batch): 3783.12841796875
Train CE loss (one batch): 0.0
Test MSE: 0.0111
Poisson likelihood: 0.0
CE loss: 0.0
Experiment 95656
Epoch 0288 [Test seq (cond on sampled tp)] | Loss 5345.799805 | Likelihood -5356.552734 | KL fp 4.2737 | FP STD 0.0225|
KL coef: 0.9388235744602944
Train loss (one batch): 3770.221923828125
Train CE loss (one batch): 0.0
Test MSE: 0.0107
Poisson likelihood: 0.0
CE loss: 0.0
Experiment 95656
Epoch 0289 [Test seq (cond on sampled tp)] | Loss 5550.825684 | Likelihood -5558.162598 | KL fp 4.2924 | FP STD 0.0220|
KL coef: 0.9394353387156915
Train loss (one batch): 3728.58984375
Train CE loss (one batch): 0.0
Test MSE: 0.0111
Poisson likelihood: 0.0
CE loss: 0.0
Experiment 95656
Epoch 0290 [Test seq (cond on sampled tp)] | Loss 5358.437988 | Likelihood -5363.803711 | KL fp 4.2911 | FP STD 0.0216|
KL coef: 0.9400409853285345
Train loss (one batch): 3891.03125
Train CE loss (one batch): 0.0
Test MSE: 0.0107
Poisson likelihood: 0.0
CE loss: 0.0
Experiment 95656
Epoch 0291 [Test seq (cond on sampled tp)] | Loss 5449.236328 | Likelihood -5466.791504 | KL fp 4.3113 | FP STD 0.0214|
KL coef: 0.9406405754752493
Train loss (one batch): 3836.1494140625
Train CE loss (one batch): 0.0
Test MSE: 0.0109
Poisson likelihood: 0.0
CE loss: 0.0
Experiment 95656
Epoch 0292 [Test seq (cond on sampled tp)] | Loss 5235.179199 | Likelihood -5254.553711 | KL fp 4.3322 | FP STD 0.0213|
KL coef: 0.9412341697204967
Train loss (one batch): 4099.1181640625
Train CE loss (one batch): 0.0
Test MSE: 0.0105
Poisson likelihood: 0.0
CE loss: 0.0
Experiment 95656
Epoch 0293 [Test seq (cond on sampled tp)] | Loss 5294.498047 | Likelihood -5309.869629 | KL fp 4.2946 | FP STD 0.0222|
KL coef: 0.9418218280232917
Train loss (one batch): 3857.539794921875
Train CE loss (one batch): 0.0
Test MSE: 0.0106
Poisson likelihood: 0.0
CE loss: 0.0
Experiment 95656
Epoch 0294 [Test seq (cond on sampled tp)] | Loss 5385.991211 | Likelihood -5396.378906 | KL fp 4.2676 | FP STD 0.0226|
KL coef: 0.9424036097430588
Train loss (one batch): 3799.937255859375
Train CE loss (one batch): 0.0
Test MSE: 0.0108
Poisson likelihood: 0.0
CE loss: 0.0
Experiment 95656
Epoch 0295 [Test seq (cond on sampled tp)] | Loss 5270.923828 | Likelihood -5285.541504 | KL fp 4.2821 | FP STD 0.0220|
KL coef: 0.9429795736456282
Train loss (one batch): 3765.57177734375
Train CE loss (one batch): 0.0
Test MSE: 0.0106
Poisson likelihood: 0.0
CE loss: 0.0
Experiment 95656
Epoch 0296 [Test seq (cond on sampled tp)] | Loss 5257.947266 | Likelihood -5274.343262 | KL fp 4.2894 | FP STD 0.0218|
KL coef: 0.9435497779091719
Train loss (one batch): 3740.57373046875
Train CE loss (one batch): 0.0
Test MSE: 0.0106
Poisson likelihood: 0.0
CE loss: 0.0
Experiment 95656
Epoch 0297 [Test seq (cond on sampled tp)] | Loss 5299.594727 | Likelihood -5308.442871 | KL fp 4.3515 | FP STD 0.0215|
KL coef: 0.9441142801300803
Train loss (one batch): 4270.95947265625
Train CE loss (one batch): 0.0
Test MSE: 0.0106
Poisson likelihood: 0.0
CE loss: 0.0
Experiment 95656
Epoch 0298 [Test seq (cond on sampled tp)] | Loss 5230.215332 | Likelihood -5242.008301 | KL fp 4.3804 | FP STD 0.0202|
KL coef: 0.9446731373287794
Train loss (one batch): 3879.631103515625
Train CE loss (one batch): 0.0
Test MSE: 0.0105
Poisson likelihood: 0.0
CE loss: 0.0
Experiment 95656
Epoch 0299 [Test seq (cond on sampled tp)] | Loss 5218.457031 | Likelihood -5221.268066 | KL fp 4.3197 | FP STD 0.0213|
KL coef: 0.9452264059554917
Train loss (one batch): 4006.77490234375
Train CE loss (one batch): 0.0
Test MSE: 0.0105
Poisson likelihood: 0.0
CE loss: 0.0
Experiment 95656
Epoch 0300 [Test seq (cond on sampled tp)] | Loss 5166.010254 | Likelihood -5182.956543 | KL fp 4.3564 | FP STD 0.0209|
KL coef: 0.9457741418959368
Train loss (one batch): 3580.96337890625
Train CE loss (one batch): 0.0
Test MSE: 0.0104
Poisson likelihood: 0.0
CE loss: 0.0
