/Users/deyiliu/Dropbox/UNC/G4/Spring/790/code/latent_ode-master/run_models.py
run_models.py --niters 300 -n 1000 -l 15 --dataset hopper --latent-ode --z0-encoder trans -r 1800
Experiment 33929
Epoch 0001 [Test seq (cond on sampled tp)] | Loss 50038.906250 | Likelihood -50401.480469 | KL fp 2.2021 | FP STD 0.2589|
KL coef: 0.0
Train loss (one batch): 51485.23828125
Train CE loss (one batch): 0.0
Test MSE: 0.1008
Poisson likelihood: 0.0
CE loss: 0.0
Experiment 33929
Epoch 0002 [Test seq (cond on sampled tp)] | Loss 32110.273438 | Likelihood -32445.501953 | KL fp 2.5918 | FP STD 0.1672|
KL coef: 0.0
Train loss (one batch): 34083.76953125
Train CE loss (one batch): 0.0
Test MSE: 0.0649
Poisson likelihood: 0.0
CE loss: 0.0
Experiment 33929
Epoch 0003 [Test seq (cond on sampled tp)] | Loss 27623.363281 | Likelihood -27884.705078 | KL fp 2.7954 | FP STD 0.1431|
KL coef: 0.0
Train loss (one batch): 27959.0078125
Train CE loss (one batch): 0.0
Test MSE: 0.0558
Poisson likelihood: 0.0
CE loss: 0.0
Experiment 33929
Epoch 0004 [Test seq (cond on sampled tp)] | Loss 26366.330078 | Likelihood -26511.546875 | KL fp 2.7542 | FP STD 0.1366|
KL coef: 0.0
Train loss (one batch): 25731.828125
Train CE loss (one batch): 0.0
Test MSE: 0.0530
Poisson likelihood: 0.0
CE loss: 0.0
Experiment 33929
Epoch 0005 [Test seq (cond on sampled tp)] | Loss 24163.240234 | Likelihood -24293.990234 | KL fp 2.8380 | FP STD 0.1280|
KL coef: 0.0
Train loss (one batch): 23295.119140625
Train CE loss (one batch): 0.0
Test MSE: 0.0486
Poisson likelihood: 0.0
CE loss: 0.0
Experiment 33929
Epoch 0006 [Test seq (cond on sampled tp)] | Loss 22483.000000 | Likelihood -22602.396484 | KL fp 2.8643 | FP STD 0.1211|
KL coef: 0.0
Train loss (one batch): 22955.998046875
Train CE loss (one batch): 0.0
Test MSE: 0.0452
Poisson likelihood: 0.0
CE loss: 0.0
Experiment 33929
Epoch 0007 [Test seq (cond on sampled tp)] | Loss 20931.964844 | Likelihood -21150.779297 | KL fp 2.9160 | FP STD 0.1197|
KL coef: 0.0
Train loss (one batch): 21271.26171875
Train CE loss (one batch): 0.0
Test MSE: 0.0423
Poisson likelihood: 0.0
CE loss: 0.0
Experiment 33929
Epoch 0008 [Test seq (cond on sampled tp)] | Loss 20161.769531 | Likelihood -20412.539062 | KL fp 2.9050 | FP STD 0.1150|
KL coef: 0.0
Train loss (one batch): 19964.873046875
Train CE loss (one batch): 0.0
Test MSE: 0.0408
Poisson likelihood: 0.0
CE loss: 0.0
Experiment 33929
Epoch 0009 [Test seq (cond on sampled tp)] | Loss 19023.230469 | Likelihood -19268.876953 | KL fp 3.0047 | FP STD 0.1078|
KL coef: 0.0
Train loss (one batch): 18780.91796875
Train CE loss (one batch): 0.0
Test MSE: 0.0385
Poisson likelihood: 0.0
CE loss: 0.0
Experiment 33929
Epoch 0010 [Test seq (cond on sampled tp)] | Loss 18701.617188 | Likelihood -19063.789062 | KL fp 2.9691 | FP STD 0.1083|
KL coef: 0.0
Train loss (one batch): 17504.353515625
Train CE loss (one batch): 0.0
Test MSE: 0.0381
Poisson likelihood: 0.0
CE loss: 0.0
Experiment 33929
Epoch 0011 [Test seq (cond on sampled tp)] | Loss 17891.611328 | Likelihood -18119.994141 | KL fp 2.9514 | FP STD 0.1077|
KL coef: 0.010000000000000009
Train loss (one batch): 16816.20703125
Train CE loss (one batch): 0.0
Test MSE: 0.0363
Poisson likelihood: 0.0
CE loss: 0.0
Experiment 33929
Epoch 0012 [Test seq (cond on sampled tp)] | Loss 17230.468750 | Likelihood -17422.439453 | KL fp 2.9961 | FP STD 0.1048|
KL coef: 0.01990000000000003
Train loss (one batch): 16365.8759765625
Train CE loss (one batch): 0.0
Test MSE: 0.0349
Poisson likelihood: 0.0
CE loss: 0.0
Experiment 33929
Epoch 0013 [Test seq (cond on sampled tp)] | Loss 16389.542969 | Likelihood -16613.734375 | KL fp 3.0556 | FP STD 0.0991|
KL coef: 0.029700999999999977
Train loss (one batch): 16995.833984375
Train CE loss (one batch): 0.0
Test MSE: 0.0332
Poisson likelihood: 0.0
CE loss: 0.0
Experiment 33929
Epoch 0014 [Test seq (cond on sampled tp)] | Loss 16375.008789 | Likelihood -16447.638672 | KL fp 3.0431 | FP STD 0.1000|
KL coef: 0.039403990000000055
Train loss (one batch): 15443.767578125
Train CE loss (one batch): 0.0
Test MSE: 0.0329
Poisson likelihood: 0.0
CE loss: 0.0
Experiment 33929
Epoch 0015 [Test seq (cond on sampled tp)] | Loss 16300.032227 | Likelihood -16454.712891 | KL fp 3.0913 | FP STD 0.0973|
KL coef: 0.04900995010000009
Train loss (one batch): 15711.271484375
Train CE loss (one batch): 0.0
Test MSE: 0.0329
Poisson likelihood: 0.0
CE loss: 0.0
Experiment 33929
Epoch 0016 [Test seq (cond on sampled tp)] | Loss 15415.873047 | Likelihood -15603.153320 | KL fp 3.1125 | FP STD 0.0941|
KL coef: 0.058519850599
Train loss (one batch): 15012.69140625
Train CE loss (one batch): 0.0
Test MSE: 0.0312
Poisson likelihood: 0.0
CE loss: 0.0
Experiment 33929
Epoch 0017 [Test seq (cond on sampled tp)] | Loss 15220.781250 | Likelihood -15378.519531 | KL fp 3.0914 | FP STD 0.0950|
KL coef: 0.06793465209301008
Train loss (one batch): 14186.7890625
Train CE loss (one batch): 0.0
Test MSE: 0.0308
Poisson likelihood: 0.0
CE loss: 0.0
Experiment 33929
Epoch 0018 [Test seq (cond on sampled tp)] | Loss 15008.262695 | Likelihood -15092.217773 | KL fp 3.1482 | FP STD 0.0885|
KL coef: 0.07725530557207994
Train loss (one batch): 13885.0478515625
Train CE loss (one batch): 0.0
Test MSE: 0.0302
Poisson likelihood: 0.0
CE loss: 0.0
Experiment 33929
Epoch 0019 [Test seq (cond on sampled tp)] | Loss 14675.903320 | Likelihood -14836.421875 | KL fp 3.1771 | FP STD 0.0893|
KL coef: 0.08648275251635917
Train loss (one batch): 14464.470703125
Train CE loss (one batch): 0.0
Test MSE: 0.0297
Poisson likelihood: 0.0
CE loss: 0.0
Experiment 33929
Epoch 0020 [Test seq (cond on sampled tp)] | Loss 14611.416992 | Likelihood -14630.950195 | KL fp 3.1985 | FP STD 0.0865|
KL coef: 0.09561792499119559
Train loss (one batch): 13167.4501953125
Train CE loss (one batch): 0.0
Test MSE: 0.0293
Poisson likelihood: 0.0
CE loss: 0.0
Experiment 33929
Epoch 0021 [Test seq (cond on sampled tp)] | Loss 14412.402344 | Likelihood -14519.273438 | KL fp 3.1737 | FP STD 0.0861|
KL coef: 0.10466174574128362
Train loss (one batch): 13598.6357421875
Train CE loss (one batch): 0.0
Test MSE: 0.0291
Poisson likelihood: 0.0
CE loss: 0.0
Experiment 33929
Epoch 0022 [Test seq (cond on sampled tp)] | Loss 14001.148438 | Likelihood -14124.133789 | KL fp 3.2260 | FP STD 0.0865|
KL coef: 0.11361512828387077
Train loss (one batch): 13922.25
Train CE loss (one batch): 0.0
Test MSE: 0.0283
Poisson likelihood: 0.0
CE loss: 0.0
Experiment 33929
Epoch 0023 [Test seq (cond on sampled tp)] | Loss 14076.687500 | Likelihood -14142.965820 | KL fp 3.2047 | FP STD 0.0858|
KL coef: 0.12247897700103216
Train loss (one batch): 13117.857421875
Train CE loss (one batch): 0.0
Test MSE: 0.0283
Poisson likelihood: 0.0
CE loss: 0.0
Experiment 33929
Epoch 0024 [Test seq (cond on sampled tp)] | Loss 13502.215820 | Likelihood -13628.383789 | KL fp 3.1843 | FP STD 0.0860|
KL coef: 0.13125418723102178
Train loss (one batch): 12774.9326171875
Train CE loss (one batch): 0.0
Test MSE: 0.0273
Poisson likelihood: 0.0
CE loss: 0.0
Experiment 33929
Epoch 0025 [Test seq (cond on sampled tp)] | Loss 13194.526367 | Likelihood -13286.812500 | KL fp 3.2790 | FP STD 0.0802|
KL coef: 0.13994164535871156
Train loss (one batch): 12474.4072265625
Train CE loss (one batch): 0.0
Test MSE: 0.0266
Poisson likelihood: 0.0
CE loss: 0.0
Experiment 33929
Epoch 0026 [Test seq (cond on sampled tp)] | Loss 13079.845703 | Likelihood -13114.398438 | KL fp 3.2808 | FP STD 0.0812|
KL coef: 0.14854222890512447
Train loss (one batch): 11951.01953125
Train CE loss (one batch): 0.0
Test MSE: 0.0262
Poisson likelihood: 0.0
CE loss: 0.0
Experiment 33929
Epoch 0027 [Test seq (cond on sampled tp)] | Loss 12756.662109 | Likelihood -12875.241211 | KL fp 3.2715 | FP STD 0.0808|
KL coef: 0.15705680661607324
Train loss (one batch): 12627.8212890625
Train CE loss (one batch): 0.0
Test MSE: 0.0258
Poisson likelihood: 0.0
CE loss: 0.0
Experiment 33929
Epoch 0028 [Test seq (cond on sampled tp)] | Loss 12557.963867 | Likelihood -12657.965820 | KL fp 3.2998 | FP STD 0.0789|
KL coef: 0.1654862385499125
Train loss (one batch): 12256.3779296875
Train CE loss (one batch): 0.0
Test MSE: 0.0253
Poisson likelihood: 0.0
CE loss: 0.0
Experiment 33929
Epoch 0029 [Test seq (cond on sampled tp)] | Loss 12817.818359 | Likelihood -12907.665039 | KL fp 3.2677 | FP STD 0.0790|
KL coef: 0.17383137616441335
Train loss (one batch): 12133.2373046875
Train CE loss (one batch): 0.0
Test MSE: 0.0258
Poisson likelihood: 0.0
CE loss: 0.0
Experiment 33929
Epoch 0030 [Test seq (cond on sampled tp)] | Loss 12328.757812 | Likelihood -12460.627930 | KL fp 3.3019 | FP STD 0.0776|
KL coef: 0.18209306240276923
Train loss (one batch): 11493.4892578125
Train CE loss (one batch): 0.0
Test MSE: 0.0249
Poisson likelihood: 0.0
CE loss: 0.0
Experiment 33929
Epoch 0031 [Test seq (cond on sampled tp)] | Loss 12411.372070 | Likelihood -12459.640625 | KL fp 3.2447 | FP STD 0.0803|
KL coef: 0.19027213177874158
Train loss (one batch): 11065.3115234375
Train CE loss (one batch): 0.0
Test MSE: 0.0249
Poisson likelihood: 0.0
CE loss: 0.0
Experiment 33929
Epoch 0032 [Test seq (cond on sampled tp)] | Loss 12044.814453 | Likelihood -12099.445312 | KL fp 3.3239 | FP STD 0.0769|
KL coef: 0.19836941046095413
Train loss (one batch): 11053.95703125
Train CE loss (one batch): 0.0
Test MSE: 0.0242
Poisson likelihood: 0.0
CE loss: 0.0
Experiment 33929
Epoch 0033 [Test seq (cond on sampled tp)] | Loss 11706.062500 | Likelihood -11753.121094 | KL fp 3.3701 | FP STD 0.0732|
KL coef: 0.20638571635634462
Train loss (one batch): 11173.44921875
Train CE loss (one batch): 0.0
Test MSE: 0.0235
Poisson likelihood: 0.0
CE loss: 0.0
Experiment 33929
Epoch 0034 [Test seq (cond on sampled tp)] | Loss 11600.627930 | Likelihood -11637.612305 | KL fp 3.3475 | FP STD 0.0732|
KL coef: 0.21432185919278124
Train loss (one batch): 10828.728515625
Train CE loss (one batch): 0.0
Test MSE: 0.0233
Poisson likelihood: 0.0
CE loss: 0.0
Experiment 33929
Epoch 0035 [Test seq (cond on sampled tp)] | Loss 11339.015625 | Likelihood -11368.921875 | KL fp 3.3490 | FP STD 0.0748|
KL coef: 0.22217864060085335
Train loss (one batch): 11394.1416015625
Train CE loss (one batch): 0.0
Test MSE: 0.0227
Poisson likelihood: 0.0
CE loss: 0.0
Experiment 33929
Epoch 0036 [Test seq (cond on sampled tp)] | Loss 11149.012695 | Likelihood -11205.690430 | KL fp 3.3211 | FP STD 0.0764|
KL coef: 0.2299568541948449
Train loss (one batch): 10494.8583984375
Train CE loss (one batch): 0.0
Test MSE: 0.0224
Poisson likelihood: 0.0
CE loss: 0.0
Experiment 33929
Epoch 0037 [Test seq (cond on sampled tp)] | Loss 11133.384766 | Likelihood -11186.731445 | KL fp 3.3633 | FP STD 0.0739|
KL coef: 0.23765728565289646
Train loss (one batch): 10813.74609375
Train CE loss (one batch): 0.0
Test MSE: 0.0224
Poisson likelihood: 0.0
CE loss: 0.0
Experiment 33929
Epoch 0038 [Test seq (cond on sampled tp)] | Loss 10972.168945 | Likelihood -11032.460938 | KL fp 3.3508 | FP STD 0.0737|
KL coef: 0.24528071279636743
Train loss (one batch): 10233.9267578125
Train CE loss (one batch): 0.0
Test MSE: 0.0221
Poisson likelihood: 0.0
CE loss: 0.0
Experiment 33929
Epoch 0039 [Test seq (cond on sampled tp)] | Loss 10914.151367 | Likelihood -10979.329102 | KL fp 3.3824 | FP STD 0.0719|
KL coef: 0.25282790566840385
Train loss (one batch): 10599.9248046875
Train CE loss (one batch): 0.0
Test MSE: 0.0220
Poisson likelihood: 0.0
CE loss: 0.0
Experiment 33929
Epoch 0040 [Test seq (cond on sampled tp)] | Loss 10922.786133 | Likelihood -10973.290039 | KL fp 3.3840 | FP STD 0.0718|
KL coef: 0.2602996266117198
Train loss (one batch): 10290.69921875
Train CE loss (one batch): 0.0
Test MSE: 0.0220
Poisson likelihood: 0.0
CE loss: 0.0
Experiment 33929
Epoch 0041 [Test seq (cond on sampled tp)] | Loss 10542.527344 | Likelihood -10703.985352 | KL fp 3.4240 | FP STD 0.0690|
KL coef: 0.26769663034560254
Train loss (one batch): 10114.1572265625
Train CE loss (one batch): 0.0
Test MSE: 0.0214
Poisson likelihood: 0.0
CE loss: 0.0
Experiment 33929
Epoch 0042 [Test seq (cond on sampled tp)] | Loss 10609.532227 | Likelihood -10745.321289 | KL fp 3.4312 | FP STD 0.0684|
KL coef: 0.2750196640421466
Train loss (one batch): 10215.8017578125
Train CE loss (one batch): 0.0
Test MSE: 0.0215
Poisson likelihood: 0.0
CE loss: 0.0
Experiment 33929
Epoch 0043 [Test seq (cond on sampled tp)] | Loss 10461.023438 | Likelihood -10608.743164 | KL fp 3.4073 | FP STD 0.0682|
KL coef: 0.2822694674017251
Train loss (one batch): 10545.9765625
Train CE loss (one batch): 0.0
Test MSE: 0.0212
Poisson likelihood: 0.0
CE loss: 0.0
Experiment 33929
Epoch 0044 [Test seq (cond on sampled tp)] | Loss 10605.489258 | Likelihood -10615.597656 | KL fp 3.3919 | FP STD 0.0695|
KL coef: 0.2894467727277079
Train loss (one batch): 10053.458984375
Train CE loss (one batch): 0.0
Test MSE: 0.0212
Poisson likelihood: 0.0
CE loss: 0.0
Experiment 33929
Epoch 0045 [Test seq (cond on sampled tp)] | Loss 10163.156250 | Likelihood -10238.896484 | KL fp 3.4793 | FP STD 0.0650|
KL coef: 0.29655230500043084
Train loss (one batch): 9996.560546875
Train CE loss (one batch): 0.0
Test MSE: 0.0205
Poisson likelihood: 0.0
CE loss: 0.0
Experiment 33929
Epoch 0046 [Test seq (cond on sampled tp)] | Loss 10364.812500 | Likelihood -10436.711914 | KL fp 3.4046 | FP STD 0.0675|
KL coef: 0.30358678195042654
Train loss (one batch): 9400.173828125
Train CE loss (one batch): 0.0
Test MSE: 0.0209
Poisson likelihood: 0.0
CE loss: 0.0
Experiment 33929
Epoch 0047 [Test seq (cond on sampled tp)] | Loss 10209.407227 | Likelihood -10264.655273 | KL fp 3.4748 | FP STD 0.0647|
KL coef: 0.3105509141309223
Train loss (one batch): 10062.171875
Train CE loss (one batch): 0.0
Test MSE: 0.0205
Poisson likelihood: 0.0
CE loss: 0.0
Experiment 33929
Epoch 0048 [Test seq (cond on sampled tp)] | Loss 10284.593750 | Likelihood -10364.574219 | KL fp 3.4411 | FP STD 0.0659|
KL coef: 0.31744540498961304
Train loss (one batch): 10178.6455078125
Train CE loss (one batch): 0.0
Test MSE: 0.0207
Poisson likelihood: 0.0
CE loss: 0.0
Experiment 33929
Epoch 0049 [Test seq (cond on sampled tp)] | Loss 10241.857422 | Likelihood -10296.172852 | KL fp 3.4717 | FP STD 0.0655|
KL coef: 0.3242709509397169
Train loss (one batch): 9614.955078125
Train CE loss (one batch): 0.0
Test MSE: 0.0206
Poisson likelihood: 0.0
CE loss: 0.0
Experiment 33929
Epoch 0050 [Test seq (cond on sampled tp)] | Loss 10316.422852 | Likelihood -10365.999023 | KL fp 3.4927 | FP STD 0.0633|
KL coef: 0.3310282414303197
Train loss (one batch): 9747.0859375
Train CE loss (one batch): 0.0
Test MSE: 0.0207
Poisson likelihood: 0.0
CE loss: 0.0
Experiment 33929
Epoch 0051 [Test seq (cond on sampled tp)] | Loss 9892.854492 | Likelihood -9970.989258 | KL fp 3.5166 | FP STD 0.0627|
KL coef: 0.33771795901601653
Train loss (one batch): 9370.7431640625
Train CE loss (one batch): 0.0
Test MSE: 0.0200
Poisson likelihood: 0.0
CE loss: 0.0
Experiment 33929
Epoch 0052 [Test seq (cond on sampled tp)] | Loss 9871.763672 | Likelihood -9980.243164 | KL fp 3.5272 | FP STD 0.0609|
KL coef: 0.3443407794258564
Train loss (one batch): 9309.759765625
Train CE loss (one batch): 0.0
Test MSE: 0.0200
Poisson likelihood: 0.0
CE loss: 0.0
Experiment 33929
Epoch 0053 [Test seq (cond on sampled tp)] | Loss 10105.948242 | Likelihood -10150.913086 | KL fp 3.4705 | FP STD 0.0637|
KL coef: 0.35089737163159784
Train loss (one batch): 9596.173828125
Train CE loss (one batch): 0.0
Test MSE: 0.0203
Poisson likelihood: 0.0
CE loss: 0.0
Experiment 33929
Epoch 0054 [Test seq (cond on sampled tp)] | Loss 9671.357422 | Likelihood -9717.183594 | KL fp 3.5163 | FP STD 0.0616|
KL coef: 0.3573883979152819
Train loss (one batch): 9251.169921875
Train CE loss (one batch): 0.0
Test MSE: 0.0194
Poisson likelihood: 0.0
CE loss: 0.0
Experiment 33929
Epoch 0055 [Test seq (cond on sampled tp)] | Loss 9939.071289 | Likelihood -9965.139648 | KL fp 3.5372 | FP STD 0.0608|
KL coef: 0.36381451393612907
Train loss (one batch): 9362.7060546875
Train CE loss (one batch): 0.0
Test MSE: 0.0199
Poisson likelihood: 0.0
CE loss: 0.0
Experiment 33929
Epoch 0056 [Test seq (cond on sampled tp)] | Loss 9592.500977 | Likelihood -9654.683594 | KL fp 3.5096 | FP STD 0.0613|
KL coef: 0.37017636879676774
Train loss (one batch): 9012.306640625
Train CE loss (one batch): 0.0
Test MSE: 0.0193
Poisson likelihood: 0.0
CE loss: 0.0
Experiment 33929
Epoch 0057 [Test seq (cond on sampled tp)] | Loss 9659.173828 | Likelihood -9717.461914 | KL fp 3.5492 | FP STD 0.0599|
KL coef: 0.37647460510880004
Train loss (one batch): 9258.91796875
Train CE loss (one batch): 0.0
Test MSE: 0.0194
Poisson likelihood: 0.0
CE loss: 0.0
Experiment 33929
Epoch 0058 [Test seq (cond on sampled tp)] | Loss 9279.838867 | Likelihood -9336.522461 | KL fp 3.5833 | FP STD 0.0586|
KL coef: 0.38270985905771204
Train loss (one batch): 9486.9140625
Train CE loss (one batch): 0.0
Test MSE: 0.0187
Poisson likelihood: 0.0
CE loss: 0.0
Experiment 33929
Epoch 0059 [Test seq (cond on sampled tp)] | Loss 9545.109375 | Likelihood -9591.657227 | KL fp 3.5462 | FP STD 0.0599|
KL coef: 0.388882760467135
Train loss (one batch): 8776.6865234375
Train CE loss (one batch): 0.0
Test MSE: 0.0192
Poisson likelihood: 0.0
CE loss: 0.0
Experiment 33929
Epoch 0060 [Test seq (cond on sampled tp)] | Loss 9400.273438 | Likelihood -9459.913086 | KL fp 3.6034 | FP STD 0.0575|
KL coef: 0.39499393286246365
Train loss (one batch): 9313.84765625
Train CE loss (one batch): 0.0
Test MSE: 0.0189
Poisson likelihood: 0.0
CE loss: 0.0
Experiment 33929
Epoch 0061 [Test seq (cond on sampled tp)] | Loss 9213.901367 | Likelihood -9235.644531 | KL fp 3.5762 | FP STD 0.0582|
KL coef: 0.401043993533839
Train loss (one batch): 8866.36328125
Train CE loss (one batch): 0.0
Test MSE: 0.0185
Poisson likelihood: 0.0
CE loss: 0.0
Experiment 33929
Epoch 0062 [Test seq (cond on sampled tp)] | Loss 9109.221680 | Likelihood -9151.429688 | KL fp 3.5785 | FP STD 0.0573|
KL coef: 0.4070335535985006
Train loss (one batch): 8888.375
Train CE loss (one batch): 0.0
Test MSE: 0.0183
Poisson likelihood: 0.0
CE loss: 0.0
Experiment 33929
Epoch 0063 [Test seq (cond on sampled tp)] | Loss 9072.214844 | Likelihood -9141.921875 | KL fp 3.5965 | FP STD 0.0572|
KL coef: 0.41296321806251557
Train loss (one batch): 9025.1796875
Train CE loss (one batch): 0.0
Test MSE: 0.0183
Poisson likelihood: 0.0
CE loss: 0.0
Experiment 33929
Epoch 0064 [Test seq (cond on sampled tp)] | Loss 9307.326172 | Likelihood -9363.636719 | KL fp 3.6051 | FP STD 0.0561|
KL coef: 0.41883358588189046
Train loss (one batch): 8622.6533203125
Train CE loss (one batch): 0.0
Test MSE: 0.0187
Poisson likelihood: 0.0
CE loss: 0.0
Experiment 33929
Epoch 0065 [Test seq (cond on sampled tp)] | Loss 9153.393555 | Likelihood -9210.812500 | KL fp 3.5841 | FP STD 0.0574|
KL coef: 0.4246452500230715
Train loss (one batch): 8941.2763671875
Train CE loss (one batch): 0.0
Test MSE: 0.0184
Poisson likelihood: 0.0
CE loss: 0.0
Experiment 33929
Epoch 0066 [Test seq (cond on sampled tp)] | Loss 9183.449219 | Likelihood -9225.222656 | KL fp 3.6124 | FP STD 0.0559|
KL coef: 0.4303987975228408
Train loss (one batch): 8845.7080078125
Train CE loss (one batch): 0.0
Test MSE: 0.0185
Poisson likelihood: 0.0
CE loss: 0.0
Experiment 33929
Epoch 0067 [Test seq (cond on sampled tp)] | Loss 9329.745117 | Likelihood -9362.115234 | KL fp 3.5987 | FP STD 0.0560|
KL coef: 0.4360948095476125
Train loss (one batch): 8311.9951171875
Train CE loss (one batch): 0.0
Test MSE: 0.0187
Poisson likelihood: 0.0
CE loss: 0.0
Experiment 33929
Epoch 0068 [Test seq (cond on sampled tp)] | Loss 8919.620117 | Likelihood -9015.066406 | KL fp 3.5890 | FP STD 0.0563|
KL coef: 0.44173386145213633
Train loss (one batch): 8769.845703125
Train CE loss (one batch): 0.0
Test MSE: 0.0180
Poisson likelihood: 0.0
CE loss: 0.0
Experiment 33929
Epoch 0069 [Test seq (cond on sampled tp)] | Loss 8920.466797 | Likelihood -8965.327148 | KL fp 3.5850 | FP STD 0.0578|
KL coef: 0.4473165228376149
Train loss (one batch): 8306.6474609375
Train CE loss (one batch): 0.0
Test MSE: 0.0179
Poisson likelihood: 0.0
CE loss: 0.0
Experiment 33929
Epoch 0070 [Test seq (cond on sampled tp)] | Loss 8880.690430 | Likelihood -8942.792969 | KL fp 3.6240 | FP STD 0.0554|
KL coef: 0.4528433576092388
Train loss (one batch): 8601.791015625
Train CE loss (one batch): 0.0
Test MSE: 0.0179
Poisson likelihood: 0.0
CE loss: 0.0
Experiment 33929
Epoch 0071 [Test seq (cond on sampled tp)] | Loss 8567.292969 | Likelihood -8670.336914 | KL fp 3.6389 | FP STD 0.0544|
KL coef: 0.45831492403314644
Train loss (one batch): 8494.6083984375
Train CE loss (one batch): 0.0
Test MSE: 0.0174
Poisson likelihood: 0.0
CE loss: 0.0
Experiment 33929
Epoch 0072 [Test seq (cond on sampled tp)] | Loss 8773.701172 | Likelihood -8812.428711 | KL fp 3.6487 | FP STD 0.0534|
KL coef: 0.463731774792815
Train loss (one batch): 8625.7802734375
Train CE loss (one batch): 0.0
Test MSE: 0.0176
Poisson likelihood: 0.0
CE loss: 0.0
Experiment 33929
Epoch 0073 [Test seq (cond on sampled tp)] | Loss 8723.950195 | Likelihood -8792.649414 | KL fp 3.6685 | FP STD 0.0535|
KL coef: 0.46909445704488684
Train loss (one batch): 8663.20703125
Train CE loss (one batch): 0.0
Test MSE: 0.0176
Poisson likelihood: 0.0
CE loss: 0.0
Experiment 33929
Epoch 0074 [Test seq (cond on sampled tp)] | Loss 8859.441406 | Likelihood -8863.394531 | KL fp 3.6915 | FP STD 0.0533|
KL coef: 0.474403512474438
Train loss (one batch): 8529.3916015625
Train CE loss (one batch): 0.0
Test MSE: 0.0177
Poisson likelihood: 0.0
CE loss: 0.0
Experiment 33929
Epoch 0075 [Test seq (cond on sampled tp)] | Loss 8588.646484 | Likelihood -8619.954102 | KL fp 3.6628 | FP STD 0.0530|
KL coef: 0.4796594773496936
Train loss (one batch): 8016.33154296875
Train CE loss (one batch): 0.0
Test MSE: 0.0173
Poisson likelihood: 0.0
CE loss: 0.0
Experiment 33929
Epoch 0076 [Test seq (cond on sampled tp)] | Loss 8553.102539 | Likelihood -8585.039062 | KL fp 3.6585 | FP STD 0.0541|
KL coef: 0.4848628825761967
Train loss (one batch): 7886.41259765625
Train CE loss (one batch): 0.0
Test MSE: 0.0172
Poisson likelihood: 0.0
CE loss: 0.0
Experiment 33929
Epoch 0077 [Test seq (cond on sampled tp)] | Loss 8457.336914 | Likelihood -8534.413086 | KL fp 3.6859 | FP STD 0.0524|
KL coef: 0.4900142537504347
Train loss (one batch): 8346.5576171875
Train CE loss (one batch): 0.0
Test MSE: 0.0171
Poisson likelihood: 0.0
CE loss: 0.0
Experiment 33929
Epoch 0078 [Test seq (cond on sampled tp)] | Loss 8544.161133 | Likelihood -8552.506836 | KL fp 3.6331 | FP STD 0.0531|
KL coef: 0.49511411121293036
Train loss (one batch): 8152.45703125
Train CE loss (one batch): 0.0
Test MSE: 0.0171
Poisson likelihood: 0.0
CE loss: 0.0
Experiment 33929
Epoch 0079 [Test seq (cond on sampled tp)] | Loss 8493.552734 | Likelihood -8553.980469 | KL fp 3.6577 | FP STD 0.0528|
KL coef: 0.500162970100801
Train loss (one batch): 7931.58349609375
Train CE loss (one batch): 0.0
Test MSE: 0.0171
Poisson likelihood: 0.0
CE loss: 0.0
Experiment 33929
Epoch 0080 [Test seq (cond on sampled tp)] | Loss 8407.183594 | Likelihood -8466.235352 | KL fp 3.6629 | FP STD 0.0524|
KL coef: 0.505161340399793
Train loss (one batch): 7980.10888671875
Train CE loss (one batch): 0.0
Test MSE: 0.0169
Poisson likelihood: 0.0
CE loss: 0.0
Experiment 33929
Epoch 0081 [Test seq (cond on sampled tp)] | Loss 8430.909180 | Likelihood -8476.916992 | KL fp 3.7330 | FP STD 0.0498|
KL coef: 0.510109726995795
Train loss (one batch): 8263.6376953125
Train CE loss (one batch): 0.0
Test MSE: 0.0170
Poisson likelihood: 0.0
CE loss: 0.0
Experiment 33929
Epoch 0082 [Test seq (cond on sampled tp)] | Loss 8354.892578 | Likelihood -8394.519531 | KL fp 3.6811 | FP STD 0.0506|
KL coef: 0.5150086297258372
Train loss (one batch): 7725.7900390625
Train CE loss (one batch): 0.0
Test MSE: 0.0168
Poisson likelihood: 0.0
CE loss: 0.0
Experiment 33929
Epoch 0083 [Test seq (cond on sampled tp)] | Loss 8106.246582 | Likelihood -8132.516113 | KL fp 3.7301 | FP STD 0.0489|
KL coef: 0.5198585434285787
Train loss (one batch): 7756.98828125
Train CE loss (one batch): 0.0
Test MSE: 0.0163
Poisson likelihood: 0.0
CE loss: 0.0
Experiment 33929
Epoch 0084 [Test seq (cond on sampled tp)] | Loss 8418.729492 | Likelihood -8474.568359 | KL fp 3.7081 | FP STD 0.0506|
KL coef: 0.524659957994293
Train loss (one batch): 8218.720703125
Train CE loss (one batch): 0.0
Test MSE: 0.0170
Poisson likelihood: 0.0
CE loss: 0.0
Experiment 33929
Epoch 0085 [Test seq (cond on sampled tp)] | Loss 8211.883789 | Likelihood -8253.830078 | KL fp 3.6689 | FP STD 0.0513|
KL coef: 0.5294133584143501
Train loss (one batch): 7927.02490234375
Train CE loss (one batch): 0.0
Test MSE: 0.0165
Poisson likelihood: 0.0
CE loss: 0.0
Experiment 33929
Epoch 0086 [Test seq (cond on sampled tp)] | Loss 8129.957031 | Likelihood -8142.757812 | KL fp 3.7642 | FP STD 0.0489|
KL coef: 0.5341192248302067
Train loss (one batch): 7907.10498046875
Train CE loss (one batch): 0.0
Test MSE: 0.0163
Poisson likelihood: 0.0
CE loss: 0.0
Experiment 33929
Epoch 0087 [Test seq (cond on sampled tp)] | Loss 8254.722656 | Likelihood -8281.463867 | KL fp 3.7021 | FP STD 0.0504|
KL coef: 0.5387780325819045
Train loss (one batch): 7437.94287109375
Train CE loss (one batch): 0.0
Test MSE: 0.0166
Poisson likelihood: 0.0
CE loss: 0.0
Experiment 33929
Epoch 0088 [Test seq (cond on sampled tp)] | Loss 8174.988770 | Likelihood -8177.451172 | KL fp 3.6945 | FP STD 0.0515|
KL coef: 0.5433902522560855
Train loss (one batch): 8177.6279296875
Train CE loss (one batch): 0.0
Test MSE: 0.0164
Poisson likelihood: 0.0
CE loss: 0.0
Experiment 33929
Epoch 0089 [Test seq (cond on sampled tp)] | Loss 8025.033203 | Likelihood -8100.900879 | KL fp 3.6934 | FP STD 0.0511|
KL coef: 0.5479563497335247
Train loss (one batch): 7819.86083984375
Train CE loss (one batch): 0.0
Test MSE: 0.0162
Poisson likelihood: 0.0
CE loss: 0.0
Experiment 33929
Epoch 0090 [Test seq (cond on sampled tp)] | Loss 7984.597168 | Likelihood -8015.182129 | KL fp 3.6979 | FP STD 0.0494|
KL coef: 0.5524767862361895
Train loss (one batch): 7591.50390625
Train CE loss (one batch): 0.0
Test MSE: 0.0160
Poisson likelihood: 0.0
CE loss: 0.0
Experiment 33929
Epoch 0091 [Test seq (cond on sampled tp)] | Loss 8022.680664 | Likelihood -8053.882324 | KL fp 3.6957 | FP STD 0.0501|
KL coef: 0.5569520183738275
Train loss (one batch): 7574.9091796875
Train CE loss (one batch): 0.0
Test MSE: 0.0161
Poisson likelihood: 0.0
CE loss: 0.0
Experiment 33929
Epoch 0092 [Test seq (cond on sampled tp)] | Loss 8090.615723 | Likelihood -8105.053223 | KL fp 3.7083 | FP STD 0.0489|
KL coef: 0.5613824981900892
Train loss (one batch): 7867.77685546875
Train CE loss (one batch): 0.0
Test MSE: 0.0162
Poisson likelihood: 0.0
CE loss: 0.0
Experiment 33929
Epoch 0093 [Test seq (cond on sampled tp)] | Loss 7929.899902 | Likelihood -7951.356934 | KL fp 3.7553 | FP STD 0.0480|
KL coef: 0.5657686732081884
Train loss (one batch): 7561.78759765625
Train CE loss (one batch): 0.0
Test MSE: 0.0159
Poisson likelihood: 0.0
CE loss: 0.0
Experiment 33929
Epoch 0094 [Test seq (cond on sampled tp)] | Loss 8061.789551 | Likelihood -8074.940918 | KL fp 3.7560 | FP STD 0.0481|
KL coef: 0.5701109864761065
Train loss (one batch): 7689.93896484375
Train CE loss (one batch): 0.0
Test MSE: 0.0162
Poisson likelihood: 0.0
CE loss: 0.0
Experiment 33929
Epoch 0095 [Test seq (cond on sampled tp)] | Loss 7947.586426 | Likelihood -7967.554688 | KL fp 3.7628 | FP STD 0.0487|
KL coef: 0.5744098766113455
Train loss (one batch): 7479.14990234375
Train CE loss (one batch): 0.0
Test MSE: 0.0159
Poisson likelihood: 0.0
CE loss: 0.0
Experiment 33929
Epoch 0096 [Test seq (cond on sampled tp)] | Loss 7819.301758 | Likelihood -7819.057129 | KL fp 3.7081 | FP STD 0.0498|
KL coef: 0.578665777845232
Train loss (one batch): 7407.201171875
Train CE loss (one batch): 0.0
Test MSE: 0.0157
Poisson likelihood: 0.0
CE loss: 0.0
Experiment 33929
Epoch 0097 [Test seq (cond on sampled tp)] | Loss 7722.482910 | Likelihood -7769.804199 | KL fp 3.7900 | FP STD 0.0478|
KL coef: 0.5828791200667797
Train loss (one batch): 7588.89306640625
Train CE loss (one batch): 0.0
Test MSE: 0.0156
Poisson likelihood: 0.0
CE loss: 0.0
Experiment 33929
Epoch 0098 [Test seq (cond on sampled tp)] | Loss 7771.882812 | Likelihood -7814.093750 | KL fp 3.7290 | FP STD 0.0474|
KL coef: 0.5870503288661119
Train loss (one batch): 7348.46142578125
Train CE loss (one batch): 0.0
Test MSE: 0.0156
Poisson likelihood: 0.0
CE loss: 0.0
Experiment 33929
Epoch 0099 [Test seq (cond on sampled tp)] | Loss 7649.295898 | Likelihood -7681.919434 | KL fp 3.7918 | FP STD 0.0465|
KL coef: 0.5911798255774507
Train loss (one batch): 7440.6650390625
Train CE loss (one batch): 0.0
Test MSE: 0.0154
Poisson likelihood: 0.0
CE loss: 0.0
Experiment 33929
Epoch 0100 [Test seq (cond on sampled tp)] | Loss 7664.135254 | Likelihood -7678.060059 | KL fp 3.7849 | FP STD 0.0470|
KL coef: 0.5952680273216762
Train loss (one batch): 7477.38916015625
Train CE loss (one batch): 0.0
Test MSE: 0.0154
Poisson likelihood: 0.0
CE loss: 0.0
Experiment 33929
Epoch 0101 [Test seq (cond on sampled tp)] | Loss 7724.492676 | Likelihood -7785.774902 | KL fp 3.7349 | FP STD 0.0484|
KL coef: 0.5993153470484595
Train loss (one batch): 7417.4736328125
Train CE loss (one batch): 0.0
Test MSE: 0.0156
Poisson likelihood: 0.0
CE loss: 0.0
Experiment 33929
Epoch 0102 [Test seq (cond on sampled tp)] | Loss 7621.038574 | Likelihood -7710.388184 | KL fp 3.7863 | FP STD 0.0475|
KL coef: 0.6033221935779749
Train loss (one batch): 7454.77685546875
Train CE loss (one batch): 0.0
Test MSE: 0.0154
Poisson likelihood: 0.0
CE loss: 0.0
Experiment 33929
Epoch 0103 [Test seq (cond on sampled tp)] | Loss 7486.650879 | Likelihood -7501.580566 | KL fp 3.8070 | FP STD 0.0448|
KL coef: 0.6072889716421952
Train loss (one batch): 7121.26123046875
Train CE loss (one batch): 0.0
Test MSE: 0.0150
Poisson likelihood: 0.0
CE loss: 0.0
Experiment 33929
Epoch 0104 [Test seq (cond on sampled tp)] | Loss 7681.228027 | Likelihood -7707.044434 | KL fp 3.7945 | FP STD 0.0459|
KL coef: 0.6112160819257733
Train loss (one batch): 7326.68701171875
Train CE loss (one batch): 0.0
Test MSE: 0.0154
Poisson likelihood: 0.0
CE loss: 0.0
Experiment 33929
Epoch 0105 [Test seq (cond on sampled tp)] | Loss 7392.744141 | Likelihood -7423.497559 | KL fp 3.7695 | FP STD 0.0465|
KL coef: 0.6151039211065155
Train loss (one batch): 7247.0576171875
Train CE loss (one batch): 0.0
Test MSE: 0.0149
Poisson likelihood: 0.0
CE loss: 0.0
Experiment 33929
Epoch 0106 [Test seq (cond on sampled tp)] | Loss 7394.722168 | Likelihood -7452.890137 | KL fp 3.8449 | FP STD 0.0455|
KL coef: 0.6189528818954504
Train loss (one batch): 7227.9248046875
Train CE loss (one batch): 0.0
Test MSE: 0.0149
Poisson likelihood: 0.0
CE loss: 0.0
Experiment 33929
Epoch 0107 [Test seq (cond on sampled tp)] | Loss 7522.406250 | Likelihood -7554.403809 | KL fp 3.8363 | FP STD 0.0444|
KL coef: 0.6227633530764958
Train loss (one batch): 7312.81982421875
Train CE loss (one batch): 0.0
Test MSE: 0.0151
Poisson likelihood: 0.0
CE loss: 0.0
Experiment 33929
Epoch 0108 [Test seq (cond on sampled tp)] | Loss 7458.896973 | Likelihood -7499.540527 | KL fp 3.7855 | FP STD 0.0453|
KL coef: 0.6265357195457308
Train loss (one batch): 6945.490234375
Train CE loss (one batch): 0.0
Test MSE: 0.0150
Poisson likelihood: 0.0
CE loss: 0.0
Experiment 33929
Epoch 0109 [Test seq (cond on sampled tp)] | Loss 7469.209473 | Likelihood -7483.177734 | KL fp 3.7918 | FP STD 0.0456|
KL coef: 0.6302703623502736
Train loss (one batch): 7250.32177734375
Train CE loss (one batch): 0.0
Test MSE: 0.0150
Poisson likelihood: 0.0
CE loss: 0.0
Experiment 33929
Epoch 0110 [Test seq (cond on sampled tp)] | Loss 7308.037598 | Likelihood -7329.024902 | KL fp 3.7751 | FP STD 0.0460|
KL coef: 0.6339676587267709
Train loss (one batch): 6944.41162109375
Train CE loss (one batch): 0.0
Test MSE: 0.0147
Poisson likelihood: 0.0
CE loss: 0.0
Experiment 33929
Epoch 0111 [Test seq (cond on sampled tp)] | Loss 7355.914551 | Likelihood -7396.257812 | KL fp 3.7831 | FP STD 0.0468|
KL coef: 0.6376279821395031
Train loss (one batch): 7013.11572265625
Train CE loss (one batch): 0.0
Test MSE: 0.0148
Poisson likelihood: 0.0
CE loss: 0.0
Experiment 33929
Epoch 0112 [Test seq (cond on sampled tp)] | Loss 7323.473145 | Likelihood -7342.793457 | KL fp 3.7682 | FP STD 0.0458|
KL coef: 0.6412517023181081
Train loss (one batch): 6989.5283203125
Train CE loss (one batch): 0.0
Test MSE: 0.0147
Poisson likelihood: 0.0
CE loss: 0.0
Experiment 33929
Epoch 0113 [Test seq (cond on sampled tp)] | Loss 7398.714355 | Likelihood -7418.371582 | KL fp 3.7833 | FP STD 0.0454|
KL coef: 0.644839185294927
Train loss (one batch): 7041.93408203125
Train CE loss (one batch): 0.0
Test MSE: 0.0148
Poisson likelihood: 0.0
CE loss: 0.0
Experiment 33929
Epoch 0114 [Test seq (cond on sampled tp)] | Loss 7193.916016 | Likelihood -7241.723145 | KL fp 3.7655 | FP STD 0.0453|
KL coef: 0.6483907934419777
Train loss (one batch): 6907.9599609375
Train CE loss (one batch): 0.0
Test MSE: 0.0145
Poisson likelihood: 0.0
CE loss: 0.0
Experiment 33929
Epoch 0115 [Test seq (cond on sampled tp)] | Loss 7251.472656 | Likelihood -7280.702637 | KL fp 3.8039 | FP STD 0.0449|
KL coef: 0.651906885507558
Train loss (one batch): 6614.4052734375
Train CE loss (one batch): 0.0
Test MSE: 0.0146
Poisson likelihood: 0.0
CE loss: 0.0
Experiment 33929
Epoch 0116 [Test seq (cond on sampled tp)] | Loss 7098.775391 | Likelihood -7099.606934 | KL fp 3.7980 | FP STD 0.0454|
KL coef: 0.6553878166524825
Train loss (one batch): 6646.4716796875
Train CE loss (one batch): 0.0
Test MSE: 0.0142
Poisson likelihood: 0.0
CE loss: 0.0
Experiment 33929
Epoch 0117 [Test seq (cond on sampled tp)] | Loss 7293.567383 | Likelihood -7306.728027 | KL fp 3.7918 | FP STD 0.0446|
KL coef: 0.6588339384859576
Train loss (one batch): 6866.3203125
Train CE loss (one batch): 0.0
Test MSE: 0.0146
Poisson likelihood: 0.0
CE loss: 0.0
Experiment 33929
Epoch 0118 [Test seq (cond on sampled tp)] | Loss 7120.371582 | Likelihood -7124.673340 | KL fp 3.8001 | FP STD 0.0455|
KL coef: 0.662245599101098
Train loss (one batch): 6982.39208984375
Train CE loss (one batch): 0.0
Test MSE: 0.0143
Poisson likelihood: 0.0
CE loss: 0.0
Experiment 33929
Epoch 0119 [Test seq (cond on sampled tp)] | Loss 7079.001953 | Likelihood -7134.314941 | KL fp 3.8037 | FP STD 0.0453|
KL coef: 0.665623143110087
Train loss (one batch): 6980.1025390625
Train CE loss (one batch): 0.0
Test MSE: 0.0143
Poisson likelihood: 0.0
CE loss: 0.0
Experiment 33929
Epoch 0120 [Test seq (cond on sampled tp)] | Loss 7028.867676 | Likelihood -7073.441895 | KL fp 3.8123 | FP STD 0.0443|
KL coef: 0.6689669116789861
Train loss (one batch): 6754.43115234375
Train CE loss (one batch): 0.0
Test MSE: 0.0142
Poisson likelihood: 0.0
CE loss: 0.0
Experiment 33929
Epoch 0121 [Test seq (cond on sampled tp)] | Loss 6989.171875 | Likelihood -7008.555176 | KL fp 3.8018 | FP STD 0.0451|
KL coef: 0.6722772425621963
Train loss (one batch): 6865.486328125
Train CE loss (one batch): 0.0
Test MSE: 0.0140
Poisson likelihood: 0.0
CE loss: 0.0
Experiment 33929
Epoch 0122 [Test seq (cond on sampled tp)] | Loss 7101.138672 | Likelihood -7111.906250 | KL fp 3.7844 | FP STD 0.0446|
KL coef: 0.6755544701365743
Train loss (one batch): 6447.52587890625
Train CE loss (one batch): 0.0
Test MSE: 0.0142
Poisson likelihood: 0.0
CE loss: 0.0
Experiment 33929
Epoch 0123 [Test seq (cond on sampled tp)] | Loss 7076.194336 | Likelihood -7099.260254 | KL fp 3.8279 | FP STD 0.0442|
KL coef: 0.6787989254352086
Train loss (one batch): 6593.47119140625
Train CE loss (one batch): 0.0
Test MSE: 0.0142
Poisson likelihood: 0.0
CE loss: 0.0
Experiment 33929
Epoch 0124 [Test seq (cond on sampled tp)] | Loss 6929.829102 | Likelihood -6986.325684 | KL fp 3.8523 | FP STD 0.0435|
KL coef: 0.6820109361808565
Train loss (one batch): 6805.67578125
Train CE loss (one batch): 0.0
Test MSE: 0.0140
Poisson likelihood: 0.0
CE loss: 0.0
Experiment 33929
Epoch 0125 [Test seq (cond on sampled tp)] | Loss 6983.050781 | Likelihood -7020.488770 | KL fp 3.8055 | FP STD 0.0449|
KL coef: 0.685190826819048
Train loss (one batch): 7058.2958984375
Train CE loss (one batch): 0.0
Test MSE: 0.0141
Poisson likelihood: 0.0
CE loss: 0.0
Experiment 33929
Epoch 0126 [Test seq (cond on sampled tp)] | Loss 6966.021484 | Likelihood -6999.357422 | KL fp 3.8052 | FP STD 0.0437|
KL coef: 0.6883389185508575
Train loss (one batch): 6629.09814453125
Train CE loss (one batch): 0.0
Test MSE: 0.0140
Poisson likelihood: 0.0
CE loss: 0.0
Experiment 33929
Epoch 0127 [Test seq (cond on sampled tp)] | Loss 6879.687988 | Likelihood -6926.386230 | KL fp 3.8488 | FP STD 0.0429|
KL coef: 0.6914555293653489
Train loss (one batch): 6458.1396484375
Train CE loss (one batch): 0.0
Test MSE: 0.0139
Poisson likelihood: 0.0
CE loss: 0.0
Experiment 33929
Epoch 0128 [Test seq (cond on sampled tp)] | Loss 7001.707031 | Likelihood -7016.806641 | KL fp 3.8500 | FP STD 0.0433|
KL coef: 0.6945409740716955
Train loss (one batch): 6814.60302734375
Train CE loss (one batch): 0.0
Test MSE: 0.0140
Poisson likelihood: 0.0
CE loss: 0.0
Experiment 33929
Epoch 0129 [Test seq (cond on sampled tp)] | Loss 6668.958496 | Likelihood -6674.449219 | KL fp 3.8719 | FP STD 0.0416|
KL coef: 0.6975955643309785
Train loss (one batch): 6677.88720703125
Train CE loss (one batch): 0.0
Test MSE: 0.0134
Poisson likelihood: 0.0
CE loss: 0.0
Experiment 33929
Epoch 0130 [Test seq (cond on sampled tp)] | Loss 6821.225098 | Likelihood -6836.435059 | KL fp 3.7810 | FP STD 0.0451|
KL coef: 0.7006196086876687
Train loss (one batch): 6293.12451171875
Train CE loss (one batch): 0.0
Test MSE: 0.0137
Poisson likelihood: 0.0
CE loss: 0.0
Experiment 33929
Epoch 0131 [Test seq (cond on sampled tp)] | Loss 7028.743164 | Likelihood -7050.427246 | KL fp 3.8487 | FP STD 0.0431|
KL coef: 0.703613412600792
Train loss (one batch): 6223.83251953125
Train CE loss (one batch): 0.0
Test MSE: 0.0141
Poisson likelihood: 0.0
CE loss: 0.0
Experiment 33929
Epoch 0132 [Test seq (cond on sampled tp)] | Loss 6795.195801 | Likelihood -6819.666016 | KL fp 3.8573 | FP STD 0.0422|
KL coef: 0.7065772784747841
Train loss (one batch): 6466.34814453125
Train CE loss (one batch): 0.0
Test MSE: 0.0137
Poisson likelihood: 0.0
CE loss: 0.0
Experiment 33929
Epoch 0133 [Test seq (cond on sampled tp)] | Loss 6741.299805 | Likelihood -6740.625488 | KL fp 3.8797 | FP STD 0.0419|
KL coef: 0.7095115056900363
Train loss (one batch): 6327.6376953125
Train CE loss (one batch): 0.0
Test MSE: 0.0135
Poisson likelihood: 0.0
CE loss: 0.0
Experiment 33929
Epoch 0134 [Test seq (cond on sampled tp)] | Loss 6763.949707 | Likelihood -6796.419922 | KL fp 3.8638 | FP STD 0.0421|
KL coef: 0.7124163906331359
Train loss (one batch): 6026.953125
Train CE loss (one batch): 0.0
Test MSE: 0.0136
Poisson likelihood: 0.0
CE loss: 0.0
Experiment 33929
Epoch 0135 [Test seq (cond on sampled tp)] | Loss 6843.755859 | Likelihood -6894.135254 | KL fp 3.8364 | FP STD 0.0432|
KL coef: 0.7152922267268045
Train loss (one batch): 6472.88818359375
Train CE loss (one batch): 0.0
Test MSE: 0.0138
Poisson likelihood: 0.0
CE loss: 0.0
Experiment 33929
Epoch 0136 [Test seq (cond on sampled tp)] | Loss 6821.251953 | Likelihood -6830.404785 | KL fp 3.8728 | FP STD 0.0415|
KL coef: 0.7181393044595366
Train loss (one batch): 6358.39453125
Train CE loss (one batch): 0.0
Test MSE: 0.0137
Poisson likelihood: 0.0
CE loss: 0.0
Experiment 33929
Epoch 0137 [Test seq (cond on sampled tp)] | Loss 6642.521973 | Likelihood -6684.822754 | KL fp 3.8312 | FP STD 0.0424|
KL coef: 0.7209579114149411
Train loss (one batch): 6263.39697265625
Train CE loss (one batch): 0.0
Test MSE: 0.0134
Poisson likelihood: 0.0
CE loss: 0.0
Experiment 33929
Epoch 0138 [Test seq (cond on sampled tp)] | Loss 6855.101074 | Likelihood -6883.290527 | KL fp 3.8618 | FP STD 0.0421|
KL coef: 0.7237483323007917
Train loss (one batch): 6358.212890625
Train CE loss (one batch): 0.0
Test MSE: 0.0138
Poisson likelihood: 0.0
CE loss: 0.0
Experiment 33929
Epoch 0139 [Test seq (cond on sampled tp)] | Loss 6663.306641 | Likelihood -6713.211426 | KL fp 3.8931 | FP STD 0.0412|
KL coef: 0.7265108489777838
Train loss (one batch): 6413.74853515625
Train CE loss (one batch): 0.0
Test MSE: 0.0134
Poisson likelihood: 0.0
CE loss: 0.0
Experiment 33929
Epoch 0140 [Test seq (cond on sampled tp)] | Loss 6747.623047 | Likelihood -6771.691406 | KL fp 3.8907 | FP STD 0.0410|
KL coef: 0.729245740488006
Train loss (one batch): 6555.36962890625
Train CE loss (one batch): 0.0
Test MSE: 0.0136
Poisson likelihood: 0.0
CE loss: 0.0
Experiment 33929
Epoch 0141 [Test seq (cond on sampled tp)] | Loss 6591.782227 | Likelihood -6615.244629 | KL fp 3.8786 | FP STD 0.0410|
KL coef: 0.7319532830831259
Train loss (one batch): 6706.05859375
Train CE loss (one batch): 0.0
Test MSE: 0.0132
Poisson likelihood: 0.0
CE loss: 0.0
Experiment 33929
Epoch 0142 [Test seq (cond on sampled tp)] | Loss 6787.054199 | Likelihood -6821.904785 | KL fp 3.8769 | FP STD 0.0413|
KL coef: 0.7346337502522946
Train loss (one batch): 6633.18310546875
Train CE loss (one batch): 0.0
Test MSE: 0.0137
Poisson likelihood: 0.0
CE loss: 0.0
Experiment 33929
Epoch 0143 [Test seq (cond on sampled tp)] | Loss 6569.291016 | Likelihood -6595.967285 | KL fp 3.8608 | FP STD 0.0418|
KL coef: 0.7372874127497717
Train loss (one batch): 6321.52587890625
Train CE loss (one batch): 0.0
Test MSE: 0.0132
Poisson likelihood: 0.0
CE loss: 0.0
Experiment 33929
Epoch 0144 [Test seq (cond on sampled tp)] | Loss 6742.891113 | Likelihood -6785.640625 | KL fp 3.8228 | FP STD 0.0424|
KL coef: 0.739914538622274
Train loss (one batch): 6257.3017578125
Train CE loss (one batch): 0.0
Test MSE: 0.0136
Poisson likelihood: 0.0
CE loss: 0.0
Experiment 33929
Epoch 0145 [Test seq (cond on sampled tp)] | Loss 6515.262207 | Likelihood -6580.558594 | KL fp 3.8667 | FP STD 0.0417|
KL coef: 0.7425153932360513
Train loss (one batch): 6245.50341796875
Train CE loss (one batch): 0.0
Test MSE: 0.0132
Poisson likelihood: 0.0
CE loss: 0.0
Experiment 33929
Epoch 0146 [Test seq (cond on sampled tp)] | Loss 6549.549316 | Likelihood -6576.538574 | KL fp 3.9117 | FP STD 0.0393|
KL coef: 0.7450902393036907
Train loss (one batch): 6242.193359375
Train CE loss (one batch): 0.0
Test MSE: 0.0132
Poisson likelihood: 0.0
CE loss: 0.0
Experiment 33929
Epoch 0147 [Test seq (cond on sampled tp)] | Loss 6543.167969 | Likelihood -6544.527832 | KL fp 3.8767 | FP STD 0.0412|
KL coef: 0.7476393369106538
Train loss (one batch): 6214.873046875
Train CE loss (one batch): 0.0
Test MSE: 0.0131
Poisson likelihood: 0.0
CE loss: 0.0
Experiment 33929
Epoch 0148 [Test seq (cond on sampled tp)] | Loss 6457.225586 | Likelihood -6481.014160 | KL fp 3.9145 | FP STD 0.0400|
KL coef: 0.7501629435415473
Train loss (one batch): 6190.1181640625
Train CE loss (one batch): 0.0
Test MSE: 0.0130
Poisson likelihood: 0.0
CE loss: 0.0
Experiment 33929
Epoch 0149 [Test seq (cond on sampled tp)] | Loss 6503.477051 | Likelihood -6543.896973 | KL fp 3.9041 | FP STD 0.0404|
KL coef: 0.7526613141061318
Train loss (one batch): 6115.07080078125
Train CE loss (one batch): 0.0
Test MSE: 0.0131
Poisson likelihood: 0.0
CE loss: 0.0
Experiment 33929
Epoch 0150 [Test seq (cond on sampled tp)] | Loss 6360.586914 | Likelihood -6372.388672 | KL fp 3.9352 | FP STD 0.0389|
KL coef: 0.7551347009650705
Train loss (one batch): 6233.181640625
Train CE loss (one batch): 0.0
Test MSE: 0.0128
Poisson likelihood: 0.0
CE loss: 0.0
Experiment 33929
Epoch 0151 [Test seq (cond on sampled tp)] | Loss 6664.220215 | Likelihood -6669.648926 | KL fp 3.8786 | FP STD 0.0405|
KL coef: 0.7575833539554198
Train loss (one batch): 6405.5634765625
Train CE loss (one batch): 0.0
Test MSE: 0.0134
Poisson likelihood: 0.0
CE loss: 0.0
Experiment 33929
Epoch 0152 [Test seq (cond on sampled tp)] | Loss 6424.764648 | Likelihood -6439.672363 | KL fp 3.8933 | FP STD 0.0399|
KL coef: 0.7600075204158656
Train loss (one batch): 6199.03466796875
Train CE loss (one batch): 0.0
Test MSE: 0.0129
Poisson likelihood: 0.0
CE loss: 0.0
Experiment 33929
Epoch 0153 [Test seq (cond on sampled tp)] | Loss 6499.436523 | Likelihood -6525.863281 | KL fp 3.9081 | FP STD 0.0397|
KL coef: 0.762407445211707
Train loss (one batch): 5897.68701171875
Train CE loss (one batch): 0.0
Test MSE: 0.0131
Poisson likelihood: 0.0
CE loss: 0.0
Experiment 33929
Epoch 0154 [Test seq (cond on sampled tp)] | Loss 6414.034668 | Likelihood -6445.525879 | KL fp 3.8695 | FP STD 0.0407|
KL coef: 0.7647833707595899
Train loss (one batch): 6117.6513671875
Train CE loss (one batch): 0.0
Test MSE: 0.0129
Poisson likelihood: 0.0
CE loss: 0.0
Experiment 33929
Epoch 0155 [Test seq (cond on sampled tp)] | Loss 6378.325684 | Likelihood -6398.279297 | KL fp 3.9473 | FP STD 0.0391|
KL coef: 0.767135537051994
Train loss (one batch): 6077.20068359375
Train CE loss (one batch): 0.0
Test MSE: 0.0128
Poisson likelihood: 0.0
CE loss: 0.0
Experiment 33929
Epoch 0156 [Test seq (cond on sampled tp)] | Loss 6351.960938 | Likelihood -6389.087402 | KL fp 3.9553 | FP STD 0.0383|
KL coef: 0.769464181681474
Train loss (one batch): 6114.708984375
Train CE loss (one batch): 0.0
Test MSE: 0.0128
Poisson likelihood: 0.0
CE loss: 0.0
Experiment 33929
Epoch 0157 [Test seq (cond on sampled tp)] | Loss 6362.129883 | Likelihood -6415.604980 | KL fp 3.8899 | FP STD 0.0401|
KL coef: 0.7717695398646593
Train loss (one batch): 5970.01513671875
Train CE loss (one batch): 0.0
Test MSE: 0.0128
Poisson likelihood: 0.0
CE loss: 0.0
Experiment 33929
Epoch 0158 [Test seq (cond on sampled tp)] | Loss 6336.323730 | Likelihood -6349.645996 | KL fp 3.8635 | FP STD 0.0398|
KL coef: 0.7740518444660127
Train loss (one batch): 5797.43359375
Train CE loss (one batch): 0.0
Test MSE: 0.0127
Poisson likelihood: 0.0
CE loss: 0.0
Experiment 33929
Epoch 0159 [Test seq (cond on sampled tp)] | Loss 6367.666504 | Likelihood -6409.591309 | KL fp 3.9489 | FP STD 0.0386|
KL coef: 0.7763113260213526
Train loss (one batch): 6325.8125
Train CE loss (one batch): 0.0
Test MSE: 0.0128
Poisson likelihood: 0.0
CE loss: 0.0
Experiment 33929
Epoch 0160 [Test seq (cond on sampled tp)] | Loss 6231.445801 | Likelihood -6267.214844 | KL fp 3.8546 | FP STD 0.0416|
KL coef: 0.7785482127611391
Train loss (one batch): 6218.21435546875
Train CE loss (one batch): 0.0
Test MSE: 0.0125
Poisson likelihood: 0.0
CE loss: 0.0
Experiment 33929
Epoch 0161 [Test seq (cond on sampled tp)] | Loss 6348.184082 | Likelihood -6360.953125 | KL fp 3.9578 | FP STD 0.0377|
KL coef: 0.7807627306335276
Train loss (one batch): 6202.07958984375
Train CE loss (one batch): 0.0
Test MSE: 0.0127
Poisson likelihood: 0.0
CE loss: 0.0
Experiment 33929
Epoch 0162 [Test seq (cond on sampled tp)] | Loss 6167.741699 | Likelihood -6166.332520 | KL fp 3.9378 | FP STD 0.0387|
KL coef: 0.7829551033271924
Train loss (one batch): 6000.3056640625
Train CE loss (one batch): 0.0
Test MSE: 0.0123
Poisson likelihood: 0.0
CE loss: 0.0
Experiment 33929
Epoch 0163 [Test seq (cond on sampled tp)] | Loss 6425.260742 | Likelihood -6426.097168 | KL fp 3.9308 | FP STD 0.0387|
KL coef: 0.7851255522939204
Train loss (one batch): 5959.49755859375
Train CE loss (one batch): 0.0
Test MSE: 0.0129
Poisson likelihood: 0.0
CE loss: 0.0
Experiment 33929
Epoch 0164 [Test seq (cond on sampled tp)] | Loss 6272.335938 | Likelihood -6310.003906 | KL fp 3.9117 | FP STD 0.0397|
KL coef: 0.7872742967709813
Train loss (one batch): 6027.06689453125
Train CE loss (one batch): 0.0
Test MSE: 0.0126
Poisson likelihood: 0.0
CE loss: 0.0
Experiment 33929
Epoch 0165 [Test seq (cond on sampled tp)] | Loss 6170.901855 | Likelihood -6218.457031 | KL fp 3.9294 | FP STD 0.0387|
KL coef: 0.7894015538032715
Train loss (one batch): 5864.5810546875
Train CE loss (one batch): 0.0
Test MSE: 0.0124
Poisson likelihood: 0.0
CE loss: 0.0
Experiment 33929
Epoch 0166 [Test seq (cond on sampled tp)] | Loss 6258.179199 | Likelihood -6286.057129 | KL fp 3.9498 | FP STD 0.0372|
KL coef: 0.7915075382652388
Train loss (one batch): 6315.59716796875
Train CE loss (one batch): 0.0
Test MSE: 0.0126
Poisson likelihood: 0.0
CE loss: 0.0
Experiment 33929
Epoch 0167 [Test seq (cond on sampled tp)] | Loss 6134.847168 | Likelihood -6145.826660 | KL fp 3.9224 | FP STD 0.0380|
KL coef: 0.7935924628825863
Train loss (one batch): 5925.625
Train CE loss (one batch): 0.0
Test MSE: 0.0123
Poisson likelihood: 0.0
CE loss: 0.0
Experiment 33929
Epoch 0168 [Test seq (cond on sampled tp)] | Loss 6211.543457 | Likelihood -6239.878418 | KL fp 3.9617 | FP STD 0.0376|
KL coef: 0.7956565382537605
Train loss (one batch): 6153.9951171875
Train CE loss (one batch): 0.0
Test MSE: 0.0125
Poisson likelihood: 0.0
CE loss: 0.0
Experiment 33929
Epoch 0169 [Test seq (cond on sampled tp)] | Loss 6152.250000 | Likelihood -6182.164062 | KL fp 3.9811 | FP STD 0.0371|
KL coef: 0.7976999728712229
Train loss (one batch): 6059.05517578125
Train CE loss (one batch): 0.0
Test MSE: 0.0124
Poisson likelihood: 0.0
CE loss: 0.0
Experiment 33929
Epoch 0170 [Test seq (cond on sampled tp)] | Loss 6170.469727 | Likelihood -6181.493652 | KL fp 3.9109 | FP STD 0.0385|
KL coef: 0.7997229731425107
Train loss (one batch): 6278.22705078125
Train CE loss (one batch): 0.0
Test MSE: 0.0124
Poisson likelihood: 0.0
CE loss: 0.0
Experiment 33929
Epoch 0171 [Test seq (cond on sampled tp)] | Loss 6163.971680 | Likelihood -6206.223145 | KL fp 3.9433 | FP STD 0.0373|
KL coef: 0.8017257434110856
Train loss (one batch): 6140.55322265625
Train CE loss (one batch): 0.0
Test MSE: 0.0124
Poisson likelihood: 0.0
CE loss: 0.0
Experiment 33929
Epoch 0172 [Test seq (cond on sampled tp)] | Loss 6020.904785 | Likelihood -6033.501953 | KL fp 3.9593 | FP STD 0.0371|
KL coef: 0.8037084859769748
Train loss (one batch): 5727.24072265625
Train CE loss (one batch): 0.0
Test MSE: 0.0121
Poisson likelihood: 0.0
CE loss: 0.0
Experiment 33929
Epoch 0173 [Test seq (cond on sampled tp)] | Loss 5991.278809 | Likelihood -5998.234375 | KL fp 3.9796 | FP STD 0.0362|
KL coef: 0.805671401117205
Train loss (one batch): 5851.1748046875
Train CE loss (one batch): 0.0
Test MSE: 0.0120
Poisson likelihood: 0.0
CE loss: 0.0
Experiment 33929
Epoch 0174 [Test seq (cond on sampled tp)] | Loss 5963.833984 | Likelihood -5986.045410 | KL fp 3.9371 | FP STD 0.0374|
KL coef: 0.8076146871060329
Train loss (one batch): 5854.9521484375
Train CE loss (one batch): 0.0
Test MSE: 0.0120
Poisson likelihood: 0.0
CE loss: 0.0
Experiment 33929
Epoch 0175 [Test seq (cond on sampled tp)] | Loss 6020.530762 | Likelihood -6047.319824 | KL fp 3.9859 | FP STD 0.0368|
KL coef: 0.8095385402349726
Train loss (one batch): 5789.9619140625
Train CE loss (one batch): 0.0
Test MSE: 0.0121
Poisson likelihood: 0.0
CE loss: 0.0
Experiment 33929
Epoch 0176 [Test seq (cond on sampled tp)] | Loss 6057.751953 | Likelihood -6082.354004 | KL fp 4.0097 | FP STD 0.0358|
KL coef: 0.8114431548326229
Train loss (one batch): 5936.8671875
Train CE loss (one batch): 0.0
Test MSE: 0.0122
Poisson likelihood: 0.0
CE loss: 0.0
Experiment 33929
Epoch 0177 [Test seq (cond on sampled tp)] | Loss 5970.092285 | Likelihood -6034.978516 | KL fp 3.9770 | FP STD 0.0356|
KL coef: 0.8133287232842966
Train loss (one batch): 5786.5380859375
Train CE loss (one batch): 0.0
Test MSE: 0.0121
Poisson likelihood: 0.0
CE loss: 0.0
Experiment 33929
Epoch 0178 [Test seq (cond on sampled tp)] | Loss 5894.740723 | Likelihood -5927.072266 | KL fp 3.9857 | FP STD 0.0361|
KL coef: 0.8151954360514537
Train loss (one batch): 5999.3916015625
Train CE loss (one batch): 0.0
Test MSE: 0.0119
Poisson likelihood: 0.0
CE loss: 0.0
Experiment 33929
Epoch 0179 [Test seq (cond on sampled tp)] | Loss 6058.416504 | Likelihood -6085.740234 | KL fp 3.9757 | FP STD 0.0358|
KL coef: 0.8170434816909391
Train loss (one batch): 5748.1181640625
Train CE loss (one batch): 0.0
Test MSE: 0.0122
Poisson likelihood: 0.0
CE loss: 0.0
Experiment 33929
Epoch 0180 [Test seq (cond on sampled tp)] | Loss 5869.633789 | Likelihood -5901.585449 | KL fp 3.9412 | FP STD 0.0367|
KL coef: 0.8188730468740297
Train loss (one batch): 5585.287109375
Train CE loss (one batch): 0.0
Test MSE: 0.0118
Poisson likelihood: 0.0
CE loss: 0.0
Experiment 33929
Epoch 0181 [Test seq (cond on sampled tp)] | Loss 5905.563477 | Likelihood -5921.183594 | KL fp 4.0344 | FP STD 0.0348|
KL coef: 0.8206843164052895
Train loss (one batch): 5837.97998046875
Train CE loss (one batch): 0.0
Test MSE: 0.0119
Poisson likelihood: 0.0
CE loss: 0.0
Experiment 33929
Epoch 0182 [Test seq (cond on sampled tp)] | Loss 6068.229980 | Likelihood -6081.288574 | KL fp 4.0071 | FP STD 0.0342|
KL coef: 0.8224774732412365
Train loss (one batch): 5891.01123046875
Train CE loss (one batch): 0.0
Test MSE: 0.0122
Poisson likelihood: 0.0
CE loss: 0.0
Experiment 33929
Epoch 0183 [Test seq (cond on sampled tp)] | Loss 5949.842285 | Likelihood -5971.568848 | KL fp 3.9988 | FP STD 0.0343|
KL coef: 0.8242526985088242
Train loss (one batch): 6032.513671875
Train CE loss (one batch): 0.0
Test MSE: 0.0120
Poisson likelihood: 0.0
CE loss: 0.0
Experiment 33929
Epoch 0184 [Test seq (cond on sampled tp)] | Loss 5870.352539 | Likelihood -5884.632324 | KL fp 4.0044 | FP STD 0.0352|
KL coef: 0.826010171523736
Train loss (one batch): 5399.46875
Train CE loss (one batch): 0.0
Test MSE: 0.0118
Poisson likelihood: 0.0
CE loss: 0.0
Experiment 33929
Epoch 0185 [Test seq (cond on sampled tp)] | Loss 5772.589844 | Likelihood -5776.731934 | KL fp 3.9921 | FP STD 0.0346|
KL coef: 0.8277500698084986
Train loss (one batch): 5986.18017578125
Train CE loss (one batch): 0.0
Test MSE: 0.0116
Poisson likelihood: 0.0
CE loss: 0.0
Experiment 33929
Epoch 0186 [Test seq (cond on sampled tp)] | Loss 5841.050293 | Likelihood -5863.030762 | KL fp 4.0038 | FP STD 0.0351|
KL coef: 0.8294725691104137
Train loss (one batch): 5704.2353515625
Train CE loss (one batch): 0.0
Test MSE: 0.0117
Poisson likelihood: 0.0
CE loss: 0.0
Experiment 33929
Epoch 0187 [Test seq (cond on sampled tp)] | Loss 5823.702637 | Likelihood -5875.821777 | KL fp 4.0080 | FP STD 0.0350|
KL coef: 0.8311778434193096
Train loss (one batch): 5601.162109375
Train CE loss (one batch): 0.0
Test MSE: 0.0118
Poisson likelihood: 0.0
CE loss: 0.0
Experiment 33929
Epoch 0188 [Test seq (cond on sampled tp)] | Loss 5950.664551 | Likelihood -5972.232422 | KL fp 4.0219 | FP STD 0.0346|
KL coef: 0.8328660649851164
Train loss (one batch): 5784.26416015625
Train CE loss (one batch): 0.0
Test MSE: 0.0120
Poisson likelihood: 0.0
CE loss: 0.0
Experiment 33929
Epoch 0189 [Test seq (cond on sampled tp)] | Loss 5808.680176 | Likelihood -5834.788574 | KL fp 4.0642 | FP STD 0.0340|
KL coef: 0.8345374043352652
Train loss (one batch): 5292.21875
Train CE loss (one batch): 0.0
Test MSE: 0.0117
Poisson likelihood: 0.0
CE loss: 0.0
Experiment 33929
Epoch 0190 [Test seq (cond on sampled tp)] | Loss 5829.056641 | Likelihood -5832.246094 | KL fp 4.0395 | FP STD 0.0331|
KL coef: 0.8361920302919126
Train loss (one batch): 5523.6259765625
Train CE loss (one batch): 0.0
Test MSE: 0.0117
Poisson likelihood: 0.0
CE loss: 0.0
Experiment 33929
Epoch 0191 [Test seq (cond on sampled tp)] | Loss 5753.197754 | Likelihood -5776.464844 | KL fp 3.9908 | FP STD 0.0343|
KL coef: 0.8378301099889934
Train loss (one batch): 5579.47216796875
Train CE loss (one batch): 0.0
Test MSE: 0.0116
Poisson likelihood: 0.0
CE loss: 0.0
Experiment 33929
Epoch 0192 [Test seq (cond on sampled tp)] | Loss 5560.007812 | Likelihood -5581.329590 | KL fp 4.0331 | FP STD 0.0333|
KL coef: 0.8394518088891035
Train loss (one batch): 5617.361328125
Train CE loss (one batch): 0.0
Test MSE: 0.0112
Poisson likelihood: 0.0
CE loss: 0.0
Experiment 33929
Epoch 0193 [Test seq (cond on sampled tp)] | Loss 5655.539062 | Likelihood -5658.116699 | KL fp 4.0209 | FP STD 0.0345|
KL coef: 0.8410572908002125
Train loss (one batch): 5683.56396484375
Train CE loss (one batch): 0.0
Test MSE: 0.0113
Poisson likelihood: 0.0
CE loss: 0.0
Experiment 33929
Epoch 0194 [Test seq (cond on sampled tp)] | Loss 5683.817871 | Likelihood -5695.181152 | KL fp 4.0519 | FP STD 0.0331|
KL coef: 0.8426467178922104
Train loss (one batch): 5517.4150390625
Train CE loss (one batch): 0.0
Test MSE: 0.0114
Poisson likelihood: 0.0
CE loss: 0.0
Experiment 33929
Epoch 0195 [Test seq (cond on sampled tp)] | Loss 5687.667969 | Likelihood -5700.951660 | KL fp 4.0040 | FP STD 0.0344|
KL coef: 0.8442202507132883
Train loss (one batch): 5455.603515625
Train CE loss (one batch): 0.0
Test MSE: 0.0114
Poisson likelihood: 0.0
CE loss: 0.0
Experiment 33929
Epoch 0196 [Test seq (cond on sampled tp)] | Loss 5793.256348 | Likelihood -5804.656738 | KL fp 4.0236 | FP STD 0.0334|
KL coef: 0.8457780482061554
Train loss (one batch): 5311.81689453125
Train CE loss (one batch): 0.0
Test MSE: 0.0116
Poisson likelihood: 0.0
CE loss: 0.0
Experiment 33929
Epoch 0197 [Test seq (cond on sampled tp)] | Loss 5679.915039 | Likelihood -5715.522949 | KL fp 4.0350 | FP STD 0.0337|
KL coef: 0.8473202677240939
Train loss (one batch): 5722.33447265625
Train CE loss (one batch): 0.0
Test MSE: 0.0114
Poisson likelihood: 0.0
CE loss: 0.0
Experiment 33929
Epoch 0198 [Test seq (cond on sampled tp)] | Loss 5651.886719 | Likelihood -5667.228027 | KL fp 4.0345 | FP STD 0.0326|
KL coef: 0.8488470650468529
Train loss (one batch): 5370.4814453125
Train CE loss (one batch): 0.0
Test MSE: 0.0113
Poisson likelihood: 0.0
CE loss: 0.0
Experiment 33929
Epoch 0199 [Test seq (cond on sampled tp)] | Loss 5631.672852 | Likelihood -5639.548340 | KL fp 4.0105 | FP STD 0.0334|
KL coef: 0.8503585943963844
Train loss (one batch): 5623.34033203125
Train CE loss (one batch): 0.0
Test MSE: 0.0113
Poisson likelihood: 0.0
CE loss: 0.0
Experiment 33929
Epoch 0200 [Test seq (cond on sampled tp)] | Loss 5316.201660 | Likelihood -5319.409180 | KL fp 4.0814 | FP STD 0.0320|
KL coef: 0.8518550084524206
Train loss (one batch): 5357.59228515625
Train CE loss (one batch): 0.0
Test MSE: 0.0107
Poisson likelihood: 0.0
CE loss: 0.0
Experiment 33929
Epoch 0201 [Test seq (cond on sampled tp)] | Loss 5525.126953 | Likelihood -5542.725098 | KL fp 4.0575 | FP STD 0.0325|
KL coef: 0.8533364583678963
Train loss (one batch): 5466.69775390625
Train CE loss (one batch): 0.0
Test MSE: 0.0111
Poisson likelihood: 0.0
CE loss: 0.0
Experiment 33929
Epoch 0202 [Test seq (cond on sampled tp)] | Loss 5592.217285 | Likelihood -5599.419922 | KL fp 4.0726 | FP STD 0.0321|
KL coef: 0.8548030937842174
Train loss (one batch): 5598.77197265625
Train CE loss (one batch): 0.0
Test MSE: 0.0112
Poisson likelihood: 0.0
CE loss: 0.0
Experiment 33929
Epoch 0203 [Test seq (cond on sampled tp)] | Loss 5476.510742 | Likelihood -5511.349121 | KL fp 4.0376 | FP STD 0.0325|
KL coef: 0.8562550628463752
Train loss (one batch): 5562.173828125
Train CE loss (one batch): 0.0
Test MSE: 0.0110
Poisson likelihood: 0.0
CE loss: 0.0
Experiment 33929
Epoch 0204 [Test seq (cond on sampled tp)] | Loss 5494.397461 | Likelihood -5508.720215 | KL fp 4.0737 | FP STD 0.0319|
KL coef: 0.8576925122179114
Train loss (one batch): 5388.09814453125
Train CE loss (one batch): 0.0
Test MSE: 0.0110
Poisson likelihood: 0.0
CE loss: 0.0
Experiment 33929
Epoch 0205 [Test seq (cond on sampled tp)] | Loss 5508.385742 | Likelihood -5514.613281 | KL fp 4.0601 | FP STD 0.0316|
KL coef: 0.8591155870957323
Train loss (one batch): 5378.90625
Train CE loss (one batch): 0.0
Test MSE: 0.0110
Poisson likelihood: 0.0
CE loss: 0.0
Experiment 33929
Epoch 0206 [Test seq (cond on sampled tp)] | Loss 5482.489258 | Likelihood -5490.449219 | KL fp 4.0787 | FP STD 0.0314|
KL coef: 0.8605244312247751
Train loss (one batch): 5454.6806640625
Train CE loss (one batch): 0.0
Test MSE: 0.0110
Poisson likelihood: 0.0
CE loss: 0.0
Experiment 33929
Epoch 0207 [Test seq (cond on sampled tp)] | Loss 5400.724609 | Likelihood -5430.938477 | KL fp 4.1318 | FP STD 0.0294|
KL coef: 0.8619191869125272
Train loss (one batch): 5584.71435546875
Train CE loss (one batch): 0.0
Test MSE: 0.0109
Poisson likelihood: 0.0
CE loss: 0.0
Experiment 33929
Epoch 0208 [Test seq (cond on sampled tp)] | Loss 5428.994629 | Likelihood -5466.424316 | KL fp 4.0328 | FP STD 0.0315|
KL coef: 0.8632999950434019
Train loss (one batch): 5329.03076171875
Train CE loss (one batch): 0.0
Test MSE: 0.0109
Poisson likelihood: 0.0
CE loss: 0.0
Experiment 33929
Epoch 0209 [Test seq (cond on sampled tp)] | Loss 5364.820801 | Likelihood -5373.648438 | KL fp 4.0555 | FP STD 0.0308|
KL coef: 0.864666995092968
Train loss (one batch): 5237.8896484375
Train CE loss (one batch): 0.0
Test MSE: 0.0108
Poisson likelihood: 0.0
CE loss: 0.0
Experiment 33929
Epoch 0210 [Test seq (cond on sampled tp)] | Loss 5325.003906 | Likelihood -5344.081543 | KL fp 4.0478 | FP STD 0.0316|
KL coef: 0.8660203251420383
Train loss (one batch): 5318.04931640625
Train CE loss (one batch): 0.0
Test MSE: 0.0107
Poisson likelihood: 0.0
CE loss: 0.0
Experiment 33929
Epoch 0211 [Test seq (cond on sampled tp)] | Loss 5390.477051 | Likelihood -5402.123535 | KL fp 4.0735 | FP STD 0.0307|
KL coef: 0.867360121890618
Train loss (one batch): 5291.50634765625
Train CE loss (one batch): 0.0
Test MSE: 0.0108
Poisson likelihood: 0.0
CE loss: 0.0
Experiment 33929
Epoch 0212 [Test seq (cond on sampled tp)] | Loss 5393.588867 | Likelihood -5401.809570 | KL fp 4.1517 | FP STD 0.0296|
KL coef: 0.8686865206717117
Train loss (one batch): 5118.7724609375
Train CE loss (one batch): 0.0
Test MSE: 0.0108
Poisson likelihood: 0.0
CE loss: 0.0
Experiment 33929
Epoch 0213 [Test seq (cond on sampled tp)] | Loss 5239.755859 | Likelihood -5249.259766 | KL fp 4.1394 | FP STD 0.0292|
KL coef: 0.8699996554649946
Train loss (one batch): 5242.86083984375
Train CE loss (one batch): 0.0
Test MSE: 0.0105
Poisson likelihood: 0.0
CE loss: 0.0
Experiment 33929
Epoch 0214 [Test seq (cond on sampled tp)] | Loss 5309.175781 | Likelihood -5317.809082 | KL fp 4.1343 | FP STD 0.0293|
KL coef: 0.8712996589103447
Train loss (one batch): 5115.8857421875
Train CE loss (one batch): 0.0
Test MSE: 0.0106
Poisson likelihood: 0.0
CE loss: 0.0
Experiment 33929
Epoch 0215 [Test seq (cond on sampled tp)] | Loss 5256.947266 | Likelihood -5275.838379 | KL fp 4.0826 | FP STD 0.0306|
KL coef: 0.8725866623212413
Train loss (one batch): 5290.31884765625
Train CE loss (one batch): 0.0
Test MSE: 0.0106
Poisson likelihood: 0.0
CE loss: 0.0
Experiment 33929
Epoch 0216 [Test seq (cond on sampled tp)] | Loss 5237.425293 | Likelihood -5261.660156 | KL fp 4.1222 | FP STD 0.0294|
KL coef: 0.8738607956980289
Train loss (one batch): 5326.6123046875
Train CE loss (one batch): 0.0
Test MSE: 0.0105
Poisson likelihood: 0.0
CE loss: 0.0
Experiment 33929
Epoch 0217 [Test seq (cond on sampled tp)] | Loss 5427.778809 | Likelihood -5438.257324 | KL fp 4.0633 | FP STD 0.0307|
KL coef: 0.8751221877410486
Train loss (one batch): 5318.1904296875
Train CE loss (one batch): 0.0
Test MSE: 0.0109
Poisson likelihood: 0.0
CE loss: 0.0
Experiment 33929
Epoch 0218 [Test seq (cond on sampled tp)] | Loss 5229.899414 | Likelihood -5255.484375 | KL fp 4.1181 | FP STD 0.0293|
KL coef: 0.876370965863638
Train loss (one batch): 5267.05859375
Train CE loss (one batch): 0.0
Test MSE: 0.0105
Poisson likelihood: 0.0
CE loss: 0.0
Experiment 33929
Epoch 0219 [Test seq (cond on sampled tp)] | Loss 5300.645996 | Likelihood -5326.423828 | KL fp 4.1363 | FP STD 0.0289|
KL coef: 0.8776072562050017
Train loss (one batch): 5136.056640625
Train CE loss (one batch): 0.0
Test MSE: 0.0107
Poisson likelihood: 0.0
CE loss: 0.0
Experiment 33929
Epoch 0220 [Test seq (cond on sampled tp)] | Loss 5310.342773 | Likelihood -5321.006348 | KL fp 4.1024 | FP STD 0.0300|
KL coef: 0.8788311836429517
Train loss (one batch): 4986.42529296875
Train CE loss (one batch): 0.0
Test MSE: 0.0107
Poisson likelihood: 0.0
CE loss: 0.0
Experiment 33929
Epoch 0221 [Test seq (cond on sampled tp)] | Loss 5181.375488 | Likelihood -5194.247559 | KL fp 4.1469 | FP STD 0.0286|
KL coef: 0.8800428718065221
Train loss (one batch): 5177.36328125
Train CE loss (one batch): 0.0
Test MSE: 0.0104
Poisson likelihood: 0.0
CE loss: 0.0
Experiment 33929
Epoch 0222 [Test seq (cond on sampled tp)] | Loss 5201.048340 | Likelihood -5214.467285 | KL fp 4.1401 | FP STD 0.0289|
KL coef: 0.8812424430884569
Train loss (one batch): 5234.306640625
Train CE loss (one batch): 0.0
Test MSE: 0.0104
Poisson likelihood: 0.0
CE loss: 0.0
Experiment 33929
Epoch 0223 [Test seq (cond on sampled tp)] | Loss 5111.465332 | Likelihood -5113.764160 | KL fp 4.1294 | FP STD 0.0289|
KL coef: 0.8824300186575723
Train loss (one batch): 5034.4423828125
Train CE loss (one batch): 0.0
Test MSE: 0.0102
Poisson likelihood: 0.0
CE loss: 0.0
Experiment 33929
Epoch 0224 [Test seq (cond on sampled tp)] | Loss 5189.493652 | Likelihood -5215.208984 | KL fp 4.1488 | FP STD 0.0285|
KL coef: 0.8836057184709967
Train loss (one batch): 5113.14697265625
Train CE loss (one batch): 0.0
Test MSE: 0.0104
Poisson likelihood: 0.0
CE loss: 0.0
Experiment 33929
Epoch 0225 [Test seq (cond on sampled tp)] | Loss 5214.771484 | Likelihood -5225.359863 | KL fp 4.1326 | FP STD 0.0288|
KL coef: 0.8847696612862866
Train loss (one batch): 4973.97607421875
Train CE loss (one batch): 0.0
Test MSE: 0.0105
Poisson likelihood: 0.0
CE loss: 0.0
Experiment 33929
Epoch 0226 [Test seq (cond on sampled tp)] | Loss 5191.672852 | Likelihood -5216.599609 | KL fp 4.0971 | FP STD 0.0297|
KL coef: 0.8859219646734238
Train loss (one batch): 5101.79345703125
Train CE loss (one batch): 0.0
Test MSE: 0.0104
Poisson likelihood: 0.0
CE loss: 0.0
Experiment 33929
Epoch 0227 [Test seq (cond on sampled tp)] | Loss 5199.158203 | Likelihood -5228.923340 | KL fp 4.1454 | FP STD 0.0280|
KL coef: 0.8870627450266896
Train loss (one batch): 4992.7431640625
Train CE loss (one batch): 0.0
Test MSE: 0.0105
Poisson likelihood: 0.0
CE loss: 0.0
Experiment 33929
Epoch 0228 [Test seq (cond on sampled tp)] | Loss 5093.947266 | Likelihood -5115.697754 | KL fp 4.1868 | FP STD 0.0277|
KL coef: 0.8881921175764227
Train loss (one batch): 4737.099609375
Train CE loss (one batch): 0.0
Test MSE: 0.0102
Poisson likelihood: 0.0
CE loss: 0.0
Experiment 33929
Epoch 0229 [Test seq (cond on sampled tp)] | Loss 5024.569824 | Likelihood -5036.032715 | KL fp 4.2019 | FP STD 0.0273|
KL coef: 0.8893101964006584
Train loss (one batch): 5204.34521484375
Train CE loss (one batch): 0.0
Test MSE: 0.0101
Poisson likelihood: 0.0
CE loss: 0.0
Experiment 33929
Epoch 0230 [Test seq (cond on sampled tp)] | Loss 5220.424316 | Likelihood -5226.147949 | KL fp 4.1538 | FP STD 0.0279|
KL coef: 0.8904170944366518
Train loss (one batch): 4952.81787109375
Train CE loss (one batch): 0.0
Test MSE: 0.0105
Poisson likelihood: 0.0
CE loss: 0.0
Experiment 33929
Epoch 0231 [Test seq (cond on sampled tp)] | Loss 5103.517090 | Likelihood -5116.158691 | KL fp 4.1819 | FP STD 0.0268|
KL coef: 0.8915129234922854
Train loss (one batch): 4931.32177734375
Train CE loss (one batch): 0.0
Test MSE: 0.0102
Poisson likelihood: 0.0
CE loss: 0.0
Experiment 33929
Epoch 0232 [Test seq (cond on sampled tp)] | Loss 5113.729492 | Likelihood -5118.835449 | KL fp 4.2007 | FP STD 0.0265|
KL coef: 0.8925977942573625
Train loss (one batch): 5013.6923828125
Train CE loss (one batch): 0.0
Test MSE: 0.0102
Poisson likelihood: 0.0
CE loss: 0.0
Experiment 33929
Epoch 0233 [Test seq (cond on sampled tp)] | Loss 5054.418945 | Likelihood -5083.470703 | KL fp 4.1561 | FP STD 0.0279|
KL coef: 0.8936718163147889
Train loss (one batch): 4968.16357421875
Train CE loss (one batch): 0.0
Test MSE: 0.0102
Poisson likelihood: 0.0
CE loss: 0.0
Experiment 33929
Epoch 0234 [Test seq (cond on sampled tp)] | Loss 4975.181152 | Likelihood -4977.067871 | KL fp 4.2226 | FP STD 0.0266|
KL coef: 0.894735098151641
Train loss (one batch): 5073.46875
Train CE loss (one batch): 0.0
Test MSE: 0.0100
Poisson likelihood: 0.0
CE loss: 0.0
Experiment 33929
Epoch 0235 [Test seq (cond on sampled tp)] | Loss 4898.424805 | Likelihood -4899.077637 | KL fp 4.1689 | FP STD 0.0275|
KL coef: 0.8957877471701245
Train loss (one batch): 4933.55908203125
Train CE loss (one batch): 0.0
Test MSE: 0.0098
Poisson likelihood: 0.0
CE loss: 0.0
Experiment 33929
Epoch 0236 [Test seq (cond on sampled tp)] | Loss 4992.493164 | Likelihood -5006.395508 | KL fp 4.1844 | FP STD 0.0273|
KL coef: 0.8968298696984233
Train loss (one batch): 4661.0947265625
Train CE loss (one batch): 0.0
Test MSE: 0.0100
Poisson likelihood: 0.0
CE loss: 0.0
Experiment 33929
Epoch 0237 [Test seq (cond on sampled tp)] | Loss 4972.742188 | Likelihood -4983.834473 | KL fp 4.1650 | FP STD 0.0270|
KL coef: 0.897861571001439
Train loss (one batch): 4863.12744140625
Train CE loss (one batch): 0.0
Test MSE: 0.0100
Poisson likelihood: 0.0
CE loss: 0.0
Experiment 33929
Epoch 0238 [Test seq (cond on sampled tp)] | Loss 4955.384277 | Likelihood -4968.920410 | KL fp 4.2174 | FP STD 0.0270|
KL coef: 0.8988829552914247
Train loss (one batch): 5242.60791015625
Train CE loss (one batch): 0.0
Test MSE: 0.0099
Poisson likelihood: 0.0
CE loss: 0.0
Experiment 33929
Epoch 0239 [Test seq (cond on sampled tp)] | Loss 5015.651367 | Likelihood -5052.271484 | KL fp 4.1960 | FP STD 0.0270|
KL coef: 0.8998941257385105
Train loss (one batch): 5065.107421875
Train CE loss (one batch): 0.0
Test MSE: 0.0101
Poisson likelihood: 0.0
CE loss: 0.0
Experiment 33929
Epoch 0240 [Test seq (cond on sampled tp)] | Loss 4981.501465 | Likelihood -4982.645020 | KL fp 4.2372 | FP STD 0.0258|
KL coef: 0.9008951844811254
Train loss (one batch): 4791.8671875
Train CE loss (one batch): 0.0
Test MSE: 0.0100
Poisson likelihood: 0.0
CE loss: 0.0
Experiment 33929
Epoch 0241 [Test seq (cond on sampled tp)] | Loss 4941.553711 | Likelihood -4962.372559 | KL fp 4.1760 | FP STD 0.0268|
KL coef: 0.9018862326363141
Train loss (one batch): 4840.97119140625
Train CE loss (one batch): 0.0
Test MSE: 0.0099
Poisson likelihood: 0.0
CE loss: 0.0
Experiment 33929
Epoch 0242 [Test seq (cond on sampled tp)] | Loss 4937.902832 | Likelihood -4959.425781 | KL fp 4.2014 | FP STD 0.0271|
KL coef: 0.902867370309951
Train loss (one batch): 4628.2490234375
Train CE loss (one batch): 0.0
Test MSE: 0.0099
Poisson likelihood: 0.0
CE loss: 0.0
Experiment 33929
Epoch 0243 [Test seq (cond on sampled tp)] | Loss 5006.355469 | Likelihood -5009.198730 | KL fp 4.1495 | FP STD 0.0270|
KL coef: 0.9038386966068515
Train loss (one batch): 5033.1591796875
Train CE loss (one batch): 0.0
Test MSE: 0.0100
Poisson likelihood: 0.0
CE loss: 0.0
Experiment 33929
Epoch 0244 [Test seq (cond on sampled tp)] | Loss 4835.958496 | Likelihood -4843.578613 | KL fp 4.1499 | FP STD 0.0261|
KL coef: 0.904800309640783
Train loss (one batch): 4798.73046875
Train CE loss (one batch): 0.0
Test MSE: 0.0097
Poisson likelihood: 0.0
CE loss: 0.0
Experiment 33929
Epoch 0245 [Test seq (cond on sampled tp)] | Loss 4845.736328 | Likelihood -4867.443848 | KL fp 4.2049 | FP STD 0.0259|
KL coef: 0.9057523065443751
Train loss (one batch): 4924.18212890625
Train CE loss (one batch): 0.0
Test MSE: 0.0097
Poisson likelihood: 0.0
CE loss: 0.0
Experiment 33929
Epoch 0246 [Test seq (cond on sampled tp)] | Loss 4880.772949 | Likelihood -4889.927246 | KL fp 4.1852 | FP STD 0.0263|
KL coef: 0.9066947834789314
Train loss (one batch): 5004.13134765625
Train CE loss (one batch): 0.0
Test MSE: 0.0098
Poisson likelihood: 0.0
CE loss: 0.0
Experiment 33929
Epoch 0247 [Test seq (cond on sampled tp)] | Loss 4837.454590 | Likelihood -4875.540527 | KL fp 4.2074 | FP STD 0.0257|
KL coef: 0.9076278356441421
Train loss (one batch): 4627.85107421875
Train CE loss (one batch): 0.0
Test MSE: 0.0098
Poisson likelihood: 0.0
CE loss: 0.0
Experiment 33929
Epoch 0248 [Test seq (cond on sampled tp)] | Loss 4829.943359 | Likelihood -4829.395020 | KL fp 4.2525 | FP STD 0.0254|
KL coef: 0.9085515572877007
Train loss (one batch): 4654.501953125
Train CE loss (one batch): 0.0
Test MSE: 0.0097
Poisson likelihood: 0.0
CE loss: 0.0
Experiment 33929
Epoch 0249 [Test seq (cond on sampled tp)] | Loss 4983.743164 | Likelihood -5004.008789 | KL fp 4.2522 | FP STD 0.0254|
KL coef: 0.9094660417148236
Train loss (one batch): 4709.82080078125
Train CE loss (one batch): 0.0
Test MSE: 0.0100
Poisson likelihood: 0.0
CE loss: 0.0
Experiment 33929
Epoch 0250 [Test seq (cond on sampled tp)] | Loss 4845.282715 | Likelihood -4871.999023 | KL fp 4.2858 | FP STD 0.0244|
KL coef: 0.9103713812976754
Train loss (one batch): 4472.00927734375
Train CE loss (one batch): 0.0
Test MSE: 0.0098
Poisson likelihood: 0.0
CE loss: 0.0
Experiment 33929
Epoch 0251 [Test seq (cond on sampled tp)] | Loss 4800.458496 | Likelihood -4810.386230 | KL fp 4.2848 | FP STD 0.0249|
KL coef: 0.9112676674846987
Train loss (one batch): 4817.01708984375
Train CE loss (one batch): 0.0
Test MSE: 0.0096
Poisson likelihood: 0.0
CE loss: 0.0
Experiment 33929
Epoch 0252 [Test seq (cond on sampled tp)] | Loss 4928.117188 | Likelihood -4932.739746 | KL fp 4.2363 | FP STD 0.0251|
KL coef: 0.9121549908098516
Train loss (one batch): 4719.71533203125
Train CE loss (one batch): 0.0
Test MSE: 0.0099
Poisson likelihood: 0.0
CE loss: 0.0
Experiment 33929
Epoch 0253 [Test seq (cond on sampled tp)] | Loss 4696.130859 | Likelihood -4710.944824 | KL fp 4.2658 | FP STD 0.0243|
KL coef: 0.9130334409017531
Train loss (one batch): 4626.43701171875
Train CE loss (one batch): 0.0
Test MSE: 0.0094
Poisson likelihood: 0.0
CE loss: 0.0
Experiment 33929
Epoch 0254 [Test seq (cond on sampled tp)] | Loss 4869.076660 | Likelihood -4908.301270 | KL fp 4.2914 | FP STD 0.0243|
KL coef: 0.9139031064927357
Train loss (one batch): 4604.92822265625
Train CE loss (one batch): 0.0
Test MSE: 0.0098
Poisson likelihood: 0.0
CE loss: 0.0
Experiment 33929
Epoch 0255 [Test seq (cond on sampled tp)] | Loss 4670.125000 | Likelihood -4678.042969 | KL fp 4.3437 | FP STD 0.0230|
KL coef: 0.9147640754278082
Train loss (one batch): 4656.2060546875
Train CE loss (one batch): 0.0
Test MSE: 0.0094
Poisson likelihood: 0.0
CE loss: 0.0
Experiment 33929
Epoch 0256 [Test seq (cond on sampled tp)] | Loss 4772.874512 | Likelihood -4781.726562 | KL fp 4.2473 | FP STD 0.0251|
KL coef: 0.9156164346735302
Train loss (one batch): 4621.30517578125
Train CE loss (one batch): 0.0
Test MSE: 0.0096
Poisson likelihood: 0.0
CE loss: 0.0
Experiment 33929
Epoch 0257 [Test seq (cond on sampled tp)] | Loss 4791.187500 | Likelihood -4798.778809 | KL fp 4.3155 | FP STD 0.0234|
KL coef: 0.9164602703267949
Train loss (one batch): 4744.06298828125
Train CE loss (one batch): 0.0
Test MSE: 0.0096
Poisson likelihood: 0.0
CE loss: 0.0
Experiment 33929
Epoch 0258 [Test seq (cond on sampled tp)] | Loss 4601.073730 | Likelihood -4623.187012 | KL fp 4.3077 | FP STD 0.0236|
KL coef: 0.9172956676235269
Train loss (one batch): 4745.86376953125
Train CE loss (one batch): 0.0
Test MSE: 0.0093
Poisson likelihood: 0.0
CE loss: 0.0
Experiment 33929
Epoch 0259 [Test seq (cond on sampled tp)] | Loss 4567.219238 | Likelihood -4586.941895 | KL fp 4.3334 | FP STD 0.0226|
KL coef: 0.9181227109472916
Train loss (one batch): 4483.88818359375
Train CE loss (one batch): 0.0
Test MSE: 0.0092
Poisson likelihood: 0.0
CE loss: 0.0
Experiment 33929
Epoch 0260 [Test seq (cond on sampled tp)] | Loss 4799.321777 | Likelihood -4810.669434 | KL fp 4.2834 | FP STD 0.0241|
KL coef: 0.9189414838378187
Train loss (one batch): 4790.810546875
Train CE loss (one batch): 0.0
Test MSE: 0.0096
Poisson likelihood: 0.0
CE loss: 0.0
Experiment 33929
Epoch 0261 [Test seq (cond on sampled tp)] | Loss 4739.917969 | Likelihood -4745.475586 | KL fp 4.2938 | FP STD 0.0237|
KL coef: 0.9197520689994405
Train loss (one batch): 4650.8974609375
Train CE loss (one batch): 0.0
Test MSE: 0.0095
Poisson likelihood: 0.0
CE loss: 0.0
Experiment 33929
Epoch 0262 [Test seq (cond on sampled tp)] | Loss 4698.032227 | Likelihood -4719.746094 | KL fp 4.3172 | FP STD 0.0234|
KL coef: 0.9205545483094462
Train loss (one batch): 4627.51416015625
Train CE loss (one batch): 0.0
Test MSE: 0.0095
Poisson likelihood: 0.0
CE loss: 0.0
Experiment 33929
Epoch 0263 [Test seq (cond on sampled tp)] | Loss 4642.199219 | Likelihood -4654.365723 | KL fp 4.3201 | FP STD 0.0230|
KL coef: 0.9213490028263517
Train loss (one batch): 4498.58447265625
Train CE loss (one batch): 0.0
Test MSE: 0.0093
Poisson likelihood: 0.0
CE loss: 0.0
Experiment 33929
Epoch 0264 [Test seq (cond on sampled tp)] | Loss 4654.086426 | Likelihood -4674.830078 | KL fp 4.3199 | FP STD 0.0234|
KL coef: 0.9221355127980881
Train loss (one batch): 4461.20556640625
Train CE loss (one batch): 0.0
Test MSE: 0.0094
Poisson likelihood: 0.0
CE loss: 0.0
Experiment 33929
Epoch 0265 [Test seq (cond on sampled tp)] | Loss 4672.746094 | Likelihood -4701.751465 | KL fp 4.2912 | FP STD 0.0231|
KL coef: 0.9229141576701073
Train loss (one batch): 4702.83935546875
Train CE loss (one batch): 0.0
Test MSE: 0.0094
Poisson likelihood: 0.0
CE loss: 0.0
Experiment 33929
Epoch 0266 [Test seq (cond on sampled tp)] | Loss 4742.264648 | Likelihood -4749.152344 | KL fp 4.3259 | FP STD 0.0223|
KL coef: 0.9236850160934063
Train loss (one batch): 4206.986328125
Train CE loss (one batch): 0.0
Test MSE: 0.0095
Poisson likelihood: 0.0
CE loss: 0.0
Experiment 33929
Epoch 0267 [Test seq (cond on sampled tp)] | Loss 4631.065430 | Likelihood -4643.102539 | KL fp 4.2971 | FP STD 0.0229|
KL coef: 0.9244481659324721
Train loss (one batch): 4608.2138671875
Train CE loss (one batch): 0.0
Test MSE: 0.0093
Poisson likelihood: 0.0
CE loss: 0.0
Experiment 33929
Epoch 0268 [Test seq (cond on sampled tp)] | Loss 4623.945801 | Likelihood -4626.992188 | KL fp 4.3147 | FP STD 0.0229|
KL coef: 0.9252036842731475
Train loss (one batch): 4886.794921875
Train CE loss (one batch): 0.0
Test MSE: 0.0093
Poisson likelihood: 0.0
CE loss: 0.0
Experiment 33929
Epoch 0269 [Test seq (cond on sampled tp)] | Loss 4509.429688 | Likelihood -4528.617188 | KL fp 4.3378 | FP STD 0.0227|
KL coef: 0.9259516474304159
Train loss (one batch): 4818.20068359375
Train CE loss (one batch): 0.0
Test MSE: 0.0091
Poisson likelihood: 0.0
CE loss: 0.0
Experiment 33929
Epoch 0270 [Test seq (cond on sampled tp)] | Loss 4654.796387 | Likelihood -4679.044434 | KL fp 4.3203 | FP STD 0.0232|
KL coef: 0.9266921309561118
Train loss (one batch): 4758.083984375
Train CE loss (one batch): 0.0
Test MSE: 0.0094
Poisson likelihood: 0.0
CE loss: 0.0
Experiment 33929
Epoch 0271 [Test seq (cond on sampled tp)] | Loss 4546.300293 | Likelihood -4575.702148 | KL fp 4.3289 | FP STD 0.0224|
KL coef: 0.9274252096465507
Train loss (one batch): 4655.43701171875
Train CE loss (one batch): 0.0
Test MSE: 0.0092
Poisson likelihood: 0.0
CE loss: 0.0
Experiment 33929
Epoch 0272 [Test seq (cond on sampled tp)] | Loss 4567.447266 | Likelihood -4574.827637 | KL fp 4.2842 | FP STD 0.0231|
KL coef: 0.9281509575500851
Train loss (one batch): 4557.78564453125
Train CE loss (one batch): 0.0
Test MSE: 0.0092
Poisson likelihood: 0.0
CE loss: 0.0
Experiment 33929
Epoch 0273 [Test seq (cond on sampled tp)] | Loss 4634.400391 | Likelihood -4639.875000 | KL fp 4.3332 | FP STD 0.0225|
KL coef: 0.9288694479745843
Train loss (one batch): 4532.4892578125
Train CE loss (one batch): 0.0
Test MSE: 0.0093
Poisson likelihood: 0.0
CE loss: 0.0
Experiment 33929
Epoch 0274 [Test seq (cond on sampled tp)] | Loss 4513.974121 | Likelihood -4522.863770 | KL fp 4.3350 | FP STD 0.0228|
KL coef: 0.9295807534948385
Train loss (one batch): 4295.306640625
Train CE loss (one batch): 0.0
Test MSE: 0.0091
Poisson likelihood: 0.0
CE loss: 0.0
Experiment 33929
Epoch 0275 [Test seq (cond on sampled tp)] | Loss 4523.614746 | Likelihood -4539.979980 | KL fp 4.3408 | FP STD 0.0224|
KL coef: 0.9302849459598901
Train loss (one batch): 4457.8642578125
Train CE loss (one batch): 0.0
Test MSE: 0.0091
Poisson likelihood: 0.0
CE loss: 0.0
Experiment 33929
Epoch 0276 [Test seq (cond on sampled tp)] | Loss 4612.461914 | Likelihood -4620.317871 | KL fp 4.3766 | FP STD 0.0216|
KL coef: 0.9309820965002912
Train loss (one batch): 4612.4755859375
Train CE loss (one batch): 0.0
Test MSE: 0.0093
Poisson likelihood: 0.0
CE loss: 0.0
Experiment 33929
Epoch 0277 [Test seq (cond on sampled tp)] | Loss 4574.564453 | Likelihood -4578.992676 | KL fp 4.3253 | FP STD 0.0224|
KL coef: 0.9316722755352883
Train loss (one batch): 4567.85205078125
Train CE loss (one batch): 0.0
Test MSE: 0.0092
Poisson likelihood: 0.0
CE loss: 0.0
Experiment 33929
Epoch 0278 [Test seq (cond on sampled tp)] | Loss 4610.633301 | Likelihood -4612.964355 | KL fp 4.3408 | FP STD 0.0220|
KL coef: 0.9323555527799354
Train loss (one batch): 4366.91064453125
Train CE loss (one batch): 0.0
Test MSE: 0.0092
Poisson likelihood: 0.0
CE loss: 0.0
Experiment 33929
Epoch 0279 [Test seq (cond on sampled tp)] | Loss 4606.941895 | Likelihood -4609.136230 | KL fp 4.3443 | FP STD 0.0218|
KL coef: 0.933031997252136
Train loss (one batch): 4484.43505859375
Train CE loss (one batch): 0.0
Test MSE: 0.0092
Poisson likelihood: 0.0
CE loss: 0.0
Experiment 33929
Epoch 0280 [Test seq (cond on sampled tp)] | Loss 4440.314453 | Likelihood -4454.136719 | KL fp 4.3510 | FP STD 0.0213|
KL coef: 0.9337016772796147
Train loss (one batch): 4480.6767578125
Train CE loss (one batch): 0.0
Test MSE: 0.0089
Poisson likelihood: 0.0
CE loss: 0.0
Experiment 33929
Epoch 0281 [Test seq (cond on sampled tp)] | Loss 4564.634766 | Likelihood -4567.321777 | KL fp 4.3438 | FP STD 0.0221|
KL coef: 0.9343646605068185
Train loss (one batch): 4434.14306640625
Train CE loss (one batch): 0.0
Test MSE: 0.0091
Poisson likelihood: 0.0
CE loss: 0.0
Experiment 33929
Epoch 0282 [Test seq (cond on sampled tp)] | Loss 4433.976074 | Likelihood -4438.398438 | KL fp 4.3383 | FP STD 0.0222|
KL coef: 0.9350210139017503
Train loss (one batch): 4048.95166015625
Train CE loss (one batch): 0.0
Test MSE: 0.0089
Poisson likelihood: 0.0
CE loss: 0.0
Experiment 33929
Epoch 0283 [Test seq (cond on sampled tp)] | Loss 4544.058594 | Likelihood -4550.605469 | KL fp 4.3458 | FP STD 0.0222|
KL coef: 0.9356708037627328
Train loss (one batch): 4334.62109375
Train CE loss (one batch): 0.0
Test MSE: 0.0091
Poisson likelihood: 0.0
CE loss: 0.0
Experiment 33929
Epoch 0284 [Test seq (cond on sampled tp)] | Loss 4607.133301 | Likelihood -4613.451660 | KL fp 4.3872 | FP STD 0.0212|
KL coef: 0.9363140957251055
Train loss (one batch): 4409.0126953125
Train CE loss (one batch): 0.0
Test MSE: 0.0092
Poisson likelihood: 0.0
CE loss: 0.0
Experiment 33929
Epoch 0285 [Test seq (cond on sampled tp)] | Loss 4403.579590 | Likelihood -4416.049316 | KL fp 4.3978 | FP STD 0.0206|
KL coef: 0.9369509547678545
Train loss (one batch): 4504.34423828125
Train CE loss (one batch): 0.0
Test MSE: 0.0088
Poisson likelihood: 0.0
CE loss: 0.0
Experiment 33929
Epoch 0286 [Test seq (cond on sampled tp)] | Loss 4387.069824 | Likelihood -4394.171387 | KL fp 4.3373 | FP STD 0.0219|
KL coef: 0.937581445220176
Train loss (one batch): 4300.27587890625
Train CE loss (one batch): 0.0
Test MSE: 0.0088
Poisson likelihood: 0.0
CE loss: 0.0
Experiment 33929
Epoch 0287 [Test seq (cond on sampled tp)] | Loss 4382.207520 | Likelihood -4387.498047 | KL fp 4.4077 | FP STD 0.0205|
KL coef: 0.9382056307679741
Train loss (one batch): 4745.099609375
Train CE loss (one batch): 0.0
Test MSE: 0.0088
Poisson likelihood: 0.0
CE loss: 0.0
Experiment 33929
Epoch 0288 [Test seq (cond on sampled tp)] | Loss 4542.132324 | Likelihood -4540.811523 | KL fp 4.3571 | FP STD 0.0212|
KL coef: 0.9388235744602944
Train loss (one batch): 4147.84521484375
Train CE loss (one batch): 0.0
Test MSE: 0.0091
Poisson likelihood: 0.0
CE loss: 0.0
Experiment 33929
Epoch 0289 [Test seq (cond on sampled tp)] | Loss 4477.625488 | Likelihood -4504.063965 | KL fp 4.3420 | FP STD 0.0216|
KL coef: 0.9394353387156915
Train loss (one batch): 4398.087890625
Train CE loss (one batch): 0.0
Test MSE: 0.0090
Poisson likelihood: 0.0
CE loss: 0.0
Experiment 33929
Epoch 0290 [Test seq (cond on sampled tp)] | Loss 4366.561523 | Likelihood -4373.206543 | KL fp 4.3333 | FP STD 0.0219|
KL coef: 0.9400409853285345
Train loss (one batch): 4320.853515625
Train CE loss (one batch): 0.0
Test MSE: 0.0088
Poisson likelihood: 0.0
CE loss: 0.0
Experiment 33929
Epoch 0291 [Test seq (cond on sampled tp)] | Loss 4471.096191 | Likelihood -4480.373047 | KL fp 4.3395 | FP STD 0.0221|
KL coef: 0.9406405754752493
Train loss (one batch): 4378.841796875
Train CE loss (one batch): 0.0
Test MSE: 0.0090
Poisson likelihood: 0.0
CE loss: 0.0
Experiment 33929
Epoch 0292 [Test seq (cond on sampled tp)] | Loss 4362.488770 | Likelihood -4371.536621 | KL fp 4.4079 | FP STD 0.0206|
KL coef: 0.9412341697204967
Train loss (one batch): 4270.90283203125
Train CE loss (one batch): 0.0
Test MSE: 0.0088
Poisson likelihood: 0.0
CE loss: 0.0
Experiment 33929
Epoch 0293 [Test seq (cond on sampled tp)] | Loss 4435.999512 | Likelihood -4453.128906 | KL fp 4.4299 | FP STD 0.0202|
KL coef: 0.9418218280232917
Train loss (one batch): 4428.00537109375
Train CE loss (one batch): 0.0
Test MSE: 0.0089
Poisson likelihood: 0.0
CE loss: 0.0
Experiment 33929
Epoch 0294 [Test seq (cond on sampled tp)] | Loss 4414.823242 | Likelihood -4430.314941 | KL fp 4.3823 | FP STD 0.0208|
KL coef: 0.9424036097430588
Train loss (one batch): 4429.82470703125
Train CE loss (one batch): 0.0
Test MSE: 0.0089
Poisson likelihood: 0.0
CE loss: 0.0
Experiment 33929
Epoch 0295 [Test seq (cond on sampled tp)] | Loss 4351.294922 | Likelihood -4361.396973 | KL fp 4.4731 | FP STD 0.0197|
KL coef: 0.9429795736456282
Train loss (one batch): 4626.84033203125
Train CE loss (one batch): 0.0
Test MSE: 0.0087
Poisson likelihood: 0.0
CE loss: 0.0
Experiment 33929
Epoch 0296 [Test seq (cond on sampled tp)] | Loss 4324.055176 | Likelihood -4338.519531 | KL fp 4.4046 | FP STD 0.0207|
KL coef: 0.9435497779091719
Train loss (one batch): 4357.5732421875
Train CE loss (one batch): 0.0
Test MSE: 0.0087
Poisson likelihood: 0.0
CE loss: 0.0
Experiment 33929
Epoch 0297 [Test seq (cond on sampled tp)] | Loss 4322.389648 | Likelihood -4339.842285 | KL fp 4.4110 | FP STD 0.0205|
KL coef: 0.9441142801300803
Train loss (one batch): 4347.84765625
Train CE loss (one batch): 0.0
Test MSE: 0.0087
Poisson likelihood: 0.0
CE loss: 0.0
Experiment 33929
Epoch 0298 [Test seq (cond on sampled tp)] | Loss 4321.698730 | Likelihood -4335.518066 | KL fp 4.3969 | FP STD 0.0202|
KL coef: 0.9446731373287794
Train loss (one batch): 4191.298828125
Train CE loss (one batch): 0.0
Test MSE: 0.0087
Poisson likelihood: 0.0
CE loss: 0.0
Experiment 33929
Epoch 0299 [Test seq (cond on sampled tp)] | Loss 4178.911621 | Likelihood -4196.130859 | KL fp 4.4446 | FP STD 0.0199|
KL coef: 0.9452264059554917
Train loss (one batch): 4455.77392578125
Train CE loss (one batch): 0.0
Test MSE: 0.0084
Poisson likelihood: 0.0
CE loss: 0.0
Experiment 33929
Epoch 0300 [Test seq (cond on sampled tp)] | Loss 4370.290527 | Likelihood -4371.381348 | KL fp 4.4398 | FP STD 0.0202|
KL coef: 0.9457741418959368
Train loss (one batch): 4057.3662109375
Train CE loss (one batch): 0.0
Test MSE: 0.0088
Poisson likelihood: 0.0
CE loss: 0.0
