/Users/deyiliu/Dropbox/UNC/G4/Spring/790/code/latent_ode-master/run_models.py
/Users/deyiliu/Dropbox/UNC/G4/Spring/790/code/latent_ode-master/run_models.py --niters 300 -n 1000 -l 15 --dataset hopper --latent-ode --z0-encoder rnn -s 0.3
Experiment 86864
Epoch 0001 [Test seq (cond on sampled tp)] | Loss 51778.914062 | Likelihood -51969.761719 | KL fp 3.0988 | FP STD 0.1086|
KL coef: 0.0
Train loss (one batch): 61337.35546875
Train CE loss (one batch): 0.0
Test MSE: 0.1040
Poisson likelihood: 0.0
CE loss: 0.0
Experiment 86864
Epoch 0002 [Test seq (cond on sampled tp)] | Loss 30546.990234 | Likelihood -30611.611328 | KL fp 3.3774 | FP STD 0.0675|
KL coef: 0.0
Train loss (one batch): 31636.84765625
Train CE loss (one batch): 0.0
Test MSE: 0.0612
Poisson likelihood: 0.0
CE loss: 0.0
Experiment 86864
Epoch 0003 [Test seq (cond on sampled tp)] | Loss 29185.310547 | Likelihood -29228.458984 | KL fp 3.6133 | FP STD 0.0506|
KL coef: 0.0
Train loss (one batch): 28425.28515625
Train CE loss (one batch): 0.0
Test MSE: 0.0585
Poisson likelihood: 0.0
CE loss: 0.0
Experiment 86864
Epoch 0004 [Test seq (cond on sampled tp)] | Loss 28286.863281 | Likelihood -28507.083984 | KL fp 3.5219 | FP STD 0.0598|
KL coef: 0.0
Train loss (one batch): 28209.357421875
Train CE loss (one batch): 0.0
Test MSE: 0.0570
Poisson likelihood: 0.0
CE loss: 0.0
Experiment 86864
Epoch 0005 [Test seq (cond on sampled tp)] | Loss 28106.074219 | Likelihood -28267.126953 | KL fp 3.7619 | FP STD 0.0520|
KL coef: 0.0
Train loss (one batch): 27634.056640625
Train CE loss (one batch): 0.0
Test MSE: 0.0565
Poisson likelihood: 0.0
CE loss: 0.0
Experiment 86864
Epoch 0006 [Test seq (cond on sampled tp)] | Loss 27987.748047 | Likelihood -28060.695312 | KL fp 4.1218 | FP STD 0.0341|
KL coef: 0.0
Train loss (one batch): 27605.474609375
Train CE loss (one batch): 0.0
Test MSE: 0.0561
Poisson likelihood: 0.0
CE loss: 0.0
Experiment 86864
Epoch 0007 [Test seq (cond on sampled tp)] | Loss 28061.050781 | Likelihood -28189.626953 | KL fp 4.1080 | FP STD 0.0376|
KL coef: 0.0
Train loss (one batch): 27532.0
Train CE loss (one batch): 0.0
Test MSE: 0.0564
Poisson likelihood: 0.0
CE loss: 0.0
Experiment 86864
Epoch 0008 [Test seq (cond on sampled tp)] | Loss 27998.019531 | Likelihood -28025.958984 | KL fp 4.0085 | FP STD 0.0394|
KL coef: 0.0
Train loss (one batch): 27757.76171875
Train CE loss (one batch): 0.0
Test MSE: 0.0561
Poisson likelihood: 0.0
CE loss: 0.0
Experiment 86864
Epoch 0009 [Test seq (cond on sampled tp)] | Loss 28153.265625 | Likelihood -28198.580078 | KL fp 3.7624 | FP STD 0.0476|
KL coef: 0.0
Train loss (one batch): 27646.78515625
Train CE loss (one batch): 0.0
Test MSE: 0.0564
Poisson likelihood: 0.0
CE loss: 0.0
Experiment 86864
Epoch 0010 [Test seq (cond on sampled tp)] | Loss 28071.671875 | Likelihood -28089.009766 | KL fp 3.9551 | FP STD 0.0389|
KL coef: 0.0
Train loss (one batch): 27680.490234375
Train CE loss (one batch): 0.0
Test MSE: 0.0562
Poisson likelihood: 0.0
CE loss: 0.0
Experiment 86864
Epoch 0011 [Test seq (cond on sampled tp)] | Loss 28021.929688 | Likelihood -28111.408203 | KL fp 3.9222 | FP STD 0.0404|
KL coef: 0.010000000000000009
Train loss (one batch): 27795.154296875
Train CE loss (one batch): 0.0
Test MSE: 0.0562
Poisson likelihood: 0.0
CE loss: 0.0
Experiment 86864
Epoch 0012 [Test seq (cond on sampled tp)] | Loss 28027.638672 | Likelihood -28091.525391 | KL fp 3.9511 | FP STD 0.0395|
KL coef: 0.01990000000000003
Train loss (one batch): 27500.220703125
Train CE loss (one batch): 0.0
Test MSE: 0.0562
Poisson likelihood: 0.0
CE loss: 0.0
Experiment 86864
Epoch 0013 [Test seq (cond on sampled tp)] | Loss 27920.849609 | Likelihood -27989.076172 | KL fp 4.2366 | FP STD 0.0298|
KL coef: 0.029700999999999977
Train loss (one batch): 27568.53515625
Train CE loss (one batch): 0.0
Test MSE: 0.0560
Poisson likelihood: 0.0
CE loss: 0.0
Experiment 86864
Epoch 0014 [Test seq (cond on sampled tp)] | Loss 27855.792969 | Likelihood -27914.580078 | KL fp 4.2215 | FP STD 0.0320|
KL coef: 0.039403990000000055
Train loss (one batch): 27450.001953125
Train CE loss (one batch): 0.0
Test MSE: 0.0558
Poisson likelihood: 0.0
CE loss: 0.0
Experiment 86864
Epoch 0015 [Test seq (cond on sampled tp)] | Loss 27806.425781 | Likelihood -28014.382812 | KL fp 3.8931 | FP STD 0.0415|
KL coef: 0.04900995010000009
Train loss (one batch): 27327.271484375
Train CE loss (one batch): 0.0
Test MSE: 0.0560
Poisson likelihood: 0.0
CE loss: 0.0
Experiment 86864
Epoch 0016 [Test seq (cond on sampled tp)] | Loss 27919.394531 | Likelihood -27970.119141 | KL fp 3.6630 | FP STD 0.0411|
KL coef: 0.058519850599
Train loss (one batch): 27346.41796875
Train CE loss (one batch): 0.0
Test MSE: 0.0560
Poisson likelihood: 0.0
CE loss: 0.0
Experiment 86864
Epoch 0017 [Test seq (cond on sampled tp)] | Loss 27574.960938 | Likelihood -27770.765625 | KL fp 4.1554 | FP STD 0.0364|
KL coef: 0.06793465209301008
Train loss (one batch): 27391.412109375
Train CE loss (one batch): 0.0
Test MSE: 0.0556
Poisson likelihood: 0.0
CE loss: 0.0
Experiment 86864
Epoch 0018 [Test seq (cond on sampled tp)] | Loss 27576.371094 | Likelihood -27764.281250 | KL fp 3.5465 | FP STD 0.0515|
KL coef: 0.07725530557207994
Train loss (one batch): 26764.830078125
Train CE loss (one batch): 0.0
Test MSE: 0.0555
Poisson likelihood: 0.0
CE loss: 0.0
Experiment 86864
Epoch 0019 [Test seq (cond on sampled tp)] | Loss 27269.662109 | Likelihood -27341.976562 | KL fp 3.8195 | FP STD 0.0438|
KL coef: 0.08648275251635917
Train loss (one batch): 26894.98828125
Train CE loss (one batch): 0.0
Test MSE: 0.0547
Poisson likelihood: 0.0
CE loss: 0.0
Experiment 86864
Epoch 0020 [Test seq (cond on sampled tp)] | Loss 26658.755859 | Likelihood -26760.375000 | KL fp 4.1960 | FP STD 0.0296|
KL coef: 0.09561792499119559
Train loss (one batch): 26373.994140625
Train CE loss (one batch): 0.0
Test MSE: 0.0535
Poisson likelihood: 0.0
CE loss: 0.0
Experiment 86864
Epoch 0021 [Test seq (cond on sampled tp)] | Loss 26117.863281 | Likelihood -26193.181641 | KL fp 3.8216 | FP STD 0.0412|
KL coef: 0.10466174574128362
Train loss (one batch): 25743.453125
Train CE loss (one batch): 0.0
Test MSE: 0.0524
Poisson likelihood: 0.0
CE loss: 0.0
Experiment 86864
Epoch 0022 [Test seq (cond on sampled tp)] | Loss 24884.617188 | Likelihood -24943.650391 | KL fp 4.1848 | FP STD 0.0346|
KL coef: 0.11361512828387077
Train loss (one batch): 24346.833984375
Train CE loss (one batch): 0.0
Test MSE: 0.0499
Poisson likelihood: 0.0
CE loss: 0.0
Experiment 86864
Epoch 0023 [Test seq (cond on sampled tp)] | Loss 23803.498047 | Likelihood -23848.396484 | KL fp 3.9388 | FP STD 0.0389|
KL coef: 0.12247897700103216
Train loss (one batch): 23204.138671875
Train CE loss (one batch): 0.0
Test MSE: 0.0477
Poisson likelihood: 0.0
CE loss: 0.0
Experiment 86864
Epoch 0024 [Test seq (cond on sampled tp)] | Loss 22657.898438 | Likelihood -22734.763672 | KL fp 3.7898 | FP STD 0.0432|
KL coef: 0.13125418723102178
Train loss (one batch): 22248.80078125
Train CE loss (one batch): 0.0
Test MSE: 0.0455
Poisson likelihood: 0.0
CE loss: 0.0
Experiment 86864
Epoch 0025 [Test seq (cond on sampled tp)] | Loss 21816.021484 | Likelihood -21877.912109 | KL fp 4.0481 | FP STD 0.0365|
KL coef: 0.13994164535871156
Train loss (one batch): 21730.884765625
Train CE loss (one batch): 0.0
Test MSE: 0.0438
Poisson likelihood: 0.0
CE loss: 0.0
Experiment 86864
Epoch 0026 [Test seq (cond on sampled tp)] | Loss 21572.250000 | Likelihood -21682.798828 | KL fp 4.3369 | FP STD 0.0340|
KL coef: 0.14854222890512447
Train loss (one batch): 21045.177734375
Train CE loss (one batch): 0.0
Test MSE: 0.0434
Poisson likelihood: 0.0
CE loss: 0.0
Experiment 86864
Epoch 0027 [Test seq (cond on sampled tp)] | Loss 21137.861328 | Likelihood -21181.054688 | KL fp 4.0219 | FP STD 0.0347|
KL coef: 0.15705680661607324
Train loss (one batch): 20856.69140625
Train CE loss (one batch): 0.0
Test MSE: 0.0424
Poisson likelihood: 0.0
CE loss: 0.0
Experiment 86864
Epoch 0028 [Test seq (cond on sampled tp)] | Loss 20979.738281 | Likelihood -21009.861328 | KL fp 4.2796 | FP STD 0.0289|
KL coef: 0.1654862385499125
Train loss (one batch): 20730.443359375
Train CE loss (one batch): 0.0
Test MSE: 0.0420
Poisson likelihood: 0.0
CE loss: 0.0
Experiment 86864
Epoch 0029 [Test seq (cond on sampled tp)] | Loss 20866.984375 | Likelihood -20955.228516 | KL fp 3.8588 | FP STD 0.0369|
KL coef: 0.17383137616441335
Train loss (one batch): 20350.810546875
Train CE loss (one batch): 0.0
Test MSE: 0.0419
Poisson likelihood: 0.0
CE loss: 0.0
Experiment 86864
Epoch 0030 [Test seq (cond on sampled tp)] | Loss 20699.675781 | Likelihood -20740.902344 | KL fp 4.3535 | FP STD 0.0265|
KL coef: 0.18209306240276923
Train loss (one batch): 20193.736328125
Train CE loss (one batch): 0.0
Test MSE: 0.0415
Poisson likelihood: 0.0
CE loss: 0.0
Experiment 86864
Epoch 0031 [Test seq (cond on sampled tp)] | Loss 20675.771484 | Likelihood -20701.263672 | KL fp 4.7880 | FP STD 0.0201|
KL coef: 0.19027213177874158
Train loss (one batch): 20036.6875
Train CE loss (one batch): 0.0
Test MSE: 0.0414
Poisson likelihood: 0.0
CE loss: 0.0
Experiment 86864
Epoch 0032 [Test seq (cond on sampled tp)] | Loss 20643.486328 | Likelihood -20648.365234 | KL fp 4.5827 | FP STD 0.0216|
KL coef: 0.19836941046095413
Train loss (one batch): 19895.158203125
Train CE loss (one batch): 0.0
Test MSE: 0.0413
Poisson likelihood: 0.0
CE loss: 0.0
Experiment 86864
Epoch 0033 [Test seq (cond on sampled tp)] | Loss 20728.373047 | Likelihood -20763.244141 | KL fp 4.0147 | FP STD 0.0392|
KL coef: 0.20638571635634462
Train loss (one batch): 19864.841796875
Train CE loss (one batch): 0.0
Test MSE: 0.0415
Poisson likelihood: 0.0
CE loss: 0.0
Experiment 86864
Epoch 0034 [Test seq (cond on sampled tp)] | Loss 20559.808594 | Likelihood -20599.892578 | KL fp 4.1718 | FP STD 0.0288|
KL coef: 0.21432185919278124
Train loss (one batch): 19822.240234375
Train CE loss (one batch): 0.0
Test MSE: 0.0412
Poisson likelihood: 0.0
CE loss: 0.0
Experiment 86864
Epoch 0035 [Test seq (cond on sampled tp)] | Loss 20546.921875 | Likelihood -20583.701172 | KL fp 4.1177 | FP STD 0.0318|
KL coef: 0.22217864060085335
Train loss (one batch): 19657.619140625
Train CE loss (one batch): 0.0
Test MSE: 0.0412
Poisson likelihood: 0.0
CE loss: 0.0
Experiment 86864
Epoch 0036 [Test seq (cond on sampled tp)] | Loss 20575.824219 | Likelihood -20590.140625 | KL fp 4.0332 | FP STD 0.0383|
KL coef: 0.2299568541948449
Train loss (one batch): 19834.802734375
Train CE loss (one batch): 0.0
Test MSE: 0.0412
Poisson likelihood: 0.0
CE loss: 0.0
Experiment 86864
Epoch 0037 [Test seq (cond on sampled tp)] | Loss 20433.974609 | Likelihood -20473.103516 | KL fp 3.9456 | FP STD 0.0350|
KL coef: 0.23765728565289646
Train loss (one batch): 19739.67578125
Train CE loss (one batch): 0.0
Test MSE: 0.0410
Poisson likelihood: 0.0
CE loss: 0.0
Experiment 86864
Epoch 0038 [Test seq (cond on sampled tp)] | Loss 20421.406250 | Likelihood -20428.412109 | KL fp 4.3322 | FP STD 0.0267|
KL coef: 0.24528071279636743
Train loss (one batch): 19700.658203125
Train CE loss (one batch): 0.0
Test MSE: 0.0409
Poisson likelihood: 0.0
CE loss: 0.0
Experiment 86864
Epoch 0039 [Test seq (cond on sampled tp)] | Loss 20366.601562 | Likelihood -20417.158203 | KL fp 4.6753 | FP STD 0.0220|
KL coef: 0.25282790566840385
Train loss (one batch): 19515.248046875
Train CE loss (one batch): 0.0
Test MSE: 0.0408
Poisson likelihood: 0.0
CE loss: 0.0
Experiment 86864
Epoch 0040 [Test seq (cond on sampled tp)] | Loss 20408.789062 | Likelihood -20437.095703 | KL fp 4.3658 | FP STD 0.0289|
KL coef: 0.2602996266117198
Train loss (one batch): 19495.498046875
Train CE loss (one batch): 0.0
Test MSE: 0.0409
Poisson likelihood: 0.0
CE loss: 0.0
Experiment 86864
Epoch 0041 [Test seq (cond on sampled tp)] | Loss 20333.673828 | Likelihood -20352.021484 | KL fp 4.3209 | FP STD 0.0271|
KL coef: 0.26769663034560254
Train loss (one batch): 19459.369140625
Train CE loss (one batch): 0.0
Test MSE: 0.0407
Poisson likelihood: 0.0
CE loss: 0.0
Experiment 86864
Epoch 0042 [Test seq (cond on sampled tp)] | Loss 20250.923828 | Likelihood -20267.886719 | KL fp 4.0788 | FP STD 0.0315|
KL coef: 0.2750196640421466
Train loss (one batch): 19220.955078125
Train CE loss (one batch): 0.0
Test MSE: 0.0405
Poisson likelihood: 0.0
CE loss: 0.0
Experiment 86864
Epoch 0043 [Test seq (cond on sampled tp)] | Loss 20233.062500 | Likelihood -20256.890625 | KL fp 4.3171 | FP STD 0.0276|
KL coef: 0.2822694674017251
Train loss (one batch): 19221.54296875
Train CE loss (one batch): 0.0
Test MSE: 0.0405
Poisson likelihood: 0.0
CE loss: 0.0
Experiment 86864
Epoch 0044 [Test seq (cond on sampled tp)] | Loss 20168.869141 | Likelihood -20205.080078 | KL fp 4.3077 | FP STD 0.0250|
KL coef: 0.2894467727277079
Train loss (one batch): 19133.33203125
Train CE loss (one batch): 0.0
Test MSE: 0.0404
Poisson likelihood: 0.0
CE loss: 0.0
Experiment 86864
Epoch 0045 [Test seq (cond on sampled tp)] | Loss 20071.478516 | Likelihood -20100.496094 | KL fp 4.2882 | FP STD 0.0256|
KL coef: 0.29655230500043084
Train loss (one batch): 19228.546875
Train CE loss (one batch): 0.0
Test MSE: 0.0402
Poisson likelihood: 0.0
CE loss: 0.0
Experiment 86864
Epoch 0046 [Test seq (cond on sampled tp)] | Loss 20063.449219 | Likelihood -20126.328125 | KL fp 4.2184 | FP STD 0.0318|
KL coef: 0.30358678195042654
Train loss (one batch): 19132.27734375
Train CE loss (one batch): 0.0
Test MSE: 0.0403
Poisson likelihood: 0.0
CE loss: 0.0
Experiment 86864
Epoch 0047 [Test seq (cond on sampled tp)] | Loss 19994.835938 | Likelihood -20025.828125 | KL fp 4.5479 | FP STD 0.0234|
KL coef: 0.3105509141309223
Train loss (one batch): 18956.185546875
Train CE loss (one batch): 0.0
Test MSE: 0.0401
Poisson likelihood: 0.0
CE loss: 0.0
Experiment 86864
Epoch 0048 [Test seq (cond on sampled tp)] | Loss 19856.097656 | Likelihood -19898.306641 | KL fp 4.4254 | FP STD 0.0247|
KL coef: 0.31744540498961304
Train loss (one batch): 18823.388671875
Train CE loss (one batch): 0.0
Test MSE: 0.0398
Poisson likelihood: 0.0
CE loss: 0.0
Experiment 86864
Epoch 0049 [Test seq (cond on sampled tp)] | Loss 19909.496094 | Likelihood -19948.138672 | KL fp 4.4134 | FP STD 0.0259|
KL coef: 0.3242709509397169
Train loss (one batch): 18928.99609375
Train CE loss (one batch): 0.0
Test MSE: 0.0399
Poisson likelihood: 0.0
CE loss: 0.0
Experiment 86864
Epoch 0050 [Test seq (cond on sampled tp)] | Loss 19789.105469 | Likelihood -19835.599609 | KL fp 4.3047 | FP STD 0.0277|
KL coef: 0.3310282414303197
Train loss (one batch): 18766.6640625
Train CE loss (one batch): 0.0
Test MSE: 0.0397
Poisson likelihood: 0.0
CE loss: 0.0
Experiment 86864
Epoch 0051 [Test seq (cond on sampled tp)] | Loss 19725.886719 | Likelihood -19773.648438 | KL fp 4.4685 | FP STD 0.0271|
KL coef: 0.33771795901601653
Train loss (one batch): 18777.025390625
Train CE loss (one batch): 0.0
Test MSE: 0.0396
Poisson likelihood: 0.0
CE loss: 0.0
Experiment 86864
Epoch 0052 [Test seq (cond on sampled tp)] | Loss 19705.640625 | Likelihood -19734.083984 | KL fp 4.1429 | FP STD 0.0324|
KL coef: 0.3443407794258564
Train loss (one batch): 18594.033203125
Train CE loss (one batch): 0.0
Test MSE: 0.0395
Poisson likelihood: 0.0
CE loss: 0.0
Experiment 86864
Epoch 0053 [Test seq (cond on sampled tp)] | Loss 19517.847656 | Likelihood -19546.490234 | KL fp 4.3442 | FP STD 0.0252|
KL coef: 0.35089737163159784
Train loss (one batch): 18455.849609375
Train CE loss (one batch): 0.0
Test MSE: 0.0391
Poisson likelihood: 0.0
CE loss: 0.0
Experiment 86864
Epoch 0054 [Test seq (cond on sampled tp)] | Loss 19537.757812 | Likelihood -19557.275391 | KL fp 3.9915 | FP STD 0.0336|
KL coef: 0.3573883979152819
Train loss (one batch): 18202.40625
Train CE loss (one batch): 0.0
Test MSE: 0.0391
Poisson likelihood: 0.0
CE loss: 0.0
Experiment 86864
Epoch 0055 [Test seq (cond on sampled tp)] | Loss 19347.156250 | Likelihood -19357.041016 | KL fp 4.0905 | FP STD 0.0325|
KL coef: 0.36381451393612907
Train loss (one batch): 18137.4453125
Train CE loss (one batch): 0.0
Test MSE: 0.0387
Poisson likelihood: 0.0
CE loss: 0.0
Experiment 86864
Epoch 0056 [Test seq (cond on sampled tp)] | Loss 19099.251953 | Likelihood -19141.298828 | KL fp 4.2698 | FP STD 0.0269|
KL coef: 0.37017636879676774
Train loss (one batch): 17862.828125
Train CE loss (one batch): 0.0
Test MSE: 0.0383
Poisson likelihood: 0.0
CE loss: 0.0
Experiment 86864
Epoch 0057 [Test seq (cond on sampled tp)] | Loss 18847.490234 | Likelihood -18862.025391 | KL fp 4.5208 | FP STD 0.0222|
KL coef: 0.37647460510880004
Train loss (one batch): 17522.048828125
Train CE loss (one batch): 0.0
Test MSE: 0.0377
Poisson likelihood: 0.0
CE loss: 0.0
Experiment 86864
Epoch 0058 [Test seq (cond on sampled tp)] | Loss 18724.136719 | Likelihood -18753.175781 | KL fp 4.4604 | FP STD 0.0241|
KL coef: 0.38270985905771204
Train loss (one batch): 17348.28515625
Train CE loss (one batch): 0.0
Test MSE: 0.0375
Poisson likelihood: 0.0
CE loss: 0.0
Experiment 86864
Epoch 0059 [Test seq (cond on sampled tp)] | Loss 18246.208984 | Likelihood -18264.035156 | KL fp 4.5773 | FP STD 0.0200|
KL coef: 0.388882760467135
Train loss (one batch): 16772.26171875
Train CE loss (one batch): 0.0
Test MSE: 0.0365
Poisson likelihood: 0.0
CE loss: 0.0
Experiment 86864
Epoch 0060 [Test seq (cond on sampled tp)] | Loss 17929.009766 | Likelihood -17964.539062 | KL fp 4.2499 | FP STD 0.0278|
KL coef: 0.39499393286246365
Train loss (one batch): 16648.419921875
Train CE loss (one batch): 0.0
Test MSE: 0.0359
Poisson likelihood: 0.0
CE loss: 0.0
Experiment 86864
Epoch 0061 [Test seq (cond on sampled tp)] | Loss 17576.812500 | Likelihood -17601.933594 | KL fp 4.4360 | FP STD 0.0249|
KL coef: 0.401043993533839
Train loss (one batch): 16276.79296875
Train CE loss (one batch): 0.0
Test MSE: 0.0352
Poisson likelihood: 0.0
CE loss: 0.0
Experiment 86864
Epoch 0062 [Test seq (cond on sampled tp)] | Loss 17402.191406 | Likelihood -17430.039062 | KL fp 4.2131 | FP STD 0.0281|
KL coef: 0.4070335535985006
Train loss (one batch): 15985.84375
Train CE loss (one batch): 0.0
Test MSE: 0.0349
Poisson likelihood: 0.0
CE loss: 0.0
Experiment 86864
Epoch 0063 [Test seq (cond on sampled tp)] | Loss 17192.988281 | Likelihood -17254.365234 | KL fp 4.2274 | FP STD 0.0281|
KL coef: 0.41296321806251557
Train loss (one batch): 15799.9033203125
Train CE loss (one batch): 0.0
Test MSE: 0.0345
Poisson likelihood: 0.0
CE loss: 0.0
Experiment 86864
Epoch 0064 [Test seq (cond on sampled tp)] | Loss 16996.875000 | Likelihood -17023.927734 | KL fp 4.4123 | FP STD 0.0236|
KL coef: 0.41883358588189046
Train loss (one batch): 15585.5009765625
Train CE loss (one batch): 0.0
Test MSE: 0.0341
Poisson likelihood: 0.0
CE loss: 0.0
Experiment 86864
Epoch 0065 [Test seq (cond on sampled tp)] | Loss 16822.669922 | Likelihood -16825.775391 | KL fp 4.3270 | FP STD 0.0257|
KL coef: 0.4246452500230715
Train loss (one batch): 15439.9052734375
Train CE loss (one batch): 0.0
Test MSE: 0.0337
Poisson likelihood: 0.0
CE loss: 0.0
Experiment 86864
Epoch 0066 [Test seq (cond on sampled tp)] | Loss 16667.757812 | Likelihood -16675.882812 | KL fp 4.5036 | FP STD 0.0209|
KL coef: 0.4303987975228408
Train loss (one batch): 15297.7705078125
Train CE loss (one batch): 0.0
Test MSE: 0.0334
Poisson likelihood: 0.0
CE loss: 0.0
Experiment 86864
Epoch 0067 [Test seq (cond on sampled tp)] | Loss 16457.949219 | Likelihood -16471.349609 | KL fp 4.3407 | FP STD 0.0241|
KL coef: 0.4360948095476125
Train loss (one batch): 15298.6826171875
Train CE loss (one batch): 0.0
Test MSE: 0.0330
Poisson likelihood: 0.0
CE loss: 0.0
Experiment 86864
Epoch 0068 [Test seq (cond on sampled tp)] | Loss 16333.789062 | Likelihood -16377.929688 | KL fp 4.3155 | FP STD 0.0268|
KL coef: 0.44173386145213633
Train loss (one batch): 15097.0322265625
Train CE loss (one batch): 0.0
Test MSE: 0.0328
Poisson likelihood: 0.0
CE loss: 0.0
Experiment 86864
Epoch 0069 [Test seq (cond on sampled tp)] | Loss 16067.289062 | Likelihood -16115.508789 | KL fp 4.2702 | FP STD 0.0254|
KL coef: 0.4473165228376149
Train loss (one batch): 14979.7822265625
Train CE loss (one batch): 0.0
Test MSE: 0.0322
Poisson likelihood: 0.0
CE loss: 0.0
Experiment 86864
Epoch 0070 [Test seq (cond on sampled tp)] | Loss 16002.196289 | Likelihood -16021.269531 | KL fp 4.2372 | FP STD 0.0268|
KL coef: 0.4528433576092388
Train loss (one batch): 14901.080078125
Train CE loss (one batch): 0.0
Test MSE: 0.0321
Poisson likelihood: 0.0
CE loss: 0.0
Experiment 86864
Epoch 0071 [Test seq (cond on sampled tp)] | Loss 15753.191406 | Likelihood -15757.769531 | KL fp 4.3575 | FP STD 0.0233|
KL coef: 0.45831492403314644
Train loss (one batch): 14729.3642578125
Train CE loss (one batch): 0.0
Test MSE: 0.0315
Poisson likelihood: 0.0
CE loss: 0.0
Experiment 86864
Epoch 0072 [Test seq (cond on sampled tp)] | Loss 15618.292969 | Likelihood -15642.875000 | KL fp 4.5136 | FP STD 0.0209|
KL coef: 0.463731774792815
Train loss (one batch): 14648.939453125
Train CE loss (one batch): 0.0
Test MSE: 0.0313
Poisson likelihood: 0.0
CE loss: 0.0
Experiment 86864
Epoch 0073 [Test seq (cond on sampled tp)] | Loss 15511.198242 | Likelihood -15525.129883 | KL fp 4.4778 | FP STD 0.0228|
KL coef: 0.46909445704488684
Train loss (one batch): 14413.5107421875
Train CE loss (one batch): 0.0
Test MSE: 0.0311
Poisson likelihood: 0.0
CE loss: 0.0
Experiment 86864
Epoch 0074 [Test seq (cond on sampled tp)] | Loss 15169.560547 | Likelihood -15173.148438 | KL fp 4.4917 | FP STD 0.0216|
KL coef: 0.474403512474438
Train loss (one batch): 14289.4560546875
Train CE loss (one batch): 0.0
Test MSE: 0.0304
Poisson likelihood: 0.0
CE loss: 0.0
Experiment 86864
Epoch 0075 [Test seq (cond on sampled tp)] | Loss 15127.935547 | Likelihood -15138.992188 | KL fp 4.4612 | FP STD 0.0222|
KL coef: 0.4796594773496936
Train loss (one batch): 14181.9404296875
Train CE loss (one batch): 0.0
Test MSE: 0.0303
Poisson likelihood: 0.0
CE loss: 0.0
Experiment 86864
Epoch 0076 [Test seq (cond on sampled tp)] | Loss 14871.270508 | Likelihood -14913.609375 | KL fp 4.5653 | FP STD 0.0209|
KL coef: 0.4848628825761967
Train loss (one batch): 14036.3408203125
Train CE loss (one batch): 0.0
Test MSE: 0.0298
Poisson likelihood: 0.0
CE loss: 0.0
Experiment 86864
Epoch 0077 [Test seq (cond on sampled tp)] | Loss 14689.451172 | Likelihood -14693.567383 | KL fp 4.6216 | FP STD 0.0201|
KL coef: 0.4900142537504347
Train loss (one batch): 13876.8408203125
Train CE loss (one batch): 0.0
Test MSE: 0.0294
Poisson likelihood: 0.0
CE loss: 0.0
Experiment 86864
Epoch 0078 [Test seq (cond on sampled tp)] | Loss 14498.698242 | Likelihood -14506.448242 | KL fp 4.4734 | FP STD 0.0235|
KL coef: 0.49511411121293036
Train loss (one batch): 13818.5947265625
Train CE loss (one batch): 0.0
Test MSE: 0.0290
Poisson likelihood: 0.0
CE loss: 0.0
Experiment 86864
Epoch 0079 [Test seq (cond on sampled tp)] | Loss 14247.566406 | Likelihood -14278.769531 | KL fp 4.4175 | FP STD 0.0244|
KL coef: 0.500162970100801
Train loss (one batch): 13652.49609375
Train CE loss (one batch): 0.0
Test MSE: 0.0286
Poisson likelihood: 0.0
CE loss: 0.0
Experiment 86864
Epoch 0080 [Test seq (cond on sampled tp)] | Loss 13985.974609 | Likelihood -14007.957031 | KL fp 4.6423 | FP STD 0.0190|
KL coef: 0.505161340399793
Train loss (one batch): 13315.3193359375
Train CE loss (one batch): 0.0
Test MSE: 0.0280
Poisson likelihood: 0.0
CE loss: 0.0
Experiment 86864
Epoch 0081 [Test seq (cond on sampled tp)] | Loss 13807.687500 | Likelihood -13822.665039 | KL fp 4.4124 | FP STD 0.0239|
KL coef: 0.510109726995795
Train loss (one batch): 13214.900390625
Train CE loss (one batch): 0.0
Test MSE: 0.0277
Poisson likelihood: 0.0
CE loss: 0.0
Experiment 86864
Epoch 0082 [Test seq (cond on sampled tp)] | Loss 13630.896484 | Likelihood -13644.239258 | KL fp 4.3878 | FP STD 0.0242|
KL coef: 0.5150086297258372
Train loss (one batch): 13054.080078125
Train CE loss (one batch): 0.0
Test MSE: 0.0273
Poisson likelihood: 0.0
CE loss: 0.0
Experiment 86864
Epoch 0083 [Test seq (cond on sampled tp)] | Loss 13523.250000 | Likelihood -13547.620117 | KL fp 4.5565 | FP STD 0.0205|
KL coef: 0.5198585434285787
Train loss (one batch): 12931.365234375
Train CE loss (one batch): 0.0
Test MSE: 0.0271
Poisson likelihood: 0.0
CE loss: 0.0
Experiment 86864
Epoch 0084 [Test seq (cond on sampled tp)] | Loss 13424.392578 | Likelihood -13431.105469 | KL fp 4.6443 | FP STD 0.0198|
KL coef: 0.524659957994293
Train loss (one batch): 12649.4755859375
Train CE loss (one batch): 0.0
Test MSE: 0.0269
Poisson likelihood: 0.0
CE loss: 0.0
Experiment 86864
Epoch 0085 [Test seq (cond on sampled tp)] | Loss 13247.221680 | Likelihood -13265.851562 | KL fp 4.6249 | FP STD 0.0195|
KL coef: 0.5294133584143501
Train loss (one batch): 12493.302734375
Train CE loss (one batch): 0.0
Test MSE: 0.0265
Poisson likelihood: 0.0
CE loss: 0.0
Experiment 86864
Epoch 0086 [Test seq (cond on sampled tp)] | Loss 13100.175781 | Likelihood -13099.545898 | KL fp 4.4952 | FP STD 0.0214|
KL coef: 0.5341192248302067
Train loss (one batch): 12423.630859375
Train CE loss (one batch): 0.0
Test MSE: 0.0262
Poisson likelihood: 0.0
CE loss: 0.0
Experiment 86864
Epoch 0087 [Test seq (cond on sampled tp)] | Loss 12978.189453 | Likelihood -13005.034180 | KL fp 4.6751 | FP STD 0.0182|
KL coef: 0.5387780325819045
Train loss (one batch): 12148.2021484375
Train CE loss (one batch): 0.0
Test MSE: 0.0260
Poisson likelihood: 0.0
CE loss: 0.0
Experiment 86864
Epoch 0088 [Test seq (cond on sampled tp)] | Loss 12805.940430 | Likelihood -12812.098633 | KL fp 4.7018 | FP STD 0.0168|
KL coef: 0.5433902522560855
Train loss (one batch): 12045.009765625
Train CE loss (one batch): 0.0
Test MSE: 0.0256
Poisson likelihood: 0.0
CE loss: 0.0
Experiment 86864
Epoch 0089 [Test seq (cond on sampled tp)] | Loss 12671.744141 | Likelihood -12688.187500 | KL fp 4.5993 | FP STD 0.0201|
KL coef: 0.5479563497335247
Train loss (one batch): 11869.6083984375
Train CE loss (one batch): 0.0
Test MSE: 0.0254
Poisson likelihood: 0.0
CE loss: 0.0
Experiment 86864
Epoch 0090 [Test seq (cond on sampled tp)] | Loss 12611.931641 | Likelihood -12637.320312 | KL fp 4.6293 | FP STD 0.0196|
KL coef: 0.5524767862361895
Train loss (one batch): 11820.62890625
Train CE loss (one batch): 0.0
Test MSE: 0.0253
Poisson likelihood: 0.0
CE loss: 0.0
Experiment 86864
Epoch 0091 [Test seq (cond on sampled tp)] | Loss 12525.846680 | Likelihood -12535.730469 | KL fp 4.7112 | FP STD 0.0181|
KL coef: 0.5569520183738275
Train loss (one batch): 11705.578125
Train CE loss (one batch): 0.0
Test MSE: 0.0251
Poisson likelihood: 0.0
CE loss: 0.0
Experiment 86864
Epoch 0092 [Test seq (cond on sampled tp)] | Loss 12404.399414 | Likelihood -12427.488281 | KL fp 4.5077 | FP STD 0.0205|
KL coef: 0.5613824981900892
Train loss (one batch): 11483.3671875
Train CE loss (one batch): 0.0
Test MSE: 0.0249
Poisson likelihood: 0.0
CE loss: 0.0
Experiment 86864
Epoch 0093 [Test seq (cond on sampled tp)] | Loss 12285.838867 | Likelihood -12306.085938 | KL fp 4.6612 | FP STD 0.0177|
KL coef: 0.5657686732081884
Train loss (one batch): 11438.1416015625
Train CE loss (one batch): 0.0
Test MSE: 0.0246
Poisson likelihood: 0.0
CE loss: 0.0
Experiment 86864
Epoch 0094 [Test seq (cond on sampled tp)] | Loss 12300.512695 | Likelihood -12319.178711 | KL fp 4.4712 | FP STD 0.0224|
KL coef: 0.5701109864761065
Train loss (one batch): 11340.8544921875
Train CE loss (one batch): 0.0
Test MSE: 0.0247
Poisson likelihood: 0.0
CE loss: 0.0
Experiment 86864
Epoch 0095 [Test seq (cond on sampled tp)] | Loss 12177.997070 | Likelihood -12180.465820 | KL fp 4.7095 | FP STD 0.0169|
KL coef: 0.5744098766113455
Train loss (one batch): 11296.6572265625
Train CE loss (one batch): 0.0
Test MSE: 0.0244
Poisson likelihood: 0.0
CE loss: 0.0
Experiment 86864
Epoch 0096 [Test seq (cond on sampled tp)] | Loss 12071.105469 | Likelihood -12088.906250 | KL fp 4.8969 | FP STD 0.0146|
KL coef: 0.578665777845232
Train loss (one batch): 11182.8662109375
Train CE loss (one batch): 0.0
Test MSE: 0.0242
Poisson likelihood: 0.0
CE loss: 0.0
Experiment 86864
Epoch 0097 [Test seq (cond on sampled tp)] | Loss 12016.671875 | Likelihood -12020.418945 | KL fp 4.7676 | FP STD 0.0167|
KL coef: 0.5828791200667797
Train loss (one batch): 11078.875
Train CE loss (one batch): 0.0
Test MSE: 0.0241
Poisson likelihood: 0.0
CE loss: 0.0
Experiment 86864
Epoch 0098 [Test seq (cond on sampled tp)] | Loss 11993.741211 | Likelihood -12008.874023 | KL fp 4.6061 | FP STD 0.0199|
KL coef: 0.5870503288661119
Train loss (one batch): 10995.939453125
Train CE loss (one batch): 0.0
Test MSE: 0.0240
Poisson likelihood: 0.0
CE loss: 0.0
Experiment 86864
Epoch 0099 [Test seq (cond on sampled tp)] | Loss 11933.714844 | Likelihood -11935.500000 | KL fp 4.8689 | FP STD 0.0146|
KL coef: 0.5911798255774507
Train loss (one batch): 10911.3193359375
Train CE loss (one batch): 0.0
Test MSE: 0.0239
Poisson likelihood: 0.0
CE loss: 0.0
Experiment 86864
Epoch 0100 [Test seq (cond on sampled tp)] | Loss 11906.884766 | Likelihood -11912.489258 | KL fp 4.7958 | FP STD 0.0153|
KL coef: 0.5952680273216762
Train loss (one batch): 10892.2236328125
Train CE loss (one batch): 0.0
Test MSE: 0.0238
Poisson likelihood: 0.0
CE loss: 0.0
Experiment 86864
Epoch 0101 [Test seq (cond on sampled tp)] | Loss 11803.122070 | Likelihood -11817.549805 | KL fp 4.9308 | FP STD 0.0152|
KL coef: 0.5993153470484595
Train loss (one batch): 10777.2216796875
Train CE loss (one batch): 0.0
Test MSE: 0.0236
Poisson likelihood: 0.0
CE loss: 0.0
Experiment 86864
Epoch 0102 [Test seq (cond on sampled tp)] | Loss 11766.046875 | Likelihood -11773.682617 | KL fp 4.8672 | FP STD 0.0158|
KL coef: 0.6033221935779749
Train loss (one batch): 10818.1650390625
Train CE loss (one batch): 0.0
Test MSE: 0.0236
Poisson likelihood: 0.0
CE loss: 0.0
Experiment 86864
Epoch 0103 [Test seq (cond on sampled tp)] | Loss 11708.610352 | Likelihood -11714.661133 | KL fp 4.6196 | FP STD 0.0186|
KL coef: 0.6072889716421952
Train loss (one batch): 10635.533203125
Train CE loss (one batch): 0.0
Test MSE: 0.0234
Poisson likelihood: 0.0
CE loss: 0.0
Experiment 86864
Epoch 0104 [Test seq (cond on sampled tp)] | Loss 11677.691406 | Likelihood -11685.464844 | KL fp 4.8008 | FP STD 0.0158|
KL coef: 0.6112160819257733
Train loss (one batch): 10666.7890625
Train CE loss (one batch): 0.0
Test MSE: 0.0234
Poisson likelihood: 0.0
CE loss: 0.0
Experiment 86864
Epoch 0105 [Test seq (cond on sampled tp)] | Loss 11610.253906 | Likelihood -11630.280273 | KL fp 4.9116 | FP STD 0.0152|
KL coef: 0.6151039211065155
Train loss (one batch): 10563.87890625
Train CE loss (one batch): 0.0
Test MSE: 0.0233
Poisson likelihood: 0.0
CE loss: 0.0
Experiment 86864
Epoch 0106 [Test seq (cond on sampled tp)] | Loss 11565.351562 | Likelihood -11572.629883 | KL fp 4.8381 | FP STD 0.0146|
KL coef: 0.6189528818954504
Train loss (one batch): 10480.6904296875
Train CE loss (one batch): 0.0
Test MSE: 0.0232
Poisson likelihood: 0.0
CE loss: 0.0
Experiment 86864
Epoch 0107 [Test seq (cond on sampled tp)] | Loss 11500.928711 | Likelihood -11511.815430 | KL fp 4.7979 | FP STD 0.0154|
KL coef: 0.6227633530764958
Train loss (one batch): 10446.333984375
Train CE loss (one batch): 0.0
Test MSE: 0.0230
Poisson likelihood: 0.0
CE loss: 0.0
Experiment 86864
Epoch 0108 [Test seq (cond on sampled tp)] | Loss 11430.402344 | Likelihood -11452.508789 | KL fp 4.8079 | FP STD 0.0160|
KL coef: 0.6265357195457308
Train loss (one batch): 10400.361328125
Train CE loss (one batch): 0.0
Test MSE: 0.0229
Poisson likelihood: 0.0
CE loss: 0.0
Experiment 86864
Epoch 0109 [Test seq (cond on sampled tp)] | Loss 11497.857422 | Likelihood -11510.964844 | KL fp 4.7307 | FP STD 0.0174|
KL coef: 0.6302703623502736
Train loss (one batch): 10408.4033203125
Train CE loss (one batch): 0.0
Test MSE: 0.0230
Poisson likelihood: 0.0
CE loss: 0.0
Experiment 86864
Epoch 0110 [Test seq (cond on sampled tp)] | Loss 11374.328125 | Likelihood -11382.487305 | KL fp 4.7361 | FP STD 0.0167|
KL coef: 0.6339676587267709
Train loss (one batch): 10264.2919921875
Train CE loss (one batch): 0.0
Test MSE: 0.0228
Poisson likelihood: 0.0
CE loss: 0.0
Experiment 86864
Epoch 0111 [Test seq (cond on sampled tp)] | Loss 11301.044922 | Likelihood -11306.582031 | KL fp 4.7599 | FP STD 0.0162|
KL coef: 0.6376279821395031
Train loss (one batch): 10231.76171875
Train CE loss (one batch): 0.0
Test MSE: 0.0226
Poisson likelihood: 0.0
CE loss: 0.0
Experiment 86864
Epoch 0112 [Test seq (cond on sampled tp)] | Loss 11299.082031 | Likelihood -11328.815430 | KL fp 4.9311 | FP STD 0.0156|
KL coef: 0.6412517023181081
Train loss (one batch): 10245.1826171875
Train CE loss (one batch): 0.0
Test MSE: 0.0227
Poisson likelihood: 0.0
CE loss: 0.0
Experiment 86864
Epoch 0113 [Test seq (cond on sampled tp)] | Loss 11257.995117 | Likelihood -11262.838867 | KL fp 4.8596 | FP STD 0.0167|
KL coef: 0.644839185294927
Train loss (one batch): 10156.8681640625
Train CE loss (one batch): 0.0
Test MSE: 0.0225
Poisson likelihood: 0.0
CE loss: 0.0
Experiment 86864
Epoch 0114 [Test seq (cond on sampled tp)] | Loss 11147.982422 | Likelihood -11154.102539 | KL fp 4.6641 | FP STD 0.0182|
KL coef: 0.6483907934419777
Train loss (one batch): 10158.6826171875
Train CE loss (one batch): 0.0
Test MSE: 0.0223
Poisson likelihood: 0.0
CE loss: 0.0
Experiment 86864
Epoch 0115 [Test seq (cond on sampled tp)] | Loss 11139.310547 | Likelihood -11143.493164 | KL fp 4.7918 | FP STD 0.0166|
KL coef: 0.651906885507558
Train loss (one batch): 10056.8232421875
Train CE loss (one batch): 0.0
Test MSE: 0.0223
Poisson likelihood: 0.0
CE loss: 0.0
Experiment 86864
Epoch 0116 [Test seq (cond on sampled tp)] | Loss 11139.411133 | Likelihood -11158.370117 | KL fp 4.7901 | FP STD 0.0195|
KL coef: 0.6553878166524825
Train loss (one batch): 10034.9970703125
Train CE loss (one batch): 0.0
Test MSE: 0.0223
Poisson likelihood: 0.0
CE loss: 0.0
Experiment 86864
Epoch 0117 [Test seq (cond on sampled tp)] | Loss 11126.390625 | Likelihood -11149.766602 | KL fp 4.7044 | FP STD 0.0222|
KL coef: 0.6588339384859576
Train loss (one batch): 10016.7578125
Train CE loss (one batch): 0.0
Test MSE: 0.0223
Poisson likelihood: 0.0
CE loss: 0.0
Experiment 86864
Epoch 0118 [Test seq (cond on sampled tp)] | Loss 11005.266602 | Likelihood -11034.528320 | KL fp 4.7370 | FP STD 0.0204|
KL coef: 0.662245599101098
Train loss (one batch): 9965.3935546875
Train CE loss (one batch): 0.0
Test MSE: 0.0221
Poisson likelihood: 0.0
CE loss: 0.0
Experiment 86864
Epoch 0119 [Test seq (cond on sampled tp)] | Loss 10987.673828 | Likelihood -11011.489258 | KL fp 4.8696 | FP STD 0.0184|
KL coef: 0.665623143110087
Train loss (one batch): 10005.552734375
Train CE loss (one batch): 0.0
Test MSE: 0.0220
Poisson likelihood: 0.0
CE loss: 0.0
Experiment 86864
Epoch 0120 [Test seq (cond on sampled tp)] | Loss 10971.852539 | Likelihood -10997.002930 | KL fp 4.8969 | FP STD 0.0184|
KL coef: 0.6689669116789861
Train loss (one batch): 10001.9140625
Train CE loss (one batch): 0.0
Test MSE: 0.0220
Poisson likelihood: 0.0
CE loss: 0.0
Experiment 86864
Epoch 0121 [Test seq (cond on sampled tp)] | Loss 10937.741211 | Likelihood -10947.247070 | KL fp 4.8803 | FP STD 0.0182|
KL coef: 0.6722772425621963
Train loss (one batch): 10021.1240234375
Train CE loss (one batch): 0.0
Test MSE: 0.0219
Poisson likelihood: 0.0
CE loss: 0.0
Experiment 86864
Epoch 0122 [Test seq (cond on sampled tp)] | Loss 10910.765625 | Likelihood -10927.265625 | KL fp 4.9475 | FP STD 0.0176|
KL coef: 0.6755544701365743
Train loss (one batch): 10020.11328125
Train CE loss (one batch): 0.0
Test MSE: 0.0219
Poisson likelihood: 0.0
CE loss: 0.0
Experiment 86864
Epoch 0123 [Test seq (cond on sampled tp)] | Loss 10861.643555 | Likelihood -10884.068359 | KL fp 4.9220 | FP STD 0.0174|
KL coef: 0.6787989254352086
Train loss (one batch): 9925.3798828125
Train CE loss (one batch): 0.0
Test MSE: 0.0218
Poisson likelihood: 0.0
CE loss: 0.0
Experiment 86864
Epoch 0124 [Test seq (cond on sampled tp)] | Loss 10825.407227 | Likelihood -10852.274414 | KL fp 4.8398 | FP STD 0.0178|
KL coef: 0.6820109361808565
Train loss (one batch): 9736.1591796875
Train CE loss (one batch): 0.0
Test MSE: 0.0217
Poisson likelihood: 0.0
CE loss: 0.0
Experiment 86864
Epoch 0125 [Test seq (cond on sampled tp)] | Loss 10753.075195 | Likelihood -10766.832031 | KL fp 5.0471 | FP STD 0.0162|
KL coef: 0.685190826819048
Train loss (one batch): 9740.994140625
Train CE loss (one batch): 0.0
Test MSE: 0.0215
Poisson likelihood: 0.0
CE loss: 0.0
Experiment 86864
Epoch 0126 [Test seq (cond on sampled tp)] | Loss 10714.963867 | Likelihood -10779.264648 | KL fp 4.7379 | FP STD 0.0190|
KL coef: 0.6883389185508575
Train loss (one batch): 9707.390625
Train CE loss (one batch): 0.0
Test MSE: 0.0216
Poisson likelihood: 0.0
CE loss: 0.0
Experiment 86864
Epoch 0127 [Test seq (cond on sampled tp)] | Loss 10692.971680 | Likelihood -10725.395508 | KL fp 4.9221 | FP STD 0.0173|
KL coef: 0.6914555293653489
Train loss (one batch): 9770.376953125
Train CE loss (one batch): 0.0
Test MSE: 0.0215
Poisson likelihood: 0.0
CE loss: 0.0
Experiment 86864
Epoch 0128 [Test seq (cond on sampled tp)] | Loss 10591.377930 | Likelihood -10616.397461 | KL fp 4.8170 | FP STD 0.0178|
KL coef: 0.6945409740716955
Train loss (one batch): 9712.7392578125
Train CE loss (one batch): 0.0
Test MSE: 0.0212
Poisson likelihood: 0.0
CE loss: 0.0
Experiment 86864
Epoch 0129 [Test seq (cond on sampled tp)] | Loss 10589.345703 | Likelihood -10612.926758 | KL fp 4.8841 | FP STD 0.0173|
KL coef: 0.6975955643309785
Train loss (one batch): 9715.9482421875
Train CE loss (one batch): 0.0
Test MSE: 0.0212
Poisson likelihood: 0.0
CE loss: 0.0
Experiment 86864
Epoch 0130 [Test seq (cond on sampled tp)] | Loss 10551.729492 | Likelihood -10555.622070 | KL fp 4.8605 | FP STD 0.0175|
KL coef: 0.7006196086876687
Train loss (one batch): 9562.2373046875
Train CE loss (one batch): 0.0
Test MSE: 0.0211
Poisson likelihood: 0.0
CE loss: 0.0
Experiment 86864
Epoch 0131 [Test seq (cond on sampled tp)] | Loss 10506.671875 | Likelihood -10530.991211 | KL fp 5.0283 | FP STD 0.0161|
KL coef: 0.703613412600792
Train loss (one batch): 9521.279296875
Train CE loss (one batch): 0.0
Test MSE: 0.0211
Poisson likelihood: 0.0
CE loss: 0.0
Experiment 86864
Epoch 0132 [Test seq (cond on sampled tp)] | Loss 10437.540039 | Likelihood -10455.511719 | KL fp 4.9671 | FP STD 0.0163|
KL coef: 0.7065772784747841
Train loss (one batch): 9517.6865234375
Train CE loss (one batch): 0.0
Test MSE: 0.0209
Poisson likelihood: 0.0
CE loss: 0.0
Experiment 86864
Epoch 0133 [Test seq (cond on sampled tp)] | Loss 10390.758789 | Likelihood -10392.574219 | KL fp 4.9735 | FP STD 0.0160|
KL coef: 0.7095115056900363
Train loss (one batch): 9580.830078125
Train CE loss (one batch): 0.0
Test MSE: 0.0208
Poisson likelihood: 0.0
CE loss: 0.0
Experiment 86864
Epoch 0134 [Test seq (cond on sampled tp)] | Loss 10435.793945 | Likelihood -10436.215820 | KL fp 4.8482 | FP STD 0.0179|
KL coef: 0.7124163906331359
Train loss (one batch): 9515.7802734375
Train CE loss (one batch): 0.0
Test MSE: 0.0209
Poisson likelihood: 0.0
CE loss: 0.0
Experiment 86864
Epoch 0135 [Test seq (cond on sampled tp)] | Loss 10325.745117 | Likelihood -10377.196289 | KL fp 5.0081 | FP STD 0.0156|
KL coef: 0.7152922267268045
Train loss (one batch): 9513.1865234375
Train CE loss (one batch): 0.0
Test MSE: 0.0208
Poisson likelihood: 0.0
CE loss: 0.0
Experiment 86864
Epoch 0136 [Test seq (cond on sampled tp)] | Loss 10334.140625 | Likelihood -10361.065430 | KL fp 4.8565 | FP STD 0.0171|
KL coef: 0.7181393044595366
Train loss (one batch): 9407.875
Train CE loss (one batch): 0.0
Test MSE: 0.0207
Poisson likelihood: 0.0
CE loss: 0.0
Experiment 86864
Epoch 0137 [Test seq (cond on sampled tp)] | Loss 10262.554688 | Likelihood -10268.878906 | KL fp 5.1065 | FP STD 0.0146|
KL coef: 0.7209579114149411
Train loss (one batch): 9348.109375
Train CE loss (one batch): 0.0
Test MSE: 0.0205
Poisson likelihood: 0.0
CE loss: 0.0
Experiment 86864
Epoch 0138 [Test seq (cond on sampled tp)] | Loss 10190.498047 | Likelihood -10199.201172 | KL fp 4.8243 | FP STD 0.0172|
KL coef: 0.7237483323007917
Train loss (one batch): 9443.9130859375
Train CE loss (one batch): 0.0
Test MSE: 0.0204
Poisson likelihood: 0.0
CE loss: 0.0
Experiment 86864
Epoch 0139 [Test seq (cond on sampled tp)] | Loss 10178.550781 | Likelihood -10189.195312 | KL fp 4.8885 | FP STD 0.0163|
KL coef: 0.7265108489777838
Train loss (one batch): 9261.0009765625
Train CE loss (one batch): 0.0
Test MSE: 0.0204
Poisson likelihood: 0.0
CE loss: 0.0
Experiment 86864
Epoch 0140 [Test seq (cond on sampled tp)] | Loss 10160.029297 | Likelihood -10164.676758 | KL fp 5.0124 | FP STD 0.0150|
KL coef: 0.729245740488006
Train loss (one batch): 9261.8828125
Train CE loss (one batch): 0.0
Test MSE: 0.0203
Poisson likelihood: 0.0
CE loss: 0.0
Experiment 86864
Epoch 0141 [Test seq (cond on sampled tp)] | Loss 10116.252930 | Likelihood -10125.843750 | KL fp 5.1132 | FP STD 0.0141|
KL coef: 0.7319532830831259
Train loss (one batch): 9268.3271484375
Train CE loss (one batch): 0.0
Test MSE: 0.0203
Poisson likelihood: 0.0
CE loss: 0.0
Experiment 86864
Epoch 0142 [Test seq (cond on sampled tp)] | Loss 10043.752930 | Likelihood -10059.061523 | KL fp 5.0411 | FP STD 0.0148|
KL coef: 0.7346337502522946
Train loss (one batch): 9240.314453125
Train CE loss (one batch): 0.0
Test MSE: 0.0201
Poisson likelihood: 0.0
CE loss: 0.0
Experiment 86864
Epoch 0143 [Test seq (cond on sampled tp)] | Loss 10072.236328 | Likelihood -10092.166992 | KL fp 5.1446 | FP STD 0.0135|
KL coef: 0.7372874127497717
Train loss (one batch): 9203.7607421875
Train CE loss (one batch): 0.0
Test MSE: 0.0202
Poisson likelihood: 0.0
CE loss: 0.0
Experiment 86864
Epoch 0144 [Test seq (cond on sampled tp)] | Loss 10087.249023 | Likelihood -10092.768555 | KL fp 5.0953 | FP STD 0.0140|
KL coef: 0.739914538622274
Train loss (one batch): 9216.9541015625
Train CE loss (one batch): 0.0
Test MSE: 0.0202
Poisson likelihood: 0.0
CE loss: 0.0
Experiment 86864
Epoch 0145 [Test seq (cond on sampled tp)] | Loss 10030.998047 | Likelihood -10044.458984 | KL fp 4.9122 | FP STD 0.0156|
KL coef: 0.7425153932360513
Train loss (one batch): 9202.6103515625
Train CE loss (one batch): 0.0
Test MSE: 0.0201
Poisson likelihood: 0.0
CE loss: 0.0
Experiment 86864
Epoch 0146 [Test seq (cond on sampled tp)] | Loss 10015.226562 | Likelihood -10019.529297 | KL fp 5.0616 | FP STD 0.0143|
KL coef: 0.7450902393036907
Train loss (one batch): 9179.8857421875
Train CE loss (one batch): 0.0
Test MSE: 0.0201
Poisson likelihood: 0.0
CE loss: 0.0
Experiment 86864
Epoch 0147 [Test seq (cond on sampled tp)] | Loss 9999.471680 | Likelihood -10002.557617 | KL fp 5.1229 | FP STD 0.0141|
KL coef: 0.7476393369106538
Train loss (one batch): 9106.3154296875
Train CE loss (one batch): 0.0
Test MSE: 0.0200
Poisson likelihood: 0.0
CE loss: 0.0
Experiment 86864
Epoch 0148 [Test seq (cond on sampled tp)] | Loss 9910.053711 | Likelihood -9925.233398 | KL fp 5.1367 | FP STD 0.0136|
KL coef: 0.7501629435415473
Train loss (one batch): 9026.0712890625
Train CE loss (one batch): 0.0
Test MSE: 0.0199
Poisson likelihood: 0.0
CE loss: 0.0
Experiment 86864
Epoch 0149 [Test seq (cond on sampled tp)] | Loss 9919.115234 | Likelihood -9928.691406 | KL fp 5.1583 | FP STD 0.0132|
KL coef: 0.7526613141061318
Train loss (one batch): 9065.94921875
Train CE loss (one batch): 0.0
Test MSE: 0.0199
Poisson likelihood: 0.0
CE loss: 0.0
Experiment 86864
Epoch 0150 [Test seq (cond on sampled tp)] | Loss 9895.809570 | Likelihood -9899.669922 | KL fp 5.0417 | FP STD 0.0145|
KL coef: 0.7551347009650705
Train loss (one batch): 9132.2900390625
Train CE loss (one batch): 0.0
Test MSE: 0.0198
Poisson likelihood: 0.0
CE loss: 0.0
Experiment 86864
Epoch 0151 [Test seq (cond on sampled tp)] | Loss 9890.581055 | Likelihood -9894.620117 | KL fp 5.1971 | FP STD 0.0125|
KL coef: 0.7575833539554198
Train loss (one batch): 8973.3916015625
Train CE loss (one batch): 0.0
Test MSE: 0.0198
Poisson likelihood: 0.0
CE loss: 0.0
Experiment 86864
Epoch 0152 [Test seq (cond on sampled tp)] | Loss 9879.851562 | Likelihood -9877.538086 | KL fp 5.1172 | FP STD 0.0140|
KL coef: 0.7600075204158656
Train loss (one batch): 8936.6240234375
Train CE loss (one batch): 0.0
Test MSE: 0.0198
Poisson likelihood: 0.0
CE loss: 0.0
Experiment 86864
Epoch 0153 [Test seq (cond on sampled tp)] | Loss 9769.177734 | Likelihood -9774.165039 | KL fp 5.0782 | FP STD 0.0133|
KL coef: 0.762407445211707
Train loss (one batch): 8919.220703125
Train CE loss (one batch): 0.0
Test MSE: 0.0196
Poisson likelihood: 0.0
CE loss: 0.0
Experiment 86864
Epoch 0154 [Test seq (cond on sampled tp)] | Loss 9783.528320 | Likelihood -9785.245117 | KL fp 5.1347 | FP STD 0.0130|
KL coef: 0.7647833707595899
Train loss (one batch): 8938.912109375
Train CE loss (one batch): 0.0
Test MSE: 0.0196
Poisson likelihood: 0.0
CE loss: 0.0
Experiment 86864
Epoch 0155 [Test seq (cond on sampled tp)] | Loss 9766.326172 | Likelihood -9801.052734 | KL fp 5.1048 | FP STD 0.0129|
KL coef: 0.767135537051994
Train loss (one batch): 8892.802734375
Train CE loss (one batch): 0.0
Test MSE: 0.0196
Poisson likelihood: 0.0
CE loss: 0.0
Experiment 86864
Epoch 0156 [Test seq (cond on sampled tp)] | Loss 9759.159180 | Likelihood -9766.829102 | KL fp 5.0586 | FP STD 0.0138|
KL coef: 0.769464181681474
Train loss (one batch): 8925.6484375
Train CE loss (one batch): 0.0
Test MSE: 0.0195
Poisson likelihood: 0.0
CE loss: 0.0
Experiment 86864
Epoch 0157 [Test seq (cond on sampled tp)] | Loss 9768.835938 | Likelihood -9788.390625 | KL fp 5.1771 | FP STD 0.0128|
KL coef: 0.7717695398646593
Train loss (one batch): 8880.40234375
Train CE loss (one batch): 0.0
Test MSE: 0.0196
Poisson likelihood: 0.0
CE loss: 0.0
Experiment 86864
Epoch 0158 [Test seq (cond on sampled tp)] | Loss 9749.276367 | Likelihood -9760.491211 | KL fp 5.1624 | FP STD 0.0127|
KL coef: 0.7740518444660127
Train loss (one batch): 8892.248046875
Train CE loss (one batch): 0.0
Test MSE: 0.0195
Poisson likelihood: 0.0
CE loss: 0.0
Experiment 86864
Epoch 0159 [Test seq (cond on sampled tp)] | Loss 9694.893555 | Likelihood -9725.995117 | KL fp 5.1317 | FP STD 0.0128|
KL coef: 0.7763113260213526
Train loss (one batch): 8766.48046875
Train CE loss (one batch): 0.0
Test MSE: 0.0195
Poisson likelihood: 0.0
CE loss: 0.0
Experiment 86864
Epoch 0160 [Test seq (cond on sampled tp)] | Loss 9699.061523 | Likelihood -9696.480469 | KL fp 5.0098 | FP STD 0.0136|
KL coef: 0.7785482127611391
Train loss (one batch): 8786.134765625
Train CE loss (one batch): 0.0
Test MSE: 0.0194
Poisson likelihood: 0.0
CE loss: 0.0
Experiment 86864
Epoch 0161 [Test seq (cond on sampled tp)] | Loss 9690.895508 | Likelihood -9702.204102 | KL fp 5.1219 | FP STD 0.0125|
KL coef: 0.7807627306335276
Train loss (one batch): 8912.5166015625
Train CE loss (one batch): 0.0
Test MSE: 0.0194
Poisson likelihood: 0.0
CE loss: 0.0
Experiment 86864
Epoch 0162 [Test seq (cond on sampled tp)] | Loss 9675.247070 | Likelihood -9682.702148 | KL fp 4.9641 | FP STD 0.0136|
KL coef: 0.7829551033271924
Train loss (one batch): 8754.0244140625
Train CE loss (one batch): 0.0
Test MSE: 0.0194
Poisson likelihood: 0.0
CE loss: 0.0
Experiment 86864
Epoch 0163 [Test seq (cond on sampled tp)] | Loss 9624.502930 | Likelihood -9639.685547 | KL fp 5.1834 | FP STD 0.0120|
KL coef: 0.7851255522939204
Train loss (one batch): 8813.09765625
Train CE loss (one batch): 0.0
Test MSE: 0.0193
Poisson likelihood: 0.0
CE loss: 0.0
Experiment 86864
Epoch 0164 [Test seq (cond on sampled tp)] | Loss 9642.761719 | Likelihood -9649.310547 | KL fp 5.1457 | FP STD 0.0123|
KL coef: 0.7872742967709813
Train loss (one batch): 8806.4453125
Train CE loss (one batch): 0.0
Test MSE: 0.0193
Poisson likelihood: 0.0
CE loss: 0.0
Experiment 86864
Epoch 0165 [Test seq (cond on sampled tp)] | Loss 9640.387695 | Likelihood -9646.461914 | KL fp 5.0931 | FP STD 0.0130|
KL coef: 0.7894015538032715
Train loss (one batch): 8799.2685546875
Train CE loss (one batch): 0.0
Test MSE: 0.0193
Poisson likelihood: 0.0
CE loss: 0.0
Experiment 86864
Epoch 0166 [Test seq (cond on sampled tp)] | Loss 9583.535156 | Likelihood -9592.647461 | KL fp 5.0074 | FP STD 0.0137|
KL coef: 0.7915075382652388
Train loss (one batch): 8732.724609375
Train CE loss (one batch): 0.0
Test MSE: 0.0192
Poisson likelihood: 0.0
CE loss: 0.0
Experiment 86864
Epoch 0167 [Test seq (cond on sampled tp)] | Loss 9573.448242 | Likelihood -9591.319336 | KL fp 5.1054 | FP STD 0.0124|
KL coef: 0.7935924628825863
Train loss (one batch): 8733.3505859375
Train CE loss (one batch): 0.0
Test MSE: 0.0192
Poisson likelihood: 0.0
CE loss: 0.0
Experiment 86864
Epoch 0168 [Test seq (cond on sampled tp)] | Loss 9562.730469 | Likelihood -9574.535156 | KL fp 4.9194 | FP STD 0.0141|
KL coef: 0.7956565382537605
Train loss (one batch): 8640.7919921875
Train CE loss (one batch): 0.0
Test MSE: 0.0192
Poisson likelihood: 0.0
CE loss: 0.0
Experiment 86864
Epoch 0169 [Test seq (cond on sampled tp)] | Loss 9522.915039 | Likelihood -9526.991211 | KL fp 5.1099 | FP STD 0.0121|
KL coef: 0.7976999728712229
Train loss (one batch): 8644.76171875
Train CE loss (one batch): 0.0
Test MSE: 0.0191
Poisson likelihood: 0.0
CE loss: 0.0
Experiment 86864
Epoch 0170 [Test seq (cond on sampled tp)] | Loss 9562.113281 | Likelihood -9569.700195 | KL fp 5.2098 | FP STD 0.0116|
KL coef: 0.7997229731425107
Train loss (one batch): 8794.830078125
Train CE loss (one batch): 0.0
Test MSE: 0.0192
Poisson likelihood: 0.0
CE loss: 0.0
Experiment 86864
Epoch 0171 [Test seq (cond on sampled tp)] | Loss 9507.596680 | Likelihood -9516.463867 | KL fp 5.1918 | FP STD 0.0120|
KL coef: 0.8017257434110856
Train loss (one batch): 8629.923828125
Train CE loss (one batch): 0.0
Test MSE: 0.0190
Poisson likelihood: 0.0
CE loss: 0.0
Experiment 86864
Epoch 0172 [Test seq (cond on sampled tp)] | Loss 9530.548828 | Likelihood -9552.751953 | KL fp 5.2204 | FP STD 0.0116|
KL coef: 0.8037084859769748
Train loss (one batch): 8665.974609375
Train CE loss (one batch): 0.0
Test MSE: 0.0191
Poisson likelihood: 0.0
CE loss: 0.0
Experiment 86864
Epoch 0173 [Test seq (cond on sampled tp)] | Loss 9496.447266 | Likelihood -9500.747070 | KL fp 5.2104 | FP STD 0.0116|
KL coef: 0.805671401117205
Train loss (one batch): 8619.7822265625
Train CE loss (one batch): 0.0
Test MSE: 0.0190
Poisson likelihood: 0.0
CE loss: 0.0
Experiment 86864
Epoch 0174 [Test seq (cond on sampled tp)] | Loss 9443.981445 | Likelihood -9457.479492 | KL fp 5.3045 | FP STD 0.0107|
KL coef: 0.8076146871060329
Train loss (one batch): 8570.48046875
Train CE loss (one batch): 0.0
Test MSE: 0.0189
Poisson likelihood: 0.0
CE loss: 0.0
Experiment 86864
Epoch 0175 [Test seq (cond on sampled tp)] | Loss 9432.688477 | Likelihood -9442.176758 | KL fp 5.1674 | FP STD 0.0118|
KL coef: 0.8095385402349726
Train loss (one batch): 8519.13671875
Train CE loss (one batch): 0.0
Test MSE: 0.0189
Poisson likelihood: 0.0
CE loss: 0.0
Experiment 86864
Epoch 0176 [Test seq (cond on sampled tp)] | Loss 9418.404297 | Likelihood -9443.454102 | KL fp 5.1685 | FP STD 0.0115|
KL coef: 0.8114431548326229
Train loss (one batch): 8526.1474609375
Train CE loss (one batch): 0.0
Test MSE: 0.0189
Poisson likelihood: 0.0
CE loss: 0.0
Experiment 86864
Epoch 0177 [Test seq (cond on sampled tp)] | Loss 9387.608398 | Likelihood -9391.834961 | KL fp 5.2359 | FP STD 0.0109|
KL coef: 0.8133287232842966
Train loss (one batch): 8569.4228515625
Train CE loss (one batch): 0.0
Test MSE: 0.0188
Poisson likelihood: 0.0
CE loss: 0.0
Experiment 86864
Epoch 0178 [Test seq (cond on sampled tp)] | Loss 9381.976562 | Likelihood -9379.310547 | KL fp 5.0823 | FP STD 0.0124|
KL coef: 0.8151954360514537
Train loss (one batch): 8441.8017578125
Train CE loss (one batch): 0.0
Test MSE: 0.0188
Poisson likelihood: 0.0
CE loss: 0.0
Experiment 86864
Epoch 0179 [Test seq (cond on sampled tp)] | Loss 9316.514648 | Likelihood -9327.674805 | KL fp 5.2229 | FP STD 0.0107|
KL coef: 0.8170434816909391
Train loss (one batch): 8559.41015625
Train CE loss (one batch): 0.0
Test MSE: 0.0187
Poisson likelihood: 0.0
CE loss: 0.0
Experiment 86864
Epoch 0180 [Test seq (cond on sampled tp)] | Loss 9356.523438 | Likelihood -9360.288086 | KL fp 5.2316 | FP STD 0.0106|
KL coef: 0.8188730468740297
Train loss (one batch): 8418.4296875
Train CE loss (one batch): 0.0
Test MSE: 0.0187
Poisson likelihood: 0.0
CE loss: 0.0
Experiment 86864
Epoch 0181 [Test seq (cond on sampled tp)] | Loss 9329.874023 | Likelihood -9340.715820 | KL fp 5.2158 | FP STD 0.0108|
KL coef: 0.8206843164052895
Train loss (one batch): 8366.66015625
Train CE loss (one batch): 0.0
Test MSE: 0.0187
Poisson likelihood: 0.0
CE loss: 0.0
Experiment 86864
Epoch 0182 [Test seq (cond on sampled tp)] | Loss 9303.779297 | Likelihood -9307.638672 | KL fp 5.2787 | FP STD 0.0105|
KL coef: 0.8224774732412365
Train loss (one batch): 8425.2314453125
Train CE loss (one batch): 0.0
Test MSE: 0.0186
Poisson likelihood: 0.0
CE loss: 0.0
Experiment 86864
Epoch 0183 [Test seq (cond on sampled tp)] | Loss 9290.684570 | Likelihood -9306.863281 | KL fp 5.3376 | FP STD 0.0101|
KL coef: 0.8242526985088242
Train loss (one batch): 8386.6669921875
Train CE loss (one batch): 0.0
Test MSE: 0.0186
Poisson likelihood: 0.0
CE loss: 0.0
Experiment 86864
Epoch 0184 [Test seq (cond on sampled tp)] | Loss 9285.584961 | Likelihood -9291.394531 | KL fp 5.2028 | FP STD 0.0113|
KL coef: 0.826010171523736
Train loss (one batch): 8326.0
Train CE loss (one batch): 0.0
Test MSE: 0.0186
Poisson likelihood: 0.0
CE loss: 0.0
Experiment 86864
Epoch 0185 [Test seq (cond on sampled tp)] | Loss 9322.947266 | Likelihood -9322.872070 | KL fp 5.3042 | FP STD 0.0102|
KL coef: 0.8277500698084986
Train loss (one batch): 8407.4150390625
Train CE loss (one batch): 0.0
Test MSE: 0.0187
Poisson likelihood: 0.0
CE loss: 0.0
Experiment 86864
Epoch 0186 [Test seq (cond on sampled tp)] | Loss 9232.568359 | Likelihood -9234.514648 | KL fp 5.2656 | FP STD 0.0107|
KL coef: 0.8294725691104137
Train loss (one batch): 8290.0341796875
Train CE loss (one batch): 0.0
Test MSE: 0.0185
Poisson likelihood: 0.0
CE loss: 0.0
Experiment 86864
Epoch 0187 [Test seq (cond on sampled tp)] | Loss 9272.393555 | Likelihood -9282.273438 | KL fp 5.2373 | FP STD 0.0112|
KL coef: 0.8311778434193096
Train loss (one batch): 8235.4716796875
Train CE loss (one batch): 0.0
Test MSE: 0.0186
Poisson likelihood: 0.0
CE loss: 0.0
Experiment 86864
Epoch 0188 [Test seq (cond on sampled tp)] | Loss 9282.901367 | Likelihood -9287.155273 | KL fp 5.2437 | FP STD 0.0108|
KL coef: 0.8328660649851164
Train loss (one batch): 8321.57421875
Train CE loss (one batch): 0.0
Test MSE: 0.0186
Poisson likelihood: 0.0
CE loss: 0.0
Experiment 86864
Epoch 0189 [Test seq (cond on sampled tp)] | Loss 9242.732422 | Likelihood -9245.411133 | KL fp 5.2563 | FP STD 0.0106|
KL coef: 0.8345374043352652
Train loss (one batch): 8230.1474609375
Train CE loss (one batch): 0.0
Test MSE: 0.0185
Poisson likelihood: 0.0
CE loss: 0.0
Experiment 86864
Epoch 0190 [Test seq (cond on sampled tp)] | Loss 9269.038086 | Likelihood -9269.602539 | KL fp 5.2192 | FP STD 0.0109|
KL coef: 0.8361920302919126
Train loss (one batch): 8239.7646484375
Train CE loss (one batch): 0.0
Test MSE: 0.0186
Poisson likelihood: 0.0
CE loss: 0.0
Experiment 86864
Epoch 0191 [Test seq (cond on sampled tp)] | Loss 9207.483398 | Likelihood -9226.562500 | KL fp 5.1694 | FP STD 0.0110|
KL coef: 0.8378301099889934
Train loss (one batch): 8203.3125
Train CE loss (one batch): 0.0
Test MSE: 0.0185
Poisson likelihood: 0.0
CE loss: 0.0
Experiment 86864
Epoch 0192 [Test seq (cond on sampled tp)] | Loss 9233.739258 | Likelihood -9236.993164 | KL fp 5.0259 | FP STD 0.0126|
KL coef: 0.8394518088891035
Train loss (one batch): 8193.3857421875
Train CE loss (one batch): 0.0
Test MSE: 0.0185
Poisson likelihood: 0.0
CE loss: 0.0
Experiment 86864
Epoch 0193 [Test seq (cond on sampled tp)] | Loss 9234.944336 | Likelihood -9238.252930 | KL fp 5.0566 | FP STD 0.0120|
KL coef: 0.8410572908002125
Train loss (one batch): 8202.0849609375
Train CE loss (one batch): 0.0
Test MSE: 0.0185
Poisson likelihood: 0.0
CE loss: 0.0
Experiment 86864
Epoch 0194 [Test seq (cond on sampled tp)] | Loss 9236.578125 | Likelihood -9238.448242 | KL fp 5.0739 | FP STD 0.0115|
KL coef: 0.8426467178922104
Train loss (one batch): 8166.05029296875
Train CE loss (one batch): 0.0
Test MSE: 0.0185
Poisson likelihood: 0.0
CE loss: 0.0
Experiment 86864
Epoch 0195 [Test seq (cond on sampled tp)] | Loss 9154.619141 | Likelihood -9160.222656 | KL fp 5.2855 | FP STD 0.0099|
KL coef: 0.8442202507132883
Train loss (one batch): 8126.02685546875
Train CE loss (one batch): 0.0
Test MSE: 0.0183
Poisson likelihood: 0.0
CE loss: 0.0
Experiment 86864
Epoch 0196 [Test seq (cond on sampled tp)] | Loss 9109.323242 | Likelihood -9109.495117 | KL fp 5.3285 | FP STD 0.0097|
KL coef: 0.8457780482061554
Train loss (one batch): 8142.1865234375
Train CE loss (one batch): 0.0
Test MSE: 0.0182
Poisson likelihood: 0.0
CE loss: 0.0
Experiment 86864
Epoch 0197 [Test seq (cond on sampled tp)] | Loss 9132.043945 | Likelihood -9137.745117 | KL fp 5.2780 | FP STD 0.0102|
KL coef: 0.8473202677240939
Train loss (one batch): 8197.048828125
Train CE loss (one batch): 0.0
Test MSE: 0.0183
Poisson likelihood: 0.0
CE loss: 0.0
Experiment 86864
Epoch 0198 [Test seq (cond on sampled tp)] | Loss 9106.990234 | Likelihood -9107.566406 | KL fp 5.3936 | FP STD 0.0096|
KL coef: 0.8488470650468529
Train loss (one batch): 8195.958984375
Train CE loss (one batch): 0.0
Test MSE: 0.0182
Poisson likelihood: 0.0
CE loss: 0.0
Experiment 86864
Epoch 0199 [Test seq (cond on sampled tp)] | Loss 9111.442383 | Likelihood -9123.055664 | KL fp 5.2374 | FP STD 0.0108|
KL coef: 0.8503585943963844
Train loss (one batch): 8131.81640625
Train CE loss (one batch): 0.0
Test MSE: 0.0183
Poisson likelihood: 0.0
CE loss: 0.0
Experiment 86864
Epoch 0200 [Test seq (cond on sampled tp)] | Loss 9107.217773 | Likelihood -9113.238281 | KL fp 5.2400 | FP STD 0.0107|
KL coef: 0.8518550084524206
Train loss (one batch): 8217.484375
Train CE loss (one batch): 0.0
Test MSE: 0.0182
Poisson likelihood: 0.0
CE loss: 0.0
Experiment 86864
Epoch 0201 [Test seq (cond on sampled tp)] | Loss 9073.359375 | Likelihood -9082.078125 | KL fp 5.2133 | FP STD 0.0108|
KL coef: 0.8533364583678963
Train loss (one batch): 8046.5244140625
Train CE loss (one batch): 0.0
Test MSE: 0.0182
Poisson likelihood: 0.0
CE loss: 0.0
Experiment 86864
Epoch 0202 [Test seq (cond on sampled tp)] | Loss 9057.748047 | Likelihood -9079.914062 | KL fp 5.3111 | FP STD 0.0100|
KL coef: 0.8548030937842174
Train loss (one batch): 7991.0869140625
Train CE loss (one batch): 0.0
Test MSE: 0.0182
Poisson likelihood: 0.0
CE loss: 0.0
Experiment 86864
Epoch 0203 [Test seq (cond on sampled tp)] | Loss 9094.597656 | Likelihood -9097.661133 | KL fp 5.2823 | FP STD 0.0102|
KL coef: 0.8562550628463752
Train loss (one batch): 8045.0595703125
Train CE loss (one batch): 0.0
Test MSE: 0.0182
Poisson likelihood: 0.0
CE loss: 0.0
Experiment 86864
Epoch 0204 [Test seq (cond on sampled tp)] | Loss 9074.475586 | Likelihood -9073.110352 | KL fp 5.3365 | FP STD 0.0099|
KL coef: 0.8576925122179114
Train loss (one batch): 7990.83251953125
Train CE loss (one batch): 0.0
Test MSE: 0.0182
Poisson likelihood: 0.0
CE loss: 0.0
Experiment 86864
Epoch 0205 [Test seq (cond on sampled tp)] | Loss 9041.593750 | Likelihood -9048.574219 | KL fp 5.2649 | FP STD 0.0102|
KL coef: 0.8591155870957323
Train loss (one batch): 8051.31787109375
Train CE loss (one batch): 0.0
Test MSE: 0.0181
Poisson likelihood: 0.0
CE loss: 0.0
Experiment 86864
Epoch 0206 [Test seq (cond on sampled tp)] | Loss 9031.391602 | Likelihood -9033.500000 | KL fp 5.2893 | FP STD 0.0100|
KL coef: 0.8605244312247751
Train loss (one batch): 7988.53173828125
Train CE loss (one batch): 0.0
Test MSE: 0.0181
Poisson likelihood: 0.0
CE loss: 0.0
Experiment 86864
Epoch 0207 [Test seq (cond on sampled tp)] | Loss 9040.533203 | Likelihood -9045.521484 | KL fp 5.3383 | FP STD 0.0096|
KL coef: 0.8619191869125272
Train loss (one batch): 7924.427734375
Train CE loss (one batch): 0.0
Test MSE: 0.0181
Poisson likelihood: 0.0
CE loss: 0.0
Experiment 86864
Epoch 0208 [Test seq (cond on sampled tp)] | Loss 9046.805664 | Likelihood -9055.453125 | KL fp 5.3782 | FP STD 0.0092|
KL coef: 0.8632999950434019
Train loss (one batch): 7962.6416015625
Train CE loss (one batch): 0.0
Test MSE: 0.0181
Poisson likelihood: 0.0
CE loss: 0.0
Experiment 86864
Epoch 0209 [Test seq (cond on sampled tp)] | Loss 9059.334961 | Likelihood -9067.700195 | KL fp 5.3515 | FP STD 0.0097|
KL coef: 0.864666995092968
Train loss (one batch): 7940.498046875
Train CE loss (one batch): 0.0
Test MSE: 0.0181
Poisson likelihood: 0.0
CE loss: 0.0
Experiment 86864
Epoch 0210 [Test seq (cond on sampled tp)] | Loss 9025.399414 | Likelihood -9036.905273 | KL fp 5.4014 | FP STD 0.0094|
KL coef: 0.8660203251420383
Train loss (one batch): 7926.24951171875
Train CE loss (one batch): 0.0
Test MSE: 0.0181
Poisson likelihood: 0.0
CE loss: 0.0
Experiment 86864
Epoch 0211 [Test seq (cond on sampled tp)] | Loss 9023.513672 | Likelihood -9025.611328 | KL fp 5.2254 | FP STD 0.0103|
KL coef: 0.867360121890618
Train loss (one batch): 7863.865234375
Train CE loss (one batch): 0.0
Test MSE: 0.0181
Poisson likelihood: 0.0
CE loss: 0.0
Experiment 86864
Epoch 0212 [Test seq (cond on sampled tp)] | Loss 9037.140625 | Likelihood -9043.278320 | KL fp 5.0871 | FP STD 0.0114|
KL coef: 0.8686865206717117
Train loss (one batch): 7941.1669921875
Train CE loss (one batch): 0.0
Test MSE: 0.0181
Poisson likelihood: 0.0
CE loss: 0.0
Experiment 86864
Epoch 0213 [Test seq (cond on sampled tp)] | Loss 9017.495117 | Likelihood -9032.633789 | KL fp 5.2885 | FP STD 0.0100|
KL coef: 0.8699996554649946
Train loss (one batch): 7898.19580078125
Train CE loss (one batch): 0.0
Test MSE: 0.0181
Poisson likelihood: 0.0
CE loss: 0.0
Experiment 86864
Epoch 0214 [Test seq (cond on sampled tp)] | Loss 8977.246094 | Likelihood -8975.918945 | KL fp 5.1944 | FP STD 0.0104|
KL coef: 0.8712996589103447
Train loss (one batch): 7817.45703125
Train CE loss (one batch): 0.0
Test MSE: 0.0180
Poisson likelihood: 0.0
CE loss: 0.0
Experiment 86864
Epoch 0215 [Test seq (cond on sampled tp)] | Loss 8954.965820 | Likelihood -8959.296875 | KL fp 5.1708 | FP STD 0.0107|
KL coef: 0.8725866623212413
Train loss (one batch): 7902.36962890625
Train CE loss (one batch): 0.0
Test MSE: 0.0179
Poisson likelihood: 0.0
CE loss: 0.0
Experiment 86864
Epoch 0216 [Test seq (cond on sampled tp)] | Loss 8955.840820 | Likelihood -8964.797852 | KL fp 5.0939 | FP STD 0.0109|
KL coef: 0.8738607956980289
Train loss (one batch): 7955.39453125
Train CE loss (one batch): 0.0
Test MSE: 0.0179
Poisson likelihood: 0.0
CE loss: 0.0
Experiment 86864
Epoch 0217 [Test seq (cond on sampled tp)] | Loss 8961.244141 | Likelihood -8987.917969 | KL fp 5.3032 | FP STD 0.0096|
KL coef: 0.8751221877410486
Train loss (one batch): 7812.22802734375
Train CE loss (one batch): 0.0
Test MSE: 0.0180
Poisson likelihood: 0.0
CE loss: 0.0
Experiment 86864
Epoch 0218 [Test seq (cond on sampled tp)] | Loss 8941.712891 | Likelihood -8948.536133 | KL fp 5.2757 | FP STD 0.0099|
KL coef: 0.876370965863638
Train loss (one batch): 7865.732421875
Train CE loss (one batch): 0.0
Test MSE: 0.0179
Poisson likelihood: 0.0
CE loss: 0.0
Experiment 86864
Epoch 0219 [Test seq (cond on sampled tp)] | Loss 8886.545898 | Likelihood -8896.968750 | KL fp 5.3708 | FP STD 0.0093|
KL coef: 0.8776072562050017
Train loss (one batch): 7769.111328125
Train CE loss (one batch): 0.0
Test MSE: 0.0178
Poisson likelihood: 0.0
CE loss: 0.0
Experiment 86864
Epoch 0220 [Test seq (cond on sampled tp)] | Loss 8914.701172 | Likelihood -8924.222656 | KL fp 5.2471 | FP STD 0.0103|
KL coef: 0.8788311836429517
Train loss (one batch): 7690.2099609375
Train CE loss (one batch): 0.0
Test MSE: 0.0179
Poisson likelihood: 0.0
CE loss: 0.0
Experiment 86864
Epoch 0221 [Test seq (cond on sampled tp)] | Loss 8954.732422 | Likelihood -8954.506836 | KL fp 5.2981 | FP STD 0.0098|
KL coef: 0.8800428718065221
Train loss (one batch): 7771.19384765625
Train CE loss (one batch): 0.0
Test MSE: 0.0179
Poisson likelihood: 0.0
CE loss: 0.0
Experiment 86864
Epoch 0222 [Test seq (cond on sampled tp)] | Loss 8949.628906 | Likelihood -8956.093750 | KL fp 5.2907 | FP STD 0.0097|
KL coef: 0.8812424430884569
Train loss (one batch): 7766.34130859375
Train CE loss (one batch): 0.0
Test MSE: 0.0179
Poisson likelihood: 0.0
CE loss: 0.0
Experiment 86864
Epoch 0223 [Test seq (cond on sampled tp)] | Loss 8939.349609 | Likelihood -8950.625977 | KL fp 5.3362 | FP STD 0.0094|
KL coef: 0.8824300186575723
Train loss (one batch): 7677.3701171875
Train CE loss (one batch): 0.0
Test MSE: 0.0179
Poisson likelihood: 0.0
CE loss: 0.0
Experiment 86864
Epoch 0224 [Test seq (cond on sampled tp)] | Loss 8908.974609 | Likelihood -8916.645508 | KL fp 5.2700 | FP STD 0.0098|
KL coef: 0.8836057184709967
Train loss (one batch): 7683.62451171875
Train CE loss (one batch): 0.0
Test MSE: 0.0178
Poisson likelihood: 0.0
CE loss: 0.0
Experiment 86864
Epoch 0225 [Test seq (cond on sampled tp)] | Loss 8895.227539 | Likelihood -8896.590820 | KL fp 5.2674 | FP STD 0.0100|
KL coef: 0.8847696612862866
Train loss (one batch): 7645.3154296875
Train CE loss (one batch): 0.0
Test MSE: 0.0178
Poisson likelihood: 0.0
CE loss: 0.0
Experiment 86864
Epoch 0226 [Test seq (cond on sampled tp)] | Loss 8827.790039 | Likelihood -8843.193359 | KL fp 5.3405 | FP STD 0.0101|
KL coef: 0.8859219646734238
Train loss (one batch): 7683.91162109375
Train CE loss (one batch): 0.0
Test MSE: 0.0177
Poisson likelihood: 0.0
CE loss: 0.0
Experiment 86864
Epoch 0227 [Test seq (cond on sampled tp)] | Loss 8826.363281 | Likelihood -8834.850586 | KL fp 5.3322 | FP STD 0.0097|
KL coef: 0.8870627450266896
Train loss (one batch): 7698.58984375
Train CE loss (one batch): 0.0
Test MSE: 0.0177
Poisson likelihood: 0.0
CE loss: 0.0
Experiment 86864
Epoch 0228 [Test seq (cond on sampled tp)] | Loss 8832.295898 | Likelihood -8833.635742 | KL fp 5.3806 | FP STD 0.0094|
KL coef: 0.8881921175764227
Train loss (one batch): 7749.66162109375
Train CE loss (one batch): 0.0
Test MSE: 0.0177
Poisson likelihood: 0.0
CE loss: 0.0
Experiment 86864
Epoch 0229 [Test seq (cond on sampled tp)] | Loss 8844.249023 | Likelihood -8843.407227 | KL fp 5.3595 | FP STD 0.0097|
KL coef: 0.8893101964006584
Train loss (one batch): 7711.77392578125
Train CE loss (one batch): 0.0
Test MSE: 0.0177
Poisson likelihood: 0.0
CE loss: 0.0
Experiment 86864
Epoch 0230 [Test seq (cond on sampled tp)] | Loss 8852.472656 | Likelihood -8856.444336 | KL fp 5.2689 | FP STD 0.0103|
KL coef: 0.8904170944366518
Train loss (one batch): 7667.2421875
Train CE loss (one batch): 0.0
Test MSE: 0.0177
Poisson likelihood: 0.0
CE loss: 0.0
Experiment 86864
Epoch 0231 [Test seq (cond on sampled tp)] | Loss 8808.107422 | Likelihood -8806.445312 | KL fp 5.2789 | FP STD 0.0100|
KL coef: 0.8915129234922854
Train loss (one batch): 7642.88720703125
Train CE loss (one batch): 0.0
Test MSE: 0.0176
Poisson likelihood: 0.0
CE loss: 0.0
Experiment 86864
Epoch 0232 [Test seq (cond on sampled tp)] | Loss 8811.753906 | Likelihood -8813.109375 | KL fp 5.2919 | FP STD 0.0096|
KL coef: 0.8925977942573625
Train loss (one batch): 7626.32421875
Train CE loss (one batch): 0.0
Test MSE: 0.0176
Poisson likelihood: 0.0
CE loss: 0.0
Experiment 86864
Epoch 0233 [Test seq (cond on sampled tp)] | Loss 8783.033203 | Likelihood -8790.647461 | KL fp 5.3054 | FP STD 0.0096|
KL coef: 0.8936718163147889
Train loss (one batch): 7636.0693359375
Train CE loss (one batch): 0.0
Test MSE: 0.0176
Poisson likelihood: 0.0
CE loss: 0.0
Experiment 86864
Epoch 0234 [Test seq (cond on sampled tp)] | Loss 8768.540039 | Likelihood -8772.092773 | KL fp 5.3532 | FP STD 0.0099|
KL coef: 0.894735098151641
Train loss (one batch): 7624.27099609375
Train CE loss (one batch): 0.0
Test MSE: 0.0176
Poisson likelihood: 0.0
CE loss: 0.0
Experiment 86864
Epoch 0235 [Test seq (cond on sampled tp)] | Loss 8743.895508 | Likelihood -8753.650391 | KL fp 5.3018 | FP STD 0.0100|
KL coef: 0.8957877471701245
Train loss (one batch): 7513.76171875
Train CE loss (one batch): 0.0
Test MSE: 0.0175
Poisson likelihood: 0.0
CE loss: 0.0
Experiment 86864
Epoch 0236 [Test seq (cond on sampled tp)] | Loss 8793.870117 | Likelihood -8792.546875 | KL fp 5.2614 | FP STD 0.0105|
KL coef: 0.8968298696984233
Train loss (one batch): 7569.55859375
Train CE loss (one batch): 0.0
Test MSE: 0.0176
Poisson likelihood: 0.0
CE loss: 0.0
Experiment 86864
Epoch 0237 [Test seq (cond on sampled tp)] | Loss 8747.526367 | Likelihood -8756.078125 | KL fp 5.2524 | FP STD 0.0107|
KL coef: 0.897861571001439
Train loss (one batch): 7501.8798828125
Train CE loss (one batch): 0.0
Test MSE: 0.0175
Poisson likelihood: 0.0
CE loss: 0.0
Experiment 86864
Epoch 0238 [Test seq (cond on sampled tp)] | Loss 8683.896484 | Likelihood -8700.975586 | KL fp 5.1962 | FP STD 0.0110|
KL coef: 0.8988829552914247
Train loss (one batch): 7582.23974609375
Train CE loss (one batch): 0.0
Test MSE: 0.0174
Poisson likelihood: 0.0
CE loss: 0.0
Experiment 86864
Epoch 0239 [Test seq (cond on sampled tp)] | Loss 8691.908203 | Likelihood -8707.910156 | KL fp 5.2114 | FP STD 0.0109|
KL coef: 0.8998941257385105
Train loss (one batch): 7558.767578125
Train CE loss (one batch): 0.0
Test MSE: 0.0174
Poisson likelihood: 0.0
CE loss: 0.0
Experiment 86864
Epoch 0240 [Test seq (cond on sampled tp)] | Loss 8738.333008 | Likelihood -8739.116211 | KL fp 5.2480 | FP STD 0.0105|
KL coef: 0.9008951844811254
Train loss (one batch): 7458.62939453125
Train CE loss (one batch): 0.0
Test MSE: 0.0175
Poisson likelihood: 0.0
CE loss: 0.0
Experiment 86864
Epoch 0241 [Test seq (cond on sampled tp)] | Loss 8676.228516 | Likelihood -8687.946289 | KL fp 5.2647 | FP STD 0.0103|
KL coef: 0.9018862326363141
Train loss (one batch): 7542.39501953125
Train CE loss (one batch): 0.0
Test MSE: 0.0174
Poisson likelihood: 0.0
CE loss: 0.0
Experiment 86864
Epoch 0242 [Test seq (cond on sampled tp)] | Loss 8688.651367 | Likelihood -8687.202148 | KL fp 5.3118 | FP STD 0.0097|
KL coef: 0.902867370309951
Train loss (one batch): 7494.07666015625
Train CE loss (one batch): 0.0
Test MSE: 0.0174
Poisson likelihood: 0.0
CE loss: 0.0
Experiment 86864
Epoch 0243 [Test seq (cond on sampled tp)] | Loss 8715.243164 | Likelihood -8722.683594 | KL fp 5.0614 | FP STD 0.0117|
KL coef: 0.9038386966068515
Train loss (one batch): 7467.61279296875
Train CE loss (one batch): 0.0
Test MSE: 0.0175
Poisson likelihood: 0.0
CE loss: 0.0
Experiment 86864
Epoch 0244 [Test seq (cond on sampled tp)] | Loss 8610.279297 | Likelihood -8630.516602 | KL fp 5.1951 | FP STD 0.0109|
KL coef: 0.904800309640783
Train loss (one batch): 7495.09912109375
Train CE loss (one batch): 0.0
Test MSE: 0.0173
Poisson likelihood: 0.0
CE loss: 0.0
Experiment 86864
Epoch 0245 [Test seq (cond on sampled tp)] | Loss 8652.219727 | Likelihood -8658.144531 | KL fp 5.2885 | FP STD 0.0100|
KL coef: 0.9057523065443751
Train loss (one batch): 7482.7890625
Train CE loss (one batch): 0.0
Test MSE: 0.0173
Poisson likelihood: 0.0
CE loss: 0.0
Experiment 86864
Epoch 0246 [Test seq (cond on sampled tp)] | Loss 8599.875000 | Likelihood -8606.541992 | KL fp 5.2694 | FP STD 0.0100|
KL coef: 0.9066947834789314
Train loss (one batch): 7304.05126953125
Train CE loss (one batch): 0.0
Test MSE: 0.0172
Poisson likelihood: 0.0
CE loss: 0.0
Experiment 86864
Epoch 0247 [Test seq (cond on sampled tp)] | Loss 8610.119141 | Likelihood -8623.928711 | KL fp 5.3299 | FP STD 0.0096|
KL coef: 0.9076278356441421
Train loss (one batch): 7472.1279296875
Train CE loss (one batch): 0.0
Test MSE: 0.0173
Poisson likelihood: 0.0
CE loss: 0.0
Experiment 86864
Epoch 0248 [Test seq (cond on sampled tp)] | Loss 8604.443359 | Likelihood -8607.507812 | KL fp 5.3372 | FP STD 0.0095|
KL coef: 0.9085515572877007
Train loss (one batch): 7363.1328125
Train CE loss (one batch): 0.0
Test MSE: 0.0172
Poisson likelihood: 0.0
CE loss: 0.0
Experiment 86864
Epoch 0249 [Test seq (cond on sampled tp)] | Loss 8537.662109 | Likelihood -8553.333984 | KL fp 5.2143 | FP STD 0.0102|
KL coef: 0.9094660417148236
Train loss (one batch): 7392.89501953125
Train CE loss (one batch): 0.0
Test MSE: 0.0171
Poisson likelihood: 0.0
CE loss: 0.0
Experiment 86864
Epoch 0250 [Test seq (cond on sampled tp)] | Loss 8549.725586 | Likelihood -8549.510742 | KL fp 5.1758 | FP STD 0.0109|
KL coef: 0.9103713812976754
Train loss (one batch): 7302.60986328125
Train CE loss (one batch): 0.0
Test MSE: 0.0171
Poisson likelihood: 0.0
CE loss: 0.0
Experiment 86864
Epoch 0251 [Test seq (cond on sampled tp)] | Loss 8462.349609 | Likelihood -8465.632812 | KL fp 5.3293 | FP STD 0.0098|
KL coef: 0.9112676674846987
Train loss (one batch): 7292.93310546875
Train CE loss (one batch): 0.0
Test MSE: 0.0169
Poisson likelihood: 0.0
CE loss: 0.0
Experiment 86864
Epoch 0252 [Test seq (cond on sampled tp)] | Loss 8465.681641 | Likelihood -8465.324219 | KL fp 5.2282 | FP STD 0.0105|
KL coef: 0.9121549908098516
Train loss (one batch): 7308.4921875
Train CE loss (one batch): 0.0
Test MSE: 0.0169
Poisson likelihood: 0.0
CE loss: 0.0
Experiment 86864
Epoch 0253 [Test seq (cond on sampled tp)] | Loss 8469.965820 | Likelihood -8495.117188 | KL fp 5.1901 | FP STD 0.0104|
KL coef: 0.9130334409017531
Train loss (one batch): 7193.6083984375
Train CE loss (one batch): 0.0
Test MSE: 0.0170
Poisson likelihood: 0.0
CE loss: 0.0
Experiment 86864
Epoch 0254 [Test seq (cond on sampled tp)] | Loss 8431.184570 | Likelihood -8435.456055 | KL fp 5.1568 | FP STD 0.0108|
KL coef: 0.9139031064927357
Train loss (one batch): 7150.93212890625
Train CE loss (one batch): 0.0
Test MSE: 0.0169
Poisson likelihood: 0.0
CE loss: 0.0
Experiment 86864
Epoch 0255 [Test seq (cond on sampled tp)] | Loss 8466.383789 | Likelihood -8476.355469 | KL fp 5.1820 | FP STD 0.0106|
KL coef: 0.9147640754278082
Train loss (one batch): 7295.7783203125
Train CE loss (one batch): 0.0
Test MSE: 0.0170
Poisson likelihood: 0.0
CE loss: 0.0
Experiment 86864
Epoch 0256 [Test seq (cond on sampled tp)] | Loss 8326.287109 | Likelihood -8323.837891 | KL fp 5.1680 | FP STD 0.0111|
KL coef: 0.9156164346735302
Train loss (one batch): 7334.45166015625
Train CE loss (one batch): 0.0
Test MSE: 0.0167
Poisson likelihood: 0.0
CE loss: 0.0
Experiment 86864
Epoch 0257 [Test seq (cond on sampled tp)] | Loss 8350.475586 | Likelihood -8362.895508 | KL fp 5.2653 | FP STD 0.0104|
KL coef: 0.9164602703267949
Train loss (one batch): 7111.02880859375
Train CE loss (one batch): 0.0
Test MSE: 0.0167
Poisson likelihood: 0.0
CE loss: 0.0
Experiment 86864
Epoch 0258 [Test seq (cond on sampled tp)] | Loss 8350.644531 | Likelihood -8359.887695 | KL fp 5.2232 | FP STD 0.0106|
KL coef: 0.9172956676235269
Train loss (one batch): 7225.525390625
Train CE loss (one batch): 0.0
Test MSE: 0.0167
Poisson likelihood: 0.0
CE loss: 0.0
Experiment 86864
Epoch 0259 [Test seq (cond on sampled tp)] | Loss 8335.150391 | Likelihood -8353.467773 | KL fp 4.9701 | FP STD 0.0135|
KL coef: 0.9181227109472916
Train loss (one batch): 7127.83056640625
Train CE loss (one batch): 0.0
Test MSE: 0.0167
Poisson likelihood: 0.0
CE loss: 0.0
Experiment 86864
Epoch 0260 [Test seq (cond on sampled tp)] | Loss 8272.266602 | Likelihood -8283.391602 | KL fp 5.0046 | FP STD 0.0136|
KL coef: 0.9189414838378187
Train loss (one batch): 7202.90283203125
Train CE loss (one batch): 0.0
Test MSE: 0.0166
Poisson likelihood: 0.0
CE loss: 0.0
Experiment 86864
Epoch 0261 [Test seq (cond on sampled tp)] | Loss 8324.083008 | Likelihood -8331.038086 | KL fp 5.0771 | FP STD 0.0129|
KL coef: 0.9197520689994405
Train loss (one batch): 7045.35498046875
Train CE loss (one batch): 0.0
Test MSE: 0.0167
Poisson likelihood: 0.0
CE loss: 0.0
Experiment 86864
Epoch 0262 [Test seq (cond on sampled tp)] | Loss 8274.037109 | Likelihood -8280.383789 | KL fp 5.0691 | FP STD 0.0129|
KL coef: 0.9205545483094462
Train loss (one batch): 7087.3251953125
Train CE loss (one batch): 0.0
Test MSE: 0.0166
Poisson likelihood: 0.0
CE loss: 0.0
Experiment 86864
Epoch 0263 [Test seq (cond on sampled tp)] | Loss 8249.427734 | Likelihood -8257.135742 | KL fp 5.0210 | FP STD 0.0129|
KL coef: 0.9213490028263517
Train loss (one batch): 7063.96044921875
Train CE loss (one batch): 0.0
Test MSE: 0.0165
Poisson likelihood: 0.0
CE loss: 0.0
Experiment 86864
Epoch 0264 [Test seq (cond on sampled tp)] | Loss 8273.446289 | Likelihood -8279.700195 | KL fp 5.0023 | FP STD 0.0127|
KL coef: 0.9221355127980881
Train loss (one batch): 7008.7822265625
Train CE loss (one batch): 0.0
Test MSE: 0.0166
Poisson likelihood: 0.0
CE loss: 0.0
Experiment 86864
Epoch 0265 [Test seq (cond on sampled tp)] | Loss 8212.627930 | Likelihood -8224.386719 | KL fp 5.0680 | FP STD 0.0118|
KL coef: 0.9229141576701073
Train loss (one batch): 7064.1025390625
Train CE loss (one batch): 0.0
Test MSE: 0.0165
Poisson likelihood: 0.0
CE loss: 0.0
Experiment 86864
Epoch 0266 [Test seq (cond on sampled tp)] | Loss 8159.602051 | Likelihood -8157.540527 | KL fp 5.0051 | FP STD 0.0124|
KL coef: 0.9236850160934063
Train loss (one batch): 6998.228515625
Train CE loss (one batch): 0.0
Test MSE: 0.0163
Poisson likelihood: 0.0
CE loss: 0.0
Experiment 86864
Epoch 0267 [Test seq (cond on sampled tp)] | Loss 8152.895020 | Likelihood -8159.619629 | KL fp 5.1166 | FP STD 0.0113|
KL coef: 0.9244481659324721
Train loss (one batch): 7018.28271484375
Train CE loss (one batch): 0.0
Test MSE: 0.0163
Poisson likelihood: 0.0
CE loss: 0.0
Experiment 86864
Epoch 0268 [Test seq (cond on sampled tp)] | Loss 8146.482422 | Likelihood -8146.443848 | KL fp 5.2174 | FP STD 0.0104|
KL coef: 0.9252036842731475
Train loss (one batch): 6978.45361328125
Train CE loss (one batch): 0.0
Test MSE: 0.0163
Poisson likelihood: 0.0
CE loss: 0.0
Experiment 86864
Epoch 0269 [Test seq (cond on sampled tp)] | Loss 8098.916016 | Likelihood -8109.488281 | KL fp 5.1453 | FP STD 0.0110|
KL coef: 0.9259516474304159
Train loss (one batch): 6925.4560546875
Train CE loss (one batch): 0.0
Test MSE: 0.0162
Poisson likelihood: 0.0
CE loss: 0.0
Experiment 86864
Epoch 0270 [Test seq (cond on sampled tp)] | Loss 8046.976562 | Likelihood -8069.954590 | KL fp 5.0911 | FP STD 0.0115|
KL coef: 0.9266921309561118
Train loss (one batch): 6904.4453125
Train CE loss (one batch): 0.0
Test MSE: 0.0162
Poisson likelihood: 0.0
CE loss: 0.0
Experiment 86864
Epoch 0271 [Test seq (cond on sampled tp)] | Loss 8081.861816 | Likelihood -8096.251953 | KL fp 5.1791 | FP STD 0.0105|
KL coef: 0.9274252096465507
Train loss (one batch): 6903.8046875
Train CE loss (one batch): 0.0
Test MSE: 0.0162
Poisson likelihood: 0.0
CE loss: 0.0
Experiment 86864
Epoch 0272 [Test seq (cond on sampled tp)] | Loss 8049.995605 | Likelihood -8056.087402 | KL fp 5.1930 | FP STD 0.0107|
KL coef: 0.9281509575500851
Train loss (one batch): 6906.39013671875
Train CE loss (one batch): 0.0
Test MSE: 0.0161
Poisson likelihood: 0.0
CE loss: 0.0
Experiment 86864
Epoch 0273 [Test seq (cond on sampled tp)] | Loss 7964.833496 | Likelihood -7978.958496 | KL fp 5.0585 | FP STD 0.0115|
KL coef: 0.9288694479745843
Train loss (one batch): 6807.50927734375
Train CE loss (one batch): 0.0
Test MSE: 0.0160
Poisson likelihood: 0.0
CE loss: 0.0
Experiment 86864
Epoch 0274 [Test seq (cond on sampled tp)] | Loss 8040.266602 | Likelihood -8042.564941 | KL fp 5.1008 | FP STD 0.0113|
KL coef: 0.9295807534948385
Train loss (one batch): 6805.095703125
Train CE loss (one batch): 0.0
Test MSE: 0.0161
Poisson likelihood: 0.0
CE loss: 0.0
Experiment 86864
Epoch 0275 [Test seq (cond on sampled tp)] | Loss 7996.475098 | Likelihood -7997.179199 | KL fp 5.1003 | FP STD 0.0113|
KL coef: 0.9302849459598901
Train loss (one batch): 6854.2734375
Train CE loss (one batch): 0.0
Test MSE: 0.0160
Poisson likelihood: 0.0
CE loss: 0.0
Experiment 86864
Epoch 0276 [Test seq (cond on sampled tp)] | Loss 7895.787109 | Likelihood -7922.312500 | KL fp 5.1206 | FP STD 0.0112|
KL coef: 0.9309820965002912
Train loss (one batch): 6833.18603515625
Train CE loss (one batch): 0.0
Test MSE: 0.0159
Poisson likelihood: 0.0
CE loss: 0.0
Experiment 86864
Epoch 0277 [Test seq (cond on sampled tp)] | Loss 7940.145020 | Likelihood -7941.333496 | KL fp 5.1373 | FP STD 0.0107|
KL coef: 0.9316722755352883
Train loss (one batch): 6765.65087890625
Train CE loss (one batch): 0.0
Test MSE: 0.0159
Poisson likelihood: 0.0
CE loss: 0.0
Experiment 86864
Epoch 0278 [Test seq (cond on sampled tp)] | Loss 7934.078125 | Likelihood -7946.589844 | KL fp 5.1495 | FP STD 0.0107|
KL coef: 0.9323555527799354
Train loss (one batch): 6759.46826171875
Train CE loss (one batch): 0.0
Test MSE: 0.0159
Poisson likelihood: 0.0
CE loss: 0.0
Experiment 86864
Epoch 0279 [Test seq (cond on sampled tp)] | Loss 7898.765137 | Likelihood -7904.210449 | KL fp 5.1847 | FP STD 0.0106|
KL coef: 0.933031997252136
Train loss (one batch): 6805.60546875
Train CE loss (one batch): 0.0
Test MSE: 0.0158
Poisson likelihood: 0.0
CE loss: 0.0
Experiment 86864
Epoch 0280 [Test seq (cond on sampled tp)] | Loss 7860.640625 | Likelihood -7876.098145 | KL fp 5.1726 | FP STD 0.0104|
KL coef: 0.9337016772796147
Train loss (one batch): 6689.6494140625
Train CE loss (one batch): 0.0
Test MSE: 0.0158
Poisson likelihood: 0.0
CE loss: 0.0
Experiment 86864
Epoch 0281 [Test seq (cond on sampled tp)] | Loss 7792.898438 | Likelihood -7811.970215 | KL fp 5.1586 | FP STD 0.0106|
KL coef: 0.9343646605068185
Train loss (one batch): 6659.4736328125
Train CE loss (one batch): 0.0
Test MSE: 0.0156
Poisson likelihood: 0.0
CE loss: 0.0
Experiment 86864
Epoch 0282 [Test seq (cond on sampled tp)] | Loss 7799.095215 | Likelihood -7806.713379 | KL fp 5.2214 | FP STD 0.0101|
KL coef: 0.9350210139017503
Train loss (one batch): 6721.57861328125
Train CE loss (one batch): 0.0
Test MSE: 0.0156
Poisson likelihood: 0.0
CE loss: 0.0
Experiment 86864
Epoch 0283 [Test seq (cond on sampled tp)] | Loss 7742.170898 | Likelihood -7752.423340 | KL fp 5.1389 | FP STD 0.0109|
KL coef: 0.9356708037627328
Train loss (one batch): 6657.29638671875
Train CE loss (one batch): 0.0
Test MSE: 0.0155
Poisson likelihood: 0.0
CE loss: 0.0
Experiment 86864
Epoch 0284 [Test seq (cond on sampled tp)] | Loss 7750.571777 | Likelihood -7754.117676 | KL fp 5.1512 | FP STD 0.0108|
KL coef: 0.9363140957251055
Train loss (one batch): 6682.69677734375
Train CE loss (one batch): 0.0
Test MSE: 0.0155
Poisson likelihood: 0.0
CE loss: 0.0
Experiment 86864
Epoch 0285 [Test seq (cond on sampled tp)] | Loss 7715.228027 | Likelihood -7739.799316 | KL fp 5.1252 | FP STD 0.0109|
KL coef: 0.9369509547678545
Train loss (one batch): 6639.3857421875
Train CE loss (one batch): 0.0
Test MSE: 0.0155
Poisson likelihood: 0.0
CE loss: 0.0
Experiment 86864
Epoch 0286 [Test seq (cond on sampled tp)] | Loss 7744.556152 | Likelihood -7743.130859 | KL fp 5.1346 | FP STD 0.0110|
KL coef: 0.937581445220176
Train loss (one batch): 6696.955078125
Train CE loss (one batch): 0.0
Test MSE: 0.0155
Poisson likelihood: 0.0
CE loss: 0.0
Experiment 86864
Epoch 0287 [Test seq (cond on sampled tp)] | Loss 7660.121094 | Likelihood -7676.433594 | KL fp 5.1646 | FP STD 0.0107|
KL coef: 0.9382056307679741
Train loss (one batch): 6494.25244140625
Train CE loss (one batch): 0.0
Test MSE: 0.0154
Poisson likelihood: 0.0
CE loss: 0.0
Experiment 86864
Epoch 0288 [Test seq (cond on sampled tp)] | Loss 7664.895996 | Likelihood -7671.764160 | KL fp 5.1383 | FP STD 0.0106|
KL coef: 0.9388235744602944
Train loss (one batch): 6518.6611328125
Train CE loss (one batch): 0.0
Test MSE: 0.0154
Poisson likelihood: 0.0
CE loss: 0.0
Experiment 86864
Epoch 0289 [Test seq (cond on sampled tp)] | Loss 7641.668457 | Likelihood -7642.578125 | KL fp 5.1423 | FP STD 0.0109|
KL coef: 0.9394353387156915
Train loss (one batch): 6493.88916015625
Train CE loss (one batch): 0.0
Test MSE: 0.0153
Poisson likelihood: 0.0
CE loss: 0.0
Experiment 86864
Epoch 0290 [Test seq (cond on sampled tp)] | Loss 7716.711914 | Likelihood -7723.520020 | KL fp 4.8350 | FP STD 0.0141|
KL coef: 0.9400409853285345
Train loss (one batch): 6563.69384765625
Train CE loss (one batch): 0.0
Test MSE: 0.0155
Poisson likelihood: 0.0
CE loss: 0.0
Experiment 86864
Epoch 0291 [Test seq (cond on sampled tp)] | Loss 7757.502441 | Likelihood -7758.246094 | KL fp 4.9036 | FP STD 0.0140|
KL coef: 0.9406405754752493
Train loss (one batch): 6590.7509765625
Train CE loss (one batch): 0.0
Test MSE: 0.0155
Poisson likelihood: 0.0
CE loss: 0.0
Experiment 86864
Epoch 0292 [Test seq (cond on sampled tp)] | Loss 7681.905273 | Likelihood -7690.724609 | KL fp 4.9506 | FP STD 0.0130|
KL coef: 0.9412341697204967
Train loss (one batch): 6644.3291015625
Train CE loss (one batch): 0.0
Test MSE: 0.0154
Poisson likelihood: 0.0
CE loss: 0.0
Experiment 86864
Epoch 0293 [Test seq (cond on sampled tp)] | Loss 7611.517578 | Likelihood -7612.395020 | KL fp 5.0278 | FP STD 0.0121|
KL coef: 0.9418218280232917
Train loss (one batch): 6470.712890625
Train CE loss (one batch): 0.0
Test MSE: 0.0152
Poisson likelihood: 0.0
CE loss: 0.0
Experiment 86864
Epoch 0294 [Test seq (cond on sampled tp)] | Loss 7620.896484 | Likelihood -7623.773438 | KL fp 5.0882 | FP STD 0.0115|
KL coef: 0.9424036097430588
Train loss (one batch): 6557.2578125
Train CE loss (one batch): 0.0
Test MSE: 0.0153
Poisson likelihood: 0.0
CE loss: 0.0
Experiment 86864
Epoch 0295 [Test seq (cond on sampled tp)] | Loss 7608.807129 | Likelihood -7607.662598 | KL fp 5.1274 | FP STD 0.0110|
KL coef: 0.9429795736456282
Train loss (one batch): 6570.83251953125
Train CE loss (one batch): 0.0
Test MSE: 0.0152
Poisson likelihood: 0.0
CE loss: 0.0
Experiment 86864
Epoch 0296 [Test seq (cond on sampled tp)] | Loss 7541.692383 | Likelihood -7539.214355 | KL fp 5.0111 | FP STD 0.0117|
KL coef: 0.9435497779091719
Train loss (one batch): 6394.9072265625
Train CE loss (one batch): 0.0
Test MSE: 0.0151
Poisson likelihood: 0.0
CE loss: 0.0
Experiment 86864
Epoch 0297 [Test seq (cond on sampled tp)] | Loss 7501.449219 | Likelihood -7506.282715 | KL fp 5.0892 | FP STD 0.0110|
KL coef: 0.9441142801300803
Train loss (one batch): 6366.3193359375
Train CE loss (one batch): 0.0
Test MSE: 0.0150
Poisson likelihood: 0.0
CE loss: 0.0
Experiment 86864
Epoch 0298 [Test seq (cond on sampled tp)] | Loss 7494.051270 | Likelihood -7495.960449 | KL fp 5.1876 | FP STD 0.0104|
KL coef: 0.9446731373287794
Train loss (one batch): 6421.00537109375
Train CE loss (one batch): 0.0
Test MSE: 0.0150
Poisson likelihood: 0.0
CE loss: 0.0
Experiment 86864
Epoch 0299 [Test seq (cond on sampled tp)] | Loss 7483.160156 | Likelihood -7499.696777 | KL fp 5.1059 | FP STD 0.0117|
KL coef: 0.9452264059554917
Train loss (one batch): 6380.830078125
Train CE loss (one batch): 0.0
Test MSE: 0.0150
Poisson likelihood: 0.0
CE loss: 0.0
Experiment 86864
Epoch 0300 [Test seq (cond on sampled tp)] | Loss 7502.385254 | Likelihood -7520.288574 | KL fp 5.0467 | FP STD 0.0130|
KL coef: 0.9457741418959368
Train loss (one batch): 6477.48046875
Train CE loss (one batch): 0.0
Test MSE: 0.0151
Poisson likelihood: 0.0
CE loss: 0.0
