/Users/deyiliu/Dropbox/UNC/G4/Spring/790/code/latent_ode-master/run_models.py
run_models.py --niters 100 -n 1000 -l 15 --dataset hopper --latent-ode --z0-encoder trans -r 1995 -s 0.3
Experiment 64826
Epoch 0001 [Test seq (cond on sampled tp)] | Loss 63705.378906 | Likelihood -63969.457031 | KL fp 2.3524 | FP STD 0.1783|
KL coef: 0.0
Train loss (one batch): 67118.8515625
Train CE loss (one batch): 0.0
Test MSE: 0.1280
Poisson likelihood: 0.0
CE loss: 0.0
Experiment 64826
Epoch 0002 [Test seq (cond on sampled tp)] | Loss 37070.476562 | Likelihood -37313.949219 | KL fp 2.6194 | FP STD 0.1511|
KL coef: 0.0
Train loss (one batch): 37201.0625
Train CE loss (one batch): 0.0
Test MSE: 0.0746
Poisson likelihood: 0.0
CE loss: 0.0
Experiment 64826
Epoch 0003 [Test seq (cond on sampled tp)] | Loss 32545.062500 | Likelihood -32832.703125 | KL fp 2.8145 | FP STD 0.1133|
KL coef: 0.0
Train loss (one batch): 31637.5546875
Train CE loss (one batch): 0.0
Test MSE: 0.0657
Poisson likelihood: 0.0
CE loss: 0.0
Experiment 64826
Epoch 0004 [Test seq (cond on sampled tp)] | Loss 32133.519531 | Likelihood -32322.888672 | KL fp 2.7911 | FP STD 0.1150|
KL coef: 0.0
Train loss (one batch): 29606.154296875
Train CE loss (one batch): 0.0
Test MSE: 0.0647
Poisson likelihood: 0.0
CE loss: 0.0
Experiment 64826
Epoch 0005 [Test seq (cond on sampled tp)] | Loss 30139.134766 | Likelihood -30411.216797 | KL fp 2.9174 | FP STD 0.1013|
KL coef: 0.0
Train loss (one batch): 30822.171875
Train CE loss (one batch): 0.0
Test MSE: 0.0608
Poisson likelihood: 0.0
CE loss: 0.0
Experiment 64826
Epoch 0006 [Test seq (cond on sampled tp)] | Loss 30280.812500 | Likelihood -30522.697266 | KL fp 2.9180 | FP STD 0.0990|
KL coef: 0.0
Train loss (one batch): 29209.8359375
Train CE loss (one batch): 0.0
Test MSE: 0.0611
Poisson likelihood: 0.0
CE loss: 0.0
Experiment 64826
Epoch 0007 [Test seq (cond on sampled tp)] | Loss 29563.546875 | Likelihood -29638.810547 | KL fp 2.9262 | FP STD 0.0958|
KL coef: 0.0
Train loss (one batch): 27994.744140625
Train CE loss (one batch): 0.0
Test MSE: 0.0593
Poisson likelihood: 0.0
CE loss: 0.0
Experiment 64826
Epoch 0008 [Test seq (cond on sampled tp)] | Loss 28930.796875 | Likelihood -29248.646484 | KL fp 2.9658 | FP STD 0.0928|
KL coef: 0.0
Train loss (one batch): 27349.2890625
Train CE loss (one batch): 0.0
Test MSE: 0.0585
Poisson likelihood: 0.0
CE loss: 0.0
Experiment 64826
Epoch 0009 [Test seq (cond on sampled tp)] | Loss 28178.269531 | Likelihood -28416.937500 | KL fp 2.9580 | FP STD 0.0918|
KL coef: 0.0
Train loss (one batch): 28148.412109375
Train CE loss (one batch): 0.0
Test MSE: 0.0568
Poisson likelihood: 0.0
CE loss: 0.0
Experiment 64826
Epoch 0010 [Test seq (cond on sampled tp)] | Loss 27758.568359 | Likelihood -27854.599609 | KL fp 3.0294 | FP STD 0.0855|
KL coef: 0.0
Train loss (one batch): 26597.15234375
Train CE loss (one batch): 0.0
Test MSE: 0.0557
Poisson likelihood: 0.0
CE loss: 0.0
Experiment 64826
Epoch 0011 [Test seq (cond on sampled tp)] | Loss 26558.488281 | Likelihood -26714.599609 | KL fp 3.0363 | FP STD 0.0837|
KL coef: 0.010000000000000009
Train loss (one batch): 26160.421875
Train CE loss (one batch): 0.0
Test MSE: 0.0534
Poisson likelihood: 0.0
CE loss: 0.0
Experiment 64826
Epoch 0012 [Test seq (cond on sampled tp)] | Loss 26626.943359 | Likelihood -26660.865234 | KL fp 2.9836 | FP STD 0.0854|
KL coef: 0.01990000000000003
Train loss (one batch): 25252.453125
Train CE loss (one batch): 0.0
Test MSE: 0.0533
Poisson likelihood: 0.0
CE loss: 0.0
Experiment 64826
Epoch 0013 [Test seq (cond on sampled tp)] | Loss 25061.623047 | Likelihood -25210.892578 | KL fp 3.0340 | FP STD 0.0833|
KL coef: 0.029700999999999977
Train loss (one batch): 24331.517578125
Train CE loss (one batch): 0.0
Test MSE: 0.0504
Poisson likelihood: 0.0
CE loss: 0.0
Experiment 64826
Epoch 0014 [Test seq (cond on sampled tp)] | Loss 24175.230469 | Likelihood -24286.390625 | KL fp 2.9575 | FP STD 0.0878|
KL coef: 0.039403990000000055
Train loss (one batch): 22857.470703125
Train CE loss (one batch): 0.0
Test MSE: 0.0486
Poisson likelihood: 0.0
CE loss: 0.0
Experiment 64826
Epoch 0015 [Test seq (cond on sampled tp)] | Loss 22788.142578 | Likelihood -23023.656250 | KL fp 2.9068 | FP STD 0.0953|
KL coef: 0.04900995010000009
Train loss (one batch): 21506.810546875
Train CE loss (one batch): 0.0
Test MSE: 0.0461
Poisson likelihood: 0.0
CE loss: 0.0
Experiment 64826
Epoch 0016 [Test seq (cond on sampled tp)] | Loss 22054.406250 | Likelihood -22099.064453 | KL fp 2.9810 | FP STD 0.0905|
KL coef: 0.058519850599
Train loss (one batch): 19976.111328125
Train CE loss (one batch): 0.0
Test MSE: 0.0442
Poisson likelihood: 0.0
CE loss: 0.0
Experiment 64826
Epoch 0017 [Test seq (cond on sampled tp)] | Loss 20963.876953 | Likelihood -21177.318359 | KL fp 2.9833 | FP STD 0.0873|
KL coef: 0.06793465209301008
Train loss (one batch): 19543.384765625
Train CE loss (one batch): 0.0
Test MSE: 0.0424
Poisson likelihood: 0.0
CE loss: 0.0
Experiment 64826
Epoch 0018 [Test seq (cond on sampled tp)] | Loss 19678.521484 | Likelihood -19887.599609 | KL fp 3.0079 | FP STD 0.0851|
KL coef: 0.07725530557207994
Train loss (one batch): 19254.84375
Train CE loss (one batch): 0.0
Test MSE: 0.0398
Poisson likelihood: 0.0
CE loss: 0.0
Experiment 64826
Epoch 0019 [Test seq (cond on sampled tp)] | Loss 19663.085938 | Likelihood -19716.121094 | KL fp 3.0303 | FP STD 0.0837|
KL coef: 0.08648275251635917
Train loss (one batch): 18320.2421875
Train CE loss (one batch): 0.0
Test MSE: 0.0394
Poisson likelihood: 0.0
CE loss: 0.0
Experiment 64826
Epoch 0020 [Test seq (cond on sampled tp)] | Loss 19177.714844 | Likelihood -19262.533203 | KL fp 3.0956 | FP STD 0.0780|
KL coef: 0.09561792499119559
Train loss (one batch): 18355.36328125
Train CE loss (one batch): 0.0
Test MSE: 0.0385
Poisson likelihood: 0.0
CE loss: 0.0
Experiment 64826
Epoch 0021 [Test seq (cond on sampled tp)] | Loss 18700.775391 | Likelihood -18798.937500 | KL fp 3.1524 | FP STD 0.0761|
KL coef: 0.10466174574128362
Train loss (one batch): 17802.61328125
Train CE loss (one batch): 0.0
Test MSE: 0.0376
Poisson likelihood: 0.0
CE loss: 0.0
Experiment 64826
Epoch 0022 [Test seq (cond on sampled tp)] | Loss 18438.046875 | Likelihood -18521.947266 | KL fp 3.1803 | FP STD 0.0714|
KL coef: 0.11361512828387077
Train loss (one batch): 17229.830078125
Train CE loss (one batch): 0.0
Test MSE: 0.0371
Poisson likelihood: 0.0
CE loss: 0.0
Experiment 64826
Epoch 0023 [Test seq (cond on sampled tp)] | Loss 18449.119141 | Likelihood -18534.130859 | KL fp 3.1910 | FP STD 0.0728|
KL coef: 0.12247897700103216
Train loss (one batch): 16725.857421875
Train CE loss (one batch): 0.0
Test MSE: 0.0371
Poisson likelihood: 0.0
CE loss: 0.0
Experiment 64826
Epoch 0024 [Test seq (cond on sampled tp)] | Loss 17735.906250 | Likelihood -17805.724609 | KL fp 3.2332 | FP STD 0.0667|
KL coef: 0.13125418723102178
Train loss (one batch): 16847.83203125
Train CE loss (one batch): 0.0
Test MSE: 0.0356
Poisson likelihood: 0.0
CE loss: 0.0
Experiment 64826
Epoch 0025 [Test seq (cond on sampled tp)] | Loss 17983.863281 | Likelihood -18023.306641 | KL fp 3.2136 | FP STD 0.0688|
KL coef: 0.13994164535871156
Train loss (one batch): 16905.755859375
Train CE loss (one batch): 0.0
Test MSE: 0.0361
Poisson likelihood: 0.0
CE loss: 0.0
Experiment 64826
Epoch 0026 [Test seq (cond on sampled tp)] | Loss 17641.025391 | Likelihood -17713.798828 | KL fp 3.2491 | FP STD 0.0668|
KL coef: 0.14854222890512447
Train loss (one batch): 16406.53515625
Train CE loss (one batch): 0.0
Test MSE: 0.0354
Poisson likelihood: 0.0
CE loss: 0.0
Experiment 64826
Epoch 0027 [Test seq (cond on sampled tp)] | Loss 17272.890625 | Likelihood -17337.953125 | KL fp 3.2541 | FP STD 0.0659|
KL coef: 0.15705680661607324
Train loss (one batch): 16160.162109375
Train CE loss (one batch): 0.0
Test MSE: 0.0347
Poisson likelihood: 0.0
CE loss: 0.0
Experiment 64826
Epoch 0028 [Test seq (cond on sampled tp)] | Loss 17169.246094 | Likelihood -17218.939453 | KL fp 3.2755 | FP STD 0.0662|
KL coef: 0.1654862385499125
Train loss (one batch): 15427.154296875
Train CE loss (one batch): 0.0
Test MSE: 0.0344
Poisson likelihood: 0.0
CE loss: 0.0
Experiment 64826
Epoch 0029 [Test seq (cond on sampled tp)] | Loss 17142.728516 | Likelihood -17212.609375 | KL fp 3.2087 | FP STD 0.0686|
KL coef: 0.17383137616441335
Train loss (one batch): 15819.20703125
Train CE loss (one batch): 0.0
Test MSE: 0.0344
Poisson likelihood: 0.0
CE loss: 0.0
Experiment 64826
Epoch 0030 [Test seq (cond on sampled tp)] | Loss 16206.842773 | Likelihood -16265.601562 | KL fp 3.2591 | FP STD 0.0649|
KL coef: 0.18209306240276923
Train loss (one batch): 14882.4453125
Train CE loss (one batch): 0.0
Test MSE: 0.0325
Poisson likelihood: 0.0
CE loss: 0.0
Experiment 64826
Epoch 0031 [Test seq (cond on sampled tp)] | Loss 16315.522461 | Likelihood -16390.464844 | KL fp 3.3120 | FP STD 0.0633|
KL coef: 0.19027213177874158
Train loss (one batch): 15184.861328125
Train CE loss (one batch): 0.0
Test MSE: 0.0328
Poisson likelihood: 0.0
CE loss: 0.0
Experiment 64826
Epoch 0032 [Test seq (cond on sampled tp)] | Loss 16036.395508 | Likelihood -16104.672852 | KL fp 3.2304 | FP STD 0.0663|
KL coef: 0.19836941046095413
Train loss (one batch): 14816.8154296875
Train CE loss (one batch): 0.0
Test MSE: 0.0322
Poisson likelihood: 0.0
CE loss: 0.0
Experiment 64826
Epoch 0033 [Test seq (cond on sampled tp)] | Loss 16152.353516 | Likelihood -16225.183594 | KL fp 3.2494 | FP STD 0.0651|
KL coef: 0.20638571635634462
Train loss (one batch): 13847.193359375
Train CE loss (one batch): 0.0
Test MSE: 0.0325
Poisson likelihood: 0.0
CE loss: 0.0
Experiment 64826
Epoch 0034 [Test seq (cond on sampled tp)] | Loss 15639.441406 | Likelihood -15706.609375 | KL fp 3.3067 | FP STD 0.0623|
KL coef: 0.21432185919278124
Train loss (one batch): 13988.1767578125
Train CE loss (one batch): 0.0
Test MSE: 0.0314
Poisson likelihood: 0.0
CE loss: 0.0
Experiment 64826
Epoch 0035 [Test seq (cond on sampled tp)] | Loss 15349.451172 | Likelihood -15521.485352 | KL fp 3.3006 | FP STD 0.0619|
KL coef: 0.22217864060085335
Train loss (one batch): 13492.8828125
Train CE loss (one batch): 0.0
Test MSE: 0.0311
Poisson likelihood: 0.0
CE loss: 0.0
Experiment 64826
Epoch 0036 [Test seq (cond on sampled tp)] | Loss 15292.357422 | Likelihood -15344.371094 | KL fp 3.2982 | FP STD 0.0615|
KL coef: 0.2299568541948449
Train loss (one batch): 13394.859375
Train CE loss (one batch): 0.0
Test MSE: 0.0307
Poisson likelihood: 0.0
CE loss: 0.0
Experiment 64826
Epoch 0037 [Test seq (cond on sampled tp)] | Loss 14988.234375 | Likelihood -15014.652344 | KL fp 3.3071 | FP STD 0.0608|
KL coef: 0.23765728565289646
Train loss (one batch): 13394.9990234375
Train CE loss (one batch): 0.0
Test MSE: 0.0300
Poisson likelihood: 0.0
CE loss: 0.0
Experiment 64826
Epoch 0038 [Test seq (cond on sampled tp)] | Loss 14969.369141 | Likelihood -15132.696289 | KL fp 3.3404 | FP STD 0.0603|
KL coef: 0.24528071279636743
Train loss (one batch): 13898.41796875
Train CE loss (one batch): 0.0
Test MSE: 0.0303
Poisson likelihood: 0.0
CE loss: 0.0
Experiment 64826
Epoch 0039 [Test seq (cond on sampled tp)] | Loss 14851.034180 | Likelihood -14929.566406 | KL fp 3.3808 | FP STD 0.0562|
KL coef: 0.25282790566840385
Train loss (one batch): 13009.2685546875
Train CE loss (one batch): 0.0
Test MSE: 0.0299
Poisson likelihood: 0.0
CE loss: 0.0
Experiment 64826
Epoch 0040 [Test seq (cond on sampled tp)] | Loss 14415.795898 | Likelihood -14429.161133 | KL fp 3.4168 | FP STD 0.0530|
KL coef: 0.2602996266117198
Train loss (one batch): 12929.73828125
Train CE loss (one batch): 0.0
Test MSE: 0.0289
Poisson likelihood: 0.0
CE loss: 0.0
Experiment 64826
Epoch 0041 [Test seq (cond on sampled tp)] | Loss 14346.618164 | Likelihood -14355.916992 | KL fp 3.3912 | FP STD 0.0544|
KL coef: 0.26769663034560254
Train loss (one batch): 12561.1728515625
Train CE loss (one batch): 0.0
Test MSE: 0.0287
Poisson likelihood: 0.0
CE loss: 0.0
Experiment 64826
Epoch 0042 [Test seq (cond on sampled tp)] | Loss 14137.662109 | Likelihood -14197.085938 | KL fp 3.4139 | FP STD 0.0547|
KL coef: 0.2750196640421466
Train loss (one batch): 12734.84375
Train CE loss (one batch): 0.0
Test MSE: 0.0284
Poisson likelihood: 0.0
CE loss: 0.0
Experiment 64826
Epoch 0043 [Test seq (cond on sampled tp)] | Loss 14026.069336 | Likelihood -14063.895508 | KL fp 3.4069 | FP STD 0.0536|
KL coef: 0.2822694674017251
Train loss (one batch): 12606.5234375
Train CE loss (one batch): 0.0
Test MSE: 0.0281
Poisson likelihood: 0.0
CE loss: 0.0
Experiment 64826
Epoch 0044 [Test seq (cond on sampled tp)] | Loss 14125.119141 | Likelihood -14217.933594 | KL fp 3.4486 | FP STD 0.0532|
KL coef: 0.2894467727277079
Train loss (one batch): 12318.0966796875
Train CE loss (one batch): 0.0
Test MSE: 0.0284
Poisson likelihood: 0.0
CE loss: 0.0
Experiment 64826
Epoch 0045 [Test seq (cond on sampled tp)] | Loss 14113.045898 | Likelihood -14184.362305 | KL fp 3.4228 | FP STD 0.0543|
KL coef: 0.29655230500043084
Train loss (one batch): 12773.4853515625
Train CE loss (one batch): 0.0
Test MSE: 0.0284
Poisson likelihood: 0.0
CE loss: 0.0
Experiment 64826
Epoch 0046 [Test seq (cond on sampled tp)] | Loss 14009.129883 | Likelihood -14090.286133 | KL fp 3.4459 | FP STD 0.0515|
KL coef: 0.30358678195042654
Train loss (one batch): 12222.3876953125
Train CE loss (one batch): 0.0
Test MSE: 0.0282
Poisson likelihood: 0.0
CE loss: 0.0
Experiment 64826
Epoch 0047 [Test seq (cond on sampled tp)] | Loss 13572.546875 | Likelihood -13644.023438 | KL fp 3.4474 | FP STD 0.0515|
KL coef: 0.3105509141309223
Train loss (one batch): 12076.3759765625
Train CE loss (one batch): 0.0
Test MSE: 0.0273
Poisson likelihood: 0.0
CE loss: 0.0
Experiment 64826
Epoch 0048 [Test seq (cond on sampled tp)] | Loss 13534.852539 | Likelihood -13585.163086 | KL fp 3.5159 | FP STD 0.0477|
KL coef: 0.31744540498961304
Train loss (one batch): 12267.7705078125
Train CE loss (one batch): 0.0
Test MSE: 0.0272
Poisson likelihood: 0.0
CE loss: 0.0
Experiment 64826
Epoch 0049 [Test seq (cond on sampled tp)] | Loss 13601.359375 | Likelihood -13633.558594 | KL fp 3.5291 | FP STD 0.0481|
KL coef: 0.3242709509397169
Train loss (one batch): 12311.5947265625
Train CE loss (one batch): 0.0
Test MSE: 0.0273
Poisson likelihood: 0.0
CE loss: 0.0
Experiment 64826
Epoch 0050 [Test seq (cond on sampled tp)] | Loss 13255.532227 | Likelihood -13325.492188 | KL fp 3.5543 | FP STD 0.0475|
KL coef: 0.3310282414303197
Train loss (one batch): 11858.8984375
Train CE loss (one batch): 0.0
Test MSE: 0.0267
Poisson likelihood: 0.0
CE loss: 0.0
Experiment 64826
Epoch 0051 [Test seq (cond on sampled tp)] | Loss 13209.334961 | Likelihood -13249.196289 | KL fp 3.5019 | FP STD 0.0479|
KL coef: 0.33771795901601653
Train loss (one batch): 11705.1064453125
Train CE loss (one batch): 0.0
Test MSE: 0.0265
Poisson likelihood: 0.0
CE loss: 0.0
Experiment 64826
Epoch 0052 [Test seq (cond on sampled tp)] | Loss 13158.354492 | Likelihood -13179.460938 | KL fp 3.5643 | FP STD 0.0459|
KL coef: 0.3443407794258564
Train loss (one batch): 11840.31640625
Train CE loss (one batch): 0.0
Test MSE: 0.0264
Poisson likelihood: 0.0
CE loss: 0.0
Experiment 64826
Epoch 0053 [Test seq (cond on sampled tp)] | Loss 13183.906250 | Likelihood -13220.682617 | KL fp 3.5383 | FP STD 0.0455|
KL coef: 0.35089737163159784
Train loss (one batch): 12071.3974609375
Train CE loss (one batch): 0.0
Test MSE: 0.0265
Poisson likelihood: 0.0
CE loss: 0.0
Experiment 64826
Epoch 0054 [Test seq (cond on sampled tp)] | Loss 13100.566406 | Likelihood -13136.112305 | KL fp 3.5920 | FP STD 0.0452|
KL coef: 0.3573883979152819
Train loss (one batch): 11516.546875
Train CE loss (one batch): 0.0
Test MSE: 0.0263
Poisson likelihood: 0.0
CE loss: 0.0
Experiment 64826
Epoch 0055 [Test seq (cond on sampled tp)] | Loss 12873.646484 | Likelihood -12920.428711 | KL fp 3.5352 | FP STD 0.0466|
KL coef: 0.36381451393612907
Train loss (one batch): 12180.66015625
Train CE loss (one batch): 0.0
Test MSE: 0.0259
Poisson likelihood: 0.0
CE loss: 0.0
Experiment 64826
Epoch 0056 [Test seq (cond on sampled tp)] | Loss 12807.991211 | Likelihood -12880.971680 | KL fp 3.5469 | FP STD 0.0460|
KL coef: 0.37017636879676774
Train loss (one batch): 11463.4326171875
Train CE loss (one batch): 0.0
Test MSE: 0.0258
Poisson likelihood: 0.0
CE loss: 0.0
Experiment 64826
Epoch 0057 [Test seq (cond on sampled tp)] | Loss 12701.951172 | Likelihood -12814.706055 | KL fp 3.5851 | FP STD 0.0441|
KL coef: 0.37647460510880004
Train loss (one batch): 11730.154296875
Train CE loss (one batch): 0.0
Test MSE: 0.0256
Poisson likelihood: 0.0
CE loss: 0.0
Experiment 64826
Epoch 0058 [Test seq (cond on sampled tp)] | Loss 12552.919922 | Likelihood -12586.203125 | KL fp 3.6135 | FP STD 0.0438|
KL coef: 0.38270985905771204
Train loss (one batch): 10988.626953125
Train CE loss (one batch): 0.0
Test MSE: 0.0252
Poisson likelihood: 0.0
CE loss: 0.0
Experiment 64826
Epoch 0059 [Test seq (cond on sampled tp)] | Loss 12349.002930 | Likelihood -12392.602539 | KL fp 3.5733 | FP STD 0.0449|
KL coef: 0.388882760467135
Train loss (one batch): 11118.3447265625
Train CE loss (one batch): 0.0
Test MSE: 0.0248
Poisson likelihood: 0.0
CE loss: 0.0
Experiment 64826
Epoch 0060 [Test seq (cond on sampled tp)] | Loss 12214.751953 | Likelihood -12262.602539 | KL fp 3.5873 | FP STD 0.0454|
KL coef: 0.39499393286246365
Train loss (one batch): 11103.0234375
Train CE loss (one batch): 0.0
Test MSE: 0.0245
Poisson likelihood: 0.0
CE loss: 0.0
Experiment 64826
Epoch 0061 [Test seq (cond on sampled tp)] | Loss 12274.457031 | Likelihood -12314.211914 | KL fp 3.5758 | FP STD 0.0453|
KL coef: 0.401043993533839
Train loss (one batch): 11183.162109375
Train CE loss (one batch): 0.0
Test MSE: 0.0246
Poisson likelihood: 0.0
CE loss: 0.0
Experiment 64826
Epoch 0062 [Test seq (cond on sampled tp)] | Loss 12137.788086 | Likelihood -12213.963867 | KL fp 3.6103 | FP STD 0.0438|
KL coef: 0.4070335535985006
Train loss (one batch): 10660.20703125
Train CE loss (one batch): 0.0
Test MSE: 0.0244
Poisson likelihood: 0.0
CE loss: 0.0
Experiment 64826
Epoch 0063 [Test seq (cond on sampled tp)] | Loss 11963.910156 | Likelihood -11984.769531 | KL fp 3.6233 | FP STD 0.0427|
KL coef: 0.41296321806251557
Train loss (one batch): 10821.251953125
Train CE loss (one batch): 0.0
Test MSE: 0.0240
Poisson likelihood: 0.0
CE loss: 0.0
Experiment 64826
Epoch 0064 [Test seq (cond on sampled tp)] | Loss 11989.364258 | Likelihood -12016.613281 | KL fp 3.5781 | FP STD 0.0456|
KL coef: 0.41883358588189046
Train loss (one batch): 11080.9541015625
Train CE loss (one batch): 0.0
Test MSE: 0.0240
Poisson likelihood: 0.0
CE loss: 0.0
Experiment 64826
Epoch 0065 [Test seq (cond on sampled tp)] | Loss 11954.184570 | Likelihood -12013.832031 | KL fp 3.5667 | FP STD 0.0454|
KL coef: 0.4246452500230715
Train loss (one batch): 10733.3466796875
Train CE loss (one batch): 0.0
Test MSE: 0.0240
Poisson likelihood: 0.0
CE loss: 0.0
Experiment 64826
Epoch 0066 [Test seq (cond on sampled tp)] | Loss 11799.725586 | Likelihood -11854.889648 | KL fp 3.6571 | FP STD 0.0421|
KL coef: 0.4303987975228408
Train loss (one batch): 10414.908203125
Train CE loss (one batch): 0.0
Test MSE: 0.0237
Poisson likelihood: 0.0
CE loss: 0.0
Experiment 64826
Epoch 0067 [Test seq (cond on sampled tp)] | Loss 11572.633789 | Likelihood -11595.706055 | KL fp 3.6879 | FP STD 0.0412|
KL coef: 0.4360948095476125
Train loss (one batch): 10275.78515625
Train CE loss (one batch): 0.0
Test MSE: 0.0232
Poisson likelihood: 0.0
CE loss: 0.0
Experiment 64826
Epoch 0068 [Test seq (cond on sampled tp)] | Loss 11371.405273 | Likelihood -11392.554688 | KL fp 3.6667 | FP STD 0.0419|
KL coef: 0.44173386145213633
Train loss (one batch): 10260.619140625
Train CE loss (one batch): 0.0
Test MSE: 0.0228
Poisson likelihood: 0.0
CE loss: 0.0
Experiment 64826
Epoch 0069 [Test seq (cond on sampled tp)] | Loss 11490.337891 | Likelihood -11494.598633 | KL fp 3.6569 | FP STD 0.0420|
KL coef: 0.4473165228376149
Train loss (one batch): 10368.4072265625
Train CE loss (one batch): 0.0
Test MSE: 0.0230
Poisson likelihood: 0.0
CE loss: 0.0
Experiment 64826
Epoch 0070 [Test seq (cond on sampled tp)] | Loss 11397.676758 | Likelihood -11420.539062 | KL fp 3.6768 | FP STD 0.0422|
KL coef: 0.4528433576092388
Train loss (one batch): 9715.5908203125
Train CE loss (one batch): 0.0
Test MSE: 0.0229
Poisson likelihood: 0.0
CE loss: 0.0
Experiment 64826
Epoch 0071 [Test seq (cond on sampled tp)] | Loss 11234.586914 | Likelihood -11266.464844 | KL fp 3.7140 | FP STD 0.0398|
KL coef: 0.45831492403314644
Train loss (one batch): 10255.2099609375
Train CE loss (one batch): 0.0
Test MSE: 0.0225
Poisson likelihood: 0.0
CE loss: 0.0
Experiment 64826
Epoch 0072 [Test seq (cond on sampled tp)] | Loss 11322.284180 | Likelihood -11336.156250 | KL fp 3.6924 | FP STD 0.0418|
KL coef: 0.463731774792815
Train loss (one batch): 9908.8017578125
Train CE loss (one batch): 0.0
Test MSE: 0.0227
Poisson likelihood: 0.0
CE loss: 0.0
Experiment 64826
Epoch 0073 [Test seq (cond on sampled tp)] | Loss 11120.259766 | Likelihood -11144.881836 | KL fp 3.6874 | FP STD 0.0410|
KL coef: 0.46909445704488684
Train loss (one batch): 9862.095703125
Train CE loss (one batch): 0.0
Test MSE: 0.0223
Poisson likelihood: 0.0
CE loss: 0.0
Experiment 64826
Epoch 0074 [Test seq (cond on sampled tp)] | Loss 11073.537109 | Likelihood -11145.502930 | KL fp 3.6928 | FP STD 0.0404|
KL coef: 0.474403512474438
Train loss (one batch): 10154.7802734375
Train CE loss (one batch): 0.0
Test MSE: 0.0223
Poisson likelihood: 0.0
CE loss: 0.0
Experiment 64826
Epoch 0075 [Test seq (cond on sampled tp)] | Loss 11005.975586 | Likelihood -11040.346680 | KL fp 3.7170 | FP STD 0.0393|
KL coef: 0.4796594773496936
Train loss (one batch): 9736.611328125
Train CE loss (one batch): 0.0
Test MSE: 0.0221
Poisson likelihood: 0.0
CE loss: 0.0
Experiment 64826
Epoch 0076 [Test seq (cond on sampled tp)] | Loss 11103.919922 | Likelihood -11139.718750 | KL fp 3.7239 | FP STD 0.0404|
KL coef: 0.4848628825761967
Train loss (one batch): 9583.1669921875
Train CE loss (one batch): 0.0
Test MSE: 0.0223
Poisson likelihood: 0.0
CE loss: 0.0
Experiment 64826
Epoch 0077 [Test seq (cond on sampled tp)] | Loss 11097.430664 | Likelihood -11132.252930 | KL fp 3.7095 | FP STD 0.0395|
KL coef: 0.4900142537504347
Train loss (one batch): 9609.3916015625
Train CE loss (one batch): 0.0
Test MSE: 0.0223
Poisson likelihood: 0.0
CE loss: 0.0
Experiment 64826
Epoch 0078 [Test seq (cond on sampled tp)] | Loss 10995.623047 | Likelihood -11017.792969 | KL fp 3.7088 | FP STD 0.0400|
KL coef: 0.49511411121293036
Train loss (one batch): 9733.57421875
Train CE loss (one batch): 0.0
Test MSE: 0.0220
Poisson likelihood: 0.0
CE loss: 0.0
Experiment 64826
Epoch 0079 [Test seq (cond on sampled tp)] | Loss 10742.791016 | Likelihood -10767.931641 | KL fp 3.7521 | FP STD 0.0386|
KL coef: 0.500162970100801
Train loss (one batch): 9852.6015625
Train CE loss (one batch): 0.0
Test MSE: 0.0215
Poisson likelihood: 0.0
CE loss: 0.0
Experiment 64826
Epoch 0080 [Test seq (cond on sampled tp)] | Loss 10585.045898 | Likelihood -10592.835938 | KL fp 3.8371 | FP STD 0.0363|
KL coef: 0.505161340399793
Train loss (one batch): 9027.912109375
Train CE loss (one batch): 0.0
Test MSE: 0.0212
Poisson likelihood: 0.0
CE loss: 0.0
Experiment 64826
Epoch 0081 [Test seq (cond on sampled tp)] | Loss 10711.285156 | Likelihood -10732.781250 | KL fp 3.7741 | FP STD 0.0382|
KL coef: 0.510109726995795
Train loss (one batch): 9439.7978515625
Train CE loss (one batch): 0.0
Test MSE: 0.0215
Poisson likelihood: 0.0
CE loss: 0.0
Experiment 64826
Epoch 0082 [Test seq (cond on sampled tp)] | Loss 10714.201172 | Likelihood -10720.372070 | KL fp 3.8143 | FP STD 0.0365|
KL coef: 0.5150086297258372
Train loss (one batch): 9199.033203125
Train CE loss (one batch): 0.0
Test MSE: 0.0215
Poisson likelihood: 0.0
CE loss: 0.0
Experiment 64826
Epoch 0083 [Test seq (cond on sampled tp)] | Loss 10488.380859 | Likelihood -10520.721680 | KL fp 3.7817 | FP STD 0.0380|
KL coef: 0.5198585434285787
Train loss (one batch): 9317.154296875
Train CE loss (one batch): 0.0
Test MSE: 0.0211
Poisson likelihood: 0.0
CE loss: 0.0
Experiment 64826
Epoch 0084 [Test seq (cond on sampled tp)] | Loss 10546.336914 | Likelihood -10563.750000 | KL fp 3.8241 | FP STD 0.0367|
KL coef: 0.524659957994293
Train loss (one batch): 9209.0244140625
Train CE loss (one batch): 0.0
Test MSE: 0.0211
Poisson likelihood: 0.0
CE loss: 0.0
Experiment 64826
Epoch 0085 [Test seq (cond on sampled tp)] | Loss 10431.524414 | Likelihood -10439.407227 | KL fp 3.7461 | FP STD 0.0388|
KL coef: 0.5294133584143501
Train loss (one batch): 8841.658203125
Train CE loss (one batch): 0.0
Test MSE: 0.0209
Poisson likelihood: 0.0
CE loss: 0.0
Experiment 64826
Epoch 0086 [Test seq (cond on sampled tp)] | Loss 10358.209961 | Likelihood -10395.624023 | KL fp 3.8218 | FP STD 0.0367|
KL coef: 0.5341192248302067
Train loss (one batch): 9543.9423828125
Train CE loss (one batch): 0.0
Test MSE: 0.0208
Poisson likelihood: 0.0
CE loss: 0.0
Experiment 64826
Epoch 0087 [Test seq (cond on sampled tp)] | Loss 10312.461914 | Likelihood -10379.011719 | KL fp 3.8059 | FP STD 0.0363|
KL coef: 0.5387780325819045
Train loss (one batch): 9063.359375
Train CE loss (one batch): 0.0
Test MSE: 0.0208
Poisson likelihood: 0.0
CE loss: 0.0
Experiment 64826
Epoch 0088 [Test seq (cond on sampled tp)] | Loss 10281.517578 | Likelihood -10306.465820 | KL fp 3.8366 | FP STD 0.0356|
KL coef: 0.5433902522560855
Train loss (one batch): 9095.3251953125
Train CE loss (one batch): 0.0
Test MSE: 0.0206
Poisson likelihood: 0.0
CE loss: 0.0
Experiment 64826
Epoch 0089 [Test seq (cond on sampled tp)] | Loss 10124.623047 | Likelihood -10137.033203 | KL fp 3.8719 | FP STD 0.0338|
KL coef: 0.5479563497335247
Train loss (one batch): 8958.6650390625
Train CE loss (one batch): 0.0
Test MSE: 0.0203
Poisson likelihood: 0.0
CE loss: 0.0
Experiment 64826
Epoch 0090 [Test seq (cond on sampled tp)] | Loss 10385.561523 | Likelihood -10388.444336 | KL fp 3.8775 | FP STD 0.0346|
KL coef: 0.5524767862361895
Train loss (one batch): 8715.529296875
Train CE loss (one batch): 0.0
Test MSE: 0.0208
Poisson likelihood: 0.0
CE loss: 0.0
Experiment 64826
Epoch 0091 [Test seq (cond on sampled tp)] | Loss 9827.328125 | Likelihood -9877.950195 | KL fp 3.8586 | FP STD 0.0344|
KL coef: 0.5569520183738275
Train loss (one batch): 8965.982421875
Train CE loss (one batch): 0.0
Test MSE: 0.0198
Poisson likelihood: 0.0
CE loss: 0.0
Experiment 64826
Epoch 0092 [Test seq (cond on sampled tp)] | Loss 10106.652344 | Likelihood -10129.573242 | KL fp 3.8633 | FP STD 0.0353|
KL coef: 0.5613824981900892
Train loss (one batch): 8770.0048828125
Train CE loss (one batch): 0.0
Test MSE: 0.0203
Poisson likelihood: 0.0
CE loss: 0.0
Experiment 64826
Epoch 0093 [Test seq (cond on sampled tp)] | Loss 10094.811523 | Likelihood -10123.600586 | KL fp 3.8792 | FP STD 0.0344|
KL coef: 0.5657686732081884
Train loss (one batch): 8442.7080078125
Train CE loss (one batch): 0.0
Test MSE: 0.0203
Poisson likelihood: 0.0
CE loss: 0.0
Experiment 64826
Epoch 0094 [Test seq (cond on sampled tp)] | Loss 10072.191406 | Likelihood -10098.219727 | KL fp 3.9089 | FP STD 0.0343|
KL coef: 0.5701109864761065
Train loss (one batch): 9030.5810546875
Train CE loss (one batch): 0.0
Test MSE: 0.0202
Poisson likelihood: 0.0
CE loss: 0.0
Experiment 64826
Epoch 0095 [Test seq (cond on sampled tp)] | Loss 9686.769531 | Likelihood -9732.643555 | KL fp 3.8919 | FP STD 0.0340|
KL coef: 0.5744098766113455
Train loss (one batch): 8505.966796875
Train CE loss (one batch): 0.0
Test MSE: 0.0195
Poisson likelihood: 0.0
CE loss: 0.0
Experiment 64826
Epoch 0096 [Test seq (cond on sampled tp)] | Loss 9861.324219 | Likelihood -9870.973633 | KL fp 3.9283 | FP STD 0.0328|
KL coef: 0.578665777845232
Train loss (one batch): 8670.05078125
Train CE loss (one batch): 0.0
Test MSE: 0.0198
Poisson likelihood: 0.0
CE loss: 0.0
Experiment 64826
Epoch 0097 [Test seq (cond on sampled tp)] | Loss 9826.389648 | Likelihood -9885.743164 | KL fp 3.9142 | FP STD 0.0332|
KL coef: 0.5828791200667797
Train loss (one batch): 8619.9111328125
Train CE loss (one batch): 0.0
Test MSE: 0.0198
Poisson likelihood: 0.0
CE loss: 0.0
Experiment 64826
Epoch 0098 [Test seq (cond on sampled tp)] | Loss 9855.905273 | Likelihood -9914.797852 | KL fp 3.8868 | FP STD 0.0338|
KL coef: 0.5870503288661119
Train loss (one batch): 8312.193359375
Train CE loss (one batch): 0.0
Test MSE: 0.0198
Poisson likelihood: 0.0
CE loss: 0.0
Experiment 64826
Epoch 0099 [Test seq (cond on sampled tp)] | Loss 9850.990234 | Likelihood -9884.610352 | KL fp 3.9533 | FP STD 0.0331|
KL coef: 0.5911798255774507
Train loss (one batch): 9063.84765625
Train CE loss (one batch): 0.0
Test MSE: 0.0198
Poisson likelihood: 0.0
CE loss: 0.0
Experiment 64826
Epoch 0100 [Test seq (cond on sampled tp)] | Loss 9669.657227 | Likelihood -9697.034180 | KL fp 3.9168 | FP STD 0.0333|
KL coef: 0.5952680273216762
Train loss (one batch): 8887.2724609375
Train CE loss (one batch): 0.0
Test MSE: 0.0194
Poisson likelihood: 0.0
CE loss: 0.0
