/Users/deyiliu/Dropbox/UNC/G4/Spring/790/code/latent_ode-master/run_models.py
/Users/deyiliu/Dropbox/UNC/G4/Spring/790/code/latent_ode-master/run_models.py --niters 10 -n 1000 -l 15 --dataset hopper --latent-ode --z0-encoder rnn
Experiment 48521
Epoch 0001 [Test seq (cond on sampled tp)] | Loss 42754.066406 | Likelihood -42914.527344 | KL fp 3.4714 | FP STD 0.0932|
KL coef: 0.0
Train loss (one batch): 39228.75390625
Train CE loss (one batch): 0.0
Test MSE: 0.0858
Poisson likelihood: 0.0
CE loss: 0.0
Experiment 48521
Epoch 0002 [Test seq (cond on sampled tp)] | Loss 29116.994141 | Likelihood -29138.177734 | KL fp 4.0803 | FP STD 0.0394|
KL coef: 0.0
Train loss (one batch): 29295.58203125
Train CE loss (one batch): 0.0
Test MSE: 0.0583
Poisson likelihood: 0.0
CE loss: 0.0
Experiment 48521
Epoch 0003 [Test seq (cond on sampled tp)] | Loss 28299.998047 | Likelihood -28338.755859 | KL fp 3.6829 | FP STD 0.0491|
KL coef: 0.0
Train loss (one batch): 28161.23046875
Train CE loss (one batch): 0.0
Test MSE: 0.0567
Poisson likelihood: 0.0
CE loss: 0.0
Experiment 48521
Epoch 0004 [Test seq (cond on sampled tp)] | Loss 27852.490234 | Likelihood -27979.330078 | KL fp 3.7296 | FP STD 0.0464|
KL coef: 0.0
Train loss (one batch): 27526.751953125
Train CE loss (one batch): 0.0
Test MSE: 0.0560
Poisson likelihood: 0.0
CE loss: 0.0
Experiment 48521
Epoch 0005 [Test seq (cond on sampled tp)] | Loss 27657.634766 | Likelihood -27707.156250 | KL fp 3.3577 | FP STD 0.0576|
KL coef: 0.0
Train loss (one batch): 27476.23828125
Train CE loss (one batch): 0.0
Test MSE: 0.0554
Poisson likelihood: 0.0
CE loss: 0.0
Experiment 48521
Epoch 0006 [Test seq (cond on sampled tp)] | Loss 27104.835938 | Likelihood -27288.400391 | KL fp 3.5455 | FP STD 0.0542|
KL coef: 0.0
Train loss (one batch): 26698.107421875
Train CE loss (one batch): 0.0
Test MSE: 0.0546
Poisson likelihood: 0.0
CE loss: 0.0
Experiment 48521
Epoch 0007 [Test seq (cond on sampled tp)] | Loss 26428.851562 | Likelihood -26535.791016 | KL fp 3.7042 | FP STD 0.0503|
KL coef: 0.0
Train loss (one batch): 26326.3203125
Train CE loss (one batch): 0.0
Test MSE: 0.0531
Poisson likelihood: 0.0
CE loss: 0.0
Experiment 48521
Epoch 0008 [Test seq (cond on sampled tp)] | Loss 25150.453125 | Likelihood -25201.958984 | KL fp 4.2048 | FP STD 0.0317|
KL coef: 0.0
Train loss (one batch): 25106.837890625
Train CE loss (one batch): 0.0
Test MSE: 0.0504
Poisson likelihood: 0.0
CE loss: 0.0
Experiment 48521
Epoch 0009 [Test seq (cond on sampled tp)] | Loss 23187.462891 | Likelihood -23218.119141 | KL fp 3.8311 | FP STD 0.0438|
KL coef: 0.0
Train loss (one batch): 23148.357421875
Train CE loss (one batch): 0.0
Test MSE: 0.0464
Poisson likelihood: 0.0
CE loss: 0.0
Experiment 48521
Epoch 0010 [Test seq (cond on sampled tp)] | Loss 21491.748047 | Likelihood -21550.447266 | KL fp 3.8230 | FP STD 0.0433|
KL coef: 0.0
Train loss (one batch): 21476.09765625
Train CE loss (one batch): 0.0
Test MSE: 0.0431
Poisson likelihood: 0.0
CE loss: 0.0
