/Users/deyiliu/Dropbox/UNC/G4/Spring/790/code/latent_ode-master/run_models.py
run_models.py --niters 300 -n 1000 -l 15 --dataset hopper --latent-ode --z0-encoder trans -r 100
Experiment 58950
Epoch 0001 [Test seq (cond on sampled tp)] | Loss 43778.574219 | Likelihood -44535.156250 | KL fp 2.2791 | FP STD 0.2549|
KL coef: 0.0
Train loss (one batch): 46364.18359375
Train CE loss (one batch): 0.0
Test MSE: 0.0891
Poisson likelihood: 0.0
CE loss: 0.0
Experiment 58950
Epoch 0002 [Test seq (cond on sampled tp)] | Loss 30956.552734 | Likelihood -31177.560547 | KL fp 2.5697 | FP STD 0.1586|
KL coef: 0.0
Train loss (one batch): 29460.017578125
Train CE loss (one batch): 0.0
Test MSE: 0.0624
Poisson likelihood: 0.0
CE loss: 0.0
Experiment 58950
Epoch 0003 [Test seq (cond on sampled tp)] | Loss 27538.484375 | Likelihood -27761.794922 | KL fp 2.7758 | FP STD 0.1338|
KL coef: 0.0
Train loss (one batch): 28179.365234375
Train CE loss (one batch): 0.0
Test MSE: 0.0555
Poisson likelihood: 0.0
CE loss: 0.0
Experiment 58950
Epoch 0004 [Test seq (cond on sampled tp)] | Loss 25498.117188 | Likelihood -25594.601562 | KL fp 2.8857 | FP STD 0.1196|
KL coef: 0.0
Train loss (one batch): 25244.544921875
Train CE loss (one batch): 0.0
Test MSE: 0.0512
Poisson likelihood: 0.0
CE loss: 0.0
Experiment 58950
Epoch 0005 [Test seq (cond on sampled tp)] | Loss 23973.296875 | Likelihood -24011.572266 | KL fp 2.8985 | FP STD 0.1165|
KL coef: 0.0
Train loss (one batch): 22787.720703125
Train CE loss (one batch): 0.0
Test MSE: 0.0480
Poisson likelihood: 0.0
CE loss: 0.0
Experiment 58950
Epoch 0006 [Test seq (cond on sampled tp)] | Loss 22514.939453 | Likelihood -22811.978516 | KL fp 2.8912 | FP STD 0.1165|
KL coef: 0.0
Train loss (one batch): 20940.935546875
Train CE loss (one batch): 0.0
Test MSE: 0.0456
Poisson likelihood: 0.0
CE loss: 0.0
Experiment 58950
Epoch 0007 [Test seq (cond on sampled tp)] | Loss 21685.527344 | Likelihood -21703.101562 | KL fp 2.9498 | FP STD 0.1130|
KL coef: 0.0
Train loss (one batch): 20905.296875
Train CE loss (one batch): 0.0
Test MSE: 0.0434
Poisson likelihood: 0.0
CE loss: 0.0
Experiment 58950
Epoch 0008 [Test seq (cond on sampled tp)] | Loss 20796.255859 | Likelihood -20854.255859 | KL fp 2.9933 | FP STD 0.1083|
KL coef: 0.0
Train loss (one batch): 20048.55078125
Train CE loss (one batch): 0.0
Test MSE: 0.0417
Poisson likelihood: 0.0
CE loss: 0.0
Experiment 58950
Epoch 0009 [Test seq (cond on sampled tp)] | Loss 19700.072266 | Likelihood -19852.205078 | KL fp 2.9898 | FP STD 0.1059|
KL coef: 0.0
Train loss (one batch): 19036.224609375
Train CE loss (one batch): 0.0
Test MSE: 0.0397
Poisson likelihood: 0.0
CE loss: 0.0
Experiment 58950
Epoch 0010 [Test seq (cond on sampled tp)] | Loss 19692.699219 | Likelihood -19753.849609 | KL fp 2.9993 | FP STD 0.1044|
KL coef: 0.0
Train loss (one batch): 17720.150390625
Train CE loss (one batch): 0.0
Test MSE: 0.0395
Poisson likelihood: 0.0
CE loss: 0.0
Experiment 58950
Epoch 0011 [Test seq (cond on sampled tp)] | Loss 18569.412109 | Likelihood -18722.587891 | KL fp 3.0512 | FP STD 0.1006|
KL coef: 0.010000000000000009
Train loss (one batch): 18073.677734375
Train CE loss (one batch): 0.0
Test MSE: 0.0375
Poisson likelihood: 0.0
CE loss: 0.0
Experiment 58950
Epoch 0012 [Test seq (cond on sampled tp)] | Loss 17787.822266 | Likelihood -18020.896484 | KL fp 3.0435 | FP STD 0.1026|
KL coef: 0.01990000000000003
Train loss (one batch): 16687.80859375
Train CE loss (one batch): 0.0
Test MSE: 0.0361
Poisson likelihood: 0.0
CE loss: 0.0
Experiment 58950
Epoch 0013 [Test seq (cond on sampled tp)] | Loss 17284.568359 | Likelihood -17437.007812 | KL fp 3.0626 | FP STD 0.0995|
KL coef: 0.029700999999999977
Train loss (one batch): 16427.755859375
Train CE loss (one batch): 0.0
Test MSE: 0.0349
Poisson likelihood: 0.0
CE loss: 0.0
Experiment 58950
Epoch 0014 [Test seq (cond on sampled tp)] | Loss 16920.212891 | Likelihood -17042.796875 | KL fp 3.0394 | FP STD 0.1015|
KL coef: 0.039403990000000055
Train loss (one batch): 15756.1982421875
Train CE loss (one batch): 0.0
Test MSE: 0.0341
Poisson likelihood: 0.0
CE loss: 0.0
Experiment 58950
Epoch 0015 [Test seq (cond on sampled tp)] | Loss 16276.289062 | Likelihood -16442.863281 | KL fp 3.0391 | FP STD 0.0997|
KL coef: 0.04900995010000009
Train loss (one batch): 15597.5595703125
Train CE loss (one batch): 0.0
Test MSE: 0.0329
Poisson likelihood: 0.0
CE loss: 0.0
Experiment 58950
Epoch 0016 [Test seq (cond on sampled tp)] | Loss 15970.052734 | Likelihood -16041.471680 | KL fp 3.1003 | FP STD 0.0961|
KL coef: 0.058519850599
Train loss (one batch): 15144.3662109375
Train CE loss (one batch): 0.0
Test MSE: 0.0321
Poisson likelihood: 0.0
CE loss: 0.0
Experiment 58950
Epoch 0017 [Test seq (cond on sampled tp)] | Loss 15927.797852 | Likelihood -15961.909180 | KL fp 3.0567 | FP STD 0.1003|
KL coef: 0.06793465209301008
Train loss (one batch): 14549.16015625
Train CE loss (one batch): 0.0
Test MSE: 0.0319
Poisson likelihood: 0.0
CE loss: 0.0
Experiment 58950
Epoch 0018 [Test seq (cond on sampled tp)] | Loss 15152.426758 | Likelihood -15181.698242 | KL fp 3.0880 | FP STD 0.0930|
KL coef: 0.07725530557207994
Train loss (one batch): 13876.533203125
Train CE loss (one batch): 0.0
Test MSE: 0.0304
Poisson likelihood: 0.0
CE loss: 0.0
Experiment 58950
Epoch 0019 [Test seq (cond on sampled tp)] | Loss 15205.694336 | Likelihood -15301.219727 | KL fp 3.1178 | FP STD 0.0923|
KL coef: 0.08648275251635917
Train loss (one batch): 13836.9033203125
Train CE loss (one batch): 0.0
Test MSE: 0.0306
Poisson likelihood: 0.0
CE loss: 0.0
Experiment 58950
Epoch 0020 [Test seq (cond on sampled tp)] | Loss 14991.472656 | Likelihood -15052.807617 | KL fp 3.1025 | FP STD 0.0929|
KL coef: 0.09561792499119559
Train loss (one batch): 13521.8876953125
Train CE loss (one batch): 0.0
Test MSE: 0.0301
Poisson likelihood: 0.0
CE loss: 0.0
Experiment 58950
Epoch 0021 [Test seq (cond on sampled tp)] | Loss 14614.810547 | Likelihood -14639.300781 | KL fp 3.1434 | FP STD 0.0886|
KL coef: 0.10466174574128362
Train loss (one batch): 13045.1630859375
Train CE loss (one batch): 0.0
Test MSE: 0.0293
Poisson likelihood: 0.0
CE loss: 0.0
Experiment 58950
Epoch 0022 [Test seq (cond on sampled tp)] | Loss 14036.812500 | Likelihood -14126.268555 | KL fp 3.1447 | FP STD 0.0882|
KL coef: 0.11361512828387077
Train loss (one batch): 12460.6943359375
Train CE loss (one batch): 0.0
Test MSE: 0.0283
Poisson likelihood: 0.0
CE loss: 0.0
Experiment 58950
Epoch 0023 [Test seq (cond on sampled tp)] | Loss 13903.087891 | Likelihood -13955.284180 | KL fp 3.1696 | FP STD 0.0862|
KL coef: 0.12247897700103216
Train loss (one batch): 12074.25
Train CE loss (one batch): 0.0
Test MSE: 0.0279
Poisson likelihood: 0.0
CE loss: 0.0
Experiment 58950
Epoch 0024 [Test seq (cond on sampled tp)] | Loss 13556.225586 | Likelihood -13653.476562 | KL fp 3.1550 | FP STD 0.0890|
KL coef: 0.13125418723102178
Train loss (one batch): 12122.2861328125
Train CE loss (one batch): 0.0
Test MSE: 0.0273
Poisson likelihood: 0.0
CE loss: 0.0
Experiment 58950
Epoch 0025 [Test seq (cond on sampled tp)] | Loss 13325.986328 | Likelihood -13440.543945 | KL fp 3.1669 | FP STD 0.0867|
KL coef: 0.13994164535871156
Train loss (one batch): 11830.71484375
Train CE loss (one batch): 0.0
Test MSE: 0.0269
Poisson likelihood: 0.0
CE loss: 0.0
Experiment 58950
Epoch 0026 [Test seq (cond on sampled tp)] | Loss 13396.284180 | Likelihood -13422.911133 | KL fp 3.2404 | FP STD 0.0828|
KL coef: 0.14854222890512447
Train loss (one batch): 11868.1611328125
Train CE loss (one batch): 0.0
Test MSE: 0.0269
Poisson likelihood: 0.0
CE loss: 0.0
Experiment 58950
Epoch 0027 [Test seq (cond on sampled tp)] | Loss 13253.959961 | Likelihood -13261.241211 | KL fp 3.2475 | FP STD 0.0820|
KL coef: 0.15705680661607324
Train loss (one batch): 11589.708984375
Train CE loss (one batch): 0.0
Test MSE: 0.0265
Poisson likelihood: 0.0
CE loss: 0.0
Experiment 58950
Epoch 0028 [Test seq (cond on sampled tp)] | Loss 12742.392578 | Likelihood -12861.090820 | KL fp 3.2316 | FP STD 0.0802|
KL coef: 0.1654862385499125
Train loss (one batch): 11390.1083984375
Train CE loss (one batch): 0.0
Test MSE: 0.0257
Poisson likelihood: 0.0
CE loss: 0.0
Experiment 58950
Epoch 0029 [Test seq (cond on sampled tp)] | Loss 12556.301758 | Likelihood -12621.906250 | KL fp 3.2788 | FP STD 0.0793|
KL coef: 0.17383137616441335
Train loss (one batch): 11152.5615234375
Train CE loss (one batch): 0.0
Test MSE: 0.0253
Poisson likelihood: 0.0
CE loss: 0.0
Experiment 58950
Epoch 0030 [Test seq (cond on sampled tp)] | Loss 12498.661133 | Likelihood -12560.519531 | KL fp 3.2357 | FP STD 0.0813|
KL coef: 0.18209306240276923
Train loss (one batch): 11404.2529296875
Train CE loss (one batch): 0.0
Test MSE: 0.0251
Poisson likelihood: 0.0
CE loss: 0.0
Experiment 58950
Epoch 0031 [Test seq (cond on sampled tp)] | Loss 12353.389648 | Likelihood -12441.583008 | KL fp 3.2834 | FP STD 0.0816|
KL coef: 0.19027213177874158
Train loss (one batch): 10768.521484375
Train CE loss (one batch): 0.0
Test MSE: 0.0249
Poisson likelihood: 0.0
CE loss: 0.0
Experiment 58950
Epoch 0032 [Test seq (cond on sampled tp)] | Loss 12007.607422 | Likelihood -12044.848633 | KL fp 3.2461 | FP STD 0.0798|
KL coef: 0.19836941046095413
Train loss (one batch): 10490.7861328125
Train CE loss (one batch): 0.0
Test MSE: 0.0241
Poisson likelihood: 0.0
CE loss: 0.0
Experiment 58950
Epoch 0033 [Test seq (cond on sampled tp)] | Loss 11735.926758 | Likelihood -11744.936523 | KL fp 3.2671 | FP STD 0.0792|
KL coef: 0.20638571635634462
Train loss (one batch): 10099.0654296875
Train CE loss (one batch): 0.0
Test MSE: 0.0235
Poisson likelihood: 0.0
CE loss: 0.0
Experiment 58950
Epoch 0034 [Test seq (cond on sampled tp)] | Loss 11504.832031 | Likelihood -11581.492188 | KL fp 3.3009 | FP STD 0.0774|
KL coef: 0.21432185919278124
Train loss (one batch): 10231.125
Train CE loss (one batch): 0.0
Test MSE: 0.0232
Poisson likelihood: 0.0
CE loss: 0.0
Experiment 58950
Epoch 0035 [Test seq (cond on sampled tp)] | Loss 11536.146484 | Likelihood -11547.782227 | KL fp 3.2588 | FP STD 0.0767|
KL coef: 0.22217864060085335
Train loss (one batch): 9916.787109375
Train CE loss (one batch): 0.0
Test MSE: 0.0231
Poisson likelihood: 0.0
CE loss: 0.0
Experiment 58950
Epoch 0036 [Test seq (cond on sampled tp)] | Loss 11454.706055 | Likelihood -11558.137695 | KL fp 3.2868 | FP STD 0.0763|
KL coef: 0.2299568541948449
Train loss (one batch): 9846.4150390625
Train CE loss (one batch): 0.0
Test MSE: 0.0231
Poisson likelihood: 0.0
CE loss: 0.0
Experiment 58950
Epoch 0037 [Test seq (cond on sampled tp)] | Loss 11255.438477 | Likelihood -11300.511719 | KL fp 3.3020 | FP STD 0.0759|
KL coef: 0.23765728565289646
Train loss (one batch): 9531.8330078125
Train CE loss (one batch): 0.0
Test MSE: 0.0226
Poisson likelihood: 0.0
CE loss: 0.0
Experiment 58950
Epoch 0038 [Test seq (cond on sampled tp)] | Loss 11269.929688 | Likelihood -11340.411133 | KL fp 3.3048 | FP STD 0.0764|
KL coef: 0.24528071279636743
Train loss (one batch): 9531.8251953125
Train CE loss (one batch): 0.0
Test MSE: 0.0227
Poisson likelihood: 0.0
CE loss: 0.0
Experiment 58950
Epoch 0039 [Test seq (cond on sampled tp)] | Loss 10874.208008 | Likelihood -10938.338867 | KL fp 3.3541 | FP STD 0.0726|
KL coef: 0.25282790566840385
Train loss (one batch): 9403.505859375
Train CE loss (one batch): 0.0
Test MSE: 0.0219
Poisson likelihood: 0.0
CE loss: 0.0
Experiment 58950
Epoch 0040 [Test seq (cond on sampled tp)] | Loss 10842.494141 | Likelihood -10889.852539 | KL fp 3.3272 | FP STD 0.0749|
KL coef: 0.2602996266117198
Train loss (one batch): 8759.4111328125
Train CE loss (one batch): 0.0
Test MSE: 0.0218
Poisson likelihood: 0.0
CE loss: 0.0
Experiment 58950
Epoch 0041 [Test seq (cond on sampled tp)] | Loss 10655.185547 | Likelihood -10743.098633 | KL fp 3.3356 | FP STD 0.0725|
KL coef: 0.26769663034560254
Train loss (one batch): 8560.1923828125
Train CE loss (one batch): 0.0
Test MSE: 0.0215
Poisson likelihood: 0.0
CE loss: 0.0
Experiment 58950
Epoch 0042 [Test seq (cond on sampled tp)] | Loss 10511.132812 | Likelihood -10551.676758 | KL fp 3.4194 | FP STD 0.0710|
KL coef: 0.2750196640421466
Train loss (one batch): 8228.0615234375
Train CE loss (one batch): 0.0
Test MSE: 0.0211
Poisson likelihood: 0.0
CE loss: 0.0
Experiment 58950
Epoch 0043 [Test seq (cond on sampled tp)] | Loss 10364.285156 | Likelihood -10373.172852 | KL fp 3.3340 | FP STD 0.0723|
KL coef: 0.2822694674017251
Train loss (one batch): 8307.9072265625
Train CE loss (one batch): 0.0
Test MSE: 0.0208
Poisson likelihood: 0.0
CE loss: 0.0
Experiment 58950
Epoch 0044 [Test seq (cond on sampled tp)] | Loss 10094.392578 | Likelihood -10158.261719 | KL fp 3.3560 | FP STD 0.0721|
KL coef: 0.2894467727277079
Train loss (one batch): 8617.2421875
Train CE loss (one batch): 0.0
Test MSE: 0.0203
Poisson likelihood: 0.0
CE loss: 0.0
Experiment 58950
Epoch 0045 [Test seq (cond on sampled tp)] | Loss 10125.008789 | Likelihood -10193.784180 | KL fp 3.3235 | FP STD 0.0743|
KL coef: 0.29655230500043084
Train loss (one batch): 8364.513671875
Train CE loss (one batch): 0.0
Test MSE: 0.0204
Poisson likelihood: 0.0
CE loss: 0.0
Experiment 58950
Epoch 0046 [Test seq (cond on sampled tp)] | Loss 9937.911133 | Likelihood -9976.517578 | KL fp 3.3515 | FP STD 0.0735|
KL coef: 0.30358678195042654
Train loss (one batch): 8396.1357421875
Train CE loss (one batch): 0.0
Test MSE: 0.0200
Poisson likelihood: 0.0
CE loss: 0.0
Experiment 58950
Epoch 0047 [Test seq (cond on sampled tp)] | Loss 9862.574219 | Likelihood -9873.261719 | KL fp 3.3969 | FP STD 0.0714|
KL coef: 0.3105509141309223
Train loss (one batch): 7727.7080078125
Train CE loss (one batch): 0.0
Test MSE: 0.0198
Poisson likelihood: 0.0
CE loss: 0.0
Experiment 58950
Epoch 0048 [Test seq (cond on sampled tp)] | Loss 9663.916992 | Likelihood -9683.637695 | KL fp 3.3683 | FP STD 0.0715|
KL coef: 0.31744540498961304
Train loss (one batch): 7507.794921875
Train CE loss (one batch): 0.0
Test MSE: 0.0194
Poisson likelihood: 0.0
CE loss: 0.0
Experiment 58950
Epoch 0049 [Test seq (cond on sampled tp)] | Loss 9440.215820 | Likelihood -9483.886719 | KL fp 3.4544 | FP STD 0.0666|
KL coef: 0.3242709509397169
Train loss (one batch): 7730.421875
Train CE loss (one batch): 0.0
Test MSE: 0.0190
Poisson likelihood: 0.0
CE loss: 0.0
Experiment 58950
Epoch 0050 [Test seq (cond on sampled tp)] | Loss 9680.934570 | Likelihood -9726.475586 | KL fp 3.3944 | FP STD 0.0703|
KL coef: 0.3310282414303197
Train loss (one batch): 7353.806640625
Train CE loss (one batch): 0.0
Test MSE: 0.0195
Poisson likelihood: 0.0
CE loss: 0.0
Experiment 58950
Epoch 0051 [Test seq (cond on sampled tp)] | Loss 9574.500000 | Likelihood -9619.863281 | KL fp 3.4242 | FP STD 0.0681|
KL coef: 0.33771795901601653
Train loss (one batch): 7756.078125
Train CE loss (one batch): 0.0
Test MSE: 0.0193
Poisson likelihood: 0.0
CE loss: 0.0
Experiment 58950
Epoch 0052 [Test seq (cond on sampled tp)] | Loss 9251.321289 | Likelihood -9264.411133 | KL fp 3.4400 | FP STD 0.0670|
KL coef: 0.3443407794258564
Train loss (one batch): 7439.11962890625
Train CE loss (one batch): 0.0
Test MSE: 0.0185
Poisson likelihood: 0.0
CE loss: 0.0
Experiment 58950
Epoch 0053 [Test seq (cond on sampled tp)] | Loss 9107.135742 | Likelihood -9167.387695 | KL fp 3.4499 | FP STD 0.0657|
KL coef: 0.35089737163159784
Train loss (one batch): 7415.595703125
Train CE loss (one batch): 0.0
Test MSE: 0.0183
Poisson likelihood: 0.0
CE loss: 0.0
Experiment 58950
Epoch 0054 [Test seq (cond on sampled tp)] | Loss 9032.550781 | Likelihood -9071.268555 | KL fp 3.4929 | FP STD 0.0628|
KL coef: 0.3573883979152819
Train loss (one batch): 7392.34228515625
Train CE loss (one batch): 0.0
Test MSE: 0.0182
Poisson likelihood: 0.0
CE loss: 0.0
Experiment 58950
Epoch 0055 [Test seq (cond on sampled tp)] | Loss 9338.664062 | Likelihood -9356.343750 | KL fp 3.4732 | FP STD 0.0638|
KL coef: 0.36381451393612907
Train loss (one batch): 7153.51171875
Train CE loss (one batch): 0.0
Test MSE: 0.0187
Poisson likelihood: 0.0
CE loss: 0.0
Experiment 58950
Epoch 0056 [Test seq (cond on sampled tp)] | Loss 8925.004883 | Likelihood -8940.515625 | KL fp 3.4874 | FP STD 0.0645|
KL coef: 0.37017636879676774
Train loss (one batch): 7371.4482421875
Train CE loss (one batch): 0.0
Test MSE: 0.0179
Poisson likelihood: 0.0
CE loss: 0.0
Experiment 58950
Epoch 0057 [Test seq (cond on sampled tp)] | Loss 8798.517578 | Likelihood -8859.331055 | KL fp 3.4858 | FP STD 0.0654|
KL coef: 0.37647460510880004
Train loss (one batch): 7203.966796875
Train CE loss (one batch): 0.0
Test MSE: 0.0177
Poisson likelihood: 0.0
CE loss: 0.0
Experiment 58950
Epoch 0058 [Test seq (cond on sampled tp)] | Loss 8813.916992 | Likelihood -8833.485352 | KL fp 3.4379 | FP STD 0.0658|
KL coef: 0.38270985905771204
Train loss (one batch): 6989.1533203125
Train CE loss (one batch): 0.0
Test MSE: 0.0177
Poisson likelihood: 0.0
CE loss: 0.0
Experiment 58950
Epoch 0059 [Test seq (cond on sampled tp)] | Loss 8638.142578 | Likelihood -8654.313477 | KL fp 3.5147 | FP STD 0.0625|
KL coef: 0.388882760467135
Train loss (one batch): 7030.509765625
Train CE loss (one batch): 0.0
Test MSE: 0.0173
Poisson likelihood: 0.0
CE loss: 0.0
Experiment 58950
Epoch 0060 [Test seq (cond on sampled tp)] | Loss 8671.054688 | Likelihood -8701.731445 | KL fp 3.4637 | FP STD 0.0624|
KL coef: 0.39499393286246365
Train loss (one batch): 6740.10791015625
Train CE loss (one batch): 0.0
Test MSE: 0.0174
Poisson likelihood: 0.0
CE loss: 0.0
Experiment 58950
Epoch 0061 [Test seq (cond on sampled tp)] | Loss 8780.503906 | Likelihood -8794.246094 | KL fp 3.4838 | FP STD 0.0628|
KL coef: 0.401043993533839
Train loss (one batch): 7001.3779296875
Train CE loss (one batch): 0.0
Test MSE: 0.0176
Poisson likelihood: 0.0
CE loss: 0.0
Experiment 58950
Epoch 0062 [Test seq (cond on sampled tp)] | Loss 8605.484375 | Likelihood -8623.527344 | KL fp 3.6003 | FP STD 0.0574|
KL coef: 0.4070335535985006
Train loss (one batch): 6850.83154296875
Train CE loss (one batch): 0.0
Test MSE: 0.0173
Poisson likelihood: 0.0
CE loss: 0.0
Experiment 58950
Epoch 0063 [Test seq (cond on sampled tp)] | Loss 8468.809570 | Likelihood -8552.282227 | KL fp 3.5351 | FP STD 0.0603|
KL coef: 0.41296321806251557
Train loss (one batch): 6607.732421875
Train CE loss (one batch): 0.0
Test MSE: 0.0171
Poisson likelihood: 0.0
CE loss: 0.0
Experiment 58950
Epoch 0064 [Test seq (cond on sampled tp)] | Loss 8503.989258 | Likelihood -8538.590820 | KL fp 3.5611 | FP STD 0.0611|
KL coef: 0.41883358588189046
Train loss (one batch): 6733.38427734375
Train CE loss (one batch): 0.0
Test MSE: 0.0171
Poisson likelihood: 0.0
CE loss: 0.0
Experiment 58950
Epoch 0065 [Test seq (cond on sampled tp)] | Loss 8603.008789 | Likelihood -8640.220703 | KL fp 3.4927 | FP STD 0.0610|
KL coef: 0.4246452500230715
Train loss (one batch): 6565.837890625
Train CE loss (one batch): 0.0
Test MSE: 0.0173
Poisson likelihood: 0.0
CE loss: 0.0
Experiment 58950
Epoch 0066 [Test seq (cond on sampled tp)] | Loss 8332.374023 | Likelihood -8372.138672 | KL fp 3.6262 | FP STD 0.0567|
KL coef: 0.4303987975228408
Train loss (one batch): 6382.5087890625
Train CE loss (one batch): 0.0
Test MSE: 0.0168
Poisson likelihood: 0.0
CE loss: 0.0
Experiment 58950
Epoch 0067 [Test seq (cond on sampled tp)] | Loss 8239.112305 | Likelihood -8278.104492 | KL fp 3.5764 | FP STD 0.0566|
KL coef: 0.4360948095476125
Train loss (one batch): 6564.03759765625
Train CE loss (one batch): 0.0
Test MSE: 0.0166
Poisson likelihood: 0.0
CE loss: 0.0
Experiment 58950
Epoch 0068 [Test seq (cond on sampled tp)] | Loss 8460.092773 | Likelihood -8501.469727 | KL fp 3.5533 | FP STD 0.0581|
KL coef: 0.44173386145213633
Train loss (one batch): 6483.70458984375
Train CE loss (one batch): 0.0
Test MSE: 0.0170
Poisson likelihood: 0.0
CE loss: 0.0
Experiment 58950
Epoch 0069 [Test seq (cond on sampled tp)] | Loss 8111.240234 | Likelihood -8158.705078 | KL fp 3.5969 | FP STD 0.0560|
KL coef: 0.4473165228376149
Train loss (one batch): 6564.53466796875
Train CE loss (one batch): 0.0
Test MSE: 0.0163
Poisson likelihood: 0.0
CE loss: 0.0
Experiment 58950
Epoch 0070 [Test seq (cond on sampled tp)] | Loss 8269.835938 | Likelihood -8311.253906 | KL fp 3.6122 | FP STD 0.0557|
KL coef: 0.4528433576092388
Train loss (one batch): 6224.6396484375
Train CE loss (one batch): 0.0
Test MSE: 0.0166
Poisson likelihood: 0.0
CE loss: 0.0
Experiment 58950
Epoch 0071 [Test seq (cond on sampled tp)] | Loss 7874.481445 | Likelihood -7939.135254 | KL fp 3.6716 | FP STD 0.0531|
KL coef: 0.45831492403314644
Train loss (one batch): 6290.19677734375
Train CE loss (one batch): 0.0
Test MSE: 0.0159
Poisson likelihood: 0.0
CE loss: 0.0
Experiment 58950
Epoch 0072 [Test seq (cond on sampled tp)] | Loss 8155.429688 | Likelihood -8216.139648 | KL fp 3.5984 | FP STD 0.0559|
KL coef: 0.463731774792815
Train loss (one batch): 6399.7158203125
Train CE loss (one batch): 0.0
Test MSE: 0.0164
Poisson likelihood: 0.0
CE loss: 0.0
Experiment 58950
Epoch 0073 [Test seq (cond on sampled tp)] | Loss 7870.171387 | Likelihood -7910.410645 | KL fp 3.6251 | FP STD 0.0557|
KL coef: 0.46909445704488684
Train loss (one batch): 6480.52197265625
Train CE loss (one batch): 0.0
Test MSE: 0.0158
Poisson likelihood: 0.0
CE loss: 0.0
Experiment 58950
Epoch 0074 [Test seq (cond on sampled tp)] | Loss 8048.975098 | Likelihood -8099.127441 | KL fp 3.6120 | FP STD 0.0561|
KL coef: 0.474403512474438
Train loss (one batch): 6240.60009765625
Train CE loss (one batch): 0.0
Test MSE: 0.0162
Poisson likelihood: 0.0
CE loss: 0.0
Experiment 58950
Epoch 0075 [Test seq (cond on sampled tp)] | Loss 7949.910156 | Likelihood -7972.550781 | KL fp 3.6427 | FP STD 0.0530|
KL coef: 0.4796594773496936
Train loss (one batch): 6296.8251953125
Train CE loss (one batch): 0.0
Test MSE: 0.0160
Poisson likelihood: 0.0
CE loss: 0.0
Experiment 58950
Epoch 0076 [Test seq (cond on sampled tp)] | Loss 7941.310547 | Likelihood -8002.761230 | KL fp 3.6153 | FP STD 0.0543|
KL coef: 0.4848628825761967
Train loss (one batch): 6242.06689453125
Train CE loss (one batch): 0.0
Test MSE: 0.0160
Poisson likelihood: 0.0
CE loss: 0.0
Experiment 58950
Epoch 0077 [Test seq (cond on sampled tp)] | Loss 7781.488770 | Likelihood -7847.583496 | KL fp 3.6216 | FP STD 0.0537|
KL coef: 0.4900142537504347
Train loss (one batch): 6445.72900390625
Train CE loss (one batch): 0.0
Test MSE: 0.0157
Poisson likelihood: 0.0
CE loss: 0.0
Experiment 58950
Epoch 0078 [Test seq (cond on sampled tp)] | Loss 7740.156250 | Likelihood -7825.300781 | KL fp 3.6529 | FP STD 0.0524|
KL coef: 0.49511411121293036
Train loss (one batch): 6084.16162109375
Train CE loss (one batch): 0.0
Test MSE: 0.0157
Poisson likelihood: 0.0
CE loss: 0.0
Experiment 58950
Epoch 0079 [Test seq (cond on sampled tp)] | Loss 7946.841309 | Likelihood -8013.271484 | KL fp 3.6675 | FP STD 0.0521|
KL coef: 0.500162970100801
Train loss (one batch): 6252.134765625
Train CE loss (one batch): 0.0
Test MSE: 0.0160
Poisson likelihood: 0.0
CE loss: 0.0
Experiment 58950
Epoch 0080 [Test seq (cond on sampled tp)] | Loss 7758.840820 | Likelihood -7759.150391 | KL fp 3.7264 | FP STD 0.0510|
KL coef: 0.505161340399793
Train loss (one batch): 5978.11083984375
Train CE loss (one batch): 0.0
Test MSE: 0.0155
Poisson likelihood: 0.0
CE loss: 0.0
Experiment 58950
Epoch 0081 [Test seq (cond on sampled tp)] | Loss 7857.572754 | Likelihood -7863.125000 | KL fp 3.6858 | FP STD 0.0514|
KL coef: 0.510109726995795
Train loss (one batch): 6194.244140625
Train CE loss (one batch): 0.0
Test MSE: 0.0157
Poisson likelihood: 0.0
CE loss: 0.0
Experiment 58950
Epoch 0082 [Test seq (cond on sampled tp)] | Loss 7702.613770 | Likelihood -7736.177734 | KL fp 3.7112 | FP STD 0.0510|
KL coef: 0.5150086297258372
Train loss (one batch): 5868.638671875
Train CE loss (one batch): 0.0
Test MSE: 0.0155
Poisson likelihood: 0.0
CE loss: 0.0
Experiment 58950
Epoch 0083 [Test seq (cond on sampled tp)] | Loss 7403.986328 | Likelihood -7451.697754 | KL fp 3.7405 | FP STD 0.0489|
KL coef: 0.5198585434285787
Train loss (one batch): 5656.2421875
Train CE loss (one batch): 0.0
Test MSE: 0.0149
Poisson likelihood: 0.0
CE loss: 0.0
Experiment 58950
Epoch 0084 [Test seq (cond on sampled tp)] | Loss 7732.610840 | Likelihood -7762.537598 | KL fp 3.6574 | FP STD 0.0523|
KL coef: 0.524659957994293
Train loss (one batch): 5606.197265625
Train CE loss (one batch): 0.0
Test MSE: 0.0155
Poisson likelihood: 0.0
CE loss: 0.0
Experiment 58950
Epoch 0085 [Test seq (cond on sampled tp)] | Loss 7711.030273 | Likelihood -7756.138672 | KL fp 3.7155 | FP STD 0.0498|
KL coef: 0.5294133584143501
Train loss (one batch): 6043.94580078125
Train CE loss (one batch): 0.0
Test MSE: 0.0155
Poisson likelihood: 0.0
CE loss: 0.0
Experiment 58950
Epoch 0086 [Test seq (cond on sampled tp)] | Loss 7513.278809 | Likelihood -7542.645020 | KL fp 3.6924 | FP STD 0.0519|
KL coef: 0.5341192248302067
Train loss (one batch): 5486.07568359375
Train CE loss (one batch): 0.0
Test MSE: 0.0151
Poisson likelihood: 0.0
CE loss: 0.0
Experiment 58950
Epoch 0087 [Test seq (cond on sampled tp)] | Loss 7658.110840 | Likelihood -7689.119629 | KL fp 3.6798 | FP STD 0.0506|
KL coef: 0.5387780325819045
Train loss (one batch): 5811.734375
Train CE loss (one batch): 0.0
Test MSE: 0.0154
Poisson likelihood: 0.0
CE loss: 0.0
Experiment 58950
Epoch 0088 [Test seq (cond on sampled tp)] | Loss 7307.522461 | Likelihood -7335.117188 | KL fp 3.7975 | FP STD 0.0472|
KL coef: 0.5433902522560855
Train loss (one batch): 5626.16015625
Train CE loss (one batch): 0.0
Test MSE: 0.0147
Poisson likelihood: 0.0
CE loss: 0.0
Experiment 58950
Epoch 0089 [Test seq (cond on sampled tp)] | Loss 7442.962891 | Likelihood -7477.246094 | KL fp 3.7353 | FP STD 0.0482|
KL coef: 0.5479563497335247
Train loss (one batch): 5674.35791015625
Train CE loss (one batch): 0.0
Test MSE: 0.0150
Poisson likelihood: 0.0
CE loss: 0.0
Experiment 58950
Epoch 0090 [Test seq (cond on sampled tp)] | Loss 7427.437012 | Likelihood -7457.587891 | KL fp 3.7758 | FP STD 0.0473|
KL coef: 0.5524767862361895
Train loss (one batch): 5728.97900390625
Train CE loss (one batch): 0.0
Test MSE: 0.0149
Poisson likelihood: 0.0
CE loss: 0.0
Experiment 58950
Epoch 0091 [Test seq (cond on sampled tp)] | Loss 7291.882812 | Likelihood -7309.281250 | KL fp 3.7350 | FP STD 0.0480|
KL coef: 0.5569520183738275
Train loss (one batch): 5507.90625
Train CE loss (one batch): 0.0
Test MSE: 0.0146
Poisson likelihood: 0.0
CE loss: 0.0
Experiment 58950
Epoch 0092 [Test seq (cond on sampled tp)] | Loss 7127.843750 | Likelihood -7139.178223 | KL fp 3.8104 | FP STD 0.0466|
KL coef: 0.5613824981900892
Train loss (one batch): 5657.2021484375
Train CE loss (one batch): 0.0
Test MSE: 0.0143
Poisson likelihood: 0.0
CE loss: 0.0
Experiment 58950
Epoch 0093 [Test seq (cond on sampled tp)] | Loss 7437.960449 | Likelihood -7463.048340 | KL fp 3.6967 | FP STD 0.0497|
KL coef: 0.5657686732081884
Train loss (one batch): 6022.7041015625
Train CE loss (one batch): 0.0
Test MSE: 0.0149
Poisson likelihood: 0.0
CE loss: 0.0
Experiment 58950
Epoch 0094 [Test seq (cond on sampled tp)] | Loss 7308.709961 | Likelihood -7350.394043 | KL fp 3.7547 | FP STD 0.0467|
KL coef: 0.5701109864761065
Train loss (one batch): 5484.80322265625
Train CE loss (one batch): 0.0
Test MSE: 0.0147
Poisson likelihood: 0.0
CE loss: 0.0
Experiment 58950
Epoch 0095 [Test seq (cond on sampled tp)] | Loss 7102.357910 | Likelihood -7146.804688 | KL fp 3.7482 | FP STD 0.0473|
KL coef: 0.5744098766113455
Train loss (one batch): 5882.05810546875
Train CE loss (one batch): 0.0
Test MSE: 0.0143
Poisson likelihood: 0.0
CE loss: 0.0
Experiment 58950
Epoch 0096 [Test seq (cond on sampled tp)] | Loss 7234.862793 | Likelihood -7263.993652 | KL fp 3.7841 | FP STD 0.0469|
KL coef: 0.578665777845232
Train loss (one batch): 5576.20361328125
Train CE loss (one batch): 0.0
Test MSE: 0.0145
Poisson likelihood: 0.0
CE loss: 0.0
Experiment 58950
Epoch 0097 [Test seq (cond on sampled tp)] | Loss 7385.979004 | Likelihood -7399.408691 | KL fp 3.7683 | FP STD 0.0468|
KL coef: 0.5828791200667797
Train loss (one batch): 5529.6328125
Train CE loss (one batch): 0.0
Test MSE: 0.0148
Poisson likelihood: 0.0
CE loss: 0.0
Experiment 58950
Epoch 0098 [Test seq (cond on sampled tp)] | Loss 7152.916016 | Likelihood -7194.237793 | KL fp 3.7893 | FP STD 0.0453|
KL coef: 0.5870503288661119
Train loss (one batch): 5529.3447265625
Train CE loss (one batch): 0.0
Test MSE: 0.0144
Poisson likelihood: 0.0
CE loss: 0.0
Experiment 58950
Epoch 0099 [Test seq (cond on sampled tp)] | Loss 7220.150879 | Likelihood -7258.917480 | KL fp 3.7184 | FP STD 0.0484|
KL coef: 0.5911798255774507
Train loss (one batch): 5367.82080078125
Train CE loss (one batch): 0.0
Test MSE: 0.0145
Poisson likelihood: 0.0
CE loss: 0.0
Experiment 58950
Epoch 0100 [Test seq (cond on sampled tp)] | Loss 7176.816406 | Likelihood -7221.657715 | KL fp 3.7669 | FP STD 0.0457|
KL coef: 0.5952680273216762
Train loss (one batch): 5159.0078125
Train CE loss (one batch): 0.0
Test MSE: 0.0145
Poisson likelihood: 0.0
CE loss: 0.0
Experiment 58950
Epoch 0101 [Test seq (cond on sampled tp)] | Loss 7102.336914 | Likelihood -7144.296387 | KL fp 3.7694 | FP STD 0.0463|
KL coef: 0.5993153470484595
Train loss (one batch): 5485.05029296875
Train CE loss (one batch): 0.0
Test MSE: 0.0143
Poisson likelihood: 0.0
CE loss: 0.0
Experiment 58950
Epoch 0102 [Test seq (cond on sampled tp)] | Loss 7030.301270 | Likelihood -7065.255371 | KL fp 3.8298 | FP STD 0.0450|
KL coef: 0.6033221935779749
Train loss (one batch): 5170.53076171875
Train CE loss (one batch): 0.0
Test MSE: 0.0141
Poisson likelihood: 0.0
CE loss: 0.0
Experiment 58950
Epoch 0103 [Test seq (cond on sampled tp)] | Loss 7091.984375 | Likelihood -7117.034668 | KL fp 3.8419 | FP STD 0.0441|
KL coef: 0.6072889716421952
Train loss (one batch): 5285.228515625
Train CE loss (one batch): 0.0
Test MSE: 0.0142
Poisson likelihood: 0.0
CE loss: 0.0
Experiment 58950
Epoch 0104 [Test seq (cond on sampled tp)] | Loss 7139.124023 | Likelihood -7187.658203 | KL fp 3.7866 | FP STD 0.0455|
KL coef: 0.6112160819257733
Train loss (one batch): 5472.216796875
Train CE loss (one batch): 0.0
Test MSE: 0.0144
Poisson likelihood: 0.0
CE loss: 0.0
Experiment 58950
Epoch 0105 [Test seq (cond on sampled tp)] | Loss 7148.201172 | Likelihood -7159.621094 | KL fp 3.7913 | FP STD 0.0459|
KL coef: 0.6151039211065155
Train loss (one batch): 5557.490234375
Train CE loss (one batch): 0.0
Test MSE: 0.0143
Poisson likelihood: 0.0
CE loss: 0.0
Experiment 58950
Epoch 0106 [Test seq (cond on sampled tp)] | Loss 6875.276855 | Likelihood -6925.022949 | KL fp 3.7979 | FP STD 0.0451|
KL coef: 0.6189528818954504
Train loss (one batch): 5486.94580078125
Train CE loss (one batch): 0.0
Test MSE: 0.0139
Poisson likelihood: 0.0
CE loss: 0.0
Experiment 58950
Epoch 0107 [Test seq (cond on sampled tp)] | Loss 6986.502441 | Likelihood -7024.990234 | KL fp 3.7866 | FP STD 0.0452|
KL coef: 0.6227633530764958
Train loss (one batch): 5512.46533203125
Train CE loss (one batch): 0.0
Test MSE: 0.0141
Poisson likelihood: 0.0
CE loss: 0.0
Experiment 58950
Epoch 0108 [Test seq (cond on sampled tp)] | Loss 6950.098633 | Likelihood -6962.767090 | KL fp 3.8334 | FP STD 0.0437|
KL coef: 0.6265357195457308
Train loss (one batch): 5516.640625
Train CE loss (one batch): 0.0
Test MSE: 0.0139
Poisson likelihood: 0.0
CE loss: 0.0
Experiment 58950
Epoch 0109 [Test seq (cond on sampled tp)] | Loss 6870.210938 | Likelihood -6885.873535 | KL fp 3.8431 | FP STD 0.0438|
KL coef: 0.6302703623502736
Train loss (one batch): 5159.0712890625
Train CE loss (one batch): 0.0
Test MSE: 0.0138
Poisson likelihood: 0.0
CE loss: 0.0
Experiment 58950
Epoch 0110 [Test seq (cond on sampled tp)] | Loss 6841.711914 | Likelihood -6862.488281 | KL fp 3.7989 | FP STD 0.0430|
KL coef: 0.6339676587267709
Train loss (one batch): 5456.8486328125
Train CE loss (one batch): 0.0
Test MSE: 0.0137
Poisson likelihood: 0.0
CE loss: 0.0
Experiment 58950
Epoch 0111 [Test seq (cond on sampled tp)] | Loss 6734.769531 | Likelihood -6785.700684 | KL fp 3.8280 | FP STD 0.0435|
KL coef: 0.6376279821395031
Train loss (one batch): 5188.0888671875
Train CE loss (one batch): 0.0
Test MSE: 0.0136
Poisson likelihood: 0.0
CE loss: 0.0
Experiment 58950
Epoch 0112 [Test seq (cond on sampled tp)] | Loss 6761.804199 | Likelihood -6773.075684 | KL fp 3.8482 | FP STD 0.0435|
KL coef: 0.6412517023181081
Train loss (one batch): 5171.50244140625
Train CE loss (one batch): 0.0
Test MSE: 0.0136
Poisson likelihood: 0.0
CE loss: 0.0
Experiment 58950
Epoch 0113 [Test seq (cond on sampled tp)] | Loss 6775.911133 | Likelihood -6794.227051 | KL fp 3.8666 | FP STD 0.0426|
KL coef: 0.644839185294927
Train loss (one batch): 5419.513671875
Train CE loss (one batch): 0.0
Test MSE: 0.0136
Poisson likelihood: 0.0
CE loss: 0.0
Experiment 58950
Epoch 0114 [Test seq (cond on sampled tp)] | Loss 6652.967285 | Likelihood -6680.119141 | KL fp 3.8123 | FP STD 0.0435|
KL coef: 0.6483907934419777
Train loss (one batch): 5144.26953125
Train CE loss (one batch): 0.0
Test MSE: 0.0134
Poisson likelihood: 0.0
CE loss: 0.0
Experiment 58950
Epoch 0115 [Test seq (cond on sampled tp)] | Loss 6752.558105 | Likelihood -6789.044922 | KL fp 3.8702 | FP STD 0.0415|
KL coef: 0.651906885507558
Train loss (one batch): 5225.8828125
Train CE loss (one batch): 0.0
Test MSE: 0.0136
Poisson likelihood: 0.0
CE loss: 0.0
Experiment 58950
Epoch 0116 [Test seq (cond on sampled tp)] | Loss 6586.656250 | Likelihood -6626.399902 | KL fp 3.8951 | FP STD 0.0415|
KL coef: 0.6553878166524825
Train loss (one batch): 5345.12451171875
Train CE loss (one batch): 0.0
Test MSE: 0.0133
Poisson likelihood: 0.0
CE loss: 0.0
Experiment 58950
Epoch 0117 [Test seq (cond on sampled tp)] | Loss 6909.932617 | Likelihood -6941.294922 | KL fp 3.8455 | FP STD 0.0437|
KL coef: 0.6588339384859576
Train loss (one batch): 5200.927734375
Train CE loss (one batch): 0.0
Test MSE: 0.0139
Poisson likelihood: 0.0
CE loss: 0.0
Experiment 58950
Epoch 0118 [Test seq (cond on sampled tp)] | Loss 6534.278320 | Likelihood -6567.075684 | KL fp 3.9328 | FP STD 0.0399|
KL coef: 0.662245599101098
Train loss (one batch): 5111.8779296875
Train CE loss (one batch): 0.0
Test MSE: 0.0131
Poisson likelihood: 0.0
CE loss: 0.0
Experiment 58950
Epoch 0119 [Test seq (cond on sampled tp)] | Loss 6807.103027 | Likelihood -6833.109375 | KL fp 3.8698 | FP STD 0.0420|
KL coef: 0.665623143110087
Train loss (one batch): 5299.40380859375
Train CE loss (one batch): 0.0
Test MSE: 0.0137
Poisson likelihood: 0.0
CE loss: 0.0
Experiment 58950
Epoch 0120 [Test seq (cond on sampled tp)] | Loss 6575.122559 | Likelihood -6660.492676 | KL fp 3.9316 | FP STD 0.0401|
KL coef: 0.6689669116789861
Train loss (one batch): 5097.64013671875
Train CE loss (one batch): 0.0
Test MSE: 0.0133
Poisson likelihood: 0.0
CE loss: 0.0
Experiment 58950
Epoch 0121 [Test seq (cond on sampled tp)] | Loss 6890.920898 | Likelihood -6934.417969 | KL fp 3.9025 | FP STD 0.0415|
KL coef: 0.6722772425621963
Train loss (one batch): 5015.005859375
Train CE loss (one batch): 0.0
Test MSE: 0.0139
Poisson likelihood: 0.0
CE loss: 0.0
Experiment 58950
Epoch 0122 [Test seq (cond on sampled tp)] | Loss 6573.543457 | Likelihood -6601.207031 | KL fp 3.8913 | FP STD 0.0405|
KL coef: 0.6755544701365743
Train loss (one batch): 5044.5615234375
Train CE loss (one batch): 0.0
Test MSE: 0.0132
Poisson likelihood: 0.0
CE loss: 0.0
Experiment 58950
Epoch 0123 [Test seq (cond on sampled tp)] | Loss 6510.016602 | Likelihood -6553.981934 | KL fp 3.8884 | FP STD 0.0408|
KL coef: 0.6787989254352086
Train loss (one batch): 4985.11083984375
Train CE loss (one batch): 0.0
Test MSE: 0.0131
Poisson likelihood: 0.0
CE loss: 0.0
Experiment 58950
Epoch 0124 [Test seq (cond on sampled tp)] | Loss 6710.219238 | Likelihood -6727.820801 | KL fp 3.8951 | FP STD 0.0397|
KL coef: 0.6820109361808565
Train loss (one batch): 4903.40625
Train CE loss (one batch): 0.0
Test MSE: 0.0135
Poisson likelihood: 0.0
CE loss: 0.0
Experiment 58950
Epoch 0125 [Test seq (cond on sampled tp)] | Loss 6611.191895 | Likelihood -6631.578125 | KL fp 3.8916 | FP STD 0.0400|
KL coef: 0.685190826819048
Train loss (one batch): 4950.21728515625
Train CE loss (one batch): 0.0
Test MSE: 0.0133
Poisson likelihood: 0.0
CE loss: 0.0
Experiment 58950
Epoch 0126 [Test seq (cond on sampled tp)] | Loss 6741.844727 | Likelihood -6751.853516 | KL fp 3.9160 | FP STD 0.0399|
KL coef: 0.6883389185508575
Train loss (one batch): 5176.166015625
Train CE loss (one batch): 0.0
Test MSE: 0.0135
Poisson likelihood: 0.0
CE loss: 0.0
Experiment 58950
Epoch 0127 [Test seq (cond on sampled tp)] | Loss 6561.794922 | Likelihood -6583.267090 | KL fp 3.9005 | FP STD 0.0405|
KL coef: 0.6914555293653489
Train loss (one batch): 4878.0615234375
Train CE loss (one batch): 0.0
Test MSE: 0.0132
Poisson likelihood: 0.0
CE loss: 0.0
Experiment 58950
Epoch 0128 [Test seq (cond on sampled tp)] | Loss 6692.770996 | Likelihood -6702.344238 | KL fp 3.8832 | FP STD 0.0412|
KL coef: 0.6945409740716955
Train loss (one batch): 5105.10693359375
Train CE loss (one batch): 0.0
Test MSE: 0.0134
Poisson likelihood: 0.0
CE loss: 0.0
Experiment 58950
Epoch 0129 [Test seq (cond on sampled tp)] | Loss 6379.046875 | Likelihood -6401.875488 | KL fp 3.9762 | FP STD 0.0372|
KL coef: 0.6975955643309785
Train loss (one batch): 4660.80126953125
Train CE loss (one batch): 0.0
Test MSE: 0.0128
Poisson likelihood: 0.0
CE loss: 0.0
Experiment 58950
Epoch 0130 [Test seq (cond on sampled tp)] | Loss 6537.555664 | Likelihood -6564.770996 | KL fp 3.8988 | FP STD 0.0401|
KL coef: 0.7006196086876687
Train loss (one batch): 5037.37548828125
Train CE loss (one batch): 0.0
Test MSE: 0.0131
Poisson likelihood: 0.0
CE loss: 0.0
Experiment 58950
Epoch 0131 [Test seq (cond on sampled tp)] | Loss 6643.103027 | Likelihood -6658.099609 | KL fp 3.9053 | FP STD 0.0401|
KL coef: 0.703613412600792
Train loss (one batch): 4845.74658203125
Train CE loss (one batch): 0.0
Test MSE: 0.0133
Poisson likelihood: 0.0
CE loss: 0.0
Experiment 58950
Epoch 0132 [Test seq (cond on sampled tp)] | Loss 6696.594727 | Likelihood -6728.927246 | KL fp 3.8872 | FP STD 0.0394|
KL coef: 0.7065772784747841
Train loss (one batch): 4949.76171875
Train CE loss (one batch): 0.0
Test MSE: 0.0135
Poisson likelihood: 0.0
CE loss: 0.0
Experiment 58950
Epoch 0133 [Test seq (cond on sampled tp)] | Loss 6418.760254 | Likelihood -6455.401855 | KL fp 3.9459 | FP STD 0.0388|
KL coef: 0.7095115056900363
Train loss (one batch): 5066.56201171875
Train CE loss (one batch): 0.0
Test MSE: 0.0129
Poisson likelihood: 0.0
CE loss: 0.0
Experiment 58950
Epoch 0134 [Test seq (cond on sampled tp)] | Loss 6497.721191 | Likelihood -6531.000000 | KL fp 3.9388 | FP STD 0.0398|
KL coef: 0.7124163906331359
Train loss (one batch): 4994.20068359375
Train CE loss (one batch): 0.0
Test MSE: 0.0131
Poisson likelihood: 0.0
CE loss: 0.0
Experiment 58950
Epoch 0135 [Test seq (cond on sampled tp)] | Loss 6454.113281 | Likelihood -6486.354980 | KL fp 3.9743 | FP STD 0.0377|
KL coef: 0.7152922267268045
Train loss (one batch): 5010.62109375
Train CE loss (one batch): 0.0
Test MSE: 0.0130
Poisson likelihood: 0.0
CE loss: 0.0
Experiment 58950
Epoch 0136 [Test seq (cond on sampled tp)] | Loss 6457.679199 | Likelihood -6490.890625 | KL fp 3.9662 | FP STD 0.0378|
KL coef: 0.7181393044595366
Train loss (one batch): 5155.49951171875
Train CE loss (one batch): 0.0
Test MSE: 0.0130
Poisson likelihood: 0.0
CE loss: 0.0
Experiment 58950
Epoch 0137 [Test seq (cond on sampled tp)] | Loss 6567.319336 | Likelihood -6598.578125 | KL fp 3.9416 | FP STD 0.0391|
KL coef: 0.7209579114149411
Train loss (one batch): 5041.025390625
Train CE loss (one batch): 0.0
Test MSE: 0.0132
Poisson likelihood: 0.0
CE loss: 0.0
Experiment 58950
Epoch 0138 [Test seq (cond on sampled tp)] | Loss 6468.937988 | Likelihood -6485.158691 | KL fp 3.9324 | FP STD 0.0390|
KL coef: 0.7237483323007917
Train loss (one batch): 4722.4892578125
Train CE loss (one batch): 0.0
Test MSE: 0.0130
Poisson likelihood: 0.0
CE loss: 0.0
Experiment 58950
Epoch 0139 [Test seq (cond on sampled tp)] | Loss 6381.604492 | Likelihood -6404.415527 | KL fp 3.9630 | FP STD 0.0384|
KL coef: 0.7265108489777838
Train loss (one batch): 4578.44287109375
Train CE loss (one batch): 0.0
Test MSE: 0.0128
Poisson likelihood: 0.0
CE loss: 0.0
Experiment 58950
Epoch 0140 [Test seq (cond on sampled tp)] | Loss 6308.495117 | Likelihood -6322.871094 | KL fp 3.9503 | FP STD 0.0387|
KL coef: 0.729245740488006
Train loss (one batch): 4769.0654296875
Train CE loss (one batch): 0.0
Test MSE: 0.0127
Poisson likelihood: 0.0
CE loss: 0.0
Experiment 58950
Epoch 0141 [Test seq (cond on sampled tp)] | Loss 6338.638184 | Likelihood -6352.085449 | KL fp 3.9534 | FP STD 0.0380|
KL coef: 0.7319532830831259
Train loss (one batch): 5040.55908203125
Train CE loss (one batch): 0.0
Test MSE: 0.0127
Poisson likelihood: 0.0
CE loss: 0.0
Experiment 58950
Epoch 0142 [Test seq (cond on sampled tp)] | Loss 6384.121094 | Likelihood -6391.732910 | KL fp 3.9662 | FP STD 0.0376|
KL coef: 0.7346337502522946
Train loss (one batch): 5034.1015625
Train CE loss (one batch): 0.0
Test MSE: 0.0128
Poisson likelihood: 0.0
CE loss: 0.0
Experiment 58950
Epoch 0143 [Test seq (cond on sampled tp)] | Loss 6297.004395 | Likelihood -6339.967285 | KL fp 3.9609 | FP STD 0.0380|
KL coef: 0.7372874127497717
Train loss (one batch): 4937.78759765625
Train CE loss (one batch): 0.0
Test MSE: 0.0127
Poisson likelihood: 0.0
CE loss: 0.0
Experiment 58950
Epoch 0144 [Test seq (cond on sampled tp)] | Loss 6275.303711 | Likelihood -6291.978027 | KL fp 3.9542 | FP STD 0.0375|
KL coef: 0.739914538622274
Train loss (one batch): 4767.75390625
Train CE loss (one batch): 0.0
Test MSE: 0.0126
Poisson likelihood: 0.0
CE loss: 0.0
Experiment 58950
Epoch 0145 [Test seq (cond on sampled tp)] | Loss 6167.236328 | Likelihood -6173.454590 | KL fp 3.9786 | FP STD 0.0370|
KL coef: 0.7425153932360513
Train loss (one batch): 4861.6904296875
Train CE loss (one batch): 0.0
Test MSE: 0.0124
Poisson likelihood: 0.0
CE loss: 0.0
Experiment 58950
Epoch 0146 [Test seq (cond on sampled tp)] | Loss 6350.312988 | Likelihood -6358.988770 | KL fp 3.9849 | FP STD 0.0373|
KL coef: 0.7450902393036907
Train loss (one batch): 5019.94091796875
Train CE loss (one batch): 0.0
Test MSE: 0.0127
Poisson likelihood: 0.0
CE loss: 0.0
Experiment 58950
Epoch 0147 [Test seq (cond on sampled tp)] | Loss 6292.104004 | Likelihood -6298.481934 | KL fp 3.9882 | FP STD 0.0364|
KL coef: 0.7476393369106538
Train loss (one batch): 4573.9931640625
Train CE loss (one batch): 0.0
Test MSE: 0.0126
Poisson likelihood: 0.0
CE loss: 0.0
Experiment 58950
Epoch 0148 [Test seq (cond on sampled tp)] | Loss 6283.108398 | Likelihood -6283.285156 | KL fp 4.0435 | FP STD 0.0356|
KL coef: 0.7501629435415473
Train loss (one batch): 4738.81298828125
Train CE loss (one batch): 0.0
Test MSE: 0.0126
Poisson likelihood: 0.0
CE loss: 0.0
Experiment 58950
Epoch 0149 [Test seq (cond on sampled tp)] | Loss 6269.399902 | Likelihood -6276.319824 | KL fp 3.9859 | FP STD 0.0368|
KL coef: 0.7526613141061318
Train loss (one batch): 4743.31982421875
Train CE loss (one batch): 0.0
Test MSE: 0.0126
Poisson likelihood: 0.0
CE loss: 0.0
Experiment 58950
Epoch 0150 [Test seq (cond on sampled tp)] | Loss 6155.781250 | Likelihood -6171.065918 | KL fp 4.0046 | FP STD 0.0367|
KL coef: 0.7551347009650705
Train loss (one batch): 4916.21826171875
Train CE loss (one batch): 0.0
Test MSE: 0.0124
Poisson likelihood: 0.0
CE loss: 0.0
Experiment 58950
Epoch 0151 [Test seq (cond on sampled tp)] | Loss 6199.859375 | Likelihood -6215.049316 | KL fp 3.9928 | FP STD 0.0362|
KL coef: 0.7575833539554198
Train loss (one batch): 4601.9560546875
Train CE loss (one batch): 0.0
Test MSE: 0.0124
Poisson likelihood: 0.0
CE loss: 0.0
Experiment 58950
Epoch 0152 [Test seq (cond on sampled tp)] | Loss 6048.798340 | Likelihood -6079.318359 | KL fp 4.0060 | FP STD 0.0358|
KL coef: 0.7600075204158656
Train loss (one batch): 4493.22314453125
Train CE loss (one batch): 0.0
Test MSE: 0.0122
Poisson likelihood: 0.0
CE loss: 0.0
Experiment 58950
Epoch 0153 [Test seq (cond on sampled tp)] | Loss 6236.324219 | Likelihood -6244.042969 | KL fp 3.9978 | FP STD 0.0358|
KL coef: 0.762407445211707
Train loss (one batch): 4669.75341796875
Train CE loss (one batch): 0.0
Test MSE: 0.0125
Poisson likelihood: 0.0
CE loss: 0.0
Experiment 58950
Epoch 0154 [Test seq (cond on sampled tp)] | Loss 6232.905762 | Likelihood -6255.732910 | KL fp 3.9839 | FP STD 0.0360|
KL coef: 0.7647833707595899
Train loss (one batch): 4767.2236328125
Train CE loss (one batch): 0.0
Test MSE: 0.0125
Poisson likelihood: 0.0
CE loss: 0.0
Experiment 58950
Epoch 0155 [Test seq (cond on sampled tp)] | Loss 6106.930664 | Likelihood -6139.128906 | KL fp 4.0100 | FP STD 0.0353|
KL coef: 0.767135537051994
Train loss (one batch): 4667.0556640625
Train CE loss (one batch): 0.0
Test MSE: 0.0123
Poisson likelihood: 0.0
CE loss: 0.0
Experiment 58950
Epoch 0156 [Test seq (cond on sampled tp)] | Loss 6219.446289 | Likelihood -6219.096191 | KL fp 4.0532 | FP STD 0.0346|
KL coef: 0.769464181681474
Train loss (one batch): 4938.0966796875
Train CE loss (one batch): 0.0
Test MSE: 0.0125
Poisson likelihood: 0.0
CE loss: 0.0
Experiment 58950
Epoch 0157 [Test seq (cond on sampled tp)] | Loss 6277.053223 | Likelihood -6312.593262 | KL fp 4.0204 | FP STD 0.0351|
KL coef: 0.7717695398646593
Train loss (one batch): 4501.12744140625
Train CE loss (one batch): 0.0
Test MSE: 0.0126
Poisson likelihood: 0.0
CE loss: 0.0
Experiment 58950
Epoch 0158 [Test seq (cond on sampled tp)] | Loss 6101.780762 | Likelihood -6106.536621 | KL fp 4.0623 | FP STD 0.0352|
KL coef: 0.7740518444660127
Train loss (one batch): 4551.9765625
Train CE loss (one batch): 0.0
Test MSE: 0.0122
Poisson likelihood: 0.0
CE loss: 0.0
Experiment 58950
Epoch 0159 [Test seq (cond on sampled tp)] | Loss 6040.466797 | Likelihood -6050.516113 | KL fp 3.9950 | FP STD 0.0356|
KL coef: 0.7763113260213526
Train loss (one batch): 4632.24658203125
Train CE loss (one batch): 0.0
Test MSE: 0.0121
Poisson likelihood: 0.0
CE loss: 0.0
Experiment 58950
Epoch 0160 [Test seq (cond on sampled tp)] | Loss 6100.749023 | Likelihood -6116.773438 | KL fp 4.0369 | FP STD 0.0347|
KL coef: 0.7785482127611391
Train loss (one batch): 4808.88818359375
Train CE loss (one batch): 0.0
Test MSE: 0.0122
Poisson likelihood: 0.0
CE loss: 0.0
Experiment 58950
Epoch 0161 [Test seq (cond on sampled tp)] | Loss 6167.736816 | Likelihood -6181.846191 | KL fp 4.0577 | FP STD 0.0346|
KL coef: 0.7807627306335276
Train loss (one batch): 4618.00341796875
Train CE loss (one batch): 0.0
Test MSE: 0.0124
Poisson likelihood: 0.0
CE loss: 0.0
Experiment 58950
Epoch 0162 [Test seq (cond on sampled tp)] | Loss 6145.600098 | Likelihood -6159.980957 | KL fp 4.0448 | FP STD 0.0345|
KL coef: 0.7829551033271924
Train loss (one batch): 4408.865234375
Train CE loss (one batch): 0.0
Test MSE: 0.0123
Poisson likelihood: 0.0
CE loss: 0.0
Experiment 58950
Epoch 0163 [Test seq (cond on sampled tp)] | Loss 6023.707031 | Likelihood -6035.986816 | KL fp 4.0255 | FP STD 0.0350|
KL coef: 0.7851255522939204
Train loss (one batch): 4539.1953125
Train CE loss (one batch): 0.0
Test MSE: 0.0121
Poisson likelihood: 0.0
CE loss: 0.0
Experiment 58950
Epoch 0164 [Test seq (cond on sampled tp)] | Loss 6148.551270 | Likelihood -6191.416504 | KL fp 4.0583 | FP STD 0.0341|
KL coef: 0.7872742967709813
Train loss (one batch): 4613.36181640625
Train CE loss (one batch): 0.0
Test MSE: 0.0124
Poisson likelihood: 0.0
CE loss: 0.0
Experiment 58950
Epoch 0165 [Test seq (cond on sampled tp)] | Loss 5962.976074 | Likelihood -5996.947754 | KL fp 4.0523 | FP STD 0.0340|
KL coef: 0.7894015538032715
Train loss (one batch): 4748.27783203125
Train CE loss (one batch): 0.0
Test MSE: 0.0120
Poisson likelihood: 0.0
CE loss: 0.0
Experiment 58950
Epoch 0166 [Test seq (cond on sampled tp)] | Loss 5988.632812 | Likelihood -6000.498535 | KL fp 4.0876 | FP STD 0.0332|
KL coef: 0.7915075382652388
Train loss (one batch): 4681.32470703125
Train CE loss (one batch): 0.0
Test MSE: 0.0120
Poisson likelihood: 0.0
CE loss: 0.0
Experiment 58950
Epoch 0167 [Test seq (cond on sampled tp)] | Loss 5919.437500 | Likelihood -5932.491699 | KL fp 4.0346 | FP STD 0.0341|
KL coef: 0.7935924628825863
Train loss (one batch): 4567.52099609375
Train CE loss (one batch): 0.0
Test MSE: 0.0119
Poisson likelihood: 0.0
CE loss: 0.0
Experiment 58950
Epoch 0168 [Test seq (cond on sampled tp)] | Loss 6173.747070 | Likelihood -6192.910645 | KL fp 4.0187 | FP STD 0.0347|
KL coef: 0.7956565382537605
Train loss (one batch): 4708.36181640625
Train CE loss (one batch): 0.0
Test MSE: 0.0124
Poisson likelihood: 0.0
CE loss: 0.0
Experiment 58950
Epoch 0169 [Test seq (cond on sampled tp)] | Loss 5900.004395 | Likelihood -5906.886230 | KL fp 4.0256 | FP STD 0.0345|
KL coef: 0.7976999728712229
Train loss (one batch): 4958.64404296875
Train CE loss (one batch): 0.0
Test MSE: 0.0118
Poisson likelihood: 0.0
CE loss: 0.0
Experiment 58950
Epoch 0170 [Test seq (cond on sampled tp)] | Loss 5967.639160 | Likelihood -5980.589844 | KL fp 4.0587 | FP STD 0.0335|
KL coef: 0.7997229731425107
Train loss (one batch): 4453.29345703125
Train CE loss (one batch): 0.0
Test MSE: 0.0120
Poisson likelihood: 0.0
CE loss: 0.0
Experiment 58950
Epoch 0171 [Test seq (cond on sampled tp)] | Loss 5914.643555 | Likelihood -5917.209473 | KL fp 4.0836 | FP STD 0.0332|
KL coef: 0.8017257434110856
Train loss (one batch): 4509.7646484375
Train CE loss (one batch): 0.0
Test MSE: 0.0118
Poisson likelihood: 0.0
CE loss: 0.0
Experiment 58950
Epoch 0172 [Test seq (cond on sampled tp)] | Loss 5983.163086 | Likelihood -5991.177246 | KL fp 4.0606 | FP STD 0.0334|
KL coef: 0.8037084859769748
Train loss (one batch): 4450.89208984375
Train CE loss (one batch): 0.0
Test MSE: 0.0120
Poisson likelihood: 0.0
CE loss: 0.0
Experiment 58950
Epoch 0173 [Test seq (cond on sampled tp)] | Loss 5981.026367 | Likelihood -6005.635254 | KL fp 4.1035 | FP STD 0.0323|
KL coef: 0.805671401117205
Train loss (one batch): 4649.00341796875
Train CE loss (one batch): 0.0
Test MSE: 0.0120
Poisson likelihood: 0.0
CE loss: 0.0
Experiment 58950
Epoch 0174 [Test seq (cond on sampled tp)] | Loss 5897.496582 | Likelihood -5915.160156 | KL fp 4.0882 | FP STD 0.0327|
KL coef: 0.8076146871060329
Train loss (one batch): 4423.66259765625
Train CE loss (one batch): 0.0
Test MSE: 0.0118
Poisson likelihood: 0.0
CE loss: 0.0
Experiment 58950
Epoch 0175 [Test seq (cond on sampled tp)] | Loss 5937.586914 | Likelihood -5939.813965 | KL fp 4.0804 | FP STD 0.0326|
KL coef: 0.8095385402349726
Train loss (one batch): 4741.0400390625
Train CE loss (one batch): 0.0
Test MSE: 0.0119
Poisson likelihood: 0.0
CE loss: 0.0
Experiment 58950
Epoch 0176 [Test seq (cond on sampled tp)] | Loss 5769.635254 | Likelihood -5794.015137 | KL fp 4.1157 | FP STD 0.0319|
KL coef: 0.8114431548326229
Train loss (one batch): 4517.2490234375
Train CE loss (one batch): 0.0
Test MSE: 0.0116
Poisson likelihood: 0.0
CE loss: 0.0
Experiment 58950
Epoch 0177 [Test seq (cond on sampled tp)] | Loss 5893.174805 | Likelihood -5914.973145 | KL fp 4.0768 | FP STD 0.0324|
KL coef: 0.8133287232842966
Train loss (one batch): 4652.619140625
Train CE loss (one batch): 0.0
Test MSE: 0.0118
Poisson likelihood: 0.0
CE loss: 0.0
Experiment 58950
Epoch 0178 [Test seq (cond on sampled tp)] | Loss 5799.225586 | Likelihood -5806.164062 | KL fp 4.0698 | FP STD 0.0325|
KL coef: 0.8151954360514537
Train loss (one batch): 4642.66796875
Train CE loss (one batch): 0.0
Test MSE: 0.0116
Poisson likelihood: 0.0
CE loss: 0.0
Experiment 58950
Epoch 0179 [Test seq (cond on sampled tp)] | Loss 5816.553223 | Likelihood -5839.076172 | KL fp 4.0698 | FP STD 0.0328|
KL coef: 0.8170434816909391
Train loss (one batch): 4555.59228515625
Train CE loss (one batch): 0.0
Test MSE: 0.0117
Poisson likelihood: 0.0
CE loss: 0.0
Experiment 58950
Epoch 0180 [Test seq (cond on sampled tp)] | Loss 5838.709473 | Likelihood -5851.729980 | KL fp 4.0671 | FP STD 0.0327|
KL coef: 0.8188730468740297
Train loss (one batch): 4601.74951171875
Train CE loss (one batch): 0.0
Test MSE: 0.0117
Poisson likelihood: 0.0
CE loss: 0.0
Experiment 58950
Epoch 0181 [Test seq (cond on sampled tp)] | Loss 5858.238770 | Likelihood -5875.958496 | KL fp 4.0911 | FP STD 0.0323|
KL coef: 0.8206843164052895
Train loss (one batch): 4613.60009765625
Train CE loss (one batch): 0.0
Test MSE: 0.0118
Poisson likelihood: 0.0
CE loss: 0.0
Experiment 58950
Epoch 0182 [Test seq (cond on sampled tp)] | Loss 5860.332031 | Likelihood -5868.880371 | KL fp 4.0921 | FP STD 0.0325|
KL coef: 0.8224774732412365
Train loss (one batch): 4596.41845703125
Train CE loss (one batch): 0.0
Test MSE: 0.0117
Poisson likelihood: 0.0
CE loss: 0.0
Experiment 58950
Epoch 0183 [Test seq (cond on sampled tp)] | Loss 5779.205078 | Likelihood -5806.893066 | KL fp 4.0645 | FP STD 0.0324|
KL coef: 0.8242526985088242
Train loss (one batch): 4268.322265625
Train CE loss (one batch): 0.0
Test MSE: 0.0116
Poisson likelihood: 0.0
CE loss: 0.0
Experiment 58950
Epoch 0184 [Test seq (cond on sampled tp)] | Loss 5937.932129 | Likelihood -5965.725098 | KL fp 4.0915 | FP STD 0.0320|
KL coef: 0.826010171523736
Train loss (one batch): 4712.4189453125
Train CE loss (one batch): 0.0
Test MSE: 0.0119
Poisson likelihood: 0.0
CE loss: 0.0
Experiment 58950
Epoch 0185 [Test seq (cond on sampled tp)] | Loss 5810.266113 | Likelihood -5831.185059 | KL fp 4.0701 | FP STD 0.0323|
KL coef: 0.8277500698084986
Train loss (one batch): 4617.64306640625
Train CE loss (one batch): 0.0
Test MSE: 0.0117
Poisson likelihood: 0.0
CE loss: 0.0
Experiment 58950
Epoch 0186 [Test seq (cond on sampled tp)] | Loss 5802.191406 | Likelihood -5836.337891 | KL fp 4.0771 | FP STD 0.0321|
KL coef: 0.8294725691104137
Train loss (one batch): 4656.9755859375
Train CE loss (one batch): 0.0
Test MSE: 0.0117
Poisson likelihood: 0.0
CE loss: 0.0
Experiment 58950
Epoch 0187 [Test seq (cond on sampled tp)] | Loss 5671.411133 | Likelihood -5686.433594 | KL fp 4.1327 | FP STD 0.0308|
KL coef: 0.8311778434193096
Train loss (one batch): 4585.4423828125
Train CE loss (one batch): 0.0
Test MSE: 0.0114
Poisson likelihood: 0.0
CE loss: 0.0
Experiment 58950
Epoch 0188 [Test seq (cond on sampled tp)] | Loss 5707.416504 | Likelihood -5733.450684 | KL fp 4.1591 | FP STD 0.0302|
KL coef: 0.8328660649851164
Train loss (one batch): 4391.36865234375
Train CE loss (one batch): 0.0
Test MSE: 0.0115
Poisson likelihood: 0.0
CE loss: 0.0
Experiment 58950
Epoch 0189 [Test seq (cond on sampled tp)] | Loss 5697.476562 | Likelihood -5706.941895 | KL fp 4.1151 | FP STD 0.0310|
KL coef: 0.8345374043352652
Train loss (one batch): 4565.466796875
Train CE loss (one batch): 0.0
Test MSE: 0.0114
Poisson likelihood: 0.0
CE loss: 0.0
Experiment 58950
Epoch 0190 [Test seq (cond on sampled tp)] | Loss 5681.257812 | Likelihood -5687.079590 | KL fp 4.0711 | FP STD 0.0318|
KL coef: 0.8361920302919126
Train loss (one batch): 4261.00048828125
Train CE loss (one batch): 0.0
Test MSE: 0.0114
Poisson likelihood: 0.0
CE loss: 0.0
Experiment 58950
Epoch 0191 [Test seq (cond on sampled tp)] | Loss 5736.591797 | Likelihood -5754.282715 | KL fp 4.1138 | FP STD 0.0311|
KL coef: 0.8378301099889934
Train loss (one batch): 4181.9345703125
Train CE loss (one batch): 0.0
Test MSE: 0.0115
Poisson likelihood: 0.0
CE loss: 0.0
Experiment 58950
Epoch 0192 [Test seq (cond on sampled tp)] | Loss 5721.485840 | Likelihood -5731.307129 | KL fp 4.0932 | FP STD 0.0311|
KL coef: 0.8394518088891035
Train loss (one batch): 4222.40283203125
Train CE loss (one batch): 0.0
Test MSE: 0.0115
Poisson likelihood: 0.0
CE loss: 0.0
Experiment 58950
Epoch 0193 [Test seq (cond on sampled tp)] | Loss 5670.024414 | Likelihood -5697.266113 | KL fp 4.1297 | FP STD 0.0306|
KL coef: 0.8410572908002125
Train loss (one batch): 4340.39306640625
Train CE loss (one batch): 0.0
Test MSE: 0.0114
Poisson likelihood: 0.0
CE loss: 0.0
Experiment 58950
Epoch 0194 [Test seq (cond on sampled tp)] | Loss 5804.500488 | Likelihood -5815.281250 | KL fp 4.0952 | FP STD 0.0316|
KL coef: 0.8426467178922104
Train loss (one batch): 4513.21142578125
Train CE loss (one batch): 0.0
Test MSE: 0.0116
Poisson likelihood: 0.0
CE loss: 0.0
Experiment 58950
Epoch 0195 [Test seq (cond on sampled tp)] | Loss 5582.585938 | Likelihood -5619.201172 | KL fp 4.1813 | FP STD 0.0293|
KL coef: 0.8442202507132883
Train loss (one batch): 4238.46484375
Train CE loss (one batch): 0.0
Test MSE: 0.0113
Poisson likelihood: 0.0
CE loss: 0.0
Experiment 58950
Epoch 0196 [Test seq (cond on sampled tp)] | Loss 5671.112793 | Likelihood -5697.446777 | KL fp 4.1756 | FP STD 0.0299|
KL coef: 0.8457780482061554
Train loss (one batch): 4420.0810546875
Train CE loss (one batch): 0.0
Test MSE: 0.0114
Poisson likelihood: 0.0
CE loss: 0.0
Experiment 58950
Epoch 0197 [Test seq (cond on sampled tp)] | Loss 5717.612793 | Likelihood -5730.176270 | KL fp 4.1221 | FP STD 0.0309|
KL coef: 0.8473202677240939
Train loss (one batch): 4447.3818359375
Train CE loss (one batch): 0.0
Test MSE: 0.0115
Poisson likelihood: 0.0
CE loss: 0.0
Experiment 58950
Epoch 0198 [Test seq (cond on sampled tp)] | Loss 5642.303223 | Likelihood -5665.485840 | KL fp 4.1304 | FP STD 0.0296|
KL coef: 0.8488470650468529
Train loss (one batch): 4266.22412109375
Train CE loss (one batch): 0.0
Test MSE: 0.0113
Poisson likelihood: 0.0
CE loss: 0.0
Experiment 58950
Epoch 0199 [Test seq (cond on sampled tp)] | Loss 5569.375977 | Likelihood -5575.542969 | KL fp 4.1225 | FP STD 0.0306|
KL coef: 0.8503585943963844
Train loss (one batch): 4534.53515625
Train CE loss (one batch): 0.0
Test MSE: 0.0112
Poisson likelihood: 0.0
CE loss: 0.0
Experiment 58950
Epoch 0200 [Test seq (cond on sampled tp)] | Loss 5592.278809 | Likelihood -5601.511719 | KL fp 4.1215 | FP STD 0.0308|
KL coef: 0.8518550084524206
Train loss (one batch): 4242.294921875
Train CE loss (one batch): 0.0
Test MSE: 0.0112
Poisson likelihood: 0.0
CE loss: 0.0
Experiment 58950
Epoch 0201 [Test seq (cond on sampled tp)] | Loss 5573.738281 | Likelihood -5582.847168 | KL fp 4.1080 | FP STD 0.0303|
KL coef: 0.8533364583678963
Train loss (one batch): 4282.94482421875
Train CE loss (one batch): 0.0
Test MSE: 0.0112
Poisson likelihood: 0.0
CE loss: 0.0
Experiment 58950
Epoch 0202 [Test seq (cond on sampled tp)] | Loss 5404.158691 | Likelihood -5407.312500 | KL fp 4.0963 | FP STD 0.0306|
KL coef: 0.8548030937842174
Train loss (one batch): 4221.322265625
Train CE loss (one batch): 0.0
Test MSE: 0.0108
Poisson likelihood: 0.0
CE loss: 0.0
Experiment 58950
Epoch 0203 [Test seq (cond on sampled tp)] | Loss 5620.694824 | Likelihood -5649.823730 | KL fp 4.1326 | FP STD 0.0301|
KL coef: 0.8562550628463752
Train loss (one batch): 4086.826171875
Train CE loss (one batch): 0.0
Test MSE: 0.0113
Poisson likelihood: 0.0
CE loss: 0.0
Experiment 58950
Epoch 0204 [Test seq (cond on sampled tp)] | Loss 5628.579102 | Likelihood -5643.805176 | KL fp 4.1616 | FP STD 0.0289|
KL coef: 0.8576925122179114
Train loss (one batch): 4345.67138671875
Train CE loss (one batch): 0.0
Test MSE: 0.0113
Poisson likelihood: 0.0
CE loss: 0.0
Experiment 58950
Epoch 0205 [Test seq (cond on sampled tp)] | Loss 5670.418945 | Likelihood -5695.299316 | KL fp 4.1298 | FP STD 0.0300|
KL coef: 0.8591155870957323
Train loss (one batch): 4212.48681640625
Train CE loss (one batch): 0.0
Test MSE: 0.0114
Poisson likelihood: 0.0
CE loss: 0.0
Experiment 58950
Epoch 0206 [Test seq (cond on sampled tp)] | Loss 5561.365723 | Likelihood -5575.573730 | KL fp 4.1249 | FP STD 0.0297|
KL coef: 0.8605244312247751
Train loss (one batch): 4114.8017578125
Train CE loss (one batch): 0.0
Test MSE: 0.0112
Poisson likelihood: 0.0
CE loss: 0.0
Experiment 58950
Epoch 0207 [Test seq (cond on sampled tp)] | Loss 5495.818848 | Likelihood -5508.951660 | KL fp 4.1567 | FP STD 0.0287|
KL coef: 0.8619191869125272
Train loss (one batch): 4112.5625
Train CE loss (one batch): 0.0
Test MSE: 0.0110
Poisson likelihood: 0.0
CE loss: 0.0
Experiment 58950
Epoch 0208 [Test seq (cond on sampled tp)] | Loss 5554.144043 | Likelihood -5570.591309 | KL fp 4.2205 | FP STD 0.0278|
KL coef: 0.8632999950434019
Train loss (one batch): 4261.42919921875
Train CE loss (one batch): 0.0
Test MSE: 0.0112
Poisson likelihood: 0.0
CE loss: 0.0
Experiment 58950
Epoch 0209 [Test seq (cond on sampled tp)] | Loss 5383.334961 | Likelihood -5395.595703 | KL fp 4.1546 | FP STD 0.0284|
KL coef: 0.864666995092968
Train loss (one batch): 4296.4013671875
Train CE loss (one batch): 0.0
Test MSE: 0.0108
Poisson likelihood: 0.0
CE loss: 0.0
Experiment 58950
Epoch 0210 [Test seq (cond on sampled tp)] | Loss 5363.758301 | Likelihood -5371.986328 | KL fp 4.1689 | FP STD 0.0282|
KL coef: 0.8660203251420383
Train loss (one batch): 4242.70849609375
Train CE loss (one batch): 0.0
Test MSE: 0.0108
Poisson likelihood: 0.0
CE loss: 0.0
Experiment 58950
Epoch 0211 [Test seq (cond on sampled tp)] | Loss 5584.155762 | Likelihood -5608.479004 | KL fp 4.1459 | FP STD 0.0289|
KL coef: 0.867360121890618
Train loss (one batch): 4718.37060546875
Train CE loss (one batch): 0.0
Test MSE: 0.0112
Poisson likelihood: 0.0
CE loss: 0.0
Experiment 58950
Epoch 0212 [Test seq (cond on sampled tp)] | Loss 5489.024902 | Likelihood -5503.326660 | KL fp 4.1970 | FP STD 0.0280|
KL coef: 0.8686865206717117
Train loss (one batch): 4094.485107421875
Train CE loss (one batch): 0.0
Test MSE: 0.0110
Poisson likelihood: 0.0
CE loss: 0.0
Experiment 58950
Epoch 0213 [Test seq (cond on sampled tp)] | Loss 5612.791016 | Likelihood -5630.372559 | KL fp 4.1365 | FP STD 0.0287|
KL coef: 0.8699996554649946
Train loss (one batch): 4073.909423828125
Train CE loss (one batch): 0.0
Test MSE: 0.0113
Poisson likelihood: 0.0
CE loss: 0.0
Experiment 58950
Epoch 0214 [Test seq (cond on sampled tp)] | Loss 5515.818848 | Likelihood -5519.492676 | KL fp 4.1292 | FP STD 0.0289|
KL coef: 0.8712996589103447
Train loss (one batch): 4091.893310546875
Train CE loss (one batch): 0.0
Test MSE: 0.0111
Poisson likelihood: 0.0
CE loss: 0.0
Experiment 58950
Epoch 0215 [Test seq (cond on sampled tp)] | Loss 5392.375488 | Likelihood -5393.905762 | KL fp 4.2008 | FP STD 0.0273|
KL coef: 0.8725866623212413
Train loss (one batch): 4241.7861328125
Train CE loss (one batch): 0.0
Test MSE: 0.0108
Poisson likelihood: 0.0
CE loss: 0.0
Experiment 58950
Epoch 0216 [Test seq (cond on sampled tp)] | Loss 5576.774902 | Likelihood -5583.131348 | KL fp 4.1830 | FP STD 0.0282|
KL coef: 0.8738607956980289
Train loss (one batch): 4150.28173828125
Train CE loss (one batch): 0.0
Test MSE: 0.0112
Poisson likelihood: 0.0
CE loss: 0.0
Experiment 58950
Epoch 0217 [Test seq (cond on sampled tp)] | Loss 5347.419922 | Likelihood -5346.705566 | KL fp 4.1956 | FP STD 0.0274|
KL coef: 0.8751221877410486
Train loss (one batch): 3981.2236328125
Train CE loss (one batch): 0.0
Test MSE: 0.0107
Poisson likelihood: 0.0
CE loss: 0.0
Experiment 58950
Epoch 0218 [Test seq (cond on sampled tp)] | Loss 5414.498047 | Likelihood -5433.607422 | KL fp 4.1623 | FP STD 0.0281|
KL coef: 0.876370965863638
Train loss (one batch): 4035.44287109375
Train CE loss (one batch): 0.0
Test MSE: 0.0109
Poisson likelihood: 0.0
CE loss: 0.0
Experiment 58950
Epoch 0219 [Test seq (cond on sampled tp)] | Loss 5346.269531 | Likelihood -5359.582520 | KL fp 4.2106 | FP STD 0.0274|
KL coef: 0.8776072562050017
Train loss (one batch): 4009.66552734375
Train CE loss (one batch): 0.0
Test MSE: 0.0107
Poisson likelihood: 0.0
CE loss: 0.0
Experiment 58950
Epoch 0220 [Test seq (cond on sampled tp)] | Loss 5551.497070 | Likelihood -5573.832031 | KL fp 4.1555 | FP STD 0.0280|
KL coef: 0.8788311836429517
Train loss (one batch): 4028.21923828125
Train CE loss (one batch): 0.0
Test MSE: 0.0112
Poisson likelihood: 0.0
CE loss: 0.0
Experiment 58950
Epoch 0221 [Test seq (cond on sampled tp)] | Loss 5356.503906 | Likelihood -5385.126953 | KL fp 4.2436 | FP STD 0.0273|
KL coef: 0.8800428718065221
Train loss (one batch): 4169.34814453125
Train CE loss (one batch): 0.0
Test MSE: 0.0108
Poisson likelihood: 0.0
CE loss: 0.0
Experiment 58950
Epoch 0222 [Test seq (cond on sampled tp)] | Loss 5322.456055 | Likelihood -5335.087402 | KL fp 4.2481 | FP STD 0.0258|
KL coef: 0.8812424430884569
Train loss (one batch): 3990.802734375
Train CE loss (one batch): 0.0
Test MSE: 0.0107
Poisson likelihood: 0.0
CE loss: 0.0
Experiment 58950
Epoch 0223 [Test seq (cond on sampled tp)] | Loss 5248.761230 | Likelihood -5272.845703 | KL fp 4.2139 | FP STD 0.0269|
KL coef: 0.8824300186575723
Train loss (one batch): 3959.1943359375
Train CE loss (one batch): 0.0
Test MSE: 0.0106
Poisson likelihood: 0.0
CE loss: 0.0
Experiment 58950
Epoch 0224 [Test seq (cond on sampled tp)] | Loss 5270.023926 | Likelihood -5304.408203 | KL fp 4.2553 | FP STD 0.0259|
KL coef: 0.8836057184709967
Train loss (one batch): 3934.666015625
Train CE loss (one batch): 0.0
Test MSE: 0.0106
Poisson likelihood: 0.0
CE loss: 0.0
Experiment 58950
Epoch 0225 [Test seq (cond on sampled tp)] | Loss 5189.494629 | Likelihood -5206.011230 | KL fp 4.2498 | FP STD 0.0260|
KL coef: 0.8847696612862866
Train loss (one batch): 4118.11328125
Train CE loss (one batch): 0.0
Test MSE: 0.0104
Poisson likelihood: 0.0
CE loss: 0.0
Experiment 58950
Epoch 0226 [Test seq (cond on sampled tp)] | Loss 5205.374023 | Likelihood -5233.928711 | KL fp 4.2040 | FP STD 0.0271|
KL coef: 0.8859219646734238
Train loss (one batch): 4042.31494140625
Train CE loss (one batch): 0.0
Test MSE: 0.0105
Poisson likelihood: 0.0
CE loss: 0.0
Experiment 58950
Epoch 0227 [Test seq (cond on sampled tp)] | Loss 5280.645996 | Likelihood -5294.757812 | KL fp 4.2514 | FP STD 0.0263|
KL coef: 0.8870627450266896
Train loss (one batch): 3903.394775390625
Train CE loss (one batch): 0.0
Test MSE: 0.0106
Poisson likelihood: 0.0
CE loss: 0.0
Experiment 58950
Epoch 0228 [Test seq (cond on sampled tp)] | Loss 5276.294434 | Likelihood -5285.976074 | KL fp 4.2436 | FP STD 0.0260|
KL coef: 0.8881921175764227
Train loss (one batch): 4103.43603515625
Train CE loss (one batch): 0.0
Test MSE: 0.0106
Poisson likelihood: 0.0
CE loss: 0.0
Experiment 58950
Epoch 0229 [Test seq (cond on sampled tp)] | Loss 5109.032227 | Likelihood -5126.849609 | KL fp 4.2773 | FP STD 0.0256|
KL coef: 0.8893101964006584
Train loss (one batch): 4169.93212890625
Train CE loss (one batch): 0.0
Test MSE: 0.0103
Poisson likelihood: 0.0
CE loss: 0.0
Experiment 58950
Epoch 0230 [Test seq (cond on sampled tp)] | Loss 5393.919922 | Likelihood -5394.001953 | KL fp 4.2805 | FP STD 0.0255|
KL coef: 0.8904170944366518
Train loss (one batch): 3753.10986328125
Train CE loss (one batch): 0.0
Test MSE: 0.0108
Poisson likelihood: 0.0
CE loss: 0.0
Experiment 58950
Epoch 0231 [Test seq (cond on sampled tp)] | Loss 5152.706543 | Likelihood -5167.578125 | KL fp 4.2411 | FP STD 0.0257|
KL coef: 0.8915129234922854
Train loss (one batch): 4231.1572265625
Train CE loss (one batch): 0.0
Test MSE: 0.0103
Poisson likelihood: 0.0
CE loss: 0.0
Experiment 58950
Epoch 0232 [Test seq (cond on sampled tp)] | Loss 5279.427734 | Likelihood -5288.181152 | KL fp 4.2626 | FP STD 0.0256|
KL coef: 0.8925977942573625
Train loss (one batch): 4101.4443359375
Train CE loss (one batch): 0.0
Test MSE: 0.0106
Poisson likelihood: 0.0
CE loss: 0.0
Experiment 58950
Epoch 0233 [Test seq (cond on sampled tp)] | Loss 5277.423340 | Likelihood -5293.228027 | KL fp 4.2124 | FP STD 0.0258|
KL coef: 0.8936718163147889
Train loss (one batch): 4061.017578125
Train CE loss (one batch): 0.0
Test MSE: 0.0106
Poisson likelihood: 0.0
CE loss: 0.0
Experiment 58950
Epoch 0234 [Test seq (cond on sampled tp)] | Loss 5266.007324 | Likelihood -5287.154297 | KL fp 4.2766 | FP STD 0.0255|
KL coef: 0.894735098151641
Train loss (one batch): 4044.8935546875
Train CE loss (one batch): 0.0
Test MSE: 0.0106
Poisson likelihood: 0.0
CE loss: 0.0
Experiment 58950
Epoch 0235 [Test seq (cond on sampled tp)] | Loss 5221.385742 | Likelihood -5219.101562 | KL fp 4.2450 | FP STD 0.0254|
KL coef: 0.8957877471701245
Train loss (one batch): 4037.37548828125
Train CE loss (one batch): 0.0
Test MSE: 0.0105
Poisson likelihood: 0.0
CE loss: 0.0
Experiment 58950
Epoch 0236 [Test seq (cond on sampled tp)] | Loss 5147.911621 | Likelihood -5158.140137 | KL fp 4.1942 | FP STD 0.0262|
KL coef: 0.8968298696984233
Train loss (one batch): 4114.65185546875
Train CE loss (one batch): 0.0
Test MSE: 0.0103
Poisson likelihood: 0.0
CE loss: 0.0
Experiment 58950
Epoch 0237 [Test seq (cond on sampled tp)] | Loss 5242.699707 | Likelihood -5257.314941 | KL fp 4.2575 | FP STD 0.0256|
KL coef: 0.897861571001439
Train loss (one batch): 3863.59521484375
Train CE loss (one batch): 0.0
Test MSE: 0.0105
Poisson likelihood: 0.0
CE loss: 0.0
Experiment 58950
Epoch 0238 [Test seq (cond on sampled tp)] | Loss 5277.923828 | Likelihood -5285.664062 | KL fp 4.2541 | FP STD 0.0254|
KL coef: 0.8988829552914247
Train loss (one batch): 3641.118896484375
Train CE loss (one batch): 0.0
Test MSE: 0.0106
Poisson likelihood: 0.0
CE loss: 0.0
Experiment 58950
Epoch 0239 [Test seq (cond on sampled tp)] | Loss 5010.390137 | Likelihood -5024.942871 | KL fp 4.2945 | FP STD 0.0246|
KL coef: 0.8998941257385105
Train loss (one batch): 4054.894775390625
Train CE loss (one batch): 0.0
Test MSE: 0.0101
Poisson likelihood: 0.0
CE loss: 0.0
Experiment 58950
Epoch 0240 [Test seq (cond on sampled tp)] | Loss 5248.667480 | Likelihood -5251.668457 | KL fp 4.2889 | FP STD 0.0244|
KL coef: 0.9008951844811254
Train loss (one batch): 3888.07568359375
Train CE loss (one batch): 0.0
Test MSE: 0.0105
Poisson likelihood: 0.0
CE loss: 0.0
Experiment 58950
Epoch 0241 [Test seq (cond on sampled tp)] | Loss 5152.656738 | Likelihood -5160.586426 | KL fp 4.3237 | FP STD 0.0242|
KL coef: 0.9018862326363141
Train loss (one batch): 4036.8828125
Train CE loss (one batch): 0.0
Test MSE: 0.0103
Poisson likelihood: 0.0
CE loss: 0.0
Experiment 58950
Epoch 0242 [Test seq (cond on sampled tp)] | Loss 5039.337891 | Likelihood -5042.888184 | KL fp 4.2832 | FP STD 0.0247|
KL coef: 0.902867370309951
Train loss (one batch): 3933.46142578125
Train CE loss (one batch): 0.0
Test MSE: 0.0101
Poisson likelihood: 0.0
CE loss: 0.0
Experiment 58950
Epoch 0243 [Test seq (cond on sampled tp)] | Loss 5115.688965 | Likelihood -5114.812012 | KL fp 4.2791 | FP STD 0.0246|
KL coef: 0.9038386966068515
Train loss (one batch): 3758.69921875
Train CE loss (one batch): 0.0
Test MSE: 0.0102
Poisson likelihood: 0.0
CE loss: 0.0
Experiment 58950
Epoch 0244 [Test seq (cond on sampled tp)] | Loss 4978.690430 | Likelihood -4986.519531 | KL fp 4.3013 | FP STD 0.0242|
KL coef: 0.904800309640783
Train loss (one batch): 4042.2255859375
Train CE loss (one batch): 0.0
Test MSE: 0.0100
Poisson likelihood: 0.0
CE loss: 0.0
Experiment 58950
Epoch 0245 [Test seq (cond on sampled tp)] | Loss 5105.311035 | Likelihood -5112.980957 | KL fp 4.2936 | FP STD 0.0247|
KL coef: 0.9057523065443751
Train loss (one batch): 3830.3271484375
Train CE loss (one batch): 0.0
Test MSE: 0.0102
Poisson likelihood: 0.0
CE loss: 0.0
Experiment 58950
Epoch 0246 [Test seq (cond on sampled tp)] | Loss 5020.185059 | Likelihood -5035.109375 | KL fp 4.3470 | FP STD 0.0235|
KL coef: 0.9066947834789314
Train loss (one batch): 3868.270751953125
Train CE loss (one batch): 0.0
Test MSE: 0.0101
Poisson likelihood: 0.0
CE loss: 0.0
Experiment 58950
Epoch 0247 [Test seq (cond on sampled tp)] | Loss 5129.758789 | Likelihood -5135.011719 | KL fp 4.3264 | FP STD 0.0241|
KL coef: 0.9076278356441421
Train loss (one batch): 3789.9296875
Train CE loss (one batch): 0.0
Test MSE: 0.0103
Poisson likelihood: 0.0
CE loss: 0.0
Experiment 58950
Epoch 0248 [Test seq (cond on sampled tp)] | Loss 5094.417480 | Likelihood -5122.292480 | KL fp 4.2854 | FP STD 0.0243|
KL coef: 0.9085515572877007
Train loss (one batch): 3670.629638671875
Train CE loss (one batch): 0.0
Test MSE: 0.0103
Poisson likelihood: 0.0
CE loss: 0.0
Experiment 58950
Epoch 0249 [Test seq (cond on sampled tp)] | Loss 4941.888672 | Likelihood -4958.163086 | KL fp 4.3123 | FP STD 0.0242|
KL coef: 0.9094660417148236
Train loss (one batch): 3898.274658203125
Train CE loss (one batch): 0.0
Test MSE: 0.0099
Poisson likelihood: 0.0
CE loss: 0.0
Experiment 58950
Epoch 0250 [Test seq (cond on sampled tp)] | Loss 4955.982910 | Likelihood -4963.830078 | KL fp 4.3260 | FP STD 0.0235|
KL coef: 0.9103713812976754
Train loss (one batch): 3701.654296875
Train CE loss (one batch): 0.0
Test MSE: 0.0099
Poisson likelihood: 0.0
CE loss: 0.0
Experiment 58950
Epoch 0251 [Test seq (cond on sampled tp)] | Loss 4980.833496 | Likelihood -4994.855957 | KL fp 4.2907 | FP STD 0.0241|
KL coef: 0.9112676674846987
Train loss (one batch): 3730.376708984375
Train CE loss (one batch): 0.0
Test MSE: 0.0100
Poisson likelihood: 0.0
CE loss: 0.0
Experiment 58950
Epoch 0252 [Test seq (cond on sampled tp)] | Loss 5159.168457 | Likelihood -5186.015137 | KL fp 4.3030 | FP STD 0.0240|
KL coef: 0.9121549908098516
Train loss (one batch): 3674.090087890625
Train CE loss (one batch): 0.0
Test MSE: 0.0104
Poisson likelihood: 0.0
CE loss: 0.0
Experiment 58950
Epoch 0253 [Test seq (cond on sampled tp)] | Loss 4980.321777 | Likelihood -4986.632324 | KL fp 4.3405 | FP STD 0.0231|
KL coef: 0.9130334409017531
Train loss (one batch): 3491.1767578125
Train CE loss (one batch): 0.0
Test MSE: 0.0100
Poisson likelihood: 0.0
CE loss: 0.0
Experiment 58950
Epoch 0254 [Test seq (cond on sampled tp)] | Loss 4959.595703 | Likelihood -4980.319824 | KL fp 4.3147 | FP STD 0.0235|
KL coef: 0.9139031064927357
Train loss (one batch): 3965.364990234375
Train CE loss (one batch): 0.0
Test MSE: 0.0100
Poisson likelihood: 0.0
CE loss: 0.0
Experiment 58950
Epoch 0255 [Test seq (cond on sampled tp)] | Loss 4888.695312 | Likelihood -4889.822754 | KL fp 4.3197 | FP STD 0.0234|
KL coef: 0.9147640754278082
Train loss (one batch): 3643.984375
Train CE loss (one batch): 0.0
Test MSE: 0.0098
Poisson likelihood: 0.0
CE loss: 0.0
Experiment 58950
Epoch 0256 [Test seq (cond on sampled tp)] | Loss 5047.325195 | Likelihood -5052.797363 | KL fp 4.2920 | FP STD 0.0236|
KL coef: 0.9156164346735302
Train loss (one batch): 3797.84619140625
Train CE loss (one batch): 0.0
Test MSE: 0.0101
Poisson likelihood: 0.0
CE loss: 0.0
Experiment 58950
Epoch 0257 [Test seq (cond on sampled tp)] | Loss 4978.354980 | Likelihood -5009.072266 | KL fp 4.3019 | FP STD 0.0239|
KL coef: 0.9164602703267949
Train loss (one batch): 3946.87109375
Train CE loss (one batch): 0.0
Test MSE: 0.0100
Poisson likelihood: 0.0
CE loss: 0.0
Experiment 58950
Epoch 0258 [Test seq (cond on sampled tp)] | Loss 4951.080078 | Likelihood -4960.187500 | KL fp 4.3071 | FP STD 0.0237|
KL coef: 0.9172956676235269
Train loss (one batch): 3654.970947265625
Train CE loss (one batch): 0.0
Test MSE: 0.0099
Poisson likelihood: 0.0
CE loss: 0.0
Experiment 58950
Epoch 0259 [Test seq (cond on sampled tp)] | Loss 4902.425293 | Likelihood -4908.207520 | KL fp 4.3430 | FP STD 0.0226|
KL coef: 0.9181227109472916
Train loss (one batch): 3461.81884765625
Train CE loss (one batch): 0.0
Test MSE: 0.0098
Poisson likelihood: 0.0
CE loss: 0.0
Experiment 58950
Epoch 0260 [Test seq (cond on sampled tp)] | Loss 4900.084961 | Likelihood -4904.421387 | KL fp 4.3256 | FP STD 0.0229|
KL coef: 0.9189414838378187
Train loss (one batch): 3632.0166015625
Train CE loss (one batch): 0.0
Test MSE: 0.0098
Poisson likelihood: 0.0
CE loss: 0.0
Experiment 58950
Epoch 0261 [Test seq (cond on sampled tp)] | Loss 4939.468262 | Likelihood -4953.807129 | KL fp 4.3310 | FP STD 0.0229|
KL coef: 0.9197520689994405
Train loss (one batch): 3698.08837890625
Train CE loss (one batch): 0.0
Test MSE: 0.0099
Poisson likelihood: 0.0
CE loss: 0.0
Experiment 58950
Epoch 0262 [Test seq (cond on sampled tp)] | Loss 4865.631348 | Likelihood -4872.398438 | KL fp 4.3807 | FP STD 0.0220|
KL coef: 0.9205545483094462
Train loss (one batch): 3497.396240234375
Train CE loss (one batch): 0.0
Test MSE: 0.0098
Poisson likelihood: 0.0
CE loss: 0.0
Experiment 58950
Epoch 0263 [Test seq (cond on sampled tp)] | Loss 4742.352051 | Likelihood -4763.111328 | KL fp 4.3621 | FP STD 0.0219|
KL coef: 0.9213490028263517
Train loss (one batch): 3897.92138671875
Train CE loss (one batch): 0.0
Test MSE: 0.0095
Poisson likelihood: 0.0
CE loss: 0.0
Experiment 58950
Epoch 0264 [Test seq (cond on sampled tp)] | Loss 4994.662598 | Likelihood -4996.535156 | KL fp 4.3457 | FP STD 0.0226|
KL coef: 0.9221355127980881
Train loss (one batch): 3605.237060546875
Train CE loss (one batch): 0.0
Test MSE: 0.0100
Poisson likelihood: 0.0
CE loss: 0.0
Experiment 58950
Epoch 0265 [Test seq (cond on sampled tp)] | Loss 4870.017578 | Likelihood -4908.601074 | KL fp 4.3821 | FP STD 0.0221|
KL coef: 0.9229141576701073
Train loss (one batch): 3692.649658203125
Train CE loss (one batch): 0.0
Test MSE: 0.0098
Poisson likelihood: 0.0
CE loss: 0.0
Experiment 58950
Epoch 0266 [Test seq (cond on sampled tp)] | Loss 4881.779297 | Likelihood -4898.983398 | KL fp 4.3908 | FP STD 0.0215|
KL coef: 0.9236850160934063
Train loss (one batch): 3787.70458984375
Train CE loss (one batch): 0.0
Test MSE: 0.0098
Poisson likelihood: 0.0
CE loss: 0.0
Experiment 58950
Epoch 0267 [Test seq (cond on sampled tp)] | Loss 4797.818359 | Likelihood -4804.304199 | KL fp 4.4293 | FP STD 0.0216|
KL coef: 0.9244481659324721
Train loss (one batch): 3413.2880859375
Train CE loss (one batch): 0.0
Test MSE: 0.0096
Poisson likelihood: 0.0
CE loss: 0.0
Experiment 58950
Epoch 0268 [Test seq (cond on sampled tp)] | Loss 4810.810059 | Likelihood -4826.083496 | KL fp 4.4062 | FP STD 0.0215|
KL coef: 0.9252036842731475
Train loss (one batch): 3606.488037109375
Train CE loss (one batch): 0.0
Test MSE: 0.0097
Poisson likelihood: 0.0
CE loss: 0.0
Experiment 58950
Epoch 0269 [Test seq (cond on sampled tp)] | Loss 4769.500977 | Likelihood -4789.646484 | KL fp 4.3628 | FP STD 0.0223|
KL coef: 0.9259516474304159
Train loss (one batch): 3759.736572265625
Train CE loss (one batch): 0.0
Test MSE: 0.0096
Poisson likelihood: 0.0
CE loss: 0.0
Experiment 58950
Epoch 0270 [Test seq (cond on sampled tp)] | Loss 5020.908203 | Likelihood -5025.250000 | KL fp 4.3505 | FP STD 0.0223|
KL coef: 0.9266921309561118
Train loss (one batch): 3562.002685546875
Train CE loss (one batch): 0.0
Test MSE: 0.0101
Poisson likelihood: 0.0
CE loss: 0.0
Experiment 58950
Epoch 0271 [Test seq (cond on sampled tp)] | Loss 4844.393066 | Likelihood -4864.891113 | KL fp 4.3931 | FP STD 0.0213|
KL coef: 0.9274252096465507
Train loss (one batch): 3413.020263671875
Train CE loss (one batch): 0.0
Test MSE: 0.0097
Poisson likelihood: 0.0
CE loss: 0.0
Experiment 58950
Epoch 0272 [Test seq (cond on sampled tp)] | Loss 4711.129395 | Likelihood -4726.110840 | KL fp 4.4297 | FP STD 0.0212|
KL coef: 0.9281509575500851
Train loss (one batch): 3567.960205078125
Train CE loss (one batch): 0.0
Test MSE: 0.0095
Poisson likelihood: 0.0
CE loss: 0.0
Experiment 58950
Epoch 0273 [Test seq (cond on sampled tp)] | Loss 4754.646484 | Likelihood -4765.690918 | KL fp 4.3932 | FP STD 0.0213|
KL coef: 0.9288694479745843
Train loss (one batch): 3450.273681640625
Train CE loss (one batch): 0.0
Test MSE: 0.0095
Poisson likelihood: 0.0
CE loss: 0.0
Experiment 58950
Epoch 0274 [Test seq (cond on sampled tp)] | Loss 4858.538086 | Likelihood -4869.833496 | KL fp 4.3314 | FP STD 0.0226|
KL coef: 0.9295807534948385
Train loss (one batch): 3523.774658203125
Train CE loss (one batch): 0.0
Test MSE: 0.0098
Poisson likelihood: 0.0
CE loss: 0.0
Experiment 58950
Epoch 0275 [Test seq (cond on sampled tp)] | Loss 4746.823242 | Likelihood -4759.472168 | KL fp 4.2669 | FP STD 0.0240|
KL coef: 0.9302849459598901
Train loss (one batch): 3469.116455078125
Train CE loss (one batch): 0.0
Test MSE: 0.0095
Poisson likelihood: 0.0
CE loss: 0.0
Experiment 58950
Epoch 0276 [Test seq (cond on sampled tp)] | Loss 4749.590820 | Likelihood -4749.498047 | KL fp 4.3499 | FP STD 0.0219|
KL coef: 0.9309820965002912
Train loss (one batch): 3629.80029296875
Train CE loss (one batch): 0.0
Test MSE: 0.0095
Poisson likelihood: 0.0
CE loss: 0.0
Experiment 58950
Epoch 0277 [Test seq (cond on sampled tp)] | Loss 4811.454102 | Likelihood -4823.747559 | KL fp 4.3476 | FP STD 0.0226|
KL coef: 0.9316722755352883
Train loss (one batch): 3250.494873046875
Train CE loss (one batch): 0.0
Test MSE: 0.0097
Poisson likelihood: 0.0
CE loss: 0.0
Experiment 58950
Epoch 0278 [Test seq (cond on sampled tp)] | Loss 4795.441406 | Likelihood -4814.438477 | KL fp 4.3351 | FP STD 0.0222|
KL coef: 0.9323555527799354
Train loss (one batch): 3546.27880859375
Train CE loss (one batch): 0.0
Test MSE: 0.0096
Poisson likelihood: 0.0
CE loss: 0.0
Experiment 58950
Epoch 0279 [Test seq (cond on sampled tp)] | Loss 4760.568359 | Likelihood -4764.249023 | KL fp 4.4002 | FP STD 0.0215|
KL coef: 0.933031997252136
Train loss (one batch): 3566.945556640625
Train CE loss (one batch): 0.0
Test MSE: 0.0095
Poisson likelihood: 0.0
CE loss: 0.0
Experiment 58950
Epoch 0280 [Test seq (cond on sampled tp)] | Loss 4775.137207 | Likelihood -4774.633301 | KL fp 4.3609 | FP STD 0.0219|
KL coef: 0.9337016772796147
Train loss (one batch): 3631.05712890625
Train CE loss (one batch): 0.0
Test MSE: 0.0096
Poisson likelihood: 0.0
CE loss: 0.0
Experiment 58950
Epoch 0281 [Test seq (cond on sampled tp)] | Loss 4951.927734 | Likelihood -4957.533203 | KL fp 4.4357 | FP STD 0.0208|
KL coef: 0.9343646605068185
Train loss (one batch): 3662.697509765625
Train CE loss (one batch): 0.0
Test MSE: 0.0099
Poisson likelihood: 0.0
CE loss: 0.0
Experiment 58950
Epoch 0282 [Test seq (cond on sampled tp)] | Loss 4677.687500 | Likelihood -4680.421875 | KL fp 4.4261 | FP STD 0.0204|
KL coef: 0.9350210139017503
Train loss (one batch): 3560.7255859375
Train CE loss (one batch): 0.0
Test MSE: 0.0094
Poisson likelihood: 0.0
CE loss: 0.0
Experiment 58950
Epoch 0283 [Test seq (cond on sampled tp)] | Loss 4792.621582 | Likelihood -4808.929199 | KL fp 4.4286 | FP STD 0.0205|
KL coef: 0.9356708037627328
Train loss (one batch): 3733.933837890625
Train CE loss (one batch): 0.0
Test MSE: 0.0096
Poisson likelihood: 0.0
CE loss: 0.0
Experiment 58950
Epoch 0284 [Test seq (cond on sampled tp)] | Loss 4870.001953 | Likelihood -4889.363770 | KL fp 4.3904 | FP STD 0.0212|
KL coef: 0.9363140957251055
Train loss (one batch): 3724.97998046875
Train CE loss (one batch): 0.0
Test MSE: 0.0098
Poisson likelihood: 0.0
CE loss: 0.0
Experiment 58950
Epoch 0285 [Test seq (cond on sampled tp)] | Loss 4790.901367 | Likelihood -4795.571777 | KL fp 4.3858 | FP STD 0.0207|
KL coef: 0.9369509547678545
Train loss (one batch): 3523.60986328125
Train CE loss (one batch): 0.0
Test MSE: 0.0096
Poisson likelihood: 0.0
CE loss: 0.0
Experiment 58950
Epoch 0286 [Test seq (cond on sampled tp)] | Loss 4825.016113 | Likelihood -4824.573730 | KL fp 4.3459 | FP STD 0.0215|
KL coef: 0.937581445220176
Train loss (one batch): 3525.773681640625
Train CE loss (one batch): 0.0
Test MSE: 0.0097
Poisson likelihood: 0.0
CE loss: 0.0
Experiment 58950
Epoch 0287 [Test seq (cond on sampled tp)] | Loss 4848.139160 | Likelihood -4849.621582 | KL fp 4.3529 | FP STD 0.0217|
KL coef: 0.9382056307679741
Train loss (one batch): 3577.045166015625
Train CE loss (one batch): 0.0
Test MSE: 0.0097
Poisson likelihood: 0.0
CE loss: 0.0
Experiment 58950
Epoch 0288 [Test seq (cond on sampled tp)] | Loss 4718.567383 | Likelihood -4737.258789 | KL fp 4.3888 | FP STD 0.0210|
KL coef: 0.9388235744602944
Train loss (one batch): 3819.48291015625
Train CE loss (one batch): 0.0
Test MSE: 0.0095
Poisson likelihood: 0.0
CE loss: 0.0
Experiment 58950
Epoch 0289 [Test seq (cond on sampled tp)] | Loss 4653.272949 | Likelihood -4669.116699 | KL fp 4.4325 | FP STD 0.0207|
KL coef: 0.9394353387156915
Train loss (one batch): 3534.396484375
Train CE loss (one batch): 0.0
Test MSE: 0.0094
Poisson likelihood: 0.0
CE loss: 0.0
Experiment 58950
Epoch 0290 [Test seq (cond on sampled tp)] | Loss 4685.297363 | Likelihood -4689.060547 | KL fp 4.3797 | FP STD 0.0209|
KL coef: 0.9400409853285345
Train loss (one batch): 3531.819580078125
Train CE loss (one batch): 0.0
Test MSE: 0.0094
Poisson likelihood: 0.0
CE loss: 0.0
Experiment 58950
Epoch 0291 [Test seq (cond on sampled tp)] | Loss 4657.134277 | Likelihood -4671.476074 | KL fp 4.4093 | FP STD 0.0208|
KL coef: 0.9406405754752493
Train loss (one batch): 3325.77734375
Train CE loss (one batch): 0.0
Test MSE: 0.0094
Poisson likelihood: 0.0
CE loss: 0.0
Experiment 58950
Epoch 0292 [Test seq (cond on sampled tp)] | Loss 4808.020020 | Likelihood -4809.385254 | KL fp 4.3997 | FP STD 0.0210|
KL coef: 0.9412341697204967
Train loss (one batch): 3181.997802734375
Train CE loss (one batch): 0.0
Test MSE: 0.0096
Poisson likelihood: 0.0
CE loss: 0.0
Experiment 58950
Epoch 0293 [Test seq (cond on sampled tp)] | Loss 4637.451172 | Likelihood -4640.525879 | KL fp 4.4218 | FP STD 0.0202|
KL coef: 0.9418218280232917
Train loss (one batch): 3867.34423828125
Train CE loss (one batch): 0.0
Test MSE: 0.0093
Poisson likelihood: 0.0
CE loss: 0.0
Experiment 58950
Epoch 0294 [Test seq (cond on sampled tp)] | Loss 4671.234863 | Likelihood -4681.148438 | KL fp 4.4161 | FP STD 0.0206|
KL coef: 0.9424036097430588
Train loss (one batch): 3477.576904296875
Train CE loss (one batch): 0.0
Test MSE: 0.0094
Poisson likelihood: 0.0
CE loss: 0.0
Experiment 58950
Epoch 0295 [Test seq (cond on sampled tp)] | Loss 4706.052734 | Likelihood -4703.764160 | KL fp 4.4324 | FP STD 0.0201|
KL coef: 0.9429795736456282
Train loss (one batch): 3399.5498046875
Train CE loss (one batch): 0.0
Test MSE: 0.0094
Poisson likelihood: 0.0
CE loss: 0.0
Experiment 58950
Epoch 0296 [Test seq (cond on sampled tp)] | Loss 4553.406250 | Likelihood -4562.101562 | KL fp 4.4193 | FP STD 0.0203|
KL coef: 0.9435497779091719
Train loss (one batch): 3419.425537109375
Train CE loss (one batch): 0.0
Test MSE: 0.0091
Poisson likelihood: 0.0
CE loss: 0.0
Experiment 58950
Epoch 0297 [Test seq (cond on sampled tp)] | Loss 4734.427734 | Likelihood -4743.834473 | KL fp 4.4560 | FP STD 0.0194|
KL coef: 0.9441142801300803
Train loss (one batch): 3468.787109375
Train CE loss (one batch): 0.0
Test MSE: 0.0095
Poisson likelihood: 0.0
CE loss: 0.0
Experiment 58950
Epoch 0298 [Test seq (cond on sampled tp)] | Loss 4738.882812 | Likelihood -4748.905762 | KL fp 4.4481 | FP STD 0.0200|
KL coef: 0.9446731373287794
Train loss (one batch): 3469.656494140625
Train CE loss (one batch): 0.0
Test MSE: 0.0095
Poisson likelihood: 0.0
CE loss: 0.0
Experiment 58950
Epoch 0299 [Test seq (cond on sampled tp)] | Loss 4605.397461 | Likelihood -4613.669434 | KL fp 4.4300 | FP STD 0.0199|
KL coef: 0.9452264059554917
Train loss (one batch): 3405.66357421875
Train CE loss (one batch): 0.0
Test MSE: 0.0092
Poisson likelihood: 0.0
CE loss: 0.0
Experiment 58950
Epoch 0300 [Test seq (cond on sampled tp)] | Loss 4600.038574 | Likelihood -4608.798828 | KL fp 4.4810 | FP STD 0.0191|
KL coef: 0.9457741418959368
Train loss (one batch): 3679.86376953125
Train CE loss (one batch): 0.0
Test MSE: 0.0092
Poisson likelihood: 0.0
CE loss: 0.0
