/Users/deyiliu/Dropbox/UNC/G4/Spring/790/code/latent_ode-master/run_models.py
run_models.py --niters 100 -n 1000 -l 15 --dataset hopper --latent-ode --z0-encoder trans -r 1994 -s 0.3
Experiment 18957
Epoch 0001 [Test seq (cond on sampled tp)] | Loss 51228.140625 | Likelihood -52764.316406 | KL fp 2.1832 | FP STD 0.2268|
KL coef: 0.0
Train loss (one batch): 49053.68359375
Train CE loss (one batch): 0.0
Test MSE: 0.1055
Poisson likelihood: 0.0
CE loss: 0.0
Experiment 18957
Epoch 0002 [Test seq (cond on sampled tp)] | Loss 36818.671875 | Likelihood -37483.808594 | KL fp 2.5856 | FP STD 0.1769|
KL coef: 0.0
Train loss (one batch): 37245.515625
Train CE loss (one batch): 0.0
Test MSE: 0.0750
Poisson likelihood: 0.0
CE loss: 0.0
Experiment 18957
Epoch 0003 [Test seq (cond on sampled tp)] | Loss 34226.851562 | Likelihood -34490.828125 | KL fp 2.6904 | FP STD 0.1380|
KL coef: 0.0
Train loss (one batch): 34069.25
Train CE loss (one batch): 0.0
Test MSE: 0.0690
Poisson likelihood: 0.0
CE loss: 0.0
Experiment 18957
Epoch 0004 [Test seq (cond on sampled tp)] | Loss 32925.835938 | Likelihood -33066.890625 | KL fp 2.7711 | FP STD 0.1329|
KL coef: 0.0
Train loss (one batch): 31610.1015625
Train CE loss (one batch): 0.0
Test MSE: 0.0661
Poisson likelihood: 0.0
CE loss: 0.0
Experiment 18957
Epoch 0005 [Test seq (cond on sampled tp)] | Loss 31322.140625 | Likelihood -31454.712891 | KL fp 2.6958 | FP STD 0.1306|
KL coef: 0.0
Train loss (one batch): 30546.9453125
Train CE loss (one batch): 0.0
Test MSE: 0.0629
Poisson likelihood: 0.0
CE loss: 0.0
Experiment 18957
Epoch 0006 [Test seq (cond on sampled tp)] | Loss 30638.751953 | Likelihood -30785.453125 | KL fp 2.8554 | FP STD 0.1166|
KL coef: 0.0
Train loss (one batch): 28427.255859375
Train CE loss (one batch): 0.0
Test MSE: 0.0616
Poisson likelihood: 0.0
CE loss: 0.0
Experiment 18957
Epoch 0007 [Test seq (cond on sampled tp)] | Loss 29579.890625 | Likelihood -29743.375000 | KL fp 2.8988 | FP STD 0.1094|
KL coef: 0.0
Train loss (one batch): 30068.1484375
Train CE loss (one batch): 0.0
Test MSE: 0.0595
Poisson likelihood: 0.0
CE loss: 0.0
Experiment 18957
Epoch 0008 [Test seq (cond on sampled tp)] | Loss 30878.787109 | Likelihood -30963.904297 | KL fp 2.8354 | FP STD 0.1126|
KL coef: 0.0
Train loss (one batch): 28669.7109375
Train CE loss (one batch): 0.0
Test MSE: 0.0619
Poisson likelihood: 0.0
CE loss: 0.0
Experiment 18957
Epoch 0009 [Test seq (cond on sampled tp)] | Loss 29565.257812 | Likelihood -29934.509766 | KL fp 2.8523 | FP STD 0.1093|
KL coef: 0.0
Train loss (one batch): 28848.193359375
Train CE loss (one batch): 0.0
Test MSE: 0.0599
Poisson likelihood: 0.0
CE loss: 0.0
Experiment 18957
Epoch 0010 [Test seq (cond on sampled tp)] | Loss 29539.720703 | Likelihood -29657.306641 | KL fp 2.9614 | FP STD 0.1004|
KL coef: 0.0
Train loss (one batch): 27460.21484375
Train CE loss (one batch): 0.0
Test MSE: 0.0593
Poisson likelihood: 0.0
CE loss: 0.0
Experiment 18957
Epoch 0011 [Test seq (cond on sampled tp)] | Loss 28577.308594 | Likelihood -28893.437500 | KL fp 2.8621 | FP STD 0.1036|
KL coef: 0.010000000000000009
Train loss (one batch): 27340.587890625
Train CE loss (one batch): 0.0
Test MSE: 0.0578
Poisson likelihood: 0.0
CE loss: 0.0
Experiment 18957
Epoch 0012 [Test seq (cond on sampled tp)] | Loss 28198.445312 | Likelihood -28239.937500 | KL fp 2.8983 | FP STD 0.1000|
KL coef: 0.01990000000000003
Train loss (one batch): 26535.736328125
Train CE loss (one batch): 0.0
Test MSE: 0.0565
Poisson likelihood: 0.0
CE loss: 0.0
Experiment 18957
Epoch 0013 [Test seq (cond on sampled tp)] | Loss 27398.410156 | Likelihood -27503.677734 | KL fp 2.8960 | FP STD 0.1001|
KL coef: 0.029700999999999977
Train loss (one batch): 26652.671875
Train CE loss (one batch): 0.0
Test MSE: 0.0550
Poisson likelihood: 0.0
CE loss: 0.0
Experiment 18957
Epoch 0014 [Test seq (cond on sampled tp)] | Loss 27179.007812 | Likelihood -27426.283203 | KL fp 2.8873 | FP STD 0.1014|
KL coef: 0.039403990000000055
Train loss (one batch): 25613.259765625
Train CE loss (one batch): 0.0
Test MSE: 0.0549
Poisson likelihood: 0.0
CE loss: 0.0
Experiment 18957
Epoch 0015 [Test seq (cond on sampled tp)] | Loss 25900.107422 | Likelihood -25995.443359 | KL fp 2.8640 | FP STD 0.1022|
KL coef: 0.04900995010000009
Train loss (one batch): 25169.150390625
Train CE loss (one batch): 0.0
Test MSE: 0.0520
Poisson likelihood: 0.0
CE loss: 0.0
Experiment 18957
Epoch 0016 [Test seq (cond on sampled tp)] | Loss 24499.933594 | Likelihood -24640.189453 | KL fp 2.8758 | FP STD 0.0994|
KL coef: 0.058519850599
Train loss (one batch): 23840.201171875
Train CE loss (one batch): 0.0
Test MSE: 0.0493
Poisson likelihood: 0.0
CE loss: 0.0
Experiment 18957
Epoch 0017 [Test seq (cond on sampled tp)] | Loss 23171.871094 | Likelihood -23207.351562 | KL fp 2.8831 | FP STD 0.1040|
KL coef: 0.06793465209301008
Train loss (one batch): 21800.837890625
Train CE loss (one batch): 0.0
Test MSE: 0.0464
Poisson likelihood: 0.0
CE loss: 0.0
Experiment 18957
Epoch 0018 [Test seq (cond on sampled tp)] | Loss 22330.332031 | Likelihood -22400.164062 | KL fp 2.8741 | FP STD 0.1009|
KL coef: 0.07725530557207994
Train loss (one batch): 21504.158203125
Train CE loss (one batch): 0.0
Test MSE: 0.0448
Poisson likelihood: 0.0
CE loss: 0.0
Experiment 18957
Epoch 0019 [Test seq (cond on sampled tp)] | Loss 22112.302734 | Likelihood -22194.617188 | KL fp 2.8880 | FP STD 0.0999|
KL coef: 0.08648275251635917
Train loss (one batch): 20457.361328125
Train CE loss (one batch): 0.0
Test MSE: 0.0444
Poisson likelihood: 0.0
CE loss: 0.0
Experiment 18957
Epoch 0020 [Test seq (cond on sampled tp)] | Loss 20679.875000 | Likelihood -20900.314453 | KL fp 3.0468 | FP STD 0.0879|
KL coef: 0.09561792499119559
Train loss (one batch): 20636.3125
Train CE loss (one batch): 0.0
Test MSE: 0.0418
Poisson likelihood: 0.0
CE loss: 0.0
Experiment 18957
Epoch 0021 [Test seq (cond on sampled tp)] | Loss 20883.439453 | Likelihood -21064.781250 | KL fp 3.0692 | FP STD 0.0851|
KL coef: 0.10466174574128362
Train loss (one batch): 21151.5390625
Train CE loss (one batch): 0.0
Test MSE: 0.0421
Poisson likelihood: 0.0
CE loss: 0.0
Experiment 18957
Epoch 0022 [Test seq (cond on sampled tp)] | Loss 20604.849609 | Likelihood -20682.177734 | KL fp 2.9788 | FP STD 0.0900|
KL coef: 0.11361512828387077
Train loss (one batch): 20564.8671875
Train CE loss (one batch): 0.0
Test MSE: 0.0414
Poisson likelihood: 0.0
CE loss: 0.0
Experiment 18957
Epoch 0023 [Test seq (cond on sampled tp)] | Loss 20340.679688 | Likelihood -20423.837891 | KL fp 3.0451 | FP STD 0.0850|
KL coef: 0.12247897700103216
Train loss (one batch): 19518.005859375
Train CE loss (one batch): 0.0
Test MSE: 0.0409
Poisson likelihood: 0.0
CE loss: 0.0
Experiment 18957
Epoch 0024 [Test seq (cond on sampled tp)] | Loss 20368.654297 | Likelihood -20471.177734 | KL fp 3.0401 | FP STD 0.0853|
KL coef: 0.13125418723102178
Train loss (one batch): 19811.05078125
Train CE loss (one batch): 0.0
Test MSE: 0.0410
Poisson likelihood: 0.0
CE loss: 0.0
Experiment 18957
Epoch 0025 [Test seq (cond on sampled tp)] | Loss 20296.857422 | Likelihood -20366.986328 | KL fp 3.0516 | FP STD 0.0852|
KL coef: 0.13994164535871156
Train loss (one batch): 19796.58984375
Train CE loss (one batch): 0.0
Test MSE: 0.0407
Poisson likelihood: 0.0
CE loss: 0.0
Experiment 18957
Epoch 0026 [Test seq (cond on sampled tp)] | Loss 19537.904297 | Likelihood -19610.181641 | KL fp 3.0210 | FP STD 0.0858|
KL coef: 0.14854222890512447
Train loss (one batch): 19322.802734375
Train CE loss (one batch): 0.0
Test MSE: 0.0392
Poisson likelihood: 0.0
CE loss: 0.0
Experiment 18957
Epoch 0027 [Test seq (cond on sampled tp)] | Loss 19238.925781 | Likelihood -19326.947266 | KL fp 2.9904 | FP STD 0.0900|
KL coef: 0.15705680661607324
Train loss (one batch): 18798.640625
Train CE loss (one batch): 0.0
Test MSE: 0.0387
Poisson likelihood: 0.0
CE loss: 0.0
Experiment 18957
Epoch 0028 [Test seq (cond on sampled tp)] | Loss 18458.572266 | Likelihood -18550.544922 | KL fp 3.0324 | FP STD 0.0858|
KL coef: 0.1654862385499125
Train loss (one batch): 18809.7109375
Train CE loss (one batch): 0.0
Test MSE: 0.0371
Poisson likelihood: 0.0
CE loss: 0.0
Experiment 18957
Epoch 0029 [Test seq (cond on sampled tp)] | Loss 18199.123047 | Likelihood -18265.216797 | KL fp 3.0336 | FP STD 0.0849|
KL coef: 0.17383137616441335
Train loss (one batch): 18673.4296875
Train CE loss (one batch): 0.0
Test MSE: 0.0365
Poisson likelihood: 0.0
CE loss: 0.0
Experiment 18957
Epoch 0030 [Test seq (cond on sampled tp)] | Loss 17725.869141 | Likelihood -17898.859375 | KL fp 3.0200 | FP STD 0.0852|
KL coef: 0.18209306240276923
Train loss (one batch): 17941.203125
Train CE loss (one batch): 0.0
Test MSE: 0.0358
Poisson likelihood: 0.0
CE loss: 0.0
Experiment 18957
Epoch 0031 [Test seq (cond on sampled tp)] | Loss 17446.746094 | Likelihood -17584.560547 | KL fp 3.0288 | FP STD 0.0849|
KL coef: 0.19027213177874158
Train loss (one batch): 18567.189453125
Train CE loss (one batch): 0.0
Test MSE: 0.0352
Poisson likelihood: 0.0
CE loss: 0.0
Experiment 18957
Epoch 0032 [Test seq (cond on sampled tp)] | Loss 17297.326172 | Likelihood -17416.814453 | KL fp 3.0134 | FP STD 0.0855|
KL coef: 0.19836941046095413
Train loss (one batch): 17416.451171875
Train CE loss (one batch): 0.0
Test MSE: 0.0348
Poisson likelihood: 0.0
CE loss: 0.0
Experiment 18957
Epoch 0033 [Test seq (cond on sampled tp)] | Loss 16945.849609 | Likelihood -16972.716797 | KL fp 3.0763 | FP STD 0.0814|
KL coef: 0.20638571635634462
Train loss (one batch): 16807.076171875
Train CE loss (one batch): 0.0
Test MSE: 0.0340
Poisson likelihood: 0.0
CE loss: 0.0
Experiment 18957
Epoch 0034 [Test seq (cond on sampled tp)] | Loss 16675.074219 | Likelihood -16767.259766 | KL fp 3.0225 | FP STD 0.0866|
KL coef: 0.21432185919278124
Train loss (one batch): 16348.341796875
Train CE loss (one batch): 0.0
Test MSE: 0.0335
Poisson likelihood: 0.0
CE loss: 0.0
Experiment 18957
Epoch 0035 [Test seq (cond on sampled tp)] | Loss 16383.298828 | Likelihood -16419.390625 | KL fp 3.0674 | FP STD 0.0828|
KL coef: 0.22217864060085335
Train loss (one batch): 16783.455078125
Train CE loss (one batch): 0.0
Test MSE: 0.0329
Poisson likelihood: 0.0
CE loss: 0.0
Experiment 18957
Epoch 0036 [Test seq (cond on sampled tp)] | Loss 15922.810547 | Likelihood -15975.879883 | KL fp 3.0316 | FP STD 0.0864|
KL coef: 0.2299568541948449
Train loss (one batch): 16352.4033203125
Train CE loss (one batch): 0.0
Test MSE: 0.0320
Poisson likelihood: 0.0
CE loss: 0.0
Experiment 18957
Epoch 0037 [Test seq (cond on sampled tp)] | Loss 15791.847656 | Likelihood -15890.424805 | KL fp 2.9912 | FP STD 0.0853|
KL coef: 0.23765728565289646
Train loss (one batch): 15804.3759765625
Train CE loss (one batch): 0.0
Test MSE: 0.0318
Poisson likelihood: 0.0
CE loss: 0.0
Experiment 18957
Epoch 0038 [Test seq (cond on sampled tp)] | Loss 15293.980469 | Likelihood -15331.317383 | KL fp 3.0305 | FP STD 0.0837|
KL coef: 0.24528071279636743
Train loss (one batch): 15369.2421875
Train CE loss (one batch): 0.0
Test MSE: 0.0307
Poisson likelihood: 0.0
CE loss: 0.0
Experiment 18957
Epoch 0039 [Test seq (cond on sampled tp)] | Loss 15091.172852 | Likelihood -15100.781250 | KL fp 3.0594 | FP STD 0.0829|
KL coef: 0.25282790566840385
Train loss (one batch): 14723.2958984375
Train CE loss (one batch): 0.0
Test MSE: 0.0302
Poisson likelihood: 0.0
CE loss: 0.0
Experiment 18957
Epoch 0040 [Test seq (cond on sampled tp)] | Loss 14938.785156 | Likelihood -14975.348633 | KL fp 3.1516 | FP STD 0.0776|
KL coef: 0.2602996266117198
Train loss (one batch): 14595.8955078125
Train CE loss (one batch): 0.0
Test MSE: 0.0300
Poisson likelihood: 0.0
CE loss: 0.0
Experiment 18957
Epoch 0041 [Test seq (cond on sampled tp)] | Loss 14423.848633 | Likelihood -14527.518555 | KL fp 3.0959 | FP STD 0.0799|
KL coef: 0.26769663034560254
Train loss (one batch): 14591.0205078125
Train CE loss (one batch): 0.0
Test MSE: 0.0291
Poisson likelihood: 0.0
CE loss: 0.0
Experiment 18957
Epoch 0042 [Test seq (cond on sampled tp)] | Loss 14199.275391 | Likelihood -14255.897461 | KL fp 3.1815 | FP STD 0.0746|
KL coef: 0.2750196640421466
Train loss (one batch): 15187.3740234375
Train CE loss (one batch): 0.0
Test MSE: 0.0285
Poisson likelihood: 0.0
CE loss: 0.0
Experiment 18957
Epoch 0043 [Test seq (cond on sampled tp)] | Loss 14033.594727 | Likelihood -14114.449219 | KL fp 3.1139 | FP STD 0.0784|
KL coef: 0.2822694674017251
Train loss (one batch): 14012.7265625
Train CE loss (one batch): 0.0
Test MSE: 0.0282
Poisson likelihood: 0.0
CE loss: 0.0
Experiment 18957
Epoch 0044 [Test seq (cond on sampled tp)] | Loss 14112.930664 | Likelihood -14135.333008 | KL fp 3.0636 | FP STD 0.0790|
KL coef: 0.2894467727277079
Train loss (one batch): 14707.71875
Train CE loss (one batch): 0.0
Test MSE: 0.0283
Poisson likelihood: 0.0
CE loss: 0.0
Experiment 18957
Epoch 0045 [Test seq (cond on sampled tp)] | Loss 13713.397461 | Likelihood -13762.825195 | KL fp 3.1277 | FP STD 0.0754|
KL coef: 0.29655230500043084
Train loss (one batch): 13900.06640625
Train CE loss (one batch): 0.0
Test MSE: 0.0275
Poisson likelihood: 0.0
CE loss: 0.0
Experiment 18957
Epoch 0046 [Test seq (cond on sampled tp)] | Loss 14002.641602 | Likelihood -14030.026367 | KL fp 3.1459 | FP STD 0.0752|
KL coef: 0.30358678195042654
Train loss (one batch): 13733.634765625
Train CE loss (one batch): 0.0
Test MSE: 0.0281
Poisson likelihood: 0.0
CE loss: 0.0
Experiment 18957
Epoch 0047 [Test seq (cond on sampled tp)] | Loss 13501.770508 | Likelihood -13577.347656 | KL fp 3.1458 | FP STD 0.0759|
KL coef: 0.3105509141309223
Train loss (one batch): 13554.88671875
Train CE loss (one batch): 0.0
Test MSE: 0.0272
Poisson likelihood: 0.0
CE loss: 0.0
Experiment 18957
Epoch 0048 [Test seq (cond on sampled tp)] | Loss 13032.480469 | Likelihood -13085.489258 | KL fp 3.2013 | FP STD 0.0736|
KL coef: 0.31744540498961304
Train loss (one batch): 13721.703125
Train CE loss (one batch): 0.0
Test MSE: 0.0262
Poisson likelihood: 0.0
CE loss: 0.0
Experiment 18957
Epoch 0049 [Test seq (cond on sampled tp)] | Loss 13137.574219 | Likelihood -13214.273438 | KL fp 3.1643 | FP STD 0.0751|
KL coef: 0.3242709509397169
Train loss (one batch): 12829.9111328125
Train CE loss (one batch): 0.0
Test MSE: 0.0264
Poisson likelihood: 0.0
CE loss: 0.0
Experiment 18957
Epoch 0050 [Test seq (cond on sampled tp)] | Loss 13090.220703 | Likelihood -13142.090820 | KL fp 3.1442 | FP STD 0.0745|
KL coef: 0.3310282414303197
Train loss (one batch): 12594.5
Train CE loss (one batch): 0.0
Test MSE: 0.0263
Poisson likelihood: 0.0
CE loss: 0.0
Experiment 18957
Epoch 0051 [Test seq (cond on sampled tp)] | Loss 13228.424805 | Likelihood -13265.844727 | KL fp 3.1877 | FP STD 0.0732|
KL coef: 0.33771795901601653
Train loss (one batch): 12759.4794921875
Train CE loss (one batch): 0.0
Test MSE: 0.0265
Poisson likelihood: 0.0
CE loss: 0.0
Experiment 18957
Epoch 0052 [Test seq (cond on sampled tp)] | Loss 12688.473633 | Likelihood -12765.074219 | KL fp 3.2294 | FP STD 0.0727|
KL coef: 0.3443407794258564
Train loss (one batch): 12453.7109375
Train CE loss (one batch): 0.0
Test MSE: 0.0255
Poisson likelihood: 0.0
CE loss: 0.0
Experiment 18957
Epoch 0053 [Test seq (cond on sampled tp)] | Loss 12540.353516 | Likelihood -12605.960938 | KL fp 3.2057 | FP STD 0.0734|
KL coef: 0.35089737163159784
Train loss (one batch): 13212.8681640625
Train CE loss (one batch): 0.0
Test MSE: 0.0252
Poisson likelihood: 0.0
CE loss: 0.0
Experiment 18957
Epoch 0054 [Test seq (cond on sampled tp)] | Loss 12348.625977 | Likelihood -12368.516602 | KL fp 3.1926 | FP STD 0.0720|
KL coef: 0.3573883979152819
Train loss (one batch): 12524.9453125
Train CE loss (one batch): 0.0
Test MSE: 0.0247
Poisson likelihood: 0.0
CE loss: 0.0
Experiment 18957
Epoch 0055 [Test seq (cond on sampled tp)] | Loss 12300.046875 | Likelihood -12318.399414 | KL fp 3.2215 | FP STD 0.0692|
KL coef: 0.36381451393612907
Train loss (one batch): 12263.7373046875
Train CE loss (one batch): 0.0
Test MSE: 0.0246
Poisson likelihood: 0.0
CE loss: 0.0
Experiment 18957
Epoch 0056 [Test seq (cond on sampled tp)] | Loss 11971.869141 | Likelihood -12020.629883 | KL fp 3.2026 | FP STD 0.0719|
KL coef: 0.37017636879676774
Train loss (one batch): 11901.3662109375
Train CE loss (one batch): 0.0
Test MSE: 0.0241
Poisson likelihood: 0.0
CE loss: 0.0
Experiment 18957
Epoch 0057 [Test seq (cond on sampled tp)] | Loss 11787.568359 | Likelihood -11869.346680 | KL fp 3.2165 | FP STD 0.0702|
KL coef: 0.37647460510880004
Train loss (one batch): 12107.6533203125
Train CE loss (one batch): 0.0
Test MSE: 0.0238
Poisson likelihood: 0.0
CE loss: 0.0
Experiment 18957
Epoch 0058 [Test seq (cond on sampled tp)] | Loss 12076.410156 | Likelihood -12153.897461 | KL fp 3.2299 | FP STD 0.0692|
KL coef: 0.38270985905771204
Train loss (one batch): 11547.837890625
Train CE loss (one batch): 0.0
Test MSE: 0.0243
Poisson likelihood: 0.0
CE loss: 0.0
Experiment 18957
Epoch 0059 [Test seq (cond on sampled tp)] | Loss 11644.201172 | Likelihood -11662.495117 | KL fp 3.2585 | FP STD 0.0676|
KL coef: 0.388882760467135
Train loss (one batch): 11534.720703125
Train CE loss (one batch): 0.0
Test MSE: 0.0233
Poisson likelihood: 0.0
CE loss: 0.0
Experiment 18957
Epoch 0060 [Test seq (cond on sampled tp)] | Loss 11629.604492 | Likelihood -11699.730469 | KL fp 3.2642 | FP STD 0.0678|
KL coef: 0.39499393286246365
Train loss (one batch): 11873.6083984375
Train CE loss (one batch): 0.0
Test MSE: 0.0234
Poisson likelihood: 0.0
CE loss: 0.0
Experiment 18957
Epoch 0061 [Test seq (cond on sampled tp)] | Loss 11405.739258 | Likelihood -11472.583008 | KL fp 3.2220 | FP STD 0.0710|
KL coef: 0.401043993533839
Train loss (one batch): 11515.7099609375
Train CE loss (one batch): 0.0
Test MSE: 0.0230
Poisson likelihood: 0.0
CE loss: 0.0
Experiment 18957
Epoch 0062 [Test seq (cond on sampled tp)] | Loss 10985.732422 | Likelihood -11037.640625 | KL fp 3.2725 | FP STD 0.0672|
KL coef: 0.4070335535985006
Train loss (one batch): 11215.302734375
Train CE loss (one batch): 0.0
Test MSE: 0.0221
Poisson likelihood: 0.0
CE loss: 0.0
Experiment 18957
Epoch 0063 [Test seq (cond on sampled tp)] | Loss 11129.683594 | Likelihood -11191.043945 | KL fp 3.2014 | FP STD 0.0705|
KL coef: 0.41296321806251557
Train loss (one batch): 10976.021484375
Train CE loss (one batch): 0.0
Test MSE: 0.0224
Poisson likelihood: 0.0
CE loss: 0.0
Experiment 18957
Epoch 0064 [Test seq (cond on sampled tp)] | Loss 11110.974609 | Likelihood -11134.562500 | KL fp 3.1948 | FP STD 0.0702|
KL coef: 0.41883358588189046
Train loss (one batch): 11702.484375
Train CE loss (one batch): 0.0
Test MSE: 0.0223
Poisson likelihood: 0.0
CE loss: 0.0
Experiment 18957
Epoch 0065 [Test seq (cond on sampled tp)] | Loss 11304.540039 | Likelihood -11382.653320 | KL fp 3.2499 | FP STD 0.0700|
KL coef: 0.4246452500230715
Train loss (one batch): 11281.12109375
Train CE loss (one batch): 0.0
Test MSE: 0.0228
Poisson likelihood: 0.0
CE loss: 0.0
Experiment 18957
Epoch 0066 [Test seq (cond on sampled tp)] | Loss 10724.051758 | Likelihood -10764.963867 | KL fp 3.2458 | FP STD 0.0687|
KL coef: 0.4303987975228408
Train loss (one batch): 10722.5556640625
Train CE loss (one batch): 0.0
Test MSE: 0.0215
Poisson likelihood: 0.0
CE loss: 0.0
Experiment 18957
Epoch 0067 [Test seq (cond on sampled tp)] | Loss 10922.820312 | Likelihood -10991.332031 | KL fp 3.2417 | FP STD 0.0686|
KL coef: 0.4360948095476125
Train loss (one batch): 11154.5087890625
Train CE loss (one batch): 0.0
Test MSE: 0.0220
Poisson likelihood: 0.0
CE loss: 0.0
Experiment 18957
Epoch 0068 [Test seq (cond on sampled tp)] | Loss 10667.943359 | Likelihood -10686.483398 | KL fp 3.2450 | FP STD 0.0670|
KL coef: 0.44173386145213633
Train loss (one batch): 10550.974609375
Train CE loss (one batch): 0.0
Test MSE: 0.0214
Poisson likelihood: 0.0
CE loss: 0.0
Experiment 18957
Epoch 0069 [Test seq (cond on sampled tp)] | Loss 10431.788086 | Likelihood -10505.182617 | KL fp 3.2919 | FP STD 0.0643|
KL coef: 0.4473165228376149
Train loss (one batch): 10336.0625
Train CE loss (one batch): 0.0
Test MSE: 0.0210
Poisson likelihood: 0.0
CE loss: 0.0
Experiment 18957
Epoch 0070 [Test seq (cond on sampled tp)] | Loss 10183.723633 | Likelihood -10209.167969 | KL fp 3.2904 | FP STD 0.0651|
KL coef: 0.4528433576092388
Train loss (one batch): 10278.7236328125
Train CE loss (one batch): 0.0
Test MSE: 0.0204
Poisson likelihood: 0.0
CE loss: 0.0
Experiment 18957
Epoch 0071 [Test seq (cond on sampled tp)] | Loss 10268.336914 | Likelihood -10318.305664 | KL fp 3.2900 | FP STD 0.0660|
KL coef: 0.45831492403314644
Train loss (one batch): 9315.0703125
Train CE loss (one batch): 0.0
Test MSE: 0.0206
Poisson likelihood: 0.0
CE loss: 0.0
Experiment 18957
Epoch 0072 [Test seq (cond on sampled tp)] | Loss 10006.384766 | Likelihood -10075.803711 | KL fp 3.3415 | FP STD 0.0630|
KL coef: 0.463731774792815
Train loss (one batch): 10667.76171875
Train CE loss (one batch): 0.0
Test MSE: 0.0202
Poisson likelihood: 0.0
CE loss: 0.0
Experiment 18957
Epoch 0073 [Test seq (cond on sampled tp)] | Loss 10061.636719 | Likelihood -10115.893555 | KL fp 3.2809 | FP STD 0.0630|
KL coef: 0.46909445704488684
Train loss (one batch): 10412.505859375
Train CE loss (one batch): 0.0
Test MSE: 0.0202
Poisson likelihood: 0.0
CE loss: 0.0
Experiment 18957
Epoch 0074 [Test seq (cond on sampled tp)] | Loss 9897.940430 | Likelihood -9951.433594 | KL fp 3.3673 | FP STD 0.0615|
KL coef: 0.474403512474438
Train loss (one batch): 9658.416015625
Train CE loss (one batch): 0.0
Test MSE: 0.0199
Poisson likelihood: 0.0
CE loss: 0.0
Experiment 18957
Epoch 0075 [Test seq (cond on sampled tp)] | Loss 10356.962891 | Likelihood -10379.931641 | KL fp 3.2974 | FP STD 0.0643|
KL coef: 0.4796594773496936
Train loss (one batch): 10997.1904296875
Train CE loss (one batch): 0.0
Test MSE: 0.0208
Poisson likelihood: 0.0
CE loss: 0.0
Experiment 18957
Epoch 0076 [Test seq (cond on sampled tp)] | Loss 9838.787109 | Likelihood -9868.196289 | KL fp 3.3903 | FP STD 0.0599|
KL coef: 0.4848628825761967
Train loss (one batch): 9711.7919921875
Train CE loss (one batch): 0.0
Test MSE: 0.0197
Poisson likelihood: 0.0
CE loss: 0.0
Experiment 18957
Epoch 0077 [Test seq (cond on sampled tp)] | Loss 9919.993164 | Likelihood -9946.550781 | KL fp 3.3569 | FP STD 0.0612|
KL coef: 0.4900142537504347
Train loss (one batch): 9703.9736328125
Train CE loss (one batch): 0.0
Test MSE: 0.0199
Poisson likelihood: 0.0
CE loss: 0.0
Experiment 18957
Epoch 0078 [Test seq (cond on sampled tp)] | Loss 9937.014648 | Likelihood -9988.850586 | KL fp 3.3929 | FP STD 0.0594|
KL coef: 0.49511411121293036
Train loss (one batch): 9770.6484375
Train CE loss (one batch): 0.0
Test MSE: 0.0200
Poisson likelihood: 0.0
CE loss: 0.0
Experiment 18957
Epoch 0079 [Test seq (cond on sampled tp)] | Loss 9698.428711 | Likelihood -9717.145508 | KL fp 3.3920 | FP STD 0.0578|
KL coef: 0.500162970100801
Train loss (one batch): 9750.873046875
Train CE loss (one batch): 0.0
Test MSE: 0.0194
Poisson likelihood: 0.0
CE loss: 0.0
Experiment 18957
Epoch 0080 [Test seq (cond on sampled tp)] | Loss 9496.698242 | Likelihood -9534.297852 | KL fp 3.3675 | FP STD 0.0604|
KL coef: 0.505161340399793
Train loss (one batch): 9771.7724609375
Train CE loss (one batch): 0.0
Test MSE: 0.0191
Poisson likelihood: 0.0
CE loss: 0.0
Experiment 18957
Epoch 0081 [Test seq (cond on sampled tp)] | Loss 9629.492188 | Likelihood -9644.336914 | KL fp 3.4175 | FP STD 0.0567|
KL coef: 0.510109726995795
Train loss (one batch): 9561.4404296875
Train CE loss (one batch): 0.0
Test MSE: 0.0193
Poisson likelihood: 0.0
CE loss: 0.0
Experiment 18957
Epoch 0082 [Test seq (cond on sampled tp)] | Loss 9576.939453 | Likelihood -9619.953125 | KL fp 3.4109 | FP STD 0.0577|
KL coef: 0.5150086297258372
Train loss (one batch): 9770.4697265625
Train CE loss (one batch): 0.0
Test MSE: 0.0193
Poisson likelihood: 0.0
CE loss: 0.0
Experiment 18957
Epoch 0083 [Test seq (cond on sampled tp)] | Loss 9787.099609 | Likelihood -9875.023438 | KL fp 3.4118 | FP STD 0.0566|
KL coef: 0.5198585434285787
Train loss (one batch): 9749.0712890625
Train CE loss (one batch): 0.0
Test MSE: 0.0198
Poisson likelihood: 0.0
CE loss: 0.0
Experiment 18957
Epoch 0084 [Test seq (cond on sampled tp)] | Loss 9687.703125 | Likelihood -9711.901367 | KL fp 3.4293 | FP STD 0.0577|
KL coef: 0.524659957994293
Train loss (one batch): 9656.3447265625
Train CE loss (one batch): 0.0
Test MSE: 0.0194
Poisson likelihood: 0.0
CE loss: 0.0
Experiment 18957
Epoch 0085 [Test seq (cond on sampled tp)] | Loss 9381.669922 | Likelihood -9404.281250 | KL fp 3.4398 | FP STD 0.0564|
KL coef: 0.5294133584143501
Train loss (one batch): 9713.8740234375
Train CE loss (one batch): 0.0
Test MSE: 0.0188
Poisson likelihood: 0.0
CE loss: 0.0
Experiment 18957
Epoch 0086 [Test seq (cond on sampled tp)] | Loss 9638.313477 | Likelihood -9694.916992 | KL fp 3.4171 | FP STD 0.0555|
KL coef: 0.5341192248302067
Train loss (one batch): 9494.2861328125
Train CE loss (one batch): 0.0
Test MSE: 0.0194
Poisson likelihood: 0.0
CE loss: 0.0
Experiment 18957
Epoch 0087 [Test seq (cond on sampled tp)] | Loss 9609.564453 | Likelihood -9643.475586 | KL fp 3.4254 | FP STD 0.0559|
KL coef: 0.5387780325819045
Train loss (one batch): 9857.365234375
Train CE loss (one batch): 0.0
Test MSE: 0.0193
Poisson likelihood: 0.0
CE loss: 0.0
Experiment 18957
Epoch 0088 [Test seq (cond on sampled tp)] | Loss 9268.744141 | Likelihood -9303.963867 | KL fp 3.4342 | FP STD 0.0571|
KL coef: 0.5433902522560855
Train loss (one batch): 8872.5830078125
Train CE loss (one batch): 0.0
Test MSE: 0.0186
Poisson likelihood: 0.0
CE loss: 0.0
Experiment 18957
Epoch 0089 [Test seq (cond on sampled tp)] | Loss 9180.090820 | Likelihood -9226.092773 | KL fp 3.4761 | FP STD 0.0538|
KL coef: 0.5479563497335247
Train loss (one batch): 8778.3076171875
Train CE loss (one batch): 0.0
Test MSE: 0.0185
Poisson likelihood: 0.0
CE loss: 0.0
Experiment 18957
Epoch 0090 [Test seq (cond on sampled tp)] | Loss 9157.839844 | Likelihood -9179.265625 | KL fp 3.4854 | FP STD 0.0535|
KL coef: 0.5524767862361895
Train loss (one batch): 9416.8671875
Train CE loss (one batch): 0.0
Test MSE: 0.0184
Poisson likelihood: 0.0
CE loss: 0.0
Experiment 18957
Epoch 0091 [Test seq (cond on sampled tp)] | Loss 9474.550781 | Likelihood -9501.567383 | KL fp 3.4635 | FP STD 0.0545|
KL coef: 0.5569520183738275
Train loss (one batch): 9065.76953125
Train CE loss (one batch): 0.0
Test MSE: 0.0190
Poisson likelihood: 0.0
CE loss: 0.0
Experiment 18957
Epoch 0092 [Test seq (cond on sampled tp)] | Loss 9213.931641 | Likelihood -9244.448242 | KL fp 3.4837 | FP STD 0.0544|
KL coef: 0.5613824981900892
Train loss (one batch): 8786.001953125
Train CE loss (one batch): 0.0
Test MSE: 0.0185
Poisson likelihood: 0.0
CE loss: 0.0
Experiment 18957
Epoch 0093 [Test seq (cond on sampled tp)] | Loss 9297.130859 | Likelihood -9385.196289 | KL fp 3.4798 | FP STD 0.0526|
KL coef: 0.5657686732081884
Train loss (one batch): 9946.32421875
Train CE loss (one batch): 0.0
Test MSE: 0.0188
Poisson likelihood: 0.0
CE loss: 0.0
Experiment 18957
Epoch 0094 [Test seq (cond on sampled tp)] | Loss 9238.642578 | Likelihood -9267.461914 | KL fp 3.5152 | FP STD 0.0522|
KL coef: 0.5701109864761065
Train loss (one batch): 9275.2490234375
Train CE loss (one batch): 0.0
Test MSE: 0.0185
Poisson likelihood: 0.0
CE loss: 0.0
Experiment 18957
Epoch 0095 [Test seq (cond on sampled tp)] | Loss 8964.648438 | Likelihood -8998.363281 | KL fp 3.5029 | FP STD 0.0529|
KL coef: 0.5744098766113455
Train loss (one batch): 8862.00390625
Train CE loss (one batch): 0.0
Test MSE: 0.0180
Poisson likelihood: 0.0
CE loss: 0.0
Experiment 18957
Epoch 0096 [Test seq (cond on sampled tp)] | Loss 9364.973633 | Likelihood -9406.864258 | KL fp 3.4781 | FP STD 0.0522|
KL coef: 0.578665777845232
Train loss (one batch): 9040.6025390625
Train CE loss (one batch): 0.0
Test MSE: 0.0188
Poisson likelihood: 0.0
CE loss: 0.0
Experiment 18957
Epoch 0097 [Test seq (cond on sampled tp)] | Loss 9202.905273 | Likelihood -9243.043945 | KL fp 3.5145 | FP STD 0.0525|
KL coef: 0.5828791200667797
Train loss (one batch): 9186.8623046875
Train CE loss (one batch): 0.0
Test MSE: 0.0185
Poisson likelihood: 0.0
CE loss: 0.0
Experiment 18957
Epoch 0098 [Test seq (cond on sampled tp)] | Loss 9013.197266 | Likelihood -9038.878906 | KL fp 3.4839 | FP STD 0.0526|
KL coef: 0.5870503288661119
Train loss (one batch): 8709.5615234375
Train CE loss (one batch): 0.0
Test MSE: 0.0181
Poisson likelihood: 0.0
CE loss: 0.0
Experiment 18957
Epoch 0099 [Test seq (cond on sampled tp)] | Loss 9169.330078 | Likelihood -9181.187500 | KL fp 3.5316 | FP STD 0.0506|
KL coef: 0.5911798255774507
Train loss (one batch): 9699.259765625
Train CE loss (one batch): 0.0
Test MSE: 0.0184
Poisson likelihood: 0.0
CE loss: 0.0
Experiment 18957
Epoch 0100 [Test seq (cond on sampled tp)] | Loss 9173.474609 | Likelihood -9221.875000 | KL fp 3.4885 | FP STD 0.0527|
KL coef: 0.5952680273216762
Train loss (one batch): 8823.3349609375
Train CE loss (one batch): 0.0
Test MSE: 0.0185
Poisson likelihood: 0.0
CE loss: 0.0
