/Users/deyiliu/Dropbox/UNC/G4/Spring/790/code/latent_ode-master/run_models.py
run_models.py --niters 100 -n 1000 -l 15 --dataset hopper --latent-ode --z0-encoder trans -r 2000 -s 0.5
Experiment 57516
Epoch 0001 [Test seq (cond on sampled tp)] | Loss 51469.511719 | Likelihood -52245.500000 | KL fp 2.1339 | FP STD 0.2489|
KL coef: 0.0
Train loss (one batch): 58588.578125
Train CE loss (one batch): 0.0
Test MSE: 0.1045
Poisson likelihood: 0.0
CE loss: 0.0
Experiment 57516
Epoch 0002 [Test seq (cond on sampled tp)] | Loss 37202.335938 | Likelihood -37496.667969 | KL fp 2.3964 | FP STD 0.1743|
KL coef: 0.0
Train loss (one batch): 36246.140625
Train CE loss (one batch): 0.0
Test MSE: 0.0750
Poisson likelihood: 0.0
CE loss: 0.0
Experiment 57516
Epoch 0003 [Test seq (cond on sampled tp)] | Loss 33003.003906 | Likelihood -33157.597656 | KL fp 2.6027 | FP STD 0.1437|
KL coef: 0.0
Train loss (one batch): 30957.484375
Train CE loss (one batch): 0.0
Test MSE: 0.0663
Poisson likelihood: 0.0
CE loss: 0.0
Experiment 57516
Epoch 0004 [Test seq (cond on sampled tp)] | Loss 31050.259766 | Likelihood -31257.921875 | KL fp 2.6956 | FP STD 0.1298|
KL coef: 0.0
Train loss (one batch): 30905.171875
Train CE loss (one batch): 0.0
Test MSE: 0.0625
Poisson likelihood: 0.0
CE loss: 0.0
Experiment 57516
Epoch 0005 [Test seq (cond on sampled tp)] | Loss 30061.113281 | Likelihood -30202.365234 | KL fp 2.6973 | FP STD 0.1254|
KL coef: 0.0
Train loss (one batch): 29843.44921875
Train CE loss (one batch): 0.0
Test MSE: 0.0604
Poisson likelihood: 0.0
CE loss: 0.0
Experiment 57516
Epoch 0006 [Test seq (cond on sampled tp)] | Loss 28879.595703 | Likelihood -29074.187500 | KL fp 2.8037 | FP STD 0.1151|
KL coef: 0.0
Train loss (one batch): 29367.552734375
Train CE loss (one batch): 0.0
Test MSE: 0.0582
Poisson likelihood: 0.0
CE loss: 0.0
Experiment 57516
Epoch 0007 [Test seq (cond on sampled tp)] | Loss 28551.187500 | Likelihood -28970.634766 | KL fp 2.7755 | FP STD 0.1156|
KL coef: 0.0
Train loss (one batch): 28441.455078125
Train CE loss (one batch): 0.0
Test MSE: 0.0580
Poisson likelihood: 0.0
CE loss: 0.0
Experiment 57516
Epoch 0008 [Test seq (cond on sampled tp)] | Loss 27495.517578 | Likelihood -27741.330078 | KL fp 2.7790 | FP STD 0.1126|
KL coef: 0.0
Train loss (one batch): 27846.921875
Train CE loss (one batch): 0.0
Test MSE: 0.0555
Poisson likelihood: 0.0
CE loss: 0.0
Experiment 57516
Epoch 0009 [Test seq (cond on sampled tp)] | Loss 26358.742188 | Likelihood -26632.201172 | KL fp 2.7643 | FP STD 0.1140|
KL coef: 0.0
Train loss (one batch): 26914.462890625
Train CE loss (one batch): 0.0
Test MSE: 0.0533
Poisson likelihood: 0.0
CE loss: 0.0
Experiment 57516
Epoch 0010 [Test seq (cond on sampled tp)] | Loss 25564.035156 | Likelihood -25883.724609 | KL fp 2.8108 | FP STD 0.1085|
KL coef: 0.0
Train loss (one batch): 24383.345703125
Train CE loss (one batch): 0.0
Test MSE: 0.0518
Poisson likelihood: 0.0
CE loss: 0.0
Experiment 57516
Epoch 0011 [Test seq (cond on sampled tp)] | Loss 24437.677734 | Likelihood -24636.583984 | KL fp 2.7968 | FP STD 0.1084|
KL coef: 0.010000000000000009
Train loss (one batch): 24075.580078125
Train CE loss (one batch): 0.0
Test MSE: 0.0493
Poisson likelihood: 0.0
CE loss: 0.0
Experiment 57516
Epoch 0012 [Test seq (cond on sampled tp)] | Loss 23831.197266 | Likelihood -23941.904297 | KL fp 2.8049 | FP STD 0.1078|
KL coef: 0.01990000000000003
Train loss (one batch): 22936.216796875
Train CE loss (one batch): 0.0
Test MSE: 0.0479
Poisson likelihood: 0.0
CE loss: 0.0
Experiment 57516
Epoch 0013 [Test seq (cond on sampled tp)] | Loss 22629.691406 | Likelihood -22671.130859 | KL fp 2.7854 | FP STD 0.1071|
KL coef: 0.029700999999999977
Train loss (one batch): 21478.7109375
Train CE loss (one batch): 0.0
Test MSE: 0.0454
Poisson likelihood: 0.0
CE loss: 0.0
Experiment 57516
Epoch 0014 [Test seq (cond on sampled tp)] | Loss 22351.562500 | Likelihood -22513.240234 | KL fp 2.8528 | FP STD 0.1036|
KL coef: 0.039403990000000055
Train loss (one batch): 20659.052734375
Train CE loss (one batch): 0.0
Test MSE: 0.0450
Poisson likelihood: 0.0
CE loss: 0.0
Experiment 57516
Epoch 0015 [Test seq (cond on sampled tp)] | Loss 21406.837891 | Likelihood -21522.328125 | KL fp 2.8396 | FP STD 0.1049|
KL coef: 0.04900995010000009
Train loss (one batch): 20937.021484375
Train CE loss (one batch): 0.0
Test MSE: 0.0431
Poisson likelihood: 0.0
CE loss: 0.0
Experiment 57516
Epoch 0016 [Test seq (cond on sampled tp)] | Loss 20625.126953 | Likelihood -20876.335938 | KL fp 2.8548 | FP STD 0.1036|
KL coef: 0.058519850599
Train loss (one batch): 19779.16015625
Train CE loss (one batch): 0.0
Test MSE: 0.0418
Poisson likelihood: 0.0
CE loss: 0.0
Experiment 57516
Epoch 0017 [Test seq (cond on sampled tp)] | Loss 20201.593750 | Likelihood -20245.257812 | KL fp 2.8770 | FP STD 0.0988|
KL coef: 0.06793465209301008
Train loss (one batch): 18941.259765625
Train CE loss (one batch): 0.0
Test MSE: 0.0405
Poisson likelihood: 0.0
CE loss: 0.0
Experiment 57516
Epoch 0018 [Test seq (cond on sampled tp)] | Loss 19122.789062 | Likelihood -19230.927734 | KL fp 2.9218 | FP STD 0.0947|
KL coef: 0.07725530557207994
Train loss (one batch): 18607.447265625
Train CE loss (one batch): 0.0
Test MSE: 0.0385
Poisson likelihood: 0.0
CE loss: 0.0
Experiment 57516
Epoch 0019 [Test seq (cond on sampled tp)] | Loss 18991.863281 | Likelihood -19257.759766 | KL fp 2.8910 | FP STD 0.0968|
KL coef: 0.08648275251635917
Train loss (one batch): 18141.58984375
Train CE loss (one batch): 0.0
Test MSE: 0.0385
Poisson likelihood: 0.0
CE loss: 0.0
Experiment 57516
Epoch 0020 [Test seq (cond on sampled tp)] | Loss 18773.939453 | Likelihood -18862.767578 | KL fp 2.9432 | FP STD 0.0936|
KL coef: 0.09561792499119559
Train loss (one batch): 17128.73828125
Train CE loss (one batch): 0.0
Test MSE: 0.0377
Poisson likelihood: 0.0
CE loss: 0.0
Experiment 57516
Epoch 0021 [Test seq (cond on sampled tp)] | Loss 18157.271484 | Likelihood -18275.611328 | KL fp 2.9538 | FP STD 0.0913|
KL coef: 0.10466174574128362
Train loss (one batch): 18049.798828125
Train CE loss (one batch): 0.0
Test MSE: 0.0366
Poisson likelihood: 0.0
CE loss: 0.0
Experiment 57516
Epoch 0022 [Test seq (cond on sampled tp)] | Loss 18057.078125 | Likelihood -18123.867188 | KL fp 2.9445 | FP STD 0.0921|
KL coef: 0.11361512828387077
Train loss (one batch): 16529.5625
Train CE loss (one batch): 0.0
Test MSE: 0.0363
Poisson likelihood: 0.0
CE loss: 0.0
Experiment 57516
Epoch 0023 [Test seq (cond on sampled tp)] | Loss 17710.214844 | Likelihood -17834.283203 | KL fp 2.9727 | FP STD 0.0884|
KL coef: 0.12247897700103216
Train loss (one batch): 16024.7314453125
Train CE loss (one batch): 0.0
Test MSE: 0.0357
Poisson likelihood: 0.0
CE loss: 0.0
Experiment 57516
Epoch 0024 [Test seq (cond on sampled tp)] | Loss 17079.568359 | Likelihood -17317.308594 | KL fp 2.9829 | FP STD 0.0894|
KL coef: 0.13125418723102178
Train loss (one batch): 16730.0546875
Train CE loss (one batch): 0.0
Test MSE: 0.0346
Poisson likelihood: 0.0
CE loss: 0.0
Experiment 57516
Epoch 0025 [Test seq (cond on sampled tp)] | Loss 16341.537109 | Likelihood -16596.998047 | KL fp 2.8877 | FP STD 0.0948|
KL coef: 0.13994164535871156
Train loss (one batch): 15325.3173828125
Train CE loss (one batch): 0.0
Test MSE: 0.0332
Poisson likelihood: 0.0
CE loss: 0.0
Experiment 57516
Epoch 0026 [Test seq (cond on sampled tp)] | Loss 16157.843750 | Likelihood -16239.508789 | KL fp 3.0023 | FP STD 0.0875|
KL coef: 0.14854222890512447
Train loss (one batch): 15760.0166015625
Train CE loss (one batch): 0.0
Test MSE: 0.0325
Poisson likelihood: 0.0
CE loss: 0.0
Experiment 57516
Epoch 0027 [Test seq (cond on sampled tp)] | Loss 16458.316406 | Likelihood -16514.785156 | KL fp 2.9554 | FP STD 0.0886|
KL coef: 0.15705680661607324
Train loss (one batch): 15477.4189453125
Train CE loss (one batch): 0.0
Test MSE: 0.0330
Poisson likelihood: 0.0
CE loss: 0.0
Experiment 57516
Epoch 0028 [Test seq (cond on sampled tp)] | Loss 15928.742188 | Likelihood -16025.016602 | KL fp 2.9551 | FP STD 0.0897|
KL coef: 0.1654862385499125
Train loss (one batch): 15007.455078125
Train CE loss (one batch): 0.0
Test MSE: 0.0321
Poisson likelihood: 0.0
CE loss: 0.0
Experiment 57516
Epoch 0029 [Test seq (cond on sampled tp)] | Loss 15778.300781 | Likelihood -15834.317383 | KL fp 2.9606 | FP STD 0.0875|
KL coef: 0.17383137616441335
Train loss (one batch): 14731.498046875
Train CE loss (one batch): 0.0
Test MSE: 0.0317
Poisson likelihood: 0.0
CE loss: 0.0
Experiment 57516
Epoch 0030 [Test seq (cond on sampled tp)] | Loss 15438.855469 | Likelihood -15463.282227 | KL fp 3.0099 | FP STD 0.0856|
KL coef: 0.18209306240276923
Train loss (one batch): 14153.9248046875
Train CE loss (one batch): 0.0
Test MSE: 0.0309
Poisson likelihood: 0.0
CE loss: 0.0
Experiment 57516
Epoch 0031 [Test seq (cond on sampled tp)] | Loss 15286.666016 | Likelihood -15335.979492 | KL fp 3.0040 | FP STD 0.0841|
KL coef: 0.19027213177874158
Train loss (one batch): 14002.021484375
Train CE loss (one batch): 0.0
Test MSE: 0.0307
Poisson likelihood: 0.0
CE loss: 0.0
Experiment 57516
Epoch 0032 [Test seq (cond on sampled tp)] | Loss 15036.956055 | Likelihood -15085.004883 | KL fp 3.0223 | FP STD 0.0844|
KL coef: 0.19836941046095413
Train loss (one batch): 13549.955078125
Train CE loss (one batch): 0.0
Test MSE: 0.0302
Poisson likelihood: 0.0
CE loss: 0.0
Experiment 57516
Epoch 0033 [Test seq (cond on sampled tp)] | Loss 14712.058594 | Likelihood -14756.141602 | KL fp 3.0401 | FP STD 0.0829|
KL coef: 0.20638571635634462
Train loss (one batch): 13743.107421875
Train CE loss (one batch): 0.0
Test MSE: 0.0295
Poisson likelihood: 0.0
CE loss: 0.0
Experiment 57516
Epoch 0034 [Test seq (cond on sampled tp)] | Loss 14684.916992 | Likelihood -14839.339844 | KL fp 3.0239 | FP STD 0.0842|
KL coef: 0.21432185919278124
Train loss (one batch): 13582.08984375
Train CE loss (one batch): 0.0
Test MSE: 0.0297
Poisson likelihood: 0.0
CE loss: 0.0
Experiment 57516
Epoch 0035 [Test seq (cond on sampled tp)] | Loss 14504.646484 | Likelihood -14589.510742 | KL fp 3.0518 | FP STD 0.0803|
KL coef: 0.22217864060085335
Train loss (one batch): 13219.93359375
Train CE loss (one batch): 0.0
Test MSE: 0.0292
Poisson likelihood: 0.0
CE loss: 0.0
Experiment 57516
Epoch 0036 [Test seq (cond on sampled tp)] | Loss 14656.280273 | Likelihood -14760.666992 | KL fp 3.0809 | FP STD 0.0793|
KL coef: 0.2299568541948449
Train loss (one batch): 13404.572265625
Train CE loss (one batch): 0.0
Test MSE: 0.0295
Poisson likelihood: 0.0
CE loss: 0.0
Experiment 57516
Epoch 0037 [Test seq (cond on sampled tp)] | Loss 14329.354492 | Likelihood -14360.889648 | KL fp 3.0543 | FP STD 0.0792|
KL coef: 0.23765728565289646
Train loss (one batch): 13520.755859375
Train CE loss (one batch): 0.0
Test MSE: 0.0287
Poisson likelihood: 0.0
CE loss: 0.0
Experiment 57516
Epoch 0038 [Test seq (cond on sampled tp)] | Loss 14171.515625 | Likelihood -14216.523438 | KL fp 3.0518 | FP STD 0.0781|
KL coef: 0.24528071279636743
Train loss (one batch): 12725.9638671875
Train CE loss (one batch): 0.0
Test MSE: 0.0284
Poisson likelihood: 0.0
CE loss: 0.0
Experiment 57516
Epoch 0039 [Test seq (cond on sampled tp)] | Loss 13830.674805 | Likelihood -13965.765625 | KL fp 3.0801 | FP STD 0.0771|
KL coef: 0.25282790566840385
Train loss (one batch): 12917.2529296875
Train CE loss (one batch): 0.0
Test MSE: 0.0279
Poisson likelihood: 0.0
CE loss: 0.0
Experiment 57516
Epoch 0040 [Test seq (cond on sampled tp)] | Loss 13525.393555 | Likelihood -13586.530273 | KL fp 3.0564 | FP STD 0.0776|
KL coef: 0.2602996266117198
Train loss (one batch): 12438.765625
Train CE loss (one batch): 0.0
Test MSE: 0.0272
Poisson likelihood: 0.0
CE loss: 0.0
Experiment 57516
Epoch 0041 [Test seq (cond on sampled tp)] | Loss 13530.847656 | Likelihood -13648.815430 | KL fp 3.1011 | FP STD 0.0753|
KL coef: 0.26769663034560254
Train loss (one batch): 12841.8359375
Train CE loss (one batch): 0.0
Test MSE: 0.0273
Poisson likelihood: 0.0
CE loss: 0.0
Experiment 57516
Epoch 0042 [Test seq (cond on sampled tp)] | Loss 13647.362305 | Likelihood -13781.934570 | KL fp 3.0646 | FP STD 0.0779|
KL coef: 0.2750196640421466
Train loss (one batch): 11852.4658203125
Train CE loss (one batch): 0.0
Test MSE: 0.0276
Poisson likelihood: 0.0
CE loss: 0.0
Experiment 57516
Epoch 0043 [Test seq (cond on sampled tp)] | Loss 13649.064453 | Likelihood -13696.721680 | KL fp 3.0807 | FP STD 0.0759|
KL coef: 0.2822694674017251
Train loss (one batch): 12529.1689453125
Train CE loss (one batch): 0.0
Test MSE: 0.0274
Poisson likelihood: 0.0
CE loss: 0.0
Experiment 57516
Epoch 0044 [Test seq (cond on sampled tp)] | Loss 13148.750000 | Likelihood -13172.532227 | KL fp 3.1011 | FP STD 0.0753|
KL coef: 0.2894467727277079
Train loss (one batch): 11965.818359375
Train CE loss (one batch): 0.0
Test MSE: 0.0264
Poisson likelihood: 0.0
CE loss: 0.0
Experiment 57516
Epoch 0045 [Test seq (cond on sampled tp)] | Loss 13029.532227 | Likelihood -13133.254883 | KL fp 3.1476 | FP STD 0.0738|
KL coef: 0.29655230500043084
Train loss (one batch): 12405.5517578125
Train CE loss (one batch): 0.0
Test MSE: 0.0263
Poisson likelihood: 0.0
CE loss: 0.0
Experiment 57516
Epoch 0046 [Test seq (cond on sampled tp)] | Loss 13103.253906 | Likelihood -13123.100586 | KL fp 3.0896 | FP STD 0.0745|
KL coef: 0.30358678195042654
Train loss (one batch): 11666.5703125
Train CE loss (one batch): 0.0
Test MSE: 0.0263
Poisson likelihood: 0.0
CE loss: 0.0
Experiment 57516
Epoch 0047 [Test seq (cond on sampled tp)] | Loss 12773.936523 | Likelihood -12808.963867 | KL fp 3.1751 | FP STD 0.0712|
KL coef: 0.3105509141309223
Train loss (one batch): 11315.6357421875
Train CE loss (one batch): 0.0
Test MSE: 0.0256
Poisson likelihood: 0.0
CE loss: 0.0
Experiment 57516
Epoch 0048 [Test seq (cond on sampled tp)] | Loss 12516.362305 | Likelihood -12565.999023 | KL fp 3.1281 | FP STD 0.0724|
KL coef: 0.31744540498961304
Train loss (one batch): 11213.36328125
Train CE loss (one batch): 0.0
Test MSE: 0.0251
Poisson likelihood: 0.0
CE loss: 0.0
Experiment 57516
Epoch 0049 [Test seq (cond on sampled tp)] | Loss 12554.982422 | Likelihood -12623.890625 | KL fp 3.1104 | FP STD 0.0734|
KL coef: 0.3242709509397169
Train loss (one batch): 10886.3818359375
Train CE loss (one batch): 0.0
Test MSE: 0.0253
Poisson likelihood: 0.0
CE loss: 0.0
Experiment 57516
Epoch 0050 [Test seq (cond on sampled tp)] | Loss 12356.414062 | Likelihood -12407.272461 | KL fp 3.1160 | FP STD 0.0746|
KL coef: 0.3310282414303197
Train loss (one batch): 11069.9462890625
Train CE loss (one batch): 0.0
Test MSE: 0.0248
Poisson likelihood: 0.0
CE loss: 0.0
Experiment 57516
Epoch 0051 [Test seq (cond on sampled tp)] | Loss 12188.598633 | Likelihood -12250.828125 | KL fp 3.1415 | FP STD 0.0713|
KL coef: 0.33771795901601653
Train loss (one batch): 10418.3037109375
Train CE loss (one batch): 0.0
Test MSE: 0.0245
Poisson likelihood: 0.0
CE loss: 0.0
Experiment 57516
Epoch 0052 [Test seq (cond on sampled tp)] | Loss 12140.343750 | Likelihood -12263.703125 | KL fp 3.1878 | FP STD 0.0700|
KL coef: 0.3443407794258564
Train loss (one batch): 11075.841796875
Train CE loss (one batch): 0.0
Test MSE: 0.0245
Poisson likelihood: 0.0
CE loss: 0.0
Experiment 57516
Epoch 0053 [Test seq (cond on sampled tp)] | Loss 12410.418945 | Likelihood -12468.921875 | KL fp 3.1750 | FP STD 0.0705|
KL coef: 0.35089737163159784
Train loss (one batch): 10510.41015625
Train CE loss (one batch): 0.0
Test MSE: 0.0249
Poisson likelihood: 0.0
CE loss: 0.0
Experiment 57516
Epoch 0054 [Test seq (cond on sampled tp)] | Loss 12195.791016 | Likelihood -12225.256836 | KL fp 3.1679 | FP STD 0.0700|
KL coef: 0.3573883979152819
Train loss (one batch): 10931.341796875
Train CE loss (one batch): 0.0
Test MSE: 0.0245
Poisson likelihood: 0.0
CE loss: 0.0
Experiment 57516
Epoch 0055 [Test seq (cond on sampled tp)] | Loss 11978.347656 | Likelihood -12057.489258 | KL fp 3.1552 | FP STD 0.0688|
KL coef: 0.36381451393612907
Train loss (one batch): 11326.30078125
Train CE loss (one batch): 0.0
Test MSE: 0.0241
Poisson likelihood: 0.0
CE loss: 0.0
Experiment 57516
Epoch 0056 [Test seq (cond on sampled tp)] | Loss 12353.545898 | Likelihood -12374.274414 | KL fp 3.2418 | FP STD 0.0675|
KL coef: 0.37017636879676774
Train loss (one batch): 10600.19921875
Train CE loss (one batch): 0.0
Test MSE: 0.0248
Poisson likelihood: 0.0
CE loss: 0.0
Experiment 57516
Epoch 0057 [Test seq (cond on sampled tp)] | Loss 11997.639648 | Likelihood -12034.437500 | KL fp 3.2832 | FP STD 0.0631|
KL coef: 0.37647460510880004
Train loss (one batch): 10028.9345703125
Train CE loss (one batch): 0.0
Test MSE: 0.0241
Poisson likelihood: 0.0
CE loss: 0.0
Experiment 57516
Epoch 0058 [Test seq (cond on sampled tp)] | Loss 12010.643555 | Likelihood -12029.281250 | KL fp 3.1925 | FP STD 0.0675|
KL coef: 0.38270985905771204
Train loss (one batch): 9818.498046875
Train CE loss (one batch): 0.0
Test MSE: 0.0241
Poisson likelihood: 0.0
CE loss: 0.0
Experiment 57516
Epoch 0059 [Test seq (cond on sampled tp)] | Loss 11700.986328 | Likelihood -11747.713867 | KL fp 3.2531 | FP STD 0.0636|
KL coef: 0.388882760467135
Train loss (one batch): 10027.7314453125
Train CE loss (one batch): 0.0
Test MSE: 0.0235
Poisson likelihood: 0.0
CE loss: 0.0
Experiment 57516
Epoch 0060 [Test seq (cond on sampled tp)] | Loss 11416.352539 | Likelihood -11496.179688 | KL fp 3.2546 | FP STD 0.0667|
KL coef: 0.39499393286246365
Train loss (one batch): 10148.91796875
Train CE loss (one batch): 0.0
Test MSE: 0.0230
Poisson likelihood: 0.0
CE loss: 0.0
Experiment 57516
Epoch 0061 [Test seq (cond on sampled tp)] | Loss 11849.550781 | Likelihood -11856.289062 | KL fp 3.2149 | FP STD 0.0671|
KL coef: 0.401043993533839
Train loss (one batch): 9935.021484375
Train CE loss (one batch): 0.0
Test MSE: 0.0237
Poisson likelihood: 0.0
CE loss: 0.0
Experiment 57516
Epoch 0062 [Test seq (cond on sampled tp)] | Loss 11509.166016 | Likelihood -11543.612305 | KL fp 3.2589 | FP STD 0.0633|
KL coef: 0.4070335535985006
Train loss (one batch): 9722.6728515625
Train CE loss (one batch): 0.0
Test MSE: 0.0231
Poisson likelihood: 0.0
CE loss: 0.0
Experiment 57516
Epoch 0063 [Test seq (cond on sampled tp)] | Loss 11094.202148 | Likelihood -11118.131836 | KL fp 3.3042 | FP STD 0.0606|
KL coef: 0.41296321806251557
Train loss (one batch): 10199.8525390625
Train CE loss (one batch): 0.0
Test MSE: 0.0222
Poisson likelihood: 0.0
CE loss: 0.0
Experiment 57516
Epoch 0064 [Test seq (cond on sampled tp)] | Loss 10870.041992 | Likelihood -10930.175781 | KL fp 3.2548 | FP STD 0.0635|
KL coef: 0.41883358588189046
Train loss (one batch): 10098.630859375
Train CE loss (one batch): 0.0
Test MSE: 0.0219
Poisson likelihood: 0.0
CE loss: 0.0
Experiment 57516
Epoch 0065 [Test seq (cond on sampled tp)] | Loss 11051.906250 | Likelihood -11066.234375 | KL fp 3.2679 | FP STD 0.0620|
KL coef: 0.4246452500230715
Train loss (one batch): 9767.4501953125
Train CE loss (one batch): 0.0
Test MSE: 0.0221
Poisson likelihood: 0.0
CE loss: 0.0
Experiment 57516
Epoch 0066 [Test seq (cond on sampled tp)] | Loss 11212.852539 | Likelihood -11316.497070 | KL fp 3.2649 | FP STD 0.0634|
KL coef: 0.4303987975228408
Train loss (one batch): 9892.41015625
Train CE loss (one batch): 0.0
Test MSE: 0.0226
Poisson likelihood: 0.0
CE loss: 0.0
Experiment 57516
Epoch 0067 [Test seq (cond on sampled tp)] | Loss 11113.968750 | Likelihood -11129.534180 | KL fp 3.2984 | FP STD 0.0611|
KL coef: 0.4360948095476125
Train loss (one batch): 9289.8359375
Train CE loss (one batch): 0.0
Test MSE: 0.0223
Poisson likelihood: 0.0
CE loss: 0.0
Experiment 57516
Epoch 0068 [Test seq (cond on sampled tp)] | Loss 10806.603516 | Likelihood -10877.685547 | KL fp 3.2553 | FP STD 0.0621|
KL coef: 0.44173386145213633
Train loss (one batch): 9523.30078125
Train CE loss (one batch): 0.0
Test MSE: 0.0218
Poisson likelihood: 0.0
CE loss: 0.0
Experiment 57516
Epoch 0069 [Test seq (cond on sampled tp)] | Loss 10798.388672 | Likelihood -10856.858398 | KL fp 3.3271 | FP STD 0.0590|
KL coef: 0.4473165228376149
Train loss (one batch): 9711.5947265625
Train CE loss (one batch): 0.0
Test MSE: 0.0217
Poisson likelihood: 0.0
CE loss: 0.0
Experiment 57516
Epoch 0070 [Test seq (cond on sampled tp)] | Loss 10614.071289 | Likelihood -10663.659180 | KL fp 3.4104 | FP STD 0.0560|
KL coef: 0.4528433576092388
Train loss (one batch): 9314.4248046875
Train CE loss (one batch): 0.0
Test MSE: 0.0213
Poisson likelihood: 0.0
CE loss: 0.0
Experiment 57516
Epoch 0071 [Test seq (cond on sampled tp)] | Loss 10793.750977 | Likelihood -10882.848633 | KL fp 3.3323 | FP STD 0.0590|
KL coef: 0.45831492403314644
Train loss (one batch): 9381.5146484375
Train CE loss (one batch): 0.0
Test MSE: 0.0218
Poisson likelihood: 0.0
CE loss: 0.0
Experiment 57516
Epoch 0072 [Test seq (cond on sampled tp)] | Loss 10523.841797 | Likelihood -10540.110352 | KL fp 3.3579 | FP STD 0.0572|
KL coef: 0.463731774792815
Train loss (one batch): 9229.16796875
Train CE loss (one batch): 0.0
Test MSE: 0.0211
Poisson likelihood: 0.0
CE loss: 0.0
Experiment 57516
Epoch 0073 [Test seq (cond on sampled tp)] | Loss 10273.862305 | Likelihood -10342.362305 | KL fp 3.3957 | FP STD 0.0551|
KL coef: 0.46909445704488684
Train loss (one batch): 9152.392578125
Train CE loss (one batch): 0.0
Test MSE: 0.0207
Poisson likelihood: 0.0
CE loss: 0.0
Experiment 57516
Epoch 0074 [Test seq (cond on sampled tp)] | Loss 10770.159180 | Likelihood -10809.493164 | KL fp 3.3093 | FP STD 0.0583|
KL coef: 0.474403512474438
Train loss (one batch): 9391.5595703125
Train CE loss (one batch): 0.0
Test MSE: 0.0216
Poisson likelihood: 0.0
CE loss: 0.0
Experiment 57516
Epoch 0075 [Test seq (cond on sampled tp)] | Loss 10202.436523 | Likelihood -10299.535156 | KL fp 3.4637 | FP STD 0.0530|
KL coef: 0.4796594773496936
Train loss (one batch): 8830.23828125
Train CE loss (one batch): 0.0
Test MSE: 0.0206
Poisson likelihood: 0.0
CE loss: 0.0
Experiment 57516
Epoch 0076 [Test seq (cond on sampled tp)] | Loss 10342.650391 | Likelihood -10403.878906 | KL fp 3.3647 | FP STD 0.0561|
KL coef: 0.4848628825761967
Train loss (one batch): 8822.0087890625
Train CE loss (one batch): 0.0
Test MSE: 0.0208
Poisson likelihood: 0.0
CE loss: 0.0
Experiment 57516
Epoch 0077 [Test seq (cond on sampled tp)] | Loss 10093.675781 | Likelihood -10162.403320 | KL fp 3.4067 | FP STD 0.0553|
KL coef: 0.4900142537504347
Train loss (one batch): 8350.1875
Train CE loss (one batch): 0.0
Test MSE: 0.0203
Poisson likelihood: 0.0
CE loss: 0.0
Experiment 57516
Epoch 0078 [Test seq (cond on sampled tp)] | Loss 9884.589844 | Likelihood -9961.049805 | KL fp 3.3951 | FP STD 0.0546|
KL coef: 0.49511411121293036
Train loss (one batch): 8902.25390625
Train CE loss (one batch): 0.0
Test MSE: 0.0199
Poisson likelihood: 0.0
CE loss: 0.0
Experiment 57516
Epoch 0079 [Test seq (cond on sampled tp)] | Loss 10221.400391 | Likelihood -10259.872070 | KL fp 3.4132 | FP STD 0.0547|
KL coef: 0.500162970100801
Train loss (one batch): 8637.7314453125
Train CE loss (one batch): 0.0
Test MSE: 0.0205
Poisson likelihood: 0.0
CE loss: 0.0
Experiment 57516
Epoch 0080 [Test seq (cond on sampled tp)] | Loss 10311.135742 | Likelihood -10311.788086 | KL fp 3.3890 | FP STD 0.0558|
KL coef: 0.505161340399793
Train loss (one batch): 8685.2939453125
Train CE loss (one batch): 0.0
Test MSE: 0.0206
Poisson likelihood: 0.0
CE loss: 0.0
Experiment 57516
Epoch 0081 [Test seq (cond on sampled tp)] | Loss 10093.104492 | Likelihood -10125.803711 | KL fp 3.4002 | FP STD 0.0546|
KL coef: 0.510109726995795
Train loss (one batch): 9082.0634765625
Train CE loss (one batch): 0.0
Test MSE: 0.0203
Poisson likelihood: 0.0
CE loss: 0.0
Experiment 57516
Epoch 0082 [Test seq (cond on sampled tp)] | Loss 10115.934570 | Likelihood -10158.668945 | KL fp 3.4397 | FP STD 0.0542|
KL coef: 0.5150086297258372
Train loss (one batch): 8504.6083984375
Train CE loss (one batch): 0.0
Test MSE: 0.0203
Poisson likelihood: 0.0
CE loss: 0.0
Experiment 57516
Epoch 0083 [Test seq (cond on sampled tp)] | Loss 9970.581055 | Likelihood -10029.950195 | KL fp 3.4634 | FP STD 0.0523|
KL coef: 0.5198585434285787
Train loss (one batch): 8416.0380859375
Train CE loss (one batch): 0.0
Test MSE: 0.0201
Poisson likelihood: 0.0
CE loss: 0.0
Experiment 57516
Epoch 0084 [Test seq (cond on sampled tp)] | Loss 9770.526367 | Likelihood -9819.912109 | KL fp 3.4356 | FP STD 0.0544|
KL coef: 0.524659957994293
Train loss (one batch): 8334.193359375
Train CE loss (one batch): 0.0
Test MSE: 0.0197
Poisson likelihood: 0.0
CE loss: 0.0
Experiment 57516
Epoch 0085 [Test seq (cond on sampled tp)] | Loss 9743.011719 | Likelihood -9757.169922 | KL fp 3.4462 | FP STD 0.0520|
KL coef: 0.5294133584143501
Train loss (one batch): 8246.7734375
Train CE loss (one batch): 0.0
Test MSE: 0.0195
Poisson likelihood: 0.0
CE loss: 0.0
Experiment 57516
Epoch 0086 [Test seq (cond on sampled tp)] | Loss 9456.512695 | Likelihood -9512.633789 | KL fp 3.4820 | FP STD 0.0517|
KL coef: 0.5341192248302067
Train loss (one batch): 8308.5703125
Train CE loss (one batch): 0.0
Test MSE: 0.0190
Poisson likelihood: 0.0
CE loss: 0.0
Experiment 57516
Epoch 0087 [Test seq (cond on sampled tp)] | Loss 9753.234375 | Likelihood -9786.546875 | KL fp 3.5045 | FP STD 0.0509|
KL coef: 0.5387780325819045
Train loss (one batch): 8336.7470703125
Train CE loss (one batch): 0.0
Test MSE: 0.0196
Poisson likelihood: 0.0
CE loss: 0.0
Experiment 57516
Epoch 0088 [Test seq (cond on sampled tp)] | Loss 9846.580078 | Likelihood -9904.557617 | KL fp 3.4566 | FP STD 0.0525|
KL coef: 0.5433902522560855
Train loss (one batch): 8166.06787109375
Train CE loss (one batch): 0.0
Test MSE: 0.0198
Poisson likelihood: 0.0
CE loss: 0.0
Experiment 57516
Epoch 0089 [Test seq (cond on sampled tp)] | Loss 9868.982422 | Likelihood -9930.965820 | KL fp 3.4673 | FP STD 0.0516|
KL coef: 0.5479563497335247
Train loss (one batch): 8053.46044921875
Train CE loss (one batch): 0.0
Test MSE: 0.0199
Poisson likelihood: 0.0
CE loss: 0.0
Experiment 57516
Epoch 0090 [Test seq (cond on sampled tp)] | Loss 9313.486328 | Likelihood -9344.108398 | KL fp 3.4426 | FP STD 0.0541|
KL coef: 0.5524767862361895
Train loss (one batch): 7591.736328125
Train CE loss (one batch): 0.0
Test MSE: 0.0187
Poisson likelihood: 0.0
CE loss: 0.0
Experiment 57516
Epoch 0091 [Test seq (cond on sampled tp)] | Loss 9524.068359 | Likelihood -9568.674805 | KL fp 3.4884 | FP STD 0.0521|
KL coef: 0.5569520183738275
Train loss (one batch): 8047.07763671875
Train CE loss (one batch): 0.0
Test MSE: 0.0191
Poisson likelihood: 0.0
CE loss: 0.0
Experiment 57516
Epoch 0092 [Test seq (cond on sampled tp)] | Loss 9599.703125 | Likelihood -9640.128906 | KL fp 3.4775 | FP STD 0.0525|
KL coef: 0.5613824981900892
Train loss (one batch): 8058.51513671875
Train CE loss (one batch): 0.0
Test MSE: 0.0193
Poisson likelihood: 0.0
CE loss: 0.0
Experiment 57516
Epoch 0093 [Test seq (cond on sampled tp)] | Loss 9451.509766 | Likelihood -9460.999023 | KL fp 3.5220 | FP STD 0.0514|
KL coef: 0.5657686732081884
Train loss (one batch): 7868.626953125
Train CE loss (one batch): 0.0
Test MSE: 0.0189
Poisson likelihood: 0.0
CE loss: 0.0
Experiment 57516
Epoch 0094 [Test seq (cond on sampled tp)] | Loss 9324.017578 | Likelihood -9358.032227 | KL fp 3.4992 | FP STD 0.0497|
KL coef: 0.5701109864761065
Train loss (one batch): 8062.58935546875
Train CE loss (one batch): 0.0
Test MSE: 0.0187
Poisson likelihood: 0.0
CE loss: 0.0
Experiment 57516
Epoch 0095 [Test seq (cond on sampled tp)] | Loss 9508.007812 | Likelihood -9562.477539 | KL fp 3.4399 | FP STD 0.0522|
KL coef: 0.5744098766113455
Train loss (one batch): 8101.404296875
Train CE loss (one batch): 0.0
Test MSE: 0.0191
Poisson likelihood: 0.0
CE loss: 0.0
Experiment 57516
Epoch 0096 [Test seq (cond on sampled tp)] | Loss 9214.386719 | Likelihood -9221.571289 | KL fp 3.5554 | FP STD 0.0499|
KL coef: 0.578665777845232
Train loss (one batch): 8328.076171875
Train CE loss (one batch): 0.0
Test MSE: 0.0185
Poisson likelihood: 0.0
CE loss: 0.0
Experiment 57516
Epoch 0097 [Test seq (cond on sampled tp)] | Loss 9084.057617 | Likelihood -9112.633789 | KL fp 3.4977 | FP STD 0.0513|
KL coef: 0.5828791200667797
Train loss (one batch): 7803.015625
Train CE loss (one batch): 0.0
Test MSE: 0.0182
Poisson likelihood: 0.0
CE loss: 0.0
Experiment 57516
Epoch 0098 [Test seq (cond on sampled tp)] | Loss 9210.927734 | Likelihood -9248.717773 | KL fp 3.5125 | FP STD 0.0499|
KL coef: 0.5870503288661119
Train loss (one batch): 7799.6015625
Train CE loss (one batch): 0.0
Test MSE: 0.0185
Poisson likelihood: 0.0
CE loss: 0.0
Experiment 57516
Epoch 0099 [Test seq (cond on sampled tp)] | Loss 9263.413086 | Likelihood -9276.355469 | KL fp 3.5699 | FP STD 0.0472|
KL coef: 0.5911798255774507
Train loss (one batch): 7863.16943359375
Train CE loss (one batch): 0.0
Test MSE: 0.0186
Poisson likelihood: 0.0
CE loss: 0.0
Experiment 57516
Epoch 0100 [Test seq (cond on sampled tp)] | Loss 9272.983398 | Likelihood -9357.760742 | KL fp 3.5174 | FP STD 0.0492|
KL coef: 0.5952680273216762
Train loss (one batch): 7907.40966796875
Train CE loss (one batch): 0.0
Test MSE: 0.0187
Poisson likelihood: 0.0
CE loss: 0.0
