/Users/deyiliu/Dropbox/UNC/G4/Spring/790/code/latent_ode-master/run_models.py
run_models.py --niters 300 -n 1000 -l 15 --dataset hopper --latent-ode --z0-encoder rnn -r 1994
Experiment 14790
Epoch 0001 [Test seq (cond on sampled tp)] | Loss 43384.191406 | Likelihood -43515.863281 | KL fp 2.8675 | FP STD 0.1089|
KL coef: 0.0
Train loss (one batch): 48521.01171875
Train CE loss (one batch): 0.0
Test MSE: 0.0870
Poisson likelihood: 0.0
CE loss: 0.0
Experiment 14790
Epoch 0002 [Test seq (cond on sampled tp)] | Loss 30397.595703 | Likelihood -30506.205078 | KL fp 3.4573 | FP STD 0.0638|
KL coef: 0.0
Train loss (one batch): 29109.97265625
Train CE loss (one batch): 0.0
Test MSE: 0.0610
Poisson likelihood: 0.0
CE loss: 0.0
Experiment 14790
Epoch 0003 [Test seq (cond on sampled tp)] | Loss 27709.560547 | Likelihood -27763.960938 | KL fp 3.7518 | FP STD 0.0436|
KL coef: 0.0
Train loss (one batch): 27918.2265625
Train CE loss (one batch): 0.0
Test MSE: 0.0555
Poisson likelihood: 0.0
CE loss: 0.0
Experiment 14790
Epoch 0004 [Test seq (cond on sampled tp)] | Loss 27448.224609 | Likelihood -27581.125000 | KL fp 3.8852 | FP STD 0.0452|
KL coef: 0.0
Train loss (one batch): 26628.61328125
Train CE loss (one batch): 0.0
Test MSE: 0.0552
Poisson likelihood: 0.0
CE loss: 0.0
Experiment 14790
Epoch 0005 [Test seq (cond on sampled tp)] | Loss 27269.525391 | Likelihood -27393.437500 | KL fp 3.7767 | FP STD 0.0490|
KL coef: 0.0
Train loss (one batch): 26633.884765625
Train CE loss (one batch): 0.0
Test MSE: 0.0548
Poisson likelihood: 0.0
CE loss: 0.0
Experiment 14790
Epoch 0006 [Test seq (cond on sampled tp)] | Loss 27176.568359 | Likelihood -27214.562500 | KL fp 3.9462 | FP STD 0.0403|
KL coef: 0.0
Train loss (one batch): 26513.1640625
Train CE loss (one batch): 0.0
Test MSE: 0.0544
Poisson likelihood: 0.0
CE loss: 0.0
Experiment 14790
Epoch 0007 [Test seq (cond on sampled tp)] | Loss 26790.820312 | Likelihood -26853.921875 | KL fp 3.8597 | FP STD 0.0402|
KL coef: 0.0
Train loss (one batch): 26061.6796875
Train CE loss (one batch): 0.0
Test MSE: 0.0537
Poisson likelihood: 0.0
CE loss: 0.0
Experiment 14790
Epoch 0008 [Test seq (cond on sampled tp)] | Loss 26666.419922 | Likelihood -26863.232422 | KL fp 3.4884 | FP STD 0.0531|
KL coef: 0.0
Train loss (one batch): 25908.8046875
Train CE loss (one batch): 0.0
Test MSE: 0.0537
Poisson likelihood: 0.0
CE loss: 0.0
Experiment 14790
Epoch 0009 [Test seq (cond on sampled tp)] | Loss 26079.945312 | Likelihood -26128.453125 | KL fp 3.6697 | FP STD 0.0454|
KL coef: 0.0
Train loss (one batch): 25169.322265625
Train CE loss (one batch): 0.0
Test MSE: 0.0523
Poisson likelihood: 0.0
CE loss: 0.0
Experiment 14790
Epoch 0010 [Test seq (cond on sampled tp)] | Loss 24957.742188 | Likelihood -25039.119141 | KL fp 3.6990 | FP STD 0.0459|
KL coef: 0.0
Train loss (one batch): 24170.73828125
Train CE loss (one batch): 0.0
Test MSE: 0.0501
Poisson likelihood: 0.0
CE loss: 0.0
Experiment 14790
Epoch 0011 [Test seq (cond on sampled tp)] | Loss 23323.654297 | Likelihood -23340.197266 | KL fp 3.6905 | FP STD 0.0491|
KL coef: 0.010000000000000009
Train loss (one batch): 22724.046875
Train CE loss (one batch): 0.0
Test MSE: 0.0467
Poisson likelihood: 0.0
CE loss: 0.0
Experiment 14790
Epoch 0012 [Test seq (cond on sampled tp)] | Loss 21503.199219 | Likelihood -21540.875000 | KL fp 3.7507 | FP STD 0.0438|
KL coef: 0.01990000000000003
Train loss (one batch): 21210.71875
Train CE loss (one batch): 0.0
Test MSE: 0.0431
Poisson likelihood: 0.0
CE loss: 0.0
Experiment 14790
Epoch 0013 [Test seq (cond on sampled tp)] | Loss 20538.640625 | Likelihood -20592.583984 | KL fp 4.2314 | FP STD 0.0293|
KL coef: 0.029700999999999977
Train loss (one batch): 20377.6328125
Train CE loss (one batch): 0.0
Test MSE: 0.0412
Poisson likelihood: 0.0
CE loss: 0.0
Experiment 14790
Epoch 0014 [Test seq (cond on sampled tp)] | Loss 20048.988281 | Likelihood -20090.636719 | KL fp 3.8353 | FP STD 0.0364|
KL coef: 0.039403990000000055
Train loss (one batch): 19816.794921875
Train CE loss (one batch): 0.0
Test MSE: 0.0402
Poisson likelihood: 0.0
CE loss: 0.0
Experiment 14790
Epoch 0015 [Test seq (cond on sampled tp)] | Loss 19654.015625 | Likelihood -19678.169922 | KL fp 4.1357 | FP STD 0.0305|
KL coef: 0.04900995010000009
Train loss (one batch): 19418.158203125
Train CE loss (one batch): 0.0
Test MSE: 0.0394
Poisson likelihood: 0.0
CE loss: 0.0
Experiment 14790
Epoch 0016 [Test seq (cond on sampled tp)] | Loss 19298.638672 | Likelihood -19425.646484 | KL fp 4.0335 | FP STD 0.0342|
KL coef: 0.058519850599
Train loss (one batch): 19117.779296875
Train CE loss (one batch): 0.0
Test MSE: 0.0389
Poisson likelihood: 0.0
CE loss: 0.0
Experiment 14790
Epoch 0017 [Test seq (cond on sampled tp)] | Loss 19040.330078 | Likelihood -19044.070312 | KL fp 4.0419 | FP STD 0.0308|
KL coef: 0.06793465209301008
Train loss (one batch): 18862.275390625
Train CE loss (one batch): 0.0
Test MSE: 0.0381
Poisson likelihood: 0.0
CE loss: 0.0
Experiment 14790
Epoch 0018 [Test seq (cond on sampled tp)] | Loss 18691.458984 | Likelihood -18727.666016 | KL fp 4.2437 | FP STD 0.0266|
KL coef: 0.07725530557207994
Train loss (one batch): 18595.029296875
Train CE loss (one batch): 0.0
Test MSE: 0.0375
Poisson likelihood: 0.0
CE loss: 0.0
Experiment 14790
Epoch 0019 [Test seq (cond on sampled tp)] | Loss 18466.134766 | Likelihood -18521.986328 | KL fp 3.9826 | FP STD 0.0345|
KL coef: 0.08648275251635917
Train loss (one batch): 18180.8515625
Train CE loss (one batch): 0.0
Test MSE: 0.0371
Poisson likelihood: 0.0
CE loss: 0.0
Experiment 14790
Epoch 0020 [Test seq (cond on sampled tp)] | Loss 18207.861328 | Likelihood -18243.197266 | KL fp 4.1776 | FP STD 0.0281|
KL coef: 0.09561792499119559
Train loss (one batch): 17913.748046875
Train CE loss (one batch): 0.0
Test MSE: 0.0365
Poisson likelihood: 0.0
CE loss: 0.0
Experiment 14790
Epoch 0021 [Test seq (cond on sampled tp)] | Loss 17947.021484 | Likelihood -17973.798828 | KL fp 4.2009 | FP STD 0.0276|
KL coef: 0.10466174574128362
Train loss (one batch): 17580.9765625
Train CE loss (one batch): 0.0
Test MSE: 0.0360
Poisson likelihood: 0.0
CE loss: 0.0
Experiment 14790
Epoch 0022 [Test seq (cond on sampled tp)] | Loss 17624.107422 | Likelihood -17631.656250 | KL fp 4.1309 | FP STD 0.0299|
KL coef: 0.11361512828387077
Train loss (one batch): 17320.349609375
Train CE loss (one batch): 0.0
Test MSE: 0.0353
Poisson likelihood: 0.0
CE loss: 0.0
Experiment 14790
Epoch 0023 [Test seq (cond on sampled tp)] | Loss 17280.867188 | Likelihood -17282.943359 | KL fp 4.2139 | FP STD 0.0280|
KL coef: 0.12247897700103216
Train loss (one batch): 17025.900390625
Train CE loss (one batch): 0.0
Test MSE: 0.0346
Poisson likelihood: 0.0
CE loss: 0.0
Experiment 14790
Epoch 0024 [Test seq (cond on sampled tp)] | Loss 16924.183594 | Likelihood -16940.857422 | KL fp 4.2709 | FP STD 0.0268|
KL coef: 0.13125418723102178
Train loss (one batch): 16609.0390625
Train CE loss (one batch): 0.0
Test MSE: 0.0339
Poisson likelihood: 0.0
CE loss: 0.0
Experiment 14790
Epoch 0025 [Test seq (cond on sampled tp)] | Loss 16587.322266 | Likelihood -16648.837891 | KL fp 4.0974 | FP STD 0.0302|
KL coef: 0.13994164535871156
Train loss (one batch): 16371.291015625
Train CE loss (one batch): 0.0
Test MSE: 0.0333
Poisson likelihood: 0.0
CE loss: 0.0
Experiment 14790
Epoch 0026 [Test seq (cond on sampled tp)] | Loss 16321.197266 | Likelihood -16341.562500 | KL fp 4.1716 | FP STD 0.0277|
KL coef: 0.14854222890512447
Train loss (one batch): 15999.3466796875
Train CE loss (one batch): 0.0
Test MSE: 0.0327
Poisson likelihood: 0.0
CE loss: 0.0
Experiment 14790
Epoch 0027 [Test seq (cond on sampled tp)] | Loss 15930.518555 | Likelihood -15944.540039 | KL fp 4.2109 | FP STD 0.0268|
KL coef: 0.15705680661607324
Train loss (one batch): 15556.4609375
Train CE loss (one batch): 0.0
Test MSE: 0.0319
Poisson likelihood: 0.0
CE loss: 0.0
Experiment 14790
Epoch 0028 [Test seq (cond on sampled tp)] | Loss 15626.491211 | Likelihood -15636.612305 | KL fp 4.3027 | FP STD 0.0249|
KL coef: 0.1654862385499125
Train loss (one batch): 15474.9453125
Train CE loss (one batch): 0.0
Test MSE: 0.0313
Poisson likelihood: 0.0
CE loss: 0.0
Experiment 14790
Epoch 0029 [Test seq (cond on sampled tp)] | Loss 15287.980469 | Likelihood -15315.385742 | KL fp 4.1839 | FP STD 0.0300|
KL coef: 0.17383137616441335
Train loss (one batch): 15040.8876953125
Train CE loss (one batch): 0.0
Test MSE: 0.0306
Poisson likelihood: 0.0
CE loss: 0.0
Experiment 14790
Epoch 0030 [Test seq (cond on sampled tp)] | Loss 14844.209961 | Likelihood -14881.211914 | KL fp 4.1992 | FP STD 0.0290|
KL coef: 0.18209306240276923
Train loss (one batch): 14676.171875
Train CE loss (one batch): 0.0
Test MSE: 0.0298
Poisson likelihood: 0.0
CE loss: 0.0
Experiment 14790
Epoch 0031 [Test seq (cond on sampled tp)] | Loss 14400.833008 | Likelihood -14413.643555 | KL fp 4.1555 | FP STD 0.0288|
KL coef: 0.19027213177874158
Train loss (one batch): 14329.6787109375
Train CE loss (one batch): 0.0
Test MSE: 0.0288
Poisson likelihood: 0.0
CE loss: 0.0
Experiment 14790
Epoch 0032 [Test seq (cond on sampled tp)] | Loss 14039.815430 | Likelihood -14062.981445 | KL fp 4.2679 | FP STD 0.0264|
KL coef: 0.19836941046095413
Train loss (one batch): 14116.060546875
Train CE loss (one batch): 0.0
Test MSE: 0.0281
Poisson likelihood: 0.0
CE loss: 0.0
Experiment 14790
Epoch 0033 [Test seq (cond on sampled tp)] | Loss 13665.865234 | Likelihood -13683.885742 | KL fp 4.2723 | FP STD 0.0255|
KL coef: 0.20638571635634462
Train loss (one batch): 13655.759765625
Train CE loss (one batch): 0.0
Test MSE: 0.0274
Poisson likelihood: 0.0
CE loss: 0.0
Experiment 14790
Epoch 0034 [Test seq (cond on sampled tp)] | Loss 13435.813477 | Likelihood -13446.077148 | KL fp 4.3242 | FP STD 0.0248|
KL coef: 0.21432185919278124
Train loss (one batch): 13459.048828125
Train CE loss (one batch): 0.0
Test MSE: 0.0269
Poisson likelihood: 0.0
CE loss: 0.0
Experiment 14790
Epoch 0035 [Test seq (cond on sampled tp)] | Loss 13195.811523 | Likelihood -13213.979492 | KL fp 4.3033 | FP STD 0.0250|
KL coef: 0.22217864060085335
Train loss (one batch): 13216.7080078125
Train CE loss (one batch): 0.0
Test MSE: 0.0264
Poisson likelihood: 0.0
CE loss: 0.0
Experiment 14790
Epoch 0036 [Test seq (cond on sampled tp)] | Loss 12964.142578 | Likelihood -12976.026367 | KL fp 4.3041 | FP STD 0.0253|
KL coef: 0.2299568541948449
Train loss (one batch): 13027.14453125
Train CE loss (one batch): 0.0
Test MSE: 0.0260
Poisson likelihood: 0.0
CE loss: 0.0
Experiment 14790
Epoch 0037 [Test seq (cond on sampled tp)] | Loss 12779.019531 | Likelihood -12799.403320 | KL fp 4.4187 | FP STD 0.0230|
KL coef: 0.23765728565289646
Train loss (one batch): 12853.7880859375
Train CE loss (one batch): 0.0
Test MSE: 0.0256
Poisson likelihood: 0.0
CE loss: 0.0
Experiment 14790
Epoch 0038 [Test seq (cond on sampled tp)] | Loss 12592.613281 | Likelihood -12602.364258 | KL fp 4.3901 | FP STD 0.0230|
KL coef: 0.24528071279636743
Train loss (one batch): 12724.107421875
Train CE loss (one batch): 0.0
Test MSE: 0.0252
Poisson likelihood: 0.0
CE loss: 0.0
Experiment 14790
Epoch 0039 [Test seq (cond on sampled tp)] | Loss 12451.875000 | Likelihood -12453.726562 | KL fp 4.3044 | FP STD 0.0253|
KL coef: 0.25282790566840385
Train loss (one batch): 12423.2822265625
Train CE loss (one batch): 0.0
Test MSE: 0.0249
Poisson likelihood: 0.0
CE loss: 0.0
Experiment 14790
Epoch 0040 [Test seq (cond on sampled tp)] | Loss 12164.780273 | Likelihood -12200.246094 | KL fp 4.3647 | FP STD 0.0233|
KL coef: 0.2602996266117198
Train loss (one batch): 12325.62109375
Train CE loss (one batch): 0.0
Test MSE: 0.0244
Poisson likelihood: 0.0
CE loss: 0.0
Experiment 14790
Epoch 0041 [Test seq (cond on sampled tp)] | Loss 12029.098633 | Likelihood -12042.678711 | KL fp 4.2941 | FP STD 0.0248|
KL coef: 0.26769663034560254
Train loss (one batch): 12082.642578125
Train CE loss (one batch): 0.0
Test MSE: 0.0241
Poisson likelihood: 0.0
CE loss: 0.0
Experiment 14790
Epoch 0042 [Test seq (cond on sampled tp)] | Loss 11739.876953 | Likelihood -11742.143555 | KL fp 4.4881 | FP STD 0.0210|
KL coef: 0.2750196640421466
Train loss (one batch): 11874.5029296875
Train CE loss (one batch): 0.0
Test MSE: 0.0235
Poisson likelihood: 0.0
CE loss: 0.0
Experiment 14790
Epoch 0043 [Test seq (cond on sampled tp)] | Loss 11536.313477 | Likelihood -11545.229492 | KL fp 4.4760 | FP STD 0.0214|
KL coef: 0.2822694674017251
Train loss (one batch): 11672.4140625
Train CE loss (one batch): 0.0
Test MSE: 0.0231
Poisson likelihood: 0.0
CE loss: 0.0
Experiment 14790
Epoch 0044 [Test seq (cond on sampled tp)] | Loss 11263.752930 | Likelihood -11278.046875 | KL fp 4.5271 | FP STD 0.0204|
KL coef: 0.2894467727277079
Train loss (one batch): 11515.408203125
Train CE loss (one batch): 0.0
Test MSE: 0.0226
Poisson likelihood: 0.0
CE loss: 0.0
Experiment 14790
Epoch 0045 [Test seq (cond on sampled tp)] | Loss 11052.393555 | Likelihood -11070.073242 | KL fp 4.4231 | FP STD 0.0226|
KL coef: 0.29655230500043084
Train loss (one batch): 11342.7431640625
Train CE loss (one batch): 0.0
Test MSE: 0.0222
Poisson likelihood: 0.0
CE loss: 0.0
Experiment 14790
Epoch 0046 [Test seq (cond on sampled tp)] | Loss 10838.900391 | Likelihood -10865.180664 | KL fp 4.2787 | FP STD 0.0240|
KL coef: 0.30358678195042654
Train loss (one batch): 11122.865234375
Train CE loss (one batch): 0.0
Test MSE: 0.0217
Poisson likelihood: 0.0
CE loss: 0.0
Experiment 14790
Epoch 0047 [Test seq (cond on sampled tp)] | Loss 10656.742188 | Likelihood -10663.307617 | KL fp 4.3656 | FP STD 0.0231|
KL coef: 0.3105509141309223
Train loss (one batch): 10934.509765625
Train CE loss (one batch): 0.0
Test MSE: 0.0213
Poisson likelihood: 0.0
CE loss: 0.0
Experiment 14790
Epoch 0048 [Test seq (cond on sampled tp)] | Loss 10455.666016 | Likelihood -10464.304688 | KL fp 4.4307 | FP STD 0.0215|
KL coef: 0.31744540498961304
Train loss (one batch): 10624.708984375
Train CE loss (one batch): 0.0
Test MSE: 0.0209
Poisson likelihood: 0.0
CE loss: 0.0
Experiment 14790
Epoch 0049 [Test seq (cond on sampled tp)] | Loss 10237.469727 | Likelihood -10248.803711 | KL fp 4.4252 | FP STD 0.0227|
KL coef: 0.3242709509397169
Train loss (one batch): 10484.07421875
Train CE loss (one batch): 0.0
Test MSE: 0.0205
Poisson likelihood: 0.0
CE loss: 0.0
Experiment 14790
Epoch 0050 [Test seq (cond on sampled tp)] | Loss 10090.137695 | Likelihood -10094.041992 | KL fp 4.4029 | FP STD 0.0219|
KL coef: 0.3310282414303197
Train loss (one batch): 10245.1669921875
Train CE loss (one batch): 0.0
Test MSE: 0.0202
Poisson likelihood: 0.0
CE loss: 0.0
Experiment 14790
Epoch 0051 [Test seq (cond on sampled tp)] | Loss 9913.622070 | Likelihood -9942.014648 | KL fp 4.4531 | FP STD 0.0219|
KL coef: 0.33771795901601653
Train loss (one batch): 10098.5791015625
Train CE loss (one batch): 0.0
Test MSE: 0.0199
Poisson likelihood: 0.0
CE loss: 0.0
Experiment 14790
Epoch 0052 [Test seq (cond on sampled tp)] | Loss 9770.590820 | Likelihood -9775.024414 | KL fp 4.5472 | FP STD 0.0188|
KL coef: 0.3443407794258564
Train loss (one batch): 9867.2998046875
Train CE loss (one batch): 0.0
Test MSE: 0.0196
Poisson likelihood: 0.0
CE loss: 0.0
Experiment 14790
Epoch 0053 [Test seq (cond on sampled tp)] | Loss 9642.423828 | Likelihood -9651.396484 | KL fp 4.4964 | FP STD 0.0203|
KL coef: 0.35089737163159784
Train loss (one batch): 9715.1591796875
Train CE loss (one batch): 0.0
Test MSE: 0.0193
Poisson likelihood: 0.0
CE loss: 0.0
Experiment 14790
Epoch 0054 [Test seq (cond on sampled tp)] | Loss 9481.613281 | Likelihood -9488.824219 | KL fp 4.6854 | FP STD 0.0164|
KL coef: 0.3573883979152819
Train loss (one batch): 9527.2109375
Train CE loss (one batch): 0.0
Test MSE: 0.0190
Poisson likelihood: 0.0
CE loss: 0.0
Experiment 14790
Epoch 0055 [Test seq (cond on sampled tp)] | Loss 9413.624023 | Likelihood -9417.222656 | KL fp 4.6240 | FP STD 0.0181|
KL coef: 0.36381451393612907
Train loss (one batch): 9440.7353515625
Train CE loss (one batch): 0.0
Test MSE: 0.0188
Poisson likelihood: 0.0
CE loss: 0.0
Experiment 14790
Epoch 0056 [Test seq (cond on sampled tp)] | Loss 9284.460938 | Likelihood -9288.143555 | KL fp 4.8516 | FP STD 0.0146|
KL coef: 0.37017636879676774
Train loss (one batch): 9317.2216796875
Train CE loss (one batch): 0.0
Test MSE: 0.0186
Poisson likelihood: 0.0
CE loss: 0.0
Experiment 14790
Epoch 0057 [Test seq (cond on sampled tp)] | Loss 9180.528320 | Likelihood -9186.721680 | KL fp 4.6641 | FP STD 0.0168|
KL coef: 0.37647460510880004
Train loss (one batch): 9226.734375
Train CE loss (one batch): 0.0
Test MSE: 0.0184
Poisson likelihood: 0.0
CE loss: 0.0
Experiment 14790
Epoch 0058 [Test seq (cond on sampled tp)] | Loss 9109.534180 | Likelihood -9113.992188 | KL fp 4.6593 | FP STD 0.0172|
KL coef: 0.38270985905771204
Train loss (one batch): 9107.8125
Train CE loss (one batch): 0.0
Test MSE: 0.0182
Poisson likelihood: 0.0
CE loss: 0.0
Experiment 14790
Epoch 0059 [Test seq (cond on sampled tp)] | Loss 9011.722656 | Likelihood -9019.313477 | KL fp 4.9267 | FP STD 0.0132|
KL coef: 0.388882760467135
Train loss (one batch): 9094.140625
Train CE loss (one batch): 0.0
Test MSE: 0.0181
Poisson likelihood: 0.0
CE loss: 0.0
Experiment 14790
Epoch 0060 [Test seq (cond on sampled tp)] | Loss 8919.845703 | Likelihood -8929.946289 | KL fp 4.8964 | FP STD 0.0137|
KL coef: 0.39499393286246365
Train loss (one batch): 8977.68359375
Train CE loss (one batch): 0.0
Test MSE: 0.0179
Poisson likelihood: 0.0
CE loss: 0.0
Experiment 14790
Epoch 0061 [Test seq (cond on sampled tp)] | Loss 8885.145508 | Likelihood -8886.333008 | KL fp 4.8709 | FP STD 0.0137|
KL coef: 0.401043993533839
Train loss (one batch): 8938.3349609375
Train CE loss (one batch): 0.0
Test MSE: 0.0178
Poisson likelihood: 0.0
CE loss: 0.0
Experiment 14790
Epoch 0062 [Test seq (cond on sampled tp)] | Loss 8798.955078 | Likelihood -8805.822266 | KL fp 4.9892 | FP STD 0.0124|
KL coef: 0.4070335535985006
Train loss (one batch): 8858.4931640625
Train CE loss (one batch): 0.0
Test MSE: 0.0176
Poisson likelihood: 0.0
CE loss: 0.0
Experiment 14790
Epoch 0063 [Test seq (cond on sampled tp)] | Loss 8742.949219 | Likelihood -8744.610352 | KL fp 4.9031 | FP STD 0.0132|
KL coef: 0.41296321806251557
Train loss (one batch): 8819.7734375
Train CE loss (one batch): 0.0
Test MSE: 0.0175
Poisson likelihood: 0.0
CE loss: 0.0
Experiment 14790
Epoch 0064 [Test seq (cond on sampled tp)] | Loss 8679.881836 | Likelihood -8681.808594 | KL fp 4.8275 | FP STD 0.0149|
KL coef: 0.41883358588189046
Train loss (one batch): 8749.9990234375
Train CE loss (one batch): 0.0
Test MSE: 0.0174
Poisson likelihood: 0.0
CE loss: 0.0
Experiment 14790
Epoch 0065 [Test seq (cond on sampled tp)] | Loss 8647.465820 | Likelihood -8651.563477 | KL fp 4.6123 | FP STD 0.0193|
KL coef: 0.4246452500230715
Train loss (one batch): 8732.609375
Train CE loss (one batch): 0.0
Test MSE: 0.0173
Poisson likelihood: 0.0
CE loss: 0.0
Experiment 14790
Epoch 0066 [Test seq (cond on sampled tp)] | Loss 8581.549805 | Likelihood -8590.227539 | KL fp 4.8147 | FP STD 0.0155|
KL coef: 0.4303987975228408
Train loss (one batch): 8684.197265625
Train CE loss (one batch): 0.0
Test MSE: 0.0172
Poisson likelihood: 0.0
CE loss: 0.0
Experiment 14790
Epoch 0067 [Test seq (cond on sampled tp)] | Loss 8515.099609 | Likelihood -8515.766602 | KL fp 4.7750 | FP STD 0.0154|
KL coef: 0.4360948095476125
Train loss (one batch): 8607.2470703125
Train CE loss (one batch): 0.0
Test MSE: 0.0170
Poisson likelihood: 0.0
CE loss: 0.0
Experiment 14790
Epoch 0068 [Test seq (cond on sampled tp)] | Loss 8457.956055 | Likelihood -8465.506836 | KL fp 4.7208 | FP STD 0.0167|
KL coef: 0.44173386145213633
Train loss (one batch): 8584.6455078125
Train CE loss (one batch): 0.0
Test MSE: 0.0169
Poisson likelihood: 0.0
CE loss: 0.0
Experiment 14790
Epoch 0069 [Test seq (cond on sampled tp)] | Loss 8399.864258 | Likelihood -8417.761719 | KL fp 4.8335 | FP STD 0.0142|
KL coef: 0.4473165228376149
Train loss (one batch): 8561.611328125
Train CE loss (one batch): 0.0
Test MSE: 0.0168
Poisson likelihood: 0.0
CE loss: 0.0
Experiment 14790
Epoch 0070 [Test seq (cond on sampled tp)] | Loss 8355.997070 | Likelihood -8359.389648 | KL fp 5.0177 | FP STD 0.0122|
KL coef: 0.4528433576092388
Train loss (one batch): 8514.8271484375
Train CE loss (one batch): 0.0
Test MSE: 0.0167
Poisson likelihood: 0.0
CE loss: 0.0
Experiment 14790
Epoch 0071 [Test seq (cond on sampled tp)] | Loss 8307.100586 | Likelihood -8315.772461 | KL fp 4.9807 | FP STD 0.0134|
KL coef: 0.45831492403314644
Train loss (one batch): 8427.6865234375
Train CE loss (one batch): 0.0
Test MSE: 0.0166
Poisson likelihood: 0.0
CE loss: 0.0
Experiment 14790
Epoch 0072 [Test seq (cond on sampled tp)] | Loss 8290.692383 | Likelihood -8296.570312 | KL fp 4.8148 | FP STD 0.0154|
KL coef: 0.463731774792815
Train loss (one batch): 8458.6015625
Train CE loss (one batch): 0.0
Test MSE: 0.0166
Poisson likelihood: 0.0
CE loss: 0.0
Experiment 14790
Epoch 0073 [Test seq (cond on sampled tp)] | Loss 8232.329102 | Likelihood -8231.655273 | KL fp 4.8262 | FP STD 0.0151|
KL coef: 0.46909445704488684
Train loss (one batch): 8410.6865234375
Train CE loss (one batch): 0.0
Test MSE: 0.0165
Poisson likelihood: 0.0
CE loss: 0.0
Experiment 14790
Epoch 0074 [Test seq (cond on sampled tp)] | Loss 8194.460938 | Likelihood -8198.874023 | KL fp 4.9059 | FP STD 0.0136|
KL coef: 0.474403512474438
Train loss (one batch): 8326.2138671875
Train CE loss (one batch): 0.0
Test MSE: 0.0164
Poisson likelihood: 0.0
CE loss: 0.0
Experiment 14790
Epoch 0075 [Test seq (cond on sampled tp)] | Loss 8165.869629 | Likelihood -8166.513184 | KL fp 4.8388 | FP STD 0.0150|
KL coef: 0.4796594773496936
Train loss (one batch): 8324.673828125
Train CE loss (one batch): 0.0
Test MSE: 0.0163
Poisson likelihood: 0.0
CE loss: 0.0
Experiment 14790
Epoch 0076 [Test seq (cond on sampled tp)] | Loss 8093.616211 | Likelihood -8101.128906 | KL fp 4.9878 | FP STD 0.0132|
KL coef: 0.4848628825761967
Train loss (one batch): 8275.5390625
Train CE loss (one batch): 0.0
Test MSE: 0.0162
Poisson likelihood: 0.0
CE loss: 0.0
Experiment 14790
Epoch 0077 [Test seq (cond on sampled tp)] | Loss 8038.181152 | Likelihood -8053.468750 | KL fp 4.8219 | FP STD 0.0144|
KL coef: 0.4900142537504347
Train loss (one batch): 8215.365234375
Train CE loss (one batch): 0.0
Test MSE: 0.0161
Poisson likelihood: 0.0
CE loss: 0.0
Experiment 14790
Epoch 0078 [Test seq (cond on sampled tp)] | Loss 8007.343262 | Likelihood -8008.439941 | KL fp 4.9277 | FP STD 0.0138|
KL coef: 0.49511411121293036
Train loss (one batch): 8144.0966796875
Train CE loss (one batch): 0.0
Test MSE: 0.0160
Poisson likelihood: 0.0
CE loss: 0.0
Experiment 14790
Epoch 0079 [Test seq (cond on sampled tp)] | Loss 7943.838379 | Likelihood -7949.057129 | KL fp 5.0463 | FP STD 0.0122|
KL coef: 0.500162970100801
Train loss (one batch): 8120.94482421875
Train CE loss (one batch): 0.0
Test MSE: 0.0159
Poisson likelihood: 0.0
CE loss: 0.0
Experiment 14790
Epoch 0080 [Test seq (cond on sampled tp)] | Loss 7916.715332 | Likelihood -7920.136230 | KL fp 4.9330 | FP STD 0.0129|
KL coef: 0.505161340399793
Train loss (one batch): 8110.47705078125
Train CE loss (one batch): 0.0
Test MSE: 0.0159
Poisson likelihood: 0.0
CE loss: 0.0
Experiment 14790
Epoch 0081 [Test seq (cond on sampled tp)] | Loss 7886.065918 | Likelihood -7889.406250 | KL fp 4.8338 | FP STD 0.0140|
KL coef: 0.510109726995795
Train loss (one batch): 8083.05224609375
Train CE loss (one batch): 0.0
Test MSE: 0.0158
Poisson likelihood: 0.0
CE loss: 0.0
Experiment 14790
Epoch 0082 [Test seq (cond on sampled tp)] | Loss 7810.537109 | Likelihood -7818.945312 | KL fp 4.9191 | FP STD 0.0134|
KL coef: 0.5150086297258372
Train loss (one batch): 8018.08447265625
Train CE loss (one batch): 0.0
Test MSE: 0.0156
Poisson likelihood: 0.0
CE loss: 0.0
Experiment 14790
Epoch 0083 [Test seq (cond on sampled tp)] | Loss 7765.860352 | Likelihood -7766.925781 | KL fp 5.0146 | FP STD 0.0122|
KL coef: 0.5198585434285787
Train loss (one batch): 7983.12353515625
Train CE loss (one batch): 0.0
Test MSE: 0.0155
Poisson likelihood: 0.0
CE loss: 0.0
Experiment 14790
Epoch 0084 [Test seq (cond on sampled tp)] | Loss 7733.980469 | Likelihood -7736.121094 | KL fp 5.0233 | FP STD 0.0121|
KL coef: 0.524659957994293
Train loss (one batch): 7957.2236328125
Train CE loss (one batch): 0.0
Test MSE: 0.0155
Poisson likelihood: 0.0
CE loss: 0.0
Experiment 14790
Epoch 0085 [Test seq (cond on sampled tp)] | Loss 7699.871094 | Likelihood -7704.423340 | KL fp 4.9345 | FP STD 0.0133|
KL coef: 0.5294133584143501
Train loss (one batch): 7939.3115234375
Train CE loss (one batch): 0.0
Test MSE: 0.0154
Poisson likelihood: 0.0
CE loss: 0.0
Experiment 14790
Epoch 0086 [Test seq (cond on sampled tp)] | Loss 7636.944336 | Likelihood -7642.459473 | KL fp 4.9110 | FP STD 0.0133|
KL coef: 0.5341192248302067
Train loss (one batch): 7830.25341796875
Train CE loss (one batch): 0.0
Test MSE: 0.0153
Poisson likelihood: 0.0
CE loss: 0.0
Experiment 14790
Epoch 0087 [Test seq (cond on sampled tp)] | Loss 7606.527832 | Likelihood -7607.503418 | KL fp 4.8362 | FP STD 0.0153|
KL coef: 0.5387780325819045
Train loss (one batch): 7818.86669921875
Train CE loss (one batch): 0.0
Test MSE: 0.0152
Poisson likelihood: 0.0
CE loss: 0.0
Experiment 14790
Epoch 0088 [Test seq (cond on sampled tp)] | Loss 7557.035156 | Likelihood -7559.020020 | KL fp 4.8871 | FP STD 0.0149|
KL coef: 0.5433902522560855
Train loss (one batch): 7791.17626953125
Train CE loss (one batch): 0.0
Test MSE: 0.0151
Poisson likelihood: 0.0
CE loss: 0.0
Experiment 14790
Epoch 0089 [Test seq (cond on sampled tp)] | Loss 7503.200684 | Likelihood -7503.629395 | KL fp 5.0070 | FP STD 0.0122|
KL coef: 0.5479563497335247
Train loss (one batch): 7752.70703125
Train CE loss (one batch): 0.0
Test MSE: 0.0150
Poisson likelihood: 0.0
CE loss: 0.0
Experiment 14790
Epoch 0090 [Test seq (cond on sampled tp)] | Loss 7476.010254 | Likelihood -7476.765137 | KL fp 4.8010 | FP STD 0.0143|
KL coef: 0.5524767862361895
Train loss (one batch): 7705.79931640625
Train CE loss (one batch): 0.0
Test MSE: 0.0150
Poisson likelihood: 0.0
CE loss: 0.0
Experiment 14790
Epoch 0091 [Test seq (cond on sampled tp)] | Loss 7416.084961 | Likelihood -7415.952637 | KL fp 5.0010 | FP STD 0.0122|
KL coef: 0.5569520183738275
Train loss (one batch): 7696.3125
Train CE loss (one batch): 0.0
Test MSE: 0.0148
Poisson likelihood: 0.0
CE loss: 0.0
Experiment 14790
Epoch 0092 [Test seq (cond on sampled tp)] | Loss 7370.170410 | Likelihood -7369.098145 | KL fp 5.0035 | FP STD 0.0125|
KL coef: 0.5613824981900892
Train loss (one batch): 7634.8330078125
Train CE loss (one batch): 0.0
Test MSE: 0.0148
Poisson likelihood: 0.0
CE loss: 0.0
Experiment 14790
Epoch 0093 [Test seq (cond on sampled tp)] | Loss 7309.259277 | Likelihood -7315.884766 | KL fp 5.0473 | FP STD 0.0121|
KL coef: 0.5657686732081884
Train loss (one batch): 7615.71142578125
Train CE loss (one batch): 0.0
Test MSE: 0.0146
Poisson likelihood: 0.0
CE loss: 0.0
Experiment 14790
Epoch 0094 [Test seq (cond on sampled tp)] | Loss 7269.588867 | Likelihood -7271.010254 | KL fp 5.0432 | FP STD 0.0121|
KL coef: 0.5701109864761065
Train loss (one batch): 7583.46533203125
Train CE loss (one batch): 0.0
Test MSE: 0.0146
Poisson likelihood: 0.0
CE loss: 0.0
Experiment 14790
Epoch 0095 [Test seq (cond on sampled tp)] | Loss 7238.470215 | Likelihood -7248.253418 | KL fp 4.7969 | FP STD 0.0145|
KL coef: 0.5744098766113455
Train loss (one batch): 7561.76318359375
Train CE loss (one batch): 0.0
Test MSE: 0.0145
Poisson likelihood: 0.0
CE loss: 0.0
Experiment 14790
Epoch 0096 [Test seq (cond on sampled tp)] | Loss 7221.708008 | Likelihood -7232.826660 | KL fp 4.8253 | FP STD 0.0157|
KL coef: 0.578665777845232
Train loss (one batch): 7510.32373046875
Train CE loss (one batch): 0.0
Test MSE: 0.0145
Poisson likelihood: 0.0
CE loss: 0.0
Experiment 14790
Epoch 0097 [Test seq (cond on sampled tp)] | Loss 7153.958496 | Likelihood -7160.007324 | KL fp 4.9296 | FP STD 0.0137|
KL coef: 0.5828791200667797
Train loss (one batch): 7423.69482421875
Train CE loss (one batch): 0.0
Test MSE: 0.0143
Poisson likelihood: 0.0
CE loss: 0.0
Experiment 14790
Epoch 0098 [Test seq (cond on sampled tp)] | Loss 7096.355469 | Likelihood -7103.061035 | KL fp 5.0957 | FP STD 0.0116|
KL coef: 0.5870503288661119
Train loss (one batch): 7406.25
Train CE loss (one batch): 0.0
Test MSE: 0.0142
Poisson likelihood: 0.0
CE loss: 0.0
Experiment 14790
Epoch 0099 [Test seq (cond on sampled tp)] | Loss 7068.693848 | Likelihood -7075.757324 | KL fp 4.9838 | FP STD 0.0128|
KL coef: 0.5911798255774507
Train loss (one batch): 7345.3447265625
Train CE loss (one batch): 0.0
Test MSE: 0.0142
Poisson likelihood: 0.0
CE loss: 0.0
Experiment 14790
Epoch 0100 [Test seq (cond on sampled tp)] | Loss 7019.191895 | Likelihood -7024.497559 | KL fp 4.9715 | FP STD 0.0125|
KL coef: 0.5952680273216762
Train loss (one batch): 7298.66552734375
Train CE loss (one batch): 0.0
Test MSE: 0.0141
Poisson likelihood: 0.0
CE loss: 0.0
Experiment 14790
Epoch 0101 [Test seq (cond on sampled tp)] | Loss 6996.766113 | Likelihood -6999.911621 | KL fp 5.0408 | FP STD 0.0123|
KL coef: 0.5993153470484595
Train loss (one batch): 7285.04736328125
Train CE loss (one batch): 0.0
Test MSE: 0.0140
Poisson likelihood: 0.0
CE loss: 0.0
Experiment 14790
Epoch 0102 [Test seq (cond on sampled tp)] | Loss 6957.162109 | Likelihood -6962.199707 | KL fp 4.9821 | FP STD 0.0123|
KL coef: 0.6033221935779749
Train loss (one batch): 7212.35302734375
Train CE loss (one batch): 0.0
Test MSE: 0.0139
Poisson likelihood: 0.0
CE loss: 0.0
Experiment 14790
Epoch 0103 [Test seq (cond on sampled tp)] | Loss 6928.498047 | Likelihood -6927.667969 | KL fp 4.9075 | FP STD 0.0131|
KL coef: 0.6072889716421952
Train loss (one batch): 7186.421875
Train CE loss (one batch): 0.0
Test MSE: 0.0139
Poisson likelihood: 0.0
CE loss: 0.0
Experiment 14790
Epoch 0104 [Test seq (cond on sampled tp)] | Loss 6878.086426 | Likelihood -6888.500000 | KL fp 4.9367 | FP STD 0.0130|
KL coef: 0.6112160819257733
Train loss (one batch): 7140.880859375
Train CE loss (one batch): 0.0
Test MSE: 0.0138
Poisson likelihood: 0.0
CE loss: 0.0
Experiment 14790
Epoch 0105 [Test seq (cond on sampled tp)] | Loss 6865.202637 | Likelihood -6865.996094 | KL fp 5.0399 | FP STD 0.0121|
KL coef: 0.6151039211065155
Train loss (one batch): 7097.859375
Train CE loss (one batch): 0.0
Test MSE: 0.0137
Poisson likelihood: 0.0
CE loss: 0.0
Experiment 14790
Epoch 0106 [Test seq (cond on sampled tp)] | Loss 6810.404297 | Likelihood -6816.820312 | KL fp 4.9749 | FP STD 0.0126|
KL coef: 0.6189528818954504
Train loss (one batch): 7040.9619140625
Train CE loss (one batch): 0.0
Test MSE: 0.0136
Poisson likelihood: 0.0
CE loss: 0.0
Experiment 14790
Epoch 0107 [Test seq (cond on sampled tp)] | Loss 6796.781738 | Likelihood -6806.859375 | KL fp 4.9697 | FP STD 0.0127|
KL coef: 0.6227633530764958
Train loss (one batch): 7006.46240234375
Train CE loss (one batch): 0.0
Test MSE: 0.0136
Poisson likelihood: 0.0
CE loss: 0.0
Experiment 14790
Epoch 0108 [Test seq (cond on sampled tp)] | Loss 6771.524902 | Likelihood -6770.610840 | KL fp 4.9246 | FP STD 0.0135|
KL coef: 0.6265357195457308
Train loss (one batch): 6961.84521484375
Train CE loss (one batch): 0.0
Test MSE: 0.0136
Poisson likelihood: 0.0
CE loss: 0.0
Experiment 14790
Epoch 0109 [Test seq (cond on sampled tp)] | Loss 6734.139160 | Likelihood -6732.802734 | KL fp 4.8997 | FP STD 0.0133|
KL coef: 0.6302703623502736
Train loss (one batch): 6938.21875
Train CE loss (one batch): 0.0
Test MSE: 0.0135
Poisson likelihood: 0.0
CE loss: 0.0
Experiment 14790
Epoch 0110 [Test seq (cond on sampled tp)] | Loss 6705.894043 | Likelihood -6712.950684 | KL fp 4.9838 | FP STD 0.0129|
KL coef: 0.6339676587267709
Train loss (one batch): 6890.48583984375
Train CE loss (one batch): 0.0
Test MSE: 0.0134
Poisson likelihood: 0.0
CE loss: 0.0
Experiment 14790
Epoch 0111 [Test seq (cond on sampled tp)] | Loss 6681.249023 | Likelihood -6685.990234 | KL fp 4.9488 | FP STD 0.0131|
KL coef: 0.6376279821395031
Train loss (one batch): 6883.91162109375
Train CE loss (one batch): 0.0
Test MSE: 0.0134
Poisson likelihood: 0.0
CE loss: 0.0
Experiment 14790
Epoch 0112 [Test seq (cond on sampled tp)] | Loss 6672.090332 | Likelihood -6672.053223 | KL fp 5.0318 | FP STD 0.0125|
KL coef: 0.6412517023181081
Train loss (one batch): 6841.859375
Train CE loss (one batch): 0.0
Test MSE: 0.0134
Poisson likelihood: 0.0
CE loss: 0.0
Experiment 14790
Epoch 0113 [Test seq (cond on sampled tp)] | Loss 6625.592773 | Likelihood -6627.447266 | KL fp 4.9462 | FP STD 0.0129|
KL coef: 0.644839185294927
Train loss (one batch): 6776.8564453125
Train CE loss (one batch): 0.0
Test MSE: 0.0133
Poisson likelihood: 0.0
CE loss: 0.0
Experiment 14790
Epoch 0114 [Test seq (cond on sampled tp)] | Loss 6589.150879 | Likelihood -6595.282715 | KL fp 4.9654 | FP STD 0.0128|
KL coef: 0.6483907934419777
Train loss (one batch): 6777.1416015625
Train CE loss (one batch): 0.0
Test MSE: 0.0132
Poisson likelihood: 0.0
CE loss: 0.0
Experiment 14790
Epoch 0115 [Test seq (cond on sampled tp)] | Loss 6561.748047 | Likelihood -6564.660156 | KL fp 5.0115 | FP STD 0.0127|
KL coef: 0.651906885507558
Train loss (one batch): 6700.1259765625
Train CE loss (one batch): 0.0
Test MSE: 0.0131
Poisson likelihood: 0.0
CE loss: 0.0
Experiment 14790
Epoch 0116 [Test seq (cond on sampled tp)] | Loss 6523.541992 | Likelihood -6531.666504 | KL fp 4.9831 | FP STD 0.0126|
KL coef: 0.6553878166524825
Train loss (one batch): 6687.46728515625
Train CE loss (one batch): 0.0
Test MSE: 0.0131
Poisson likelihood: 0.0
CE loss: 0.0
Experiment 14790
Epoch 0117 [Test seq (cond on sampled tp)] | Loss 6505.713379 | Likelihood -6515.692871 | KL fp 4.9516 | FP STD 0.0127|
KL coef: 0.6588339384859576
Train loss (one batch): 6618.77001953125
Train CE loss (one batch): 0.0
Test MSE: 0.0130
Poisson likelihood: 0.0
CE loss: 0.0
Experiment 14790
Epoch 0118 [Test seq (cond on sampled tp)] | Loss 6473.097168 | Likelihood -6475.456543 | KL fp 4.9842 | FP STD 0.0125|
KL coef: 0.662245599101098
Train loss (one batch): 6618.91064453125
Train CE loss (one batch): 0.0
Test MSE: 0.0130
Poisson likelihood: 0.0
CE loss: 0.0
Experiment 14790
Epoch 0119 [Test seq (cond on sampled tp)] | Loss 6440.703613 | Likelihood -6442.232910 | KL fp 5.0887 | FP STD 0.0120|
KL coef: 0.665623143110087
Train loss (one batch): 6550.0439453125
Train CE loss (one batch): 0.0
Test MSE: 0.0129
Poisson likelihood: 0.0
CE loss: 0.0
Experiment 14790
Epoch 0120 [Test seq (cond on sampled tp)] | Loss 6407.905762 | Likelihood -6417.836426 | KL fp 4.9277 | FP STD 0.0140|
KL coef: 0.6689669116789861
Train loss (one batch): 6526.34912109375
Train CE loss (one batch): 0.0
Test MSE: 0.0128
Poisson likelihood: 0.0
CE loss: 0.0
Experiment 14790
Epoch 0121 [Test seq (cond on sampled tp)] | Loss 6391.570312 | Likelihood -6392.135254 | KL fp 5.0951 | FP STD 0.0120|
KL coef: 0.6722772425621963
Train loss (one batch): 6483.1513671875
Train CE loss (one batch): 0.0
Test MSE: 0.0128
Poisson likelihood: 0.0
CE loss: 0.0
Experiment 14790
Epoch 0122 [Test seq (cond on sampled tp)] | Loss 6318.314453 | Likelihood -6326.298340 | KL fp 5.0448 | FP STD 0.0122|
KL coef: 0.6755544701365743
Train loss (one batch): 6434.81005859375
Train CE loss (one batch): 0.0
Test MSE: 0.0127
Poisson likelihood: 0.0
CE loss: 0.0
Experiment 14790
Epoch 0123 [Test seq (cond on sampled tp)] | Loss 6297.074707 | Likelihood -6302.770020 | KL fp 5.0335 | FP STD 0.0121|
KL coef: 0.6787989254352086
Train loss (one batch): 6374.5439453125
Train CE loss (one batch): 0.0
Test MSE: 0.0126
Poisson likelihood: 0.0
CE loss: 0.0
Experiment 14790
Epoch 0124 [Test seq (cond on sampled tp)] | Loss 6244.524414 | Likelihood -6247.714844 | KL fp 5.0706 | FP STD 0.0117|
KL coef: 0.6820109361808565
Train loss (one batch): 6313.7392578125
Train CE loss (one batch): 0.0
Test MSE: 0.0125
Poisson likelihood: 0.0
CE loss: 0.0
Experiment 14790
Epoch 0125 [Test seq (cond on sampled tp)] | Loss 6215.387207 | Likelihood -6220.351562 | KL fp 5.0180 | FP STD 0.0127|
KL coef: 0.685190826819048
Train loss (one batch): 6251.02099609375
Train CE loss (one batch): 0.0
Test MSE: 0.0125
Poisson likelihood: 0.0
CE loss: 0.0
Experiment 14790
Epoch 0126 [Test seq (cond on sampled tp)] | Loss 6177.449219 | Likelihood -6178.414062 | KL fp 5.0522 | FP STD 0.0121|
KL coef: 0.6883389185508575
Train loss (one batch): 6213.623046875
Train CE loss (one batch): 0.0
Test MSE: 0.0124
Poisson likelihood: 0.0
CE loss: 0.0
Experiment 14790
Epoch 0127 [Test seq (cond on sampled tp)] | Loss 6129.654785 | Likelihood -6127.721191 | KL fp 5.1248 | FP STD 0.0115|
KL coef: 0.6914555293653489
Train loss (one batch): 6140.92333984375
Train CE loss (one batch): 0.0
Test MSE: 0.0123
Poisson likelihood: 0.0
CE loss: 0.0
Experiment 14790
Epoch 0128 [Test seq (cond on sampled tp)] | Loss 6053.091309 | Likelihood -6055.783203 | KL fp 5.0449 | FP STD 0.0121|
KL coef: 0.6945409740716955
Train loss (one batch): 6093.95556640625
Train CE loss (one batch): 0.0
Test MSE: 0.0121
Poisson likelihood: 0.0
CE loss: 0.0
Experiment 14790
Epoch 0129 [Test seq (cond on sampled tp)] | Loss 6025.032227 | Likelihood -6024.930176 | KL fp 5.0826 | FP STD 0.0119|
KL coef: 0.6975955643309785
Train loss (one batch): 6036.03759765625
Train CE loss (one batch): 0.0
Test MSE: 0.0121
Poisson likelihood: 0.0
CE loss: 0.0
Experiment 14790
Epoch 0130 [Test seq (cond on sampled tp)] | Loss 5952.182617 | Likelihood -5954.011230 | KL fp 4.9694 | FP STD 0.0130|
KL coef: 0.7006196086876687
Train loss (one batch): 5980.28271484375
Train CE loss (one batch): 0.0
Test MSE: 0.0119
Poisson likelihood: 0.0
CE loss: 0.0
Experiment 14790
Epoch 0131 [Test seq (cond on sampled tp)] | Loss 5890.928223 | Likelihood -5890.113281 | KL fp 5.0314 | FP STD 0.0124|
KL coef: 0.703613412600792
Train loss (one batch): 5892.69091796875
Train CE loss (one batch): 0.0
Test MSE: 0.0118
Poisson likelihood: 0.0
CE loss: 0.0
Experiment 14790
Epoch 0132 [Test seq (cond on sampled tp)] | Loss 5844.136719 | Likelihood -5849.544434 | KL fp 5.0198 | FP STD 0.0125|
KL coef: 0.7065772784747841
Train loss (one batch): 5815.9296875
Train CE loss (one batch): 0.0
Test MSE: 0.0117
Poisson likelihood: 0.0
CE loss: 0.0
Experiment 14790
Epoch 0133 [Test seq (cond on sampled tp)] | Loss 5774.148926 | Likelihood -5777.216309 | KL fp 4.9967 | FP STD 0.0126|
KL coef: 0.7095115056900363
Train loss (one batch): 5767.31103515625
Train CE loss (one batch): 0.0
Test MSE: 0.0116
Poisson likelihood: 0.0
CE loss: 0.0
Experiment 14790
Epoch 0134 [Test seq (cond on sampled tp)] | Loss 5751.550781 | Likelihood -5751.073730 | KL fp 4.9516 | FP STD 0.0132|
KL coef: 0.7124163906331359
Train loss (one batch): 5723.6396484375
Train CE loss (one batch): 0.0
Test MSE: 0.0115
Poisson likelihood: 0.0
CE loss: 0.0
Experiment 14790
Epoch 0135 [Test seq (cond on sampled tp)] | Loss 5692.297852 | Likelihood -5692.059082 | KL fp 5.0898 | FP STD 0.0120|
KL coef: 0.7152922267268045
Train loss (one batch): 5683.189453125
Train CE loss (one batch): 0.0
Test MSE: 0.0114
Poisson likelihood: 0.0
CE loss: 0.0
Experiment 14790
Epoch 0136 [Test seq (cond on sampled tp)] | Loss 5663.399414 | Likelihood -5662.138184 | KL fp 5.0022 | FP STD 0.0128|
KL coef: 0.7181393044595366
Train loss (one batch): 5624.3603515625
Train CE loss (one batch): 0.0
Test MSE: 0.0113
Poisson likelihood: 0.0
CE loss: 0.0
Experiment 14790
Epoch 0137 [Test seq (cond on sampled tp)] | Loss 5622.591797 | Likelihood -5623.970215 | KL fp 4.9992 | FP STD 0.0127|
KL coef: 0.7209579114149411
Train loss (one batch): 5583.93310546875
Train CE loss (one batch): 0.0
Test MSE: 0.0113
Poisson likelihood: 0.0
CE loss: 0.0
Experiment 14790
Epoch 0138 [Test seq (cond on sampled tp)] | Loss 5600.748047 | Likelihood -5603.299316 | KL fp 5.0835 | FP STD 0.0119|
KL coef: 0.7237483323007917
Train loss (one batch): 5561.83056640625
Train CE loss (one batch): 0.0
Test MSE: 0.0112
Poisson likelihood: 0.0
CE loss: 0.0
Experiment 14790
Epoch 0139 [Test seq (cond on sampled tp)] | Loss 5562.188965 | Likelihood -5565.729980 | KL fp 5.1114 | FP STD 0.0116|
KL coef: 0.7265108489777838
Train loss (one batch): 5533.93408203125
Train CE loss (one batch): 0.0
Test MSE: 0.0111
Poisson likelihood: 0.0
CE loss: 0.0
Experiment 14790
Epoch 0140 [Test seq (cond on sampled tp)] | Loss 5538.321777 | Likelihood -5538.204590 | KL fp 5.0422 | FP STD 0.0121|
KL coef: 0.729245740488006
Train loss (one batch): 5486.80126953125
Train CE loss (one batch): 0.0
Test MSE: 0.0111
Poisson likelihood: 0.0
CE loss: 0.0
Experiment 14790
Epoch 0141 [Test seq (cond on sampled tp)] | Loss 5520.899414 | Likelihood -5521.658691 | KL fp 5.0684 | FP STD 0.0117|
KL coef: 0.7319532830831259
Train loss (one batch): 5475.22119140625
Train CE loss (one batch): 0.0
Test MSE: 0.0111
Poisson likelihood: 0.0
CE loss: 0.0
Experiment 14790
Epoch 0142 [Test seq (cond on sampled tp)] | Loss 5505.225586 | Likelihood -5503.600098 | KL fp 5.1727 | FP STD 0.0110|
KL coef: 0.7346337502522946
Train loss (one batch): 5441.16455078125
Train CE loss (one batch): 0.0
Test MSE: 0.0110
Poisson likelihood: 0.0
CE loss: 0.0
Experiment 14790
Epoch 0143 [Test seq (cond on sampled tp)] | Loss 5489.296875 | Likelihood -5493.833496 | KL fp 5.1464 | FP STD 0.0110|
KL coef: 0.7372874127497717
Train loss (one batch): 5410.26123046875
Train CE loss (one batch): 0.0
Test MSE: 0.0110
Poisson likelihood: 0.0
CE loss: 0.0
Experiment 14790
Epoch 0144 [Test seq (cond on sampled tp)] | Loss 5466.973145 | Likelihood -5471.620605 | KL fp 5.0378 | FP STD 0.0117|
KL coef: 0.739914538622274
Train loss (one batch): 5401.24609375
Train CE loss (one batch): 0.0
Test MSE: 0.0110
Poisson likelihood: 0.0
CE loss: 0.0
Experiment 14790
Epoch 0145 [Test seq (cond on sampled tp)] | Loss 5458.410156 | Likelihood -5457.391113 | KL fp 5.0638 | FP STD 0.0119|
KL coef: 0.7425153932360513
Train loss (one batch): 5372.48681640625
Train CE loss (one batch): 0.0
Test MSE: 0.0109
Poisson likelihood: 0.0
CE loss: 0.0
Experiment 14790
Epoch 0146 [Test seq (cond on sampled tp)] | Loss 5440.628418 | Likelihood -5444.129395 | KL fp 5.0342 | FP STD 0.0120|
KL coef: 0.7450902393036907
Train loss (one batch): 5339.79833984375
Train CE loss (one batch): 0.0
Test MSE: 0.0109
Poisson likelihood: 0.0
CE loss: 0.0
Experiment 14790
Epoch 0147 [Test seq (cond on sampled tp)] | Loss 5428.909180 | Likelihood -5430.455566 | KL fp 5.1184 | FP STD 0.0112|
KL coef: 0.7476393369106538
Train loss (one batch): 5349.466796875
Train CE loss (one batch): 0.0
Test MSE: 0.0109
Poisson likelihood: 0.0
CE loss: 0.0
Experiment 14790
Epoch 0148 [Test seq (cond on sampled tp)] | Loss 5410.792480 | Likelihood -5412.895020 | KL fp 5.2154 | FP STD 0.0102|
KL coef: 0.7501629435415473
Train loss (one batch): 5307.8544921875
Train CE loss (one batch): 0.0
Test MSE: 0.0108
Poisson likelihood: 0.0
CE loss: 0.0
Experiment 14790
Epoch 0149 [Test seq (cond on sampled tp)] | Loss 5391.016113 | Likelihood -5390.682129 | KL fp 5.0937 | FP STD 0.0112|
KL coef: 0.7526613141061318
Train loss (one batch): 5306.541015625
Train CE loss (one batch): 0.0
Test MSE: 0.0108
Poisson likelihood: 0.0
CE loss: 0.0
Experiment 14790
Epoch 0150 [Test seq (cond on sampled tp)] | Loss 5385.256348 | Likelihood -5384.187500 | KL fp 5.1735 | FP STD 0.0105|
KL coef: 0.7551347009650705
Train loss (one batch): 5277.71435546875
Train CE loss (one batch): 0.0
Test MSE: 0.0108
Poisson likelihood: 0.0
CE loss: 0.0
Experiment 14790
Epoch 0151 [Test seq (cond on sampled tp)] | Loss 5360.927246 | Likelihood -5362.568848 | KL fp 5.1293 | FP STD 0.0106|
KL coef: 0.7575833539554198
Train loss (one batch): 5261.36328125
Train CE loss (one batch): 0.0
Test MSE: 0.0107
Poisson likelihood: 0.0
CE loss: 0.0
Experiment 14790
Epoch 0152 [Test seq (cond on sampled tp)] | Loss 5356.613770 | Likelihood -5358.212402 | KL fp 5.1679 | FP STD 0.0106|
KL coef: 0.7600075204158656
Train loss (one batch): 5220.84130859375
Train CE loss (one batch): 0.0
Test MSE: 0.0107
Poisson likelihood: 0.0
CE loss: 0.0
Experiment 14790
Epoch 0153 [Test seq (cond on sampled tp)] | Loss 5337.677246 | Likelihood -5336.320801 | KL fp 5.1988 | FP STD 0.0102|
KL coef: 0.762407445211707
Train loss (one batch): 5211.626953125
Train CE loss (one batch): 0.0
Test MSE: 0.0107
Poisson likelihood: 0.0
CE loss: 0.0
Experiment 14790
Epoch 0154 [Test seq (cond on sampled tp)] | Loss 5362.690430 | Likelihood -5360.198730 | KL fp 5.0887 | FP STD 0.0123|
KL coef: 0.7647833707595899
Train loss (one batch): 5271.5634765625
Train CE loss (one batch): 0.0
Test MSE: 0.0107
Poisson likelihood: 0.0
CE loss: 0.0
Experiment 14790
Epoch 0155 [Test seq (cond on sampled tp)] | Loss 5328.072754 | Likelihood -5337.736328 | KL fp 5.1805 | FP STD 0.0111|
KL coef: 0.767135537051994
Train loss (one batch): 5242.93798828125
Train CE loss (one batch): 0.0
Test MSE: 0.0107
Poisson likelihood: 0.0
CE loss: 0.0
Experiment 14790
Epoch 0156 [Test seq (cond on sampled tp)] | Loss 5307.958008 | Likelihood -5307.280273 | KL fp 5.2484 | FP STD 0.0100|
KL coef: 0.769464181681474
Train loss (one batch): 5198.83251953125
Train CE loss (one batch): 0.0
Test MSE: 0.0106
Poisson likelihood: 0.0
CE loss: 0.0
Experiment 14790
Epoch 0157 [Test seq (cond on sampled tp)] | Loss 5294.206543 | Likelihood -5297.029297 | KL fp 5.2435 | FP STD 0.0100|
KL coef: 0.7717695398646593
Train loss (one batch): 5165.01416015625
Train CE loss (one batch): 0.0
Test MSE: 0.0106
Poisson likelihood: 0.0
CE loss: 0.0
Experiment 14790
Epoch 0158 [Test seq (cond on sampled tp)] | Loss 5284.387695 | Likelihood -5281.880859 | KL fp 5.2627 | FP STD 0.0097|
KL coef: 0.7740518444660127
Train loss (one batch): 5149.30078125
Train CE loss (one batch): 0.0
Test MSE: 0.0106
Poisson likelihood: 0.0
CE loss: 0.0
Experiment 14790
Epoch 0159 [Test seq (cond on sampled tp)] | Loss 5282.549805 | Likelihood -5280.354980 | KL fp 5.2193 | FP STD 0.0098|
KL coef: 0.7763113260213526
Train loss (one batch): 5159.02001953125
Train CE loss (one batch): 0.0
Test MSE: 0.0106
Poisson likelihood: 0.0
CE loss: 0.0
Experiment 14790
Epoch 0160 [Test seq (cond on sampled tp)] | Loss 5264.465820 | Likelihood -5266.529785 | KL fp 5.2732 | FP STD 0.0096|
KL coef: 0.7785482127611391
Train loss (one batch): 5115.580078125
Train CE loss (one batch): 0.0
Test MSE: 0.0105
Poisson likelihood: 0.0
CE loss: 0.0
Experiment 14790
Epoch 0161 [Test seq (cond on sampled tp)] | Loss 5258.933594 | Likelihood -5256.222168 | KL fp 5.1858 | FP STD 0.0103|
KL coef: 0.7807627306335276
Train loss (one batch): 5108.70703125
Train CE loss (one batch): 0.0
Test MSE: 0.0105
Poisson likelihood: 0.0
CE loss: 0.0
Experiment 14790
Epoch 0162 [Test seq (cond on sampled tp)] | Loss 5248.256348 | Likelihood -5246.826172 | KL fp 5.2656 | FP STD 0.0096|
KL coef: 0.7829551033271924
Train loss (one batch): 5099.53759765625
Train CE loss (one batch): 0.0
Test MSE: 0.0105
Poisson likelihood: 0.0
CE loss: 0.0
Experiment 14790
Epoch 0163 [Test seq (cond on sampled tp)] | Loss 5230.694824 | Likelihood -5229.218262 | KL fp 5.2464 | FP STD 0.0094|
KL coef: 0.7851255522939204
Train loss (one batch): 5096.9677734375
Train CE loss (one batch): 0.0
Test MSE: 0.0105
Poisson likelihood: 0.0
CE loss: 0.0
Experiment 14790
Epoch 0164 [Test seq (cond on sampled tp)] | Loss 5233.294434 | Likelihood -5231.234863 | KL fp 5.1490 | FP STD 0.0108|
KL coef: 0.7872742967709813
Train loss (one batch): 5085.74169921875
Train CE loss (one batch): 0.0
Test MSE: 0.0105
Poisson likelihood: 0.0
CE loss: 0.0
Experiment 14790
Epoch 0165 [Test seq (cond on sampled tp)] | Loss 5213.079102 | Likelihood -5218.130371 | KL fp 5.2064 | FP STD 0.0103|
KL coef: 0.7894015538032715
Train loss (one batch): 5073.912109375
Train CE loss (one batch): 0.0
Test MSE: 0.0104
Poisson likelihood: 0.0
CE loss: 0.0
Experiment 14790
Epoch 0166 [Test seq (cond on sampled tp)] | Loss 5209.631348 | Likelihood -5207.537598 | KL fp 5.2422 | FP STD 0.0097|
KL coef: 0.7915075382652388
Train loss (one batch): 5061.765625
Train CE loss (one batch): 0.0
Test MSE: 0.0104
Poisson likelihood: 0.0
CE loss: 0.0
Experiment 14790
Epoch 0167 [Test seq (cond on sampled tp)] | Loss 5191.682617 | Likelihood -5192.455566 | KL fp 5.2969 | FP STD 0.0094|
KL coef: 0.7935924628825863
Train loss (one batch): 5039.69873046875
Train CE loss (one batch): 0.0
Test MSE: 0.0104
Poisson likelihood: 0.0
CE loss: 0.0
Experiment 14790
Epoch 0168 [Test seq (cond on sampled tp)] | Loss 5175.720215 | Likelihood -5174.778809 | KL fp 5.3322 | FP STD 0.0090|
KL coef: 0.7956565382537605
Train loss (one batch): 5012.2392578125
Train CE loss (one batch): 0.0
Test MSE: 0.0104
Poisson likelihood: 0.0
CE loss: 0.0
Experiment 14790
Epoch 0169 [Test seq (cond on sampled tp)] | Loss 5177.865723 | Likelihood -5177.361816 | KL fp 5.1716 | FP STD 0.0099|
KL coef: 0.7976999728712229
Train loss (one batch): 5009.9833984375
Train CE loss (one batch): 0.0
Test MSE: 0.0104
Poisson likelihood: 0.0
CE loss: 0.0
Experiment 14790
Epoch 0170 [Test seq (cond on sampled tp)] | Loss 5159.042969 | Likelihood -5157.257324 | KL fp 5.2689 | FP STD 0.0093|
KL coef: 0.7997229731425107
Train loss (one batch): 5010.2265625
Train CE loss (one batch): 0.0
Test MSE: 0.0103
Poisson likelihood: 0.0
CE loss: 0.0
Experiment 14790
Epoch 0171 [Test seq (cond on sampled tp)] | Loss 5152.390137 | Likelihood -5151.840332 | KL fp 5.2990 | FP STD 0.0093|
KL coef: 0.8017257434110856
Train loss (one batch): 4996.5087890625
Train CE loss (one batch): 0.0
Test MSE: 0.0103
Poisson likelihood: 0.0
CE loss: 0.0
Experiment 14790
Epoch 0172 [Test seq (cond on sampled tp)] | Loss 5145.833008 | Likelihood -5144.830566 | KL fp 5.2986 | FP STD 0.0093|
KL coef: 0.8037084859769748
Train loss (one batch): 4993.96826171875
Train CE loss (one batch): 0.0
Test MSE: 0.0103
Poisson likelihood: 0.0
CE loss: 0.0
Experiment 14790
Epoch 0173 [Test seq (cond on sampled tp)] | Loss 5140.425781 | Likelihood -5138.279297 | KL fp 5.2419 | FP STD 0.0095|
KL coef: 0.805671401117205
Train loss (one batch): 4958.046875
Train CE loss (one batch): 0.0
Test MSE: 0.0103
Poisson likelihood: 0.0
CE loss: 0.0
Experiment 14790
Epoch 0174 [Test seq (cond on sampled tp)] | Loss 5122.643555 | Likelihood -5125.805176 | KL fp 5.2129 | FP STD 0.0098|
KL coef: 0.8076146871060329
Train loss (one batch): 4954.9208984375
Train CE loss (one batch): 0.0
Test MSE: 0.0103
Poisson likelihood: 0.0
CE loss: 0.0
Experiment 14790
Epoch 0175 [Test seq (cond on sampled tp)] | Loss 5119.781250 | Likelihood -5121.277344 | KL fp 5.2756 | FP STD 0.0096|
KL coef: 0.8095385402349726
Train loss (one batch): 4961.92138671875
Train CE loss (one batch): 0.0
Test MSE: 0.0103
Poisson likelihood: 0.0
CE loss: 0.0
Experiment 14790
Epoch 0176 [Test seq (cond on sampled tp)] | Loss 5105.337402 | Likelihood -5106.167480 | KL fp 5.2758 | FP STD 0.0092|
KL coef: 0.8114431548326229
Train loss (one batch): 4950.87060546875
Train CE loss (one batch): 0.0
Test MSE: 0.0102
Poisson likelihood: 0.0
CE loss: 0.0
Experiment 14790
Epoch 0177 [Test seq (cond on sampled tp)] | Loss 5093.124512 | Likelihood -5095.429199 | KL fp 5.3382 | FP STD 0.0088|
KL coef: 0.8133287232842966
Train loss (one batch): 4931.6982421875
Train CE loss (one batch): 0.0
Test MSE: 0.0102
Poisson likelihood: 0.0
CE loss: 0.0
Experiment 14790
Epoch 0178 [Test seq (cond on sampled tp)] | Loss 5085.708496 | Likelihood -5087.781738 | KL fp 5.3102 | FP STD 0.0090|
KL coef: 0.8151954360514537
Train loss (one batch): 4898.2724609375
Train CE loss (one batch): 0.0
Test MSE: 0.0102
Poisson likelihood: 0.0
CE loss: 0.0
Experiment 14790
Epoch 0179 [Test seq (cond on sampled tp)] | Loss 5077.514648 | Likelihood -5076.255371 | KL fp 5.3611 | FP STD 0.0088|
KL coef: 0.8170434816909391
Train loss (one batch): 4895.3017578125
Train CE loss (one batch): 0.0
Test MSE: 0.0102
Poisson likelihood: 0.0
CE loss: 0.0
Experiment 14790
Epoch 0180 [Test seq (cond on sampled tp)] | Loss 5074.383301 | Likelihood -5071.498047 | KL fp 5.3383 | FP STD 0.0089|
KL coef: 0.8188730468740297
Train loss (one batch): 4885.86767578125
Train CE loss (one batch): 0.0
Test MSE: 0.0102
Poisson likelihood: 0.0
CE loss: 0.0
Experiment 14790
Epoch 0181 [Test seq (cond on sampled tp)] | Loss 5057.333008 | Likelihood -5055.464355 | KL fp 5.3632 | FP STD 0.0085|
KL coef: 0.8206843164052895
Train loss (one batch): 4869.0205078125
Train CE loss (one batch): 0.0
Test MSE: 0.0101
Poisson likelihood: 0.0
CE loss: 0.0
Experiment 14790
Epoch 0182 [Test seq (cond on sampled tp)] | Loss 5045.076172 | Likelihood -5044.589355 | KL fp 5.3796 | FP STD 0.0086|
KL coef: 0.8224774732412365
Train loss (one batch): 4861.27783203125
Train CE loss (one batch): 0.0
Test MSE: 0.0101
Poisson likelihood: 0.0
CE loss: 0.0
Experiment 14790
Epoch 0183 [Test seq (cond on sampled tp)] | Loss 5034.498047 | Likelihood -5035.989746 | KL fp 5.2902 | FP STD 0.0090|
KL coef: 0.8242526985088242
Train loss (one batch): 4853.8203125
Train CE loss (one batch): 0.0
Test MSE: 0.0101
Poisson likelihood: 0.0
CE loss: 0.0
Experiment 14790
Epoch 0184 [Test seq (cond on sampled tp)] | Loss 5032.450684 | Likelihood -5029.922363 | KL fp 5.4028 | FP STD 0.0082|
KL coef: 0.826010171523736
Train loss (one batch): 4851.6142578125
Train CE loss (one batch): 0.0
Test MSE: 0.0101
Poisson likelihood: 0.0
CE loss: 0.0
Experiment 14790
Epoch 0185 [Test seq (cond on sampled tp)] | Loss 5016.750488 | Likelihood -5018.411133 | KL fp 5.3880 | FP STD 0.0085|
KL coef: 0.8277500698084986
Train loss (one batch): 4841.37744140625
Train CE loss (one batch): 0.0
Test MSE: 0.0100
Poisson likelihood: 0.0
CE loss: 0.0
Experiment 14790
Epoch 0186 [Test seq (cond on sampled tp)] | Loss 5009.514648 | Likelihood -5007.092285 | KL fp 5.3520 | FP STD 0.0088|
KL coef: 0.8294725691104137
Train loss (one batch): 4817.59033203125
Train CE loss (one batch): 0.0
Test MSE: 0.0100
Poisson likelihood: 0.0
CE loss: 0.0
Experiment 14790
Epoch 0187 [Test seq (cond on sampled tp)] | Loss 5008.905762 | Likelihood -5006.089355 | KL fp 5.2477 | FP STD 0.0098|
KL coef: 0.8311778434193096
Train loss (one batch): 4820.638671875
Train CE loss (one batch): 0.0
Test MSE: 0.0100
Poisson likelihood: 0.0
CE loss: 0.0
Experiment 14790
Epoch 0188 [Test seq (cond on sampled tp)] | Loss 4989.261230 | Likelihood -4990.964355 | KL fp 5.3390 | FP STD 0.0086|
KL coef: 0.8328660649851164
Train loss (one batch): 4812.7939453125
Train CE loss (one batch): 0.0
Test MSE: 0.0100
Poisson likelihood: 0.0
CE loss: 0.0
Experiment 14790
Epoch 0189 [Test seq (cond on sampled tp)] | Loss 4989.887695 | Likelihood -4988.505371 | KL fp 5.3030 | FP STD 0.0092|
KL coef: 0.8345374043352652
Train loss (one batch): 4799.1494140625
Train CE loss (one batch): 0.0
Test MSE: 0.0100
Poisson likelihood: 0.0
CE loss: 0.0
Experiment 14790
Epoch 0190 [Test seq (cond on sampled tp)] | Loss 4966.310059 | Likelihood -4971.344238 | KL fp 5.2798 | FP STD 0.0093|
KL coef: 0.8361920302919126
Train loss (one batch): 4782.08935546875
Train CE loss (one batch): 0.0
Test MSE: 0.0100
Poisson likelihood: 0.0
CE loss: 0.0
Experiment 14790
Epoch 0191 [Test seq (cond on sampled tp)] | Loss 4958.933594 | Likelihood -4958.382324 | KL fp 5.3675 | FP STD 0.0086|
KL coef: 0.8378301099889934
Train loss (one batch): 4767.61669921875
Train CE loss (one batch): 0.0
Test MSE: 0.0099
Poisson likelihood: 0.0
CE loss: 0.0
Experiment 14790
Epoch 0192 [Test seq (cond on sampled tp)] | Loss 4954.231445 | Likelihood -4954.692871 | KL fp 5.4177 | FP STD 0.0081|
KL coef: 0.8394518088891035
Train loss (one batch): 4783.30419921875
Train CE loss (one batch): 0.0
Test MSE: 0.0099
Poisson likelihood: 0.0
CE loss: 0.0
Experiment 14790
Epoch 0193 [Test seq (cond on sampled tp)] | Loss 4948.109863 | Likelihood -4953.555176 | KL fp 5.3580 | FP STD 0.0087|
KL coef: 0.8410572908002125
Train loss (one batch): 4753.48828125
Train CE loss (one batch): 0.0
Test MSE: 0.0099
Poisson likelihood: 0.0
CE loss: 0.0
Experiment 14790
Epoch 0194 [Test seq (cond on sampled tp)] | Loss 4935.751953 | Likelihood -4936.229980 | KL fp 5.4157 | FP STD 0.0084|
KL coef: 0.8426467178922104
Train loss (one batch): 4728.91259765625
Train CE loss (one batch): 0.0
Test MSE: 0.0099
Poisson likelihood: 0.0
CE loss: 0.0
Experiment 14790
Epoch 0195 [Test seq (cond on sampled tp)] | Loss 4929.087891 | Likelihood -4927.897949 | KL fp 5.3066 | FP STD 0.0090|
KL coef: 0.8442202507132883
Train loss (one batch): 4742.1708984375
Train CE loss (one batch): 0.0
Test MSE: 0.0099
Poisson likelihood: 0.0
CE loss: 0.0
Experiment 14790
Epoch 0196 [Test seq (cond on sampled tp)] | Loss 4923.897949 | Likelihood -4927.822754 | KL fp 5.2812 | FP STD 0.0091|
KL coef: 0.8457780482061554
Train loss (one batch): 4727.30712890625
Train CE loss (one batch): 0.0
Test MSE: 0.0099
Poisson likelihood: 0.0
CE loss: 0.0
Experiment 14790
Epoch 0197 [Test seq (cond on sampled tp)] | Loss 4906.832031 | Likelihood -4910.034668 | KL fp 5.2708 | FP STD 0.0089|
KL coef: 0.8473202677240939
Train loss (one batch): 4704.21728515625
Train CE loss (one batch): 0.0
Test MSE: 0.0098
Poisson likelihood: 0.0
CE loss: 0.0
Experiment 14790
Epoch 0198 [Test seq (cond on sampled tp)] | Loss 4899.993164 | Likelihood -4901.932129 | KL fp 5.2920 | FP STD 0.0089|
KL coef: 0.8488470650468529
Train loss (one batch): 4705.20068359375
Train CE loss (one batch): 0.0
Test MSE: 0.0098
Poisson likelihood: 0.0
CE loss: 0.0
Experiment 14790
Epoch 0199 [Test seq (cond on sampled tp)] | Loss 4892.727051 | Likelihood -4889.449707 | KL fp 5.3538 | FP STD 0.0085|
KL coef: 0.8503585943963844
Train loss (one batch): 4695.73876953125
Train CE loss (one batch): 0.0
Test MSE: 0.0098
Poisson likelihood: 0.0
CE loss: 0.0
Experiment 14790
Epoch 0200 [Test seq (cond on sampled tp)] | Loss 4885.920898 | Likelihood -4883.865723 | KL fp 5.3687 | FP STD 0.0083|
KL coef: 0.8518550084524206
Train loss (one batch): 4684.7314453125
Train CE loss (one batch): 0.0
Test MSE: 0.0098
Poisson likelihood: 0.0
CE loss: 0.0
Experiment 14790
Epoch 0201 [Test seq (cond on sampled tp)] | Loss 4871.647949 | Likelihood -4871.683105 | KL fp 5.4143 | FP STD 0.0080|
KL coef: 0.8533364583678963
Train loss (one batch): 4663.0966796875
Train CE loss (one batch): 0.0
Test MSE: 0.0098
Poisson likelihood: 0.0
CE loss: 0.0
Experiment 14790
Epoch 0202 [Test seq (cond on sampled tp)] | Loss 4862.874023 | Likelihood -4860.158691 | KL fp 5.4363 | FP STD 0.0079|
KL coef: 0.8548030937842174
Train loss (one batch): 4646.19384765625
Train CE loss (one batch): 0.0
Test MSE: 0.0097
Poisson likelihood: 0.0
CE loss: 0.0
Experiment 14790
Epoch 0203 [Test seq (cond on sampled tp)] | Loss 4856.848633 | Likelihood -4854.420898 | KL fp 5.3917 | FP STD 0.0082|
KL coef: 0.8562550628463752
Train loss (one batch): 4641.08349609375
Train CE loss (one batch): 0.0
Test MSE: 0.0097
Poisson likelihood: 0.0
CE loss: 0.0
Experiment 14790
Epoch 0204 [Test seq (cond on sampled tp)] | Loss 4852.025391 | Likelihood -4849.881348 | KL fp 5.2426 | FP STD 0.0094|
KL coef: 0.8576925122179114
Train loss (one batch): 4646.97216796875
Train CE loss (one batch): 0.0
Test MSE: 0.0097
Poisson likelihood: 0.0
CE loss: 0.0
Experiment 14790
Epoch 0205 [Test seq (cond on sampled tp)] | Loss 4838.100098 | Likelihood -4841.338379 | KL fp 5.2449 | FP STD 0.0095|
KL coef: 0.8591155870957323
Train loss (one batch): 4649.16748046875
Train CE loss (one batch): 0.0
Test MSE: 0.0097
Poisson likelihood: 0.0
CE loss: 0.0
Experiment 14790
Epoch 0206 [Test seq (cond on sampled tp)] | Loss 4824.386719 | Likelihood -4826.163574 | KL fp 5.3200 | FP STD 0.0089|
KL coef: 0.8605244312247751
Train loss (one batch): 4620.32275390625
Train CE loss (one batch): 0.0
Test MSE: 0.0097
Poisson likelihood: 0.0
CE loss: 0.0
Experiment 14790
Epoch 0207 [Test seq (cond on sampled tp)] | Loss 4812.171875 | Likelihood -4815.823730 | KL fp 5.3316 | FP STD 0.0087|
KL coef: 0.8619191869125272
Train loss (one batch): 4599.36572265625
Train CE loss (one batch): 0.0
Test MSE: 0.0096
Poisson likelihood: 0.0
CE loss: 0.0
Experiment 14790
Epoch 0208 [Test seq (cond on sampled tp)] | Loss 4807.743164 | Likelihood -4805.849121 | KL fp 5.3585 | FP STD 0.0085|
KL coef: 0.8632999950434019
Train loss (one batch): 4595.60205078125
Train CE loss (one batch): 0.0
Test MSE: 0.0096
Poisson likelihood: 0.0
CE loss: 0.0
Experiment 14790
Epoch 0209 [Test seq (cond on sampled tp)] | Loss 4796.519043 | Likelihood -4795.530762 | KL fp 5.4568 | FP STD 0.0078|
KL coef: 0.864666995092968
Train loss (one batch): 4592.2109375
Train CE loss (one batch): 0.0
Test MSE: 0.0096
Poisson likelihood: 0.0
CE loss: 0.0
Experiment 14790
Epoch 0210 [Test seq (cond on sampled tp)] | Loss 4785.381348 | Likelihood -4783.107910 | KL fp 5.4351 | FP STD 0.0079|
KL coef: 0.8660203251420383
Train loss (one batch): 4561.64697265625
Train CE loss (one batch): 0.0
Test MSE: 0.0096
Poisson likelihood: 0.0
CE loss: 0.0
Experiment 14790
Epoch 0211 [Test seq (cond on sampled tp)] | Loss 4770.149902 | Likelihood -4772.906738 | KL fp 5.3377 | FP STD 0.0086|
KL coef: 0.867360121890618
Train loss (one batch): 4568.84375
Train CE loss (one batch): 0.0
Test MSE: 0.0096
Poisson likelihood: 0.0
CE loss: 0.0
Experiment 14790
Epoch 0212 [Test seq (cond on sampled tp)] | Loss 4769.096680 | Likelihood -4772.033691 | KL fp 5.3309 | FP STD 0.0092|
KL coef: 0.8686865206717117
Train loss (one batch): 4562.873046875
Train CE loss (one batch): 0.0
Test MSE: 0.0096
Poisson likelihood: 0.0
CE loss: 0.0
Experiment 14790
Epoch 0213 [Test seq (cond on sampled tp)] | Loss 4753.390137 | Likelihood -4754.812012 | KL fp 5.4116 | FP STD 0.0082|
KL coef: 0.8699996554649946
Train loss (one batch): 4552.52294921875
Train CE loss (one batch): 0.0
Test MSE: 0.0095
Poisson likelihood: 0.0
CE loss: 0.0
Experiment 14790
Epoch 0214 [Test seq (cond on sampled tp)] | Loss 4756.260254 | Likelihood -4754.052734 | KL fp 5.3621 | FP STD 0.0082|
KL coef: 0.8712996589103447
Train loss (one batch): 4534.14892578125
Train CE loss (one batch): 0.0
Test MSE: 0.0095
Poisson likelihood: 0.0
CE loss: 0.0
Experiment 14790
Epoch 0215 [Test seq (cond on sampled tp)] | Loss 4741.798828 | Likelihood -4739.729004 | KL fp 5.4558 | FP STD 0.0077|
KL coef: 0.8725866623212413
Train loss (one batch): 4532.69580078125
Train CE loss (one batch): 0.0
Test MSE: 0.0095
Poisson likelihood: 0.0
CE loss: 0.0
Experiment 14790
Epoch 0216 [Test seq (cond on sampled tp)] | Loss 4739.845703 | Likelihood -4738.789062 | KL fp 5.2795 | FP STD 0.0089|
KL coef: 0.8738607956980289
Train loss (one batch): 4517.3359375
Train CE loss (one batch): 0.0
Test MSE: 0.0095
Poisson likelihood: 0.0
CE loss: 0.0
Experiment 14790
Epoch 0217 [Test seq (cond on sampled tp)] | Loss 4723.943359 | Likelihood -4727.390137 | KL fp 5.3277 | FP STD 0.0085|
KL coef: 0.8751221877410486
Train loss (one batch): 4514.32373046875
Train CE loss (one batch): 0.0
Test MSE: 0.0095
Poisson likelihood: 0.0
CE loss: 0.0
Experiment 14790
Epoch 0218 [Test seq (cond on sampled tp)] | Loss 4718.031738 | Likelihood -4715.783203 | KL fp 5.3846 | FP STD 0.0082|
KL coef: 0.876370965863638
Train loss (one batch): 4486.330078125
Train CE loss (one batch): 0.0
Test MSE: 0.0094
Poisson likelihood: 0.0
CE loss: 0.0
Experiment 14790
Epoch 0219 [Test seq (cond on sampled tp)] | Loss 4703.756348 | Likelihood -4704.281250 | KL fp 5.3142 | FP STD 0.0084|
KL coef: 0.8776072562050017
Train loss (one batch): 4478.6826171875
Train CE loss (one batch): 0.0
Test MSE: 0.0094
Poisson likelihood: 0.0
CE loss: 0.0
Experiment 14790
Epoch 0220 [Test seq (cond on sampled tp)] | Loss 4696.102051 | Likelihood -4695.460449 | KL fp 5.4281 | FP STD 0.0079|
KL coef: 0.8788311836429517
Train loss (one batch): 4477.14453125
Train CE loss (one batch): 0.0
Test MSE: 0.0094
Poisson likelihood: 0.0
CE loss: 0.0
Experiment 14790
Epoch 0221 [Test seq (cond on sampled tp)] | Loss 4678.765137 | Likelihood -4676.812012 | KL fp 5.4511 | FP STD 0.0078|
KL coef: 0.8800428718065221
Train loss (one batch): 4457.486328125
Train CE loss (one batch): 0.0
Test MSE: 0.0094
Poisson likelihood: 0.0
CE loss: 0.0
Experiment 14790
Epoch 0222 [Test seq (cond on sampled tp)] | Loss 4679.424805 | Likelihood -4682.442871 | KL fp 5.3425 | FP STD 0.0088|
KL coef: 0.8812424430884569
Train loss (one batch): 4479.7021484375
Train CE loss (one batch): 0.0
Test MSE: 0.0094
Poisson likelihood: 0.0
CE loss: 0.0
Experiment 14790
Epoch 0223 [Test seq (cond on sampled tp)] | Loss 4665.888672 | Likelihood -4667.199707 | KL fp 5.4817 | FP STD 0.0075|
KL coef: 0.8824300186575723
Train loss (one batch): 4450.09521484375
Train CE loss (one batch): 0.0
Test MSE: 0.0093
Poisson likelihood: 0.0
CE loss: 0.0
Experiment 14790
Epoch 0224 [Test seq (cond on sampled tp)] | Loss 4666.675293 | Likelihood -4662.976074 | KL fp 5.4542 | FP STD 0.0076|
KL coef: 0.8836057184709967
Train loss (one batch): 4433.451171875
Train CE loss (one batch): 0.0
Test MSE: 0.0093
Poisson likelihood: 0.0
CE loss: 0.0
Experiment 14790
Epoch 0225 [Test seq (cond on sampled tp)] | Loss 4653.316895 | Likelihood -4653.951660 | KL fp 5.3732 | FP STD 0.0082|
KL coef: 0.8847696612862866
Train loss (one batch): 4433.943359375
Train CE loss (one batch): 0.0
Test MSE: 0.0093
Poisson likelihood: 0.0
CE loss: 0.0
Experiment 14790
Epoch 0226 [Test seq (cond on sampled tp)] | Loss 4647.220703 | Likelihood -4646.141113 | KL fp 5.3500 | FP STD 0.0085|
KL coef: 0.8859219646734238
Train loss (one batch): 4439.08056640625
Train CE loss (one batch): 0.0
Test MSE: 0.0093
Poisson likelihood: 0.0
CE loss: 0.0
Experiment 14790
Epoch 0227 [Test seq (cond on sampled tp)] | Loss 4645.254395 | Likelihood -4644.062988 | KL fp 5.3203 | FP STD 0.0091|
KL coef: 0.8870627450266896
Train loss (one batch): 4419.07568359375
Train CE loss (one batch): 0.0
Test MSE: 0.0093
Poisson likelihood: 0.0
CE loss: 0.0
Experiment 14790
Epoch 0228 [Test seq (cond on sampled tp)] | Loss 4634.685547 | Likelihood -4632.282715 | KL fp 5.3604 | FP STD 0.0085|
KL coef: 0.8881921175764227
Train loss (one batch): 4398.79052734375
Train CE loss (one batch): 0.0
Test MSE: 0.0093
Poisson likelihood: 0.0
CE loss: 0.0
Experiment 14790
Epoch 0229 [Test seq (cond on sampled tp)] | Loss 4622.814941 | Likelihood -4623.647461 | KL fp 5.4443 | FP STD 0.0076|
KL coef: 0.8893101964006584
Train loss (one batch): 4397.29833984375
Train CE loss (one batch): 0.0
Test MSE: 0.0093
Poisson likelihood: 0.0
CE loss: 0.0
Experiment 14790
Epoch 0230 [Test seq (cond on sampled tp)] | Loss 4620.346191 | Likelihood -4617.742188 | KL fp 5.4620 | FP STD 0.0076|
KL coef: 0.8904170944366518
Train loss (one batch): 4393.19677734375
Train CE loss (one batch): 0.0
Test MSE: 0.0092
Poisson likelihood: 0.0
CE loss: 0.0
Experiment 14790
Epoch 0231 [Test seq (cond on sampled tp)] | Loss 4639.306641 | Likelihood -4637.868164 | KL fp 5.2271 | FP STD 0.0098|
KL coef: 0.8915129234922854
Train loss (one batch): 4408.26953125
Train CE loss (one batch): 0.0
Test MSE: 0.0093
Poisson likelihood: 0.0
CE loss: 0.0
Experiment 14790
Epoch 0232 [Test seq (cond on sampled tp)] | Loss 4605.095703 | Likelihood -4602.724121 | KL fp 5.4401 | FP STD 0.0076|
KL coef: 0.8925977942573625
Train loss (one batch): 4366.5068359375
Train CE loss (one batch): 0.0
Test MSE: 0.0092
Poisson likelihood: 0.0
CE loss: 0.0
Experiment 14790
Epoch 0233 [Test seq (cond on sampled tp)] | Loss 4592.529297 | Likelihood -4589.703613 | KL fp 5.5046 | FP STD 0.0072|
KL coef: 0.8936718163147889
Train loss (one batch): 4368.70361328125
Train CE loss (one batch): 0.0
Test MSE: 0.0092
Poisson likelihood: 0.0
CE loss: 0.0
Experiment 14790
Epoch 0234 [Test seq (cond on sampled tp)] | Loss 4589.266602 | Likelihood -4589.479004 | KL fp 5.4627 | FP STD 0.0076|
KL coef: 0.894735098151641
Train loss (one batch): 4364.96875
Train CE loss (one batch): 0.0
Test MSE: 0.0092
Poisson likelihood: 0.0
CE loss: 0.0
Experiment 14790
Epoch 0235 [Test seq (cond on sampled tp)] | Loss 4578.598145 | Likelihood -4576.152832 | KL fp 5.4122 | FP STD 0.0077|
KL coef: 0.8957877471701245
Train loss (one batch): 4349.52490234375
Train CE loss (one batch): 0.0
Test MSE: 0.0092
Poisson likelihood: 0.0
CE loss: 0.0
Experiment 14790
Epoch 0236 [Test seq (cond on sampled tp)] | Loss 4578.600098 | Likelihood -4575.584473 | KL fp 5.3294 | FP STD 0.0083|
KL coef: 0.8968298696984233
Train loss (one batch): 4341.375
Train CE loss (one batch): 0.0
Test MSE: 0.0092
Poisson likelihood: 0.0
CE loss: 0.0
Experiment 14790
Epoch 0237 [Test seq (cond on sampled tp)] | Loss 4566.042969 | Likelihood -4568.865723 | KL fp 5.3135 | FP STD 0.0086|
KL coef: 0.897861571001439
Train loss (one batch): 4337.37060546875
Train CE loss (one batch): 0.0
Test MSE: 0.0091
Poisson likelihood: 0.0
CE loss: 0.0
Experiment 14790
Epoch 0238 [Test seq (cond on sampled tp)] | Loss 4565.553223 | Likelihood -4563.242676 | KL fp 5.3794 | FP STD 0.0084|
KL coef: 0.8988829552914247
Train loss (one batch): 4319.12255859375
Train CE loss (one batch): 0.0
Test MSE: 0.0091
Poisson likelihood: 0.0
CE loss: 0.0
Experiment 14790
Epoch 0239 [Test seq (cond on sampled tp)] | Loss 4556.800781 | Likelihood -4555.808594 | KL fp 5.4432 | FP STD 0.0079|
KL coef: 0.8998941257385105
Train loss (one batch): 4319.94970703125
Train CE loss (one batch): 0.0
Test MSE: 0.0091
Poisson likelihood: 0.0
CE loss: 0.0
Experiment 14790
Epoch 0240 [Test seq (cond on sampled tp)] | Loss 4542.538574 | Likelihood -4544.887207 | KL fp 5.4153 | FP STD 0.0080|
KL coef: 0.9008951844811254
Train loss (one batch): 4311.87060546875
Train CE loss (one batch): 0.0
Test MSE: 0.0091
Poisson likelihood: 0.0
CE loss: 0.0
Experiment 14790
Epoch 0241 [Test seq (cond on sampled tp)] | Loss 4539.206055 | Likelihood -4538.385742 | KL fp 5.5059 | FP STD 0.0073|
KL coef: 0.9018862326363141
Train loss (one batch): 4302.38525390625
Train CE loss (one batch): 0.0
Test MSE: 0.0091
Poisson likelihood: 0.0
CE loss: 0.0
Experiment 14790
Epoch 0242 [Test seq (cond on sampled tp)] | Loss 4526.816406 | Likelihood -4526.559082 | KL fp 5.4117 | FP STD 0.0077|
KL coef: 0.902867370309951
Train loss (one batch): 4287.01953125
Train CE loss (one batch): 0.0
Test MSE: 0.0091
Poisson likelihood: 0.0
CE loss: 0.0
Experiment 14790
Epoch 0243 [Test seq (cond on sampled tp)] | Loss 4529.852539 | Likelihood -4528.116699 | KL fp 5.4432 | FP STD 0.0077|
KL coef: 0.9038386966068515
Train loss (one batch): 4281.9521484375
Train CE loss (one batch): 0.0
Test MSE: 0.0091
Poisson likelihood: 0.0
CE loss: 0.0
Experiment 14790
Epoch 0244 [Test seq (cond on sampled tp)] | Loss 4527.744141 | Likelihood -4527.293457 | KL fp 5.4532 | FP STD 0.0075|
KL coef: 0.904800309640783
Train loss (one batch): 4279.9267578125
Train CE loss (one batch): 0.0
Test MSE: 0.0091
Poisson likelihood: 0.0
CE loss: 0.0
Experiment 14790
Epoch 0245 [Test seq (cond on sampled tp)] | Loss 4514.505371 | Likelihood -4512.527832 | KL fp 5.3719 | FP STD 0.0081|
KL coef: 0.9057523065443751
Train loss (one batch): 4272.38427734375
Train CE loss (one batch): 0.0
Test MSE: 0.0090
Poisson likelihood: 0.0
CE loss: 0.0
Experiment 14790
Epoch 0246 [Test seq (cond on sampled tp)] | Loss 4508.333984 | Likelihood -4506.713379 | KL fp 5.4681 | FP STD 0.0074|
KL coef: 0.9066947834789314
Train loss (one batch): 4266.12548828125
Train CE loss (one batch): 0.0
Test MSE: 0.0090
Poisson likelihood: 0.0
CE loss: 0.0
Experiment 14790
Epoch 0247 [Test seq (cond on sampled tp)] | Loss 4499.125000 | Likelihood -4499.314941 | KL fp 5.5307 | FP STD 0.0074|
KL coef: 0.9076278356441421
Train loss (one batch): 4252.2109375
Train CE loss (one batch): 0.0
Test MSE: 0.0090
Poisson likelihood: 0.0
CE loss: 0.0
Experiment 14790
Epoch 0248 [Test seq (cond on sampled tp)] | Loss 4488.944336 | Likelihood -4485.770996 | KL fp 5.5056 | FP STD 0.0073|
KL coef: 0.9085515572877007
Train loss (one batch): 4251.5927734375
Train CE loss (one batch): 0.0
Test MSE: 0.0090
Poisson likelihood: 0.0
CE loss: 0.0
Experiment 14790
Epoch 0249 [Test seq (cond on sampled tp)] | Loss 4477.624023 | Likelihood -4479.012695 | KL fp 5.3478 | FP STD 0.0086|
KL coef: 0.9094660417148236
Train loss (one batch): 4250.39697265625
Train CE loss (one batch): 0.0
Test MSE: 0.0090
Poisson likelihood: 0.0
CE loss: 0.0
Experiment 14790
Epoch 0250 [Test seq (cond on sampled tp)] | Loss 4485.327637 | Likelihood -4485.416504 | KL fp 5.3635 | FP STD 0.0087|
KL coef: 0.9103713812976754
Train loss (one batch): 4245.12060546875
Train CE loss (one batch): 0.0
Test MSE: 0.0090
Poisson likelihood: 0.0
CE loss: 0.0
Experiment 14790
Epoch 0251 [Test seq (cond on sampled tp)] | Loss 4471.015625 | Likelihood -4470.019531 | KL fp 5.2478 | FP STD 0.0103|
KL coef: 0.9112676674846987
Train loss (one batch): 4229.208984375
Train CE loss (one batch): 0.0
Test MSE: 0.0090
Poisson likelihood: 0.0
CE loss: 0.0
Experiment 14790
Epoch 0252 [Test seq (cond on sampled tp)] | Loss 4462.167969 | Likelihood -4461.059570 | KL fp 5.4238 | FP STD 0.0085|
KL coef: 0.9121549908098516
Train loss (one batch): 4239.841796875
Train CE loss (one batch): 0.0
Test MSE: 0.0089
Poisson likelihood: 0.0
CE loss: 0.0
Experiment 14790
Epoch 0253 [Test seq (cond on sampled tp)] | Loss 4451.565918 | Likelihood -4450.031738 | KL fp 5.4767 | FP STD 0.0074|
KL coef: 0.9130334409017531
Train loss (one batch): 4209.34765625
Train CE loss (one batch): 0.0
Test MSE: 0.0089
Poisson likelihood: 0.0
CE loss: 0.0
Experiment 14790
Epoch 0254 [Test seq (cond on sampled tp)] | Loss 4442.825684 | Likelihood -4439.985840 | KL fp 5.5021 | FP STD 0.0072|
KL coef: 0.9139031064927357
Train loss (one batch): 4198.52685546875
Train CE loss (one batch): 0.0
Test MSE: 0.0089
Poisson likelihood: 0.0
CE loss: 0.0
Experiment 14790
Epoch 0255 [Test seq (cond on sampled tp)] | Loss 4439.207031 | Likelihood -4436.906738 | KL fp 5.4767 | FP STD 0.0073|
KL coef: 0.9147640754278082
Train loss (one batch): 4183.11767578125
Train CE loss (one batch): 0.0
Test MSE: 0.0089
Poisson likelihood: 0.0
CE loss: 0.0
Experiment 14790
Epoch 0256 [Test seq (cond on sampled tp)] | Loss 4435.574707 | Likelihood -4432.034668 | KL fp 5.5137 | FP STD 0.0070|
KL coef: 0.9156164346735302
Train loss (one batch): 4201.9267578125
Train CE loss (one batch): 0.0
Test MSE: 0.0089
Poisson likelihood: 0.0
CE loss: 0.0
Experiment 14790
Epoch 0257 [Test seq (cond on sampled tp)] | Loss 4433.094727 | Likelihood -4430.728027 | KL fp 5.5198 | FP STD 0.0071|
KL coef: 0.9164602703267949
Train loss (one batch): 4191.30126953125
Train CE loss (one batch): 0.0
Test MSE: 0.0089
Poisson likelihood: 0.0
CE loss: 0.0
Experiment 14790
Epoch 0258 [Test seq (cond on sampled tp)] | Loss 4427.087891 | Likelihood -4426.162109 | KL fp 5.4793 | FP STD 0.0075|
KL coef: 0.9172956676235269
Train loss (one batch): 4190.427734375
Train CE loss (one batch): 0.0
Test MSE: 0.0089
Poisson likelihood: 0.0
CE loss: 0.0
Experiment 14790
Epoch 0259 [Test seq (cond on sampled tp)] | Loss 4412.518555 | Likelihood -4411.373047 | KL fp 5.5077 | FP STD 0.0071|
KL coef: 0.9181227109472916
Train loss (one batch): 4174.7763671875
Train CE loss (one batch): 0.0
Test MSE: 0.0088
Poisson likelihood: 0.0
CE loss: 0.0
Experiment 14790
Epoch 0260 [Test seq (cond on sampled tp)] | Loss 4410.675293 | Likelihood -4412.199219 | KL fp 5.4373 | FP STD 0.0080|
KL coef: 0.9189414838378187
Train loss (one batch): 4183.52783203125
Train CE loss (one batch): 0.0
Test MSE: 0.0088
Poisson likelihood: 0.0
CE loss: 0.0
Experiment 14790
Epoch 0261 [Test seq (cond on sampled tp)] | Loss 4410.504395 | Likelihood -4410.217773 | KL fp 5.3197 | FP STD 0.0085|
KL coef: 0.9197520689994405
Train loss (one batch): 4181.03369140625
Train CE loss (one batch): 0.0
Test MSE: 0.0088
Poisson likelihood: 0.0
CE loss: 0.0
Experiment 14790
Epoch 0262 [Test seq (cond on sampled tp)] | Loss 4425.840820 | Likelihood -4426.658691 | KL fp 5.2970 | FP STD 0.0097|
KL coef: 0.9205545483094462
Train loss (one batch): 4181.205078125
Train CE loss (one batch): 0.0
Test MSE: 0.0089
Poisson likelihood: 0.0
CE loss: 0.0
Experiment 14790
Epoch 0263 [Test seq (cond on sampled tp)] | Loss 4420.963867 | Likelihood -4420.938965 | KL fp 5.4356 | FP STD 0.0090|
KL coef: 0.9213490028263517
Train loss (one batch): 4205.58935546875
Train CE loss (one batch): 0.0
Test MSE: 0.0089
Poisson likelihood: 0.0
CE loss: 0.0
Experiment 14790
Epoch 0264 [Test seq (cond on sampled tp)] | Loss 4406.124023 | Likelihood -4407.414551 | KL fp 5.3645 | FP STD 0.0091|
KL coef: 0.9221355127980881
Train loss (one batch): 4164.419921875
Train CE loss (one batch): 0.0
Test MSE: 0.0088
Poisson likelihood: 0.0
CE loss: 0.0
Experiment 14790
Epoch 0265 [Test seq (cond on sampled tp)] | Loss 4397.435059 | Likelihood -4400.936035 | KL fp 5.3899 | FP STD 0.0088|
KL coef: 0.9229141576701073
Train loss (one batch): 4154.6708984375
Train CE loss (one batch): 0.0
Test MSE: 0.0088
Poisson likelihood: 0.0
CE loss: 0.0
Experiment 14790
Epoch 0266 [Test seq (cond on sampled tp)] | Loss 4393.049805 | Likelihood -4392.462891 | KL fp 5.3732 | FP STD 0.0086|
KL coef: 0.9236850160934063
Train loss (one batch): 4160.7861328125
Train CE loss (one batch): 0.0
Test MSE: 0.0088
Poisson likelihood: 0.0
CE loss: 0.0
Experiment 14790
Epoch 0267 [Test seq (cond on sampled tp)] | Loss 4378.531738 | Likelihood -4377.991211 | KL fp 5.5004 | FP STD 0.0077|
KL coef: 0.9244481659324721
Train loss (one batch): 4152.7119140625
Train CE loss (one batch): 0.0
Test MSE: 0.0088
Poisson likelihood: 0.0
CE loss: 0.0
Experiment 14790
Epoch 0268 [Test seq (cond on sampled tp)] | Loss 4377.263184 | Likelihood -4379.519531 | KL fp 5.4232 | FP STD 0.0081|
KL coef: 0.9252036842731475
Train loss (one batch): 4147.19482421875
Train CE loss (one batch): 0.0
Test MSE: 0.0088
Poisson likelihood: 0.0
CE loss: 0.0
Experiment 14790
Epoch 0269 [Test seq (cond on sampled tp)] | Loss 4371.643555 | Likelihood -4369.400879 | KL fp 5.3423 | FP STD 0.0087|
KL coef: 0.9259516474304159
Train loss (one batch): 4153.70849609375
Train CE loss (one batch): 0.0
Test MSE: 0.0088
Poisson likelihood: 0.0
CE loss: 0.0
Experiment 14790
Epoch 0270 [Test seq (cond on sampled tp)] | Loss 4365.139160 | Likelihood -4363.437500 | KL fp 5.5427 | FP STD 0.0073|
KL coef: 0.9266921309561118
Train loss (one batch): 4139.22216796875
Train CE loss (one batch): 0.0
Test MSE: 0.0087
Poisson likelihood: 0.0
CE loss: 0.0
Experiment 14790
Epoch 0271 [Test seq (cond on sampled tp)] | Loss 4364.105957 | Likelihood -4362.474121 | KL fp 5.3373 | FP STD 0.0083|
KL coef: 0.9274252096465507
Train loss (one batch): 4136.71826171875
Train CE loss (one batch): 0.0
Test MSE: 0.0087
Poisson likelihood: 0.0
CE loss: 0.0
Experiment 14790
Epoch 0272 [Test seq (cond on sampled tp)] | Loss 4366.880859 | Likelihood -4363.392090 | KL fp 5.3690 | FP STD 0.0083|
KL coef: 0.9281509575500851
Train loss (one batch): 4140.84912109375
Train CE loss (one batch): 0.0
Test MSE: 0.0087
Poisson likelihood: 0.0
CE loss: 0.0
Experiment 14790
Epoch 0273 [Test seq (cond on sampled tp)] | Loss 4352.149902 | Likelihood -4354.204590 | KL fp 5.3784 | FP STD 0.0080|
KL coef: 0.9288694479745843
Train loss (one batch): 4130.25732421875
Train CE loss (one batch): 0.0
Test MSE: 0.0087
Poisson likelihood: 0.0
CE loss: 0.0
Experiment 14790
Epoch 0274 [Test seq (cond on sampled tp)] | Loss 4343.259766 | Likelihood -4346.752441 | KL fp 5.5576 | FP STD 0.0069|
KL coef: 0.9295807534948385
Train loss (one batch): 4135.125
Train CE loss (one batch): 0.0
Test MSE: 0.0087
Poisson likelihood: 0.0
CE loss: 0.0
Experiment 14790
Epoch 0275 [Test seq (cond on sampled tp)] | Loss 4357.683105 | Likelihood -4361.302734 | KL fp 5.3120 | FP STD 0.0086|
KL coef: 0.9302849459598901
Train loss (one batch): 4150.40478515625
Train CE loss (one batch): 0.0
Test MSE: 0.0087
Poisson likelihood: 0.0
CE loss: 0.0
Experiment 14790
Epoch 0276 [Test seq (cond on sampled tp)] | Loss 4341.542480 | Likelihood -4340.509766 | KL fp 5.4924 | FP STD 0.0070|
KL coef: 0.9309820965002912
Train loss (one batch): 4137.220703125
Train CE loss (one batch): 0.0
Test MSE: 0.0087
Poisson likelihood: 0.0
CE loss: 0.0
Experiment 14790
Epoch 0277 [Test seq (cond on sampled tp)] | Loss 4338.758301 | Likelihood -4337.826660 | KL fp 5.5460 | FP STD 0.0067|
KL coef: 0.9316722755352883
Train loss (one batch): 4119.4453125
Train CE loss (one batch): 0.0
Test MSE: 0.0087
Poisson likelihood: 0.0
CE loss: 0.0
Experiment 14790
Epoch 0278 [Test seq (cond on sampled tp)] | Loss 4336.096191 | Likelihood -4335.500488 | KL fp 5.4577 | FP STD 0.0071|
KL coef: 0.9323555527799354
Train loss (one batch): 4111.19482421875
Train CE loss (one batch): 0.0
Test MSE: 0.0087
Poisson likelihood: 0.0
CE loss: 0.0
Experiment 14790
Epoch 0279 [Test seq (cond on sampled tp)] | Loss 4332.958008 | Likelihood -4334.660645 | KL fp 5.3765 | FP STD 0.0078|
KL coef: 0.933031997252136
Train loss (one batch): 4105.3994140625
Train CE loss (one batch): 0.0
Test MSE: 0.0087
Poisson likelihood: 0.0
CE loss: 0.0
Experiment 14790
Epoch 0280 [Test seq (cond on sampled tp)] | Loss 4326.177734 | Likelihood -4325.154297 | KL fp 5.4941 | FP STD 0.0070|
KL coef: 0.9337016772796147
Train loss (one batch): 4099.380859375
Train CE loss (one batch): 0.0
Test MSE: 0.0087
Poisson likelihood: 0.0
CE loss: 0.0
Experiment 14790
Epoch 0281 [Test seq (cond on sampled tp)] | Loss 4327.561035 | Likelihood -4327.305664 | KL fp 5.4951 | FP STD 0.0069|
KL coef: 0.9343646605068185
Train loss (one batch): 4101.04931640625
Train CE loss (one batch): 0.0
Test MSE: 0.0087
Poisson likelihood: 0.0
CE loss: 0.0
Experiment 14790
Epoch 0282 [Test seq (cond on sampled tp)] | Loss 4320.804688 | Likelihood -4318.136230 | KL fp 5.5524 | FP STD 0.0067|
KL coef: 0.9350210139017503
Train loss (one batch): 4099.9931640625
Train CE loss (one batch): 0.0
Test MSE: 0.0086
Poisson likelihood: 0.0
CE loss: 0.0
Experiment 14790
Epoch 0283 [Test seq (cond on sampled tp)] | Loss 4312.728027 | Likelihood -4309.442871 | KL fp 5.5733 | FP STD 0.0066|
KL coef: 0.9356708037627328
Train loss (one batch): 4096.37646484375
Train CE loss (one batch): 0.0
Test MSE: 0.0086
Poisson likelihood: 0.0
CE loss: 0.0
Experiment 14790
Epoch 0284 [Test seq (cond on sampled tp)] | Loss 4311.049805 | Likelihood -4306.959473 | KL fp 5.6375 | FP STD 0.0062|
KL coef: 0.9363140957251055
Train loss (one batch): 4082.476318359375
Train CE loss (one batch): 0.0
Test MSE: 0.0086
Poisson likelihood: 0.0
CE loss: 0.0
Experiment 14790
Epoch 0285 [Test seq (cond on sampled tp)] | Loss 4313.817871 | Likelihood -4309.914551 | KL fp 5.5624 | FP STD 0.0067|
KL coef: 0.9369509547678545
Train loss (one batch): 4087.555419921875
Train CE loss (one batch): 0.0
Test MSE: 0.0086
Poisson likelihood: 0.0
CE loss: 0.0
Experiment 14790
Epoch 0286 [Test seq (cond on sampled tp)] | Loss 4313.022949 | Likelihood -4309.596191 | KL fp 5.5120 | FP STD 0.0072|
KL coef: 0.937581445220176
Train loss (one batch): 4069.65869140625
Train CE loss (one batch): 0.0
Test MSE: 0.0086
Poisson likelihood: 0.0
CE loss: 0.0
Experiment 14790
Epoch 0287 [Test seq (cond on sampled tp)] | Loss 4299.340820 | Likelihood -4299.789551 | KL fp 5.5034 | FP STD 0.0071|
KL coef: 0.9382056307679741
Train loss (one batch): 4073.944091796875
Train CE loss (one batch): 0.0
Test MSE: 0.0086
Poisson likelihood: 0.0
CE loss: 0.0
Experiment 14790
Epoch 0288 [Test seq (cond on sampled tp)] | Loss 4292.956055 | Likelihood -4290.432129 | KL fp 5.5651 | FP STD 0.0066|
KL coef: 0.9388235744602944
Train loss (one batch): 4078.343994140625
Train CE loss (one batch): 0.0
Test MSE: 0.0086
Poisson likelihood: 0.0
CE loss: 0.0
Experiment 14790
Epoch 0289 [Test seq (cond on sampled tp)] | Loss 4299.357422 | Likelihood -4296.172363 | KL fp 5.5948 | FP STD 0.0064|
KL coef: 0.9394353387156915
Train loss (one batch): 4072.858154296875
Train CE loss (one batch): 0.0
Test MSE: 0.0086
Poisson likelihood: 0.0
CE loss: 0.0
Experiment 14790
Epoch 0290 [Test seq (cond on sampled tp)] | Loss 4296.552734 | Likelihood -4292.456543 | KL fp 5.5758 | FP STD 0.0065|
KL coef: 0.9400409853285345
Train loss (one batch): 4072.0400390625
Train CE loss (one batch): 0.0
Test MSE: 0.0086
Poisson likelihood: 0.0
CE loss: 0.0
Experiment 14790
Epoch 0291 [Test seq (cond on sampled tp)] | Loss 4292.801270 | Likelihood -4289.604004 | KL fp 5.5649 | FP STD 0.0066|
KL coef: 0.9406405754752493
Train loss (one batch): 4067.112060546875
Train CE loss (one batch): 0.0
Test MSE: 0.0086
Poisson likelihood: 0.0
CE loss: 0.0
Experiment 14790
Epoch 0292 [Test seq (cond on sampled tp)] | Loss 4287.729492 | Likelihood -4285.587402 | KL fp 5.5026 | FP STD 0.0070|
KL coef: 0.9412341697204967
Train loss (one batch): 4073.4072265625
Train CE loss (one batch): 0.0
Test MSE: 0.0086
Poisson likelihood: 0.0
CE loss: 0.0
Experiment 14790
Epoch 0293 [Test seq (cond on sampled tp)] | Loss 4295.127930 | Likelihood -4299.472656 | KL fp 5.2925 | FP STD 0.0095|
KL coef: 0.9418218280232917
Train loss (one batch): 4063.203369140625
Train CE loss (one batch): 0.0
Test MSE: 0.0086
Poisson likelihood: 0.0
CE loss: 0.0
Experiment 14790
Epoch 0294 [Test seq (cond on sampled tp)] | Loss 4291.100586 | Likelihood -4289.222656 | KL fp 5.4391 | FP STD 0.0081|
KL coef: 0.9424036097430588
Train loss (one batch): 4029.942626953125
Train CE loss (one batch): 0.0
Test MSE: 0.0086
Poisson likelihood: 0.0
CE loss: 0.0
Experiment 14790
Epoch 0295 [Test seq (cond on sampled tp)] | Loss 4270.564453 | Likelihood -4268.389160 | KL fp 5.5586 | FP STD 0.0071|
KL coef: 0.9429795736456282
Train loss (one batch): 4046.075927734375
Train CE loss (one batch): 0.0
Test MSE: 0.0085
Poisson likelihood: 0.0
CE loss: 0.0
Experiment 14790
Epoch 0296 [Test seq (cond on sampled tp)] | Loss 4264.674805 | Likelihood -4263.309082 | KL fp 5.4755 | FP STD 0.0073|
KL coef: 0.9435497779091719
Train loss (one batch): 4029.89501953125
Train CE loss (one batch): 0.0
Test MSE: 0.0085
Poisson likelihood: 0.0
CE loss: 0.0
Experiment 14790
Epoch 0297 [Test seq (cond on sampled tp)] | Loss 4271.453613 | Likelihood -4269.350586 | KL fp 5.4135 | FP STD 0.0076|
KL coef: 0.9441142801300803
Train loss (one batch): 4044.92236328125
Train CE loss (one batch): 0.0
Test MSE: 0.0086
Poisson likelihood: 0.0
CE loss: 0.0
Experiment 14790
Epoch 0298 [Test seq (cond on sampled tp)] | Loss 4258.125977 | Likelihood -4256.265625 | KL fp 5.4345 | FP STD 0.0077|
KL coef: 0.9446731373287794
Train loss (one batch): 4027.96044921875
Train CE loss (one batch): 0.0
Test MSE: 0.0085
Poisson likelihood: 0.0
CE loss: 0.0
Experiment 14790
Epoch 0299 [Test seq (cond on sampled tp)] | Loss 4263.349609 | Likelihood -4261.639160 | KL fp 5.4585 | FP STD 0.0075|
KL coef: 0.9452264059554917
Train loss (one batch): 4020.748291015625
Train CE loss (one batch): 0.0
Test MSE: 0.0085
Poisson likelihood: 0.0
CE loss: 0.0
Experiment 14790
Epoch 0300 [Test seq (cond on sampled tp)] | Loss 4275.048828 | Likelihood -4272.402344 | KL fp 5.4889 | FP STD 0.0073|
KL coef: 0.9457741418959368
Train loss (one batch): 4026.008056640625
Train CE loss (one batch): 0.0
Test MSE: 0.0086
Poisson likelihood: 0.0
CE loss: 0.0
