/Users/deyiliu/Dropbox/UNC/G4/Spring/790/code/latent_ode-master/run_models.py
run_models.py --niters 300 -n 1000 -l 15 --dataset hopper --latent-ode --z0-encoder rnn -r 2000
Experiment 30778
Epoch 0001 [Test seq (cond on sampled tp)] | Loss 35638.445312 | Likelihood -35809.144531 | KL fp 3.0297 | FP STD 0.0888|
KL coef: 0.0
Train loss (one batch): 37164.3984375
Train CE loss (one batch): 0.0
Test MSE: 0.0716
Poisson likelihood: 0.0
CE loss: 0.0
Experiment 30778
Epoch 0002 [Test seq (cond on sampled tp)] | Loss 30199.054688 | Likelihood -30311.367188 | KL fp 3.4456 | FP STD 0.0691|
KL coef: 0.0
Train loss (one batch): 29258.568359375
Train CE loss (one batch): 0.0
Test MSE: 0.0606
Poisson likelihood: 0.0
CE loss: 0.0
Experiment 30778
Epoch 0003 [Test seq (cond on sampled tp)] | Loss 27968.275391 | Likelihood -28014.687500 | KL fp 3.5685 | FP STD 0.0541|
KL coef: 0.0
Train loss (one batch): 27815.69140625
Train CE loss (one batch): 0.0
Test MSE: 0.0560
Poisson likelihood: 0.0
CE loss: 0.0
Experiment 30778
Epoch 0004 [Test seq (cond on sampled tp)] | Loss 27154.738281 | Likelihood -27428.701172 | KL fp 3.8974 | FP STD 0.0494|
KL coef: 0.0
Train loss (one batch): 26782.79296875
Train CE loss (one batch): 0.0
Test MSE: 0.0549
Poisson likelihood: 0.0
CE loss: 0.0
Experiment 30778
Epoch 0005 [Test seq (cond on sampled tp)] | Loss 26565.037109 | Likelihood -26696.304688 | KL fp 4.2513 | FP STD 0.0300|
KL coef: 0.0
Train loss (one batch): 26087.78515625
Train CE loss (one batch): 0.0
Test MSE: 0.0534
Poisson likelihood: 0.0
CE loss: 0.0
Experiment 30778
Epoch 0006 [Test seq (cond on sampled tp)] | Loss 25609.287109 | Likelihood -25615.242188 | KL fp 4.0707 | FP STD 0.0324|
KL coef: 0.0
Train loss (one batch): 25012.306640625
Train CE loss (one batch): 0.0
Test MSE: 0.0512
Poisson likelihood: 0.0
CE loss: 0.0
Experiment 30778
Epoch 0007 [Test seq (cond on sampled tp)] | Loss 23799.669922 | Likelihood -23873.482422 | KL fp 3.8046 | FP STD 0.0391|
KL coef: 0.0
Train loss (one batch): 23560.943359375
Train CE loss (one batch): 0.0
Test MSE: 0.0478
Poisson likelihood: 0.0
CE loss: 0.0
Experiment 30778
Epoch 0008 [Test seq (cond on sampled tp)] | Loss 22158.001953 | Likelihood -22224.806641 | KL fp 3.9054 | FP STD 0.0406|
KL coef: 0.0
Train loss (one batch): 21864.349609375
Train CE loss (one batch): 0.0
Test MSE: 0.0445
Poisson likelihood: 0.0
CE loss: 0.0
Experiment 30778
Epoch 0009 [Test seq (cond on sampled tp)] | Loss 21082.435547 | Likelihood -21112.361328 | KL fp 4.2535 | FP STD 0.0257|
KL coef: 0.0
Train loss (one batch): 20735.802734375
Train CE loss (one batch): 0.0
Test MSE: 0.0422
Poisson likelihood: 0.0
CE loss: 0.0
Experiment 30778
Epoch 0010 [Test seq (cond on sampled tp)] | Loss 20692.316406 | Likelihood -20734.900391 | KL fp 3.9900 | FP STD 0.0319|
KL coef: 0.0
Train loss (one batch): 20052.3203125
Train CE loss (one batch): 0.0
Test MSE: 0.0415
Poisson likelihood: 0.0
CE loss: 0.0
Experiment 30778
Epoch 0011 [Test seq (cond on sampled tp)] | Loss 20361.638672 | Likelihood -20409.943359 | KL fp 4.4637 | FP STD 0.0228|
KL coef: 0.010000000000000009
Train loss (one batch): 19414.556640625
Train CE loss (one batch): 0.0
Test MSE: 0.0408
Poisson likelihood: 0.0
CE loss: 0.0
Experiment 30778
Epoch 0012 [Test seq (cond on sampled tp)] | Loss 20126.296875 | Likelihood -20133.193359 | KL fp 4.3460 | FP STD 0.0256|
KL coef: 0.01990000000000003
Train loss (one batch): 18931.826171875
Train CE loss (one batch): 0.0
Test MSE: 0.0403
Poisson likelihood: 0.0
CE loss: 0.0
Experiment 30778
Epoch 0013 [Test seq (cond on sampled tp)] | Loss 19894.060547 | Likelihood -19950.839844 | KL fp 4.2088 | FP STD 0.0300|
KL coef: 0.029700999999999977
Train loss (one batch): 18636.5625
Train CE loss (one batch): 0.0
Test MSE: 0.0399
Poisson likelihood: 0.0
CE loss: 0.0
Experiment 30778
Epoch 0014 [Test seq (cond on sampled tp)] | Loss 19859.087891 | Likelihood -19939.126953 | KL fp 3.9355 | FP STD 0.0380|
KL coef: 0.039403990000000055
Train loss (one batch): 18487.912109375
Train CE loss (one batch): 0.0
Test MSE: 0.0399
Poisson likelihood: 0.0
CE loss: 0.0
Experiment 30778
Epoch 0015 [Test seq (cond on sampled tp)] | Loss 19556.041016 | Likelihood -19576.171875 | KL fp 4.5107 | FP STD 0.0238|
KL coef: 0.04900995010000009
Train loss (one batch): 18096.61328125
Train CE loss (one batch): 0.0
Test MSE: 0.0392
Poisson likelihood: 0.0
CE loss: 0.0
Experiment 30778
Epoch 0016 [Test seq (cond on sampled tp)] | Loss 19468.769531 | Likelihood -19494.632812 | KL fp 3.9420 | FP STD 0.0351|
KL coef: 0.058519850599
Train loss (one batch): 17689.29296875
Train CE loss (one batch): 0.0
Test MSE: 0.0390
Poisson likelihood: 0.0
CE loss: 0.0
Experiment 30778
Epoch 0017 [Test seq (cond on sampled tp)] | Loss 19246.541016 | Likelihood -19256.125000 | KL fp 4.0104 | FP STD 0.0347|
KL coef: 0.06793465209301008
Train loss (one batch): 17690.833984375
Train CE loss (one batch): 0.0
Test MSE: 0.0385
Poisson likelihood: 0.0
CE loss: 0.0
Experiment 30778
Epoch 0018 [Test seq (cond on sampled tp)] | Loss 18917.533203 | Likelihood -18979.492188 | KL fp 3.8150 | FP STD 0.0438|
KL coef: 0.07725530557207994
Train loss (one batch): 17392.859375
Train CE loss (one batch): 0.0
Test MSE: 0.0380
Poisson likelihood: 0.0
CE loss: 0.0
Experiment 30778
Epoch 0019 [Test seq (cond on sampled tp)] | Loss 18517.716797 | Likelihood -18537.474609 | KL fp 3.9760 | FP STD 0.0334|
KL coef: 0.08648275251635917
Train loss (one batch): 16859.34765625
Train CE loss (one batch): 0.0
Test MSE: 0.0371
Poisson likelihood: 0.0
CE loss: 0.0
Experiment 30778
Epoch 0020 [Test seq (cond on sampled tp)] | Loss 18177.390625 | Likelihood -18188.144531 | KL fp 4.1614 | FP STD 0.0312|
KL coef: 0.09561792499119559
Train loss (one batch): 16519.396484375
Train CE loss (one batch): 0.0
Test MSE: 0.0364
Poisson likelihood: 0.0
CE loss: 0.0
Experiment 30778
Epoch 0021 [Test seq (cond on sampled tp)] | Loss 17828.857422 | Likelihood -17874.123047 | KL fp 4.2556 | FP STD 0.0283|
KL coef: 0.10466174574128362
Train loss (one batch): 16072.3203125
Train CE loss (one batch): 0.0
Test MSE: 0.0358
Poisson likelihood: 0.0
CE loss: 0.0
Experiment 30778
Epoch 0022 [Test seq (cond on sampled tp)] | Loss 17394.453125 | Likelihood -17446.693359 | KL fp 4.3188 | FP STD 0.0249|
KL coef: 0.11361512828387077
Train loss (one batch): 15778.951171875
Train CE loss (one batch): 0.0
Test MSE: 0.0349
Poisson likelihood: 0.0
CE loss: 0.0
Experiment 30778
Epoch 0023 [Test seq (cond on sampled tp)] | Loss 17000.445312 | Likelihood -17040.796875 | KL fp 4.3329 | FP STD 0.0251|
KL coef: 0.12247897700103216
Train loss (one batch): 15566.548828125
Train CE loss (one batch): 0.0
Test MSE: 0.0341
Poisson likelihood: 0.0
CE loss: 0.0
Experiment 30778
Epoch 0024 [Test seq (cond on sampled tp)] | Loss 16779.490234 | Likelihood -16782.279297 | KL fp 4.3671 | FP STD 0.0241|
KL coef: 0.13125418723102178
Train loss (one batch): 15149.51171875
Train CE loss (one batch): 0.0
Test MSE: 0.0336
Poisson likelihood: 0.0
CE loss: 0.0
Experiment 30778
Epoch 0025 [Test seq (cond on sampled tp)] | Loss 16429.720703 | Likelihood -16477.470703 | KL fp 4.3470 | FP STD 0.0250|
KL coef: 0.13994164535871156
Train loss (one batch): 14739.5322265625
Train CE loss (one batch): 0.0
Test MSE: 0.0330
Poisson likelihood: 0.0
CE loss: 0.0
Experiment 30778
Epoch 0026 [Test seq (cond on sampled tp)] | Loss 16139.836914 | Likelihood -16167.285156 | KL fp 4.1574 | FP STD 0.0285|
KL coef: 0.14854222890512447
Train loss (one batch): 14639.4755859375
Train CE loss (one batch): 0.0
Test MSE: 0.0323
Poisson likelihood: 0.0
CE loss: 0.0
Experiment 30778
Epoch 0027 [Test seq (cond on sampled tp)] | Loss 15807.902344 | Likelihood -15840.877930 | KL fp 4.3577 | FP STD 0.0231|
KL coef: 0.15705680661607324
Train loss (one batch): 14224.359375
Train CE loss (one batch): 0.0
Test MSE: 0.0317
Poisson likelihood: 0.0
CE loss: 0.0
Experiment 30778
Epoch 0028 [Test seq (cond on sampled tp)] | Loss 15503.508789 | Likelihood -15533.191406 | KL fp 4.1563 | FP STD 0.0284|
KL coef: 0.1654862385499125
Train loss (one batch): 13945.03515625
Train CE loss (one batch): 0.0
Test MSE: 0.0311
Poisson likelihood: 0.0
CE loss: 0.0
Experiment 30778
Epoch 0029 [Test seq (cond on sampled tp)] | Loss 15134.987305 | Likelihood -15165.825195 | KL fp 4.3734 | FP STD 0.0235|
KL coef: 0.17383137616441335
Train loss (one batch): 13495.76953125
Train CE loss (one batch): 0.0
Test MSE: 0.0303
Poisson likelihood: 0.0
CE loss: 0.0
Experiment 30778
Epoch 0030 [Test seq (cond on sampled tp)] | Loss 14813.863281 | Likelihood -14827.336914 | KL fp 4.4816 | FP STD 0.0216|
KL coef: 0.18209306240276923
Train loss (one batch): 13225.908203125
Train CE loss (one batch): 0.0
Test MSE: 0.0297
Poisson likelihood: 0.0
CE loss: 0.0
Experiment 30778
Epoch 0031 [Test seq (cond on sampled tp)] | Loss 14432.154297 | Likelihood -14443.723633 | KL fp 4.4564 | FP STD 0.0216|
KL coef: 0.19027213177874158
Train loss (one batch): 12888.6806640625
Train CE loss (one batch): 0.0
Test MSE: 0.0289
Poisson likelihood: 0.0
CE loss: 0.0
Experiment 30778
Epoch 0032 [Test seq (cond on sampled tp)] | Loss 14046.764648 | Likelihood -14052.940430 | KL fp 4.5863 | FP STD 0.0190|
KL coef: 0.19836941046095413
Train loss (one batch): 12524.0703125
Train CE loss (one batch): 0.0
Test MSE: 0.0281
Poisson likelihood: 0.0
CE loss: 0.0
Experiment 30778
Epoch 0033 [Test seq (cond on sampled tp)] | Loss 13778.028320 | Likelihood -13784.700195 | KL fp 4.5696 | FP STD 0.0192|
KL coef: 0.20638571635634462
Train loss (one batch): 12115.62109375
Train CE loss (one batch): 0.0
Test MSE: 0.0276
Poisson likelihood: 0.0
CE loss: 0.0
Experiment 30778
Epoch 0034 [Test seq (cond on sampled tp)] | Loss 13495.659180 | Likelihood -13511.635742 | KL fp 4.5720 | FP STD 0.0197|
KL coef: 0.21432185919278124
Train loss (one batch): 11805.158203125
Train CE loss (one batch): 0.0
Test MSE: 0.0270
Poisson likelihood: 0.0
CE loss: 0.0
Experiment 30778
Epoch 0035 [Test seq (cond on sampled tp)] | Loss 13204.564453 | Likelihood -13222.678711 | KL fp 4.6633 | FP STD 0.0174|
KL coef: 0.22217864060085335
Train loss (one batch): 11516.5322265625
Train CE loss (one batch): 0.0
Test MSE: 0.0265
Poisson likelihood: 0.0
CE loss: 0.0
Experiment 30778
Epoch 0036 [Test seq (cond on sampled tp)] | Loss 13015.832031 | Likelihood -13046.491211 | KL fp 4.5741 | FP STD 0.0199|
KL coef: 0.2299568541948449
Train loss (one batch): 11303.65234375
Train CE loss (one batch): 0.0
Test MSE: 0.0261
Poisson likelihood: 0.0
CE loss: 0.0
Experiment 30778
Epoch 0037 [Test seq (cond on sampled tp)] | Loss 12881.610352 | Likelihood -12900.831055 | KL fp 4.5022 | FP STD 0.0212|
KL coef: 0.23765728565289646
Train loss (one batch): 11211.8994140625
Train CE loss (one batch): 0.0
Test MSE: 0.0258
Poisson likelihood: 0.0
CE loss: 0.0
Experiment 30778
Epoch 0038 [Test seq (cond on sampled tp)] | Loss 12749.092773 | Likelihood -12769.997070 | KL fp 4.6001 | FP STD 0.0197|
KL coef: 0.24528071279636743
Train loss (one batch): 11044.291015625
Train CE loss (one batch): 0.0
Test MSE: 0.0256
Poisson likelihood: 0.0
CE loss: 0.0
Experiment 30778
Epoch 0039 [Test seq (cond on sampled tp)] | Loss 12555.850586 | Likelihood -12570.686523 | KL fp 4.7965 | FP STD 0.0155|
KL coef: 0.25282790566840385
Train loss (one batch): 10839.671875
Train CE loss (one batch): 0.0
Test MSE: 0.0252
Poisson likelihood: 0.0
CE loss: 0.0
Experiment 30778
Epoch 0040 [Test seq (cond on sampled tp)] | Loss 12427.925781 | Likelihood -12451.151367 | KL fp 4.8147 | FP STD 0.0153|
KL coef: 0.2602996266117198
Train loss (one batch): 10695.4541015625
Train CE loss (one batch): 0.0
Test MSE: 0.0249
Poisson likelihood: 0.0
CE loss: 0.0
Experiment 30778
Epoch 0041 [Test seq (cond on sampled tp)] | Loss 12346.376953 | Likelihood -12357.311523 | KL fp 4.6213 | FP STD 0.0198|
KL coef: 0.26769663034560254
Train loss (one batch): 10506.6396484375
Train CE loss (one batch): 0.0
Test MSE: 0.0247
Poisson likelihood: 0.0
CE loss: 0.0
Experiment 30778
Epoch 0042 [Test seq (cond on sampled tp)] | Loss 12192.081055 | Likelihood -12203.090820 | KL fp 4.6020 | FP STD 0.0184|
KL coef: 0.2750196640421466
Train loss (one batch): 10450.33984375
Train CE loss (one batch): 0.0
Test MSE: 0.0244
Poisson likelihood: 0.0
CE loss: 0.0
Experiment 30778
Epoch 0043 [Test seq (cond on sampled tp)] | Loss 12070.148438 | Likelihood -12075.586914 | KL fp 4.7613 | FP STD 0.0159|
KL coef: 0.2822694674017251
Train loss (one batch): 10273.6826171875
Train CE loss (one batch): 0.0
Test MSE: 0.0242
Poisson likelihood: 0.0
CE loss: 0.0
Experiment 30778
Epoch 0044 [Test seq (cond on sampled tp)] | Loss 11916.401367 | Likelihood -11918.657227 | KL fp 4.6678 | FP STD 0.0169|
KL coef: 0.2894467727277079
Train loss (one batch): 10150.419921875
Train CE loss (one batch): 0.0
Test MSE: 0.0238
Poisson likelihood: 0.0
CE loss: 0.0
Experiment 30778
Epoch 0045 [Test seq (cond on sampled tp)] | Loss 11788.799805 | Likelihood -11798.785156 | KL fp 4.8136 | FP STD 0.0168|
KL coef: 0.29655230500043084
Train loss (one batch): 10020.8232421875
Train CE loss (one batch): 0.0
Test MSE: 0.0236
Poisson likelihood: 0.0
CE loss: 0.0
Experiment 30778
Epoch 0046 [Test seq (cond on sampled tp)] | Loss 11656.375000 | Likelihood -11666.577148 | KL fp 4.7621 | FP STD 0.0166|
KL coef: 0.30358678195042654
Train loss (one batch): 9926.8408203125
Train CE loss (one batch): 0.0
Test MSE: 0.0233
Poisson likelihood: 0.0
CE loss: 0.0
Experiment 30778
Epoch 0047 [Test seq (cond on sampled tp)] | Loss 11493.970703 | Likelihood -11504.045898 | KL fp 4.6961 | FP STD 0.0170|
KL coef: 0.3105509141309223
Train loss (one batch): 9731.4453125
Train CE loss (one batch): 0.0
Test MSE: 0.0230
Poisson likelihood: 0.0
CE loss: 0.0
Experiment 30778
Epoch 0048 [Test seq (cond on sampled tp)] | Loss 11323.431641 | Likelihood -11325.844727 | KL fp 4.8724 | FP STD 0.0152|
KL coef: 0.31744540498961304
Train loss (one batch): 9556.6630859375
Train CE loss (one batch): 0.0
Test MSE: 0.0227
Poisson likelihood: 0.0
CE loss: 0.0
Experiment 30778
Epoch 0049 [Test seq (cond on sampled tp)] | Loss 11209.948242 | Likelihood -11217.006836 | KL fp 4.6604 | FP STD 0.0182|
KL coef: 0.3242709509397169
Train loss (one batch): 9443.107421875
Train CE loss (one batch): 0.0
Test MSE: 0.0224
Poisson likelihood: 0.0
CE loss: 0.0
Experiment 30778
Epoch 0050 [Test seq (cond on sampled tp)] | Loss 11002.284180 | Likelihood -11015.788086 | KL fp 4.7729 | FP STD 0.0165|
KL coef: 0.3310282414303197
Train loss (one batch): 9263.462890625
Train CE loss (one batch): 0.0
Test MSE: 0.0220
Poisson likelihood: 0.0
CE loss: 0.0
Experiment 30778
Epoch 0051 [Test seq (cond on sampled tp)] | Loss 10832.752930 | Likelihood -10849.436523 | KL fp 4.8196 | FP STD 0.0161|
KL coef: 0.33771795901601653
Train loss (one batch): 9064.9228515625
Train CE loss (one batch): 0.0
Test MSE: 0.0217
Poisson likelihood: 0.0
CE loss: 0.0
Experiment 30778
Epoch 0052 [Test seq (cond on sampled tp)] | Loss 10683.371094 | Likelihood -10687.469727 | KL fp 4.7185 | FP STD 0.0177|
KL coef: 0.3443407794258564
Train loss (one batch): 8952.8251953125
Train CE loss (one batch): 0.0
Test MSE: 0.0214
Poisson likelihood: 0.0
CE loss: 0.0
Experiment 30778
Epoch 0053 [Test seq (cond on sampled tp)] | Loss 10579.045898 | Likelihood -10588.262695 | KL fp 4.7052 | FP STD 0.0177|
KL coef: 0.35089737163159784
Train loss (one batch): 8794.6767578125
Train CE loss (one batch): 0.0
Test MSE: 0.0212
Poisson likelihood: 0.0
CE loss: 0.0
Experiment 30778
Epoch 0054 [Test seq (cond on sampled tp)] | Loss 10510.085938 | Likelihood -10516.461914 | KL fp 4.4782 | FP STD 0.0228|
KL coef: 0.3573883979152819
Train loss (one batch): 8614.1005859375
Train CE loss (one batch): 0.0
Test MSE: 0.0210
Poisson likelihood: 0.0
CE loss: 0.0
Experiment 30778
Epoch 0055 [Test seq (cond on sampled tp)] | Loss 10312.696289 | Likelihood -10331.666992 | KL fp 4.7669 | FP STD 0.0165|
KL coef: 0.36381451393612907
Train loss (one batch): 8511.4833984375
Train CE loss (one batch): 0.0
Test MSE: 0.0207
Poisson likelihood: 0.0
CE loss: 0.0
Experiment 30778
Epoch 0056 [Test seq (cond on sampled tp)] | Loss 10248.982422 | Likelihood -10251.595703 | KL fp 4.6887 | FP STD 0.0178|
KL coef: 0.37017636879676774
Train loss (one batch): 8420.396484375
Train CE loss (one batch): 0.0
Test MSE: 0.0205
Poisson likelihood: 0.0
CE loss: 0.0
Experiment 30778
Epoch 0057 [Test seq (cond on sampled tp)] | Loss 10121.641602 | Likelihood -10144.519531 | KL fp 4.6561 | FP STD 0.0178|
KL coef: 0.37647460510880004
Train loss (one batch): 8328.19921875
Train CE loss (one batch): 0.0
Test MSE: 0.0203
Poisson likelihood: 0.0
CE loss: 0.0
Experiment 30778
Epoch 0058 [Test seq (cond on sampled tp)] | Loss 10019.092773 | Likelihood -10047.351562 | KL fp 4.8344 | FP STD 0.0149|
KL coef: 0.38270985905771204
Train loss (one batch): 8202.7861328125
Train CE loss (one batch): 0.0
Test MSE: 0.0201
Poisson likelihood: 0.0
CE loss: 0.0
Experiment 30778
Epoch 0059 [Test seq (cond on sampled tp)] | Loss 9985.909180 | Likelihood -9987.191406 | KL fp 4.7961 | FP STD 0.0161|
KL coef: 0.388882760467135
Train loss (one batch): 8098.4326171875
Train CE loss (one batch): 0.0
Test MSE: 0.0200
Poisson likelihood: 0.0
CE loss: 0.0
Experiment 30778
Epoch 0060 [Test seq (cond on sampled tp)] | Loss 9875.667969 | Likelihood -9884.387695 | KL fp 4.7209 | FP STD 0.0168|
KL coef: 0.39499393286246365
Train loss (one batch): 8048.07958984375
Train CE loss (one batch): 0.0
Test MSE: 0.0198
Poisson likelihood: 0.0
CE loss: 0.0
Experiment 30778
Epoch 0061 [Test seq (cond on sampled tp)] | Loss 9824.240234 | Likelihood -9825.178711 | KL fp 4.8675 | FP STD 0.0149|
KL coef: 0.401043993533839
Train loss (one batch): 7921.69970703125
Train CE loss (one batch): 0.0
Test MSE: 0.0197
Poisson likelihood: 0.0
CE loss: 0.0
Experiment 30778
Epoch 0062 [Test seq (cond on sampled tp)] | Loss 9741.657227 | Likelihood -9744.421875 | KL fp 4.8445 | FP STD 0.0149|
KL coef: 0.4070335535985006
Train loss (one batch): 7868.07177734375
Train CE loss (one batch): 0.0
Test MSE: 0.0195
Poisson likelihood: 0.0
CE loss: 0.0
Experiment 30778
Epoch 0063 [Test seq (cond on sampled tp)] | Loss 9628.964844 | Likelihood -9643.117188 | KL fp 4.8220 | FP STD 0.0157|
KL coef: 0.41296321806251557
Train loss (one batch): 7799.47509765625
Train CE loss (one batch): 0.0
Test MSE: 0.0193
Poisson likelihood: 0.0
CE loss: 0.0
Experiment 30778
Epoch 0064 [Test seq (cond on sampled tp)] | Loss 9579.577148 | Likelihood -9582.775391 | KL fp 4.9684 | FP STD 0.0134|
KL coef: 0.41883358588189046
Train loss (one batch): 7747.099609375
Train CE loss (one batch): 0.0
Test MSE: 0.0192
Poisson likelihood: 0.0
CE loss: 0.0
Experiment 30778
Epoch 0065 [Test seq (cond on sampled tp)] | Loss 9498.742188 | Likelihood -9502.299805 | KL fp 4.9249 | FP STD 0.0134|
KL coef: 0.4246452500230715
Train loss (one batch): 7667.08740234375
Train CE loss (one batch): 0.0
Test MSE: 0.0190
Poisson likelihood: 0.0
CE loss: 0.0
Experiment 30778
Epoch 0066 [Test seq (cond on sampled tp)] | Loss 9503.705078 | Likelihood -9507.135742 | KL fp 4.7609 | FP STD 0.0166|
KL coef: 0.4303987975228408
Train loss (one batch): 7627.23095703125
Train CE loss (one batch): 0.0
Test MSE: 0.0190
Poisson likelihood: 0.0
CE loss: 0.0
Experiment 30778
Epoch 0067 [Test seq (cond on sampled tp)] | Loss 9391.579102 | Likelihood -9399.948242 | KL fp 4.8408 | FP STD 0.0150|
KL coef: 0.4360948095476125
Train loss (one batch): 7587.134765625
Train CE loss (one batch): 0.0
Test MSE: 0.0188
Poisson likelihood: 0.0
CE loss: 0.0
Experiment 30778
Epoch 0068 [Test seq (cond on sampled tp)] | Loss 9320.768555 | Likelihood -9338.411133 | KL fp 5.0626 | FP STD 0.0123|
KL coef: 0.44173386145213633
Train loss (one batch): 7496.5517578125
Train CE loss (one batch): 0.0
Test MSE: 0.0187
Poisson likelihood: 0.0
CE loss: 0.0
Experiment 30778
Epoch 0069 [Test seq (cond on sampled tp)] | Loss 9260.553711 | Likelihood -9267.650391 | KL fp 4.9501 | FP STD 0.0136|
KL coef: 0.4473165228376149
Train loss (one batch): 7456.2783203125
Train CE loss (one batch): 0.0
Test MSE: 0.0185
Poisson likelihood: 0.0
CE loss: 0.0
Experiment 30778
Epoch 0070 [Test seq (cond on sampled tp)] | Loss 9177.561523 | Likelihood -9204.916992 | KL fp 4.9163 | FP STD 0.0143|
KL coef: 0.4528433576092388
Train loss (one batch): 7388.30712890625
Train CE loss (one batch): 0.0
Test MSE: 0.0184
Poisson likelihood: 0.0
CE loss: 0.0
Experiment 30778
Epoch 0071 [Test seq (cond on sampled tp)] | Loss 9232.923828 | Likelihood -9242.750000 | KL fp 4.7120 | FP STD 0.0177|
KL coef: 0.45831492403314644
Train loss (one batch): 7408.48974609375
Train CE loss (one batch): 0.0
Test MSE: 0.0185
Poisson likelihood: 0.0
CE loss: 0.0
Experiment 30778
Epoch 0072 [Test seq (cond on sampled tp)] | Loss 9091.207031 | Likelihood -9100.569336 | KL fp 4.9200 | FP STD 0.0142|
KL coef: 0.463731774792815
Train loss (one batch): 7319.556640625
Train CE loss (one batch): 0.0
Test MSE: 0.0182
Poisson likelihood: 0.0
CE loss: 0.0
Experiment 30778
Epoch 0073 [Test seq (cond on sampled tp)] | Loss 9031.694336 | Likelihood -9041.856445 | KL fp 4.7143 | FP STD 0.0170|
KL coef: 0.46909445704488684
Train loss (one batch): 7233.3251953125
Train CE loss (one batch): 0.0
Test MSE: 0.0181
Poisson likelihood: 0.0
CE loss: 0.0
Experiment 30778
Epoch 0074 [Test seq (cond on sampled tp)] | Loss 8963.464844 | Likelihood -8964.341797 | KL fp 4.8553 | FP STD 0.0154|
KL coef: 0.474403512474438
Train loss (one batch): 7208.3955078125
Train CE loss (one batch): 0.0
Test MSE: 0.0179
Poisson likelihood: 0.0
CE loss: 0.0
Experiment 30778
Epoch 0075 [Test seq (cond on sampled tp)] | Loss 8905.376953 | Likelihood -8909.498047 | KL fp 4.8996 | FP STD 0.0135|
KL coef: 0.4796594773496936
Train loss (one batch): 7162.0888671875
Train CE loss (one batch): 0.0
Test MSE: 0.0178
Poisson likelihood: 0.0
CE loss: 0.0
Experiment 30778
Epoch 0076 [Test seq (cond on sampled tp)] | Loss 8842.049805 | Likelihood -8845.903320 | KL fp 4.8597 | FP STD 0.0142|
KL coef: 0.4848628825761967
Train loss (one batch): 7063.7392578125
Train CE loss (one batch): 0.0
Test MSE: 0.0177
Poisson likelihood: 0.0
CE loss: 0.0
Experiment 30778
Epoch 0077 [Test seq (cond on sampled tp)] | Loss 8788.680664 | Likelihood -8794.694336 | KL fp 4.8632 | FP STD 0.0144|
KL coef: 0.4900142537504347
Train loss (one batch): 7021.62939453125
Train CE loss (one batch): 0.0
Test MSE: 0.0176
Poisson likelihood: 0.0
CE loss: 0.0
Experiment 30778
Epoch 0078 [Test seq (cond on sampled tp)] | Loss 8732.751953 | Likelihood -8734.225586 | KL fp 4.8004 | FP STD 0.0148|
KL coef: 0.49511411121293036
Train loss (one batch): 6991.8779296875
Train CE loss (one batch): 0.0
Test MSE: 0.0175
Poisson likelihood: 0.0
CE loss: 0.0
Experiment 30778
Epoch 0079 [Test seq (cond on sampled tp)] | Loss 8632.041992 | Likelihood -8648.293945 | KL fp 5.0706 | FP STD 0.0117|
KL coef: 0.500162970100801
Train loss (one batch): 6907.85986328125
Train CE loss (one batch): 0.0
Test MSE: 0.0173
Poisson likelihood: 0.0
CE loss: 0.0
Experiment 30778
Epoch 0080 [Test seq (cond on sampled tp)] | Loss 8583.860352 | Likelihood -8592.922852 | KL fp 4.8893 | FP STD 0.0146|
KL coef: 0.505161340399793
Train loss (one batch): 6885.64599609375
Train CE loss (one batch): 0.0
Test MSE: 0.0172
Poisson likelihood: 0.0
CE loss: 0.0
Experiment 30778
Epoch 0081 [Test seq (cond on sampled tp)] | Loss 8540.782227 | Likelihood -8544.220703 | KL fp 4.8701 | FP STD 0.0144|
KL coef: 0.510109726995795
Train loss (one batch): 6834.8671875
Train CE loss (one batch): 0.0
Test MSE: 0.0171
Poisson likelihood: 0.0
CE loss: 0.0
Experiment 30778
Epoch 0082 [Test seq (cond on sampled tp)] | Loss 8458.625000 | Likelihood -8467.354492 | KL fp 4.7258 | FP STD 0.0167|
KL coef: 0.5150086297258372
Train loss (one batch): 6768.42578125
Train CE loss (one batch): 0.0
Test MSE: 0.0169
Poisson likelihood: 0.0
CE loss: 0.0
Experiment 30778
Epoch 0083 [Test seq (cond on sampled tp)] | Loss 8372.362305 | Likelihood -8374.211914 | KL fp 4.9300 | FP STD 0.0137|
KL coef: 0.5198585434285787
Train loss (one batch): 6701.11865234375
Train CE loss (one batch): 0.0
Test MSE: 0.0168
Poisson likelihood: 0.0
CE loss: 0.0
Experiment 30778
Epoch 0084 [Test seq (cond on sampled tp)] | Loss 8294.566406 | Likelihood -8305.268555 | KL fp 4.9666 | FP STD 0.0131|
KL coef: 0.524659957994293
Train loss (one batch): 6641.60791015625
Train CE loss (one batch): 0.0
Test MSE: 0.0166
Poisson likelihood: 0.0
CE loss: 0.0
Experiment 30778
Epoch 0085 [Test seq (cond on sampled tp)] | Loss 8220.355469 | Likelihood -8222.759766 | KL fp 4.9441 | FP STD 0.0133|
KL coef: 0.5294133584143501
Train loss (one batch): 6609.74658203125
Train CE loss (one batch): 0.0
Test MSE: 0.0165
Poisson likelihood: 0.0
CE loss: 0.0
Experiment 30778
Epoch 0086 [Test seq (cond on sampled tp)] | Loss 8111.487793 | Likelihood -8123.408691 | KL fp 5.0161 | FP STD 0.0125|
KL coef: 0.5341192248302067
Train loss (one batch): 6525.67333984375
Train CE loss (one batch): 0.0
Test MSE: 0.0163
Poisson likelihood: 0.0
CE loss: 0.0
Experiment 30778
Epoch 0087 [Test seq (cond on sampled tp)] | Loss 8056.727051 | Likelihood -8079.527832 | KL fp 4.7066 | FP STD 0.0187|
KL coef: 0.5387780325819045
Train loss (one batch): 6481.25537109375
Train CE loss (one batch): 0.0
Test MSE: 0.0162
Poisson likelihood: 0.0
CE loss: 0.0
Experiment 30778
Epoch 0088 [Test seq (cond on sampled tp)] | Loss 8016.357910 | Likelihood -8015.447266 | KL fp 4.7639 | FP STD 0.0189|
KL coef: 0.5433902522560855
Train loss (one batch): 6416.8720703125
Train CE loss (one batch): 0.0
Test MSE: 0.0160
Poisson likelihood: 0.0
CE loss: 0.0
Experiment 30778
Epoch 0089 [Test seq (cond on sampled tp)] | Loss 7949.867676 | Likelihood -7957.513184 | KL fp 4.7704 | FP STD 0.0185|
KL coef: 0.5479563497335247
Train loss (one batch): 6366.751953125
Train CE loss (one batch): 0.0
Test MSE: 0.0159
Poisson likelihood: 0.0
CE loss: 0.0
Experiment 30778
Epoch 0090 [Test seq (cond on sampled tp)] | Loss 7861.671387 | Likelihood -7878.486328 | KL fp 4.8139 | FP STD 0.0177|
KL coef: 0.5524767862361895
Train loss (one batch): 6315.56494140625
Train CE loss (one batch): 0.0
Test MSE: 0.0158
Poisson likelihood: 0.0
CE loss: 0.0
Experiment 30778
Epoch 0091 [Test seq (cond on sampled tp)] | Loss 7790.665039 | Likelihood -7808.122559 | KL fp 4.8814 | FP STD 0.0165|
KL coef: 0.5569520183738275
Train loss (one batch): 6247.56494140625
Train CE loss (one batch): 0.0
Test MSE: 0.0156
Poisson likelihood: 0.0
CE loss: 0.0
Experiment 30778
Epoch 0092 [Test seq (cond on sampled tp)] | Loss 7716.664551 | Likelihood -7724.980469 | KL fp 4.9032 | FP STD 0.0156|
KL coef: 0.5613824981900892
Train loss (one batch): 6149.15380859375
Train CE loss (one batch): 0.0
Test MSE: 0.0155
Poisson likelihood: 0.0
CE loss: 0.0
Experiment 30778
Epoch 0093 [Test seq (cond on sampled tp)] | Loss 7669.455078 | Likelihood -7675.275391 | KL fp 4.8307 | FP STD 0.0159|
KL coef: 0.5657686732081884
Train loss (one batch): 6091.552734375
Train CE loss (one batch): 0.0
Test MSE: 0.0154
Poisson likelihood: 0.0
CE loss: 0.0
Experiment 30778
Epoch 0094 [Test seq (cond on sampled tp)] | Loss 7611.901367 | Likelihood -7615.133301 | KL fp 4.9489 | FP STD 0.0145|
KL coef: 0.5701109864761065
Train loss (one batch): 6030.38818359375
Train CE loss (one batch): 0.0
Test MSE: 0.0152
Poisson likelihood: 0.0
CE loss: 0.0
Experiment 30778
Epoch 0095 [Test seq (cond on sampled tp)] | Loss 7546.076172 | Likelihood -7556.257812 | KL fp 4.8654 | FP STD 0.0154|
KL coef: 0.5744098766113455
Train loss (one batch): 5978.51123046875
Train CE loss (one batch): 0.0
Test MSE: 0.0151
Poisson likelihood: 0.0
CE loss: 0.0
Experiment 30778
Epoch 0096 [Test seq (cond on sampled tp)] | Loss 7507.215820 | Likelihood -7508.941406 | KL fp 4.8841 | FP STD 0.0151|
KL coef: 0.578665777845232
Train loss (one batch): 5979.76806640625
Train CE loss (one batch): 0.0
Test MSE: 0.0150
Poisson likelihood: 0.0
CE loss: 0.0
Experiment 30778
Epoch 0097 [Test seq (cond on sampled tp)] | Loss 7461.052734 | Likelihood -7465.535156 | KL fp 4.8392 | FP STD 0.0153|
KL coef: 0.5828791200667797
Train loss (one batch): 5877.54833984375
Train CE loss (one batch): 0.0
Test MSE: 0.0149
Poisson likelihood: 0.0
CE loss: 0.0
Experiment 30778
Epoch 0098 [Test seq (cond on sampled tp)] | Loss 7406.751953 | Likelihood -7416.941406 | KL fp 4.8561 | FP STD 0.0145|
KL coef: 0.5870503288661119
Train loss (one batch): 5825.85400390625
Train CE loss (one batch): 0.0
Test MSE: 0.0148
Poisson likelihood: 0.0
CE loss: 0.0
Experiment 30778
Epoch 0099 [Test seq (cond on sampled tp)] | Loss 7390.073242 | Likelihood -7390.180176 | KL fp 4.8693 | FP STD 0.0145|
KL coef: 0.5911798255774507
Train loss (one batch): 5818.81103515625
Train CE loss (one batch): 0.0
Test MSE: 0.0148
Poisson likelihood: 0.0
CE loss: 0.0
Experiment 30778
Epoch 0100 [Test seq (cond on sampled tp)] | Loss 7333.721680 | Likelihood -7334.097656 | KL fp 4.8613 | FP STD 0.0143|
KL coef: 0.5952680273216762
Train loss (one batch): 5777.83935546875
Train CE loss (one batch): 0.0
Test MSE: 0.0147
Poisson likelihood: 0.0
CE loss: 0.0
Experiment 30778
Epoch 0101 [Test seq (cond on sampled tp)] | Loss 7311.174316 | Likelihood -7311.342285 | KL fp 4.7788 | FP STD 0.0162|
KL coef: 0.5993153470484595
Train loss (one batch): 5738.16845703125
Train CE loss (one batch): 0.0
Test MSE: 0.0146
Poisson likelihood: 0.0
CE loss: 0.0
Experiment 30778
Epoch 0102 [Test seq (cond on sampled tp)] | Loss 7261.628906 | Likelihood -7279.573730 | KL fp 4.7176 | FP STD 0.0169|
KL coef: 0.6033221935779749
Train loss (one batch): 5690.4658203125
Train CE loss (one batch): 0.0
Test MSE: 0.0146
Poisson likelihood: 0.0
CE loss: 0.0
Experiment 30778
Epoch 0103 [Test seq (cond on sampled tp)] | Loss 7232.781738 | Likelihood -7233.033203 | KL fp 4.8402 | FP STD 0.0153|
KL coef: 0.6072889716421952
Train loss (one batch): 5661.298828125
Train CE loss (one batch): 0.0
Test MSE: 0.0145
Poisson likelihood: 0.0
CE loss: 0.0
Experiment 30778
Epoch 0104 [Test seq (cond on sampled tp)] | Loss 7203.918457 | Likelihood -7203.571777 | KL fp 4.8357 | FP STD 0.0150|
KL coef: 0.6112160819257733
Train loss (one batch): 5647.91015625
Train CE loss (one batch): 0.0
Test MSE: 0.0144
Poisson likelihood: 0.0
CE loss: 0.0
Experiment 30778
Epoch 0105 [Test seq (cond on sampled tp)] | Loss 7158.923340 | Likelihood -7167.744141 | KL fp 4.8890 | FP STD 0.0139|
KL coef: 0.6151039211065155
Train loss (one batch): 5628.26416015625
Train CE loss (one batch): 0.0
Test MSE: 0.0143
Poisson likelihood: 0.0
CE loss: 0.0
Experiment 30778
Epoch 0106 [Test seq (cond on sampled tp)] | Loss 7128.538086 | Likelihood -7137.361816 | KL fp 4.9559 | FP STD 0.0132|
KL coef: 0.6189528818954504
Train loss (one batch): 5594.61669921875
Train CE loss (one batch): 0.0
Test MSE: 0.0143
Poisson likelihood: 0.0
CE loss: 0.0
Experiment 30778
Epoch 0107 [Test seq (cond on sampled tp)] | Loss 7099.202148 | Likelihood -7099.062500 | KL fp 4.9354 | FP STD 0.0131|
KL coef: 0.6227633530764958
Train loss (one batch): 5529.52001953125
Train CE loss (one batch): 0.0
Test MSE: 0.0142
Poisson likelihood: 0.0
CE loss: 0.0
Experiment 30778
Epoch 0108 [Test seq (cond on sampled tp)] | Loss 7073.478027 | Likelihood -7077.111328 | KL fp 5.0049 | FP STD 0.0122|
KL coef: 0.6265357195457308
Train loss (one batch): 5518.04833984375
Train CE loss (one batch): 0.0
Test MSE: 0.0142
Poisson likelihood: 0.0
CE loss: 0.0
Experiment 30778
Epoch 0109 [Test seq (cond on sampled tp)] | Loss 7045.293945 | Likelihood -7051.235840 | KL fp 4.9440 | FP STD 0.0127|
KL coef: 0.6302703623502736
Train loss (one batch): 5493.115234375
Train CE loss (one batch): 0.0
Test MSE: 0.0141
Poisson likelihood: 0.0
CE loss: 0.0
Experiment 30778
Epoch 0110 [Test seq (cond on sampled tp)] | Loss 7021.170410 | Likelihood -7022.011719 | KL fp 5.0237 | FP STD 0.0119|
KL coef: 0.6339676587267709
Train loss (one batch): 5459.36328125
Train CE loss (one batch): 0.0
Test MSE: 0.0141
Poisson likelihood: 0.0
CE loss: 0.0
Experiment 30778
Epoch 0111 [Test seq (cond on sampled tp)] | Loss 7000.266602 | Likelihood -7002.386719 | KL fp 4.9690 | FP STD 0.0123|
KL coef: 0.6376279821395031
Train loss (one batch): 5462.3291015625
Train CE loss (one batch): 0.0
Test MSE: 0.0140
Poisson likelihood: 0.0
CE loss: 0.0
Experiment 30778
Epoch 0112 [Test seq (cond on sampled tp)] | Loss 6960.089355 | Likelihood -6972.399902 | KL fp 5.0783 | FP STD 0.0114|
KL coef: 0.6412517023181081
Train loss (one batch): 5423.7041015625
Train CE loss (one batch): 0.0
Test MSE: 0.0140
Poisson likelihood: 0.0
CE loss: 0.0
Experiment 30778
Epoch 0113 [Test seq (cond on sampled tp)] | Loss 6934.685547 | Likelihood -6942.326660 | KL fp 5.0430 | FP STD 0.0116|
KL coef: 0.644839185294927
Train loss (one batch): 5371.5693359375
Train CE loss (one batch): 0.0
Test MSE: 0.0139
Poisson likelihood: 0.0
CE loss: 0.0
Experiment 30778
Epoch 0114 [Test seq (cond on sampled tp)] | Loss 6913.978516 | Likelihood -6915.897949 | KL fp 5.0696 | FP STD 0.0115|
KL coef: 0.6483907934419777
Train loss (one batch): 5366.462890625
Train CE loss (one batch): 0.0
Test MSE: 0.0138
Poisson likelihood: 0.0
CE loss: 0.0
Experiment 30778
Epoch 0115 [Test seq (cond on sampled tp)] | Loss 6888.971191 | Likelihood -6893.061035 | KL fp 5.0808 | FP STD 0.0115|
KL coef: 0.651906885507558
Train loss (one batch): 5349.9052734375
Train CE loss (one batch): 0.0
Test MSE: 0.0138
Poisson likelihood: 0.0
CE loss: 0.0
Experiment 30778
Epoch 0116 [Test seq (cond on sampled tp)] | Loss 6883.415039 | Likelihood -6882.358887 | KL fp 5.1066 | FP STD 0.0113|
KL coef: 0.6553878166524825
Train loss (one batch): 5338.90625
Train CE loss (one batch): 0.0
Test MSE: 0.0138
Poisson likelihood: 0.0
CE loss: 0.0
Experiment 30778
Epoch 0117 [Test seq (cond on sampled tp)] | Loss 6849.443359 | Likelihood -6849.586426 | KL fp 5.1537 | FP STD 0.0107|
KL coef: 0.6588339384859576
Train loss (one batch): 5329.66845703125
Train CE loss (one batch): 0.0
Test MSE: 0.0137
Poisson likelihood: 0.0
CE loss: 0.0
Experiment 30778
Epoch 0118 [Test seq (cond on sampled tp)] | Loss 6825.689941 | Likelihood -6826.255371 | KL fp 5.0374 | FP STD 0.0116|
KL coef: 0.662245599101098
Train loss (one batch): 5300.52197265625
Train CE loss (one batch): 0.0
Test MSE: 0.0137
Poisson likelihood: 0.0
CE loss: 0.0
Experiment 30778
Epoch 0119 [Test seq (cond on sampled tp)] | Loss 6811.581543 | Likelihood -6818.622559 | KL fp 5.0029 | FP STD 0.0125|
KL coef: 0.665623143110087
Train loss (one batch): 5262.43115234375
Train CE loss (one batch): 0.0
Test MSE: 0.0136
Poisson likelihood: 0.0
CE loss: 0.0
Experiment 30778
Epoch 0120 [Test seq (cond on sampled tp)] | Loss 6783.576172 | Likelihood -6791.110840 | KL fp 4.9756 | FP STD 0.0122|
KL coef: 0.6689669116789861
Train loss (one batch): 5251.73095703125
Train CE loss (one batch): 0.0
Test MSE: 0.0136
Poisson likelihood: 0.0
CE loss: 0.0
Experiment 30778
Epoch 0121 [Test seq (cond on sampled tp)] | Loss 6762.617188 | Likelihood -6762.285156 | KL fp 4.9680 | FP STD 0.0125|
KL coef: 0.6722772425621963
Train loss (one batch): 5233.5654296875
Train CE loss (one batch): 0.0
Test MSE: 0.0135
Poisson likelihood: 0.0
CE loss: 0.0
Experiment 30778
Epoch 0122 [Test seq (cond on sampled tp)] | Loss 6749.973633 | Likelihood -6753.138184 | KL fp 4.9651 | FP STD 0.0122|
KL coef: 0.6755544701365743
Train loss (one batch): 5214.26953125
Train CE loss (one batch): 0.0
Test MSE: 0.0135
Poisson likelihood: 0.0
CE loss: 0.0
Experiment 30778
Epoch 0123 [Test seq (cond on sampled tp)] | Loss 6716.471191 | Likelihood -6719.898438 | KL fp 5.1467 | FP STD 0.0108|
KL coef: 0.6787989254352086
Train loss (one batch): 5170.61962890625
Train CE loss (one batch): 0.0
Test MSE: 0.0135
Poisson likelihood: 0.0
CE loss: 0.0
Experiment 30778
Epoch 0124 [Test seq (cond on sampled tp)] | Loss 6690.191406 | Likelihood -6698.437500 | KL fp 5.0907 | FP STD 0.0112|
KL coef: 0.6820109361808565
Train loss (one batch): 5170.44091796875
Train CE loss (one batch): 0.0
Test MSE: 0.0134
Poisson likelihood: 0.0
CE loss: 0.0
Experiment 30778
Epoch 0125 [Test seq (cond on sampled tp)] | Loss 6671.194824 | Likelihood -6678.039551 | KL fp 5.0502 | FP STD 0.0116|
KL coef: 0.685190826819048
Train loss (one batch): 5157.455078125
Train CE loss (one batch): 0.0
Test MSE: 0.0134
Poisson likelihood: 0.0
CE loss: 0.0
Experiment 30778
Epoch 0126 [Test seq (cond on sampled tp)] | Loss 6642.948242 | Likelihood -6642.054688 | KL fp 5.1091 | FP STD 0.0111|
KL coef: 0.6883389185508575
Train loss (one batch): 5117.18212890625
Train CE loss (one batch): 0.0
Test MSE: 0.0133
Poisson likelihood: 0.0
CE loss: 0.0
Experiment 30778
Epoch 0127 [Test seq (cond on sampled tp)] | Loss 6631.737793 | Likelihood -6631.904297 | KL fp 5.1498 | FP STD 0.0108|
KL coef: 0.6914555293653489
Train loss (one batch): 5110.48388671875
Train CE loss (one batch): 0.0
Test MSE: 0.0133
Poisson likelihood: 0.0
CE loss: 0.0
Experiment 30778
Epoch 0128 [Test seq (cond on sampled tp)] | Loss 6589.927246 | Likelihood -6596.076660 | KL fp 5.1461 | FP STD 0.0110|
KL coef: 0.6945409740716955
Train loss (one batch): 5083.67236328125
Train CE loss (one batch): 0.0
Test MSE: 0.0132
Poisson likelihood: 0.0
CE loss: 0.0
Experiment 30778
Epoch 0129 [Test seq (cond on sampled tp)] | Loss 6580.282715 | Likelihood -6581.205566 | KL fp 5.0407 | FP STD 0.0118|
KL coef: 0.6975955643309785
Train loss (one batch): 5065.7041015625
Train CE loss (one batch): 0.0
Test MSE: 0.0132
Poisson likelihood: 0.0
CE loss: 0.0
Experiment 30778
Epoch 0130 [Test seq (cond on sampled tp)] | Loss 6555.502441 | Likelihood -6554.712402 | KL fp 5.0890 | FP STD 0.0114|
KL coef: 0.7006196086876687
Train loss (one batch): 5043.654296875
Train CE loss (one batch): 0.0
Test MSE: 0.0131
Poisson likelihood: 0.0
CE loss: 0.0
Experiment 30778
Epoch 0131 [Test seq (cond on sampled tp)] | Loss 6538.012207 | Likelihood -6537.369629 | KL fp 5.0091 | FP STD 0.0125|
KL coef: 0.703613412600792
Train loss (one batch): 5019.626953125
Train CE loss (one batch): 0.0
Test MSE: 0.0131
Poisson likelihood: 0.0
CE loss: 0.0
Experiment 30778
Epoch 0132 [Test seq (cond on sampled tp)] | Loss 6523.622070 | Likelihood -6533.781250 | KL fp 4.8600 | FP STD 0.0142|
KL coef: 0.7065772784747841
Train loss (one batch): 5009.8857421875
Train CE loss (one batch): 0.0
Test MSE: 0.0131
Poisson likelihood: 0.0
CE loss: 0.0
Experiment 30778
Epoch 0133 [Test seq (cond on sampled tp)] | Loss 6487.146973 | Likelihood -6495.948730 | KL fp 4.9670 | FP STD 0.0126|
KL coef: 0.7095115056900363
Train loss (one batch): 4979.94189453125
Train CE loss (one batch): 0.0
Test MSE: 0.0130
Poisson likelihood: 0.0
CE loss: 0.0
Experiment 30778
Epoch 0134 [Test seq (cond on sampled tp)] | Loss 6461.673828 | Likelihood -6467.143066 | KL fp 5.0249 | FP STD 0.0118|
KL coef: 0.7124163906331359
Train loss (one batch): 4955.65673828125
Train CE loss (one batch): 0.0
Test MSE: 0.0129
Poisson likelihood: 0.0
CE loss: 0.0
Experiment 30778
Epoch 0135 [Test seq (cond on sampled tp)] | Loss 6433.077148 | Likelihood -6440.748047 | KL fp 5.0947 | FP STD 0.0111|
KL coef: 0.7152922267268045
Train loss (one batch): 4935.40576171875
Train CE loss (one batch): 0.0
Test MSE: 0.0129
Poisson likelihood: 0.0
CE loss: 0.0
Experiment 30778
Epoch 0136 [Test seq (cond on sampled tp)] | Loss 6419.547363 | Likelihood -6422.558594 | KL fp 5.0259 | FP STD 0.0125|
KL coef: 0.7181393044595366
Train loss (one batch): 4925.19677734375
Train CE loss (one batch): 0.0
Test MSE: 0.0129
Poisson likelihood: 0.0
CE loss: 0.0
Experiment 30778
Epoch 0137 [Test seq (cond on sampled tp)] | Loss 6410.067383 | Likelihood -6419.302246 | KL fp 4.9328 | FP STD 0.0136|
KL coef: 0.7209579114149411
Train loss (one batch): 4902.6103515625
Train CE loss (one batch): 0.0
Test MSE: 0.0129
Poisson likelihood: 0.0
CE loss: 0.0
Experiment 30778
Epoch 0138 [Test seq (cond on sampled tp)] | Loss 6391.834961 | Likelihood -6396.770996 | KL fp 4.9640 | FP STD 0.0140|
KL coef: 0.7237483323007917
Train loss (one batch): 4882.1298828125
Train CE loss (one batch): 0.0
Test MSE: 0.0128
Poisson likelihood: 0.0
CE loss: 0.0
Experiment 30778
Epoch 0139 [Test seq (cond on sampled tp)] | Loss 6351.184570 | Likelihood -6363.147949 | KL fp 4.9940 | FP STD 0.0131|
KL coef: 0.7265108489777838
Train loss (one batch): 4869.88330078125
Train CE loss (one batch): 0.0
Test MSE: 0.0127
Poisson likelihood: 0.0
CE loss: 0.0
Experiment 30778
Epoch 0140 [Test seq (cond on sampled tp)] | Loss 6329.615723 | Likelihood -6338.984863 | KL fp 4.9601 | FP STD 0.0130|
KL coef: 0.729245740488006
Train loss (one batch): 4846.35888671875
Train CE loss (one batch): 0.0
Test MSE: 0.0127
Poisson likelihood: 0.0
CE loss: 0.0
Experiment 30778
Epoch 0141 [Test seq (cond on sampled tp)] | Loss 6304.753418 | Likelihood -6313.514160 | KL fp 5.0271 | FP STD 0.0121|
KL coef: 0.7319532830831259
Train loss (one batch): 4835.02392578125
Train CE loss (one batch): 0.0
Test MSE: 0.0126
Poisson likelihood: 0.0
CE loss: 0.0
Experiment 30778
Epoch 0142 [Test seq (cond on sampled tp)] | Loss 6269.115234 | Likelihood -6279.224609 | KL fp 5.0942 | FP STD 0.0111|
KL coef: 0.7346337502522946
Train loss (one batch): 4831.1982421875
Train CE loss (one batch): 0.0
Test MSE: 0.0126
Poisson likelihood: 0.0
CE loss: 0.0
Experiment 30778
Epoch 0143 [Test seq (cond on sampled tp)] | Loss 6259.365234 | Likelihood -6264.507812 | KL fp 5.0386 | FP STD 0.0116|
KL coef: 0.7372874127497717
Train loss (one batch): 4796.3583984375
Train CE loss (one batch): 0.0
Test MSE: 0.0125
Poisson likelihood: 0.0
CE loss: 0.0
Experiment 30778
Epoch 0144 [Test seq (cond on sampled tp)] | Loss 6247.433594 | Likelihood -6252.711426 | KL fp 4.9954 | FP STD 0.0120|
KL coef: 0.739914538622274
Train loss (one batch): 4763.16162109375
Train CE loss (one batch): 0.0
Test MSE: 0.0125
Poisson likelihood: 0.0
CE loss: 0.0
Experiment 30778
Epoch 0145 [Test seq (cond on sampled tp)] | Loss 6225.451172 | Likelihood -6229.458984 | KL fp 5.0420 | FP STD 0.0116|
KL coef: 0.7425153932360513
Train loss (one batch): 4752.59716796875
Train CE loss (one batch): 0.0
Test MSE: 0.0125
Poisson likelihood: 0.0
CE loss: 0.0
Experiment 30778
Epoch 0146 [Test seq (cond on sampled tp)] | Loss 6200.385742 | Likelihood -6202.540527 | KL fp 4.9581 | FP STD 0.0122|
KL coef: 0.7450902393036907
Train loss (one batch): 4759.677734375
Train CE loss (one batch): 0.0
Test MSE: 0.0124
Poisson likelihood: 0.0
CE loss: 0.0
Experiment 30778
Epoch 0147 [Test seq (cond on sampled tp)] | Loss 6195.274414 | Likelihood -6193.558105 | KL fp 5.0404 | FP STD 0.0116|
KL coef: 0.7476393369106538
Train loss (one batch): 4726.873046875
Train CE loss (one batch): 0.0
Test MSE: 0.0124
Poisson likelihood: 0.0
CE loss: 0.0
Experiment 30778
Epoch 0148 [Test seq (cond on sampled tp)] | Loss 6179.356934 | Likelihood -6183.558105 | KL fp 5.0895 | FP STD 0.0112|
KL coef: 0.7501629435415473
Train loss (one batch): 4728.51025390625
Train CE loss (one batch): 0.0
Test MSE: 0.0124
Poisson likelihood: 0.0
CE loss: 0.0
Experiment 30778
Epoch 0149 [Test seq (cond on sampled tp)] | Loss 6144.538086 | Likelihood -6147.907715 | KL fp 5.1327 | FP STD 0.0108|
KL coef: 0.7526613141061318
Train loss (one batch): 4714.15771484375
Train CE loss (one batch): 0.0
Test MSE: 0.0123
Poisson likelihood: 0.0
CE loss: 0.0
Experiment 30778
Epoch 0150 [Test seq (cond on sampled tp)] | Loss 6128.497070 | Likelihood -6133.519531 | KL fp 5.1038 | FP STD 0.0110|
KL coef: 0.7551347009650705
Train loss (one batch): 4707.49267578125
Train CE loss (one batch): 0.0
Test MSE: 0.0123
Poisson likelihood: 0.0
CE loss: 0.0
Experiment 30778
Epoch 0151 [Test seq (cond on sampled tp)] | Loss 6113.197266 | Likelihood -6112.306641 | KL fp 5.1570 | FP STD 0.0107|
KL coef: 0.7575833539554198
Train loss (one batch): 4675.2451171875
Train CE loss (one batch): 0.0
Test MSE: 0.0122
Poisson likelihood: 0.0
CE loss: 0.0
Experiment 30778
Epoch 0152 [Test seq (cond on sampled tp)] | Loss 6088.061523 | Likelihood -6085.808105 | KL fp 5.1648 | FP STD 0.0107|
KL coef: 0.7600075204158656
Train loss (one batch): 4675.783203125
Train CE loss (one batch): 0.0
Test MSE: 0.0122
Poisson likelihood: 0.0
CE loss: 0.0
Experiment 30778
Epoch 0153 [Test seq (cond on sampled tp)] | Loss 6063.287109 | Likelihood -6066.823730 | KL fp 5.1393 | FP STD 0.0108|
KL coef: 0.762407445211707
Train loss (one batch): 4651.42431640625
Train CE loss (one batch): 0.0
Test MSE: 0.0121
Poisson likelihood: 0.0
CE loss: 0.0
Experiment 30778
Epoch 0154 [Test seq (cond on sampled tp)] | Loss 6042.828613 | Likelihood -6040.481934 | KL fp 5.1027 | FP STD 0.0110|
KL coef: 0.7647833707595899
Train loss (one batch): 4631.783203125
Train CE loss (one batch): 0.0
Test MSE: 0.0121
Poisson likelihood: 0.0
CE loss: 0.0
Experiment 30778
Epoch 0155 [Test seq (cond on sampled tp)] | Loss 6019.045898 | Likelihood -6025.823730 | KL fp 5.1151 | FP STD 0.0109|
KL coef: 0.767135537051994
Train loss (one batch): 4629.44384765625
Train CE loss (one batch): 0.0
Test MSE: 0.0121
Poisson likelihood: 0.0
CE loss: 0.0
Experiment 30778
Epoch 0156 [Test seq (cond on sampled tp)] | Loss 6001.785645 | Likelihood -6003.722656 | KL fp 5.0571 | FP STD 0.0113|
KL coef: 0.769464181681474
Train loss (one batch): 4624.91455078125
Train CE loss (one batch): 0.0
Test MSE: 0.0120
Poisson likelihood: 0.0
CE loss: 0.0
Experiment 30778
Epoch 0157 [Test seq (cond on sampled tp)] | Loss 5983.507324 | Likelihood -5984.931641 | KL fp 5.1424 | FP STD 0.0107|
KL coef: 0.7717695398646593
Train loss (one batch): 4588.787109375
Train CE loss (one batch): 0.0
Test MSE: 0.0120
Poisson likelihood: 0.0
CE loss: 0.0
Experiment 30778
Epoch 0158 [Test seq (cond on sampled tp)] | Loss 5965.779785 | Likelihood -5968.517090 | KL fp 5.1521 | FP STD 0.0105|
KL coef: 0.7740518444660127
Train loss (one batch): 4574.9873046875
Train CE loss (one batch): 0.0
Test MSE: 0.0119
Poisson likelihood: 0.0
CE loss: 0.0
Experiment 30778
Epoch 0159 [Test seq (cond on sampled tp)] | Loss 5949.960449 | Likelihood -5949.085938 | KL fp 5.1303 | FP STD 0.0107|
KL coef: 0.7763113260213526
Train loss (one batch): 4559.705078125
Train CE loss (one batch): 0.0
Test MSE: 0.0119
Poisson likelihood: 0.0
CE loss: 0.0
Experiment 30778
Epoch 0160 [Test seq (cond on sampled tp)] | Loss 5923.313965 | Likelihood -5928.669434 | KL fp 5.1471 | FP STD 0.0107|
KL coef: 0.7785482127611391
Train loss (one batch): 4560.84521484375
Train CE loss (one batch): 0.0
Test MSE: 0.0119
Poisson likelihood: 0.0
CE loss: 0.0
Experiment 30778
Epoch 0161 [Test seq (cond on sampled tp)] | Loss 5915.105469 | Likelihood -5915.625000 | KL fp 5.1609 | FP STD 0.0106|
KL coef: 0.7807627306335276
Train loss (one batch): 4545.08251953125
Train CE loss (one batch): 0.0
Test MSE: 0.0118
Poisson likelihood: 0.0
CE loss: 0.0
Experiment 30778
Epoch 0162 [Test seq (cond on sampled tp)] | Loss 5896.588379 | Likelihood -5901.160645 | KL fp 5.1677 | FP STD 0.0105|
KL coef: 0.7829551033271924
Train loss (one batch): 4526.1181640625
Train CE loss (one batch): 0.0
Test MSE: 0.0118
Poisson likelihood: 0.0
CE loss: 0.0
Experiment 30778
Epoch 0163 [Test seq (cond on sampled tp)] | Loss 5876.571289 | Likelihood -5880.236816 | KL fp 5.1630 | FP STD 0.0105|
KL coef: 0.7851255522939204
Train loss (one batch): 4523.1357421875
Train CE loss (one batch): 0.0
Test MSE: 0.0118
Poisson likelihood: 0.0
CE loss: 0.0
Experiment 30778
Epoch 0164 [Test seq (cond on sampled tp)] | Loss 5848.978516 | Likelihood -5851.332520 | KL fp 5.1671 | FP STD 0.0104|
KL coef: 0.7872742967709813
Train loss (one batch): 4502.10498046875
Train CE loss (one batch): 0.0
Test MSE: 0.0117
Poisson likelihood: 0.0
CE loss: 0.0
Experiment 30778
Epoch 0165 [Test seq (cond on sampled tp)] | Loss 5846.318359 | Likelihood -5845.588379 | KL fp 5.1493 | FP STD 0.0106|
KL coef: 0.7894015538032715
Train loss (one batch): 4496.23291015625
Train CE loss (one batch): 0.0
Test MSE: 0.0117
Poisson likelihood: 0.0
CE loss: 0.0
Experiment 30778
Epoch 0166 [Test seq (cond on sampled tp)] | Loss 5830.344238 | Likelihood -5833.884277 | KL fp 5.1146 | FP STD 0.0109|
KL coef: 0.7915075382652388
Train loss (one batch): 4489.5224609375
Train CE loss (one batch): 0.0
Test MSE: 0.0117
Poisson likelihood: 0.0
CE loss: 0.0
Experiment 30778
Epoch 0167 [Test seq (cond on sampled tp)] | Loss 5818.097168 | Likelihood -5823.600098 | KL fp 5.0556 | FP STD 0.0126|
KL coef: 0.7935924628825863
Train loss (one batch): 4502.1064453125
Train CE loss (one batch): 0.0
Test MSE: 0.0117
Poisson likelihood: 0.0
CE loss: 0.0
Experiment 30778
Epoch 0168 [Test seq (cond on sampled tp)] | Loss 5801.562012 | Likelihood -5801.501465 | KL fp 5.0225 | FP STD 0.0130|
KL coef: 0.7956565382537605
Train loss (one batch): 4511.158203125
Train CE loss (one batch): 0.0
Test MSE: 0.0116
Poisson likelihood: 0.0
CE loss: 0.0
Experiment 30778
Epoch 0169 [Test seq (cond on sampled tp)] | Loss 5792.484863 | Likelihood -5797.962402 | KL fp 5.1205 | FP STD 0.0125|
KL coef: 0.7976999728712229
Train loss (one batch): 4474.63037109375
Train CE loss (one batch): 0.0
Test MSE: 0.0116
Poisson likelihood: 0.0
CE loss: 0.0
Experiment 30778
Epoch 0170 [Test seq (cond on sampled tp)] | Loss 5785.388672 | Likelihood -5783.792969 | KL fp 5.1171 | FP STD 0.0123|
KL coef: 0.7997229731425107
Train loss (one batch): 4462.79541015625
Train CE loss (one batch): 0.0
Test MSE: 0.0116
Poisson likelihood: 0.0
CE loss: 0.0
Experiment 30778
Epoch 0171 [Test seq (cond on sampled tp)] | Loss 5769.252441 | Likelihood -5771.105469 | KL fp 5.1217 | FP STD 0.0123|
KL coef: 0.8017257434110856
Train loss (one batch): 4468.35595703125
Train CE loss (one batch): 0.0
Test MSE: 0.0116
Poisson likelihood: 0.0
CE loss: 0.0
Experiment 30778
Epoch 0172 [Test seq (cond on sampled tp)] | Loss 5763.365723 | Likelihood -5761.400391 | KL fp 5.1311 | FP STD 0.0121|
KL coef: 0.8037084859769748
Train loss (one batch): 4444.66943359375
Train CE loss (one batch): 0.0
Test MSE: 0.0115
Poisson likelihood: 0.0
CE loss: 0.0
Experiment 30778
Epoch 0173 [Test seq (cond on sampled tp)] | Loss 5749.217773 | Likelihood -5748.783691 | KL fp 5.0876 | FP STD 0.0123|
KL coef: 0.805671401117205
Train loss (one batch): 4442.67724609375
Train CE loss (one batch): 0.0
Test MSE: 0.0115
Poisson likelihood: 0.0
CE loss: 0.0
Experiment 30778
Epoch 0174 [Test seq (cond on sampled tp)] | Loss 5735.883789 | Likelihood -5739.258301 | KL fp 5.1051 | FP STD 0.0120|
KL coef: 0.8076146871060329
Train loss (one batch): 4433.72265625
Train CE loss (one batch): 0.0
Test MSE: 0.0115
Poisson likelihood: 0.0
CE loss: 0.0
Experiment 30778
Epoch 0175 [Test seq (cond on sampled tp)] | Loss 5722.323242 | Likelihood -5723.800781 | KL fp 5.1314 | FP STD 0.0117|
KL coef: 0.8095385402349726
Train loss (one batch): 4444.0302734375
Train CE loss (one batch): 0.0
Test MSE: 0.0115
Poisson likelihood: 0.0
CE loss: 0.0
Experiment 30778
Epoch 0176 [Test seq (cond on sampled tp)] | Loss 5704.268555 | Likelihood -5705.580078 | KL fp 5.1421 | FP STD 0.0117|
KL coef: 0.8114431548326229
Train loss (one batch): 4421.9091796875
Train CE loss (one batch): 0.0
Test MSE: 0.0114
Poisson likelihood: 0.0
CE loss: 0.0
Experiment 30778
Epoch 0177 [Test seq (cond on sampled tp)] | Loss 5707.984863 | Likelihood -5709.650879 | KL fp 5.1308 | FP STD 0.0116|
KL coef: 0.8133287232842966
Train loss (one batch): 4430.4716796875
Train CE loss (one batch): 0.0
Test MSE: 0.0114
Poisson likelihood: 0.0
CE loss: 0.0
Experiment 30778
Epoch 0178 [Test seq (cond on sampled tp)] | Loss 5694.480469 | Likelihood -5693.303223 | KL fp 5.1647 | FP STD 0.0114|
KL coef: 0.8151954360514537
Train loss (one batch): 4413.36279296875
Train CE loss (one batch): 0.0
Test MSE: 0.0114
Poisson likelihood: 0.0
CE loss: 0.0
Experiment 30778
Epoch 0179 [Test seq (cond on sampled tp)] | Loss 5675.777344 | Likelihood -5684.384766 | KL fp 5.1086 | FP STD 0.0117|
KL coef: 0.8170434816909391
Train loss (one batch): 4417.22705078125
Train CE loss (one batch): 0.0
Test MSE: 0.0114
Poisson likelihood: 0.0
CE loss: 0.0
Experiment 30778
Epoch 0180 [Test seq (cond on sampled tp)] | Loss 5698.845215 | Likelihood -5699.217285 | KL fp 4.9737 | FP STD 0.0142|
KL coef: 0.8188730468740297
Train loss (one batch): 4401.66650390625
Train CE loss (one batch): 0.0
Test MSE: 0.0114
Poisson likelihood: 0.0
CE loss: 0.0
Experiment 30778
Epoch 0181 [Test seq (cond on sampled tp)] | Loss 5698.359375 | Likelihood -5701.845215 | KL fp 4.9153 | FP STD 0.0153|
KL coef: 0.8206843164052895
Train loss (one batch): 4381.63427734375
Train CE loss (one batch): 0.0
Test MSE: 0.0114
Poisson likelihood: 0.0
CE loss: 0.0
Experiment 30778
Epoch 0182 [Test seq (cond on sampled tp)] | Loss 5683.057129 | Likelihood -5685.681152 | KL fp 4.9529 | FP STD 0.0150|
KL coef: 0.8224774732412365
Train loss (one batch): 4462.05126953125
Train CE loss (one batch): 0.0
Test MSE: 0.0114
Poisson likelihood: 0.0
CE loss: 0.0
Experiment 30778
Epoch 0183 [Test seq (cond on sampled tp)] | Loss 5661.500488 | Likelihood -5662.914062 | KL fp 5.0051 | FP STD 0.0142|
KL coef: 0.8242526985088242
Train loss (one batch): 4379.32666015625
Train CE loss (one batch): 0.0
Test MSE: 0.0113
Poisson likelihood: 0.0
CE loss: 0.0
Experiment 30778
Epoch 0184 [Test seq (cond on sampled tp)] | Loss 5655.850586 | Likelihood -5664.968750 | KL fp 5.0281 | FP STD 0.0137|
KL coef: 0.826010171523736
Train loss (one batch): 4369.376953125
Train CE loss (one batch): 0.0
Test MSE: 0.0113
Poisson likelihood: 0.0
CE loss: 0.0
Experiment 30778
Epoch 0185 [Test seq (cond on sampled tp)] | Loss 5646.826660 | Likelihood -5645.042480 | KL fp 5.0485 | FP STD 0.0134|
KL coef: 0.8277500698084986
Train loss (one batch): 4387.52978515625
Train CE loss (one batch): 0.0
Test MSE: 0.0113
Poisson likelihood: 0.0
CE loss: 0.0
Experiment 30778
Epoch 0186 [Test seq (cond on sampled tp)] | Loss 5623.337891 | Likelihood -5630.057129 | KL fp 4.9991 | FP STD 0.0136|
KL coef: 0.8294725691104137
Train loss (one batch): 4377.349609375
Train CE loss (one batch): 0.0
Test MSE: 0.0113
Poisson likelihood: 0.0
CE loss: 0.0
Experiment 30778
Epoch 0187 [Test seq (cond on sampled tp)] | Loss 5620.022949 | Likelihood -5619.421875 | KL fp 5.0984 | FP STD 0.0128|
KL coef: 0.8311778434193096
Train loss (one batch): 4363.89990234375
Train CE loss (one batch): 0.0
Test MSE: 0.0113
Poisson likelihood: 0.0
CE loss: 0.0
Experiment 30778
Epoch 0188 [Test seq (cond on sampled tp)] | Loss 5614.960449 | Likelihood -5614.716309 | KL fp 5.0869 | FP STD 0.0126|
KL coef: 0.8328660649851164
Train loss (one batch): 4350.00830078125
Train CE loss (one batch): 0.0
Test MSE: 0.0112
Poisson likelihood: 0.0
CE loss: 0.0
Experiment 30778
Epoch 0189 [Test seq (cond on sampled tp)] | Loss 5592.833496 | Likelihood -5595.222656 | KL fp 5.0640 | FP STD 0.0125|
KL coef: 0.8345374043352652
Train loss (one batch): 4348.51318359375
Train CE loss (one batch): 0.0
Test MSE: 0.0112
Poisson likelihood: 0.0
CE loss: 0.0
Experiment 30778
Epoch 0190 [Test seq (cond on sampled tp)] | Loss 5568.486816 | Likelihood -5579.528809 | KL fp 5.0855 | FP STD 0.0120|
KL coef: 0.8361920302919126
Train loss (one batch): 4334.3291015625
Train CE loss (one batch): 0.0
Test MSE: 0.0112
Poisson likelihood: 0.0
CE loss: 0.0
Experiment 30778
Epoch 0191 [Test seq (cond on sampled tp)] | Loss 5564.848633 | Likelihood -5573.646973 | KL fp 5.1239 | FP STD 0.0118|
KL coef: 0.8378301099889934
Train loss (one batch): 4319.970703125
Train CE loss (one batch): 0.0
Test MSE: 0.0112
Poisson likelihood: 0.0
CE loss: 0.0
Experiment 30778
Epoch 0192 [Test seq (cond on sampled tp)] | Loss 5563.290039 | Likelihood -5563.575684 | KL fp 5.1193 | FP STD 0.0118|
KL coef: 0.8394518088891035
Train loss (one batch): 4303.53369140625
Train CE loss (one batch): 0.0
Test MSE: 0.0111
Poisson likelihood: 0.0
CE loss: 0.0
Experiment 30778
Epoch 0193 [Test seq (cond on sampled tp)] | Loss 5554.988770 | Likelihood -5552.795410 | KL fp 5.1385 | FP STD 0.0116|
KL coef: 0.8410572908002125
Train loss (one batch): 4328.90966796875
Train CE loss (one batch): 0.0
Test MSE: 0.0111
Poisson likelihood: 0.0
CE loss: 0.0
Experiment 30778
Epoch 0194 [Test seq (cond on sampled tp)] | Loss 5553.104492 | Likelihood -5560.794922 | KL fp 5.1075 | FP STD 0.0117|
KL coef: 0.8426467178922104
Train loss (one batch): 4325.92431640625
Train CE loss (one batch): 0.0
Test MSE: 0.0111
Poisson likelihood: 0.0
CE loss: 0.0
Experiment 30778
Epoch 0195 [Test seq (cond on sampled tp)] | Loss 5544.232422 | Likelihood -5549.710938 | KL fp 5.1515 | FP STD 0.0115|
KL coef: 0.8442202507132883
Train loss (one batch): 4319.0625
Train CE loss (one batch): 0.0
Test MSE: 0.0111
Poisson likelihood: 0.0
CE loss: 0.0
Experiment 30778
Epoch 0196 [Test seq (cond on sampled tp)] | Loss 5518.315430 | Likelihood -5521.037598 | KL fp 5.1429 | FP STD 0.0111|
KL coef: 0.8457780482061554
Train loss (one batch): 4277.10302734375
Train CE loss (one batch): 0.0
Test MSE: 0.0111
Poisson likelihood: 0.0
CE loss: 0.0
Experiment 30778
Epoch 0197 [Test seq (cond on sampled tp)] | Loss 5504.980469 | Likelihood -5511.454590 | KL fp 5.1492 | FP STD 0.0110|
KL coef: 0.8473202677240939
Train loss (one batch): 4270.46923828125
Train CE loss (one batch): 0.0
Test MSE: 0.0110
Poisson likelihood: 0.0
CE loss: 0.0
Experiment 30778
Epoch 0198 [Test seq (cond on sampled tp)] | Loss 5508.081543 | Likelihood -5506.324707 | KL fp 5.1576 | FP STD 0.0109|
KL coef: 0.8488470650468529
Train loss (one batch): 4271.2158203125
Train CE loss (one batch): 0.0
Test MSE: 0.0110
Poisson likelihood: 0.0
CE loss: 0.0
Experiment 30778
Epoch 0199 [Test seq (cond on sampled tp)] | Loss 5492.119141 | Likelihood -5497.591797 | KL fp 5.1232 | FP STD 0.0111|
KL coef: 0.8503585943963844
Train loss (one batch): 4242.83154296875
Train CE loss (one batch): 0.0
Test MSE: 0.0110
Poisson likelihood: 0.0
CE loss: 0.0
Experiment 30778
Epoch 0200 [Test seq (cond on sampled tp)] | Loss 5490.577148 | Likelihood -5490.139160 | KL fp 5.1476 | FP STD 0.0109|
KL coef: 0.8518550084524206
Train loss (one batch): 4271.95361328125
Train CE loss (one batch): 0.0
Test MSE: 0.0110
Poisson likelihood: 0.0
CE loss: 0.0
Experiment 30778
Epoch 0201 [Test seq (cond on sampled tp)] | Loss 5469.953125 | Likelihood -5470.850098 | KL fp 5.1954 | FP STD 0.0105|
KL coef: 0.8533364583678963
Train loss (one batch): 4242.72705078125
Train CE loss (one batch): 0.0
Test MSE: 0.0110
Poisson likelihood: 0.0
CE loss: 0.0
Experiment 30778
Epoch 0202 [Test seq (cond on sampled tp)] | Loss 5474.250977 | Likelihood -5471.187988 | KL fp 5.1539 | FP STD 0.0107|
KL coef: 0.8548030937842174
Train loss (one batch): 4245.0712890625
Train CE loss (one batch): 0.0
Test MSE: 0.0110
Poisson likelihood: 0.0
CE loss: 0.0
Experiment 30778
Epoch 0203 [Test seq (cond on sampled tp)] | Loss 5447.079590 | Likelihood -5450.954590 | KL fp 5.1807 | FP STD 0.0107|
KL coef: 0.8562550628463752
Train loss (one batch): 4244.22021484375
Train CE loss (one batch): 0.0
Test MSE: 0.0109
Poisson likelihood: 0.0
CE loss: 0.0
Experiment 30778
Epoch 0204 [Test seq (cond on sampled tp)] | Loss 5448.834473 | Likelihood -5449.393066 | KL fp 5.2062 | FP STD 0.0105|
KL coef: 0.8576925122179114
Train loss (one batch): 4247.9521484375
Train CE loss (one batch): 0.0
Test MSE: 0.0109
Poisson likelihood: 0.0
CE loss: 0.0
Experiment 30778
Epoch 0205 [Test seq (cond on sampled tp)] | Loss 5438.424805 | Likelihood -5436.479980 | KL fp 5.1720 | FP STD 0.0106|
KL coef: 0.8591155870957323
Train loss (one batch): 4242.0439453125
Train CE loss (one batch): 0.0
Test MSE: 0.0109
Poisson likelihood: 0.0
CE loss: 0.0
Experiment 30778
Epoch 0206 [Test seq (cond on sampled tp)] | Loss 5436.339844 | Likelihood -5433.359375 | KL fp 5.1755 | FP STD 0.0104|
KL coef: 0.8605244312247751
Train loss (one batch): 4214.97412109375
Train CE loss (one batch): 0.0
Test MSE: 0.0109
Poisson likelihood: 0.0
CE loss: 0.0
Experiment 30778
Epoch 0207 [Test seq (cond on sampled tp)] | Loss 5419.313965 | Likelihood -5420.457031 | KL fp 5.1960 | FP STD 0.0103|
KL coef: 0.8619191869125272
Train loss (one batch): 4220.50390625
Train CE loss (one batch): 0.0
Test MSE: 0.0109
Poisson likelihood: 0.0
CE loss: 0.0
Experiment 30778
Epoch 0208 [Test seq (cond on sampled tp)] | Loss 5398.044434 | Likelihood -5400.275879 | KL fp 5.1788 | FP STD 0.0105|
KL coef: 0.8632999950434019
Train loss (one batch): 4212.556640625
Train CE loss (one batch): 0.0
Test MSE: 0.0108
Poisson likelihood: 0.0
CE loss: 0.0
Experiment 30778
Epoch 0209 [Test seq (cond on sampled tp)] | Loss 5400.996582 | Likelihood -5399.898926 | KL fp 5.2481 | FP STD 0.0099|
KL coef: 0.864666995092968
Train loss (one batch): 4209.9404296875
Train CE loss (one batch): 0.0
Test MSE: 0.0108
Poisson likelihood: 0.0
CE loss: 0.0
Experiment 30778
Epoch 0210 [Test seq (cond on sampled tp)] | Loss 5377.183594 | Likelihood -5380.627441 | KL fp 5.2049 | FP STD 0.0100|
KL coef: 0.8660203251420383
Train loss (one batch): 4180.34765625
Train CE loss (one batch): 0.0
Test MSE: 0.0108
Poisson likelihood: 0.0
CE loss: 0.0
Experiment 30778
Epoch 0211 [Test seq (cond on sampled tp)] | Loss 5396.606934 | Likelihood -5394.364746 | KL fp 5.1230 | FP STD 0.0111|
KL coef: 0.867360121890618
Train loss (one batch): 4206.3115234375
Train CE loss (one batch): 0.0
Test MSE: 0.0108
Poisson likelihood: 0.0
CE loss: 0.0
Experiment 30778
Epoch 0212 [Test seq (cond on sampled tp)] | Loss 5387.052734 | Likelihood -5392.172363 | KL fp 5.1006 | FP STD 0.0120|
KL coef: 0.8686865206717117
Train loss (one batch): 4191.6455078125
Train CE loss (one batch): 0.0
Test MSE: 0.0108
Poisson likelihood: 0.0
CE loss: 0.0
Experiment 30778
Epoch 0213 [Test seq (cond on sampled tp)] | Loss 5367.573242 | Likelihood -5375.008301 | KL fp 5.0904 | FP STD 0.0121|
KL coef: 0.8699996554649946
Train loss (one batch): 4215.15380859375
Train CE loss (one batch): 0.0
Test MSE: 0.0108
Poisson likelihood: 0.0
CE loss: 0.0
Experiment 30778
Epoch 0214 [Test seq (cond on sampled tp)] | Loss 5365.609863 | Likelihood -5366.372559 | KL fp 5.0461 | FP STD 0.0117|
KL coef: 0.8712996589103447
Train loss (one batch): 4174.82470703125
Train CE loss (one batch): 0.0
Test MSE: 0.0107
Poisson likelihood: 0.0
CE loss: 0.0
Experiment 30778
Epoch 0215 [Test seq (cond on sampled tp)] | Loss 5345.692871 | Likelihood -5346.567383 | KL fp 5.0554 | FP STD 0.0113|
KL coef: 0.8725866623212413
Train loss (one batch): 4139.29541015625
Train CE loss (one batch): 0.0
Test MSE: 0.0107
Poisson likelihood: 0.0
CE loss: 0.0
Experiment 30778
Epoch 0216 [Test seq (cond on sampled tp)] | Loss 5333.880371 | Likelihood -5337.834961 | KL fp 5.0434 | FP STD 0.0114|
KL coef: 0.8738607956980289
Train loss (one batch): 4138.65869140625
Train CE loss (one batch): 0.0
Test MSE: 0.0107
Poisson likelihood: 0.0
CE loss: 0.0
Experiment 30778
Epoch 0217 [Test seq (cond on sampled tp)] | Loss 5333.309570 | Likelihood -5336.595215 | KL fp 5.1003 | FP STD 0.0111|
KL coef: 0.8751221877410486
Train loss (one batch): 4159.0595703125
Train CE loss (one batch): 0.0
Test MSE: 0.0107
Poisson likelihood: 0.0
CE loss: 0.0
Experiment 30778
Epoch 0218 [Test seq (cond on sampled tp)] | Loss 5321.996094 | Likelihood -5324.460449 | KL fp 5.0910 | FP STD 0.0112|
KL coef: 0.876370965863638
Train loss (one batch): 4132.01318359375
Train CE loss (one batch): 0.0
Test MSE: 0.0107
Poisson likelihood: 0.0
CE loss: 0.0
Experiment 30778
Epoch 0219 [Test seq (cond on sampled tp)] | Loss 5310.325684 | Likelihood -5315.442871 | KL fp 5.1351 | FP STD 0.0106|
KL coef: 0.8776072562050017
Train loss (one batch): 4136.45263671875
Train CE loss (one batch): 0.0
Test MSE: 0.0106
Poisson likelihood: 0.0
CE loss: 0.0
Experiment 30778
Epoch 0220 [Test seq (cond on sampled tp)] | Loss 5304.182129 | Likelihood -5305.983398 | KL fp 5.2008 | FP STD 0.0101|
KL coef: 0.8788311836429517
Train loss (one batch): 4136.4462890625
Train CE loss (one batch): 0.0
Test MSE: 0.0106
Poisson likelihood: 0.0
CE loss: 0.0
Experiment 30778
Epoch 0221 [Test seq (cond on sampled tp)] | Loss 5298.702637 | Likelihood -5296.710449 | KL fp 5.1991 | FP STD 0.0099|
KL coef: 0.8800428718065221
Train loss (one batch): 4126.88818359375
Train CE loss (one batch): 0.0
Test MSE: 0.0106
Poisson likelihood: 0.0
CE loss: 0.0
Experiment 30778
Epoch 0222 [Test seq (cond on sampled tp)] | Loss 5276.674805 | Likelihood -5282.927734 | KL fp 5.2368 | FP STD 0.0098|
KL coef: 0.8812424430884569
Train loss (one batch): 4125.18798828125
Train CE loss (one batch): 0.0
Test MSE: 0.0106
Poisson likelihood: 0.0
CE loss: 0.0
Experiment 30778
Epoch 0223 [Test seq (cond on sampled tp)] | Loss 5273.098145 | Likelihood -5276.867676 | KL fp 5.2127 | FP STD 0.0100|
KL coef: 0.8824300186575723
Train loss (one batch): 4112.865234375
Train CE loss (one batch): 0.0
Test MSE: 0.0106
Poisson likelihood: 0.0
CE loss: 0.0
Experiment 30778
Epoch 0224 [Test seq (cond on sampled tp)] | Loss 5257.571289 | Likelihood -5260.421875 | KL fp 5.2213 | FP STD 0.0099|
KL coef: 0.8836057184709967
Train loss (one batch): 4120.74609375
Train CE loss (one batch): 0.0
Test MSE: 0.0105
Poisson likelihood: 0.0
CE loss: 0.0
Experiment 30778
Epoch 0225 [Test seq (cond on sampled tp)] | Loss 5248.343750 | Likelihood -5253.406250 | KL fp 5.1288 | FP STD 0.0106|
KL coef: 0.8847696612862866
Train loss (one batch): 4098.70458984375
Train CE loss (one batch): 0.0
Test MSE: 0.0105
Poisson likelihood: 0.0
CE loss: 0.0
Experiment 30778
Epoch 0226 [Test seq (cond on sampled tp)] | Loss 5246.923340 | Likelihood -5243.770020 | KL fp 5.1411 | FP STD 0.0104|
KL coef: 0.8859219646734238
Train loss (one batch): 4095.172607421875
Train CE loss (one batch): 0.0
Test MSE: 0.0105
Poisson likelihood: 0.0
CE loss: 0.0
Experiment 30778
Epoch 0227 [Test seq (cond on sampled tp)] | Loss 5240.127441 | Likelihood -5239.726562 | KL fp 5.0592 | FP STD 0.0111|
KL coef: 0.8870627450266896
Train loss (one batch): 4093.38525390625
Train CE loss (one batch): 0.0
Test MSE: 0.0105
Poisson likelihood: 0.0
CE loss: 0.0
Experiment 30778
Epoch 0228 [Test seq (cond on sampled tp)] | Loss 5241.215332 | Likelihood -5242.796387 | KL fp 5.1113 | FP STD 0.0107|
KL coef: 0.8881921175764227
Train loss (one batch): 4083.52978515625
Train CE loss (one batch): 0.0
Test MSE: 0.0105
Poisson likelihood: 0.0
CE loss: 0.0
Experiment 30778
Epoch 0229 [Test seq (cond on sampled tp)] | Loss 5218.502930 | Likelihood -5219.710938 | KL fp 5.1661 | FP STD 0.0103|
KL coef: 0.8893101964006584
Train loss (one batch): 4056.416748046875
Train CE loss (one batch): 0.0
Test MSE: 0.0105
Poisson likelihood: 0.0
CE loss: 0.0
Experiment 30778
Epoch 0230 [Test seq (cond on sampled tp)] | Loss 5208.793945 | Likelihood -5212.968750 | KL fp 5.1603 | FP STD 0.0101|
KL coef: 0.8904170944366518
Train loss (one batch): 4058.092041015625
Train CE loss (one batch): 0.0
Test MSE: 0.0104
Poisson likelihood: 0.0
CE loss: 0.0
Experiment 30778
Epoch 0231 [Test seq (cond on sampled tp)] | Loss 5194.283203 | Likelihood -5203.791504 | KL fp 5.2128 | FP STD 0.0098|
KL coef: 0.8915129234922854
Train loss (one batch): 4074.355224609375
Train CE loss (one batch): 0.0
Test MSE: 0.0104
Poisson likelihood: 0.0
CE loss: 0.0
Experiment 30778
Epoch 0232 [Test seq (cond on sampled tp)] | Loss 5187.514160 | Likelihood -5191.750488 | KL fp 5.2298 | FP STD 0.0097|
KL coef: 0.8925977942573625
Train loss (one batch): 4058.926513671875
Train CE loss (one batch): 0.0
Test MSE: 0.0104
Poisson likelihood: 0.0
CE loss: 0.0
Experiment 30778
Epoch 0233 [Test seq (cond on sampled tp)] | Loss 5176.733887 | Likelihood -5181.309082 | KL fp 5.2315 | FP STD 0.0099|
KL coef: 0.8936718163147889
Train loss (one batch): 4050.1943359375
Train CE loss (one batch): 0.0
Test MSE: 0.0104
Poisson likelihood: 0.0
CE loss: 0.0
Experiment 30778
Epoch 0234 [Test seq (cond on sampled tp)] | Loss 5178.443359 | Likelihood -5180.631836 | KL fp 5.2112 | FP STD 0.0100|
KL coef: 0.894735098151641
Train loss (one batch): 4034.74560546875
Train CE loss (one batch): 0.0
Test MSE: 0.0104
Poisson likelihood: 0.0
CE loss: 0.0
Experiment 30778
Epoch 0235 [Test seq (cond on sampled tp)] | Loss 5163.315430 | Likelihood -5166.990234 | KL fp 5.1748 | FP STD 0.0101|
KL coef: 0.8957877471701245
Train loss (one batch): 4014.972900390625
Train CE loss (one batch): 0.0
Test MSE: 0.0103
Poisson likelihood: 0.0
CE loss: 0.0
Experiment 30778
Epoch 0236 [Test seq (cond on sampled tp)] | Loss 5167.696289 | Likelihood -5165.310547 | KL fp 5.0691 | FP STD 0.0112|
KL coef: 0.8968298696984233
Train loss (one batch): 4042.098876953125
Train CE loss (one batch): 0.0
Test MSE: 0.0103
Poisson likelihood: 0.0
CE loss: 0.0
Experiment 30778
Epoch 0237 [Test seq (cond on sampled tp)] | Loss 5164.025391 | Likelihood -5165.960938 | KL fp 5.1106 | FP STD 0.0113|
KL coef: 0.897861571001439
Train loss (one batch): 4030.580810546875
Train CE loss (one batch): 0.0
Test MSE: 0.0103
Poisson likelihood: 0.0
CE loss: 0.0
Experiment 30778
Epoch 0238 [Test seq (cond on sampled tp)] | Loss 5140.651367 | Likelihood -5140.140137 | KL fp 5.1702 | FP STD 0.0105|
KL coef: 0.8988829552914247
Train loss (one batch): 4045.62841796875
Train CE loss (one batch): 0.0
Test MSE: 0.0103
Poisson likelihood: 0.0
CE loss: 0.0
Experiment 30778
Epoch 0239 [Test seq (cond on sampled tp)] | Loss 5131.083496 | Likelihood -5133.640137 | KL fp 5.1093 | FP STD 0.0111|
KL coef: 0.8998941257385105
Train loss (one batch): 4021.373291015625
Train CE loss (one batch): 0.0
Test MSE: 0.0103
Poisson likelihood: 0.0
CE loss: 0.0
Experiment 30778
Epoch 0240 [Test seq (cond on sampled tp)] | Loss 5130.253418 | Likelihood -5132.067871 | KL fp 5.1685 | FP STD 0.0108|
KL coef: 0.9008951844811254
Train loss (one batch): 4018.70361328125
Train CE loss (one batch): 0.0
Test MSE: 0.0103
Poisson likelihood: 0.0
CE loss: 0.0
Experiment 30778
Epoch 0241 [Test seq (cond on sampled tp)] | Loss 5117.318848 | Likelihood -5123.488770 | KL fp 5.1887 | FP STD 0.0105|
KL coef: 0.9018862326363141
Train loss (one batch): 3994.472412109375
Train CE loss (one batch): 0.0
Test MSE: 0.0103
Poisson likelihood: 0.0
CE loss: 0.0
Experiment 30778
Epoch 0242 [Test seq (cond on sampled tp)] | Loss 5107.635254 | Likelihood -5106.824219 | KL fp 5.2062 | FP STD 0.0101|
KL coef: 0.902867370309951
Train loss (one batch): 3990.30419921875
Train CE loss (one batch): 0.0
Test MSE: 0.0102
Poisson likelihood: 0.0
CE loss: 0.0
Experiment 30778
Epoch 0243 [Test seq (cond on sampled tp)] | Loss 5096.664062 | Likelihood -5096.026855 | KL fp 5.2075 | FP STD 0.0100|
KL coef: 0.9038386966068515
Train loss (one batch): 3981.734130859375
Train CE loss (one batch): 0.0
Test MSE: 0.0102
Poisson likelihood: 0.0
CE loss: 0.0
Experiment 30778
Epoch 0244 [Test seq (cond on sampled tp)] | Loss 5085.592285 | Likelihood -5083.955566 | KL fp 5.2313 | FP STD 0.0098|
KL coef: 0.904800309640783
Train loss (one batch): 3980.719482421875
Train CE loss (one batch): 0.0
Test MSE: 0.0102
Poisson likelihood: 0.0
CE loss: 0.0
Experiment 30778
Epoch 0245 [Test seq (cond on sampled tp)] | Loss 5080.045898 | Likelihood -5079.886230 | KL fp 5.2626 | FP STD 0.0096|
KL coef: 0.9057523065443751
Train loss (one batch): 3983.463623046875
Train CE loss (one batch): 0.0
Test MSE: 0.0102
Poisson likelihood: 0.0
CE loss: 0.0
Experiment 30778
Epoch 0246 [Test seq (cond on sampled tp)] | Loss 5071.551758 | Likelihood -5068.413574 | KL fp 5.2549 | FP STD 0.0096|
KL coef: 0.9066947834789314
Train loss (one batch): 3967.193603515625
Train CE loss (one batch): 0.0
Test MSE: 0.0101
Poisson likelihood: 0.0
CE loss: 0.0
Experiment 30778
Epoch 0247 [Test seq (cond on sampled tp)] | Loss 5041.124023 | Likelihood -5051.988770 | KL fp 5.1986 | FP STD 0.0099|
KL coef: 0.9076278356441421
Train loss (one batch): 3948.27783203125
Train CE loss (one batch): 0.0
Test MSE: 0.0101
Poisson likelihood: 0.0
CE loss: 0.0
Experiment 30778
Epoch 0248 [Test seq (cond on sampled tp)] | Loss 5063.639648 | Likelihood -5069.136719 | KL fp 5.1898 | FP STD 0.0100|
KL coef: 0.9085515572877007
Train loss (one batch): 3961.698974609375
Train CE loss (one batch): 0.0
Test MSE: 0.0102
Poisson likelihood: 0.0
CE loss: 0.0
Experiment 30778
Epoch 0249 [Test seq (cond on sampled tp)] | Loss 5051.632812 | Likelihood -5050.824707 | KL fp 5.2229 | FP STD 0.0097|
KL coef: 0.9094660417148236
Train loss (one batch): 3951.803466796875
Train CE loss (one batch): 0.0
Test MSE: 0.0101
Poisson likelihood: 0.0
CE loss: 0.0
Experiment 30778
Epoch 0250 [Test seq (cond on sampled tp)] | Loss 5031.537109 | Likelihood -5030.873047 | KL fp 5.2611 | FP STD 0.0094|
KL coef: 0.9103713812976754
Train loss (one batch): 3958.8408203125
Train CE loss (one batch): 0.0
Test MSE: 0.0101
Poisson likelihood: 0.0
CE loss: 0.0
Experiment 30778
Epoch 0251 [Test seq (cond on sampled tp)] | Loss 5027.989258 | Likelihood -5026.004395 | KL fp 5.2602 | FP STD 0.0094|
KL coef: 0.9112676674846987
Train loss (one batch): 3932.390380859375
Train CE loss (one batch): 0.0
Test MSE: 0.0101
Poisson likelihood: 0.0
CE loss: 0.0
Experiment 30778
Epoch 0252 [Test seq (cond on sampled tp)] | Loss 5016.514160 | Likelihood -5016.887695 | KL fp 5.2535 | FP STD 0.0094|
KL coef: 0.9121549908098516
Train loss (one batch): 3930.05078125
Train CE loss (one batch): 0.0
Test MSE: 0.0100
Poisson likelihood: 0.0
CE loss: 0.0
Experiment 30778
Epoch 0253 [Test seq (cond on sampled tp)] | Loss 5018.222656 | Likelihood -5014.707031 | KL fp 5.2265 | FP STD 0.0095|
KL coef: 0.9130334409017531
Train loss (one batch): 3928.45556640625
Train CE loss (one batch): 0.0
Test MSE: 0.0100
Poisson likelihood: 0.0
CE loss: 0.0
Experiment 30778
Epoch 0254 [Test seq (cond on sampled tp)] | Loss 5008.941895 | Likelihood -5005.604004 | KL fp 5.2133 | FP STD 0.0095|
KL coef: 0.9139031064927357
Train loss (one batch): 3907.3349609375
Train CE loss (one batch): 0.0
Test MSE: 0.0100
Poisson likelihood: 0.0
CE loss: 0.0
Experiment 30778
Epoch 0255 [Test seq (cond on sampled tp)] | Loss 5001.215332 | Likelihood -4998.780762 | KL fp 5.2168 | FP STD 0.0095|
KL coef: 0.9147640754278082
Train loss (one batch): 3901.62939453125
Train CE loss (one batch): 0.0
Test MSE: 0.0100
Poisson likelihood: 0.0
CE loss: 0.0
Experiment 30778
Epoch 0256 [Test seq (cond on sampled tp)] | Loss 4980.107422 | Likelihood -4992.567871 | KL fp 5.2288 | FP STD 0.0094|
KL coef: 0.9156164346735302
Train loss (one batch): 3896.456298828125
Train CE loss (one batch): 0.0
Test MSE: 0.0100
Poisson likelihood: 0.0
CE loss: 0.0
Experiment 30778
Epoch 0257 [Test seq (cond on sampled tp)] | Loss 4994.626953 | Likelihood -4993.755371 | KL fp 5.0934 | FP STD 0.0111|
KL coef: 0.9164602703267949
Train loss (one batch): 3925.37255859375
Train CE loss (one batch): 0.0
Test MSE: 0.0100
Poisson likelihood: 0.0
CE loss: 0.0
Experiment 30778
Epoch 0258 [Test seq (cond on sampled tp)] | Loss 4980.554199 | Likelihood -4983.579590 | KL fp 5.1127 | FP STD 0.0107|
KL coef: 0.9172956676235269
Train loss (one batch): 3917.837890625
Train CE loss (one batch): 0.0
Test MSE: 0.0100
Poisson likelihood: 0.0
CE loss: 0.0
Experiment 30778
Epoch 0259 [Test seq (cond on sampled tp)] | Loss 4962.847168 | Likelihood -4968.095703 | KL fp 5.1575 | FP STD 0.0101|
KL coef: 0.9181227109472916
Train loss (one batch): 3911.08935546875
Train CE loss (one batch): 0.0
Test MSE: 0.0099
Poisson likelihood: 0.0
CE loss: 0.0
Experiment 30778
Epoch 0260 [Test seq (cond on sampled tp)] | Loss 4962.759277 | Likelihood -4959.807129 | KL fp 5.1855 | FP STD 0.0097|
KL coef: 0.9189414838378187
Train loss (one batch): 3874.921630859375
Train CE loss (one batch): 0.0
Test MSE: 0.0099
Poisson likelihood: 0.0
CE loss: 0.0
Experiment 30778
Epoch 0261 [Test seq (cond on sampled tp)] | Loss 4943.425293 | Likelihood -4940.814941 | KL fp 5.2129 | FP STD 0.0094|
KL coef: 0.9197520689994405
Train loss (one batch): 3872.6904296875
Train CE loss (one batch): 0.0
Test MSE: 0.0099
Poisson likelihood: 0.0
CE loss: 0.0
Experiment 30778
Epoch 0262 [Test seq (cond on sampled tp)] | Loss 4930.210938 | Likelihood -4930.908691 | KL fp 5.2187 | FP STD 0.0094|
KL coef: 0.9205545483094462
Train loss (one batch): 3864.31103515625
Train CE loss (one batch): 0.0
Test MSE: 0.0099
Poisson likelihood: 0.0
CE loss: 0.0
Experiment 30778
Epoch 0263 [Test seq (cond on sampled tp)] | Loss 4933.530273 | Likelihood -4933.388672 | KL fp 5.2131 | FP STD 0.0095|
KL coef: 0.9213490028263517
Train loss (one batch): 3859.25927734375
Train CE loss (one batch): 0.0
Test MSE: 0.0099
Poisson likelihood: 0.0
CE loss: 0.0
Experiment 30778
Epoch 0264 [Test seq (cond on sampled tp)] | Loss 4926.145508 | Likelihood -4924.492676 | KL fp 5.2658 | FP STD 0.0093|
KL coef: 0.9221355127980881
Train loss (one batch): 3852.7373046875
Train CE loss (one batch): 0.0
Test MSE: 0.0099
Poisson likelihood: 0.0
CE loss: 0.0
Experiment 30778
Epoch 0265 [Test seq (cond on sampled tp)] | Loss 4909.104980 | Likelihood -4909.664062 | KL fp 5.2749 | FP STD 0.0093|
KL coef: 0.9229141576701073
Train loss (one batch): 3830.517578125
Train CE loss (one batch): 0.0
Test MSE: 0.0098
Poisson likelihood: 0.0
CE loss: 0.0
Experiment 30778
Epoch 0266 [Test seq (cond on sampled tp)] | Loss 4893.608887 | Likelihood -4898.028809 | KL fp 5.1896 | FP STD 0.0096|
KL coef: 0.9236850160934063
Train loss (one batch): 3831.767578125
Train CE loss (one batch): 0.0
Test MSE: 0.0098
Poisson likelihood: 0.0
CE loss: 0.0
Experiment 30778
Epoch 0267 [Test seq (cond on sampled tp)] | Loss 4906.665039 | Likelihood -4906.450195 | KL fp 5.1817 | FP STD 0.0098|
KL coef: 0.9244481659324721
Train loss (one batch): 3843.884033203125
Train CE loss (one batch): 0.0
Test MSE: 0.0098
Poisson likelihood: 0.0
CE loss: 0.0
Experiment 30778
Epoch 0268 [Test seq (cond on sampled tp)] | Loss 4886.368164 | Likelihood -4888.691406 | KL fp 5.2152 | FP STD 0.0094|
KL coef: 0.9252036842731475
Train loss (one batch): 3840.703857421875
Train CE loss (one batch): 0.0
Test MSE: 0.0098
Poisson likelihood: 0.0
CE loss: 0.0
Experiment 30778
Epoch 0269 [Test seq (cond on sampled tp)] | Loss 4886.715820 | Likelihood -4883.822266 | KL fp 5.2497 | FP STD 0.0093|
KL coef: 0.9259516474304159
Train loss (one batch): 3823.812744140625
Train CE loss (one batch): 0.0
Test MSE: 0.0098
Poisson likelihood: 0.0
CE loss: 0.0
Experiment 30778
Epoch 0270 [Test seq (cond on sampled tp)] | Loss 4870.063965 | Likelihood -4870.358887 | KL fp 5.2739 | FP STD 0.0093|
KL coef: 0.9266921309561118
Train loss (one batch): 3805.65283203125
Train CE loss (one batch): 0.0
Test MSE: 0.0098
Poisson likelihood: 0.0
CE loss: 0.0
Experiment 30778
Epoch 0271 [Test seq (cond on sampled tp)] | Loss 4858.939453 | Likelihood -4859.359375 | KL fp 5.2354 | FP STD 0.0095|
KL coef: 0.9274252096465507
Train loss (one batch): 3818.681884765625
Train CE loss (one batch): 0.0
Test MSE: 0.0097
Poisson likelihood: 0.0
CE loss: 0.0
