/Users/deyiliu/Dropbox/UNC/G4/Spring/790/code/latent_ode-master/run_models.py
/Users/deyiliu/Dropbox/UNC/G4/Spring/790/code/latent_ode-master/run_models.py --niters 300 -n 1000 -l 15 --dataset hopper --latent-ode --z0-encoder trans -s 0.3
Experiment 73263
Epoch 0001 [Test seq (cond on sampled tp)] | Loss 49353.488281 | Likelihood -50043.214844 | KL fp 2.3654 | FP STD 0.2079|
KL coef: 0.0
Train loss (one batch): 51554.390625
Train CE loss (one batch): 0.0
Test MSE: 0.1001
Poisson likelihood: 0.0
CE loss: 0.0
Experiment 73263
Epoch 0002 [Test seq (cond on sampled tp)] | Loss 36281.285156 | Likelihood -36559.253906 | KL fp 2.5677 | FP STD 0.1595|
KL coef: 0.0
Train loss (one batch): 37288.046875
Train CE loss (one batch): 0.0
Test MSE: 0.0731
Poisson likelihood: 0.0
CE loss: 0.0
Experiment 73263
Epoch 0003 [Test seq (cond on sampled tp)] | Loss 33703.675781 | Likelihood -33893.308594 | KL fp 2.7084 | FP STD 0.1340|
KL coef: 0.0
Train loss (one batch): 31770.6953125
Train CE loss (one batch): 0.0
Test MSE: 0.0678
Poisson likelihood: 0.0
CE loss: 0.0
Experiment 73263
Epoch 0004 [Test seq (cond on sampled tp)] | Loss 31266.160156 | Likelihood -31658.853516 | KL fp 2.7586 | FP STD 0.1294|
KL coef: 0.0
Train loss (one batch): 31481.904296875
Train CE loss (one batch): 0.0
Test MSE: 0.0633
Poisson likelihood: 0.0
CE loss: 0.0
Experiment 73263
Epoch 0005 [Test seq (cond on sampled tp)] | Loss 31091.757812 | Likelihood -31285.755859 | KL fp 2.7745 | FP STD 0.1238|
KL coef: 0.0
Train loss (one batch): 30853.30078125
Train CE loss (one batch): 0.0
Test MSE: 0.0626
Poisson likelihood: 0.0
CE loss: 0.0
Experiment 73263
Epoch 0006 [Test seq (cond on sampled tp)] | Loss 31219.207031 | Likelihood -31363.218750 | KL fp 2.8197 | FP STD 0.1163|
KL coef: 0.0
Train loss (one batch): 30078.57421875
Train CE loss (one batch): 0.0
Test MSE: 0.0627
Poisson likelihood: 0.0
CE loss: 0.0
Experiment 73263
Epoch 0007 [Test seq (cond on sampled tp)] | Loss 29856.070312 | Likelihood -30130.521484 | KL fp 2.8093 | FP STD 0.1151|
KL coef: 0.0
Train loss (one batch): 28711.177734375
Train CE loss (one batch): 0.0
Test MSE: 0.0603
Poisson likelihood: 0.0
CE loss: 0.0
Experiment 73263
Epoch 0008 [Test seq (cond on sampled tp)] | Loss 29248.939453 | Likelihood -29283.859375 | KL fp 2.8635 | FP STD 0.1098|
KL coef: 0.0
Train loss (one batch): 29336.365234375
Train CE loss (one batch): 0.0
Test MSE: 0.0586
Poisson likelihood: 0.0
CE loss: 0.0
Experiment 73263
Epoch 0009 [Test seq (cond on sampled tp)] | Loss 29049.398438 | Likelihood -29364.093750 | KL fp 2.8375 | FP STD 0.1085|
KL coef: 0.0
Train loss (one batch): 27757.1171875
Train CE loss (one batch): 0.0
Test MSE: 0.0587
Poisson likelihood: 0.0
CE loss: 0.0
Experiment 73263
Epoch 0010 [Test seq (cond on sampled tp)] | Loss 28254.892578 | Likelihood -28384.810547 | KL fp 2.8306 | FP STD 0.1076|
KL coef: 0.0
Train loss (one batch): 27419.939453125
Train CE loss (one batch): 0.0
Test MSE: 0.0568
Poisson likelihood: 0.0
CE loss: 0.0
Experiment 73263
Epoch 0011 [Test seq (cond on sampled tp)] | Loss 26960.671875 | Likelihood -27281.884766 | KL fp 2.8680 | FP STD 0.1050|
KL coef: 0.010000000000000009
Train loss (one batch): 26611.56640625
Train CE loss (one batch): 0.0
Test MSE: 0.0546
Poisson likelihood: 0.0
CE loss: 0.0
Experiment 73263
Epoch 0012 [Test seq (cond on sampled tp)] | Loss 26291.085938 | Likelihood -26460.908203 | KL fp 2.8078 | FP STD 0.1102|
KL coef: 0.01990000000000003
Train loss (one batch): 27274.736328125
Train CE loss (one batch): 0.0
Test MSE: 0.0529
Poisson likelihood: 0.0
CE loss: 0.0
Experiment 73263
Epoch 0013 [Test seq (cond on sampled tp)] | Loss 24958.457031 | Likelihood -25181.947266 | KL fp 2.8040 | FP STD 0.1106|
KL coef: 0.029700999999999977
Train loss (one batch): 24772.470703125
Train CE loss (one batch): 0.0
Test MSE: 0.0504
Poisson likelihood: 0.0
CE loss: 0.0
Experiment 73263
Epoch 0014 [Test seq (cond on sampled tp)] | Loss 24844.734375 | Likelihood -25227.896484 | KL fp 2.7665 | FP STD 0.1129|
KL coef: 0.039403990000000055
Train loss (one batch): 23316.705078125
Train CE loss (one batch): 0.0
Test MSE: 0.0505
Poisson likelihood: 0.0
CE loss: 0.0
Experiment 73263
Epoch 0015 [Test seq (cond on sampled tp)] | Loss 22975.976562 | Likelihood -23189.125000 | KL fp 2.8200 | FP STD 0.1073|
KL coef: 0.04900995010000009
Train loss (one batch): 22777.03125
Train CE loss (one batch): 0.0
Test MSE: 0.0464
Poisson likelihood: 0.0
CE loss: 0.0
Experiment 73263
Epoch 0016 [Test seq (cond on sampled tp)] | Loss 22640.005859 | Likelihood -22717.224609 | KL fp 2.8343 | FP STD 0.1069|
KL coef: 0.058519850599
Train loss (one batch): 22484.556640625
Train CE loss (one batch): 0.0
Test MSE: 0.0454
Poisson likelihood: 0.0
CE loss: 0.0
Experiment 73263
Epoch 0017 [Test seq (cond on sampled tp)] | Loss 22314.734375 | Likelihood -22413.791016 | KL fp 2.8658 | FP STD 0.1015|
KL coef: 0.06793465209301008
Train loss (one batch): 21685.72265625
Train CE loss (one batch): 0.0
Test MSE: 0.0448
Poisson likelihood: 0.0
CE loss: 0.0
Experiment 73263
Epoch 0018 [Test seq (cond on sampled tp)] | Loss 21703.294922 | Likelihood -21839.253906 | KL fp 2.9203 | FP STD 0.0969|
KL coef: 0.07725530557207994
Train loss (one batch): 21433.537109375
Train CE loss (one batch): 0.0
Test MSE: 0.0437
Poisson likelihood: 0.0
CE loss: 0.0
Experiment 73263
Epoch 0019 [Test seq (cond on sampled tp)] | Loss 21514.119141 | Likelihood -21613.164062 | KL fp 2.9407 | FP STD 0.0962|
KL coef: 0.08648275251635917
Train loss (one batch): 21009.375
Train CE loss (one batch): 0.0
Test MSE: 0.0432
Poisson likelihood: 0.0
CE loss: 0.0
Experiment 73263
Epoch 0020 [Test seq (cond on sampled tp)] | Loss 21202.759766 | Likelihood -21310.619141 | KL fp 2.9709 | FP STD 0.0913|
KL coef: 0.09561792499119559
Train loss (one batch): 20905.419921875
Train CE loss (one batch): 0.0
Test MSE: 0.0426
Poisson likelihood: 0.0
CE loss: 0.0
Experiment 73263
Epoch 0021 [Test seq (cond on sampled tp)] | Loss 21020.175781 | Likelihood -21091.064453 | KL fp 2.9352 | FP STD 0.0929|
KL coef: 0.10466174574128362
Train loss (one batch): 21141.822265625
Train CE loss (one batch): 0.0
Test MSE: 0.0422
Poisson likelihood: 0.0
CE loss: 0.0
Experiment 73263
Epoch 0022 [Test seq (cond on sampled tp)] | Loss 20740.023438 | Likelihood -20849.677734 | KL fp 2.9973 | FP STD 0.0847|
KL coef: 0.11361512828387077
Train loss (one batch): 19953.0078125
Train CE loss (one batch): 0.0
Test MSE: 0.0417
Poisson likelihood: 0.0
CE loss: 0.0
Experiment 73263
Epoch 0023 [Test seq (cond on sampled tp)] | Loss 20389.349609 | Likelihood -20517.833984 | KL fp 3.0449 | FP STD 0.0823|
KL coef: 0.12247897700103216
Train loss (one batch): 20063.380859375
Train CE loss (one batch): 0.0
Test MSE: 0.0410
Poisson likelihood: 0.0
CE loss: 0.0
Experiment 73263
Epoch 0024 [Test seq (cond on sampled tp)] | Loss 20516.691406 | Likelihood -20553.265625 | KL fp 3.0005 | FP STD 0.0855|
KL coef: 0.13125418723102178
Train loss (one batch): 19900.4453125
Train CE loss (one batch): 0.0
Test MSE: 0.0411
Poisson likelihood: 0.0
CE loss: 0.0
Experiment 73263
Epoch 0025 [Test seq (cond on sampled tp)] | Loss 20030.398438 | Likelihood -20087.031250 | KL fp 3.0020 | FP STD 0.0885|
KL coef: 0.13994164535871156
Train loss (one batch): 19644.962890625
Train CE loss (one batch): 0.0
Test MSE: 0.0402
Poisson likelihood: 0.0
CE loss: 0.0
Experiment 73263
Epoch 0026 [Test seq (cond on sampled tp)] | Loss 19521.777344 | Likelihood -19561.597656 | KL fp 2.9890 | FP STD 0.0880|
KL coef: 0.14854222890512447
Train loss (one batch): 18683.6484375
Train CE loss (one batch): 0.0
Test MSE: 0.0391
Poisson likelihood: 0.0
CE loss: 0.0
Experiment 73263
Epoch 0027 [Test seq (cond on sampled tp)] | Loss 18970.001953 | Likelihood -19104.412109 | KL fp 3.0659 | FP STD 0.0834|
KL coef: 0.15705680661607324
Train loss (one batch): 18928.337890625
Train CE loss (one batch): 0.0
Test MSE: 0.0382
Poisson likelihood: 0.0
CE loss: 0.0
Experiment 73263
Epoch 0028 [Test seq (cond on sampled tp)] | Loss 18839.794922 | Likelihood -18894.146484 | KL fp 3.0151 | FP STD 0.0859|
KL coef: 0.1654862385499125
Train loss (one batch): 18532.482421875
Train CE loss (one batch): 0.0
Test MSE: 0.0378
Poisson likelihood: 0.0
CE loss: 0.0
Experiment 73263
Epoch 0029 [Test seq (cond on sampled tp)] | Loss 18584.388672 | Likelihood -18774.029297 | KL fp 3.0188 | FP STD 0.0848|
KL coef: 0.17383137616441335
Train loss (one batch): 18391.53125
Train CE loss (one batch): 0.0
Test MSE: 0.0376
Poisson likelihood: 0.0
CE loss: 0.0
Experiment 73263
Epoch 0030 [Test seq (cond on sampled tp)] | Loss 18715.947266 | Likelihood -18784.570312 | KL fp 3.0012 | FP STD 0.0857|
KL coef: 0.18209306240276923
Train loss (one batch): 18730.9375
Train CE loss (one batch): 0.0
Test MSE: 0.0376
Poisson likelihood: 0.0
CE loss: 0.0
Experiment 73263
Epoch 0031 [Test seq (cond on sampled tp)] | Loss 18489.312500 | Likelihood -18511.359375 | KL fp 3.0807 | FP STD 0.0795|
KL coef: 0.19027213177874158
Train loss (one batch): 18239.98046875
Train CE loss (one batch): 0.0
Test MSE: 0.0370
Poisson likelihood: 0.0
CE loss: 0.0
Experiment 73263
Epoch 0032 [Test seq (cond on sampled tp)] | Loss 18333.113281 | Likelihood -18381.833984 | KL fp 3.0531 | FP STD 0.0810|
KL coef: 0.19836941046095413
Train loss (one batch): 18534.310546875
Train CE loss (one batch): 0.0
Test MSE: 0.0368
Poisson likelihood: 0.0
CE loss: 0.0
Experiment 73263
Epoch 0033 [Test seq (cond on sampled tp)] | Loss 18266.345703 | Likelihood -18344.251953 | KL fp 3.0028 | FP STD 0.0827|
KL coef: 0.20638571635634462
Train loss (one batch): 17467.60546875
Train CE loss (one batch): 0.0
Test MSE: 0.0367
Poisson likelihood: 0.0
CE loss: 0.0
Experiment 73263
Epoch 0034 [Test seq (cond on sampled tp)] | Loss 17899.822266 | Likelihood -17967.171875 | KL fp 3.0934 | FP STD 0.0771|
KL coef: 0.21432185919278124
Train loss (one batch): 17990.8984375
Train CE loss (one batch): 0.0
Test MSE: 0.0359
Poisson likelihood: 0.0
CE loss: 0.0
Experiment 73263
Epoch 0035 [Test seq (cond on sampled tp)] | Loss 17698.289062 | Likelihood -17811.671875 | KL fp 3.1345 | FP STD 0.0785|
KL coef: 0.22217864060085335
Train loss (one batch): 17340.265625
Train CE loss (one batch): 0.0
Test MSE: 0.0356
Poisson likelihood: 0.0
CE loss: 0.0
Experiment 73263
Epoch 0036 [Test seq (cond on sampled tp)] | Loss 17708.855469 | Likelihood -17843.755859 | KL fp 3.0653 | FP STD 0.0806|
KL coef: 0.2299568541948449
Train loss (one batch): 17300.7265625
Train CE loss (one batch): 0.0
Test MSE: 0.0357
Poisson likelihood: 0.0
CE loss: 0.0
Experiment 73263
Epoch 0037 [Test seq (cond on sampled tp)] | Loss 17684.734375 | Likelihood -17742.052734 | KL fp 3.1173 | FP STD 0.0758|
KL coef: 0.23765728565289646
Train loss (one batch): 16916.029296875
Train CE loss (one batch): 0.0
Test MSE: 0.0355
Poisson likelihood: 0.0
CE loss: 0.0
Experiment 73263
Epoch 0038 [Test seq (cond on sampled tp)] | Loss 17430.269531 | Likelihood -17474.154297 | KL fp 3.0642 | FP STD 0.0804|
KL coef: 0.24528071279636743
Train loss (one batch): 17142.59375
Train CE loss (one batch): 0.0
Test MSE: 0.0350
Poisson likelihood: 0.0
CE loss: 0.0
Experiment 73263
Epoch 0039 [Test seq (cond on sampled tp)] | Loss 17451.941406 | Likelihood -17527.007812 | KL fp 3.0780 | FP STD 0.0789|
KL coef: 0.25282790566840385
Train loss (one batch): 17081.298828125
Train CE loss (one batch): 0.0
Test MSE: 0.0351
Poisson likelihood: 0.0
CE loss: 0.0
Experiment 73263
Epoch 0040 [Test seq (cond on sampled tp)] | Loss 17253.894531 | Likelihood -17345.373047 | KL fp 3.1529 | FP STD 0.0737|
KL coef: 0.2602996266117198
Train loss (one batch): 16813.20703125
Train CE loss (one batch): 0.0
Test MSE: 0.0347
Poisson likelihood: 0.0
CE loss: 0.0
Experiment 73263
Epoch 0041 [Test seq (cond on sampled tp)] | Loss 17128.189453 | Likelihood -17186.216797 | KL fp 3.1122 | FP STD 0.0778|
KL coef: 0.26769663034560254
Train loss (one batch): 16260.17578125
Train CE loss (one batch): 0.0
Test MSE: 0.0344
Poisson likelihood: 0.0
CE loss: 0.0
Experiment 73263
Epoch 0042 [Test seq (cond on sampled tp)] | Loss 16862.375000 | Likelihood -16916.861328 | KL fp 3.0927 | FP STD 0.0759|
KL coef: 0.2750196640421466
Train loss (one batch): 16716.458984375
Train CE loss (one batch): 0.0
Test MSE: 0.0338
Poisson likelihood: 0.0
CE loss: 0.0
Experiment 73263
Epoch 0043 [Test seq (cond on sampled tp)] | Loss 16760.412109 | Likelihood -16828.445312 | KL fp 3.1108 | FP STD 0.0769|
KL coef: 0.2822694674017251
Train loss (one batch): 16087.060546875
Train CE loss (one batch): 0.0
Test MSE: 0.0337
Poisson likelihood: 0.0
CE loss: 0.0
Experiment 73263
Epoch 0044 [Test seq (cond on sampled tp)] | Loss 16587.412109 | Likelihood -16609.574219 | KL fp 3.0945 | FP STD 0.0762|
KL coef: 0.2894467727277079
Train loss (one batch): 16025.45703125
Train CE loss (one batch): 0.0
Test MSE: 0.0332
Poisson likelihood: 0.0
CE loss: 0.0
Experiment 73263
Epoch 0045 [Test seq (cond on sampled tp)] | Loss 16602.406250 | Likelihood -16639.291016 | KL fp 3.1226 | FP STD 0.0761|
KL coef: 0.29655230500043084
Train loss (one batch): 15999.146484375
Train CE loss (one batch): 0.0
Test MSE: 0.0333
Poisson likelihood: 0.0
CE loss: 0.0
Experiment 73263
Epoch 0046 [Test seq (cond on sampled tp)] | Loss 16053.056641 | Likelihood -16122.964844 | KL fp 3.1445 | FP STD 0.0740|
KL coef: 0.30358678195042654
Train loss (one batch): 16218.732421875
Train CE loss (one batch): 0.0
Test MSE: 0.0323
Poisson likelihood: 0.0
CE loss: 0.0
Experiment 73263
Epoch 0047 [Test seq (cond on sampled tp)] | Loss 15723.191406 | Likelihood -15845.424805 | KL fp 3.0948 | FP STD 0.0767|
KL coef: 0.3105509141309223
Train loss (one batch): 15506.2578125
Train CE loss (one batch): 0.0
Test MSE: 0.0317
Poisson likelihood: 0.0
CE loss: 0.0
Experiment 73263
Epoch 0048 [Test seq (cond on sampled tp)] | Loss 15404.128906 | Likelihood -15516.213867 | KL fp 3.1064 | FP STD 0.0766|
KL coef: 0.31744540498961304
Train loss (one batch): 14790.6005859375
Train CE loss (one batch): 0.0
Test MSE: 0.0310
Poisson likelihood: 0.0
CE loss: 0.0
Experiment 73263
Epoch 0049 [Test seq (cond on sampled tp)] | Loss 15593.100586 | Likelihood -15622.140625 | KL fp 3.1063 | FP STD 0.0779|
KL coef: 0.3242709509397169
Train loss (one batch): 15042.0322265625
Train CE loss (one batch): 0.0
Test MSE: 0.0313
Poisson likelihood: 0.0
CE loss: 0.0
Experiment 73263
Epoch 0050 [Test seq (cond on sampled tp)] | Loss 15357.794922 | Likelihood -15391.291992 | KL fp 3.1186 | FP STD 0.0755|
KL coef: 0.3310282414303197
Train loss (one batch): 14801.1240234375
Train CE loss (one batch): 0.0
Test MSE: 0.0308
Poisson likelihood: 0.0
CE loss: 0.0
Experiment 73263
Epoch 0051 [Test seq (cond on sampled tp)] | Loss 14908.614258 | Likelihood -15050.081055 | KL fp 3.1440 | FP STD 0.0747|
KL coef: 0.33771795901601653
Train loss (one batch): 14414.318359375
Train CE loss (one batch): 0.0
Test MSE: 0.0301
Poisson likelihood: 0.0
CE loss: 0.0
Experiment 73263
Epoch 0052 [Test seq (cond on sampled tp)] | Loss 14931.955078 | Likelihood -14949.866211 | KL fp 3.1087 | FP STD 0.0756|
KL coef: 0.3443407794258564
Train loss (one batch): 14484.904296875
Train CE loss (one batch): 0.0
Test MSE: 0.0299
Poisson likelihood: 0.0
CE loss: 0.0
Experiment 73263
Epoch 0053 [Test seq (cond on sampled tp)] | Loss 14692.410156 | Likelihood -14724.773438 | KL fp 3.1282 | FP STD 0.0762|
KL coef: 0.35089737163159784
Train loss (one batch): 14151.578125
Train CE loss (one batch): 0.0
Test MSE: 0.0295
Poisson likelihood: 0.0
CE loss: 0.0
Experiment 73263
Epoch 0054 [Test seq (cond on sampled tp)] | Loss 14502.445312 | Likelihood -14525.028320 | KL fp 3.0971 | FP STD 0.0764|
KL coef: 0.3573883979152819
Train loss (one batch): 13919.7265625
Train CE loss (one batch): 0.0
Test MSE: 0.0291
Poisson likelihood: 0.0
CE loss: 0.0
Experiment 73263
Epoch 0055 [Test seq (cond on sampled tp)] | Loss 14436.464844 | Likelihood -14483.461914 | KL fp 3.1449 | FP STD 0.0748|
KL coef: 0.36381451393612907
Train loss (one batch): 13661.1953125
Train CE loss (one batch): 0.0
Test MSE: 0.0290
Poisson likelihood: 0.0
CE loss: 0.0
Experiment 73263
Epoch 0056 [Test seq (cond on sampled tp)] | Loss 14347.555664 | Likelihood -14386.452148 | KL fp 3.1368 | FP STD 0.0752|
KL coef: 0.37017636879676774
Train loss (one batch): 13329.6298828125
Train CE loss (one batch): 0.0
Test MSE: 0.0288
Poisson likelihood: 0.0
CE loss: 0.0
Experiment 73263
Epoch 0057 [Test seq (cond on sampled tp)] | Loss 14188.498047 | Likelihood -14221.906250 | KL fp 3.1368 | FP STD 0.0735|
KL coef: 0.37647460510880004
Train loss (one batch): 13967.7265625
Train CE loss (one batch): 0.0
Test MSE: 0.0285
Poisson likelihood: 0.0
CE loss: 0.0
Experiment 73263
Epoch 0058 [Test seq (cond on sampled tp)] | Loss 14035.172852 | Likelihood -14108.565430 | KL fp 3.2058 | FP STD 0.0712|
KL coef: 0.38270985905771204
Train loss (one batch): 13433.5146484375
Train CE loss (one batch): 0.0
Test MSE: 0.0282
Poisson likelihood: 0.0
CE loss: 0.0
Experiment 73263
Epoch 0059 [Test seq (cond on sampled tp)] | Loss 14141.792969 | Likelihood -14176.114258 | KL fp 3.1642 | FP STD 0.0731|
KL coef: 0.388882760467135
Train loss (one batch): 13499.587890625
Train CE loss (one batch): 0.0
Test MSE: 0.0284
Poisson likelihood: 0.0
CE loss: 0.0
Experiment 73263
Epoch 0060 [Test seq (cond on sampled tp)] | Loss 13725.724609 | Likelihood -13767.417969 | KL fp 3.1981 | FP STD 0.0698|
KL coef: 0.39499393286246365
Train loss (one batch): 13325.529296875
Train CE loss (one batch): 0.0
Test MSE: 0.0275
Poisson likelihood: 0.0
CE loss: 0.0
Experiment 73263
Epoch 0061 [Test seq (cond on sampled tp)] | Loss 13637.952148 | Likelihood -13667.510742 | KL fp 3.1227 | FP STD 0.0746|
KL coef: 0.401043993533839
Train loss (one batch): 12744.576171875
Train CE loss (one batch): 0.0
Test MSE: 0.0273
Poisson likelihood: 0.0
CE loss: 0.0
Experiment 73263
Epoch 0062 [Test seq (cond on sampled tp)] | Loss 13530.949219 | Likelihood -13540.995117 | KL fp 3.2303 | FP STD 0.0684|
KL coef: 0.4070335535985006
Train loss (one batch): 12400.73828125
Train CE loss (one batch): 0.0
Test MSE: 0.0271
Poisson likelihood: 0.0
CE loss: 0.0
Experiment 73263
Epoch 0063 [Test seq (cond on sampled tp)] | Loss 13480.879883 | Likelihood -13492.899414 | KL fp 3.2079 | FP STD 0.0691|
KL coef: 0.41296321806251557
Train loss (one batch): 12867.59765625
Train CE loss (one batch): 0.0
Test MSE: 0.0270
Poisson likelihood: 0.0
CE loss: 0.0
Experiment 73263
Epoch 0064 [Test seq (cond on sampled tp)] | Loss 13260.900391 | Likelihood -13338.524414 | KL fp 3.2393 | FP STD 0.0665|
KL coef: 0.41883358588189046
Train loss (one batch): 12850.076171875
Train CE loss (one batch): 0.0
Test MSE: 0.0267
Poisson likelihood: 0.0
CE loss: 0.0
Experiment 73263
Epoch 0065 [Test seq (cond on sampled tp)] | Loss 13430.977539 | Likelihood -13505.946289 | KL fp 3.2189 | FP STD 0.0679|
KL coef: 0.4246452500230715
Train loss (one batch): 12935.8388671875
Train CE loss (one batch): 0.0
Test MSE: 0.0270
Poisson likelihood: 0.0
CE loss: 0.0
Experiment 73263
Epoch 0066 [Test seq (cond on sampled tp)] | Loss 13376.700195 | Likelihood -13429.797852 | KL fp 3.2360 | FP STD 0.0666|
KL coef: 0.4303987975228408
Train loss (one batch): 12860.1142578125
Train CE loss (one batch): 0.0
Test MSE: 0.0269
Poisson likelihood: 0.0
CE loss: 0.0
Experiment 73263
Epoch 0067 [Test seq (cond on sampled tp)] | Loss 13005.696289 | Likelihood -13098.833008 | KL fp 3.2742 | FP STD 0.0645|
KL coef: 0.4360948095476125
Train loss (one batch): 12456.8798828125
Train CE loss (one batch): 0.0
Test MSE: 0.0262
Poisson likelihood: 0.0
CE loss: 0.0
Experiment 73263
Epoch 0068 [Test seq (cond on sampled tp)] | Loss 13036.185547 | Likelihood -13107.938477 | KL fp 3.2577 | FP STD 0.0678|
KL coef: 0.44173386145213633
Train loss (one batch): 12081.45703125
Train CE loss (one batch): 0.0
Test MSE: 0.0262
Poisson likelihood: 0.0
CE loss: 0.0
Experiment 73263
Epoch 0069 [Test seq (cond on sampled tp)] | Loss 13111.339844 | Likelihood -13138.012695 | KL fp 3.2423 | FP STD 0.0646|
KL coef: 0.4473165228376149
Train loss (one batch): 12031.6220703125
Train CE loss (one batch): 0.0
Test MSE: 0.0263
Poisson likelihood: 0.0
CE loss: 0.0
Experiment 73263
Epoch 0070 [Test seq (cond on sampled tp)] | Loss 12962.756836 | Likelihood -12997.791992 | KL fp 3.2382 | FP STD 0.0669|
KL coef: 0.4528433576092388
Train loss (one batch): 11820.2158203125
Train CE loss (one batch): 0.0
Test MSE: 0.0260
Poisson likelihood: 0.0
CE loss: 0.0
Experiment 73263
Epoch 0071 [Test seq (cond on sampled tp)] | Loss 12660.388672 | Likelihood -12732.750977 | KL fp 3.3296 | FP STD 0.0618|
KL coef: 0.45831492403314644
Train loss (one batch): 11865.9462890625
Train CE loss (one batch): 0.0
Test MSE: 0.0255
Poisson likelihood: 0.0
CE loss: 0.0
Experiment 73263
Epoch 0072 [Test seq (cond on sampled tp)] | Loss 12603.858398 | Likelihood -12729.661133 | KL fp 3.2401 | FP STD 0.0668|
KL coef: 0.463731774792815
Train loss (one batch): 12018.056640625
Train CE loss (one batch): 0.0
Test MSE: 0.0255
Poisson likelihood: 0.0
CE loss: 0.0
Experiment 73263
Epoch 0073 [Test seq (cond on sampled tp)] | Loss 12618.391602 | Likelihood -12688.003906 | KL fp 3.3156 | FP STD 0.0621|
KL coef: 0.46909445704488684
Train loss (one batch): 11585.9833984375
Train CE loss (one batch): 0.0
Test MSE: 0.0254
Poisson likelihood: 0.0
CE loss: 0.0
Experiment 73263
Epoch 0074 [Test seq (cond on sampled tp)] | Loss 12340.517578 | Likelihood -12378.824219 | KL fp 3.3097 | FP STD 0.0628|
KL coef: 0.474403512474438
Train loss (one batch): 11946.8330078125
Train CE loss (one batch): 0.0
Test MSE: 0.0248
Poisson likelihood: 0.0
CE loss: 0.0
Experiment 73263
Epoch 0075 [Test seq (cond on sampled tp)] | Loss 12461.538086 | Likelihood -12491.588867 | KL fp 3.3746 | FP STD 0.0598|
KL coef: 0.4796594773496936
Train loss (one batch): 11568.595703125
Train CE loss (one batch): 0.0
Test MSE: 0.0250
Poisson likelihood: 0.0
CE loss: 0.0
Experiment 73263
Epoch 0076 [Test seq (cond on sampled tp)] | Loss 12534.862305 | Likelihood -12539.996094 | KL fp 3.3233 | FP STD 0.0618|
KL coef: 0.4848628825761967
Train loss (one batch): 11857.6044921875
Train CE loss (one batch): 0.0
Test MSE: 0.0251
Poisson likelihood: 0.0
CE loss: 0.0
Experiment 73263
Epoch 0077 [Test seq (cond on sampled tp)] | Loss 12189.775391 | Likelihood -12206.762695 | KL fp 3.3343 | FP STD 0.0623|
KL coef: 0.4900142537504347
Train loss (one batch): 11297.6484375
Train CE loss (one batch): 0.0
Test MSE: 0.0244
Poisson likelihood: 0.0
CE loss: 0.0
Experiment 73263
Epoch 0078 [Test seq (cond on sampled tp)] | Loss 11976.414062 | Likelihood -12019.723633 | KL fp 3.3439 | FP STD 0.0605|
KL coef: 0.49511411121293036
Train loss (one batch): 11251.224609375
Train CE loss (one batch): 0.0
Test MSE: 0.0241
Poisson likelihood: 0.0
CE loss: 0.0
Experiment 73263
Epoch 0079 [Test seq (cond on sampled tp)] | Loss 11990.097656 | Likelihood -12043.088867 | KL fp 3.3464 | FP STD 0.0620|
KL coef: 0.500162970100801
Train loss (one batch): 12009.8525390625
Train CE loss (one batch): 0.0
Test MSE: 0.0241
Poisson likelihood: 0.0
CE loss: 0.0
Experiment 73263
Epoch 0080 [Test seq (cond on sampled tp)] | Loss 12073.585938 | Likelihood -12108.691406 | KL fp 3.4073 | FP STD 0.0579|
KL coef: 0.505161340399793
Train loss (one batch): 11020.1982421875
Train CE loss (one batch): 0.0
Test MSE: 0.0242
Poisson likelihood: 0.0
CE loss: 0.0
Experiment 73263
Epoch 0081 [Test seq (cond on sampled tp)] | Loss 11988.495117 | Likelihood -11997.949219 | KL fp 3.4227 | FP STD 0.0565|
KL coef: 0.510109726995795
Train loss (one batch): 11446.1083984375
Train CE loss (one batch): 0.0
Test MSE: 0.0240
Poisson likelihood: 0.0
CE loss: 0.0
Experiment 73263
Epoch 0082 [Test seq (cond on sampled tp)] | Loss 12016.440430 | Likelihood -12077.315430 | KL fp 3.3762 | FP STD 0.0583|
KL coef: 0.5150086297258372
Train loss (one batch): 11479.607421875
Train CE loss (one batch): 0.0
Test MSE: 0.0242
Poisson likelihood: 0.0
CE loss: 0.0
Experiment 73263
Epoch 0083 [Test seq (cond on sampled tp)] | Loss 11959.466797 | Likelihood -12000.262695 | KL fp 3.4136 | FP STD 0.0577|
KL coef: 0.5198585434285787
Train loss (one batch): 10945.4658203125
Train CE loss (one batch): 0.0
Test MSE: 0.0240
Poisson likelihood: 0.0
CE loss: 0.0
Experiment 73263
Epoch 0084 [Test seq (cond on sampled tp)] | Loss 11639.152344 | Likelihood -11675.120117 | KL fp 3.3514 | FP STD 0.0594|
KL coef: 0.524659957994293
Train loss (one batch): 11139.5263671875
Train CE loss (one batch): 0.0
Test MSE: 0.0234
Poisson likelihood: 0.0
CE loss: 0.0
Experiment 73263
Epoch 0085 [Test seq (cond on sampled tp)] | Loss 11696.065430 | Likelihood -11746.753906 | KL fp 3.3783 | FP STD 0.0607|
KL coef: 0.5294133584143501
Train loss (one batch): 11322.6923828125
Train CE loss (one batch): 0.0
Test MSE: 0.0235
Poisson likelihood: 0.0
CE loss: 0.0
Experiment 73263
Epoch 0086 [Test seq (cond on sampled tp)] | Loss 11827.634766 | Likelihood -11837.116211 | KL fp 3.3515 | FP STD 0.0589|
KL coef: 0.5341192248302067
Train loss (one batch): 10744.2412109375
Train CE loss (one batch): 0.0
Test MSE: 0.0237
Poisson likelihood: 0.0
CE loss: 0.0
Experiment 73263
Epoch 0087 [Test seq (cond on sampled tp)] | Loss 11570.626953 | Likelihood -11617.143555 | KL fp 3.3673 | FP STD 0.0602|
KL coef: 0.5387780325819045
Train loss (one batch): 10893.6337890625
Train CE loss (one batch): 0.0
Test MSE: 0.0232
Poisson likelihood: 0.0
CE loss: 0.0
Experiment 73263
Epoch 0088 [Test seq (cond on sampled tp)] | Loss 11500.634766 | Likelihood -11519.655273 | KL fp 3.3763 | FP STD 0.0580|
KL coef: 0.5433902522560855
Train loss (one batch): 10769.544921875
Train CE loss (one batch): 0.0
Test MSE: 0.0231
Poisson likelihood: 0.0
CE loss: 0.0
Experiment 73263
Epoch 0089 [Test seq (cond on sampled tp)] | Loss 11343.030273 | Likelihood -11373.399414 | KL fp 3.4384 | FP STD 0.0568|
KL coef: 0.5479563497335247
Train loss (one batch): 11031.1953125
Train CE loss (one batch): 0.0
Test MSE: 0.0228
Poisson likelihood: 0.0
CE loss: 0.0
Experiment 73263
Epoch 0090 [Test seq (cond on sampled tp)] | Loss 11572.272461 | Likelihood -11593.133789 | KL fp 3.4527 | FP STD 0.0566|
KL coef: 0.5524767862361895
Train loss (one batch): 10461.052734375
Train CE loss (one batch): 0.0
Test MSE: 0.0232
Poisson likelihood: 0.0
CE loss: 0.0
Experiment 73263
Epoch 0091 [Test seq (cond on sampled tp)] | Loss 11492.773438 | Likelihood -11522.428711 | KL fp 3.4443 | FP STD 0.0559|
KL coef: 0.5569520183738275
Train loss (one batch): 10736.87109375
Train CE loss (one batch): 0.0
Test MSE: 0.0231
Poisson likelihood: 0.0
CE loss: 0.0
Experiment 73263
Epoch 0092 [Test seq (cond on sampled tp)] | Loss 11446.951172 | Likelihood -11470.507812 | KL fp 3.4374 | FP STD 0.0552|
KL coef: 0.5613824981900892
Train loss (one batch): 10957.953125
Train CE loss (one batch): 0.0
Test MSE: 0.0230
Poisson likelihood: 0.0
CE loss: 0.0
Experiment 73263
Epoch 0093 [Test seq (cond on sampled tp)] | Loss 11518.258789 | Likelihood -11559.407227 | KL fp 3.4270 | FP STD 0.0561|
KL coef: 0.5657686732081884
Train loss (one batch): 10410.541015625
Train CE loss (one batch): 0.0
Test MSE: 0.0231
Poisson likelihood: 0.0
CE loss: 0.0
Experiment 73263
Epoch 0094 [Test seq (cond on sampled tp)] | Loss 11318.182617 | Likelihood -11379.059570 | KL fp 3.4215 | FP STD 0.0554|
KL coef: 0.5701109864761065
Train loss (one batch): 10287.8193359375
Train CE loss (one batch): 0.0
Test MSE: 0.0228
Poisson likelihood: 0.0
CE loss: 0.0
Experiment 73263
Epoch 0095 [Test seq (cond on sampled tp)] | Loss 11383.100586 | Likelihood -11434.950195 | KL fp 3.4679 | FP STD 0.0542|
KL coef: 0.5744098766113455
Train loss (one batch): 10287.54296875
Train CE loss (one batch): 0.0
Test MSE: 0.0229
Poisson likelihood: 0.0
CE loss: 0.0
Experiment 73263
Epoch 0096 [Test seq (cond on sampled tp)] | Loss 11269.778320 | Likelihood -11318.588867 | KL fp 3.4492 | FP STD 0.0549|
KL coef: 0.578665777845232
Train loss (one batch): 10249.8740234375
Train CE loss (one batch): 0.0
Test MSE: 0.0226
Poisson likelihood: 0.0
CE loss: 0.0
Experiment 73263
Epoch 0097 [Test seq (cond on sampled tp)] | Loss 11240.413086 | Likelihood -11261.727539 | KL fp 3.4783 | FP STD 0.0534|
KL coef: 0.5828791200667797
Train loss (one batch): 10201.173828125
Train CE loss (one batch): 0.0
Test MSE: 0.0225
Poisson likelihood: 0.0
CE loss: 0.0
Experiment 73263
Epoch 0098 [Test seq (cond on sampled tp)] | Loss 11188.189453 | Likelihood -11257.828125 | KL fp 3.4739 | FP STD 0.0529|
KL coef: 0.5870503288661119
Train loss (one batch): 10413.234375
Train CE loss (one batch): 0.0
Test MSE: 0.0225
Poisson likelihood: 0.0
CE loss: 0.0
Experiment 73263
Epoch 0099 [Test seq (cond on sampled tp)] | Loss 11190.115234 | Likelihood -11229.968750 | KL fp 3.5098 | FP STD 0.0523|
KL coef: 0.5911798255774507
Train loss (one batch): 10128.955078125
Train CE loss (one batch): 0.0
Test MSE: 0.0225
Poisson likelihood: 0.0
CE loss: 0.0
Experiment 73263
Epoch 0100 [Test seq (cond on sampled tp)] | Loss 11113.678711 | Likelihood -11149.081055 | KL fp 3.4495 | FP STD 0.0526|
KL coef: 0.5952680273216762
Train loss (one batch): 10387.9921875
Train CE loss (one batch): 0.0
Test MSE: 0.0223
Poisson likelihood: 0.0
CE loss: 0.0
Experiment 73263
Epoch 0101 [Test seq (cond on sampled tp)] | Loss 11036.362305 | Likelihood -11077.219727 | KL fp 3.5167 | FP STD 0.0511|
KL coef: 0.5993153470484595
Train loss (one batch): 10143.572265625
Train CE loss (one batch): 0.0
Test MSE: 0.0222
Poisson likelihood: 0.0
CE loss: 0.0
Experiment 73263
Epoch 0102 [Test seq (cond on sampled tp)] | Loss 11028.090820 | Likelihood -11049.812500 | KL fp 3.5087 | FP STD 0.0507|
KL coef: 0.6033221935779749
Train loss (one batch): 10741.7685546875
Train CE loss (one batch): 0.0
Test MSE: 0.0221
Poisson likelihood: 0.0
CE loss: 0.0
Experiment 73263
Epoch 0103 [Test seq (cond on sampled tp)] | Loss 11184.203125 | Likelihood -11215.308594 | KL fp 3.4817 | FP STD 0.0519|
KL coef: 0.6072889716421952
Train loss (one batch): 10362.2724609375
Train CE loss (one batch): 0.0
Test MSE: 0.0224
Poisson likelihood: 0.0
CE loss: 0.0
Experiment 73263
Epoch 0104 [Test seq (cond on sampled tp)] | Loss 11219.169922 | Likelihood -11255.933594 | KL fp 3.4940 | FP STD 0.0509|
KL coef: 0.6112160819257733
Train loss (one batch): 10221.5400390625
Train CE loss (one batch): 0.0
Test MSE: 0.0225
Poisson likelihood: 0.0
CE loss: 0.0
Experiment 73263
Epoch 0105 [Test seq (cond on sampled tp)] | Loss 10901.685547 | Likelihood -10940.967773 | KL fp 3.5580 | FP STD 0.0486|
KL coef: 0.6151039211065155
Train loss (one batch): 9899.8232421875
Train CE loss (one batch): 0.0
Test MSE: 0.0219
Poisson likelihood: 0.0
CE loss: 0.0
Experiment 73263
Epoch 0106 [Test seq (cond on sampled tp)] | Loss 10936.726562 | Likelihood -10938.953125 | KL fp 3.5697 | FP STD 0.0479|
KL coef: 0.6189528818954504
Train loss (one batch): 10440.89453125
Train CE loss (one batch): 0.0
Test MSE: 0.0219
Poisson likelihood: 0.0
CE loss: 0.0
Experiment 73263
Epoch 0107 [Test seq (cond on sampled tp)] | Loss 10900.080078 | Likelihood -10927.800781 | KL fp 3.5719 | FP STD 0.0471|
KL coef: 0.6227633530764958
Train loss (one batch): 10297.6728515625
Train CE loss (one batch): 0.0
Test MSE: 0.0219
Poisson likelihood: 0.0
CE loss: 0.0
Experiment 73263
Epoch 0108 [Test seq (cond on sampled tp)] | Loss 10983.082031 | Likelihood -10996.956055 | KL fp 3.5348 | FP STD 0.0487|
KL coef: 0.6265357195457308
Train loss (one batch): 10016.9345703125
Train CE loss (one batch): 0.0
Test MSE: 0.0220
Poisson likelihood: 0.0
CE loss: 0.0
Experiment 73263
Epoch 0109 [Test seq (cond on sampled tp)] | Loss 10756.073242 | Likelihood -10768.156250 | KL fp 3.5607 | FP STD 0.0488|
KL coef: 0.6302703623502736
Train loss (one batch): 10641.2060546875
Train CE loss (one batch): 0.0
Test MSE: 0.0215
Poisson likelihood: 0.0
CE loss: 0.0
Experiment 73263
Epoch 0110 [Test seq (cond on sampled tp)] | Loss 10817.686523 | Likelihood -10837.987305 | KL fp 3.5549 | FP STD 0.0477|
KL coef: 0.6339676587267709
Train loss (one batch): 9863.4599609375
Train CE loss (one batch): 0.0
Test MSE: 0.0217
Poisson likelihood: 0.0
CE loss: 0.0
Experiment 73263
Epoch 0111 [Test seq (cond on sampled tp)] | Loss 10936.069336 | Likelihood -10945.020508 | KL fp 3.5623 | FP STD 0.0480|
KL coef: 0.6376279821395031
Train loss (one batch): 10024.275390625
Train CE loss (one batch): 0.0
Test MSE: 0.0219
Poisson likelihood: 0.0
CE loss: 0.0
Experiment 73263
Epoch 0112 [Test seq (cond on sampled tp)] | Loss 10986.830078 | Likelihood -11019.698242 | KL fp 3.5897 | FP STD 0.0458|
KL coef: 0.6412517023181081
Train loss (one batch): 9979.3740234375
Train CE loss (one batch): 0.0
Test MSE: 0.0221
Poisson likelihood: 0.0
CE loss: 0.0
Experiment 73263
Epoch 0113 [Test seq (cond on sampled tp)] | Loss 10767.880859 | Likelihood -10795.929688 | KL fp 3.6239 | FP STD 0.0461|
KL coef: 0.644839185294927
Train loss (one batch): 10436.8173828125
Train CE loss (one batch): 0.0
Test MSE: 0.0216
Poisson likelihood: 0.0
CE loss: 0.0
Experiment 73263
Epoch 0114 [Test seq (cond on sampled tp)] | Loss 10613.578125 | Likelihood -10712.739258 | KL fp 3.5924 | FP STD 0.0474|
KL coef: 0.6483907934419777
Train loss (one batch): 9886.5810546875
Train CE loss (one batch): 0.0
Test MSE: 0.0214
Poisson likelihood: 0.0
CE loss: 0.0
Experiment 73263
Epoch 0115 [Test seq (cond on sampled tp)] | Loss 10766.866211 | Likelihood -10791.348633 | KL fp 3.6340 | FP STD 0.0453|
KL coef: 0.651906885507558
Train loss (one batch): 10402.388671875
Train CE loss (one batch): 0.0
Test MSE: 0.0216
Poisson likelihood: 0.0
CE loss: 0.0
Experiment 73263
Epoch 0116 [Test seq (cond on sampled tp)] | Loss 10962.840820 | Likelihood -11000.800781 | KL fp 3.6059 | FP STD 0.0457|
KL coef: 0.6553878166524825
Train loss (one batch): 9988.908203125
Train CE loss (one batch): 0.0
Test MSE: 0.0220
Poisson likelihood: 0.0
CE loss: 0.0
Experiment 73263
Epoch 0117 [Test seq (cond on sampled tp)] | Loss 10914.329102 | Likelihood -10933.010742 | KL fp 3.5819 | FP STD 0.0467|
KL coef: 0.6588339384859576
Train loss (one batch): 9923.103515625
Train CE loss (one batch): 0.0
Test MSE: 0.0219
Poisson likelihood: 0.0
CE loss: 0.0
Experiment 73263
Epoch 0118 [Test seq (cond on sampled tp)] | Loss 10834.725586 | Likelihood -10849.820312 | KL fp 3.6149 | FP STD 0.0458|
KL coef: 0.662245599101098
Train loss (one batch): 9929.884765625
Train CE loss (one batch): 0.0
Test MSE: 0.0217
Poisson likelihood: 0.0
CE loss: 0.0
Experiment 73263
Epoch 0119 [Test seq (cond on sampled tp)] | Loss 10809.295898 | Likelihood -10836.358398 | KL fp 3.6820 | FP STD 0.0428|
KL coef: 0.665623143110087
Train loss (one batch): 9861.693359375
Train CE loss (one batch): 0.0
Test MSE: 0.0217
Poisson likelihood: 0.0
CE loss: 0.0
Experiment 73263
Epoch 0120 [Test seq (cond on sampled tp)] | Loss 10518.856445 | Likelihood -10595.791992 | KL fp 3.6707 | FP STD 0.0447|
KL coef: 0.6689669116789861
Train loss (one batch): 10080.65625
Train CE loss (one batch): 0.0
Test MSE: 0.0212
Poisson likelihood: 0.0
CE loss: 0.0
Experiment 73263
Epoch 0121 [Test seq (cond on sampled tp)] | Loss 10714.477539 | Likelihood -10731.219727 | KL fp 3.6540 | FP STD 0.0443|
KL coef: 0.6722772425621963
Train loss (one batch): 10315.5
Train CE loss (one batch): 0.0
Test MSE: 0.0215
Poisson likelihood: 0.0
CE loss: 0.0
Experiment 73263
Epoch 0122 [Test seq (cond on sampled tp)] | Loss 10785.503906 | Likelihood -10799.906250 | KL fp 3.6024 | FP STD 0.0452|
KL coef: 0.6755544701365743
Train loss (one batch): 10189.6044921875
Train CE loss (one batch): 0.0
Test MSE: 0.0216
Poisson likelihood: 0.0
CE loss: 0.0
Experiment 73263
Epoch 0123 [Test seq (cond on sampled tp)] | Loss 10706.191406 | Likelihood -10715.983398 | KL fp 3.6675 | FP STD 0.0437|
KL coef: 0.6787989254352086
Train loss (one batch): 9926.4111328125
Train CE loss (one batch): 0.0
Test MSE: 0.0214
Poisson likelihood: 0.0
CE loss: 0.0
Experiment 73263
Epoch 0124 [Test seq (cond on sampled tp)] | Loss 10592.464844 | Likelihood -10604.995117 | KL fp 3.6439 | FP STD 0.0452|
KL coef: 0.6820109361808565
Train loss (one batch): 9989.9296875
Train CE loss (one batch): 0.0
Test MSE: 0.0212
Poisson likelihood: 0.0
CE loss: 0.0
Experiment 73263
Epoch 0125 [Test seq (cond on sampled tp)] | Loss 10793.217773 | Likelihood -10810.829102 | KL fp 3.6644 | FP STD 0.0417|
KL coef: 0.685190826819048
Train loss (one batch): 9733.51953125
Train CE loss (one batch): 0.0
Test MSE: 0.0216
Poisson likelihood: 0.0
CE loss: 0.0
Experiment 73263
Epoch 0126 [Test seq (cond on sampled tp)] | Loss 10325.242188 | Likelihood -10336.215820 | KL fp 3.7083 | FP STD 0.0412|
KL coef: 0.6883389185508575
Train loss (one batch): 10063.240234375
Train CE loss (one batch): 0.0
Test MSE: 0.0207
Poisson likelihood: 0.0
CE loss: 0.0
Experiment 73263
Epoch 0127 [Test seq (cond on sampled tp)] | Loss 10430.706055 | Likelihood -10439.055664 | KL fp 3.6895 | FP STD 0.0426|
KL coef: 0.6914555293653489
Train loss (one batch): 9744.5322265625
Train CE loss (one batch): 0.0
Test MSE: 0.0209
Poisson likelihood: 0.0
CE loss: 0.0
Experiment 73263
Epoch 0128 [Test seq (cond on sampled tp)] | Loss 10501.476562 | Likelihood -10506.245117 | KL fp 3.6970 | FP STD 0.0427|
KL coef: 0.6945409740716955
Train loss (one batch): 9343.6943359375
Train CE loss (one batch): 0.0
Test MSE: 0.0210
Poisson likelihood: 0.0
CE loss: 0.0
Experiment 73263
Epoch 0129 [Test seq (cond on sampled tp)] | Loss 10588.153320 | Likelihood -10628.288086 | KL fp 3.6863 | FP STD 0.0431|
KL coef: 0.6975955643309785
Train loss (one batch): 9917.837890625
Train CE loss (one batch): 0.0
Test MSE: 0.0213
Poisson likelihood: 0.0
CE loss: 0.0
Experiment 73263
Epoch 0130 [Test seq (cond on sampled tp)] | Loss 10337.730469 | Likelihood -10366.235352 | KL fp 3.7199 | FP STD 0.0408|
KL coef: 0.7006196086876687
Train loss (one batch): 9737.3291015625
Train CE loss (one batch): 0.0
Test MSE: 0.0207
Poisson likelihood: 0.0
CE loss: 0.0
Experiment 73263
Epoch 0131 [Test seq (cond on sampled tp)] | Loss 10670.755859 | Likelihood -10670.165039 | KL fp 3.6314 | FP STD 0.0441|
KL coef: 0.703613412600792
Train loss (one batch): 9338.5791015625
Train CE loss (one batch): 0.0
Test MSE: 0.0214
Poisson likelihood: 0.0
CE loss: 0.0
Experiment 73263
Epoch 0132 [Test seq (cond on sampled tp)] | Loss 10451.686523 | Likelihood -10485.536133 | KL fp 3.6600 | FP STD 0.0425|
KL coef: 0.7065772784747841
Train loss (one batch): 9674.943359375
Train CE loss (one batch): 0.0
Test MSE: 0.0210
Poisson likelihood: 0.0
CE loss: 0.0
Experiment 73263
Epoch 0133 [Test seq (cond on sampled tp)] | Loss 10450.306641 | Likelihood -10459.257812 | KL fp 3.6526 | FP STD 0.0432|
KL coef: 0.7095115056900363
Train loss (one batch): 10021.408203125
Train CE loss (one batch): 0.0
Test MSE: 0.0209
Poisson likelihood: 0.0
CE loss: 0.0
Experiment 73263
Epoch 0134 [Test seq (cond on sampled tp)] | Loss 10344.721680 | Likelihood -10359.328125 | KL fp 3.7035 | FP STD 0.0412|
KL coef: 0.7124163906331359
Train loss (one batch): 9560.3232421875
Train CE loss (one batch): 0.0
Test MSE: 0.0207
Poisson likelihood: 0.0
CE loss: 0.0
Experiment 73263
Epoch 0135 [Test seq (cond on sampled tp)] | Loss 10311.714844 | Likelihood -10344.192383 | KL fp 3.7235 | FP STD 0.0407|
KL coef: 0.7152922267268045
Train loss (one batch): 9506.2158203125
Train CE loss (one batch): 0.0
Test MSE: 0.0207
Poisson likelihood: 0.0
CE loss: 0.0
Experiment 73263
Epoch 0136 [Test seq (cond on sampled tp)] | Loss 10391.547852 | Likelihood -10403.848633 | KL fp 3.7435 | FP STD 0.0415|
KL coef: 0.7181393044595366
Train loss (one batch): 9478.75
Train CE loss (one batch): 0.0
Test MSE: 0.0208
Poisson likelihood: 0.0
CE loss: 0.0
Experiment 73263
Epoch 0137 [Test seq (cond on sampled tp)] | Loss 10523.558594 | Likelihood -10542.610352 | KL fp 3.6666 | FP STD 0.0435|
KL coef: 0.7209579114149411
Train loss (one batch): 9744.35546875
Train CE loss (one batch): 0.0
Test MSE: 0.0211
Poisson likelihood: 0.0
CE loss: 0.0
Experiment 73263
Epoch 0138 [Test seq (cond on sampled tp)] | Loss 10250.335938 | Likelihood -10285.780273 | KL fp 3.7404 | FP STD 0.0401|
KL coef: 0.7237483323007917
Train loss (one batch): 9396.1328125
Train CE loss (one batch): 0.0
Test MSE: 0.0206
Poisson likelihood: 0.0
CE loss: 0.0
Experiment 73263
Epoch 0139 [Test seq (cond on sampled tp)] | Loss 10300.189453 | Likelihood -10327.193359 | KL fp 3.7480 | FP STD 0.0396|
KL coef: 0.7265108489777838
Train loss (one batch): 9295.3388671875
Train CE loss (one batch): 0.0
Test MSE: 0.0207
Poisson likelihood: 0.0
CE loss: 0.0
Experiment 73263
Epoch 0140 [Test seq (cond on sampled tp)] | Loss 10377.332031 | Likelihood -10407.756836 | KL fp 3.7494 | FP STD 0.0400|
KL coef: 0.729245740488006
Train loss (one batch): 9563.2998046875
Train CE loss (one batch): 0.0
Test MSE: 0.0208
Poisson likelihood: 0.0
CE loss: 0.0
Experiment 73263
Epoch 0141 [Test seq (cond on sampled tp)] | Loss 10304.273438 | Likelihood -10309.250977 | KL fp 3.6927 | FP STD 0.0415|
KL coef: 0.7319532830831259
Train loss (one batch): 9182.3642578125
Train CE loss (one batch): 0.0
Test MSE: 0.0206
Poisson likelihood: 0.0
CE loss: 0.0
Experiment 73263
Epoch 0142 [Test seq (cond on sampled tp)] | Loss 10244.676758 | Likelihood -10251.656250 | KL fp 3.7091 | FP STD 0.0411|
KL coef: 0.7346337502522946
Train loss (one batch): 9816.435546875
Train CE loss (one batch): 0.0
Test MSE: 0.0205
Poisson likelihood: 0.0
CE loss: 0.0
Experiment 73263
Epoch 0143 [Test seq (cond on sampled tp)] | Loss 10279.680664 | Likelihood -10297.591797 | KL fp 3.7503 | FP STD 0.0403|
KL coef: 0.7372874127497717
Train loss (one batch): 9444.3466796875
Train CE loss (one batch): 0.0
Test MSE: 0.0206
Poisson likelihood: 0.0
CE loss: 0.0
Experiment 73263
Epoch 0144 [Test seq (cond on sampled tp)] | Loss 10293.333984 | Likelihood -10319.557617 | KL fp 3.7287 | FP STD 0.0405|
KL coef: 0.739914538622274
Train loss (one batch): 9536.5498046875
Train CE loss (one batch): 0.0
Test MSE: 0.0207
Poisson likelihood: 0.0
CE loss: 0.0
Experiment 73263
Epoch 0145 [Test seq (cond on sampled tp)] | Loss 10301.150391 | Likelihood -10347.657227 | KL fp 3.7130 | FP STD 0.0409|
KL coef: 0.7425153932360513
Train loss (one batch): 9680.5986328125
Train CE loss (one batch): 0.0
Test MSE: 0.0207
Poisson likelihood: 0.0
CE loss: 0.0
Experiment 73263
Epoch 0146 [Test seq (cond on sampled tp)] | Loss 10123.938477 | Likelihood -10126.975586 | KL fp 3.8439 | FP STD 0.0372|
KL coef: 0.7450902393036907
Train loss (one batch): 9137.572265625
Train CE loss (one batch): 0.0
Test MSE: 0.0203
Poisson likelihood: 0.0
CE loss: 0.0
Experiment 73263
Epoch 0147 [Test seq (cond on sampled tp)] | Loss 10321.393555 | Likelihood -10341.163086 | KL fp 3.7457 | FP STD 0.0394|
KL coef: 0.7476393369106538
Train loss (one batch): 8977.3720703125
Train CE loss (one batch): 0.0
Test MSE: 0.0207
Poisson likelihood: 0.0
CE loss: 0.0
Experiment 73263
Epoch 0148 [Test seq (cond on sampled tp)] | Loss 10286.338867 | Likelihood -10313.082031 | KL fp 3.7591 | FP STD 0.0396|
KL coef: 0.7501629435415473
Train loss (one batch): 9287.1640625
Train CE loss (one batch): 0.0
Test MSE: 0.0206
Poisson likelihood: 0.0
CE loss: 0.0
Experiment 73263
Epoch 0149 [Test seq (cond on sampled tp)] | Loss 10165.188477 | Likelihood -10188.239258 | KL fp 3.7786 | FP STD 0.0390|
KL coef: 0.7526613141061318
Train loss (one batch): 9560.8828125
Train CE loss (one batch): 0.0
Test MSE: 0.0204
Poisson likelihood: 0.0
CE loss: 0.0
Experiment 73263
Epoch 0150 [Test seq (cond on sampled tp)] | Loss 10161.266602 | Likelihood -10165.979492 | KL fp 3.7944 | FP STD 0.0387|
KL coef: 0.7551347009650705
Train loss (one batch): 9283.88671875
Train CE loss (one batch): 0.0
Test MSE: 0.0203
Poisson likelihood: 0.0
CE loss: 0.0
Experiment 73263
Epoch 0151 [Test seq (cond on sampled tp)] | Loss 10215.564453 | Likelihood -10228.754883 | KL fp 3.7569 | FP STD 0.0391|
KL coef: 0.7575833539554198
Train loss (one batch): 9051.94140625
Train CE loss (one batch): 0.0
Test MSE: 0.0205
Poisson likelihood: 0.0
CE loss: 0.0
Experiment 73263
Epoch 0152 [Test seq (cond on sampled tp)] | Loss 10184.661133 | Likelihood -10190.692383 | KL fp 3.7620 | FP STD 0.0391|
KL coef: 0.7600075204158656
Train loss (one batch): 9509.845703125
Train CE loss (one batch): 0.0
Test MSE: 0.0204
Poisson likelihood: 0.0
CE loss: 0.0
Experiment 73263
Epoch 0153 [Test seq (cond on sampled tp)] | Loss 10184.993164 | Likelihood -10208.201172 | KL fp 3.7472 | FP STD 0.0393|
KL coef: 0.762407445211707
Train loss (one batch): 9412.33203125
Train CE loss (one batch): 0.0
Test MSE: 0.0204
Poisson likelihood: 0.0
CE loss: 0.0
Experiment 73263
Epoch 0154 [Test seq (cond on sampled tp)] | Loss 10175.155273 | Likelihood -10194.766602 | KL fp 3.7014 | FP STD 0.0413|
KL coef: 0.7647833707595899
Train loss (one batch): 9319.9130859375
Train CE loss (one batch): 0.0
Test MSE: 0.0204
Poisson likelihood: 0.0
CE loss: 0.0
Experiment 73263
Epoch 0155 [Test seq (cond on sampled tp)] | Loss 10160.065430 | Likelihood -10184.839844 | KL fp 3.7756 | FP STD 0.0380|
KL coef: 0.767135537051994
Train loss (one batch): 9202.5068359375
Train CE loss (one batch): 0.0
Test MSE: 0.0204
Poisson likelihood: 0.0
CE loss: 0.0
Experiment 73263
Epoch 0156 [Test seq (cond on sampled tp)] | Loss 9977.074219 | Likelihood -9989.140625 | KL fp 3.8436 | FP STD 0.0370|
KL coef: 0.769464181681474
Train loss (one batch): 9162.2158203125
Train CE loss (one batch): 0.0
Test MSE: 0.0200
Poisson likelihood: 0.0
CE loss: 0.0
Experiment 73263
Epoch 0157 [Test seq (cond on sampled tp)] | Loss 10266.216797 | Likelihood -10274.147461 | KL fp 3.7941 | FP STD 0.0391|
KL coef: 0.7717695398646593
Train loss (one batch): 9074.9619140625
Train CE loss (one batch): 0.0
Test MSE: 0.0206
Poisson likelihood: 0.0
CE loss: 0.0
Experiment 73263
Epoch 0158 [Test seq (cond on sampled tp)] | Loss 9902.937500 | Likelihood -9931.374023 | KL fp 3.7159 | FP STD 0.0401|
KL coef: 0.7740518444660127
Train loss (one batch): 9244.671875
Train CE loss (one batch): 0.0
Test MSE: 0.0199
Poisson likelihood: 0.0
CE loss: 0.0
Experiment 73263
Epoch 0159 [Test seq (cond on sampled tp)] | Loss 10001.127930 | Likelihood -10018.903320 | KL fp 3.7661 | FP STD 0.0381|
KL coef: 0.7763113260213526
Train loss (one batch): 9333.5498046875
Train CE loss (one batch): 0.0
Test MSE: 0.0200
Poisson likelihood: 0.0
CE loss: 0.0
Experiment 73263
Epoch 0160 [Test seq (cond on sampled tp)] | Loss 9980.450195 | Likelihood -9986.479492 | KL fp 3.8133 | FP STD 0.0366|
KL coef: 0.7785482127611391
Train loss (one batch): 9252.611328125
Train CE loss (one batch): 0.0
Test MSE: 0.0200
Poisson likelihood: 0.0
CE loss: 0.0
Experiment 73263
Epoch 0161 [Test seq (cond on sampled tp)] | Loss 9884.402344 | Likelihood -9898.063477 | KL fp 3.7875 | FP STD 0.0384|
KL coef: 0.7807627306335276
Train loss (one batch): 9264.0947265625
Train CE loss (one batch): 0.0
Test MSE: 0.0198
Poisson likelihood: 0.0
CE loss: 0.0
Experiment 73263
Epoch 0162 [Test seq (cond on sampled tp)] | Loss 9955.746094 | Likelihood -9982.921875 | KL fp 3.7599 | FP STD 0.0375|
KL coef: 0.7829551033271924
Train loss (one batch): 8720.3388671875
Train CE loss (one batch): 0.0
Test MSE: 0.0200
Poisson likelihood: 0.0
CE loss: 0.0
Experiment 73263
Epoch 0163 [Test seq (cond on sampled tp)] | Loss 10092.498047 | Likelihood -10110.801758 | KL fp 3.7690 | FP STD 0.0389|
KL coef: 0.7851255522939204
Train loss (one batch): 9051.6748046875
Train CE loss (one batch): 0.0
Test MSE: 0.0202
Poisson likelihood: 0.0
CE loss: 0.0
Experiment 73263
Epoch 0164 [Test seq (cond on sampled tp)] | Loss 10089.361328 | Likelihood -10106.385742 | KL fp 3.8330 | FP STD 0.0361|
KL coef: 0.7872742967709813
Train loss (one batch): 9363.8310546875
Train CE loss (one batch): 0.0
Test MSE: 0.0202
Poisson likelihood: 0.0
CE loss: 0.0
Experiment 73263
Epoch 0165 [Test seq (cond on sampled tp)] | Loss 9863.680664 | Likelihood -9893.573242 | KL fp 3.8254 | FP STD 0.0364|
KL coef: 0.7894015538032715
Train loss (one batch): 9276.947265625
Train CE loss (one batch): 0.0
Test MSE: 0.0198
Poisson likelihood: 0.0
CE loss: 0.0
Experiment 73263
Epoch 0166 [Test seq (cond on sampled tp)] | Loss 9988.082031 | Likelihood -10014.803711 | KL fp 3.8145 | FP STD 0.0373|
KL coef: 0.7915075382652388
Train loss (one batch): 9127.3046875
Train CE loss (one batch): 0.0
Test MSE: 0.0200
Poisson likelihood: 0.0
CE loss: 0.0
Experiment 73263
Epoch 0167 [Test seq (cond on sampled tp)] | Loss 9960.909180 | Likelihood -10022.512695 | KL fp 3.8389 | FP STD 0.0360|
KL coef: 0.7935924628825863
Train loss (one batch): 9223.015625
Train CE loss (one batch): 0.0
Test MSE: 0.0201
Poisson likelihood: 0.0
CE loss: 0.0
Experiment 73263
Epoch 0168 [Test seq (cond on sampled tp)] | Loss 10169.078125 | Likelihood -10195.620117 | KL fp 3.7954 | FP STD 0.0376|
KL coef: 0.7956565382537605
Train loss (one batch): 9120.8974609375
Train CE loss (one batch): 0.0
Test MSE: 0.0204
Poisson likelihood: 0.0
CE loss: 0.0
Experiment 73263
Epoch 0169 [Test seq (cond on sampled tp)] | Loss 9903.556641 | Likelihood -9917.730469 | KL fp 3.8220 | FP STD 0.0370|
KL coef: 0.7976999728712229
Train loss (one batch): 8883.5537109375
Train CE loss (one batch): 0.0
Test MSE: 0.0198
Poisson likelihood: 0.0
CE loss: 0.0
Experiment 73263
Epoch 0170 [Test seq (cond on sampled tp)] | Loss 9838.509766 | Likelihood -9874.938477 | KL fp 3.8434 | FP STD 0.0354|
KL coef: 0.7997229731425107
Train loss (one batch): 9077.2705078125
Train CE loss (one batch): 0.0
Test MSE: 0.0198
Poisson likelihood: 0.0
CE loss: 0.0
Experiment 73263
Epoch 0171 [Test seq (cond on sampled tp)] | Loss 9923.489258 | Likelihood -9946.740234 | KL fp 3.8138 | FP STD 0.0372|
KL coef: 0.8017257434110856
Train loss (one batch): 9052.41796875
Train CE loss (one batch): 0.0
Test MSE: 0.0199
Poisson likelihood: 0.0
CE loss: 0.0
Experiment 73263
Epoch 0172 [Test seq (cond on sampled tp)] | Loss 10084.684570 | Likelihood -10124.049805 | KL fp 3.7907 | FP STD 0.0365|
KL coef: 0.8037084859769748
Train loss (one batch): 9136.23046875
Train CE loss (one batch): 0.0
Test MSE: 0.0203
Poisson likelihood: 0.0
CE loss: 0.0
Experiment 73263
Epoch 0173 [Test seq (cond on sampled tp)] | Loss 9854.673828 | Likelihood -9919.379883 | KL fp 3.8263 | FP STD 0.0366|
KL coef: 0.805671401117205
Train loss (one batch): 9117.57421875
Train CE loss (one batch): 0.0
Test MSE: 0.0199
Poisson likelihood: 0.0
CE loss: 0.0
Experiment 73263
Epoch 0174 [Test seq (cond on sampled tp)] | Loss 9755.342773 | Likelihood -9770.772461 | KL fp 3.8191 | FP STD 0.0363|
KL coef: 0.8076146871060329
Train loss (one batch): 8820.1142578125
Train CE loss (one batch): 0.0
Test MSE: 0.0196
Poisson likelihood: 0.0
CE loss: 0.0
Experiment 73263
Epoch 0175 [Test seq (cond on sampled tp)] | Loss 9626.062500 | Likelihood -9638.018555 | KL fp 3.8143 | FP STD 0.0377|
KL coef: 0.8095385402349726
Train loss (one batch): 9078.9326171875
Train CE loss (one batch): 0.0
Test MSE: 0.0193
Poisson likelihood: 0.0
CE loss: 0.0
Experiment 73263
Epoch 0176 [Test seq (cond on sampled tp)] | Loss 9638.603516 | Likelihood -9650.231445 | KL fp 3.7894 | FP STD 0.0370|
KL coef: 0.8114431548326229
Train loss (one batch): 9016.908203125
Train CE loss (one batch): 0.0
Test MSE: 0.0193
Poisson likelihood: 0.0
CE loss: 0.0
Experiment 73263
Epoch 0177 [Test seq (cond on sampled tp)] | Loss 9845.667969 | Likelihood -9847.133789 | KL fp 3.8182 | FP STD 0.0365|
KL coef: 0.8133287232842966
Train loss (one batch): 9338.1103515625
Train CE loss (one batch): 0.0
Test MSE: 0.0197
Poisson likelihood: 0.0
CE loss: 0.0
Experiment 73263
Epoch 0178 [Test seq (cond on sampled tp)] | Loss 9560.310547 | Likelihood -9588.519531 | KL fp 3.8730 | FP STD 0.0345|
KL coef: 0.8151954360514537
Train loss (one batch): 9088.4775390625
Train CE loss (one batch): 0.0
Test MSE: 0.0192
Poisson likelihood: 0.0
CE loss: 0.0
Experiment 73263
Epoch 0179 [Test seq (cond on sampled tp)] | Loss 9682.043945 | Likelihood -9684.448242 | KL fp 3.9041 | FP STD 0.0343|
KL coef: 0.8170434816909391
Train loss (one batch): 9124.3671875
Train CE loss (one batch): 0.0
Test MSE: 0.0194
Poisson likelihood: 0.0
CE loss: 0.0
Experiment 73263
Epoch 0180 [Test seq (cond on sampled tp)] | Loss 9731.992188 | Likelihood -9743.627930 | KL fp 3.8730 | FP STD 0.0352|
KL coef: 0.8188730468740297
Train loss (one batch): 8867.3662109375
Train CE loss (one batch): 0.0
Test MSE: 0.0195
Poisson likelihood: 0.0
CE loss: 0.0
Experiment 73263
Epoch 0181 [Test seq (cond on sampled tp)] | Loss 9679.339844 | Likelihood -9685.387695 | KL fp 3.9077 | FP STD 0.0338|
KL coef: 0.8206843164052895
Train loss (one batch): 8833.5068359375
Train CE loss (one batch): 0.0
Test MSE: 0.0194
Poisson likelihood: 0.0
CE loss: 0.0
Experiment 73263
Epoch 0182 [Test seq (cond on sampled tp)] | Loss 9544.931641 | Likelihood -9572.066406 | KL fp 3.8411 | FP STD 0.0359|
KL coef: 0.8224774732412365
Train loss (one batch): 9170.5751953125
Train CE loss (one batch): 0.0
Test MSE: 0.0192
Poisson likelihood: 0.0
CE loss: 0.0
Experiment 73263
Epoch 0183 [Test seq (cond on sampled tp)] | Loss 9711.754883 | Likelihood -9727.333008 | KL fp 3.8805 | FP STD 0.0343|
KL coef: 0.8242526985088242
Train loss (one batch): 9058.9736328125
Train CE loss (one batch): 0.0
Test MSE: 0.0195
Poisson likelihood: 0.0
CE loss: 0.0
Experiment 73263
Epoch 0184 [Test seq (cond on sampled tp)] | Loss 9543.859375 | Likelihood -9561.195312 | KL fp 3.8899 | FP STD 0.0342|
KL coef: 0.826010171523736
Train loss (one batch): 8869.291015625
Train CE loss (one batch): 0.0
Test MSE: 0.0191
Poisson likelihood: 0.0
CE loss: 0.0
Experiment 73263
Epoch 0185 [Test seq (cond on sampled tp)] | Loss 9745.308594 | Likelihood -9746.220703 | KL fp 3.8331 | FP STD 0.0359|
KL coef: 0.8277500698084986
Train loss (one batch): 8776.2060546875
Train CE loss (one batch): 0.0
Test MSE: 0.0195
Poisson likelihood: 0.0
CE loss: 0.0
Experiment 73263
Epoch 0186 [Test seq (cond on sampled tp)] | Loss 9371.912109 | Likelihood -9390.895508 | KL fp 3.8989 | FP STD 0.0347|
KL coef: 0.8294725691104137
Train loss (one batch): 8474.0615234375
Train CE loss (one batch): 0.0
Test MSE: 0.0188
Poisson likelihood: 0.0
CE loss: 0.0
Experiment 73263
Epoch 0187 [Test seq (cond on sampled tp)] | Loss 9595.028320 | Likelihood -9608.781250 | KL fp 3.8145 | FP STD 0.0353|
KL coef: 0.8311778434193096
Train loss (one batch): 8889.4345703125
Train CE loss (one batch): 0.0
Test MSE: 0.0192
Poisson likelihood: 0.0
CE loss: 0.0
Experiment 73263
Epoch 0188 [Test seq (cond on sampled tp)] | Loss 9636.922852 | Likelihood -9645.588867 | KL fp 3.8820 | FP STD 0.0332|
KL coef: 0.8328660649851164
Train loss (one batch): 8608.54296875
Train CE loss (one batch): 0.0
Test MSE: 0.0193
Poisson likelihood: 0.0
CE loss: 0.0
Experiment 73263
Epoch 0189 [Test seq (cond on sampled tp)] | Loss 9280.596680 | Likelihood -9322.110352 | KL fp 3.8654 | FP STD 0.0349|
KL coef: 0.8345374043352652
Train loss (one batch): 8992.890625
Train CE loss (one batch): 0.0
Test MSE: 0.0187
Poisson likelihood: 0.0
CE loss: 0.0
Experiment 73263
Epoch 0190 [Test seq (cond on sampled tp)] | Loss 9612.948242 | Likelihood -9634.686523 | KL fp 3.8823 | FP STD 0.0344|
KL coef: 0.8361920302919126
Train loss (one batch): 9180.9248046875
Train CE loss (one batch): 0.0
Test MSE: 0.0193
Poisson likelihood: 0.0
CE loss: 0.0
Experiment 73263
Epoch 0191 [Test seq (cond on sampled tp)] | Loss 9337.916992 | Likelihood -9359.352539 | KL fp 3.9465 | FP STD 0.0325|
KL coef: 0.8378301099889934
Train loss (one batch): 8641.2919921875
Train CE loss (one batch): 0.0
Test MSE: 0.0187
Poisson likelihood: 0.0
CE loss: 0.0
Experiment 73263
Epoch 0192 [Test seq (cond on sampled tp)] | Loss 9574.193359 | Likelihood -9581.622070 | KL fp 3.8692 | FP STD 0.0345|
KL coef: 0.8394518088891035
Train loss (one batch): 8355.1669921875
Train CE loss (one batch): 0.0
Test MSE: 0.0192
Poisson likelihood: 0.0
CE loss: 0.0
Experiment 73263
Epoch 0193 [Test seq (cond on sampled tp)] | Loss 9571.723633 | Likelihood -9585.098633 | KL fp 3.9089 | FP STD 0.0339|
KL coef: 0.8410572908002125
Train loss (one batch): 8989.0498046875
Train CE loss (one batch): 0.0
Test MSE: 0.0192
Poisson likelihood: 0.0
CE loss: 0.0
Experiment 73263
Epoch 0194 [Test seq (cond on sampled tp)] | Loss 9551.995117 | Likelihood -9571.348633 | KL fp 3.8864 | FP STD 0.0330|
KL coef: 0.8426467178922104
Train loss (one batch): 8635.8037109375
Train CE loss (one batch): 0.0
Test MSE: 0.0192
Poisson likelihood: 0.0
CE loss: 0.0
Experiment 73263
Epoch 0195 [Test seq (cond on sampled tp)] | Loss 9478.530273 | Likelihood -9492.944336 | KL fp 3.9546 | FP STD 0.0323|
KL coef: 0.8442202507132883
Train loss (one batch): 8382.4091796875
Train CE loss (one batch): 0.0
Test MSE: 0.0190
Poisson likelihood: 0.0
CE loss: 0.0
Experiment 73263
Epoch 0196 [Test seq (cond on sampled tp)] | Loss 9533.863281 | Likelihood -9537.862305 | KL fp 3.8864 | FP STD 0.0336|
KL coef: 0.8457780482061554
Train loss (one batch): 8561.90234375
Train CE loss (one batch): 0.0
Test MSE: 0.0191
Poisson likelihood: 0.0
CE loss: 0.0
Experiment 73263
Epoch 0197 [Test seq (cond on sampled tp)] | Loss 9447.742188 | Likelihood -9457.981445 | KL fp 3.8493 | FP STD 0.0343|
KL coef: 0.8473202677240939
Train loss (one batch): 9050.1220703125
Train CE loss (one batch): 0.0
Test MSE: 0.0189
Poisson likelihood: 0.0
CE loss: 0.0
Experiment 73263
Epoch 0198 [Test seq (cond on sampled tp)] | Loss 9556.534180 | Likelihood -9584.374023 | KL fp 3.8590 | FP STD 0.0350|
KL coef: 0.8488470650468529
Train loss (one batch): 8523.6396484375
Train CE loss (one batch): 0.0
Test MSE: 0.0192
Poisson likelihood: 0.0
CE loss: 0.0
Experiment 73263
Epoch 0199 [Test seq (cond on sampled tp)] | Loss 9355.761719 | Likelihood -9368.387695 | KL fp 3.9074 | FP STD 0.0337|
KL coef: 0.8503585943963844
Train loss (one batch): 8356.6337890625
Train CE loss (one batch): 0.0
Test MSE: 0.0187
Poisson likelihood: 0.0
CE loss: 0.0
Experiment 73263
Epoch 0200 [Test seq (cond on sampled tp)] | Loss 9460.865234 | Likelihood -9469.560547 | KL fp 3.8758 | FP STD 0.0338|
KL coef: 0.8518550084524206
Train loss (one batch): 8744.865234375
Train CE loss (one batch): 0.0
Test MSE: 0.0190
Poisson likelihood: 0.0
CE loss: 0.0
Experiment 73263
Epoch 0201 [Test seq (cond on sampled tp)] | Loss 9055.248047 | Likelihood -9082.761719 | KL fp 3.9441 | FP STD 0.0319|
KL coef: 0.8533364583678963
Train loss (one batch): 8656.9208984375
Train CE loss (one batch): 0.0
Test MSE: 0.0182
Poisson likelihood: 0.0
CE loss: 0.0
Experiment 73263
Epoch 0202 [Test seq (cond on sampled tp)] | Loss 9114.049805 | Likelihood -9156.221680 | KL fp 3.9400 | FP STD 0.0324|
KL coef: 0.8548030937842174
Train loss (one batch): 8644.484375
Train CE loss (one batch): 0.0
Test MSE: 0.0183
Poisson likelihood: 0.0
CE loss: 0.0
Experiment 73263
Epoch 0203 [Test seq (cond on sampled tp)] | Loss 9333.128906 | Likelihood -9337.336914 | KL fp 3.8844 | FP STD 0.0329|
KL coef: 0.8562550628463752
Train loss (one batch): 8638.1611328125
Train CE loss (one batch): 0.0
Test MSE: 0.0187
Poisson likelihood: 0.0
CE loss: 0.0
Experiment 73263
Epoch 0204 [Test seq (cond on sampled tp)] | Loss 9070.625000 | Likelihood -9084.690430 | KL fp 3.9440 | FP STD 0.0313|
KL coef: 0.8576925122179114
Train loss (one batch): 8794.869140625
Train CE loss (one batch): 0.0
Test MSE: 0.0182
Poisson likelihood: 0.0
CE loss: 0.0
Experiment 73263
Epoch 0205 [Test seq (cond on sampled tp)] | Loss 9080.508789 | Likelihood -9083.596680 | KL fp 3.8837 | FP STD 0.0343|
KL coef: 0.8591155870957323
Train loss (one batch): 8211.1923828125
Train CE loss (one batch): 0.0
Test MSE: 0.0182
Poisson likelihood: 0.0
CE loss: 0.0
Experiment 73263
Epoch 0206 [Test seq (cond on sampled tp)] | Loss 9027.179688 | Likelihood -9037.887695 | KL fp 3.8671 | FP STD 0.0334|
KL coef: 0.8605244312247751
Train loss (one batch): 8646.701171875
Train CE loss (one batch): 0.0
Test MSE: 0.0181
Poisson likelihood: 0.0
CE loss: 0.0
Experiment 73263
Epoch 0207 [Test seq (cond on sampled tp)] | Loss 9148.911133 | Likelihood -9184.066406 | KL fp 3.8844 | FP STD 0.0337|
KL coef: 0.8619191869125272
Train loss (one batch): 8307.1943359375
Train CE loss (one batch): 0.0
Test MSE: 0.0184
Poisson likelihood: 0.0
CE loss: 0.0
Experiment 73263
Epoch 0208 [Test seq (cond on sampled tp)] | Loss 9158.635742 | Likelihood -9185.093750 | KL fp 3.9074 | FP STD 0.0323|
KL coef: 0.8632999950434019
Train loss (one batch): 8543.603515625
Train CE loss (one batch): 0.0
Test MSE: 0.0184
Poisson likelihood: 0.0
CE loss: 0.0
Experiment 73263
Epoch 0209 [Test seq (cond on sampled tp)] | Loss 9113.222656 | Likelihood -9153.260742 | KL fp 3.8861 | FP STD 0.0333|
KL coef: 0.864666995092968
Train loss (one batch): 8051.64794921875
Train CE loss (one batch): 0.0
Test MSE: 0.0183
Poisson likelihood: 0.0
CE loss: 0.0
Experiment 73263
Epoch 0210 [Test seq (cond on sampled tp)] | Loss 9282.567383 | Likelihood -9301.129883 | KL fp 3.9520 | FP STD 0.0322|
KL coef: 0.8660203251420383
Train loss (one batch): 8354.244140625
Train CE loss (one batch): 0.0
Test MSE: 0.0186
Poisson likelihood: 0.0
CE loss: 0.0
Experiment 73263
Epoch 0211 [Test seq (cond on sampled tp)] | Loss 9162.853516 | Likelihood -9177.625977 | KL fp 3.8842 | FP STD 0.0330|
KL coef: 0.867360121890618
Train loss (one batch): 8627.0390625
Train CE loss (one batch): 0.0
Test MSE: 0.0184
Poisson likelihood: 0.0
CE loss: 0.0
Experiment 73263
Epoch 0212 [Test seq (cond on sampled tp)] | Loss 9142.243164 | Likelihood -9178.269531 | KL fp 3.8724 | FP STD 0.0335|
KL coef: 0.8686865206717117
Train loss (one batch): 8485.4501953125
Train CE loss (one batch): 0.0
Test MSE: 0.0184
Poisson likelihood: 0.0
CE loss: 0.0
Experiment 73263
Epoch 0213 [Test seq (cond on sampled tp)] | Loss 9054.210938 | Likelihood -9070.853516 | KL fp 3.9192 | FP STD 0.0328|
KL coef: 0.8699996554649946
Train loss (one batch): 8396.138671875
Train CE loss (one batch): 0.0
Test MSE: 0.0182
Poisson likelihood: 0.0
CE loss: 0.0
Experiment 73263
Epoch 0214 [Test seq (cond on sampled tp)] | Loss 9060.922852 | Likelihood -9063.436523 | KL fp 3.9060 | FP STD 0.0327|
KL coef: 0.8712996589103447
Train loss (one batch): 8054.11962890625
Train CE loss (one batch): 0.0
Test MSE: 0.0181
Poisson likelihood: 0.0
CE loss: 0.0
Experiment 73263
Epoch 0215 [Test seq (cond on sampled tp)] | Loss 9063.628906 | Likelihood -9079.926758 | KL fp 3.9442 | FP STD 0.0318|
KL coef: 0.8725866623212413
Train loss (one batch): 8434.9375
Train CE loss (one batch): 0.0
Test MSE: 0.0182
Poisson likelihood: 0.0
CE loss: 0.0
Experiment 73263
Epoch 0216 [Test seq (cond on sampled tp)] | Loss 8897.430664 | Likelihood -8914.208008 | KL fp 3.8985 | FP STD 0.0323|
KL coef: 0.8738607956980289
Train loss (one batch): 8098.7412109375
Train CE loss (one batch): 0.0
Test MSE: 0.0178
Poisson likelihood: 0.0
CE loss: 0.0
Experiment 73263
Epoch 0217 [Test seq (cond on sampled tp)] | Loss 8971.935547 | Likelihood -9004.739258 | KL fp 3.8795 | FP STD 0.0341|
KL coef: 0.8751221877410486
Train loss (one batch): 8199.3623046875
Train CE loss (one batch): 0.0
Test MSE: 0.0180
Poisson likelihood: 0.0
CE loss: 0.0
Experiment 73263
Epoch 0218 [Test seq (cond on sampled tp)] | Loss 9122.524414 | Likelihood -9145.676758 | KL fp 3.9133 | FP STD 0.0326|
KL coef: 0.876370965863638
Train loss (one batch): 8276.0146484375
Train CE loss (one batch): 0.0
Test MSE: 0.0183
Poisson likelihood: 0.0
CE loss: 0.0
Experiment 73263
Epoch 0219 [Test seq (cond on sampled tp)] | Loss 8966.385742 | Likelihood -8970.666992 | KL fp 3.9402 | FP STD 0.0314|
KL coef: 0.8776072562050017
Train loss (one batch): 8452.0810546875
Train CE loss (one batch): 0.0
Test MSE: 0.0180
Poisson likelihood: 0.0
CE loss: 0.0
Experiment 73263
Epoch 0220 [Test seq (cond on sampled tp)] | Loss 8805.649414 | Likelihood -8827.867188 | KL fp 3.9198 | FP STD 0.0316|
KL coef: 0.8788311836429517
Train loss (one batch): 8261.048828125
Train CE loss (one batch): 0.0
Test MSE: 0.0177
Poisson likelihood: 0.0
CE loss: 0.0
Experiment 73263
Epoch 0221 [Test seq (cond on sampled tp)] | Loss 8612.593750 | Likelihood -8623.083984 | KL fp 3.9715 | FP STD 0.0312|
KL coef: 0.8800428718065221
Train loss (one batch): 8302.0009765625
Train CE loss (one batch): 0.0
Test MSE: 0.0173
Poisson likelihood: 0.0
CE loss: 0.0
Experiment 73263
Epoch 0222 [Test seq (cond on sampled tp)] | Loss 8969.613281 | Likelihood -8987.863281 | KL fp 3.9214 | FP STD 0.0316|
KL coef: 0.8812424430884569
Train loss (one batch): 7962.3828125
Train CE loss (one batch): 0.0
Test MSE: 0.0180
Poisson likelihood: 0.0
CE loss: 0.0
Experiment 73263
Epoch 0223 [Test seq (cond on sampled tp)] | Loss 8715.992188 | Likelihood -8734.793945 | KL fp 3.9291 | FP STD 0.0326|
KL coef: 0.8824300186575723
Train loss (one batch): 7992.66552734375
Train CE loss (one batch): 0.0
Test MSE: 0.0175
Poisson likelihood: 0.0
CE loss: 0.0
Experiment 73263
Epoch 0224 [Test seq (cond on sampled tp)] | Loss 8976.289062 | Likelihood -8982.456055 | KL fp 3.9767 | FP STD 0.0299|
KL coef: 0.8836057184709967
Train loss (one batch): 8286.5830078125
Train CE loss (one batch): 0.0
Test MSE: 0.0180
Poisson likelihood: 0.0
CE loss: 0.0
Experiment 73263
Epoch 0225 [Test seq (cond on sampled tp)] | Loss 8733.391602 | Likelihood -8739.587891 | KL fp 3.9806 | FP STD 0.0298|
KL coef: 0.8847696612862866
Train loss (one batch): 8387.9755859375
Train CE loss (one batch): 0.0
Test MSE: 0.0175
Poisson likelihood: 0.0
CE loss: 0.0
Experiment 73263
Epoch 0226 [Test seq (cond on sampled tp)] | Loss 8865.613281 | Likelihood -8867.329102 | KL fp 3.9649 | FP STD 0.0311|
KL coef: 0.8859219646734238
Train loss (one batch): 8244.037109375
Train CE loss (one batch): 0.0
Test MSE: 0.0177
Poisson likelihood: 0.0
CE loss: 0.0
Experiment 73263
Epoch 0227 [Test seq (cond on sampled tp)] | Loss 8816.035156 | Likelihood -8822.483398 | KL fp 3.9771 | FP STD 0.0313|
KL coef: 0.8870627450266896
Train loss (one batch): 7989.787109375
Train CE loss (one batch): 0.0
Test MSE: 0.0177
Poisson likelihood: 0.0
CE loss: 0.0
Experiment 73263
Epoch 0228 [Test seq (cond on sampled tp)] | Loss 8911.140625 | Likelihood -8927.386719 | KL fp 3.8689 | FP STD 0.0334|
KL coef: 0.8881921175764227
Train loss (one batch): 8246.7353515625
Train CE loss (one batch): 0.0
Test MSE: 0.0179
Poisson likelihood: 0.0
CE loss: 0.0
Experiment 73263
Epoch 0229 [Test seq (cond on sampled tp)] | Loss 8824.710938 | Likelihood -8866.678711 | KL fp 3.9154 | FP STD 0.0318|
KL coef: 0.8893101964006584
Train loss (one batch): 7983.30859375
Train CE loss (one batch): 0.0
Test MSE: 0.0177
Poisson likelihood: 0.0
CE loss: 0.0
Experiment 73263
Epoch 0230 [Test seq (cond on sampled tp)] | Loss 8645.462891 | Likelihood -8664.497070 | KL fp 3.9896 | FP STD 0.0305|
KL coef: 0.8904170944366518
Train loss (one batch): 7785.5419921875
Train CE loss (one batch): 0.0
Test MSE: 0.0173
Poisson likelihood: 0.0
CE loss: 0.0
Experiment 73263
Epoch 0231 [Test seq (cond on sampled tp)] | Loss 8589.316406 | Likelihood -8608.036133 | KL fp 3.9347 | FP STD 0.0306|
KL coef: 0.8915129234922854
Train loss (one batch): 7963.47314453125
Train CE loss (one batch): 0.0
Test MSE: 0.0172
Poisson likelihood: 0.0
CE loss: 0.0
Experiment 73263
Epoch 0232 [Test seq (cond on sampled tp)] | Loss 8560.537109 | Likelihood -8586.039062 | KL fp 4.0132 | FP STD 0.0293|
KL coef: 0.8925977942573625
Train loss (one batch): 7731.3447265625
Train CE loss (one batch): 0.0
Test MSE: 0.0172
Poisson likelihood: 0.0
CE loss: 0.0
Experiment 73263
Epoch 0233 [Test seq (cond on sampled tp)] | Loss 8651.631836 | Likelihood -8690.211914 | KL fp 3.9307 | FP STD 0.0310|
KL coef: 0.8936718163147889
Train loss (one batch): 7713.77392578125
Train CE loss (one batch): 0.0
Test MSE: 0.0174
Poisson likelihood: 0.0
CE loss: 0.0
Experiment 73263
Epoch 0234 [Test seq (cond on sampled tp)] | Loss 8623.696289 | Likelihood -8634.276367 | KL fp 3.9560 | FP STD 0.0312|
KL coef: 0.894735098151641
Train loss (one batch): 8404.2392578125
Train CE loss (one batch): 0.0
Test MSE: 0.0173
Poisson likelihood: 0.0
CE loss: 0.0
Experiment 73263
Epoch 0235 [Test seq (cond on sampled tp)] | Loss 8695.463867 | Likelihood -8710.637695 | KL fp 3.9376 | FP STD 0.0308|
KL coef: 0.8957877471701245
Train loss (one batch): 7799.76171875
Train CE loss (one batch): 0.0
Test MSE: 0.0174
Poisson likelihood: 0.0
CE loss: 0.0
Experiment 73263
Epoch 0236 [Test seq (cond on sampled tp)] | Loss 8632.551758 | Likelihood -8661.468750 | KL fp 3.9866 | FP STD 0.0298|
KL coef: 0.8968298696984233
Train loss (one batch): 7908.18017578125
Train CE loss (one batch): 0.0
Test MSE: 0.0173
Poisson likelihood: 0.0
CE loss: 0.0
Experiment 73263
Epoch 0237 [Test seq (cond on sampled tp)] | Loss 8630.427734 | Likelihood -8649.266602 | KL fp 3.9501 | FP STD 0.0310|
KL coef: 0.897861571001439
Train loss (one batch): 7794.34033203125
Train CE loss (one batch): 0.0
Test MSE: 0.0173
Poisson likelihood: 0.0
CE loss: 0.0
Experiment 73263
Epoch 0238 [Test seq (cond on sampled tp)] | Loss 8847.209961 | Likelihood -8859.076172 | KL fp 3.8947 | FP STD 0.0311|
KL coef: 0.8988829552914247
Train loss (one batch): 8320.7744140625
Train CE loss (one batch): 0.0
Test MSE: 0.0177
Poisson likelihood: 0.0
CE loss: 0.0
Experiment 73263
Epoch 0239 [Test seq (cond on sampled tp)] | Loss 8460.204102 | Likelihood -8479.347656 | KL fp 3.9655 | FP STD 0.0301|
KL coef: 0.8998941257385105
Train loss (one batch): 7688.0751953125
Train CE loss (one batch): 0.0
Test MSE: 0.0170
Poisson likelihood: 0.0
CE loss: 0.0
Experiment 73263
Epoch 0240 [Test seq (cond on sampled tp)] | Loss 8776.378906 | Likelihood -8778.811523 | KL fp 3.9629 | FP STD 0.0313|
KL coef: 0.9008951844811254
Train loss (one batch): 8150.41796875
Train CE loss (one batch): 0.0
Test MSE: 0.0176
Poisson likelihood: 0.0
CE loss: 0.0
Experiment 73263
Epoch 0241 [Test seq (cond on sampled tp)] | Loss 8750.206055 | Likelihood -8767.835938 | KL fp 3.9874 | FP STD 0.0302|
KL coef: 0.9018862326363141
Train loss (one batch): 7709.8955078125
Train CE loss (one batch): 0.0
Test MSE: 0.0175
Poisson likelihood: 0.0
CE loss: 0.0
Experiment 73263
Epoch 0242 [Test seq (cond on sampled tp)] | Loss 8431.929688 | Likelihood -8450.594727 | KL fp 3.9732 | FP STD 0.0300|
KL coef: 0.902867370309951
Train loss (one batch): 7542.59716796875
Train CE loss (one batch): 0.0
Test MSE: 0.0169
Poisson likelihood: 0.0
CE loss: 0.0
Experiment 73263
Epoch 0243 [Test seq (cond on sampled tp)] | Loss 8360.029297 | Likelihood -8377.508789 | KL fp 3.9867 | FP STD 0.0293|
KL coef: 0.9038386966068515
Train loss (one batch): 7861.3876953125
Train CE loss (one batch): 0.0
Test MSE: 0.0168
Poisson likelihood: 0.0
CE loss: 0.0
Experiment 73263
Epoch 0244 [Test seq (cond on sampled tp)] | Loss 8490.374023 | Likelihood -8493.051758 | KL fp 3.9699 | FP STD 0.0298|
KL coef: 0.904800309640783
Train loss (one batch): 7684.94140625
Train CE loss (one batch): 0.0
Test MSE: 0.0170
Poisson likelihood: 0.0
CE loss: 0.0
Experiment 73263
Epoch 0245 [Test seq (cond on sampled tp)] | Loss 8557.699219 | Likelihood -8573.957031 | KL fp 3.9761 | FP STD 0.0294|
KL coef: 0.9057523065443751
Train loss (one batch): 7692.626953125
Train CE loss (one batch): 0.0
Test MSE: 0.0172
Poisson likelihood: 0.0
CE loss: 0.0
Experiment 73263
Epoch 0246 [Test seq (cond on sampled tp)] | Loss 8539.526367 | Likelihood -8552.707031 | KL fp 3.9569 | FP STD 0.0304|
KL coef: 0.9066947834789314
Train loss (one batch): 7592.4326171875
Train CE loss (one batch): 0.0
Test MSE: 0.0171
Poisson likelihood: 0.0
CE loss: 0.0
Experiment 73263
Epoch 0247 [Test seq (cond on sampled tp)] | Loss 8410.725586 | Likelihood -8424.090820 | KL fp 3.9892 | FP STD 0.0296|
KL coef: 0.9076278356441421
Train loss (one batch): 8131.6845703125
Train CE loss (one batch): 0.0
Test MSE: 0.0169
Poisson likelihood: 0.0
CE loss: 0.0
Experiment 73263
Epoch 0248 [Test seq (cond on sampled tp)] | Loss 8588.097656 | Likelihood -8608.297852 | KL fp 3.9903 | FP STD 0.0302|
KL coef: 0.9085515572877007
Train loss (one batch): 7495.53662109375
Train CE loss (one batch): 0.0
Test MSE: 0.0172
Poisson likelihood: 0.0
CE loss: 0.0
Experiment 73263
Epoch 0249 [Test seq (cond on sampled tp)] | Loss 8428.910156 | Likelihood -8458.863281 | KL fp 3.9806 | FP STD 0.0299|
KL coef: 0.9094660417148236
Train loss (one batch): 7726.2041015625
Train CE loss (one batch): 0.0
Test MSE: 0.0169
Poisson likelihood: 0.0
CE loss: 0.0
Experiment 73263
Epoch 0250 [Test seq (cond on sampled tp)] | Loss 8558.585938 | Likelihood -8601.032227 | KL fp 3.9741 | FP STD 0.0298|
KL coef: 0.9103713812976754
Train loss (one batch): 7465.85205078125
Train CE loss (one batch): 0.0
Test MSE: 0.0172
Poisson likelihood: 0.0
CE loss: 0.0
Experiment 73263
Epoch 0251 [Test seq (cond on sampled tp)] | Loss 8385.979492 | Likelihood -8399.244141 | KL fp 3.9773 | FP STD 0.0287|
KL coef: 0.9112676674846987
Train loss (one batch): 7633.9091796875
Train CE loss (one batch): 0.0
Test MSE: 0.0168
Poisson likelihood: 0.0
CE loss: 0.0
Experiment 73263
Epoch 0252 [Test seq (cond on sampled tp)] | Loss 8447.855469 | Likelihood -8490.804688 | KL fp 4.0064 | FP STD 0.0284|
KL coef: 0.9121549908098516
Train loss (one batch): 7960.646484375
Train CE loss (one batch): 0.0
Test MSE: 0.0170
Poisson likelihood: 0.0
CE loss: 0.0
Experiment 73263
Epoch 0253 [Test seq (cond on sampled tp)] | Loss 8345.523438 | Likelihood -8390.972656 | KL fp 3.9226 | FP STD 0.0307|
KL coef: 0.9130334409017531
Train loss (one batch): 7672.9794921875
Train CE loss (one batch): 0.0
Test MSE: 0.0168
Poisson likelihood: 0.0
CE loss: 0.0
Experiment 73263
Epoch 0254 [Test seq (cond on sampled tp)] | Loss 8590.985352 | Likelihood -8597.593750 | KL fp 3.9810 | FP STD 0.0293|
KL coef: 0.9139031064927357
Train loss (one batch): 7788.38330078125
Train CE loss (one batch): 0.0
Test MSE: 0.0172
Poisson likelihood: 0.0
CE loss: 0.0
Experiment 73263
Epoch 0255 [Test seq (cond on sampled tp)] | Loss 8627.364258 | Likelihood -8652.858398 | KL fp 4.0753 | FP STD 0.0276|
KL coef: 0.9147640754278082
Train loss (one batch): 7517.4228515625
Train CE loss (one batch): 0.0
Test MSE: 0.0173
Poisson likelihood: 0.0
CE loss: 0.0
Experiment 73263
Epoch 0256 [Test seq (cond on sampled tp)] | Loss 8581.416992 | Likelihood -8602.936523 | KL fp 4.0233 | FP STD 0.0286|
KL coef: 0.9156164346735302
Train loss (one batch): 7814.177734375
Train CE loss (one batch): 0.0
Test MSE: 0.0172
Poisson likelihood: 0.0
CE loss: 0.0
Experiment 73263
Epoch 0257 [Test seq (cond on sampled tp)] | Loss 8392.192383 | Likelihood -8418.077148 | KL fp 4.0128 | FP STD 0.0279|
KL coef: 0.9164602703267949
Train loss (one batch): 7650.2666015625
Train CE loss (one batch): 0.0
Test MSE: 0.0168
Poisson likelihood: 0.0
CE loss: 0.0
Experiment 73263
Epoch 0258 [Test seq (cond on sampled tp)] | Loss 8260.081055 | Likelihood -8270.359375 | KL fp 4.0040 | FP STD 0.0288|
KL coef: 0.9172956676235269
Train loss (one batch): 7519.99072265625
Train CE loss (one batch): 0.0
Test MSE: 0.0166
Poisson likelihood: 0.0
CE loss: 0.0
Experiment 73263
Epoch 0259 [Test seq (cond on sampled tp)] | Loss 8475.265625 | Likelihood -8501.245117 | KL fp 3.9626 | FP STD 0.0300|
KL coef: 0.9181227109472916
Train loss (one batch): 7594.03564453125
Train CE loss (one batch): 0.0
Test MSE: 0.0170
Poisson likelihood: 0.0
CE loss: 0.0
Experiment 73263
Epoch 0260 [Test seq (cond on sampled tp)] | Loss 8302.672852 | Likelihood -8328.514648 | KL fp 4.0148 | FP STD 0.0287|
KL coef: 0.9189414838378187
Train loss (one batch): 7714.48974609375
Train CE loss (one batch): 0.0
Test MSE: 0.0167
Poisson likelihood: 0.0
CE loss: 0.0
Experiment 73263
Epoch 0261 [Test seq (cond on sampled tp)] | Loss 8592.962891 | Likelihood -8606.257812 | KL fp 3.9499 | FP STD 0.0302|
KL coef: 0.9197520689994405
Train loss (one batch): 7539.31640625
Train CE loss (one batch): 0.0
Test MSE: 0.0172
Poisson likelihood: 0.0
CE loss: 0.0
Experiment 73263
Epoch 0262 [Test seq (cond on sampled tp)] | Loss 8259.833008 | Likelihood -8264.816406 | KL fp 3.9963 | FP STD 0.0286|
KL coef: 0.9205545483094462
Train loss (one batch): 7347.07666015625
Train CE loss (one batch): 0.0
Test MSE: 0.0165
Poisson likelihood: 0.0
CE loss: 0.0
Experiment 73263
Epoch 0263 [Test seq (cond on sampled tp)] | Loss 8447.045898 | Likelihood -8456.020508 | KL fp 3.9563 | FP STD 0.0297|
KL coef: 0.9213490028263517
Train loss (one batch): 7722.00927734375
Train CE loss (one batch): 0.0
Test MSE: 0.0169
Poisson likelihood: 0.0
CE loss: 0.0
Experiment 73263
Epoch 0264 [Test seq (cond on sampled tp)] | Loss 8384.619141 | Likelihood -8405.558594 | KL fp 4.0154 | FP STD 0.0283|
KL coef: 0.9221355127980881
Train loss (one batch): 7650.12939453125
Train CE loss (one batch): 0.0
Test MSE: 0.0168
Poisson likelihood: 0.0
CE loss: 0.0
Experiment 73263
Epoch 0265 [Test seq (cond on sampled tp)] | Loss 8393.977539 | Likelihood -8408.147461 | KL fp 3.9775 | FP STD 0.0293|
KL coef: 0.9229141576701073
Train loss (one batch): 7557.0751953125
Train CE loss (one batch): 0.0
Test MSE: 0.0168
Poisson likelihood: 0.0
CE loss: 0.0
Experiment 73263
Epoch 0266 [Test seq (cond on sampled tp)] | Loss 7996.513672 | Likelihood -8008.666504 | KL fp 4.0304 | FP STD 0.0281|
KL coef: 0.9236850160934063
Train loss (one batch): 7648.0947265625
Train CE loss (one batch): 0.0
Test MSE: 0.0160
Poisson likelihood: 0.0
CE loss: 0.0
Experiment 73263
Epoch 0267 [Test seq (cond on sampled tp)] | Loss 8272.501953 | Likelihood -8288.910156 | KL fp 4.0246 | FP STD 0.0281|
KL coef: 0.9244481659324721
Train loss (one batch): 7081.4169921875
Train CE loss (one batch): 0.0
Test MSE: 0.0166
Poisson likelihood: 0.0
CE loss: 0.0
Experiment 73263
Epoch 0268 [Test seq (cond on sampled tp)] | Loss 8152.333984 | Likelihood -8158.053223 | KL fp 4.0106 | FP STD 0.0288|
KL coef: 0.9252036842731475
Train loss (one batch): 7536.21435546875
Train CE loss (one batch): 0.0
Test MSE: 0.0163
Poisson likelihood: 0.0
CE loss: 0.0
Experiment 73263
Epoch 0269 [Test seq (cond on sampled tp)] | Loss 8378.500000 | Likelihood -8394.129883 | KL fp 3.9848 | FP STD 0.0287|
KL coef: 0.9259516474304159
Train loss (one batch): 7245.2685546875
Train CE loss (one batch): 0.0
Test MSE: 0.0168
Poisson likelihood: 0.0
CE loss: 0.0
Experiment 73263
Epoch 0270 [Test seq (cond on sampled tp)] | Loss 8199.047852 | Likelihood -8239.942383 | KL fp 3.9470 | FP STD 0.0296|
KL coef: 0.9266921309561118
Train loss (one batch): 7329.17431640625
Train CE loss (one batch): 0.0
Test MSE: 0.0165
Poisson likelihood: 0.0
CE loss: 0.0
Experiment 73263
Epoch 0271 [Test seq (cond on sampled tp)] | Loss 8350.927734 | Likelihood -8377.176758 | KL fp 3.9662 | FP STD 0.0284|
KL coef: 0.9274252096465507
Train loss (one batch): 7286.22314453125
Train CE loss (one batch): 0.0
Test MSE: 0.0168
Poisson likelihood: 0.0
CE loss: 0.0
Experiment 73263
Epoch 0272 [Test seq (cond on sampled tp)] | Loss 8082.960449 | Likelihood -8095.763672 | KL fp 4.0254 | FP STD 0.0280|
KL coef: 0.9281509575500851
Train loss (one batch): 7819.455078125
Train CE loss (one batch): 0.0
Test MSE: 0.0162
Poisson likelihood: 0.0
CE loss: 0.0
Experiment 73263
Epoch 0273 [Test seq (cond on sampled tp)] | Loss 8238.098633 | Likelihood -8241.123047 | KL fp 4.0148 | FP STD 0.0281|
KL coef: 0.9288694479745843
Train loss (one batch): 7510.5126953125
Train CE loss (one batch): 0.0
Test MSE: 0.0165
Poisson likelihood: 0.0
CE loss: 0.0
Experiment 73263
Epoch 0274 [Test seq (cond on sampled tp)] | Loss 8094.969238 | Likelihood -8128.712402 | KL fp 4.0241 | FP STD 0.0283|
KL coef: 0.9295807534948385
Train loss (one batch): 7647.20068359375
Train CE loss (one batch): 0.0
Test MSE: 0.0163
Poisson likelihood: 0.0
CE loss: 0.0
Experiment 73263
Epoch 0275 [Test seq (cond on sampled tp)] | Loss 8394.344727 | Likelihood -8414.840820 | KL fp 4.0451 | FP STD 0.0267|
KL coef: 0.9302849459598901
Train loss (one batch): 7406.0263671875
Train CE loss (one batch): 0.0
Test MSE: 0.0168
Poisson likelihood: 0.0
CE loss: 0.0
Experiment 73263
Epoch 0276 [Test seq (cond on sampled tp)] | Loss 8137.606934 | Likelihood -8152.671387 | KL fp 4.0234 | FP STD 0.0274|
KL coef: 0.9309820965002912
Train loss (one batch): 7076.11669921875
Train CE loss (one batch): 0.0
Test MSE: 0.0163
Poisson likelihood: 0.0
CE loss: 0.0
Experiment 73263
Epoch 0277 [Test seq (cond on sampled tp)] | Loss 8117.124512 | Likelihood -8127.223145 | KL fp 4.0234 | FP STD 0.0276|
KL coef: 0.9316722755352883
Train loss (one batch): 7792.2109375
Train CE loss (one batch): 0.0
Test MSE: 0.0163
Poisson likelihood: 0.0
CE loss: 0.0
Experiment 73263
Epoch 0278 [Test seq (cond on sampled tp)] | Loss 8182.418457 | Likelihood -8205.946289 | KL fp 4.0552 | FP STD 0.0265|
KL coef: 0.9323555527799354
Train loss (one batch): 7097.45166015625
Train CE loss (one batch): 0.0
Test MSE: 0.0164
Poisson likelihood: 0.0
CE loss: 0.0
Experiment 73263
Epoch 0279 [Test seq (cond on sampled tp)] | Loss 8251.287109 | Likelihood -8268.848633 | KL fp 3.9810 | FP STD 0.0280|
KL coef: 0.933031997252136
Train loss (one batch): 7301.2998046875
Train CE loss (one batch): 0.0
Test MSE: 0.0165
Poisson likelihood: 0.0
CE loss: 0.0
Experiment 73263
Epoch 0280 [Test seq (cond on sampled tp)] | Loss 8101.677246 | Likelihood -8100.454590 | KL fp 4.0866 | FP STD 0.0259|
KL coef: 0.9337016772796147
Train loss (one batch): 7527.88623046875
Train CE loss (one batch): 0.0
Test MSE: 0.0162
Poisson likelihood: 0.0
CE loss: 0.0
Experiment 73263
Epoch 0281 [Test seq (cond on sampled tp)] | Loss 8105.043457 | Likelihood -8130.507812 | KL fp 4.0177 | FP STD 0.0277|
KL coef: 0.9343646605068185
Train loss (one batch): 7234.9755859375
Train CE loss (one batch): 0.0
Test MSE: 0.0163
Poisson likelihood: 0.0
CE loss: 0.0
Experiment 73263
Epoch 0282 [Test seq (cond on sampled tp)] | Loss 7944.462891 | Likelihood -7967.582031 | KL fp 4.0592 | FP STD 0.0264|
KL coef: 0.9350210139017503
Train loss (one batch): 7452.19873046875
Train CE loss (one batch): 0.0
Test MSE: 0.0159
Poisson likelihood: 0.0
CE loss: 0.0
Experiment 73263
Epoch 0283 [Test seq (cond on sampled tp)] | Loss 8090.111816 | Likelihood -8107.846191 | KL fp 4.0924 | FP STD 0.0258|
KL coef: 0.9356708037627328
Train loss (one batch): 6974.66943359375
Train CE loss (one batch): 0.0
Test MSE: 0.0162
Poisson likelihood: 0.0
CE loss: 0.0
Experiment 73263
Epoch 0284 [Test seq (cond on sampled tp)] | Loss 7940.021973 | Likelihood -7981.385254 | KL fp 4.0733 | FP STD 0.0268|
KL coef: 0.9363140957251055
Train loss (one batch): 7350.08154296875
Train CE loss (one batch): 0.0
Test MSE: 0.0160
Poisson likelihood: 0.0
CE loss: 0.0
Experiment 73263
Epoch 0285 [Test seq (cond on sampled tp)] | Loss 8051.877930 | Likelihood -8055.396484 | KL fp 4.0369 | FP STD 0.0272|
KL coef: 0.9369509547678545
Train loss (one batch): 7363.8037109375
Train CE loss (one batch): 0.0
Test MSE: 0.0161
Poisson likelihood: 0.0
CE loss: 0.0
Experiment 73263
Epoch 0286 [Test seq (cond on sampled tp)] | Loss 8145.529297 | Likelihood -8161.599121 | KL fp 4.0826 | FP STD 0.0257|
KL coef: 0.937581445220176
Train loss (one batch): 7153.3271484375
Train CE loss (one batch): 0.0
Test MSE: 0.0163
Poisson likelihood: 0.0
CE loss: 0.0
Experiment 73263
Epoch 0287 [Test seq (cond on sampled tp)] | Loss 8045.207031 | Likelihood -8053.279297 | KL fp 4.0405 | FP STD 0.0267|
KL coef: 0.9382056307679741
Train loss (one batch): 7569.68408203125
Train CE loss (one batch): 0.0
Test MSE: 0.0161
Poisson likelihood: 0.0
CE loss: 0.0
Experiment 73263
Epoch 0288 [Test seq (cond on sampled tp)] | Loss 7947.724121 | Likelihood -7977.759766 | KL fp 4.0410 | FP STD 0.0278|
KL coef: 0.9388235744602944
Train loss (one batch): 7063.2421875
Train CE loss (one batch): 0.0
Test MSE: 0.0160
Poisson likelihood: 0.0
CE loss: 0.0
Experiment 73263
Epoch 0289 [Test seq (cond on sampled tp)] | Loss 8049.653320 | Likelihood -8060.945312 | KL fp 3.9982 | FP STD 0.0280|
KL coef: 0.9394353387156915
Train loss (one batch): 6833.1279296875
Train CE loss (one batch): 0.0
Test MSE: 0.0161
Poisson likelihood: 0.0
CE loss: 0.0
Experiment 73263
Epoch 0290 [Test seq (cond on sampled tp)] | Loss 7890.824219 | Likelihood -7895.039551 | KL fp 4.0412 | FP STD 0.0264|
KL coef: 0.9400409853285345
Train loss (one batch): 7018.11328125
Train CE loss (one batch): 0.0
Test MSE: 0.0158
Poisson likelihood: 0.0
CE loss: 0.0
Experiment 73263
Epoch 0291 [Test seq (cond on sampled tp)] | Loss 8086.711914 | Likelihood -8116.591309 | KL fp 4.0565 | FP STD 0.0262|
KL coef: 0.9406405754752493
Train loss (one batch): 7251.61865234375
Train CE loss (one batch): 0.0
Test MSE: 0.0162
Poisson likelihood: 0.0
CE loss: 0.0
Experiment 73263
Epoch 0292 [Test seq (cond on sampled tp)] | Loss 7984.779297 | Likelihood -7997.425293 | KL fp 4.0653 | FP STD 0.0261|
KL coef: 0.9412341697204967
Train loss (one batch): 7256.490234375
Train CE loss (one batch): 0.0
Test MSE: 0.0160
Poisson likelihood: 0.0
CE loss: 0.0
Experiment 73263
Epoch 0293 [Test seq (cond on sampled tp)] | Loss 7864.640625 | Likelihood -7867.234375 | KL fp 4.0678 | FP STD 0.0262|
KL coef: 0.9418218280232917
Train loss (one batch): 7234.73974609375
Train CE loss (one batch): 0.0
Test MSE: 0.0157
Poisson likelihood: 0.0
CE loss: 0.0
Experiment 73263
Epoch 0294 [Test seq (cond on sampled tp)] | Loss 8006.956543 | Likelihood -8042.053223 | KL fp 4.0366 | FP STD 0.0271|
KL coef: 0.9424036097430588
Train loss (one batch): 7251.98583984375
Train CE loss (one batch): 0.0
Test MSE: 0.0161
Poisson likelihood: 0.0
CE loss: 0.0
Experiment 73263
Epoch 0295 [Test seq (cond on sampled tp)] | Loss 8004.226074 | Likelihood -8019.882812 | KL fp 4.0694 | FP STD 0.0261|
KL coef: 0.9429795736456282
Train loss (one batch): 7242.13330078125
Train CE loss (one batch): 0.0
Test MSE: 0.0161
Poisson likelihood: 0.0
CE loss: 0.0
Experiment 73263
Epoch 0296 [Test seq (cond on sampled tp)] | Loss 8009.812500 | Likelihood -8010.680176 | KL fp 4.0620 | FP STD 0.0264|
KL coef: 0.9435497779091719
Train loss (one batch): 6990.35009765625
Train CE loss (one batch): 0.0
Test MSE: 0.0160
Poisson likelihood: 0.0
CE loss: 0.0
Experiment 73263
Epoch 0297 [Test seq (cond on sampled tp)] | Loss 7868.500977 | Likelihood -7883.429688 | KL fp 4.0611 | FP STD 0.0259|
KL coef: 0.9441142801300803
Train loss (one batch): 7078.86279296875
Train CE loss (one batch): 0.0
Test MSE: 0.0158
Poisson likelihood: 0.0
CE loss: 0.0
Experiment 73263
Epoch 0298 [Test seq (cond on sampled tp)] | Loss 7914.338867 | Likelihood -7917.956543 | KL fp 4.0483 | FP STD 0.0263|
KL coef: 0.9446731373287794
Train loss (one batch): 7004.47998046875
Train CE loss (one batch): 0.0
Test MSE: 0.0158
Poisson likelihood: 0.0
CE loss: 0.0
Experiment 73263
Epoch 0299 [Test seq (cond on sampled tp)] | Loss 7831.388672 | Likelihood -7831.294434 | KL fp 4.0446 | FP STD 0.0264|
KL coef: 0.9452264059554917
Train loss (one batch): 7250.89990234375
Train CE loss (one batch): 0.0
Test MSE: 0.0157
Poisson likelihood: 0.0
CE loss: 0.0
Experiment 73263
Epoch 0300 [Test seq (cond on sampled tp)] | Loss 7679.317383 | Likelihood -7684.351074 | KL fp 4.0819 | FP STD 0.0257|
KL coef: 0.9457741418959368
Train loss (one batch): 6997.6552734375
Train CE loss (one batch): 0.0
Test MSE: 0.0154
Poisson likelihood: 0.0
CE loss: 0.0
