/Users/deyiliu/Dropbox/UNC/G4/Spring/790/code/latent_ode-master/run_models.py
run_models.py --niters 100 -n 1000 -l 15 --dataset hopper --latent-ode --z0-encoder trans -r 1994 -s 0.5
Experiment 61221
Epoch 0001 [Test seq (cond on sampled tp)] | Loss 51887.339844 | Likelihood -52737.074219 | KL fp 2.2686 | FP STD 0.2622|
KL coef: 0.0
Train loss (one batch): 50540.80859375
Train CE loss (one batch): 0.0
Test MSE: 0.1055
Poisson likelihood: 0.0
CE loss: 0.0
Experiment 61221
Epoch 0002 [Test seq (cond on sampled tp)] | Loss 35823.718750 | Likelihood -36458.089844 | KL fp 2.6916 | FP STD 0.1925|
KL coef: 0.0
Train loss (one batch): 35514.98828125
Train CE loss (one batch): 0.0
Test MSE: 0.0729
Poisson likelihood: 0.0
CE loss: 0.0
Experiment 61221
Epoch 0003 [Test seq (cond on sampled tp)] | Loss 32967.816406 | Likelihood -33281.152344 | KL fp 2.7057 | FP STD 0.1615|
KL coef: 0.0
Train loss (one batch): 33701.52734375
Train CE loss (one batch): 0.0
Test MSE: 0.0666
Poisson likelihood: 0.0
CE loss: 0.0
Experiment 61221
Epoch 0004 [Test seq (cond on sampled tp)] | Loss 31189.953125 | Likelihood -31535.833984 | KL fp 2.8182 | FP STD 0.1541|
KL coef: 0.0
Train loss (one batch): 30502.185546875
Train CE loss (one batch): 0.0
Test MSE: 0.0631
Poisson likelihood: 0.0
CE loss: 0.0
Experiment 61221
Epoch 0005 [Test seq (cond on sampled tp)] | Loss 29862.917969 | Likelihood -30072.710938 | KL fp 2.8144 | FP STD 0.1403|
KL coef: 0.0
Train loss (one batch): 29961.5
Train CE loss (one batch): 0.0
Test MSE: 0.0602
Poisson likelihood: 0.0
CE loss: 0.0
Experiment 61221
Epoch 0006 [Test seq (cond on sampled tp)] | Loss 28861.011719 | Likelihood -28974.462891 | KL fp 2.8530 | FP STD 0.1365|
KL coef: 0.0
Train loss (one batch): 27085.453125
Train CE loss (one batch): 0.0
Test MSE: 0.0580
Poisson likelihood: 0.0
CE loss: 0.0
Experiment 61221
Epoch 0007 [Test seq (cond on sampled tp)] | Loss 27404.484375 | Likelihood -27624.849609 | KL fp 2.8931 | FP STD 0.1282|
KL coef: 0.0
Train loss (one batch): 28495.779296875
Train CE loss (one batch): 0.0
Test MSE: 0.0553
Poisson likelihood: 0.0
CE loss: 0.0
Experiment 61221
Epoch 0008 [Test seq (cond on sampled tp)] | Loss 28060.687500 | Likelihood -28099.085938 | KL fp 2.8059 | FP STD 0.1331|
KL coef: 0.0
Train loss (one batch): 26605.744140625
Train CE loss (one batch): 0.0
Test MSE: 0.0562
Poisson likelihood: 0.0
CE loss: 0.0
Experiment 61221
Epoch 0009 [Test seq (cond on sampled tp)] | Loss 25440.005859 | Likelihood -25679.123047 | KL fp 2.8842 | FP STD 0.1276|
KL coef: 0.0
Train loss (one batch): 24778.59765625
Train CE loss (one batch): 0.0
Test MSE: 0.0514
Poisson likelihood: 0.0
CE loss: 0.0
Experiment 61221
Epoch 0010 [Test seq (cond on sampled tp)] | Loss 24647.054688 | Likelihood -24850.404297 | KL fp 2.8922 | FP STD 0.1249|
KL coef: 0.0
Train loss (one batch): 23006.46484375
Train CE loss (one batch): 0.0
Test MSE: 0.0497
Poisson likelihood: 0.0
CE loss: 0.0
Experiment 61221
Epoch 0011 [Test seq (cond on sampled tp)] | Loss 22832.074219 | Likelihood -23231.539062 | KL fp 2.8633 | FP STD 0.1255|
KL coef: 0.010000000000000009
Train loss (one batch): 22999.2109375
Train CE loss (one batch): 0.0
Test MSE: 0.0465
Poisson likelihood: 0.0
CE loss: 0.0
Experiment 61221
Epoch 0012 [Test seq (cond on sampled tp)] | Loss 21995.970703 | Likelihood -22076.539062 | KL fp 2.9134 | FP STD 0.1204|
KL coef: 0.01990000000000003
Train loss (one batch): 22196.41796875
Train CE loss (one batch): 0.0
Test MSE: 0.0442
Poisson likelihood: 0.0
CE loss: 0.0
Experiment 61221
Epoch 0013 [Test seq (cond on sampled tp)] | Loss 21505.109375 | Likelihood -21653.718750 | KL fp 2.9237 | FP STD 0.1173|
KL coef: 0.029700999999999977
Train loss (one batch): 20643.87109375
Train CE loss (one batch): 0.0
Test MSE: 0.0433
Poisson likelihood: 0.0
CE loss: 0.0
Experiment 61221
Epoch 0014 [Test seq (cond on sampled tp)] | Loss 21180.839844 | Likelihood -21224.607422 | KL fp 2.9594 | FP STD 0.1129|
KL coef: 0.039403990000000055
Train loss (one batch): 19905.36328125
Train CE loss (one batch): 0.0
Test MSE: 0.0425
Poisson likelihood: 0.0
CE loss: 0.0
Experiment 61221
Epoch 0015 [Test seq (cond on sampled tp)] | Loss 20568.333984 | Likelihood -20767.402344 | KL fp 2.9378 | FP STD 0.1106|
KL coef: 0.04900995010000009
Train loss (one batch): 19649.78125
Train CE loss (one batch): 0.0
Test MSE: 0.0415
Poisson likelihood: 0.0
CE loss: 0.0
Experiment 61221
Epoch 0016 [Test seq (cond on sampled tp)] | Loss 20154.136719 | Likelihood -20258.603516 | KL fp 3.0097 | FP STD 0.1027|
KL coef: 0.058519850599
Train loss (one batch): 19711.58984375
Train CE loss (one batch): 0.0
Test MSE: 0.0405
Poisson likelihood: 0.0
CE loss: 0.0
Experiment 61221
Epoch 0017 [Test seq (cond on sampled tp)] | Loss 19659.324219 | Likelihood -19701.482422 | KL fp 3.0504 | FP STD 0.1007|
KL coef: 0.06793465209301008
Train loss (one batch): 19331.748046875
Train CE loss (one batch): 0.0
Test MSE: 0.0394
Poisson likelihood: 0.0
CE loss: 0.0
Experiment 61221
Epoch 0018 [Test seq (cond on sampled tp)] | Loss 19665.201172 | Likelihood -19698.244141 | KL fp 3.0228 | FP STD 0.1022|
KL coef: 0.07725530557207994
Train loss (one batch): 19148.462890625
Train CE loss (one batch): 0.0
Test MSE: 0.0394
Poisson likelihood: 0.0
CE loss: 0.0
Experiment 61221
Epoch 0019 [Test seq (cond on sampled tp)] | Loss 19688.298828 | Likelihood -19905.726562 | KL fp 3.0097 | FP STD 0.1036|
KL coef: 0.08648275251635917
Train loss (one batch): 18368.640625
Train CE loss (one batch): 0.0
Test MSE: 0.0398
Poisson likelihood: 0.0
CE loss: 0.0
Experiment 61221
Epoch 0020 [Test seq (cond on sampled tp)] | Loss 18407.675781 | Likelihood -18614.177734 | KL fp 3.1189 | FP STD 0.0914|
KL coef: 0.09561792499119559
Train loss (one batch): 17866.04296875
Train CE loss (one batch): 0.0
Test MSE: 0.0372
Poisson likelihood: 0.0
CE loss: 0.0
Experiment 61221
Epoch 0021 [Test seq (cond on sampled tp)] | Loss 18037.429688 | Likelihood -18159.484375 | KL fp 3.1100 | FP STD 0.0925|
KL coef: 0.10466174574128362
Train loss (one batch): 18725.4296875
Train CE loss (one batch): 0.0
Test MSE: 0.0363
Poisson likelihood: 0.0
CE loss: 0.0
Experiment 61221
Epoch 0022 [Test seq (cond on sampled tp)] | Loss 17571.130859 | Likelihood -17633.310547 | KL fp 3.0960 | FP STD 0.0933|
KL coef: 0.11361512828387077
Train loss (one batch): 17449.9921875
Train CE loss (one batch): 0.0
Test MSE: 0.0353
Poisson likelihood: 0.0
CE loss: 0.0
Experiment 61221
Epoch 0023 [Test seq (cond on sampled tp)] | Loss 17085.115234 | Likelihood -17235.873047 | KL fp 3.1406 | FP STD 0.0891|
KL coef: 0.12247897700103216
Train loss (one batch): 17059.49609375
Train CE loss (one batch): 0.0
Test MSE: 0.0345
Poisson likelihood: 0.0
CE loss: 0.0
Experiment 61221
Epoch 0024 [Test seq (cond on sampled tp)] | Loss 17380.265625 | Likelihood -17534.136719 | KL fp 3.0628 | FP STD 0.0930|
KL coef: 0.13125418723102178
Train loss (one batch): 17639.96484375
Train CE loss (one batch): 0.0
Test MSE: 0.0351
Poisson likelihood: 0.0
CE loss: 0.0
Experiment 61221
Epoch 0025 [Test seq (cond on sampled tp)] | Loss 17298.833984 | Likelihood -17338.720703 | KL fp 3.1380 | FP STD 0.0894|
KL coef: 0.13994164535871156
Train loss (one batch): 16975.109375
Train CE loss (one batch): 0.0
Test MSE: 0.0347
Poisson likelihood: 0.0
CE loss: 0.0
Experiment 61221
Epoch 0026 [Test seq (cond on sampled tp)] | Loss 16223.027344 | Likelihood -16290.877930 | KL fp 3.1058 | FP STD 0.0900|
KL coef: 0.14854222890512447
Train loss (one batch): 16441.779296875
Train CE loss (one batch): 0.0
Test MSE: 0.0326
Poisson likelihood: 0.0
CE loss: 0.0
Experiment 61221
Epoch 0027 [Test seq (cond on sampled tp)] | Loss 16396.605469 | Likelihood -16500.984375 | KL fp 3.0506 | FP STD 0.0925|
KL coef: 0.15705680661607324
Train loss (one batch): 15769.9033203125
Train CE loss (one batch): 0.0
Test MSE: 0.0330
Poisson likelihood: 0.0
CE loss: 0.0
Experiment 61221
Epoch 0028 [Test seq (cond on sampled tp)] | Loss 15791.535156 | Likelihood -15850.940430 | KL fp 3.1815 | FP STD 0.0844|
KL coef: 0.1654862385499125
Train loss (one batch): 16190.53125
Train CE loss (one batch): 0.0
Test MSE: 0.0317
Poisson likelihood: 0.0
CE loss: 0.0
Experiment 61221
Epoch 0029 [Test seq (cond on sampled tp)] | Loss 15414.369141 | Likelihood -15431.390625 | KL fp 3.1366 | FP STD 0.0870|
KL coef: 0.17383137616441335
Train loss (one batch): 15929.7646484375
Train CE loss (one batch): 0.0
Test MSE: 0.0309
Poisson likelihood: 0.0
CE loss: 0.0
Experiment 61221
Epoch 0030 [Test seq (cond on sampled tp)] | Loss 15476.220703 | Likelihood -15485.863281 | KL fp 3.1919 | FP STD 0.0841|
KL coef: 0.18209306240276923
Train loss (one batch): 15701.501953125
Train CE loss (one batch): 0.0
Test MSE: 0.0310
Poisson likelihood: 0.0
CE loss: 0.0
Experiment 61221
Epoch 0031 [Test seq (cond on sampled tp)] | Loss 14794.151367 | Likelihood -14880.432617 | KL fp 3.1358 | FP STD 0.0842|
KL coef: 0.19027213177874158
Train loss (one batch): 15328.193359375
Train CE loss (one batch): 0.0
Test MSE: 0.0298
Poisson likelihood: 0.0
CE loss: 0.0
Experiment 61221
Epoch 0032 [Test seq (cond on sampled tp)] | Loss 14882.785156 | Likelihood -14990.750977 | KL fp 3.1421 | FP STD 0.0830|
KL coef: 0.19836941046095413
Train loss (one batch): 15153.1845703125
Train CE loss (one batch): 0.0
Test MSE: 0.0300
Poisson likelihood: 0.0
CE loss: 0.0
Experiment 61221
Epoch 0033 [Test seq (cond on sampled tp)] | Loss 14506.525391 | Likelihood -14539.558594 | KL fp 3.1754 | FP STD 0.0807|
KL coef: 0.20638571635634462
Train loss (one batch): 14157.00390625
Train CE loss (one batch): 0.0
Test MSE: 0.0291
Poisson likelihood: 0.0
CE loss: 0.0
Experiment 61221
Epoch 0034 [Test seq (cond on sampled tp)] | Loss 14108.449219 | Likelihood -14189.450195 | KL fp 3.1395 | FP STD 0.0822|
KL coef: 0.21432185919278124
Train loss (one batch): 14233.01953125
Train CE loss (one batch): 0.0
Test MSE: 0.0284
Poisson likelihood: 0.0
CE loss: 0.0
Experiment 61221
Epoch 0035 [Test seq (cond on sampled tp)] | Loss 14105.236328 | Likelihood -14136.393555 | KL fp 3.1923 | FP STD 0.0802|
KL coef: 0.22217864060085335
Train loss (one batch): 14097.9638671875
Train CE loss (one batch): 0.0
Test MSE: 0.0283
Poisson likelihood: 0.0
CE loss: 0.0
Experiment 61221
Epoch 0036 [Test seq (cond on sampled tp)] | Loss 13946.160156 | Likelihood -14036.067383 | KL fp 3.1773 | FP STD 0.0813|
KL coef: 0.2299568541948449
Train loss (one batch): 14169.125
Train CE loss (one batch): 0.0
Test MSE: 0.0281
Poisson likelihood: 0.0
CE loss: 0.0
Experiment 61221
Epoch 0037 [Test seq (cond on sampled tp)] | Loss 14073.180664 | Likelihood -14115.417969 | KL fp 3.1479 | FP STD 0.0825|
KL coef: 0.23765728565289646
Train loss (one batch): 13538.240234375
Train CE loss (one batch): 0.0
Test MSE: 0.0282
Poisson likelihood: 0.0
CE loss: 0.0
Experiment 61221
Epoch 0038 [Test seq (cond on sampled tp)] | Loss 13748.686523 | Likelihood -13789.757812 | KL fp 3.2579 | FP STD 0.0755|
KL coef: 0.24528071279636743
Train loss (one batch): 13703.4599609375
Train CE loss (one batch): 0.0
Test MSE: 0.0276
Poisson likelihood: 0.0
CE loss: 0.0
Experiment 61221
Epoch 0039 [Test seq (cond on sampled tp)] | Loss 13764.639648 | Likelihood -13769.993164 | KL fp 3.2753 | FP STD 0.0741|
KL coef: 0.25282790566840385
Train loss (one batch): 12623.228515625
Train CE loss (one batch): 0.0
Test MSE: 0.0276
Poisson likelihood: 0.0
CE loss: 0.0
Experiment 61221
Epoch 0040 [Test seq (cond on sampled tp)] | Loss 13760.624023 | Likelihood -13812.184570 | KL fp 3.3124 | FP STD 0.0733|
KL coef: 0.2602996266117198
Train loss (one batch): 12841.509765625
Train CE loss (one batch): 0.0
Test MSE: 0.0276
Poisson likelihood: 0.0
CE loss: 0.0
Experiment 61221
Epoch 0041 [Test seq (cond on sampled tp)] | Loss 13263.356445 | Likelihood -13334.125000 | KL fp 3.2631 | FP STD 0.0745|
KL coef: 0.26769663034560254
Train loss (one batch): 12926.955078125
Train CE loss (one batch): 0.0
Test MSE: 0.0267
Poisson likelihood: 0.0
CE loss: 0.0
Experiment 61221
Epoch 0042 [Test seq (cond on sampled tp)] | Loss 13185.901367 | Likelihood -13285.592773 | KL fp 3.3294 | FP STD 0.0699|
KL coef: 0.2750196640421466
Train loss (one batch): 13504.2646484375
Train CE loss (one batch): 0.0
Test MSE: 0.0266
Poisson likelihood: 0.0
CE loss: 0.0
Experiment 61221
Epoch 0043 [Test seq (cond on sampled tp)] | Loss 12650.267578 | Likelihood -12733.532227 | KL fp 3.2860 | FP STD 0.0719|
KL coef: 0.2822694674017251
Train loss (one batch): 12591.611328125
Train CE loss (one batch): 0.0
Test MSE: 0.0255
Poisson likelihood: 0.0
CE loss: 0.0
Experiment 61221
Epoch 0044 [Test seq (cond on sampled tp)] | Loss 12669.426758 | Likelihood -12709.889648 | KL fp 3.2578 | FP STD 0.0742|
KL coef: 0.2894467727277079
Train loss (one batch): 13394.025390625
Train CE loss (one batch): 0.0
Test MSE: 0.0254
Poisson likelihood: 0.0
CE loss: 0.0
Experiment 61221
Epoch 0045 [Test seq (cond on sampled tp)] | Loss 12633.701172 | Likelihood -12656.704102 | KL fp 3.2648 | FP STD 0.0714|
KL coef: 0.29655230500043084
Train loss (one batch): 12445.4169921875
Train CE loss (one batch): 0.0
Test MSE: 0.0253
Poisson likelihood: 0.0
CE loss: 0.0
Experiment 61221
Epoch 0046 [Test seq (cond on sampled tp)] | Loss 12820.959961 | Likelihood -12849.793945 | KL fp 3.2841 | FP STD 0.0702|
KL coef: 0.30358678195042654
Train loss (one batch): 12588.431640625
Train CE loss (one batch): 0.0
Test MSE: 0.0257
Poisson likelihood: 0.0
CE loss: 0.0
Experiment 61221
Epoch 0047 [Test seq (cond on sampled tp)] | Loss 12438.178711 | Likelihood -12468.381836 | KL fp 3.2785 | FP STD 0.0710|
KL coef: 0.3105509141309223
Train loss (one batch): 12203.06640625
Train CE loss (one batch): 0.0
Test MSE: 0.0249
Poisson likelihood: 0.0
CE loss: 0.0
Experiment 61221
Epoch 0048 [Test seq (cond on sampled tp)] | Loss 12122.210938 | Likelihood -12132.254883 | KL fp 3.3495 | FP STD 0.0683|
KL coef: 0.31744540498961304
Train loss (one batch): 12413.84765625
Train CE loss (one batch): 0.0
Test MSE: 0.0243
Poisson likelihood: 0.0
CE loss: 0.0
Experiment 61221
Epoch 0049 [Test seq (cond on sampled tp)] | Loss 12405.945312 | Likelihood -12427.409180 | KL fp 3.3674 | FP STD 0.0666|
KL coef: 0.3242709509397169
Train loss (one batch): 11426.4130859375
Train CE loss (one batch): 0.0
Test MSE: 0.0249
Poisson likelihood: 0.0
CE loss: 0.0
Experiment 61221
Epoch 0050 [Test seq (cond on sampled tp)] | Loss 12203.679688 | Likelihood -12259.436523 | KL fp 3.3321 | FP STD 0.0675|
KL coef: 0.3310282414303197
Train loss (one batch): 11710.1787109375
Train CE loss (one batch): 0.0
Test MSE: 0.0245
Poisson likelihood: 0.0
CE loss: 0.0
Experiment 61221
Epoch 0051 [Test seq (cond on sampled tp)] | Loss 12293.755859 | Likelihood -12334.430664 | KL fp 3.3315 | FP STD 0.0674|
KL coef: 0.33771795901601653
Train loss (one batch): 11938.2607421875
Train CE loss (one batch): 0.0
Test MSE: 0.0247
Poisson likelihood: 0.0
CE loss: 0.0
Experiment 61221
Epoch 0052 [Test seq (cond on sampled tp)] | Loss 11868.222656 | Likelihood -11929.679688 | KL fp 3.3525 | FP STD 0.0666|
KL coef: 0.3443407794258564
Train loss (one batch): 11454.8388671875
Train CE loss (one batch): 0.0
Test MSE: 0.0239
Poisson likelihood: 0.0
CE loss: 0.0
Experiment 61221
Epoch 0053 [Test seq (cond on sampled tp)] | Loss 11774.772461 | Likelihood -11825.276367 | KL fp 3.3626 | FP STD 0.0644|
KL coef: 0.35089737163159784
Train loss (one batch): 12103.5146484375
Train CE loss (one batch): 0.0
Test MSE: 0.0237
Poisson likelihood: 0.0
CE loss: 0.0
Experiment 61221
Epoch 0054 [Test seq (cond on sampled tp)] | Loss 11671.121094 | Likelihood -11717.141602 | KL fp 3.3469 | FP STD 0.0647|
KL coef: 0.3573883979152819
Train loss (one batch): 11714.6669921875
Train CE loss (one batch): 0.0
Test MSE: 0.0234
Poisson likelihood: 0.0
CE loss: 0.0
Experiment 61221
Epoch 0055 [Test seq (cond on sampled tp)] | Loss 11626.201172 | Likelihood -11691.046875 | KL fp 3.3846 | FP STD 0.0634|
KL coef: 0.36381451393612907
Train loss (one batch): 11382.203125
Train CE loss (one batch): 0.0
Test MSE: 0.0234
Poisson likelihood: 0.0
CE loss: 0.0
Experiment 61221
Epoch 0056 [Test seq (cond on sampled tp)] | Loss 11631.490234 | Likelihood -11658.729492 | KL fp 3.3353 | FP STD 0.0661|
KL coef: 0.37017636879676774
Train loss (one batch): 10925.0166015625
Train CE loss (one batch): 0.0
Test MSE: 0.0233
Poisson likelihood: 0.0
CE loss: 0.0
Experiment 61221
Epoch 0057 [Test seq (cond on sampled tp)] | Loss 11091.654297 | Likelihood -11122.987305 | KL fp 3.3728 | FP STD 0.0639|
KL coef: 0.37647460510880004
Train loss (one batch): 10714.81640625
Train CE loss (one batch): 0.0
Test MSE: 0.0223
Poisson likelihood: 0.0
CE loss: 0.0
Experiment 61221
Epoch 0058 [Test seq (cond on sampled tp)] | Loss 11166.016602 | Likelihood -11204.389648 | KL fp 3.3587 | FP STD 0.0647|
KL coef: 0.38270985905771204
Train loss (one batch): 10879.92578125
Train CE loss (one batch): 0.0
Test MSE: 0.0224
Poisson likelihood: 0.0
CE loss: 0.0
Experiment 61221
Epoch 0059 [Test seq (cond on sampled tp)] | Loss 11001.231445 | Likelihood -11022.829102 | KL fp 3.4418 | FP STD 0.0598|
KL coef: 0.388882760467135
Train loss (one batch): 10491.876953125
Train CE loss (one batch): 0.0
Test MSE: 0.0221
Poisson likelihood: 0.0
CE loss: 0.0
Experiment 61221
Epoch 0060 [Test seq (cond on sampled tp)] | Loss 10900.373047 | Likelihood -10945.929688 | KL fp 3.4045 | FP STD 0.0629|
KL coef: 0.39499393286246365
Train loss (one batch): 10945.20703125
Train CE loss (one batch): 0.0
Test MSE: 0.0219
Poisson likelihood: 0.0
CE loss: 0.0
Experiment 61221
Epoch 0061 [Test seq (cond on sampled tp)] | Loss 10858.615234 | Likelihood -10887.848633 | KL fp 3.4069 | FP STD 0.0631|
KL coef: 0.401043993533839
Train loss (one batch): 10969.517578125
Train CE loss (one batch): 0.0
Test MSE: 0.0218
Poisson likelihood: 0.0
CE loss: 0.0
Experiment 61221
Epoch 0062 [Test seq (cond on sampled tp)] | Loss 10754.199219 | Likelihood -10776.541992 | KL fp 3.4170 | FP STD 0.0609|
KL coef: 0.4070335535985006
Train loss (one batch): 10556.34375
Train CE loss (one batch): 0.0
Test MSE: 0.0216
Poisson likelihood: 0.0
CE loss: 0.0
Experiment 61221
Epoch 0063 [Test seq (cond on sampled tp)] | Loss 10863.034180 | Likelihood -10885.558594 | KL fp 3.4317 | FP STD 0.0617|
KL coef: 0.41296321806251557
Train loss (one batch): 10384.8779296875
Train CE loss (one batch): 0.0
Test MSE: 0.0218
Poisson likelihood: 0.0
CE loss: 0.0
Experiment 61221
Epoch 0064 [Test seq (cond on sampled tp)] | Loss 10630.682617 | Likelihood -10632.534180 | KL fp 3.4115 | FP STD 0.0629|
KL coef: 0.41883358588189046
Train loss (one batch): 10996.7080078125
Train CE loss (one batch): 0.0
Test MSE: 0.0213
Poisson likelihood: 0.0
CE loss: 0.0
Experiment 61221
Epoch 0065 [Test seq (cond on sampled tp)] | Loss 10671.986328 | Likelihood -10690.545898 | KL fp 3.4199 | FP STD 0.0615|
KL coef: 0.4246452500230715
Train loss (one batch): 10519.0810546875
Train CE loss (one batch): 0.0
Test MSE: 0.0214
Poisson likelihood: 0.0
CE loss: 0.0
Experiment 61221
Epoch 0066 [Test seq (cond on sampled tp)] | Loss 10287.757812 | Likelihood -10342.611328 | KL fp 3.4167 | FP STD 0.0613|
KL coef: 0.4303987975228408
Train loss (one batch): 10165.0732421875
Train CE loss (one batch): 0.0
Test MSE: 0.0207
Poisson likelihood: 0.0
CE loss: 0.0
Experiment 61221
Epoch 0067 [Test seq (cond on sampled tp)] | Loss 10523.825195 | Likelihood -10560.745117 | KL fp 3.4027 | FP STD 0.0631|
KL coef: 0.4360948095476125
Train loss (one batch): 10182.0419921875
Train CE loss (one batch): 0.0
Test MSE: 0.0211
Poisson likelihood: 0.0
CE loss: 0.0
Experiment 61221
Epoch 0068 [Test seq (cond on sampled tp)] | Loss 10259.441406 | Likelihood -10293.844727 | KL fp 3.4055 | FP STD 0.0626|
KL coef: 0.44173386145213633
Train loss (one batch): 9679.0869140625
Train CE loss (one batch): 0.0
Test MSE: 0.0206
Poisson likelihood: 0.0
CE loss: 0.0
Experiment 61221
Epoch 0069 [Test seq (cond on sampled tp)] | Loss 10053.765625 | Likelihood -10118.850586 | KL fp 3.4448 | FP STD 0.0588|
KL coef: 0.4473165228376149
Train loss (one batch): 9263.990234375
Train CE loss (one batch): 0.0
Test MSE: 0.0202
Poisson likelihood: 0.0
CE loss: 0.0
Experiment 61221
Epoch 0070 [Test seq (cond on sampled tp)] | Loss 9981.610352 | Likelihood -10002.944336 | KL fp 3.4497 | FP STD 0.0600|
KL coef: 0.4528433576092388
Train loss (one batch): 9442.736328125
Train CE loss (one batch): 0.0
Test MSE: 0.0200
Poisson likelihood: 0.0
CE loss: 0.0
Experiment 61221
Epoch 0071 [Test seq (cond on sampled tp)] | Loss 10027.730469 | Likelihood -10066.768555 | KL fp 3.3503 | FP STD 0.0619|
KL coef: 0.45831492403314644
Train loss (one batch): 9039.5830078125
Train CE loss (one batch): 0.0
Test MSE: 0.0201
Poisson likelihood: 0.0
CE loss: 0.0
Experiment 61221
Epoch 0072 [Test seq (cond on sampled tp)] | Loss 9846.094727 | Likelihood -9887.534180 | KL fp 3.4499 | FP STD 0.0599|
KL coef: 0.463731774792815
Train loss (one batch): 9450.345703125
Train CE loss (one batch): 0.0
Test MSE: 0.0198
Poisson likelihood: 0.0
CE loss: 0.0
Experiment 61221
Epoch 0073 [Test seq (cond on sampled tp)] | Loss 9852.965820 | Likelihood -9905.915039 | KL fp 3.4214 | FP STD 0.0594|
KL coef: 0.46909445704488684
Train loss (one batch): 9391.3154296875
Train CE loss (one batch): 0.0
Test MSE: 0.0198
Poisson likelihood: 0.0
CE loss: 0.0
Experiment 61221
Epoch 0074 [Test seq (cond on sampled tp)] | Loss 9680.244141 | Likelihood -9702.393555 | KL fp 3.4425 | FP STD 0.0583|
KL coef: 0.474403512474438
Train loss (one batch): 8715.326171875
Train CE loss (one batch): 0.0
Test MSE: 0.0194
Poisson likelihood: 0.0
CE loss: 0.0
Experiment 61221
Epoch 0075 [Test seq (cond on sampled tp)] | Loss 9943.854492 | Likelihood -9959.817383 | KL fp 3.4655 | FP STD 0.0576|
KL coef: 0.4796594773496936
Train loss (one batch): 9865.2802734375
Train CE loss (one batch): 0.0
Test MSE: 0.0199
Poisson likelihood: 0.0
CE loss: 0.0
Experiment 61221
Epoch 0076 [Test seq (cond on sampled tp)] | Loss 9472.081055 | Likelihood -9501.457031 | KL fp 3.4632 | FP STD 0.0583|
KL coef: 0.4848628825761967
Train loss (one batch): 8892.2099609375
Train CE loss (one batch): 0.0
Test MSE: 0.0190
Poisson likelihood: 0.0
CE loss: 0.0
Experiment 61221
Epoch 0077 [Test seq (cond on sampled tp)] | Loss 9641.438477 | Likelihood -9657.741211 | KL fp 3.4396 | FP STD 0.0608|
KL coef: 0.4900142537504347
Train loss (one batch): 9016.55859375
Train CE loss (one batch): 0.0
Test MSE: 0.0193
Poisson likelihood: 0.0
CE loss: 0.0
Experiment 61221
Epoch 0078 [Test seq (cond on sampled tp)] | Loss 9513.488281 | Likelihood -9534.526367 | KL fp 3.4632 | FP STD 0.0578|
KL coef: 0.49511411121293036
Train loss (one batch): 9293.1875
Train CE loss (one batch): 0.0
Test MSE: 0.0191
Poisson likelihood: 0.0
CE loss: 0.0
Experiment 61221
Epoch 0079 [Test seq (cond on sampled tp)] | Loss 9539.291992 | Likelihood -9568.836914 | KL fp 3.5049 | FP STD 0.0568|
KL coef: 0.500162970100801
Train loss (one batch): 9290.078125
Train CE loss (one batch): 0.0
Test MSE: 0.0191
Poisson likelihood: 0.0
CE loss: 0.0
Experiment 61221
Epoch 0080 [Test seq (cond on sampled tp)] | Loss 9202.779297 | Likelihood -9231.879883 | KL fp 3.4483 | FP STD 0.0574|
KL coef: 0.505161340399793
Train loss (one batch): 8999.4404296875
Train CE loss (one batch): 0.0
Test MSE: 0.0185
Poisson likelihood: 0.0
CE loss: 0.0
Experiment 61221
Epoch 0081 [Test seq (cond on sampled tp)] | Loss 9297.191406 | Likelihood -9319.457031 | KL fp 3.5013 | FP STD 0.0559|
KL coef: 0.510109726995795
Train loss (one batch): 8638.625
Train CE loss (one batch): 0.0
Test MSE: 0.0187
Poisson likelihood: 0.0
CE loss: 0.0
Experiment 61221
Epoch 0082 [Test seq (cond on sampled tp)] | Loss 9483.828125 | Likelihood -9496.007812 | KL fp 3.4813 | FP STD 0.0562|
KL coef: 0.5150086297258372
Train loss (one batch): 8390.7294921875
Train CE loss (one batch): 0.0
Test MSE: 0.0190
Poisson likelihood: 0.0
CE loss: 0.0
Experiment 61221
Epoch 0083 [Test seq (cond on sampled tp)] | Loss 9640.358398 | Likelihood -9667.352539 | KL fp 3.4720 | FP STD 0.0575|
KL coef: 0.5198585434285787
Train loss (one batch): 8869.9130859375
Train CE loss (one batch): 0.0
Test MSE: 0.0193
Poisson likelihood: 0.0
CE loss: 0.0
Experiment 61221
Epoch 0084 [Test seq (cond on sampled tp)] | Loss 9210.302734 | Likelihood -9212.648438 | KL fp 3.5007 | FP STD 0.0562|
KL coef: 0.524659957994293
Train loss (one batch): 8728.1435546875
Train CE loss (one batch): 0.0
Test MSE: 0.0184
Poisson likelihood: 0.0
CE loss: 0.0
Experiment 61221
Epoch 0085 [Test seq (cond on sampled tp)] | Loss 9034.594727 | Likelihood -9096.797852 | KL fp 3.4776 | FP STD 0.0553|
KL coef: 0.5294133584143501
Train loss (one batch): 8785.7529296875
Train CE loss (one batch): 0.0
Test MSE: 0.0182
Poisson likelihood: 0.0
CE loss: 0.0
Experiment 61221
Epoch 0086 [Test seq (cond on sampled tp)] | Loss 9253.004883 | Likelihood -9284.470703 | KL fp 3.4782 | FP STD 0.0566|
KL coef: 0.5341192248302067
Train loss (one batch): 9214.69140625
Train CE loss (one batch): 0.0
Test MSE: 0.0186
Poisson likelihood: 0.0
CE loss: 0.0
Experiment 61221
Epoch 0087 [Test seq (cond on sampled tp)] | Loss 9041.756836 | Likelihood -9071.073242 | KL fp 3.5550 | FP STD 0.0537|
KL coef: 0.5387780325819045
Train loss (one batch): 9068.1376953125
Train CE loss (one batch): 0.0
Test MSE: 0.0182
Poisson likelihood: 0.0
CE loss: 0.0
Experiment 61221
Epoch 0088 [Test seq (cond on sampled tp)] | Loss 8827.112305 | Likelihood -8839.246094 | KL fp 3.4939 | FP STD 0.0564|
KL coef: 0.5433902522560855
Train loss (one batch): 8374.2490234375
Train CE loss (one batch): 0.0
Test MSE: 0.0177
Poisson likelihood: 0.0
CE loss: 0.0
Experiment 61221
Epoch 0089 [Test seq (cond on sampled tp)] | Loss 8767.889648 | Likelihood -8782.792969 | KL fp 3.5051 | FP STD 0.0540|
KL coef: 0.5479563497335247
Train loss (one batch): 8570.9814453125
Train CE loss (one batch): 0.0
Test MSE: 0.0176
Poisson likelihood: 0.0
CE loss: 0.0
Experiment 61221
Epoch 0090 [Test seq (cond on sampled tp)] | Loss 8876.996094 | Likelihood -8920.339844 | KL fp 3.5585 | FP STD 0.0530|
KL coef: 0.5524767862361895
Train loss (one batch): 8930.2919921875
Train CE loss (one batch): 0.0
Test MSE: 0.0179
Poisson likelihood: 0.0
CE loss: 0.0
Experiment 61221
Epoch 0091 [Test seq (cond on sampled tp)] | Loss 9133.273438 | Likelihood -9155.387695 | KL fp 3.4824 | FP STD 0.0561|
KL coef: 0.5569520183738275
Train loss (one batch): 8209.9755859375
Train CE loss (one batch): 0.0
Test MSE: 0.0183
Poisson likelihood: 0.0
CE loss: 0.0
Experiment 61221
Epoch 0092 [Test seq (cond on sampled tp)] | Loss 9033.924805 | Likelihood -9062.819336 | KL fp 3.5215 | FP STD 0.0540|
KL coef: 0.5613824981900892
Train loss (one batch): 8093.15771484375
Train CE loss (one batch): 0.0
Test MSE: 0.0181
Poisson likelihood: 0.0
CE loss: 0.0
Experiment 61221
Epoch 0093 [Test seq (cond on sampled tp)] | Loss 8698.999023 | Likelihood -8743.459961 | KL fp 3.5072 | FP STD 0.0550|
KL coef: 0.5657686732081884
Train loss (one batch): 8742.1806640625
Train CE loss (one batch): 0.0
Test MSE: 0.0175
Poisson likelihood: 0.0
CE loss: 0.0
Experiment 61221
Epoch 0094 [Test seq (cond on sampled tp)] | Loss 8856.333008 | Likelihood -8897.668945 | KL fp 3.5445 | FP STD 0.0528|
KL coef: 0.5701109864761065
Train loss (one batch): 8476.9326171875
Train CE loss (one batch): 0.0
Test MSE: 0.0178
Poisson likelihood: 0.0
CE loss: 0.0
Experiment 61221
Epoch 0095 [Test seq (cond on sampled tp)] | Loss 8683.627930 | Likelihood -8698.045898 | KL fp 3.5395 | FP STD 0.0544|
KL coef: 0.5744098766113455
Train loss (one batch): 8052.119140625
Train CE loss (one batch): 0.0
Test MSE: 0.0174
Poisson likelihood: 0.0
CE loss: 0.0
Experiment 61221
Epoch 0096 [Test seq (cond on sampled tp)] | Loss 8799.872070 | Likelihood -8830.023438 | KL fp 3.5130 | FP STD 0.0543|
KL coef: 0.578665777845232
Train loss (one batch): 8655.2744140625
Train CE loss (one batch): 0.0
Test MSE: 0.0177
Poisson likelihood: 0.0
CE loss: 0.0
Experiment 61221
Epoch 0097 [Test seq (cond on sampled tp)] | Loss 8650.536133 | Likelihood -8666.175781 | KL fp 3.5346 | FP STD 0.0539|
KL coef: 0.5828791200667797
Train loss (one batch): 8902.7060546875
Train CE loss (one batch): 0.0
Test MSE: 0.0173
Poisson likelihood: 0.0
CE loss: 0.0
Experiment 61221
Epoch 0098 [Test seq (cond on sampled tp)] | Loss 8441.654297 | Likelihood -8479.103516 | KL fp 3.5516 | FP STD 0.0523|
KL coef: 0.5870503288661119
Train loss (one batch): 8166.23828125
Train CE loss (one batch): 0.0
Test MSE: 0.0170
Poisson likelihood: 0.0
CE loss: 0.0
Experiment 61221
Epoch 0099 [Test seq (cond on sampled tp)] | Loss 8520.705078 | Likelihood -8546.236328 | KL fp 3.5958 | FP STD 0.0502|
KL coef: 0.5911798255774507
Train loss (one batch): 8900.0693359375
Train CE loss (one batch): 0.0
Test MSE: 0.0171
Poisson likelihood: 0.0
CE loss: 0.0
Experiment 61221
Epoch 0100 [Test seq (cond on sampled tp)] | Loss 8892.701172 | Likelihood -8955.561523 | KL fp 3.5394 | FP STD 0.0537|
KL coef: 0.5952680273216762
Train loss (one batch): 8644.4716796875
Train CE loss (one batch): 0.0
Test MSE: 0.0179
Poisson likelihood: 0.0
CE loss: 0.0
