/Users/deyiliu/Dropbox/UNC/G4/Spring/790/code/latent_ode-master/run_models.py
run_models.py --niters 300 -n 1000 -l 15 --dataset hopper --latent-ode --z0-encoder rnn -r 100
Experiment 24885
Epoch 0001 [Test seq (cond on sampled tp)] | Loss 41447.113281 | Likelihood -41597.488281 | KL fp 2.8929 | FP STD 0.1110|
KL coef: 0.0
Train loss (one batch): 42054.13671875
Train CE loss (one batch): 0.0
Test MSE: 0.0832
Poisson likelihood: 0.0
CE loss: 0.0
Experiment 24885
Epoch 0002 [Test seq (cond on sampled tp)] | Loss 29566.865234 | Likelihood -29634.257812 | KL fp 3.9165 | FP STD 0.0467|
KL coef: 0.0
Train loss (one batch): 29463.3359375
Train CE loss (one batch): 0.0
Test MSE: 0.0593
Poisson likelihood: 0.0
CE loss: 0.0
Experiment 24885
Epoch 0003 [Test seq (cond on sampled tp)] | Loss 28208.818359 | Likelihood -28315.130859 | KL fp 3.6719 | FP STD 0.0517|
KL coef: 0.0
Train loss (one batch): 27730.115234375
Train CE loss (one batch): 0.0
Test MSE: 0.0566
Poisson likelihood: 0.0
CE loss: 0.0
Experiment 24885
Epoch 0004 [Test seq (cond on sampled tp)] | Loss 27584.814453 | Likelihood -27646.986328 | KL fp 3.9440 | FP STD 0.0463|
KL coef: 0.0
Train loss (one batch): 27011.015625
Train CE loss (one batch): 0.0
Test MSE: 0.0553
Poisson likelihood: 0.0
CE loss: 0.0
Experiment 24885
Epoch 0005 [Test seq (cond on sampled tp)] | Loss 27147.855469 | Likelihood -27194.130859 | KL fp 3.9707 | FP STD 0.0399|
KL coef: 0.0
Train loss (one batch): 26879.802734375
Train CE loss (one batch): 0.0
Test MSE: 0.0544
Poisson likelihood: 0.0
CE loss: 0.0
Experiment 24885
Epoch 0006 [Test seq (cond on sampled tp)] | Loss 27170.179688 | Likelihood -27271.158203 | KL fp 4.1506 | FP STD 0.0427|
KL coef: 0.0
Train loss (one batch): 26911.439453125
Train CE loss (one batch): 0.0
Test MSE: 0.0546
Poisson likelihood: 0.0
CE loss: 0.0
Experiment 24885
Epoch 0007 [Test seq (cond on sampled tp)] | Loss 26977.115234 | Likelihood -27007.117188 | KL fp 4.2413 | FP STD 0.0342|
KL coef: 0.0
Train loss (one batch): 26545.9296875
Train CE loss (one batch): 0.0
Test MSE: 0.0540
Poisson likelihood: 0.0
CE loss: 0.0
Experiment 24885
Epoch 0008 [Test seq (cond on sampled tp)] | Loss 26723.390625 | Likelihood -26734.492188 | KL fp 4.0852 | FP STD 0.0417|
KL coef: 0.0
Train loss (one batch): 26267.595703125
Train CE loss (one batch): 0.0
Test MSE: 0.0535
Poisson likelihood: 0.0
CE loss: 0.0
Experiment 24885
Epoch 0009 [Test seq (cond on sampled tp)] | Loss 26195.994141 | Likelihood -26292.078125 | KL fp 4.1480 | FP STD 0.0349|
KL coef: 0.0
Train loss (one batch): 25721.85546875
Train CE loss (one batch): 0.0
Test MSE: 0.0526
Poisson likelihood: 0.0
CE loss: 0.0
Experiment 24885
Epoch 0010 [Test seq (cond on sampled tp)] | Loss 25926.109375 | Likelihood -25972.384766 | KL fp 3.9964 | FP STD 0.0362|
KL coef: 0.0
Train loss (one batch): 25140.1875
Train CE loss (one batch): 0.0
Test MSE: 0.0520
Poisson likelihood: 0.0
CE loss: 0.0
Experiment 24885
Epoch 0011 [Test seq (cond on sampled tp)] | Loss 25526.437500 | Likelihood -25618.490234 | KL fp 3.7219 | FP STD 0.0464|
KL coef: 0.010000000000000009
Train loss (one batch): 24562.958984375
Train CE loss (one batch): 0.0
Test MSE: 0.0512
Poisson likelihood: 0.0
CE loss: 0.0
Experiment 24885
Epoch 0012 [Test seq (cond on sampled tp)] | Loss 24867.347656 | Likelihood -24919.359375 | KL fp 3.6647 | FP STD 0.0487|
KL coef: 0.01990000000000003
Train loss (one batch): 23582.673828125
Train CE loss (one batch): 0.0
Test MSE: 0.0499
Poisson likelihood: 0.0
CE loss: 0.0
Experiment 24885
Epoch 0013 [Test seq (cond on sampled tp)] | Loss 23997.242188 | Likelihood -24032.724609 | KL fp 3.9715 | FP STD 0.0434|
KL coef: 0.029700999999999977
Train loss (one batch): 22714.16015625
Train CE loss (one batch): 0.0
Test MSE: 0.0481
Poisson likelihood: 0.0
CE loss: 0.0
Experiment 24885
Epoch 0014 [Test seq (cond on sampled tp)] | Loss 22694.707031 | Likelihood -22713.970703 | KL fp 4.0583 | FP STD 0.0373|
KL coef: 0.039403990000000055
Train loss (one batch): 21233.53125
Train CE loss (one batch): 0.0
Test MSE: 0.0454
Poisson likelihood: 0.0
CE loss: 0.0
Experiment 24885
Epoch 0015 [Test seq (cond on sampled tp)] | Loss 21042.169922 | Likelihood -21060.962891 | KL fp 4.0364 | FP STD 0.0364|
KL coef: 0.04900995010000009
Train loss (one batch): 19552.212890625
Train CE loss (one batch): 0.0
Test MSE: 0.0421
Poisson likelihood: 0.0
CE loss: 0.0
Experiment 24885
Epoch 0016 [Test seq (cond on sampled tp)] | Loss 19725.753906 | Likelihood -19746.736328 | KL fp 3.9981 | FP STD 0.0383|
KL coef: 0.058519850599
Train loss (one batch): 18016.50390625
Train CE loss (one batch): 0.0
Test MSE: 0.0395
Poisson likelihood: 0.0
CE loss: 0.0
Experiment 24885
Epoch 0017 [Test seq (cond on sampled tp)] | Loss 19016.873047 | Likelihood -19160.023438 | KL fp 4.0689 | FP STD 0.0388|
KL coef: 0.06793465209301008
Train loss (one batch): 17029.37109375
Train CE loss (one batch): 0.0
Test MSE: 0.0383
Poisson likelihood: 0.0
CE loss: 0.0
Experiment 24885
Epoch 0018 [Test seq (cond on sampled tp)] | Loss 18382.314453 | Likelihood -18415.734375 | KL fp 3.9810 | FP STD 0.0406|
KL coef: 0.07725530557207994
Train loss (one batch): 16604.296875
Train CE loss (one batch): 0.0
Test MSE: 0.0368
Poisson likelihood: 0.0
CE loss: 0.0
Experiment 24885
Epoch 0019 [Test seq (cond on sampled tp)] | Loss 17956.683594 | Likelihood -18009.357422 | KL fp 4.0194 | FP STD 0.0363|
KL coef: 0.08648275251635917
Train loss (one batch): 15959.8291015625
Train CE loss (one batch): 0.0
Test MSE: 0.0360
Poisson likelihood: 0.0
CE loss: 0.0
Experiment 24885
Epoch 0020 [Test seq (cond on sampled tp)] | Loss 17607.189453 | Likelihood -17636.556641 | KL fp 4.2138 | FP STD 0.0320|
KL coef: 0.09561792499119559
Train loss (one batch): 15797.142578125
Train CE loss (one batch): 0.0
Test MSE: 0.0353
Poisson likelihood: 0.0
CE loss: 0.0
Experiment 24885
Epoch 0021 [Test seq (cond on sampled tp)] | Loss 17344.152344 | Likelihood -17390.617188 | KL fp 4.0857 | FP STD 0.0316|
KL coef: 0.10466174574128362
Train loss (one batch): 15459.5244140625
Train CE loss (one batch): 0.0
Test MSE: 0.0348
Poisson likelihood: 0.0
CE loss: 0.0
Experiment 24885
Epoch 0022 [Test seq (cond on sampled tp)] | Loss 17121.783203 | Likelihood -17134.173828 | KL fp 4.2561 | FP STD 0.0296|
KL coef: 0.11361512828387077
Train loss (one batch): 15178.095703125
Train CE loss (one batch): 0.0
Test MSE: 0.0343
Poisson likelihood: 0.0
CE loss: 0.0
Experiment 24885
Epoch 0023 [Test seq (cond on sampled tp)] | Loss 16826.527344 | Likelihood -16878.013672 | KL fp 4.2367 | FP STD 0.0282|
KL coef: 0.12247897700103216
Train loss (one batch): 14937.509765625
Train CE loss (one batch): 0.0
Test MSE: 0.0338
Poisson likelihood: 0.0
CE loss: 0.0
Experiment 24885
Epoch 0024 [Test seq (cond on sampled tp)] | Loss 16536.917969 | Likelihood -16547.279297 | KL fp 4.3731 | FP STD 0.0234|
KL coef: 0.13125418723102178
Train loss (one batch): 14924.158203125
Train CE loss (one batch): 0.0
Test MSE: 0.0331
Poisson likelihood: 0.0
CE loss: 0.0
Experiment 24885
Epoch 0025 [Test seq (cond on sampled tp)] | Loss 16314.645508 | Likelihood -16377.882812 | KL fp 4.3175 | FP STD 0.0268|
KL coef: 0.13994164535871156
Train loss (one batch): 14602.23828125
Train CE loss (one batch): 0.0
Test MSE: 0.0328
Poisson likelihood: 0.0
CE loss: 0.0
Experiment 24885
Epoch 0026 [Test seq (cond on sampled tp)] | Loss 16050.156250 | Likelihood -16091.547852 | KL fp 4.1861 | FP STD 0.0311|
KL coef: 0.14854222890512447
Train loss (one batch): 14555.759765625
Train CE loss (one batch): 0.0
Test MSE: 0.0322
Poisson likelihood: 0.0
CE loss: 0.0
Experiment 24885
Epoch 0027 [Test seq (cond on sampled tp)] | Loss 15799.082031 | Likelihood -15861.266602 | KL fp 4.2260 | FP STD 0.0282|
KL coef: 0.15705680661607324
Train loss (one batch): 14481.3818359375
Train CE loss (one batch): 0.0
Test MSE: 0.0317
Poisson likelihood: 0.0
CE loss: 0.0
Experiment 24885
Epoch 0028 [Test seq (cond on sampled tp)] | Loss 15526.666016 | Likelihood -15557.387695 | KL fp 4.2815 | FP STD 0.0285|
KL coef: 0.1654862385499125
Train loss (one batch): 14027.4345703125
Train CE loss (one batch): 0.0
Test MSE: 0.0311
Poisson likelihood: 0.0
CE loss: 0.0
Experiment 24885
Epoch 0029 [Test seq (cond on sampled tp)] | Loss 15267.116211 | Likelihood -15302.335938 | KL fp 4.4279 | FP STD 0.0231|
KL coef: 0.17383137616441335
Train loss (one batch): 14004.9140625
Train CE loss (one batch): 0.0
Test MSE: 0.0306
Poisson likelihood: 0.0
CE loss: 0.0
Experiment 24885
Epoch 0030 [Test seq (cond on sampled tp)] | Loss 15037.472656 | Likelihood -15053.735352 | KL fp 4.1993 | FP STD 0.0292|
KL coef: 0.18209306240276923
Train loss (one batch): 13804.03515625
Train CE loss (one batch): 0.0
Test MSE: 0.0301
Poisson likelihood: 0.0
CE loss: 0.0
Experiment 24885
Epoch 0031 [Test seq (cond on sampled tp)] | Loss 14739.866211 | Likelihood -14753.593750 | KL fp 4.3214 | FP STD 0.0264|
KL coef: 0.19027213177874158
Train loss (one batch): 13820.498046875
Train CE loss (one batch): 0.0
Test MSE: 0.0295
Poisson likelihood: 0.0
CE loss: 0.0
Experiment 24885
Epoch 0032 [Test seq (cond on sampled tp)] | Loss 14501.846680 | Likelihood -14546.715820 | KL fp 4.1499 | FP STD 0.0326|
KL coef: 0.19836941046095413
Train loss (one batch): 13293.9921875
Train CE loss (one batch): 0.0
Test MSE: 0.0291
Poisson likelihood: 0.0
CE loss: 0.0
Experiment 24885
Epoch 0033 [Test seq (cond on sampled tp)] | Loss 14134.830078 | Likelihood -14196.922852 | KL fp 4.2289 | FP STD 0.0324|
KL coef: 0.20638571635634462
Train loss (one batch): 13037.07421875
Train CE loss (one batch): 0.0
Test MSE: 0.0284
Poisson likelihood: 0.0
CE loss: 0.0
Experiment 24885
Epoch 0034 [Test seq (cond on sampled tp)] | Loss 13802.547852 | Likelihood -13825.514648 | KL fp 4.3065 | FP STD 0.0267|
KL coef: 0.21432185919278124
Train loss (one batch): 12649.0185546875
Train CE loss (one batch): 0.0
Test MSE: 0.0277
Poisson likelihood: 0.0
CE loss: 0.0
Experiment 24885
Epoch 0035 [Test seq (cond on sampled tp)] | Loss 13543.772461 | Likelihood -13574.991211 | KL fp 4.2460 | FP STD 0.0299|
KL coef: 0.22217864060085335
Train loss (one batch): 12228.1435546875
Train CE loss (one batch): 0.0
Test MSE: 0.0272
Poisson likelihood: 0.0
CE loss: 0.0
Experiment 24885
Epoch 0036 [Test seq (cond on sampled tp)] | Loss 13252.608398 | Likelihood -13260.709961 | KL fp 4.3969 | FP STD 0.0231|
KL coef: 0.2299568541948449
Train loss (one batch): 11960.0205078125
Train CE loss (one batch): 0.0
Test MSE: 0.0265
Poisson likelihood: 0.0
CE loss: 0.0
Experiment 24885
Epoch 0037 [Test seq (cond on sampled tp)] | Loss 12995.376953 | Likelihood -12997.409180 | KL fp 4.5379 | FP STD 0.0224|
KL coef: 0.23765728565289646
Train loss (one batch): 11585.4306640625
Train CE loss (one batch): 0.0
Test MSE: 0.0260
Poisson likelihood: 0.0
CE loss: 0.0
Experiment 24885
Epoch 0038 [Test seq (cond on sampled tp)] | Loss 12710.564453 | Likelihood -12735.633789 | KL fp 4.3208 | FP STD 0.0246|
KL coef: 0.24528071279636743
Train loss (one batch): 11273.0576171875
Train CE loss (one batch): 0.0
Test MSE: 0.0255
Poisson likelihood: 0.0
CE loss: 0.0
Experiment 24885
Epoch 0039 [Test seq (cond on sampled tp)] | Loss 12535.378906 | Likelihood -12551.750000 | KL fp 4.5357 | FP STD 0.0204|
KL coef: 0.25282790566840385
Train loss (one batch): 11011.2470703125
Train CE loss (one batch): 0.0
Test MSE: 0.0251
Poisson likelihood: 0.0
CE loss: 0.0
Experiment 24885
Epoch 0040 [Test seq (cond on sampled tp)] | Loss 12332.962891 | Likelihood -12352.527344 | KL fp 4.8498 | FP STD 0.0151|
KL coef: 0.2602996266117198
Train loss (one batch): 10805.54296875
Train CE loss (one batch): 0.0
Test MSE: 0.0247
Poisson likelihood: 0.0
CE loss: 0.0
Experiment 24885
Epoch 0041 [Test seq (cond on sampled tp)] | Loss 12211.833984 | Likelihood -12225.563477 | KL fp 4.5013 | FP STD 0.0211|
KL coef: 0.26769663034560254
Train loss (one batch): 10593.4990234375
Train CE loss (one batch): 0.0
Test MSE: 0.0245
Poisson likelihood: 0.0
CE loss: 0.0
Experiment 24885
Epoch 0042 [Test seq (cond on sampled tp)] | Loss 12084.308594 | Likelihood -12095.745117 | KL fp 4.6428 | FP STD 0.0191|
KL coef: 0.2750196640421466
Train loss (one batch): 10474.0341796875
Train CE loss (one batch): 0.0
Test MSE: 0.0242
Poisson likelihood: 0.0
CE loss: 0.0
Experiment 24885
Epoch 0043 [Test seq (cond on sampled tp)] | Loss 11955.008789 | Likelihood -11959.761719 | KL fp 4.7780 | FP STD 0.0162|
KL coef: 0.2822694674017251
Train loss (one batch): 10354.8798828125
Train CE loss (one batch): 0.0
Test MSE: 0.0239
Poisson likelihood: 0.0
CE loss: 0.0
Experiment 24885
Epoch 0044 [Test seq (cond on sampled tp)] | Loss 11842.167969 | Likelihood -11849.204102 | KL fp 4.7869 | FP STD 0.0158|
KL coef: 0.2894467727277079
Train loss (one batch): 10237.9150390625
Train CE loss (one batch): 0.0
Test MSE: 0.0237
Poisson likelihood: 0.0
CE loss: 0.0
Experiment 24885
Epoch 0045 [Test seq (cond on sampled tp)] | Loss 11758.785156 | Likelihood -11769.527344 | KL fp 4.9011 | FP STD 0.0152|
KL coef: 0.29655230500043084
Train loss (one batch): 10107.5029296875
Train CE loss (one batch): 0.0
Test MSE: 0.0236
Poisson likelihood: 0.0
CE loss: 0.0
Experiment 24885
Epoch 0046 [Test seq (cond on sampled tp)] | Loss 11686.998047 | Likelihood -11719.772461 | KL fp 4.5124 | FP STD 0.0207|
KL coef: 0.30358678195042654
Train loss (one batch): 10013.23828125
Train CE loss (one batch): 0.0
Test MSE: 0.0235
Poisson likelihood: 0.0
CE loss: 0.0
Experiment 24885
Epoch 0047 [Test seq (cond on sampled tp)] | Loss 11604.889648 | Likelihood -11623.590820 | KL fp 4.8234 | FP STD 0.0152|
KL coef: 0.3105509141309223
Train loss (one batch): 9948.0185546875
Train CE loss (one batch): 0.0
Test MSE: 0.0233
Poisson likelihood: 0.0
CE loss: 0.0
Experiment 24885
Epoch 0048 [Test seq (cond on sampled tp)] | Loss 11530.591797 | Likelihood -11542.903320 | KL fp 4.6581 | FP STD 0.0168|
KL coef: 0.31744540498961304
Train loss (one batch): 9886.71875
Train CE loss (one batch): 0.0
Test MSE: 0.0231
Poisson likelihood: 0.0
CE loss: 0.0
Experiment 24885
Epoch 0049 [Test seq (cond on sampled tp)] | Loss 11467.253906 | Likelihood -11479.620117 | KL fp 4.7158 | FP STD 0.0182|
KL coef: 0.3242709509397169
Train loss (one batch): 9834.263671875
Train CE loss (one batch): 0.0
Test MSE: 0.0230
Poisson likelihood: 0.0
CE loss: 0.0
Experiment 24885
Epoch 0050 [Test seq (cond on sampled tp)] | Loss 11414.695312 | Likelihood -11418.807617 | KL fp 4.7873 | FP STD 0.0169|
KL coef: 0.3310282414303197
Train loss (one batch): 9710.4130859375
Train CE loss (one batch): 0.0
Test MSE: 0.0228
Poisson likelihood: 0.0
CE loss: 0.0
Experiment 24885
Epoch 0051 [Test seq (cond on sampled tp)] | Loss 11331.740234 | Likelihood -11351.178711 | KL fp 4.7334 | FP STD 0.0164|
KL coef: 0.33771795901601653
Train loss (one batch): 9653.453125
Train CE loss (one batch): 0.0
Test MSE: 0.0227
Poisson likelihood: 0.0
CE loss: 0.0
Experiment 24885
Epoch 0052 [Test seq (cond on sampled tp)] | Loss 11271.929688 | Likelihood -11271.815430 | KL fp 5.0440 | FP STD 0.0125|
KL coef: 0.3443407794258564
Train loss (one batch): 9572.763671875
Train CE loss (one batch): 0.0
Test MSE: 0.0226
Poisson likelihood: 0.0
CE loss: 0.0
Experiment 24885
Epoch 0053 [Test seq (cond on sampled tp)] | Loss 11237.971680 | Likelihood -11257.840820 | KL fp 4.9784 | FP STD 0.0152|
KL coef: 0.35089737163159784
Train loss (one batch): 9487.482421875
Train CE loss (one batch): 0.0
Test MSE: 0.0225
Poisson likelihood: 0.0
CE loss: 0.0
Experiment 24885
Epoch 0054 [Test seq (cond on sampled tp)] | Loss 11183.388672 | Likelihood -11192.420898 | KL fp 4.6984 | FP STD 0.0174|
KL coef: 0.3573883979152819
Train loss (one batch): 9455.2373046875
Train CE loss (one batch): 0.0
Test MSE: 0.0224
Poisson likelihood: 0.0
CE loss: 0.0
Experiment 24885
Epoch 0055 [Test seq (cond on sampled tp)] | Loss 11093.851562 | Likelihood -11111.778320 | KL fp 4.8186 | FP STD 0.0151|
KL coef: 0.36381451393612907
Train loss (one batch): 9358.208984375
Train CE loss (one batch): 0.0
Test MSE: 0.0222
Poisson likelihood: 0.0
CE loss: 0.0
Experiment 24885
Epoch 0056 [Test seq (cond on sampled tp)] | Loss 11032.621094 | Likelihood -11044.247070 | KL fp 4.6859 | FP STD 0.0171|
KL coef: 0.37017636879676774
Train loss (one batch): 9317.17578125
Train CE loss (one batch): 0.0
Test MSE: 0.0221
Poisson likelihood: 0.0
CE loss: 0.0
Experiment 24885
Epoch 0057 [Test seq (cond on sampled tp)] | Loss 11021.787109 | Likelihood -11027.139648 | KL fp 4.6178 | FP STD 0.0200|
KL coef: 0.37647460510880004
Train loss (one batch): 9314.376953125
Train CE loss (one batch): 0.0
Test MSE: 0.0221
Poisson likelihood: 0.0
CE loss: 0.0
Experiment 24885
Epoch 0058 [Test seq (cond on sampled tp)] | Loss 10939.708984 | Likelihood -10945.206055 | KL fp 4.6379 | FP STD 0.0182|
KL coef: 0.38270985905771204
Train loss (one batch): 9141.78515625
Train CE loss (one batch): 0.0
Test MSE: 0.0219
Poisson likelihood: 0.0
CE loss: 0.0
Experiment 24885
Epoch 0059 [Test seq (cond on sampled tp)] | Loss 10860.045898 | Likelihood -10874.141602 | KL fp 4.6997 | FP STD 0.0172|
KL coef: 0.388882760467135
Train loss (one batch): 9085.6650390625
Train CE loss (one batch): 0.0
Test MSE: 0.0218
Poisson likelihood: 0.0
CE loss: 0.0
Experiment 24885
Epoch 0060 [Test seq (cond on sampled tp)] | Loss 10806.536133 | Likelihood -10811.140625 | KL fp 4.8303 | FP STD 0.0149|
KL coef: 0.39499393286246365
Train loss (one batch): 9026.0556640625
Train CE loss (one batch): 0.0
Test MSE: 0.0216
Poisson likelihood: 0.0
CE loss: 0.0
Experiment 24885
Epoch 0061 [Test seq (cond on sampled tp)] | Loss 10725.762695 | Likelihood -10729.110352 | KL fp 4.7636 | FP STD 0.0157|
KL coef: 0.401043993533839
Train loss (one batch): 8947.197265625
Train CE loss (one batch): 0.0
Test MSE: 0.0215
Poisson likelihood: 0.0
CE loss: 0.0
Experiment 24885
Epoch 0062 [Test seq (cond on sampled tp)] | Loss 10657.871094 | Likelihood -10688.828125 | KL fp 4.5942 | FP STD 0.0189|
KL coef: 0.4070335535985006
Train loss (one batch): 8892.626953125
Train CE loss (one batch): 0.0
Test MSE: 0.0214
Poisson likelihood: 0.0
CE loss: 0.0
Experiment 24885
Epoch 0063 [Test seq (cond on sampled tp)] | Loss 10595.594727 | Likelihood -10618.250000 | KL fp 4.9288 | FP STD 0.0140|
KL coef: 0.41296321806251557
Train loss (one batch): 8815.787109375
Train CE loss (one batch): 0.0
Test MSE: 0.0212
Poisson likelihood: 0.0
CE loss: 0.0
Experiment 24885
Epoch 0064 [Test seq (cond on sampled tp)] | Loss 10579.195312 | Likelihood -10589.760742 | KL fp 4.5714 | FP STD 0.0183|
KL coef: 0.41883358588189046
Train loss (one batch): 8760.0625
Train CE loss (one batch): 0.0
Test MSE: 0.0212
Poisson likelihood: 0.0
CE loss: 0.0
Experiment 24885
Epoch 0065 [Test seq (cond on sampled tp)] | Loss 10489.295898 | Likelihood -10502.780273 | KL fp 4.9778 | FP STD 0.0146|
KL coef: 0.4246452500230715
Train loss (one batch): 8680.865234375
Train CE loss (one batch): 0.0
Test MSE: 0.0210
Poisson likelihood: 0.0
CE loss: 0.0
Experiment 24885
Epoch 0066 [Test seq (cond on sampled tp)] | Loss 10437.969727 | Likelihood -10443.907227 | KL fp 4.6328 | FP STD 0.0175|
KL coef: 0.4303987975228408
Train loss (one batch): 8663.4697265625
Train CE loss (one batch): 0.0
Test MSE: 0.0209
Poisson likelihood: 0.0
CE loss: 0.0
Experiment 24885
Epoch 0067 [Test seq (cond on sampled tp)] | Loss 10365.579102 | Likelihood -10374.690430 | KL fp 4.7259 | FP STD 0.0166|
KL coef: 0.4360948095476125
Train loss (one batch): 8595.7265625
Train CE loss (one batch): 0.0
Test MSE: 0.0208
Poisson likelihood: 0.0
CE loss: 0.0
Experiment 24885
Epoch 0068 [Test seq (cond on sampled tp)] | Loss 10285.206055 | Likelihood -10300.319336 | KL fp 4.9688 | FP STD 0.0140|
KL coef: 0.44173386145213633
Train loss (one batch): 8473.0185546875
Train CE loss (one batch): 0.0
Test MSE: 0.0206
Poisson likelihood: 0.0
CE loss: 0.0
Experiment 24885
Epoch 0069 [Test seq (cond on sampled tp)] | Loss 10218.266602 | Likelihood -10234.227539 | KL fp 4.8700 | FP STD 0.0146|
KL coef: 0.4473165228376149
Train loss (one batch): 8418.64453125
Train CE loss (one batch): 0.0
Test MSE: 0.0205
Poisson likelihood: 0.0
CE loss: 0.0
Experiment 24885
Epoch 0070 [Test seq (cond on sampled tp)] | Loss 10286.311523 | Likelihood -10301.831055 | KL fp 4.6508 | FP STD 0.0232|
KL coef: 0.4528433576092388
Train loss (one batch): 8503.9736328125
Train CE loss (one batch): 0.0
Test MSE: 0.0206
Poisson likelihood: 0.0
CE loss: 0.0
Experiment 24885
Epoch 0071 [Test seq (cond on sampled tp)] | Loss 10299.047852 | Likelihood -10313.350586 | KL fp 4.7669 | FP STD 0.0245|
KL coef: 0.45831492403314644
Train loss (one batch): 8597.673828125
Train CE loss (one batch): 0.0
Test MSE: 0.0206
Poisson likelihood: 0.0
CE loss: 0.0
Experiment 24885
Epoch 0072 [Test seq (cond on sampled tp)] | Loss 10205.929688 | Likelihood -10227.473633 | KL fp 4.4761 | FP STD 0.0267|
KL coef: 0.463731774792815
Train loss (one batch): 8416.478515625
Train CE loss (one batch): 0.0
Test MSE: 0.0205
Poisson likelihood: 0.0
CE loss: 0.0
Experiment 24885
Epoch 0073 [Test seq (cond on sampled tp)] | Loss 10132.233398 | Likelihood -10145.887695 | KL fp 4.6868 | FP STD 0.0219|
KL coef: 0.46909445704488684
Train loss (one batch): 8292.419921875
Train CE loss (one batch): 0.0
Test MSE: 0.0203
Poisson likelihood: 0.0
CE loss: 0.0
Experiment 24885
Epoch 0074 [Test seq (cond on sampled tp)] | Loss 10025.305664 | Likelihood -10040.682617 | KL fp 4.8444 | FP STD 0.0185|
KL coef: 0.474403512474438
Train loss (one batch): 8264.4755859375
Train CE loss (one batch): 0.0
Test MSE: 0.0201
Poisson likelihood: 0.0
CE loss: 0.0
Experiment 24885
Epoch 0075 [Test seq (cond on sampled tp)] | Loss 9974.768555 | Likelihood -9999.803711 | KL fp 4.7039 | FP STD 0.0179|
KL coef: 0.4796594773496936
Train loss (one batch): 8210.5341796875
Train CE loss (one batch): 0.0
Test MSE: 0.0200
Poisson likelihood: 0.0
CE loss: 0.0
Experiment 24885
Epoch 0076 [Test seq (cond on sampled tp)] | Loss 9941.735352 | Likelihood -9942.838867 | KL fp 4.8557 | FP STD 0.0161|
KL coef: 0.4848628825761967
Train loss (one batch): 8198.1650390625
Train CE loss (one batch): 0.0
Test MSE: 0.0199
Poisson likelihood: 0.0
CE loss: 0.0
Experiment 24885
Epoch 0077 [Test seq (cond on sampled tp)] | Loss 9894.643555 | Likelihood -9902.051758 | KL fp 4.6725 | FP STD 0.0181|
KL coef: 0.4900142537504347
Train loss (one batch): 8199.2626953125
Train CE loss (one batch): 0.0
Test MSE: 0.0198
Poisson likelihood: 0.0
CE loss: 0.0
Experiment 24885
Epoch 0078 [Test seq (cond on sampled tp)] | Loss 9867.912109 | Likelihood -9869.800781 | KL fp 4.7935 | FP STD 0.0160|
KL coef: 0.49511411121293036
Train loss (one batch): 8159.04736328125
Train CE loss (one batch): 0.0
Test MSE: 0.0198
Poisson likelihood: 0.0
CE loss: 0.0
Experiment 24885
Epoch 0079 [Test seq (cond on sampled tp)] | Loss 9794.695312 | Likelihood -9801.061523 | KL fp 4.9558 | FP STD 0.0137|
KL coef: 0.500162970100801
Train loss (one batch): 8067.35205078125
Train CE loss (one batch): 0.0
Test MSE: 0.0196
Poisson likelihood: 0.0
CE loss: 0.0
Experiment 24885
Epoch 0080 [Test seq (cond on sampled tp)] | Loss 9765.601562 | Likelihood -9780.047852 | KL fp 4.7964 | FP STD 0.0155|
KL coef: 0.505161340399793
Train loss (one batch): 8075.03662109375
Train CE loss (one batch): 0.0
Test MSE: 0.0196
Poisson likelihood: 0.0
CE loss: 0.0
Experiment 24885
Epoch 0081 [Test seq (cond on sampled tp)] | Loss 9715.930664 | Likelihood -9723.818359 | KL fp 4.9963 | FP STD 0.0127|
KL coef: 0.510109726995795
Train loss (one batch): 8027.3662109375
Train CE loss (one batch): 0.0
Test MSE: 0.0195
Poisson likelihood: 0.0
CE loss: 0.0
Experiment 24885
Epoch 0082 [Test seq (cond on sampled tp)] | Loss 9686.425781 | Likelihood -9689.393555 | KL fp 4.9599 | FP STD 0.0126|
KL coef: 0.5150086297258372
Train loss (one batch): 8020.75634765625
Train CE loss (one batch): 0.0
Test MSE: 0.0194
Poisson likelihood: 0.0
CE loss: 0.0
Experiment 24885
Epoch 0083 [Test seq (cond on sampled tp)] | Loss 9646.505859 | Likelihood -9655.769531 | KL fp 4.8226 | FP STD 0.0143|
KL coef: 0.5198585434285787
Train loss (one batch): 7984.68359375
Train CE loss (one batch): 0.0
Test MSE: 0.0193
Poisson likelihood: 0.0
CE loss: 0.0
Experiment 24885
Epoch 0084 [Test seq (cond on sampled tp)] | Loss 9595.021484 | Likelihood -9597.464844 | KL fp 4.9257 | FP STD 0.0139|
KL coef: 0.524659957994293
Train loss (one batch): 7907.55029296875
Train CE loss (one batch): 0.0
Test MSE: 0.0192
Poisson likelihood: 0.0
CE loss: 0.0
Experiment 24885
Epoch 0085 [Test seq (cond on sampled tp)] | Loss 9575.278320 | Likelihood -9574.469727 | KL fp 4.8690 | FP STD 0.0141|
KL coef: 0.5294133584143501
Train loss (one batch): 7927.443359375
Train CE loss (one batch): 0.0
Test MSE: 0.0192
Poisson likelihood: 0.0
CE loss: 0.0
Experiment 24885
Epoch 0086 [Test seq (cond on sampled tp)] | Loss 9495.616211 | Likelihood -9499.397461 | KL fp 5.0417 | FP STD 0.0123|
KL coef: 0.5341192248302067
Train loss (one batch): 7864.00927734375
Train CE loss (one batch): 0.0
Test MSE: 0.0190
Poisson likelihood: 0.0
CE loss: 0.0
Experiment 24885
Epoch 0087 [Test seq (cond on sampled tp)] | Loss 9461.161133 | Likelihood -9461.924805 | KL fp 4.9588 | FP STD 0.0135|
KL coef: 0.5387780325819045
Train loss (one batch): 7844.61083984375
Train CE loss (one batch): 0.0
Test MSE: 0.0189
Poisson likelihood: 0.0
CE loss: 0.0
Experiment 24885
Epoch 0088 [Test seq (cond on sampled tp)] | Loss 9423.927734 | Likelihood -9429.024414 | KL fp 4.8125 | FP STD 0.0156|
KL coef: 0.5433902522560855
Train loss (one batch): 7830.03515625
Train CE loss (one batch): 0.0
Test MSE: 0.0189
Poisson likelihood: 0.0
CE loss: 0.0
Experiment 24885
Epoch 0089 [Test seq (cond on sampled tp)] | Loss 9381.659180 | Likelihood -9390.282227 | KL fp 5.0346 | FP STD 0.0121|
KL coef: 0.5479563497335247
Train loss (one batch): 7806.08642578125
Train CE loss (one batch): 0.0
Test MSE: 0.0188
Poisson likelihood: 0.0
CE loss: 0.0
Experiment 24885
Epoch 0090 [Test seq (cond on sampled tp)] | Loss 9321.309570 | Likelihood -9327.264648 | KL fp 5.0621 | FP STD 0.0126|
KL coef: 0.5524767862361895
Train loss (one batch): 7720.9853515625
Train CE loss (one batch): 0.0
Test MSE: 0.0187
Poisson likelihood: 0.0
CE loss: 0.0
Experiment 24885
Epoch 0091 [Test seq (cond on sampled tp)] | Loss 9285.718750 | Likelihood -9288.041992 | KL fp 4.9636 | FP STD 0.0139|
KL coef: 0.5569520183738275
Train loss (one batch): 7690.5283203125
Train CE loss (one batch): 0.0
Test MSE: 0.0186
Poisson likelihood: 0.0
CE loss: 0.0
Experiment 24885
Epoch 0092 [Test seq (cond on sampled tp)] | Loss 9260.631836 | Likelihood -9272.725586 | KL fp 4.9574 | FP STD 0.0145|
KL coef: 0.5613824981900892
Train loss (one batch): 7675.4404296875
Train CE loss (one batch): 0.0
Test MSE: 0.0186
Poisson likelihood: 0.0
CE loss: 0.0
Experiment 24885
Epoch 0093 [Test seq (cond on sampled tp)] | Loss 9190.051758 | Likelihood -9199.561523 | KL fp 4.8140 | FP STD 0.0149|
KL coef: 0.5657686732081884
Train loss (one batch): 7619.55322265625
Train CE loss (one batch): 0.0
Test MSE: 0.0184
Poisson likelihood: 0.0
CE loss: 0.0
Experiment 24885
Epoch 0094 [Test seq (cond on sampled tp)] | Loss 9128.747070 | Likelihood -9141.518555 | KL fp 5.0380 | FP STD 0.0121|
KL coef: 0.5701109864761065
Train loss (one batch): 7546.26806640625
Train CE loss (one batch): 0.0
Test MSE: 0.0183
Poisson likelihood: 0.0
CE loss: 0.0
Experiment 24885
Epoch 0095 [Test seq (cond on sampled tp)] | Loss 9103.437500 | Likelihood -9102.794922 | KL fp 4.9858 | FP STD 0.0137|
KL coef: 0.5744098766113455
Train loss (one batch): 7549.05810546875
Train CE loss (one batch): 0.0
Test MSE: 0.0182
Poisson likelihood: 0.0
CE loss: 0.0
Experiment 24885
Epoch 0096 [Test seq (cond on sampled tp)] | Loss 9040.699219 | Likelihood -9051.562500 | KL fp 4.9610 | FP STD 0.0146|
KL coef: 0.578665777845232
Train loss (one batch): 7457.42578125
Train CE loss (one batch): 0.0
Test MSE: 0.0181
Poisson likelihood: 0.0
CE loss: 0.0
Experiment 24885
Epoch 0097 [Test seq (cond on sampled tp)] | Loss 8976.282227 | Likelihood -8982.468750 | KL fp 4.9342 | FP STD 0.0137|
KL coef: 0.5828791200667797
Train loss (one batch): 7483.3818359375
Train CE loss (one batch): 0.0
Test MSE: 0.0180
Poisson likelihood: 0.0
CE loss: 0.0
Experiment 24885
Epoch 0098 [Test seq (cond on sampled tp)] | Loss 8932.208008 | Likelihood -8941.719727 | KL fp 4.9874 | FP STD 0.0141|
KL coef: 0.5870503288661119
Train loss (one batch): 7392.34716796875
Train CE loss (one batch): 0.0
Test MSE: 0.0179
Poisson likelihood: 0.0
CE loss: 0.0
Experiment 24885
Epoch 0099 [Test seq (cond on sampled tp)] | Loss 8852.475586 | Likelihood -8854.114258 | KL fp 4.8999 | FP STD 0.0140|
KL coef: 0.5911798255774507
Train loss (one batch): 7328.271484375
Train CE loss (one batch): 0.0
Test MSE: 0.0177
Poisson likelihood: 0.0
CE loss: 0.0
Experiment 24885
Epoch 0100 [Test seq (cond on sampled tp)] | Loss 8827.836914 | Likelihood -8828.663086 | KL fp 4.9469 | FP STD 0.0139|
KL coef: 0.5952680273216762
Train loss (one batch): 7290.3037109375
Train CE loss (one batch): 0.0
Test MSE: 0.0177
Poisson likelihood: 0.0
CE loss: 0.0
Experiment 24885
Epoch 0101 [Test seq (cond on sampled tp)] | Loss 8761.921875 | Likelihood -8772.439453 | KL fp 4.9944 | FP STD 0.0131|
KL coef: 0.5993153470484595
Train loss (one batch): 7211.40625
Train CE loss (one batch): 0.0
Test MSE: 0.0176
Poisson likelihood: 0.0
CE loss: 0.0
Experiment 24885
Epoch 0102 [Test seq (cond on sampled tp)] | Loss 8675.375977 | Likelihood -8684.579102 | KL fp 4.9231 | FP STD 0.0138|
KL coef: 0.6033221935779749
Train loss (one batch): 7164.9638671875
Train CE loss (one batch): 0.0
Test MSE: 0.0174
Poisson likelihood: 0.0
CE loss: 0.0
Experiment 24885
Epoch 0103 [Test seq (cond on sampled tp)] | Loss 8655.417969 | Likelihood -8656.558594 | KL fp 4.8214 | FP STD 0.0150|
KL coef: 0.6072889716421952
Train loss (one batch): 7124.201171875
Train CE loss (one batch): 0.0
Test MSE: 0.0173
Poisson likelihood: 0.0
CE loss: 0.0
Experiment 24885
Epoch 0104 [Test seq (cond on sampled tp)] | Loss 8590.536133 | Likelihood -8597.409180 | KL fp 5.1273 | FP STD 0.0119|
KL coef: 0.6112160819257733
Train loss (one batch): 7083.35009765625
Train CE loss (one batch): 0.0
Test MSE: 0.0172
Poisson likelihood: 0.0
CE loss: 0.0
Experiment 24885
Epoch 0105 [Test seq (cond on sampled tp)] | Loss 8525.549805 | Likelihood -8537.036133 | KL fp 5.0871 | FP STD 0.0119|
KL coef: 0.6151039211065155
Train loss (one batch): 7007.60107421875
Train CE loss (one batch): 0.0
Test MSE: 0.0171
Poisson likelihood: 0.0
CE loss: 0.0
Experiment 24885
Epoch 0106 [Test seq (cond on sampled tp)] | Loss 8474.445312 | Likelihood -8481.929688 | KL fp 5.0191 | FP STD 0.0126|
KL coef: 0.6189528818954504
Train loss (one batch): 6935.701171875
Train CE loss (one batch): 0.0
Test MSE: 0.0170
Poisson likelihood: 0.0
CE loss: 0.0
Experiment 24885
Epoch 0107 [Test seq (cond on sampled tp)] | Loss 8447.573242 | Likelihood -8456.325195 | KL fp 5.0192 | FP STD 0.0128|
KL coef: 0.6227633530764958
Train loss (one batch): 6890.533203125
Train CE loss (one batch): 0.0
Test MSE: 0.0169
Poisson likelihood: 0.0
CE loss: 0.0
Experiment 24885
Epoch 0108 [Test seq (cond on sampled tp)] | Loss 8393.589844 | Likelihood -8399.002930 | KL fp 5.1092 | FP STD 0.0120|
KL coef: 0.6265357195457308
Train loss (one batch): 6818.28466796875
Train CE loss (one batch): 0.0
Test MSE: 0.0168
Poisson likelihood: 0.0
CE loss: 0.0
Experiment 24885
Epoch 0109 [Test seq (cond on sampled tp)] | Loss 8343.532227 | Likelihood -8358.856445 | KL fp 4.9940 | FP STD 0.0138|
KL coef: 0.6302703623502736
Train loss (one batch): 6764.49853515625
Train CE loss (one batch): 0.0
Test MSE: 0.0167
Poisson likelihood: 0.0
CE loss: 0.0
Experiment 24885
Epoch 0110 [Test seq (cond on sampled tp)] | Loss 8285.002930 | Likelihood -8299.805664 | KL fp 5.0336 | FP STD 0.0123|
KL coef: 0.6339676587267709
Train loss (one batch): 6716.31884765625
Train CE loss (one batch): 0.0
Test MSE: 0.0166
Poisson likelihood: 0.0
CE loss: 0.0
Experiment 24885
Epoch 0111 [Test seq (cond on sampled tp)] | Loss 8289.020508 | Likelihood -8293.539062 | KL fp 4.9232 | FP STD 0.0145|
KL coef: 0.6376279821395031
Train loss (one batch): 6674.87255859375
Train CE loss (one batch): 0.0
Test MSE: 0.0166
Poisson likelihood: 0.0
CE loss: 0.0
Experiment 24885
Epoch 0112 [Test seq (cond on sampled tp)] | Loss 8296.497070 | Likelihood -8298.282227 | KL fp 4.9117 | FP STD 0.0158|
KL coef: 0.6412517023181081
Train loss (one batch): 6683.68310546875
Train CE loss (one batch): 0.0
Test MSE: 0.0166
Poisson likelihood: 0.0
CE loss: 0.0
Experiment 24885
Epoch 0113 [Test seq (cond on sampled tp)] | Loss 8218.313477 | Likelihood -8251.816406 | KL fp 5.0192 | FP STD 0.0149|
KL coef: 0.644839185294927
Train loss (one batch): 6630.302734375
Train CE loss (one batch): 0.0
Test MSE: 0.0165
Poisson likelihood: 0.0
CE loss: 0.0
Experiment 24885
Epoch 0114 [Test seq (cond on sampled tp)] | Loss 8197.052734 | Likelihood -8218.610352 | KL fp 5.0554 | FP STD 0.0142|
KL coef: 0.6483907934419777
Train loss (one batch): 6652.64013671875
Train CE loss (one batch): 0.0
Test MSE: 0.0164
Poisson likelihood: 0.0
CE loss: 0.0
Experiment 24885
Epoch 0115 [Test seq (cond on sampled tp)] | Loss 8181.610352 | Likelihood -8190.185547 | KL fp 4.9431 | FP STD 0.0144|
KL coef: 0.651906885507558
Train loss (one batch): 6565.6298828125
Train CE loss (one batch): 0.0
Test MSE: 0.0164
Poisson likelihood: 0.0
CE loss: 0.0
Experiment 24885
Epoch 0116 [Test seq (cond on sampled tp)] | Loss 8114.176758 | Likelihood -8126.476562 | KL fp 5.0541 | FP STD 0.0134|
KL coef: 0.6553878166524825
Train loss (one batch): 6506.26318359375
Train CE loss (one batch): 0.0
Test MSE: 0.0163
Poisson likelihood: 0.0
CE loss: 0.0
Experiment 24885
Epoch 0117 [Test seq (cond on sampled tp)] | Loss 8132.988770 | Likelihood -8138.361816 | KL fp 5.0753 | FP STD 0.0136|
KL coef: 0.6588339384859576
Train loss (one batch): 6459.509765625
Train CE loss (one batch): 0.0
Test MSE: 0.0163
Poisson likelihood: 0.0
CE loss: 0.0
Experiment 24885
Epoch 0118 [Test seq (cond on sampled tp)] | Loss 8094.337402 | Likelihood -8105.472656 | KL fp 4.9866 | FP STD 0.0140|
KL coef: 0.662245599101098
Train loss (one batch): 6442.76953125
Train CE loss (one batch): 0.0
Test MSE: 0.0162
Poisson likelihood: 0.0
CE loss: 0.0
Experiment 24885
Epoch 0119 [Test seq (cond on sampled tp)] | Loss 8058.102051 | Likelihood -8073.500000 | KL fp 5.0717 | FP STD 0.0129|
KL coef: 0.665623143110087
Train loss (one batch): 6420.458984375
Train CE loss (one batch): 0.0
Test MSE: 0.0162
Poisson likelihood: 0.0
CE loss: 0.0
Experiment 24885
Epoch 0120 [Test seq (cond on sampled tp)] | Loss 8033.049805 | Likelihood -8053.322266 | KL fp 4.9935 | FP STD 0.0134|
KL coef: 0.6689669116789861
Train loss (one batch): 6425.32861328125
Train CE loss (one batch): 0.0
Test MSE: 0.0161
Poisson likelihood: 0.0
CE loss: 0.0
Experiment 24885
Epoch 0121 [Test seq (cond on sampled tp)] | Loss 8022.185547 | Likelihood -8025.850098 | KL fp 5.0641 | FP STD 0.0123|
KL coef: 0.6722772425621963
Train loss (one batch): 6377.71923828125
Train CE loss (one batch): 0.0
Test MSE: 0.0161
Poisson likelihood: 0.0
CE loss: 0.0
Experiment 24885
Epoch 0122 [Test seq (cond on sampled tp)] | Loss 7984.347168 | Likelihood -7999.746582 | KL fp 5.0693 | FP STD 0.0119|
KL coef: 0.6755544701365743
Train loss (one batch): 6348.45361328125
Train CE loss (one batch): 0.0
Test MSE: 0.0160
Poisson likelihood: 0.0
CE loss: 0.0
Experiment 24885
Epoch 0123 [Test seq (cond on sampled tp)] | Loss 7976.717773 | Likelihood -7978.501465 | KL fp 5.1697 | FP STD 0.0111|
KL coef: 0.6787989254352086
Train loss (one batch): 6309.1337890625
Train CE loss (one batch): 0.0
Test MSE: 0.0160
Poisson likelihood: 0.0
CE loss: 0.0
Experiment 24885
Epoch 0124 [Test seq (cond on sampled tp)] | Loss 7950.693359 | Likelihood -7953.533203 | KL fp 5.1478 | FP STD 0.0114|
KL coef: 0.6820109361808565
Train loss (one batch): 6257.91796875
Train CE loss (one batch): 0.0
Test MSE: 0.0159
Poisson likelihood: 0.0
CE loss: 0.0
Experiment 24885
Epoch 0125 [Test seq (cond on sampled tp)] | Loss 7921.972656 | Likelihood -7930.251953 | KL fp 5.2140 | FP STD 0.0105|
KL coef: 0.685190826819048
Train loss (one batch): 6269.09521484375
Train CE loss (one batch): 0.0
Test MSE: 0.0159
Poisson likelihood: 0.0
CE loss: 0.0
Experiment 24885
Epoch 0126 [Test seq (cond on sampled tp)] | Loss 7900.769531 | Likelihood -7904.751465 | KL fp 5.3008 | FP STD 0.0099|
KL coef: 0.6883389185508575
Train loss (one batch): 6229.40087890625
Train CE loss (one batch): 0.0
Test MSE: 0.0158
Poisson likelihood: 0.0
CE loss: 0.0
Experiment 24885
Epoch 0127 [Test seq (cond on sampled tp)] | Loss 7890.204590 | Likelihood -7894.837402 | KL fp 5.2548 | FP STD 0.0100|
KL coef: 0.6914555293653489
Train loss (one batch): 6225.22265625
Train CE loss (one batch): 0.0
Test MSE: 0.0158
Poisson likelihood: 0.0
CE loss: 0.0
Experiment 24885
Epoch 0128 [Test seq (cond on sampled tp)] | Loss 7885.036621 | Likelihood -7885.447754 | KL fp 5.1367 | FP STD 0.0108|
KL coef: 0.6945409740716955
Train loss (one batch): 6196.67236328125
Train CE loss (one batch): 0.0
Test MSE: 0.0158
Poisson likelihood: 0.0
CE loss: 0.0
Experiment 24885
Epoch 0129 [Test seq (cond on sampled tp)] | Loss 7856.722656 | Likelihood -7868.062012 | KL fp 5.2219 | FP STD 0.0101|
KL coef: 0.6975955643309785
Train loss (one batch): 6172.9990234375
Train CE loss (one batch): 0.0
Test MSE: 0.0157
Poisson likelihood: 0.0
CE loss: 0.0
Experiment 24885
Epoch 0130 [Test seq (cond on sampled tp)] | Loss 7836.899902 | Likelihood -7839.576172 | KL fp 5.2233 | FP STD 0.0105|
KL coef: 0.7006196086876687
Train loss (one batch): 6134.01123046875
Train CE loss (one batch): 0.0
Test MSE: 0.0157
Poisson likelihood: 0.0
CE loss: 0.0
Experiment 24885
Epoch 0131 [Test seq (cond on sampled tp)] | Loss 7824.377441 | Likelihood -7826.042480 | KL fp 5.1665 | FP STD 0.0108|
KL coef: 0.703613412600792
Train loss (one batch): 6129.71240234375
Train CE loss (one batch): 0.0
Test MSE: 0.0157
Poisson likelihood: 0.0
CE loss: 0.0
Experiment 24885
Epoch 0132 [Test seq (cond on sampled tp)] | Loss 7802.304688 | Likelihood -7802.023926 | KL fp 5.2294 | FP STD 0.0101|
KL coef: 0.7065772784747841
Train loss (one batch): 6088.9296875
Train CE loss (one batch): 0.0
Test MSE: 0.0156
Poisson likelihood: 0.0
CE loss: 0.0
Experiment 24885
Epoch 0133 [Test seq (cond on sampled tp)] | Loss 7795.131836 | Likelihood -7794.865234 | KL fp 5.1089 | FP STD 0.0113|
KL coef: 0.7095115056900363
Train loss (one batch): 6111.50390625
Train CE loss (one batch): 0.0
Test MSE: 0.0156
Poisson likelihood: 0.0
CE loss: 0.0
Experiment 24885
Epoch 0134 [Test seq (cond on sampled tp)] | Loss 7775.311523 | Likelihood -7784.012207 | KL fp 5.1650 | FP STD 0.0106|
KL coef: 0.7124163906331359
Train loss (one batch): 6081.8076171875
Train CE loss (one batch): 0.0
Test MSE: 0.0156
Poisson likelihood: 0.0
CE loss: 0.0
Experiment 24885
Epoch 0135 [Test seq (cond on sampled tp)] | Loss 7745.876465 | Likelihood -7752.919922 | KL fp 5.1887 | FP STD 0.0103|
KL coef: 0.7152922267268045
Train loss (one batch): 6068.86572265625
Train CE loss (one batch): 0.0
Test MSE: 0.0155
Poisson likelihood: 0.0
CE loss: 0.0
Experiment 24885
Epoch 0136 [Test seq (cond on sampled tp)] | Loss 7760.741211 | Likelihood -7759.656738 | KL fp 5.0975 | FP STD 0.0120|
KL coef: 0.7181393044595366
Train loss (one batch): 6051.45849609375
Train CE loss (one batch): 0.0
Test MSE: 0.0155
Poisson likelihood: 0.0
CE loss: 0.0
Experiment 24885
Epoch 0137 [Test seq (cond on sampled tp)] | Loss 7712.080078 | Likelihood -7732.673340 | KL fp 5.1471 | FP STD 0.0114|
KL coef: 0.7209579114149411
Train loss (one batch): 6042.48095703125
Train CE loss (one batch): 0.0
Test MSE: 0.0155
Poisson likelihood: 0.0
CE loss: 0.0
Experiment 24885
Epoch 0138 [Test seq (cond on sampled tp)] | Loss 7721.333008 | Likelihood -7726.456543 | KL fp 5.1020 | FP STD 0.0113|
KL coef: 0.7237483323007917
Train loss (one batch): 6030.75439453125
Train CE loss (one batch): 0.0
Test MSE: 0.0155
Poisson likelihood: 0.0
CE loss: 0.0
Experiment 24885
Epoch 0139 [Test seq (cond on sampled tp)] | Loss 7700.742676 | Likelihood -7701.025391 | KL fp 5.1806 | FP STD 0.0103|
KL coef: 0.7265108489777838
Train loss (one batch): 6010.1630859375
Train CE loss (one batch): 0.0
Test MSE: 0.0154
Poisson likelihood: 0.0
CE loss: 0.0
Experiment 24885
Epoch 0140 [Test seq (cond on sampled tp)] | Loss 7669.688965 | Likelihood -7674.005371 | KL fp 5.1630 | FP STD 0.0103|
KL coef: 0.729245740488006
Train loss (one batch): 6009.75732421875
Train CE loss (one batch): 0.0
Test MSE: 0.0154
Poisson likelihood: 0.0
CE loss: 0.0
Experiment 24885
Epoch 0141 [Test seq (cond on sampled tp)] | Loss 7669.603516 | Likelihood -7669.614746 | KL fp 5.1884 | FP STD 0.0104|
KL coef: 0.7319532830831259
Train loss (one batch): 5981.90380859375
Train CE loss (one batch): 0.0
Test MSE: 0.0154
Poisson likelihood: 0.0
CE loss: 0.0
Experiment 24885
Epoch 0142 [Test seq (cond on sampled tp)] | Loss 7638.800781 | Likelihood -7639.815918 | KL fp 5.2930 | FP STD 0.0095|
KL coef: 0.7346337502522946
Train loss (one batch): 5973.01708984375
Train CE loss (one batch): 0.0
Test MSE: 0.0153
Poisson likelihood: 0.0
CE loss: 0.0
Experiment 24885
Epoch 0143 [Test seq (cond on sampled tp)] | Loss 7626.265625 | Likelihood -7631.375000 | KL fp 5.3475 | FP STD 0.0090|
KL coef: 0.7372874127497717
Train loss (one batch): 5947.3046875
Train CE loss (one batch): 0.0
Test MSE: 0.0153
Poisson likelihood: 0.0
CE loss: 0.0
Experiment 24885
Epoch 0144 [Test seq (cond on sampled tp)] | Loss 7617.564453 | Likelihood -7619.630371 | KL fp 5.3533 | FP STD 0.0089|
KL coef: 0.739914538622274
Train loss (one batch): 5936.0341796875
Train CE loss (one batch): 0.0
Test MSE: 0.0153
Poisson likelihood: 0.0
CE loss: 0.0
Experiment 24885
Epoch 0145 [Test seq (cond on sampled tp)] | Loss 7604.089355 | Likelihood -7607.575684 | KL fp 5.2123 | FP STD 0.0102|
KL coef: 0.7425153932360513
Train loss (one batch): 5917.17724609375
Train CE loss (one batch): 0.0
Test MSE: 0.0152
Poisson likelihood: 0.0
CE loss: 0.0
Experiment 24885
Epoch 0146 [Test seq (cond on sampled tp)] | Loss 7595.739258 | Likelihood -7597.850098 | KL fp 5.2384 | FP STD 0.0100|
KL coef: 0.7450902393036907
Train loss (one batch): 5924.42919921875
Train CE loss (one batch): 0.0
Test MSE: 0.0152
Poisson likelihood: 0.0
CE loss: 0.0
Experiment 24885
Epoch 0147 [Test seq (cond on sampled tp)] | Loss 7565.638184 | Likelihood -7567.291504 | KL fp 5.2139 | FP STD 0.0096|
KL coef: 0.7476393369106538
Train loss (one batch): 5907.5576171875
Train CE loss (one batch): 0.0
Test MSE: 0.0151
Poisson likelihood: 0.0
CE loss: 0.0
Experiment 24885
Epoch 0148 [Test seq (cond on sampled tp)] | Loss 7566.756348 | Likelihood -7568.421875 | KL fp 5.2638 | FP STD 0.0095|
KL coef: 0.7501629435415473
Train loss (one batch): 5889.361328125
Train CE loss (one batch): 0.0
Test MSE: 0.0151
Poisson likelihood: 0.0
CE loss: 0.0
Experiment 24885
Epoch 0149 [Test seq (cond on sampled tp)] | Loss 7548.478027 | Likelihood -7549.221191 | KL fp 5.1772 | FP STD 0.0107|
KL coef: 0.7526613141061318
Train loss (one batch): 5885.24658203125
Train CE loss (one batch): 0.0
Test MSE: 0.0151
Poisson likelihood: 0.0
CE loss: 0.0
Experiment 24885
Epoch 0150 [Test seq (cond on sampled tp)] | Loss 7539.367188 | Likelihood -7538.651855 | KL fp 5.1942 | FP STD 0.0100|
KL coef: 0.7551347009650705
Train loss (one batch): 5872.5185546875
Train CE loss (one batch): 0.0
Test MSE: 0.0151
Poisson likelihood: 0.0
CE loss: 0.0
Experiment 24885
Epoch 0151 [Test seq (cond on sampled tp)] | Loss 7525.315430 | Likelihood -7524.617188 | KL fp 5.2093 | FP STD 0.0100|
KL coef: 0.7575833539554198
Train loss (one batch): 5874.7392578125
Train CE loss (one batch): 0.0
Test MSE: 0.0151
Poisson likelihood: 0.0
CE loss: 0.0
Experiment 24885
Epoch 0152 [Test seq (cond on sampled tp)] | Loss 7500.646484 | Likelihood -7509.212402 | KL fp 5.2479 | FP STD 0.0098|
KL coef: 0.7600075204158656
Train loss (one batch): 5861.2197265625
Train CE loss (one batch): 0.0
Test MSE: 0.0150
Poisson likelihood: 0.0
CE loss: 0.0
Experiment 24885
Epoch 0153 [Test seq (cond on sampled tp)] | Loss 7502.357422 | Likelihood -7506.062500 | KL fp 5.3154 | FP STD 0.0092|
KL coef: 0.762407445211707
Train loss (one batch): 5861.50927734375
Train CE loss (one batch): 0.0
Test MSE: 0.0150
Poisson likelihood: 0.0
CE loss: 0.0
Experiment 24885
Epoch 0154 [Test seq (cond on sampled tp)] | Loss 7479.263672 | Likelihood -7487.396973 | KL fp 5.3702 | FP STD 0.0088|
KL coef: 0.7647833707595899
Train loss (one batch): 5839.8037109375
Train CE loss (one batch): 0.0
Test MSE: 0.0150
Poisson likelihood: 0.0
CE loss: 0.0
Experiment 24885
Epoch 0155 [Test seq (cond on sampled tp)] | Loss 7477.739746 | Likelihood -7479.479004 | KL fp 5.2697 | FP STD 0.0101|
KL coef: 0.767135537051994
Train loss (one batch): 5832.81982421875
Train CE loss (one batch): 0.0
Test MSE: 0.0150
Poisson likelihood: 0.0
CE loss: 0.0
Experiment 24885
Epoch 0156 [Test seq (cond on sampled tp)] | Loss 7468.780273 | Likelihood -7468.519531 | KL fp 5.2865 | FP STD 0.0099|
KL coef: 0.769464181681474
Train loss (one batch): 5840.76123046875
Train CE loss (one batch): 0.0
Test MSE: 0.0149
Poisson likelihood: 0.0
CE loss: 0.0
Experiment 24885
Epoch 0157 [Test seq (cond on sampled tp)] | Loss 7458.404297 | Likelihood -7457.753418 | KL fp 5.1509 | FP STD 0.0108|
KL coef: 0.7717695398646593
Train loss (one batch): 5819.58544921875
Train CE loss (one batch): 0.0
Test MSE: 0.0149
Poisson likelihood: 0.0
CE loss: 0.0
Experiment 24885
Epoch 0158 [Test seq (cond on sampled tp)] | Loss 7435.922363 | Likelihood -7440.761719 | KL fp 5.3020 | FP STD 0.0093|
KL coef: 0.7740518444660127
Train loss (one batch): 5807.423828125
Train CE loss (one batch): 0.0
Test MSE: 0.0149
Poisson likelihood: 0.0
CE loss: 0.0
Experiment 24885
Epoch 0159 [Test seq (cond on sampled tp)] | Loss 7420.143555 | Likelihood -7417.104004 | KL fp 5.4148 | FP STD 0.0084|
KL coef: 0.7763113260213526
Train loss (one batch): 5813.92822265625
Train CE loss (one batch): 0.0
Test MSE: 0.0148
Poisson likelihood: 0.0
CE loss: 0.0
Experiment 24885
Epoch 0160 [Test seq (cond on sampled tp)] | Loss 7421.930176 | Likelihood -7423.520996 | KL fp 5.2323 | FP STD 0.0096|
KL coef: 0.7785482127611391
Train loss (one batch): 5784.61328125
Train CE loss (one batch): 0.0
Test MSE: 0.0149
Poisson likelihood: 0.0
CE loss: 0.0
Experiment 24885
Epoch 0161 [Test seq (cond on sampled tp)] | Loss 7401.819824 | Likelihood -7400.206543 | KL fp 5.3047 | FP STD 0.0090|
KL coef: 0.7807627306335276
Train loss (one batch): 5773.11083984375
Train CE loss (one batch): 0.0
Test MSE: 0.0148
Poisson likelihood: 0.0
CE loss: 0.0
Experiment 24885
Epoch 0162 [Test seq (cond on sampled tp)] | Loss 7405.262695 | Likelihood -7403.207031 | KL fp 5.3713 | FP STD 0.0085|
KL coef: 0.7829551033271924
Train loss (one batch): 5773.33642578125
Train CE loss (one batch): 0.0
Test MSE: 0.0148
Poisson likelihood: 0.0
CE loss: 0.0
Experiment 24885
Epoch 0163 [Test seq (cond on sampled tp)] | Loss 7386.195312 | Likelihood -7385.695312 | KL fp 5.3708 | FP STD 0.0086|
KL coef: 0.7851255522939204
Train loss (one batch): 5781.490234375
Train CE loss (one batch): 0.0
Test MSE: 0.0148
Poisson likelihood: 0.0
CE loss: 0.0
Experiment 24885
Epoch 0164 [Test seq (cond on sampled tp)] | Loss 7368.116211 | Likelihood -7368.655762 | KL fp 5.3914 | FP STD 0.0085|
KL coef: 0.7872742967709813
Train loss (one batch): 5763.4814453125
Train CE loss (one batch): 0.0
Test MSE: 0.0147
Poisson likelihood: 0.0
CE loss: 0.0
Experiment 24885
Epoch 0165 [Test seq (cond on sampled tp)] | Loss 7342.729980 | Likelihood -7346.243652 | KL fp 5.4770 | FP STD 0.0082|
KL coef: 0.7894015538032715
Train loss (one batch): 5763.64208984375
Train CE loss (one batch): 0.0
Test MSE: 0.0147
Poisson likelihood: 0.0
CE loss: 0.0
Experiment 24885
Epoch 0166 [Test seq (cond on sampled tp)] | Loss 7345.939941 | Likelihood -7347.420410 | KL fp 5.3269 | FP STD 0.0088|
KL coef: 0.7915075382652388
Train loss (one batch): 5763.1240234375
Train CE loss (one batch): 0.0
Test MSE: 0.0147
Poisson likelihood: 0.0
CE loss: 0.0
Experiment 24885
Epoch 0167 [Test seq (cond on sampled tp)] | Loss 7350.906250 | Likelihood -7349.550293 | KL fp 5.2881 | FP STD 0.0094|
KL coef: 0.7935924628825863
Train loss (one batch): 5743.29296875
Train CE loss (one batch): 0.0
Test MSE: 0.0147
Poisson likelihood: 0.0
CE loss: 0.0
Experiment 24885
Epoch 0168 [Test seq (cond on sampled tp)] | Loss 7335.756348 | Likelihood -7337.037598 | KL fp 5.2261 | FP STD 0.0101|
KL coef: 0.7956565382537605
Train loss (one batch): 5744.8955078125
Train CE loss (one batch): 0.0
Test MSE: 0.0147
Poisson likelihood: 0.0
CE loss: 0.0
Experiment 24885
Epoch 0169 [Test seq (cond on sampled tp)] | Loss 7332.796387 | Likelihood -7337.688965 | KL fp 5.1702 | FP STD 0.0109|
KL coef: 0.7976999728712229
Train loss (one batch): 5731.4306640625
Train CE loss (one batch): 0.0
Test MSE: 0.0147
Poisson likelihood: 0.0
CE loss: 0.0
Experiment 24885
Epoch 0170 [Test seq (cond on sampled tp)] | Loss 7305.591797 | Likelihood -7314.017578 | KL fp 5.2667 | FP STD 0.0097|
KL coef: 0.7997229731425107
Train loss (one batch): 5725.0869140625
Train CE loss (one batch): 0.0
Test MSE: 0.0146
Poisson likelihood: 0.0
CE loss: 0.0
Experiment 24885
Epoch 0171 [Test seq (cond on sampled tp)] | Loss 7297.531738 | Likelihood -7303.991699 | KL fp 5.3387 | FP STD 0.0090|
KL coef: 0.8017257434110856
Train loss (one batch): 5707.7509765625
Train CE loss (one batch): 0.0
Test MSE: 0.0146
Poisson likelihood: 0.0
CE loss: 0.0
Experiment 24885
Epoch 0172 [Test seq (cond on sampled tp)] | Loss 7286.048828 | Likelihood -7291.568359 | KL fp 5.3207 | FP STD 0.0088|
KL coef: 0.8037084859769748
Train loss (one batch): 5717.27587890625
Train CE loss (one batch): 0.0
Test MSE: 0.0146
Poisson likelihood: 0.0
CE loss: 0.0
Experiment 24885
Epoch 0173 [Test seq (cond on sampled tp)] | Loss 7274.089844 | Likelihood -7270.949219 | KL fp 5.4046 | FP STD 0.0085|
KL coef: 0.805671401117205
Train loss (one batch): 5727.5166015625
Train CE loss (one batch): 0.0
Test MSE: 0.0146
Poisson likelihood: 0.0
CE loss: 0.0
Experiment 24885
Epoch 0174 [Test seq (cond on sampled tp)] | Loss 7267.520996 | Likelihood -7264.558105 | KL fp 5.3642 | FP STD 0.0088|
KL coef: 0.8076146871060329
Train loss (one batch): 5684.6357421875
Train CE loss (one batch): 0.0
Test MSE: 0.0145
Poisson likelihood: 0.0
CE loss: 0.0
Experiment 24885
Epoch 0175 [Test seq (cond on sampled tp)] | Loss 7254.183105 | Likelihood -7253.049316 | KL fp 5.3089 | FP STD 0.0091|
KL coef: 0.8095385402349726
Train loss (one batch): 5679.9208984375
Train CE loss (one batch): 0.0
Test MSE: 0.0145
Poisson likelihood: 0.0
CE loss: 0.0
Experiment 24885
Epoch 0176 [Test seq (cond on sampled tp)] | Loss 7270.578125 | Likelihood -7271.870605 | KL fp 5.1351 | FP STD 0.0119|
KL coef: 0.8114431548326229
Train loss (one batch): 5726.32470703125
Train CE loss (one batch): 0.0
Test MSE: 0.0146
Poisson likelihood: 0.0
CE loss: 0.0
Experiment 24885
Epoch 0177 [Test seq (cond on sampled tp)] | Loss 7251.989258 | Likelihood -7253.007812 | KL fp 5.0913 | FP STD 0.0125|
KL coef: 0.8133287232842966
Train loss (one batch): 5691.43017578125
Train CE loss (one batch): 0.0
Test MSE: 0.0145
Poisson likelihood: 0.0
CE loss: 0.0
Experiment 24885
Epoch 0178 [Test seq (cond on sampled tp)] | Loss 7247.198730 | Likelihood -7247.896973 | KL fp 5.1376 | FP STD 0.0123|
KL coef: 0.8151954360514537
Train loss (one batch): 5664.37939453125
Train CE loss (one batch): 0.0
Test MSE: 0.0145
Poisson likelihood: 0.0
CE loss: 0.0
Experiment 24885
Epoch 0179 [Test seq (cond on sampled tp)] | Loss 7246.737793 | Likelihood -7247.889160 | KL fp 5.1277 | FP STD 0.0118|
KL coef: 0.8170434816909391
Train loss (one batch): 5678.92529296875
Train CE loss (one batch): 0.0
Test MSE: 0.0145
Poisson likelihood: 0.0
CE loss: 0.0
Experiment 24885
Epoch 0180 [Test seq (cond on sampled tp)] | Loss 7218.021973 | Likelihood -7215.810059 | KL fp 5.1593 | FP STD 0.0111|
KL coef: 0.8188730468740297
Train loss (one batch): 5668.66357421875
Train CE loss (one batch): 0.0
Test MSE: 0.0144
Poisson likelihood: 0.0
CE loss: 0.0
Experiment 24885
Epoch 0181 [Test seq (cond on sampled tp)] | Loss 7211.151367 | Likelihood -7213.416504 | KL fp 5.1557 | FP STD 0.0106|
KL coef: 0.8206843164052895
Train loss (one batch): 5654.4345703125
Train CE loss (one batch): 0.0
Test MSE: 0.0144
Poisson likelihood: 0.0
CE loss: 0.0
Experiment 24885
Epoch 0182 [Test seq (cond on sampled tp)] | Loss 7190.713379 | Likelihood -7192.229004 | KL fp 5.2659 | FP STD 0.0098|
KL coef: 0.8224774732412365
Train loss (one batch): 5642.21337890625
Train CE loss (one batch): 0.0
Test MSE: 0.0144
Poisson likelihood: 0.0
CE loss: 0.0
Experiment 24885
Epoch 0183 [Test seq (cond on sampled tp)] | Loss 7193.624023 | Likelihood -7195.506348 | KL fp 5.3115 | FP STD 0.0091|
KL coef: 0.8242526985088242
Train loss (one batch): 5644.5361328125
Train CE loss (one batch): 0.0
Test MSE: 0.0144
Poisson likelihood: 0.0
CE loss: 0.0
Experiment 24885
Epoch 0184 [Test seq (cond on sampled tp)] | Loss 7169.121094 | Likelihood -7169.994629 | KL fp 5.3399 | FP STD 0.0089|
KL coef: 0.826010171523736
Train loss (one batch): 5637.02197265625
Train CE loss (one batch): 0.0
Test MSE: 0.0144
Poisson likelihood: 0.0
CE loss: 0.0
Experiment 24885
Epoch 0185 [Test seq (cond on sampled tp)] | Loss 7164.629883 | Likelihood -7168.705566 | KL fp 5.3896 | FP STD 0.0087|
KL coef: 0.8277500698084986
Train loss (one batch): 5627.5712890625
Train CE loss (one batch): 0.0
Test MSE: 0.0143
Poisson likelihood: 0.0
CE loss: 0.0
Experiment 24885
Epoch 0186 [Test seq (cond on sampled tp)] | Loss 7142.327148 | Likelihood -7146.247559 | KL fp 5.3869 | FP STD 0.0085|
KL coef: 0.8294725691104137
Train loss (one batch): 5606.9033203125
Train CE loss (one batch): 0.0
Test MSE: 0.0143
Poisson likelihood: 0.0
CE loss: 0.0
Experiment 24885
Epoch 0187 [Test seq (cond on sampled tp)] | Loss 7136.799316 | Likelihood -7138.615723 | KL fp 5.3985 | FP STD 0.0086|
KL coef: 0.8311778434193096
Train loss (one batch): 5616.0107421875
Train CE loss (one batch): 0.0
Test MSE: 0.0143
Poisson likelihood: 0.0
CE loss: 0.0
Experiment 24885
Epoch 0188 [Test seq (cond on sampled tp)] | Loss 7130.655762 | Likelihood -7131.003418 | KL fp 5.3497 | FP STD 0.0090|
KL coef: 0.8328660649851164
Train loss (one batch): 5609.89306640625
Train CE loss (one batch): 0.0
Test MSE: 0.0143
Poisson likelihood: 0.0
CE loss: 0.0
Experiment 24885
Epoch 0189 [Test seq (cond on sampled tp)] | Loss 7138.659668 | Likelihood -7137.618652 | KL fp 5.2681 | FP STD 0.0093|
KL coef: 0.8345374043352652
Train loss (one batch): 5602.5908203125
Train CE loss (one batch): 0.0
Test MSE: 0.0143
Poisson likelihood: 0.0
CE loss: 0.0
Experiment 24885
Epoch 0190 [Test seq (cond on sampled tp)] | Loss 7099.915039 | Likelihood -7101.958496 | KL fp 5.3518 | FP STD 0.0087|
KL coef: 0.8361920302919126
Train loss (one batch): 5588.38818359375
Train CE loss (one batch): 0.0
Test MSE: 0.0142
Poisson likelihood: 0.0
CE loss: 0.0
Experiment 24885
Epoch 0191 [Test seq (cond on sampled tp)] | Loss 7099.170898 | Likelihood -7100.953613 | KL fp 5.3097 | FP STD 0.0093|
KL coef: 0.8378301099889934
Train loss (one batch): 5572.43505859375
Train CE loss (one batch): 0.0
Test MSE: 0.0142
Poisson likelihood: 0.0
CE loss: 0.0
Experiment 24885
Epoch 0192 [Test seq (cond on sampled tp)] | Loss 7102.996582 | Likelihood -7104.835938 | KL fp 5.1753 | FP STD 0.0100|
KL coef: 0.8394518088891035
Train loss (one batch): 5575.41796875
Train CE loss (one batch): 0.0
Test MSE: 0.0142
Poisson likelihood: 0.0
CE loss: 0.0
Experiment 24885
Epoch 0193 [Test seq (cond on sampled tp)] | Loss 7080.511230 | Likelihood -7083.041504 | KL fp 5.3041 | FP STD 0.0090|
KL coef: 0.8410572908002125
Train loss (one batch): 5563.5263671875
Train CE loss (one batch): 0.0
Test MSE: 0.0142
Poisson likelihood: 0.0
CE loss: 0.0
Experiment 24885
Epoch 0194 [Test seq (cond on sampled tp)] | Loss 7067.757324 | Likelihood -7075.445312 | KL fp 5.1934 | FP STD 0.0100|
KL coef: 0.8426467178922104
Train loss (one batch): 5545.47705078125
Train CE loss (one batch): 0.0
Test MSE: 0.0142
Poisson likelihood: 0.0
CE loss: 0.0
Experiment 24885
Epoch 0195 [Test seq (cond on sampled tp)] | Loss 7053.510254 | Likelihood -7056.768066 | KL fp 5.2943 | FP STD 0.0092|
KL coef: 0.8442202507132883
Train loss (one batch): 5537.92822265625
Train CE loss (one batch): 0.0
Test MSE: 0.0141
Poisson likelihood: 0.0
CE loss: 0.0
Experiment 24885
Epoch 0196 [Test seq (cond on sampled tp)] | Loss 7047.623535 | Likelihood -7047.125488 | KL fp 5.2032 | FP STD 0.0098|
KL coef: 0.8457780482061554
Train loss (one batch): 5536.34375
Train CE loss (one batch): 0.0
Test MSE: 0.0141
Poisson likelihood: 0.0
CE loss: 0.0
Experiment 24885
Epoch 0197 [Test seq (cond on sampled tp)] | Loss 7033.157715 | Likelihood -7034.627441 | KL fp 5.2630 | FP STD 0.0096|
KL coef: 0.8473202677240939
Train loss (one batch): 5528.8173828125
Train CE loss (one batch): 0.0
Test MSE: 0.0141
Poisson likelihood: 0.0
CE loss: 0.0
Experiment 24885
Epoch 0198 [Test seq (cond on sampled tp)] | Loss 7023.467285 | Likelihood -7022.183105 | KL fp 5.2810 | FP STD 0.0093|
KL coef: 0.8488470650468529
Train loss (one batch): 5494.67138671875
Train CE loss (one batch): 0.0
Test MSE: 0.0141
Poisson likelihood: 0.0
CE loss: 0.0
Experiment 24885
Epoch 0199 [Test seq (cond on sampled tp)] | Loss 7007.165527 | Likelihood -7007.939941 | KL fp 5.3158 | FP STD 0.0090|
KL coef: 0.8503585943963844
Train loss (one batch): 5487.44775390625
Train CE loss (one batch): 0.0
Test MSE: 0.0140
Poisson likelihood: 0.0
CE loss: 0.0
Experiment 24885
Epoch 0200 [Test seq (cond on sampled tp)] | Loss 6996.835938 | Likelihood -6999.707520 | KL fp 5.1924 | FP STD 0.0102|
KL coef: 0.8518550084524206
Train loss (one batch): 5495.65283203125
Train CE loss (one batch): 0.0
Test MSE: 0.0140
Poisson likelihood: 0.0
CE loss: 0.0
Experiment 24885
Epoch 0201 [Test seq (cond on sampled tp)] | Loss 6978.275879 | Likelihood -6976.699707 | KL fp 5.1462 | FP STD 0.0104|
KL coef: 0.8533364583678963
Train loss (one batch): 5461.74951171875
Train CE loss (one batch): 0.0
Test MSE: 0.0140
Poisson likelihood: 0.0
CE loss: 0.0
Experiment 24885
Epoch 0202 [Test seq (cond on sampled tp)] | Loss 6962.997070 | Likelihood -6970.451172 | KL fp 5.2534 | FP STD 0.0095|
KL coef: 0.8548030937842174
Train loss (one batch): 5477.26220703125
Train CE loss (one batch): 0.0
Test MSE: 0.0140
Poisson likelihood: 0.0
CE loss: 0.0
Experiment 24885
Epoch 0203 [Test seq (cond on sampled tp)] | Loss 6962.056641 | Likelihood -6962.406250 | KL fp 5.2428 | FP STD 0.0096|
KL coef: 0.8562550628463752
Train loss (one batch): 5452.69482421875
Train CE loss (one batch): 0.0
Test MSE: 0.0139
Poisson likelihood: 0.0
CE loss: 0.0
Experiment 24885
Epoch 0204 [Test seq (cond on sampled tp)] | Loss 6943.757324 | Likelihood -6944.599609 | KL fp 5.1891 | FP STD 0.0102|
KL coef: 0.8576925122179114
Train loss (one batch): 5420.38916015625
Train CE loss (one batch): 0.0
Test MSE: 0.0139
Poisson likelihood: 0.0
CE loss: 0.0
Experiment 24885
Epoch 0205 [Test seq (cond on sampled tp)] | Loss 6929.517090 | Likelihood -6930.468750 | KL fp 5.1851 | FP STD 0.0101|
KL coef: 0.8591155870957323
Train loss (one batch): 5431.8046875
Train CE loss (one batch): 0.0
Test MSE: 0.0139
Poisson likelihood: 0.0
CE loss: 0.0
Experiment 24885
Epoch 0206 [Test seq (cond on sampled tp)] | Loss 6910.965820 | Likelihood -6912.552734 | KL fp 5.2192 | FP STD 0.0098|
KL coef: 0.8605244312247751
Train loss (one batch): 5429.5166015625
Train CE loss (one batch): 0.0
Test MSE: 0.0138
Poisson likelihood: 0.0
CE loss: 0.0
Experiment 24885
Epoch 0207 [Test seq (cond on sampled tp)] | Loss 6898.253418 | Likelihood -6900.305176 | KL fp 5.2418 | FP STD 0.0096|
KL coef: 0.8619191869125272
Train loss (one batch): 5397.32666015625
Train CE loss (one batch): 0.0
Test MSE: 0.0138
Poisson likelihood: 0.0
CE loss: 0.0
Experiment 24885
Epoch 0208 [Test seq (cond on sampled tp)] | Loss 6890.307129 | Likelihood -6894.262207 | KL fp 5.1380 | FP STD 0.0107|
KL coef: 0.8632999950434019
Train loss (one batch): 5372.27978515625
Train CE loss (one batch): 0.0
Test MSE: 0.0138
Poisson likelihood: 0.0
CE loss: 0.0
Experiment 24885
Epoch 0209 [Test seq (cond on sampled tp)] | Loss 6865.193359 | Likelihood -6865.923340 | KL fp 5.1980 | FP STD 0.0103|
KL coef: 0.864666995092968
Train loss (one batch): 5344.96484375
Train CE loss (one batch): 0.0
Test MSE: 0.0137
Poisson likelihood: 0.0
CE loss: 0.0
Experiment 24885
Epoch 0210 [Test seq (cond on sampled tp)] | Loss 6836.118164 | Likelihood -6842.528809 | KL fp 5.2191 | FP STD 0.0099|
KL coef: 0.8660203251420383
Train loss (one batch): 5353.67626953125
Train CE loss (one batch): 0.0
Test MSE: 0.0137
Poisson likelihood: 0.0
CE loss: 0.0
Experiment 24885
Epoch 0211 [Test seq (cond on sampled tp)] | Loss 6816.239746 | Likelihood -6822.486816 | KL fp 5.1949 | FP STD 0.0102|
KL coef: 0.867360121890618
Train loss (one batch): 5320.75341796875
Train CE loss (one batch): 0.0
Test MSE: 0.0137
Poisson likelihood: 0.0
CE loss: 0.0
Experiment 24885
Epoch 0212 [Test seq (cond on sampled tp)] | Loss 6796.670898 | Likelihood -6794.982422 | KL fp 5.2066 | FP STD 0.0101|
KL coef: 0.8686865206717117
Train loss (one batch): 5315.0400390625
Train CE loss (one batch): 0.0
Test MSE: 0.0136
Poisson likelihood: 0.0
CE loss: 0.0
Experiment 24885
Epoch 0213 [Test seq (cond on sampled tp)] | Loss 6774.842285 | Likelihood -6778.182129 | KL fp 5.1946 | FP STD 0.0102|
KL coef: 0.8699996554649946
Train loss (one batch): 5303.78125
Train CE loss (one batch): 0.0
Test MSE: 0.0136
Poisson likelihood: 0.0
CE loss: 0.0
Experiment 24885
Epoch 0214 [Test seq (cond on sampled tp)] | Loss 6782.828125 | Likelihood -6780.578125 | KL fp 5.1367 | FP STD 0.0108|
KL coef: 0.8712996589103447
Train loss (one batch): 5274.9521484375
Train CE loss (one batch): 0.0
Test MSE: 0.0136
Poisson likelihood: 0.0
CE loss: 0.0
Experiment 24885
Epoch 0215 [Test seq (cond on sampled tp)] | Loss 6746.724609 | Likelihood -6748.179688 | KL fp 5.2054 | FP STD 0.0104|
KL coef: 0.8725866623212413
Train loss (one batch): 5243.5390625
Train CE loss (one batch): 0.0
Test MSE: 0.0135
Poisson likelihood: 0.0
CE loss: 0.0
Experiment 24885
Epoch 0216 [Test seq (cond on sampled tp)] | Loss 6710.273926 | Likelihood -6714.442871 | KL fp 5.1523 | FP STD 0.0108|
KL coef: 0.8738607956980289
Train loss (one batch): 5212.50048828125
Train CE loss (one batch): 0.0
Test MSE: 0.0134
Poisson likelihood: 0.0
CE loss: 0.0
Experiment 24885
Epoch 0217 [Test seq (cond on sampled tp)] | Loss 6686.029785 | Likelihood -6696.539062 | KL fp 5.1529 | FP STD 0.0108|
KL coef: 0.8751221877410486
Train loss (one batch): 5218.52294921875
Train CE loss (one batch): 0.0
Test MSE: 0.0134
Poisson likelihood: 0.0
CE loss: 0.0
Experiment 24885
Epoch 0218 [Test seq (cond on sampled tp)] | Loss 6671.204590 | Likelihood -6678.992188 | KL fp 5.1192 | FP STD 0.0110|
KL coef: 0.876370965863638
Train loss (one batch): 5190.62841796875
Train CE loss (one batch): 0.0
Test MSE: 0.0134
Poisson likelihood: 0.0
CE loss: 0.0
Experiment 24885
Epoch 0219 [Test seq (cond on sampled tp)] | Loss 6663.911133 | Likelihood -6664.107910 | KL fp 5.0721 | FP STD 0.0117|
KL coef: 0.8776072562050017
Train loss (one batch): 5161.73486328125
Train CE loss (one batch): 0.0
Test MSE: 0.0133
Poisson likelihood: 0.0
CE loss: 0.0
Experiment 24885
Epoch 0220 [Test seq (cond on sampled tp)] | Loss 6659.704590 | Likelihood -6658.895996 | KL fp 5.0371 | FP STD 0.0132|
KL coef: 0.8788311836429517
Train loss (one batch): 5143.13330078125
Train CE loss (one batch): 0.0
Test MSE: 0.0133
Poisson likelihood: 0.0
CE loss: 0.0
Experiment 24885
Epoch 0221 [Test seq (cond on sampled tp)] | Loss 6599.777344 | Likelihood -6621.290527 | KL fp 5.1249 | FP STD 0.0125|
KL coef: 0.8800428718065221
Train loss (one batch): 5151.9638671875
Train CE loss (one batch): 0.0
Test MSE: 0.0133
Poisson likelihood: 0.0
CE loss: 0.0
Experiment 24885
Epoch 0222 [Test seq (cond on sampled tp)] | Loss 6594.006348 | Likelihood -6603.009277 | KL fp 5.1339 | FP STD 0.0122|
KL coef: 0.8812424430884569
Train loss (one batch): 5111.29345703125
Train CE loss (one batch): 0.0
Test MSE: 0.0132
Poisson likelihood: 0.0
CE loss: 0.0
Experiment 24885
Epoch 0223 [Test seq (cond on sampled tp)] | Loss 6565.674805 | Likelihood -6580.271973 | KL fp 5.1223 | FP STD 0.0117|
KL coef: 0.8824300186575723
Train loss (one batch): 5115.1181640625
Train CE loss (one batch): 0.0
Test MSE: 0.0132
Poisson likelihood: 0.0
CE loss: 0.0
Experiment 24885
Epoch 0224 [Test seq (cond on sampled tp)] | Loss 6543.128906 | Likelihood -6545.015137 | KL fp 5.1089 | FP STD 0.0118|
KL coef: 0.8836057184709967
Train loss (one batch): 5039.30615234375
Train CE loss (one batch): 0.0
Test MSE: 0.0131
Poisson likelihood: 0.0
CE loss: 0.0
Experiment 24885
Epoch 0225 [Test seq (cond on sampled tp)] | Loss 6497.632812 | Likelihood -6506.062012 | KL fp 5.1331 | FP STD 0.0113|
KL coef: 0.8847696612862866
Train loss (one batch): 5022.80712890625
Train CE loss (one batch): 0.0
Test MSE: 0.0130
Poisson likelihood: 0.0
CE loss: 0.0
Experiment 24885
Epoch 0226 [Test seq (cond on sampled tp)] | Loss 6493.807129 | Likelihood -6495.981934 | KL fp 5.1363 | FP STD 0.0112|
KL coef: 0.8859219646734238
Train loss (one batch): 5003.5771484375
Train CE loss (one batch): 0.0
Test MSE: 0.0130
Poisson likelihood: 0.0
CE loss: 0.0
Experiment 24885
Epoch 0227 [Test seq (cond on sampled tp)] | Loss 6447.418457 | Likelihood -6458.346191 | KL fp 5.1729 | FP STD 0.0108|
KL coef: 0.8870627450266896
Train loss (one batch): 4947.48388671875
Train CE loss (one batch): 0.0
Test MSE: 0.0129
Poisson likelihood: 0.0
CE loss: 0.0
Experiment 24885
Epoch 0228 [Test seq (cond on sampled tp)] | Loss 6417.390137 | Likelihood -6424.488770 | KL fp 5.1840 | FP STD 0.0108|
KL coef: 0.8881921175764227
Train loss (one batch): 4942.89697265625
Train CE loss (one batch): 0.0
Test MSE: 0.0129
Poisson likelihood: 0.0
CE loss: 0.0
Experiment 24885
Epoch 0229 [Test seq (cond on sampled tp)] | Loss 6399.523926 | Likelihood -6399.071777 | KL fp 5.0820 | FP STD 0.0114|
KL coef: 0.8893101964006584
Train loss (one batch): 4915.83984375
Train CE loss (one batch): 0.0
Test MSE: 0.0128
Poisson likelihood: 0.0
CE loss: 0.0
Experiment 24885
Epoch 0230 [Test seq (cond on sampled tp)] | Loss 6368.566895 | Likelihood -6372.907715 | KL fp 5.1713 | FP STD 0.0107|
KL coef: 0.8904170944366518
Train loss (one batch): 4883.72802734375
Train CE loss (one batch): 0.0
Test MSE: 0.0128
Poisson likelihood: 0.0
CE loss: 0.0
Experiment 24885
Epoch 0231 [Test seq (cond on sampled tp)] | Loss 6359.219727 | Likelihood -6359.127441 | KL fp 5.0328 | FP STD 0.0118|
KL coef: 0.8915129234922854
Train loss (one batch): 4843.07275390625
Train CE loss (one batch): 0.0
Test MSE: 0.0127
Poisson likelihood: 0.0
CE loss: 0.0
Experiment 24885
Epoch 0232 [Test seq (cond on sampled tp)] | Loss 6330.762695 | Likelihood -6336.564941 | KL fp 5.0816 | FP STD 0.0111|
KL coef: 0.8925977942573625
Train loss (one batch): 4847.5693359375
Train CE loss (one batch): 0.0
Test MSE: 0.0127
Poisson likelihood: 0.0
CE loss: 0.0
Experiment 24885
Epoch 0233 [Test seq (cond on sampled tp)] | Loss 6299.678223 | Likelihood -6310.869629 | KL fp 5.1146 | FP STD 0.0111|
KL coef: 0.8936718163147889
Train loss (one batch): 4786.466796875
Train CE loss (one batch): 0.0
Test MSE: 0.0126
Poisson likelihood: 0.0
CE loss: 0.0
Experiment 24885
Epoch 0234 [Test seq (cond on sampled tp)] | Loss 6263.006348 | Likelihood -6269.931152 | KL fp 5.1741 | FP STD 0.0108|
KL coef: 0.894735098151641
Train loss (one batch): 4774.060546875
Train CE loss (one batch): 0.0
Test MSE: 0.0126
Poisson likelihood: 0.0
CE loss: 0.0
Experiment 24885
Epoch 0235 [Test seq (cond on sampled tp)] | Loss 6242.582520 | Likelihood -6246.974121 | KL fp 5.1723 | FP STD 0.0107|
KL coef: 0.8957877471701245
Train loss (one batch): 4745.7919921875
Train CE loss (one batch): 0.0
Test MSE: 0.0125
Poisson likelihood: 0.0
CE loss: 0.0
Experiment 24885
Epoch 0236 [Test seq (cond on sampled tp)] | Loss 6212.359375 | Likelihood -6221.568848 | KL fp 5.2201 | FP STD 0.0105|
KL coef: 0.8968298696984233
Train loss (one batch): 4693.9189453125
Train CE loss (one batch): 0.0
Test MSE: 0.0125
Poisson likelihood: 0.0
CE loss: 0.0
Experiment 24885
Epoch 0237 [Test seq (cond on sampled tp)] | Loss 6166.945312 | Likelihood -6177.728516 | KL fp 5.1766 | FP STD 0.0104|
KL coef: 0.897861571001439
Train loss (one batch): 4677.9384765625
Train CE loss (one batch): 0.0
Test MSE: 0.0124
Poisson likelihood: 0.0
CE loss: 0.0
Experiment 24885
Epoch 0238 [Test seq (cond on sampled tp)] | Loss 6139.878906 | Likelihood -6148.527832 | KL fp 5.1537 | FP STD 0.0108|
KL coef: 0.8988829552914247
Train loss (one batch): 4661.015625
Train CE loss (one batch): 0.0
Test MSE: 0.0123
Poisson likelihood: 0.0
CE loss: 0.0
Experiment 24885
Epoch 0239 [Test seq (cond on sampled tp)] | Loss 6120.659668 | Likelihood -6127.683105 | KL fp 5.1335 | FP STD 0.0109|
KL coef: 0.8998941257385105
Train loss (one batch): 4617.25830078125
Train CE loss (one batch): 0.0
Test MSE: 0.0123
Poisson likelihood: 0.0
CE loss: 0.0
Experiment 24885
Epoch 0240 [Test seq (cond on sampled tp)] | Loss 6098.205078 | Likelihood -6097.475098 | KL fp 5.1425 | FP STD 0.0107|
KL coef: 0.9008951844811254
Train loss (one batch): 4589.1416015625
Train CE loss (one batch): 0.0
Test MSE: 0.0122
Poisson likelihood: 0.0
CE loss: 0.0
Experiment 24885
Epoch 0241 [Test seq (cond on sampled tp)] | Loss 6060.590820 | Likelihood -6068.677246 | KL fp 5.1936 | FP STD 0.0103|
KL coef: 0.9018862326363141
Train loss (one batch): 4560.15380859375
Train CE loss (one batch): 0.0
Test MSE: 0.0121
Poisson likelihood: 0.0
CE loss: 0.0
Experiment 24885
Epoch 0242 [Test seq (cond on sampled tp)] | Loss 6015.996094 | Likelihood -6020.598145 | KL fp 5.2131 | FP STD 0.0102|
KL coef: 0.902867370309951
Train loss (one batch): 4538.07373046875
Train CE loss (one batch): 0.0
Test MSE: 0.0121
Poisson likelihood: 0.0
CE loss: 0.0
Experiment 24885
Epoch 0243 [Test seq (cond on sampled tp)] | Loss 6003.295898 | Likelihood -6007.123047 | KL fp 5.2345 | FP STD 0.0101|
KL coef: 0.9038386966068515
Train loss (one batch): 4486.03955078125
Train CE loss (one batch): 0.0
Test MSE: 0.0120
Poisson likelihood: 0.0
CE loss: 0.0
Experiment 24885
Epoch 0244 [Test seq (cond on sampled tp)] | Loss 5978.411621 | Likelihood -5975.186035 | KL fp 5.1221 | FP STD 0.0108|
KL coef: 0.904800309640783
Train loss (one batch): 4455.15576171875
Train CE loss (one batch): 0.0
Test MSE: 0.0120
Poisson likelihood: 0.0
CE loss: 0.0
Experiment 24885
Epoch 0245 [Test seq (cond on sampled tp)] | Loss 5962.723633 | Likelihood -5967.698730 | KL fp 5.0057 | FP STD 0.0126|
KL coef: 0.9057523065443751
Train loss (one batch): 4461.8837890625
Train CE loss (one batch): 0.0
Test MSE: 0.0119
Poisson likelihood: 0.0
CE loss: 0.0
Experiment 24885
Epoch 0246 [Test seq (cond on sampled tp)] | Loss 5928.863770 | Likelihood -5929.061035 | KL fp 5.0792 | FP STD 0.0122|
KL coef: 0.9066947834789314
Train loss (one batch): 4420.3203125
Train CE loss (one batch): 0.0
Test MSE: 0.0119
Poisson likelihood: 0.0
CE loss: 0.0
Experiment 24885
Epoch 0247 [Test seq (cond on sampled tp)] | Loss 5924.134277 | Likelihood -5923.854980 | KL fp 4.9754 | FP STD 0.0130|
KL coef: 0.9076278356441421
Train loss (one batch): 4411.2275390625
Train CE loss (one batch): 0.0
Test MSE: 0.0119
Poisson likelihood: 0.0
CE loss: 0.0
Experiment 24885
Epoch 0248 [Test seq (cond on sampled tp)] | Loss 5864.421875 | Likelihood -5877.231934 | KL fp 4.9495 | FP STD 0.0131|
KL coef: 0.9085515572877007
Train loss (one batch): 4394.54345703125
Train CE loss (one batch): 0.0
Test MSE: 0.0118
Poisson likelihood: 0.0
CE loss: 0.0
Experiment 24885
Epoch 0249 [Test seq (cond on sampled tp)] | Loss 5842.078125 | Likelihood -5841.186035 | KL fp 5.0748 | FP STD 0.0116|
KL coef: 0.9094660417148236
Train loss (one batch): 4347.31005859375
Train CE loss (one batch): 0.0
Test MSE: 0.0117
Poisson likelihood: 0.0
CE loss: 0.0
Experiment 24885
Epoch 0250 [Test seq (cond on sampled tp)] | Loss 5815.449707 | Likelihood -5816.598145 | KL fp 5.0393 | FP STD 0.0116|
KL coef: 0.9103713812976754
Train loss (one batch): 4286.82763671875
Train CE loss (one batch): 0.0
Test MSE: 0.0116
Poisson likelihood: 0.0
CE loss: 0.0
Experiment 24885
Epoch 0251 [Test seq (cond on sampled tp)] | Loss 5785.528809 | Likelihood -5784.060547 | KL fp 5.1389 | FP STD 0.0108|
KL coef: 0.9112676674846987
Train loss (one batch): 4249.74560546875
Train CE loss (one batch): 0.0
Test MSE: 0.0116
Poisson likelihood: 0.0
CE loss: 0.0
Experiment 24885
Epoch 0252 [Test seq (cond on sampled tp)] | Loss 5736.833496 | Likelihood -5740.453125 | KL fp 5.2153 | FP STD 0.0101|
KL coef: 0.9121549908098516
Train loss (one batch): 4261.04052734375
Train CE loss (one batch): 0.0
Test MSE: 0.0115
Poisson likelihood: 0.0
CE loss: 0.0
Experiment 24885
Epoch 0253 [Test seq (cond on sampled tp)] | Loss 5706.079590 | Likelihood -5716.782715 | KL fp 5.1945 | FP STD 0.0102|
KL coef: 0.9130334409017531
Train loss (one batch): 4207.92822265625
Train CE loss (one batch): 0.0
Test MSE: 0.0114
Poisson likelihood: 0.0
CE loss: 0.0
Experiment 24885
Epoch 0254 [Test seq (cond on sampled tp)] | Loss 5689.749512 | Likelihood -5693.453613 | KL fp 5.1806 | FP STD 0.0103|
KL coef: 0.9139031064927357
Train loss (one batch): 4173.29052734375
Train CE loss (one batch): 0.0
Test MSE: 0.0114
Poisson likelihood: 0.0
CE loss: 0.0
Experiment 24885
Epoch 0255 [Test seq (cond on sampled tp)] | Loss 5655.697266 | Likelihood -5658.015137 | KL fp 5.1504 | FP STD 0.0106|
KL coef: 0.9147640754278082
Train loss (one batch): 4145.06201171875
Train CE loss (one batch): 0.0
Test MSE: 0.0113
Poisson likelihood: 0.0
CE loss: 0.0
Experiment 24885
Epoch 0256 [Test seq (cond on sampled tp)] | Loss 5638.979004 | Likelihood -5638.695312 | KL fp 5.2174 | FP STD 0.0101|
KL coef: 0.9156164346735302
Train loss (one batch): 4137.8427734375
Train CE loss (one batch): 0.0
Test MSE: 0.0113
Poisson likelihood: 0.0
CE loss: 0.0
Experiment 24885
Epoch 0257 [Test seq (cond on sampled tp)] | Loss 5594.047363 | Likelihood -5592.974609 | KL fp 5.2034 | FP STD 0.0102|
KL coef: 0.9164602703267949
Train loss (one batch): 4110.4326171875
Train CE loss (one batch): 0.0
Test MSE: 0.0112
Poisson likelihood: 0.0
CE loss: 0.0
Experiment 24885
Epoch 0258 [Test seq (cond on sampled tp)] | Loss 5575.119629 | Likelihood -5580.275391 | KL fp 5.1526 | FP STD 0.0107|
KL coef: 0.9172956676235269
Train loss (one batch): 4078.452880859375
Train CE loss (one batch): 0.0
Test MSE: 0.0112
Poisson likelihood: 0.0
CE loss: 0.0
Experiment 24885
Epoch 0259 [Test seq (cond on sampled tp)] | Loss 5545.679688 | Likelihood -5555.541504 | KL fp 5.1667 | FP STD 0.0103|
KL coef: 0.9181227109472916
Train loss (one batch): 4043.9248046875
Train CE loss (one batch): 0.0
Test MSE: 0.0111
Poisson likelihood: 0.0
CE loss: 0.0
Experiment 24885
Epoch 0260 [Test seq (cond on sampled tp)] | Loss 5496.783691 | Likelihood -5500.830078 | KL fp 5.1062 | FP STD 0.0107|
KL coef: 0.9189414838378187
Train loss (one batch): 4022.985107421875
Train CE loss (one batch): 0.0
Test MSE: 0.0110
Poisson likelihood: 0.0
CE loss: 0.0
Experiment 24885
Epoch 0261 [Test seq (cond on sampled tp)] | Loss 5486.447754 | Likelihood -5487.486816 | KL fp 5.1994 | FP STD 0.0100|
KL coef: 0.9197520689994405
Train loss (one batch): 3996.909423828125
Train CE loss (one batch): 0.0
Test MSE: 0.0110
Poisson likelihood: 0.0
CE loss: 0.0
Experiment 24885
Epoch 0262 [Test seq (cond on sampled tp)] | Loss 5466.510742 | Likelihood -5468.050293 | KL fp 5.1944 | FP STD 0.0100|
KL coef: 0.9205545483094462
Train loss (one batch): 3974.19580078125
Train CE loss (one batch): 0.0
Test MSE: 0.0109
Poisson likelihood: 0.0
CE loss: 0.0
Experiment 24885
Epoch 0263 [Test seq (cond on sampled tp)] | Loss 5435.194336 | Likelihood -5433.553711 | KL fp 5.1946 | FP STD 0.0100|
KL coef: 0.9213490028263517
Train loss (one batch): 3929.661376953125
Train CE loss (one batch): 0.0
Test MSE: 0.0109
Poisson likelihood: 0.0
CE loss: 0.0
Experiment 24885
Epoch 0264 [Test seq (cond on sampled tp)] | Loss 5418.578125 | Likelihood -5416.735352 | KL fp 5.2042 | FP STD 0.0100|
KL coef: 0.9221355127980881
Train loss (one batch): 3933.389892578125
Train CE loss (one batch): 0.0
Test MSE: 0.0108
Poisson likelihood: 0.0
CE loss: 0.0
Experiment 24885
Epoch 0265 [Test seq (cond on sampled tp)] | Loss 5355.770020 | Likelihood -5359.279297 | KL fp 5.1948 | FP STD 0.0101|
KL coef: 0.9229141576701073
Train loss (one batch): 3896.99853515625
Train CE loss (one batch): 0.0
Test MSE: 0.0107
Poisson likelihood: 0.0
CE loss: 0.0
Experiment 24885
Epoch 0266 [Test seq (cond on sampled tp)] | Loss 5348.553223 | Likelihood -5348.410156 | KL fp 5.2006 | FP STD 0.0100|
KL coef: 0.9236850160934063
Train loss (one batch): 3881.233154296875
Train CE loss (one batch): 0.0
Test MSE: 0.0107
Poisson likelihood: 0.0
CE loss: 0.0
Experiment 24885
Epoch 0267 [Test seq (cond on sampled tp)] | Loss 5327.180176 | Likelihood -5331.649902 | KL fp 5.2284 | FP STD 0.0099|
KL coef: 0.9244481659324721
Train loss (one batch): 3863.71630859375
Train CE loss (one batch): 0.0
Test MSE: 0.0107
Poisson likelihood: 0.0
CE loss: 0.0
Experiment 24885
Epoch 0268 [Test seq (cond on sampled tp)] | Loss 5298.627930 | Likelihood -5298.058105 | KL fp 5.2132 | FP STD 0.0099|
KL coef: 0.9252036842731475
Train loss (one batch): 3843.32958984375
Train CE loss (one batch): 0.0
Test MSE: 0.0106
Poisson likelihood: 0.0
CE loss: 0.0
Experiment 24885
Epoch 0269 [Test seq (cond on sampled tp)] | Loss 5265.357910 | Likelihood -5277.568359 | KL fp 5.1987 | FP STD 0.0099|
KL coef: 0.9259516474304159
Train loss (one batch): 3792.323486328125
Train CE loss (one batch): 0.0
Test MSE: 0.0106
Poisson likelihood: 0.0
CE loss: 0.0
Experiment 24885
Epoch 0270 [Test seq (cond on sampled tp)] | Loss 5239.409180 | Likelihood -5241.279785 | KL fp 5.2173 | FP STD 0.0097|
KL coef: 0.9266921309561118
Train loss (one batch): 3773.737060546875
Train CE loss (one batch): 0.0
Test MSE: 0.0105
Poisson likelihood: 0.0
CE loss: 0.0
Experiment 24885
Epoch 0271 [Test seq (cond on sampled tp)] | Loss 5223.785645 | Likelihood -5226.600098 | KL fp 5.2352 | FP STD 0.0097|
KL coef: 0.9274252096465507
Train loss (one batch): 3752.320068359375
Train CE loss (one batch): 0.0
Test MSE: 0.0105
Poisson likelihood: 0.0
CE loss: 0.0
Experiment 24885
Epoch 0272 [Test seq (cond on sampled tp)] | Loss 5192.973145 | Likelihood -5191.602051 | KL fp 5.1503 | FP STD 0.0106|
KL coef: 0.9281509575500851
Train loss (one batch): 3752.973876953125
Train CE loss (one batch): 0.0
Test MSE: 0.0104
Poisson likelihood: 0.0
CE loss: 0.0
Experiment 24885
Epoch 0273 [Test seq (cond on sampled tp)] | Loss 5165.654297 | Likelihood -5165.468750 | KL fp 5.1944 | FP STD 0.0100|
KL coef: 0.9288694479745843
Train loss (one batch): 3728.651123046875
Train CE loss (one batch): 0.0
Test MSE: 0.0103
Poisson likelihood: 0.0
CE loss: 0.0
Experiment 24885
Epoch 0274 [Test seq (cond on sampled tp)] | Loss 5142.845215 | Likelihood -5154.718262 | KL fp 5.1295 | FP STD 0.0104|
KL coef: 0.9295807534948385
Train loss (one batch): 3709.41162109375
Train CE loss (one batch): 0.0
Test MSE: 0.0103
Poisson likelihood: 0.0
CE loss: 0.0
Experiment 24885
Epoch 0275 [Test seq (cond on sampled tp)] | Loss 5138.627441 | Likelihood -5138.804199 | KL fp 5.1321 | FP STD 0.0105|
KL coef: 0.9302849459598901
Train loss (one batch): 3684.2939453125
Train CE loss (one batch): 0.0
Test MSE: 0.0103
Poisson likelihood: 0.0
CE loss: 0.0
Experiment 24885
Epoch 0276 [Test seq (cond on sampled tp)] | Loss 5107.742188 | Likelihood -5110.643066 | KL fp 5.0189 | FP STD 0.0114|
KL coef: 0.9309820965002912
Train loss (one batch): 3654.296630859375
Train CE loss (one batch): 0.0
Test MSE: 0.0102
Poisson likelihood: 0.0
CE loss: 0.0
Experiment 24885
Epoch 0277 [Test seq (cond on sampled tp)] | Loss 5073.195312 | Likelihood -5077.649414 | KL fp 5.1805 | FP STD 0.0100|
KL coef: 0.9316722755352883
Train loss (one batch): 3640.66015625
Train CE loss (one batch): 0.0
Test MSE: 0.0102
Poisson likelihood: 0.0
CE loss: 0.0
Experiment 24885
Epoch 0278 [Test seq (cond on sampled tp)] | Loss 5077.118652 | Likelihood -5077.649902 | KL fp 5.2080 | FP STD 0.0097|
KL coef: 0.9323555527799354
Train loss (one batch): 3616.71826171875
Train CE loss (one batch): 0.0
Test MSE: 0.0102
Poisson likelihood: 0.0
CE loss: 0.0
Experiment 24885
Epoch 0279 [Test seq (cond on sampled tp)] | Loss 5044.741699 | Likelihood -5045.220215 | KL fp 5.1143 | FP STD 0.0104|
KL coef: 0.933031997252136
Train loss (one batch): 3591.313720703125
Train CE loss (one batch): 0.0
Test MSE: 0.0101
Poisson likelihood: 0.0
CE loss: 0.0
Experiment 24885
Epoch 0280 [Test seq (cond on sampled tp)] | Loss 5017.437988 | Likelihood -5014.305176 | KL fp 5.1771 | FP STD 0.0099|
KL coef: 0.9337016772796147
Train loss (one batch): 3601.656005859375
Train CE loss (one batch): 0.0
Test MSE: 0.0100
Poisson likelihood: 0.0
CE loss: 0.0
Experiment 24885
Epoch 0281 [Test seq (cond on sampled tp)] | Loss 4990.505371 | Likelihood -4996.000000 | KL fp 5.2079 | FP STD 0.0097|
KL coef: 0.9343646605068185
Train loss (one batch): 3565.64306640625
Train CE loss (one batch): 0.0
Test MSE: 0.0100
Poisson likelihood: 0.0
CE loss: 0.0
Experiment 24885
Epoch 0282 [Test seq (cond on sampled tp)] | Loss 4978.755371 | Likelihood -4982.883789 | KL fp 5.2379 | FP STD 0.0095|
KL coef: 0.9350210139017503
Train loss (one batch): 3542.55078125
Train CE loss (one batch): 0.0
Test MSE: 0.0100
Poisson likelihood: 0.0
CE loss: 0.0
Experiment 24885
Epoch 0283 [Test seq (cond on sampled tp)] | Loss 4968.778809 | Likelihood -4970.450684 | KL fp 5.0421 | FP STD 0.0112|
KL coef: 0.9356708037627328
Train loss (one batch): 3552.52880859375
Train CE loss (one batch): 0.0
Test MSE: 0.0100
Poisson likelihood: 0.0
CE loss: 0.0
Experiment 24885
Epoch 0284 [Test seq (cond on sampled tp)] | Loss 4963.736816 | Likelihood -4965.958496 | KL fp 5.0726 | FP STD 0.0111|
KL coef: 0.9363140957251055
Train loss (one batch): 3496.79736328125
Train CE loss (one batch): 0.0
Test MSE: 0.0099
Poisson likelihood: 0.0
CE loss: 0.0
Experiment 24885
Epoch 0285 [Test seq (cond on sampled tp)] | Loss 4921.075684 | Likelihood -4927.416504 | KL fp 5.1140 | FP STD 0.0104|
KL coef: 0.9369509547678545
Train loss (one batch): 3498.6650390625
Train CE loss (one batch): 0.0
Test MSE: 0.0099
Poisson likelihood: 0.0
CE loss: 0.0
Experiment 24885
Epoch 0286 [Test seq (cond on sampled tp)] | Loss 4897.952148 | Likelihood -4899.738281 | KL fp 5.2145 | FP STD 0.0095|
KL coef: 0.937581445220176
Train loss (one batch): 3492.655029296875
Train CE loss (one batch): 0.0
Test MSE: 0.0098
Poisson likelihood: 0.0
CE loss: 0.0
Experiment 24885
Epoch 0287 [Test seq (cond on sampled tp)] | Loss 4879.986816 | Likelihood -4881.324707 | KL fp 5.2062 | FP STD 0.0095|
KL coef: 0.9382056307679741
Train loss (one batch): 3464.9248046875
Train CE loss (one batch): 0.0
Test MSE: 0.0098
Poisson likelihood: 0.0
CE loss: 0.0
Experiment 24885
Epoch 0288 [Test seq (cond on sampled tp)] | Loss 4854.900391 | Likelihood -4859.394043 | KL fp 5.2188 | FP STD 0.0095|
KL coef: 0.9388235744602944
Train loss (one batch): 3453.776123046875
Train CE loss (one batch): 0.0
Test MSE: 0.0097
Poisson likelihood: 0.0
CE loss: 0.0
Experiment 24885
Epoch 0289 [Test seq (cond on sampled tp)] | Loss 4890.459961 | Likelihood -4887.224121 | KL fp 4.9989 | FP STD 0.0122|
KL coef: 0.9394353387156915
Train loss (one batch): 3460.21435546875
Train CE loss (one batch): 0.0
Test MSE: 0.0098
Poisson likelihood: 0.0
CE loss: 0.0
Experiment 24885
Epoch 0290 [Test seq (cond on sampled tp)] | Loss 4851.689941 | Likelihood -4860.698730 | KL fp 5.0976 | FP STD 0.0120|
KL coef: 0.9400409853285345
Train loss (one batch): 3462.9970703125
Train CE loss (one batch): 0.0
Test MSE: 0.0097
Poisson likelihood: 0.0
CE loss: 0.0
Experiment 24885
Epoch 0291 [Test seq (cond on sampled tp)] | Loss 4840.316406 | Likelihood -4843.253906 | KL fp 5.0851 | FP STD 0.0119|
KL coef: 0.9406405754752493
Train loss (one batch): 3428.27734375
Train CE loss (one batch): 0.0
Test MSE: 0.0097
Poisson likelihood: 0.0
CE loss: 0.0
Experiment 24885
Epoch 0292 [Test seq (cond on sampled tp)] | Loss 4833.516602 | Likelihood -4833.251953 | KL fp 5.0976 | FP STD 0.0115|
KL coef: 0.9412341697204967
Train loss (one batch): 3425.941650390625
Train CE loss (one batch): 0.0
Test MSE: 0.0097
Poisson likelihood: 0.0
CE loss: 0.0
Experiment 24885
Epoch 0293 [Test seq (cond on sampled tp)] | Loss 4800.149414 | Likelihood -4807.520020 | KL fp 5.1473 | FP STD 0.0109|
KL coef: 0.9418218280232917
Train loss (one batch): 3402.1796875
Train CE loss (one batch): 0.0
Test MSE: 0.0096
Poisson likelihood: 0.0
CE loss: 0.0
Experiment 24885
Epoch 0294 [Test seq (cond on sampled tp)] | Loss 4790.136719 | Likelihood -4795.254395 | KL fp 5.1795 | FP STD 0.0106|
KL coef: 0.9424036097430588
Train loss (one batch): 3394.253662109375
Train CE loss (one batch): 0.0
Test MSE: 0.0096
Poisson likelihood: 0.0
CE loss: 0.0
Experiment 24885
Epoch 0295 [Test seq (cond on sampled tp)] | Loss 4765.953125 | Likelihood -4775.458008 | KL fp 5.1562 | FP STD 0.0107|
KL coef: 0.9429795736456282
Train loss (one batch): 3393.756591796875
Train CE loss (one batch): 0.0
Test MSE: 0.0096
Poisson likelihood: 0.0
CE loss: 0.0
Experiment 24885
Epoch 0296 [Test seq (cond on sampled tp)] | Loss 4777.035156 | Likelihood -4787.310547 | KL fp 5.0852 | FP STD 0.0110|
KL coef: 0.9435497779091719
Train loss (one batch): 3366.194580078125
Train CE loss (one batch): 0.0
Test MSE: 0.0096
Poisson likelihood: 0.0
CE loss: 0.0
Experiment 24885
Epoch 0297 [Test seq (cond on sampled tp)] | Loss 4732.228516 | Likelihood -4742.426270 | KL fp 5.1311 | FP STD 0.0104|
KL coef: 0.9441142801300803
Train loss (one batch): 3334.662109375
Train CE loss (one batch): 0.0
Test MSE: 0.0095
Poisson likelihood: 0.0
CE loss: 0.0
Experiment 24885
Epoch 0298 [Test seq (cond on sampled tp)] | Loss 4731.085938 | Likelihood -4727.745605 | KL fp 5.1995 | FP STD 0.0100|
KL coef: 0.9446731373287794
Train loss (one batch): 3335.37646484375
Train CE loss (one batch): 0.0
Test MSE: 0.0095
Poisson likelihood: 0.0
CE loss: 0.0
Experiment 24885
Epoch 0299 [Test seq (cond on sampled tp)] | Loss 4727.238281 | Likelihood -4729.207031 | KL fp 5.1489 | FP STD 0.0102|
KL coef: 0.9452264059554917
Train loss (one batch): 3339.703857421875
Train CE loss (one batch): 0.0
Test MSE: 0.0095
Poisson likelihood: 0.0
CE loss: 0.0
Experiment 24885
Epoch 0300 [Test seq (cond on sampled tp)] | Loss 4706.088867 | Likelihood -4705.336426 | KL fp 5.2193 | FP STD 0.0098|
KL coef: 0.9457741418959368
Train loss (one batch): 3307.238525390625
Train CE loss (one batch): 0.0
Test MSE: 0.0094
Poisson likelihood: 0.0
CE loss: 0.0
