/Users/deyiliu/Dropbox/UNC/G4/Spring/790/code/latent_ode-master/run_models.py
run_models.py --niters 100 -n 1000 -l 15 --dataset hopper --latent-ode --z0-encoder rnn -r 1991 -s 0.5
Experiment 47677
Epoch 0001 [Test seq (cond on sampled tp)] | Loss 44005.789062 | Likelihood -44031.199219 | KL fp 3.3858 | FP STD 0.1091|
KL coef: 0.0
Train loss (one batch): 42956.234375
Train CE loss (one batch): 0.0
Test MSE: 0.0881
Poisson likelihood: 0.0
CE loss: 0.0
Experiment 47677
Epoch 0002 [Test seq (cond on sampled tp)] | Loss 30121.015625 | Likelihood -30207.828125 | KL fp 3.6456 | FP STD 0.0633|
KL coef: 0.0
Train loss (one batch): 29969.79296875
Train CE loss (one batch): 0.0
Test MSE: 0.0604
Poisson likelihood: 0.0
CE loss: 0.0
Experiment 47677
Epoch 0003 [Test seq (cond on sampled tp)] | Loss 28811.732422 | Likelihood -28947.429688 | KL fp 3.6766 | FP STD 0.0553|
KL coef: 0.0
Train loss (one batch): 28432.234375
Train CE loss (one batch): 0.0
Test MSE: 0.0579
Poisson likelihood: 0.0
CE loss: 0.0
Experiment 47677
Epoch 0004 [Test seq (cond on sampled tp)] | Loss 28228.476562 | Likelihood -28360.578125 | KL fp 3.7598 | FP STD 0.0501|
KL coef: 0.0
Train loss (one batch): 28104.875
Train CE loss (one batch): 0.0
Test MSE: 0.0567
Poisson likelihood: 0.0
CE loss: 0.0
Experiment 47677
Epoch 0005 [Test seq (cond on sampled tp)] | Loss 28163.345703 | Likelihood -28276.021484 | KL fp 3.6489 | FP STD 0.0491|
KL coef: 0.0
Train loss (one batch): 27758.759765625
Train CE loss (one batch): 0.0
Test MSE: 0.0566
Poisson likelihood: 0.0
CE loss: 0.0
Experiment 47677
Epoch 0006 [Test seq (cond on sampled tp)] | Loss 28449.324219 | Likelihood -28562.531250 | KL fp 3.6280 | FP STD 0.0575|
KL coef: 0.0
Train loss (one batch): 27405.587890625
Train CE loss (one batch): 0.0
Test MSE: 0.0571
Poisson likelihood: 0.0
CE loss: 0.0
Experiment 47677
Epoch 0007 [Test seq (cond on sampled tp)] | Loss 28089.619141 | Likelihood -28170.052734 | KL fp 3.8706 | FP STD 0.0459|
KL coef: 0.0
Train loss (one batch): 27562.919921875
Train CE loss (one batch): 0.0
Test MSE: 0.0564
Poisson likelihood: 0.0
CE loss: 0.0
Experiment 47677
Epoch 0008 [Test seq (cond on sampled tp)] | Loss 27987.421875 | Likelihood -28042.556641 | KL fp 3.7583 | FP STD 0.0438|
KL coef: 0.0
Train loss (one batch): 28056.19921875
Train CE loss (one batch): 0.0
Test MSE: 0.0561
Poisson likelihood: 0.0
CE loss: 0.0
Experiment 47677
Epoch 0009 [Test seq (cond on sampled tp)] | Loss 27992.849609 | Likelihood -28131.306641 | KL fp 4.0628 | FP STD 0.0430|
KL coef: 0.0
Train loss (one batch): 27550.474609375
Train CE loss (one batch): 0.0
Test MSE: 0.0563
Poisson likelihood: 0.0
CE loss: 0.0
Experiment 47677
Epoch 0010 [Test seq (cond on sampled tp)] | Loss 27972.839844 | Likelihood -28038.984375 | KL fp 3.7250 | FP STD 0.0521|
KL coef: 0.0
Train loss (one batch): 27262.7421875
Train CE loss (one batch): 0.0
Test MSE: 0.0561
Poisson likelihood: 0.0
CE loss: 0.0
Experiment 47677
Epoch 0011 [Test seq (cond on sampled tp)] | Loss 27759.830078 | Likelihood -27816.638672 | KL fp 4.0699 | FP STD 0.0372|
KL coef: 0.010000000000000009
Train loss (one batch): 27617.84375
Train CE loss (one batch): 0.0
Test MSE: 0.0556
Poisson likelihood: 0.0
CE loss: 0.0
Experiment 47677
Epoch 0012 [Test seq (cond on sampled tp)] | Loss 27653.958984 | Likelihood -27726.244141 | KL fp 4.3578 | FP STD 0.0304|
KL coef: 0.01990000000000003
Train loss (one batch): 27331.890625
Train CE loss (one batch): 0.0
Test MSE: 0.0555
Poisson likelihood: 0.0
CE loss: 0.0
Experiment 47677
Epoch 0013 [Test seq (cond on sampled tp)] | Loss 27386.582031 | Likelihood -27558.603516 | KL fp 3.9159 | FP STD 0.0423|
KL coef: 0.029700999999999977
Train loss (one batch): 27186.03125
Train CE loss (one batch): 0.0
Test MSE: 0.0551
Poisson likelihood: 0.0
CE loss: 0.0
Experiment 47677
Epoch 0014 [Test seq (cond on sampled tp)] | Loss 27209.660156 | Likelihood -27239.671875 | KL fp 3.7989 | FP STD 0.0422|
KL coef: 0.039403990000000055
Train loss (one batch): 26913.126953125
Train CE loss (one batch): 0.0
Test MSE: 0.0545
Poisson likelihood: 0.0
CE loss: 0.0
Experiment 47677
Epoch 0015 [Test seq (cond on sampled tp)] | Loss 26712.429688 | Likelihood -26829.244141 | KL fp 3.8841 | FP STD 0.0442|
KL coef: 0.04900995010000009
Train loss (one batch): 26301.427734375
Train CE loss (one batch): 0.0
Test MSE: 0.0537
Poisson likelihood: 0.0
CE loss: 0.0
Experiment 47677
Epoch 0016 [Test seq (cond on sampled tp)] | Loss 26129.794922 | Likelihood -26230.318359 | KL fp 4.0037 | FP STD 0.0373|
KL coef: 0.058519850599
Train loss (one batch): 25566.9609375
Train CE loss (one batch): 0.0
Test MSE: 0.0525
Poisson likelihood: 0.0
CE loss: 0.0
Experiment 47677
Epoch 0017 [Test seq (cond on sampled tp)] | Loss 25212.445312 | Likelihood -25284.703125 | KL fp 4.0740 | FP STD 0.0372|
KL coef: 0.06793465209301008
Train loss (one batch): 24828.39453125
Train CE loss (one batch): 0.0
Test MSE: 0.0506
Poisson likelihood: 0.0
CE loss: 0.0
Experiment 47677
Epoch 0018 [Test seq (cond on sampled tp)] | Loss 24175.925781 | Likelihood -24281.724609 | KL fp 3.9001 | FP STD 0.0398|
KL coef: 0.07725530557207994
Train loss (one batch): 23563.875
Train CE loss (one batch): 0.0
Test MSE: 0.0486
Poisson likelihood: 0.0
CE loss: 0.0
Experiment 47677
Epoch 0019 [Test seq (cond on sampled tp)] | Loss 23085.539062 | Likelihood -23139.876953 | KL fp 3.8319 | FP STD 0.0401|
KL coef: 0.08648275251635917
Train loss (one batch): 22938.84375
Train CE loss (one batch): 0.0
Test MSE: 0.0463
Poisson likelihood: 0.0
CE loss: 0.0
Experiment 47677
Epoch 0020 [Test seq (cond on sampled tp)] | Loss 22043.144531 | Likelihood -22127.501953 | KL fp 4.1195 | FP STD 0.0316|
KL coef: 0.09561792499119559
Train loss (one batch): 21955.013671875
Train CE loss (one batch): 0.0
Test MSE: 0.0443
Poisson likelihood: 0.0
CE loss: 0.0
Experiment 47677
Epoch 0021 [Test seq (cond on sampled tp)] | Loss 21665.035156 | Likelihood -21676.648438 | KL fp 4.0729 | FP STD 0.0329|
KL coef: 0.10466174574128362
Train loss (one batch): 21398.185546875
Train CE loss (one batch): 0.0
Test MSE: 0.0434
Poisson likelihood: 0.0
CE loss: 0.0
Experiment 47677
Epoch 0022 [Test seq (cond on sampled tp)] | Loss 21241.701172 | Likelihood -21298.453125 | KL fp 4.3739 | FP STD 0.0263|
KL coef: 0.11361512828387077
Train loss (one batch): 21058.84375
Train CE loss (one batch): 0.0
Test MSE: 0.0426
Poisson likelihood: 0.0
CE loss: 0.0
Experiment 47677
Epoch 0023 [Test seq (cond on sampled tp)] | Loss 20983.097656 | Likelihood -21018.640625 | KL fp 4.4370 | FP STD 0.0289|
KL coef: 0.12247897700103216
Train loss (one batch): 20665.728515625
Train CE loss (one batch): 0.0
Test MSE: 0.0420
Poisson likelihood: 0.0
CE loss: 0.0
Experiment 47677
Epoch 0024 [Test seq (cond on sampled tp)] | Loss 20891.808594 | Likelihood -20930.369141 | KL fp 4.2054 | FP STD 0.0330|
KL coef: 0.13125418723102178
Train loss (one batch): 20476.00390625
Train CE loss (one batch): 0.0
Test MSE: 0.0419
Poisson likelihood: 0.0
CE loss: 0.0
Experiment 47677
Epoch 0025 [Test seq (cond on sampled tp)] | Loss 20683.232422 | Likelihood -20731.990234 | KL fp 4.0555 | FP STD 0.0356|
KL coef: 0.13994164535871156
Train loss (one batch): 20515.111328125
Train CE loss (one batch): 0.0
Test MSE: 0.0415
Poisson likelihood: 0.0
CE loss: 0.0
Experiment 47677
Epoch 0026 [Test seq (cond on sampled tp)] | Loss 20535.068359 | Likelihood -20612.406250 | KL fp 4.1321 | FP STD 0.0323|
KL coef: 0.14854222890512447
Train loss (one batch): 20211.310546875
Train CE loss (one batch): 0.0
Test MSE: 0.0412
Poisson likelihood: 0.0
CE loss: 0.0
Experiment 47677
Epoch 0027 [Test seq (cond on sampled tp)] | Loss 20444.865234 | Likelihood -20458.673828 | KL fp 4.5180 | FP STD 0.0230|
KL coef: 0.15705680661607324
Train loss (one batch): 20107.53515625
Train CE loss (one batch): 0.0
Test MSE: 0.0409
Poisson likelihood: 0.0
CE loss: 0.0
Experiment 47677
Epoch 0028 [Test seq (cond on sampled tp)] | Loss 20390.761719 | Likelihood -20400.505859 | KL fp 4.3072 | FP STD 0.0268|
KL coef: 0.1654862385499125
Train loss (one batch): 20008.927734375
Train CE loss (one batch): 0.0
Test MSE: 0.0408
Poisson likelihood: 0.0
CE loss: 0.0
Experiment 47677
Epoch 0029 [Test seq (cond on sampled tp)] | Loss 20179.587891 | Likelihood -20229.060547 | KL fp 4.2643 | FP STD 0.0273|
KL coef: 0.17383137616441335
Train loss (one batch): 19478.048828125
Train CE loss (one batch): 0.0
Test MSE: 0.0405
Poisson likelihood: 0.0
CE loss: 0.0
Experiment 47677
Epoch 0030 [Test seq (cond on sampled tp)] | Loss 20115.617188 | Likelihood -20152.203125 | KL fp 4.4078 | FP STD 0.0233|
KL coef: 0.18209306240276923
Train loss (one batch): 19400.234375
Train CE loss (one batch): 0.0
Test MSE: 0.0403
Poisson likelihood: 0.0
CE loss: 0.0
Experiment 47677
Epoch 0031 [Test seq (cond on sampled tp)] | Loss 20064.685547 | Likelihood -20103.333984 | KL fp 4.4560 | FP STD 0.0293|
KL coef: 0.19027213177874158
Train loss (one batch): 19445.341796875
Train CE loss (one batch): 0.0
Test MSE: 0.0402
Poisson likelihood: 0.0
CE loss: 0.0
Experiment 47677
Epoch 0032 [Test seq (cond on sampled tp)] | Loss 19973.318359 | Likelihood -20009.373047 | KL fp 4.7026 | FP STD 0.0239|
KL coef: 0.19836941046095413
Train loss (one batch): 19306.013671875
Train CE loss (one batch): 0.0
Test MSE: 0.0400
Poisson likelihood: 0.0
CE loss: 0.0
Experiment 47677
Epoch 0033 [Test seq (cond on sampled tp)] | Loss 19899.556641 | Likelihood -19912.720703 | KL fp 4.4570 | FP STD 0.0270|
KL coef: 0.20638571635634462
Train loss (one batch): 18970.21484375
Train CE loss (one batch): 0.0
Test MSE: 0.0398
Poisson likelihood: 0.0
CE loss: 0.0
Experiment 47677
Epoch 0034 [Test seq (cond on sampled tp)] | Loss 19758.474609 | Likelihood -19790.177734 | KL fp 4.5602 | FP STD 0.0225|
KL coef: 0.21432185919278124
Train loss (one batch): 18985.96875
Train CE loss (one batch): 0.0
Test MSE: 0.0396
Poisson likelihood: 0.0
CE loss: 0.0
Experiment 47677
Epoch 0035 [Test seq (cond on sampled tp)] | Loss 19556.066406 | Likelihood -19585.929688 | KL fp 4.2674 | FP STD 0.0256|
KL coef: 0.22217864060085335
Train loss (one batch): 18779.275390625
Train CE loss (one batch): 0.0
Test MSE: 0.0392
Poisson likelihood: 0.0
CE loss: 0.0
Experiment 47677
Epoch 0036 [Test seq (cond on sampled tp)] | Loss 19467.400391 | Likelihood -19477.476562 | KL fp 4.4174 | FP STD 0.0287|
KL coef: 0.2299568541948449
Train loss (one batch): 18667.806640625
Train CE loss (one batch): 0.0
Test MSE: 0.0390
Poisson likelihood: 0.0
CE loss: 0.0
Experiment 47677
Epoch 0037 [Test seq (cond on sampled tp)] | Loss 19377.187500 | Likelihood -19402.921875 | KL fp 4.5938 | FP STD 0.0273|
KL coef: 0.23765728565289646
Train loss (one batch): 18613.01953125
Train CE loss (one batch): 0.0
Test MSE: 0.0388
Poisson likelihood: 0.0
CE loss: 0.0
Experiment 47677
Epoch 0038 [Test seq (cond on sampled tp)] | Loss 19256.148438 | Likelihood -19273.015625 | KL fp 4.4708 | FP STD 0.0227|
KL coef: 0.24528071279636743
Train loss (one batch): 18248.248046875
Train CE loss (one batch): 0.0
Test MSE: 0.0386
Poisson likelihood: 0.0
CE loss: 0.0
Experiment 47677
Epoch 0039 [Test seq (cond on sampled tp)] | Loss 19046.654297 | Likelihood -19065.380859 | KL fp 4.4114 | FP STD 0.0253|
KL coef: 0.25282790566840385
Train loss (one batch): 18116.2578125
Train CE loss (one batch): 0.0
Test MSE: 0.0381
Poisson likelihood: 0.0
CE loss: 0.0
Experiment 47677
Epoch 0040 [Test seq (cond on sampled tp)] | Loss 18775.130859 | Likelihood -18821.751953 | KL fp 4.5426 | FP STD 0.0228|
KL coef: 0.2602996266117198
Train loss (one batch): 17726.599609375
Train CE loss (one batch): 0.0
Test MSE: 0.0377
Poisson likelihood: 0.0
CE loss: 0.0
Experiment 47677
Epoch 0041 [Test seq (cond on sampled tp)] | Loss 18516.128906 | Likelihood -18516.060547 | KL fp 4.5841 | FP STD 0.0203|
KL coef: 0.26769663034560254
Train loss (one batch): 17533.025390625
Train CE loss (one batch): 0.0
Test MSE: 0.0370
Poisson likelihood: 0.0
CE loss: 0.0
Experiment 47677
Epoch 0042 [Test seq (cond on sampled tp)] | Loss 18312.384766 | Likelihood -18351.652344 | KL fp 4.0539 | FP STD 0.0330|
KL coef: 0.2750196640421466
Train loss (one batch): 17204.32421875
Train CE loss (one batch): 0.0
Test MSE: 0.0367
Poisson likelihood: 0.0
CE loss: 0.0
Experiment 47677
Epoch 0043 [Test seq (cond on sampled tp)] | Loss 18020.160156 | Likelihood -18083.291016 | KL fp 4.1505 | FP STD 0.0346|
KL coef: 0.2822694674017251
Train loss (one batch): 16995.328125
Train CE loss (one batch): 0.0
Test MSE: 0.0362
Poisson likelihood: 0.0
CE loss: 0.0
Experiment 47677
Epoch 0044 [Test seq (cond on sampled tp)] | Loss 17746.755859 | Likelihood -17786.783203 | KL fp 4.2689 | FP STD 0.0277|
KL coef: 0.2894467727277079
Train loss (one batch): 16586.701171875
Train CE loss (one batch): 0.0
Test MSE: 0.0356
Poisson likelihood: 0.0
CE loss: 0.0
Experiment 47677
Epoch 0045 [Test seq (cond on sampled tp)] | Loss 17316.560547 | Likelihood -17333.751953 | KL fp 4.4237 | FP STD 0.0245|
KL coef: 0.29655230500043084
Train loss (one batch): 16340.6220703125
Train CE loss (one batch): 0.0
Test MSE: 0.0347
Poisson likelihood: 0.0
CE loss: 0.0
Experiment 47677
Epoch 0046 [Test seq (cond on sampled tp)] | Loss 17098.615234 | Likelihood -17160.796875 | KL fp 4.2622 | FP STD 0.0288|
KL coef: 0.30358678195042654
Train loss (one batch): 15880.505859375
Train CE loss (one batch): 0.0
Test MSE: 0.0343
Poisson likelihood: 0.0
CE loss: 0.0
Experiment 47677
Epoch 0047 [Test seq (cond on sampled tp)] | Loss 16829.269531 | Likelihood -16837.900391 | KL fp 4.5332 | FP STD 0.0213|
KL coef: 0.3105509141309223
Train loss (one batch): 15894.3544921875
Train CE loss (one batch): 0.0
Test MSE: 0.0337
Poisson likelihood: 0.0
CE loss: 0.0
Experiment 47677
Epoch 0048 [Test seq (cond on sampled tp)] | Loss 16596.455078 | Likelihood -16598.640625 | KL fp 4.1843 | FP STD 0.0289|
KL coef: 0.31744540498961304
Train loss (one batch): 15609.201171875
Train CE loss (one batch): 0.0
Test MSE: 0.0332
Poisson likelihood: 0.0
CE loss: 0.0
Experiment 47677
Epoch 0049 [Test seq (cond on sampled tp)] | Loss 16468.628906 | Likelihood -16492.302734 | KL fp 4.0138 | FP STD 0.0358|
KL coef: 0.3242709509397169
Train loss (one batch): 15458.8203125
Train CE loss (one batch): 0.0
Test MSE: 0.0330
Poisson likelihood: 0.0
CE loss: 0.0
Experiment 47677
Epoch 0050 [Test seq (cond on sampled tp)] | Loss 16149.869141 | Likelihood -16160.387695 | KL fp 4.3133 | FP STD 0.0258|
KL coef: 0.3310282414303197
Train loss (one batch): 15221.828125
Train CE loss (one batch): 0.0
Test MSE: 0.0323
Poisson likelihood: 0.0
CE loss: 0.0
Experiment 47677
Epoch 0051 [Test seq (cond on sampled tp)] | Loss 15936.036133 | Likelihood -15961.040039 | KL fp 4.4043 | FP STD 0.0268|
KL coef: 0.33771795901601653
Train loss (one batch): 15077.470703125
Train CE loss (one batch): 0.0
Test MSE: 0.0319
Poisson likelihood: 0.0
CE loss: 0.0
Experiment 47677
Epoch 0052 [Test seq (cond on sampled tp)] | Loss 15695.499023 | Likelihood -15712.833008 | KL fp 4.2595 | FP STD 0.0283|
KL coef: 0.3443407794258564
Train loss (one batch): 14867.6357421875
Train CE loss (one batch): 0.0
Test MSE: 0.0314
Poisson likelihood: 0.0
CE loss: 0.0
Experiment 47677
Epoch 0053 [Test seq (cond on sampled tp)] | Loss 15459.384766 | Likelihood -15498.781250 | KL fp 4.3951 | FP STD 0.0255|
KL coef: 0.35089737163159784
Train loss (one batch): 14505.96875
Train CE loss (one batch): 0.0
Test MSE: 0.0310
Poisson likelihood: 0.0
CE loss: 0.0
Experiment 47677
Epoch 0054 [Test seq (cond on sampled tp)] | Loss 15181.238281 | Likelihood -15201.671875 | KL fp 4.3924 | FP STD 0.0245|
KL coef: 0.3573883979152819
Train loss (one batch): 14270.0224609375
Train CE loss (one batch): 0.0
Test MSE: 0.0304
Poisson likelihood: 0.0
CE loss: 0.0
Experiment 47677
Epoch 0055 [Test seq (cond on sampled tp)] | Loss 15031.563477 | Likelihood -15050.729492 | KL fp 4.3531 | FP STD 0.0257|
KL coef: 0.36381451393612907
Train loss (one batch): 14250.3564453125
Train CE loss (one batch): 0.0
Test MSE: 0.0301
Poisson likelihood: 0.0
CE loss: 0.0
Experiment 47677
Epoch 0056 [Test seq (cond on sampled tp)] | Loss 14864.542969 | Likelihood -14869.929688 | KL fp 4.3944 | FP STD 0.0241|
KL coef: 0.37017636879676774
Train loss (one batch): 14011.5380859375
Train CE loss (one batch): 0.0
Test MSE: 0.0298
Poisson likelihood: 0.0
CE loss: 0.0
Experiment 47677
Epoch 0057 [Test seq (cond on sampled tp)] | Loss 14707.019531 | Likelihood -14712.116211 | KL fp 4.3148 | FP STD 0.0266|
KL coef: 0.37647460510880004
Train loss (one batch): 13862.1171875
Train CE loss (one batch): 0.0
Test MSE: 0.0294
Poisson likelihood: 0.0
CE loss: 0.0
Experiment 47677
Epoch 0058 [Test seq (cond on sampled tp)] | Loss 14606.864258 | Likelihood -14617.296875 | KL fp 4.3566 | FP STD 0.0239|
KL coef: 0.38270985905771204
Train loss (one batch): 13848.8349609375
Train CE loss (one batch): 0.0
Test MSE: 0.0292
Poisson likelihood: 0.0
CE loss: 0.0
Experiment 47677
Epoch 0059 [Test seq (cond on sampled tp)] | Loss 14434.141602 | Likelihood -14438.691406 | KL fp 4.6724 | FP STD 0.0181|
KL coef: 0.388882760467135
Train loss (one batch): 13604.4521484375
Train CE loss (one batch): 0.0
Test MSE: 0.0289
Poisson likelihood: 0.0
CE loss: 0.0
Experiment 47677
Epoch 0060 [Test seq (cond on sampled tp)] | Loss 14348.684570 | Likelihood -14380.675781 | KL fp 4.5254 | FP STD 0.0203|
KL coef: 0.39499393286246365
Train loss (one batch): 13580.599609375
Train CE loss (one batch): 0.0
Test MSE: 0.0288
Poisson likelihood: 0.0
CE loss: 0.0
Experiment 47677
Epoch 0061 [Test seq (cond on sampled tp)] | Loss 14236.691406 | Likelihood -14245.842773 | KL fp 4.5054 | FP STD 0.0217|
KL coef: 0.401043993533839
Train loss (one batch): 13571.51953125
Train CE loss (one batch): 0.0
Test MSE: 0.0285
Poisson likelihood: 0.0
CE loss: 0.0
Experiment 47677
Epoch 0062 [Test seq (cond on sampled tp)] | Loss 14208.166016 | Likelihood -14215.250000 | KL fp 4.5048 | FP STD 0.0215|
KL coef: 0.4070335535985006
Train loss (one batch): 13518.6484375
Train CE loss (one batch): 0.0
Test MSE: 0.0284
Poisson likelihood: 0.0
CE loss: 0.0
Experiment 47677
Epoch 0063 [Test seq (cond on sampled tp)] | Loss 14163.741211 | Likelihood -14203.754883 | KL fp 4.3603 | FP STD 0.0259|
KL coef: 0.41296321806251557
Train loss (one batch): 13429.970703125
Train CE loss (one batch): 0.0
Test MSE: 0.0284
Poisson likelihood: 0.0
CE loss: 0.0
Experiment 47677
Epoch 0064 [Test seq (cond on sampled tp)] | Loss 14037.174805 | Likelihood -14061.653320 | KL fp 4.6711 | FP STD 0.0185|
KL coef: 0.41883358588189046
Train loss (one batch): 13388.421875
Train CE loss (one batch): 0.0
Test MSE: 0.0281
Poisson likelihood: 0.0
CE loss: 0.0
Experiment 47677
Epoch 0065 [Test seq (cond on sampled tp)] | Loss 13988.681641 | Likelihood -14000.079102 | KL fp 4.6482 | FP STD 0.0179|
KL coef: 0.4246452500230715
Train loss (one batch): 13407.8173828125
Train CE loss (one batch): 0.0
Test MSE: 0.0280
Poisson likelihood: 0.0
CE loss: 0.0
Experiment 47677
Epoch 0066 [Test seq (cond on sampled tp)] | Loss 13904.741211 | Likelihood -13931.221680 | KL fp 4.7223 | FP STD 0.0183|
KL coef: 0.4303987975228408
Train loss (one batch): 13144.357421875
Train CE loss (one batch): 0.0
Test MSE: 0.0279
Poisson likelihood: 0.0
CE loss: 0.0
Experiment 47677
Epoch 0067 [Test seq (cond on sampled tp)] | Loss 13882.613281 | Likelihood -13890.747070 | KL fp 4.7431 | FP STD 0.0164|
KL coef: 0.4360948095476125
Train loss (one batch): 13201.09765625
Train CE loss (one batch): 0.0
Test MSE: 0.0278
Poisson likelihood: 0.0
CE loss: 0.0
Experiment 47677
Epoch 0068 [Test seq (cond on sampled tp)] | Loss 13796.932617 | Likelihood -13814.690430 | KL fp 4.7159 | FP STD 0.0173|
KL coef: 0.44173386145213633
Train loss (one batch): 13103.884765625
Train CE loss (one batch): 0.0
Test MSE: 0.0276
Poisson likelihood: 0.0
CE loss: 0.0
Experiment 47677
Epoch 0069 [Test seq (cond on sampled tp)] | Loss 13750.039062 | Likelihood -13789.113281 | KL fp 4.7950 | FP STD 0.0175|
KL coef: 0.4473165228376149
Train loss (one batch): 13021.4765625
Train CE loss (one batch): 0.0
Test MSE: 0.0276
Poisson likelihood: 0.0
CE loss: 0.0
Experiment 47677
Epoch 0070 [Test seq (cond on sampled tp)] | Loss 13745.772461 | Likelihood -13749.348633 | KL fp 4.6991 | FP STD 0.0174|
KL coef: 0.4528433576092388
Train loss (one batch): 13031.220703125
Train CE loss (one batch): 0.0
Test MSE: 0.0275
Poisson likelihood: 0.0
CE loss: 0.0
Experiment 47677
Epoch 0071 [Test seq (cond on sampled tp)] | Loss 13667.372070 | Likelihood -13688.805664 | KL fp 4.5294 | FP STD 0.0216|
KL coef: 0.45831492403314644
Train loss (one batch): 12926.2744140625
Train CE loss (one batch): 0.0
Test MSE: 0.0274
Poisson likelihood: 0.0
CE loss: 0.0
Experiment 47677
Epoch 0072 [Test seq (cond on sampled tp)] | Loss 13577.331055 | Likelihood -13589.817383 | KL fp 4.6907 | FP STD 0.0174|
KL coef: 0.463731774792815
Train loss (one batch): 12925.990234375
Train CE loss (one batch): 0.0
Test MSE: 0.0272
Poisson likelihood: 0.0
CE loss: 0.0
Experiment 47677
Epoch 0073 [Test seq (cond on sampled tp)] | Loss 13505.038086 | Likelihood -13535.256836 | KL fp 4.6655 | FP STD 0.0189|
KL coef: 0.46909445704488684
Train loss (one batch): 12850.3291015625
Train CE loss (one batch): 0.0
Test MSE: 0.0271
Poisson likelihood: 0.0
CE loss: 0.0
Experiment 47677
Epoch 0074 [Test seq (cond on sampled tp)] | Loss 13445.233398 | Likelihood -13445.542969 | KL fp 4.6652 | FP STD 0.0177|
KL coef: 0.474403512474438
Train loss (one batch): 12804.796875
Train CE loss (one batch): 0.0
Test MSE: 0.0269
Poisson likelihood: 0.0
CE loss: 0.0
Experiment 47677
Epoch 0075 [Test seq (cond on sampled tp)] | Loss 13396.929688 | Likelihood -13415.075195 | KL fp 4.9890 | FP STD 0.0140|
KL coef: 0.4796594773496936
Train loss (one batch): 12721.755859375
Train CE loss (one batch): 0.0
Test MSE: 0.0268
Poisson likelihood: 0.0
CE loss: 0.0
Experiment 47677
Epoch 0076 [Test seq (cond on sampled tp)] | Loss 13342.187500 | Likelihood -13362.273438 | KL fp 4.7702 | FP STD 0.0174|
KL coef: 0.4848628825761967
Train loss (one batch): 12642.275390625
Train CE loss (one batch): 0.0
Test MSE: 0.0267
Poisson likelihood: 0.0
CE loss: 0.0
Experiment 47677
Epoch 0077 [Test seq (cond on sampled tp)] | Loss 13320.621094 | Likelihood -13326.129883 | KL fp 4.7231 | FP STD 0.0172|
KL coef: 0.4900142537504347
Train loss (one batch): 12619.5458984375
Train CE loss (one batch): 0.0
Test MSE: 0.0267
Poisson likelihood: 0.0
CE loss: 0.0
Experiment 47677
Epoch 0078 [Test seq (cond on sampled tp)] | Loss 13267.619141 | Likelihood -13276.191406 | KL fp 4.8721 | FP STD 0.0156|
KL coef: 0.49511411121293036
Train loss (one batch): 12558.3017578125
Train CE loss (one batch): 0.0
Test MSE: 0.0266
Poisson likelihood: 0.0
CE loss: 0.0
Experiment 47677
Epoch 0079 [Test seq (cond on sampled tp)] | Loss 13172.482422 | Likelihood -13173.390625 | KL fp 4.7076 | FP STD 0.0169|
KL coef: 0.500162970100801
Train loss (one batch): 12415.1640625
Train CE loss (one batch): 0.0
Test MSE: 0.0264
Poisson likelihood: 0.0
CE loss: 0.0
Experiment 47677
Epoch 0080 [Test seq (cond on sampled tp)] | Loss 13083.149414 | Likelihood -13087.610352 | KL fp 4.9985 | FP STD 0.0133|
KL coef: 0.505161340399793
Train loss (one batch): 12418.73046875
Train CE loss (one batch): 0.0
Test MSE: 0.0262
Poisson likelihood: 0.0
CE loss: 0.0
Experiment 47677
Epoch 0081 [Test seq (cond on sampled tp)] | Loss 13001.318359 | Likelihood -13013.963867 | KL fp 4.5790 | FP STD 0.0192|
KL coef: 0.510109726995795
Train loss (one batch): 12323.0166015625
Train CE loss (one batch): 0.0
Test MSE: 0.0260
Poisson likelihood: 0.0
CE loss: 0.0
Experiment 47677
Epoch 0082 [Test seq (cond on sampled tp)] | Loss 12931.059570 | Likelihood -12942.360352 | KL fp 4.6596 | FP STD 0.0194|
KL coef: 0.5150086297258372
Train loss (one batch): 12204.98828125
Train CE loss (one batch): 0.0
Test MSE: 0.0259
Poisson likelihood: 0.0
CE loss: 0.0
Experiment 47677
Epoch 0083 [Test seq (cond on sampled tp)] | Loss 12847.125977 | Likelihood -12870.453125 | KL fp 4.9588 | FP STD 0.0140|
KL coef: 0.5198585434285787
Train loss (one batch): 12138.1875
Train CE loss (one batch): 0.0
Test MSE: 0.0258
Poisson likelihood: 0.0
CE loss: 0.0
Experiment 47677
Epoch 0084 [Test seq (cond on sampled tp)] | Loss 12808.163086 | Likelihood -12822.132812 | KL fp 4.6500 | FP STD 0.0175|
KL coef: 0.524659957994293
Train loss (one batch): 12034.4091796875
Train CE loss (one batch): 0.0
Test MSE: 0.0257
Poisson likelihood: 0.0
CE loss: 0.0
Experiment 47677
Epoch 0085 [Test seq (cond on sampled tp)] | Loss 12702.433594 | Likelihood -12730.690430 | KL fp 4.6135 | FP STD 0.0183|
KL coef: 0.5294133584143501
Train loss (one batch): 11953.359375
Train CE loss (one batch): 0.0
Test MSE: 0.0255
Poisson likelihood: 0.0
CE loss: 0.0
Experiment 47677
Epoch 0086 [Test seq (cond on sampled tp)] | Loss 12663.867188 | Likelihood -12665.758789 | KL fp 4.7152 | FP STD 0.0177|
KL coef: 0.5341192248302067
Train loss (one batch): 11881.5947265625
Train CE loss (one batch): 0.0
Test MSE: 0.0253
Poisson likelihood: 0.0
CE loss: 0.0
Experiment 47677
Epoch 0087 [Test seq (cond on sampled tp)] | Loss 12587.704102 | Likelihood -12594.097656 | KL fp 4.6826 | FP STD 0.0187|
KL coef: 0.5387780325819045
Train loss (one batch): 11776.1328125
Train CE loss (one batch): 0.0
Test MSE: 0.0252
Poisson likelihood: 0.0
CE loss: 0.0
Experiment 47677
Epoch 0088 [Test seq (cond on sampled tp)] | Loss 12494.004883 | Likelihood -12513.043945 | KL fp 4.7708 | FP STD 0.0166|
KL coef: 0.5433902522560855
Train loss (one batch): 11698.5869140625
Train CE loss (one batch): 0.0
Test MSE: 0.0250
Poisson likelihood: 0.0
CE loss: 0.0
Experiment 47677
Epoch 0089 [Test seq (cond on sampled tp)] | Loss 12407.450195 | Likelihood -12409.536133 | KL fp 4.7810 | FP STD 0.0166|
KL coef: 0.5479563497335247
Train loss (one batch): 11576.087890625
Train CE loss (one batch): 0.0
Test MSE: 0.0248
Poisson likelihood: 0.0
CE loss: 0.0
Experiment 47677
Epoch 0090 [Test seq (cond on sampled tp)] | Loss 12342.651367 | Likelihood -12348.989258 | KL fp 4.8170 | FP STD 0.0162|
KL coef: 0.5524767862361895
Train loss (one batch): 11512.3115234375
Train CE loss (one batch): 0.0
Test MSE: 0.0247
Poisson likelihood: 0.0
CE loss: 0.0
Experiment 47677
Epoch 0091 [Test seq (cond on sampled tp)] | Loss 12255.125000 | Likelihood -12264.657227 | KL fp 4.8588 | FP STD 0.0152|
KL coef: 0.5569520183738275
Train loss (one batch): 11365.6669921875
Train CE loss (one batch): 0.0
Test MSE: 0.0245
Poisson likelihood: 0.0
CE loss: 0.0
Experiment 47677
Epoch 0092 [Test seq (cond on sampled tp)] | Loss 12211.674805 | Likelihood -12214.883789 | KL fp 4.6935 | FP STD 0.0175|
KL coef: 0.5613824981900892
Train loss (one batch): 11276.7255859375
Train CE loss (one batch): 0.0
Test MSE: 0.0244
Poisson likelihood: 0.0
CE loss: 0.0
Experiment 47677
Epoch 0093 [Test seq (cond on sampled tp)] | Loss 12123.763672 | Likelihood -12130.172852 | KL fp 4.7209 | FP STD 0.0174|
KL coef: 0.5657686732081884
Train loss (one batch): 11205.560546875
Train CE loss (one batch): 0.0
Test MSE: 0.0243
Poisson likelihood: 0.0
CE loss: 0.0
Experiment 47677
Epoch 0094 [Test seq (cond on sampled tp)] | Loss 12036.592773 | Likelihood -12049.502930 | KL fp 4.8072 | FP STD 0.0158|
KL coef: 0.5701109864761065
Train loss (one batch): 11105.1171875
Train CE loss (one batch): 0.0
Test MSE: 0.0241
Poisson likelihood: 0.0
CE loss: 0.0
Experiment 47677
Epoch 0095 [Test seq (cond on sampled tp)] | Loss 11939.920898 | Likelihood -11950.210938 | KL fp 4.8503 | FP STD 0.0155|
KL coef: 0.5744098766113455
Train loss (one batch): 10974.2646484375
Train CE loss (one batch): 0.0
Test MSE: 0.0239
Poisson likelihood: 0.0
CE loss: 0.0
Experiment 47677
Epoch 0096 [Test seq (cond on sampled tp)] | Loss 11882.038086 | Likelihood -11896.147461 | KL fp 4.7859 | FP STD 0.0168|
KL coef: 0.578665777845232
Train loss (one batch): 10979.591796875
Train CE loss (one batch): 0.0
Test MSE: 0.0238
Poisson likelihood: 0.0
CE loss: 0.0
Experiment 47677
Epoch 0097 [Test seq (cond on sampled tp)] | Loss 11805.054688 | Likelihood -11812.187500 | KL fp 4.8398 | FP STD 0.0156|
KL coef: 0.5828791200667797
Train loss (one batch): 10864.5849609375
Train CE loss (one batch): 0.0
Test MSE: 0.0236
Poisson likelihood: 0.0
CE loss: 0.0
Experiment 47677
Epoch 0098 [Test seq (cond on sampled tp)] | Loss 11751.649414 | Likelihood -11758.543945 | KL fp 4.7539 | FP STD 0.0168|
KL coef: 0.5870503288661119
Train loss (one batch): 10774.0712890625
Train CE loss (one batch): 0.0
Test MSE: 0.0235
Poisson likelihood: 0.0
CE loss: 0.0
Experiment 47677
Epoch 0099 [Test seq (cond on sampled tp)] | Loss 11723.174805 | Likelihood -11727.653320 | KL fp 4.7814 | FP STD 0.0160|
KL coef: 0.5911798255774507
Train loss (one batch): 10751.427734375
Train CE loss (one batch): 0.0
Test MSE: 0.0235
Poisson likelihood: 0.0
CE loss: 0.0
Experiment 47677
Epoch 0100 [Test seq (cond on sampled tp)] | Loss 11671.581055 | Likelihood -11685.539062 | KL fp 4.8461 | FP STD 0.0151|
KL coef: 0.5952680273216762
Train loss (one batch): 10694.466796875
Train CE loss (one batch): 0.0
Test MSE: 0.0234
Poisson likelihood: 0.0
CE loss: 0.0
