/Users/deyiliu/Dropbox/UNC/G4/Spring/790/code/latent_ode-master/run_models.py
run_models.py --niters 300 -n 1000 -l 15 --dataset hopper --latent-ode --z0-encoder rnn -r 1900 -s 0.3
Experiment 87804
Epoch 0001 [Test seq (cond on sampled tp)] | Loss 54081.386719 | Likelihood -54554.511719 | KL fp 3.1952 | FP STD 0.1141|
KL coef: 0.0
Train loss (one batch): 61663.734375
Train CE loss (one batch): 0.0
Test MSE: 0.1091
Poisson likelihood: 0.0
CE loss: 0.0
Experiment 87804
Epoch 0002 [Test seq (cond on sampled tp)] | Loss 30542.988281 | Likelihood -30732.875000 | KL fp 3.8261 | FP STD 0.0628|
KL coef: 0.0
Train loss (one batch): 29482.939453125
Train CE loss (one batch): 0.0
Test MSE: 0.0615
Poisson likelihood: 0.0
CE loss: 0.0
Experiment 87804
Epoch 0003 [Test seq (cond on sampled tp)] | Loss 28521.175781 | Likelihood -28715.083984 | KL fp 3.4862 | FP STD 0.0638|
KL coef: 0.0
Train loss (one batch): 28370.162109375
Train CE loss (one batch): 0.0
Test MSE: 0.0574
Poisson likelihood: 0.0
CE loss: 0.0
Experiment 87804
Epoch 0004 [Test seq (cond on sampled tp)] | Loss 28163.890625 | Likelihood -28330.353516 | KL fp 3.7579 | FP STD 0.0493|
KL coef: 0.0
Train loss (one batch): 27488.91796875
Train CE loss (one batch): 0.0
Test MSE: 0.0567
Poisson likelihood: 0.0
CE loss: 0.0
Experiment 87804
Epoch 0005 [Test seq (cond on sampled tp)] | Loss 27914.085938 | Likelihood -28021.716797 | KL fp 3.7897 | FP STD 0.0430|
KL coef: 0.0
Train loss (one batch): 27673.529296875
Train CE loss (one batch): 0.0
Test MSE: 0.0561
Poisson likelihood: 0.0
CE loss: 0.0
Experiment 87804
Epoch 0006 [Test seq (cond on sampled tp)] | Loss 27715.095703 | Likelihood -27879.507812 | KL fp 3.8004 | FP STD 0.0501|
KL coef: 0.0
Train loss (one batch): 27403.609375
Train CE loss (one batch): 0.0
Test MSE: 0.0558
Poisson likelihood: 0.0
CE loss: 0.0
Experiment 87804
Epoch 0007 [Test seq (cond on sampled tp)] | Loss 27881.814453 | Likelihood -27963.099609 | KL fp 3.6930 | FP STD 0.0463|
KL coef: 0.0
Train loss (one batch): 27129.80078125
Train CE loss (one batch): 0.0
Test MSE: 0.0559
Poisson likelihood: 0.0
CE loss: 0.0
Experiment 87804
Epoch 0008 [Test seq (cond on sampled tp)] | Loss 27892.332031 | Likelihood -27978.791016 | KL fp 3.8641 | FP STD 0.0458|
KL coef: 0.0
Train loss (one batch): 27211.591796875
Train CE loss (one batch): 0.0
Test MSE: 0.0560
Poisson likelihood: 0.0
CE loss: 0.0
Experiment 87804
Epoch 0009 [Test seq (cond on sampled tp)] | Loss 27863.742188 | Likelihood -27883.404297 | KL fp 4.1963 | FP STD 0.0370|
KL coef: 0.0
Train loss (one batch): 27422.4921875
Train CE loss (one batch): 0.0
Test MSE: 0.0558
Poisson likelihood: 0.0
CE loss: 0.0
Experiment 87804
Epoch 0010 [Test seq (cond on sampled tp)] | Loss 27605.792969 | Likelihood -27676.781250 | KL fp 3.9272 | FP STD 0.0367|
KL coef: 0.0
Train loss (one batch): 27282.625
Train CE loss (one batch): 0.0
Test MSE: 0.0554
Poisson likelihood: 0.0
CE loss: 0.0
Experiment 87804
Epoch 0011 [Test seq (cond on sampled tp)] | Loss 27652.203125 | Likelihood -27733.509766 | KL fp 3.8881 | FP STD 0.0441|
KL coef: 0.010000000000000009
Train loss (one batch): 26647.20703125
Train CE loss (one batch): 0.0
Test MSE: 0.0555
Poisson likelihood: 0.0
CE loss: 0.0
Experiment 87804
Epoch 0012 [Test seq (cond on sampled tp)] | Loss 27604.880859 | Likelihood -27653.798828 | KL fp 3.8724 | FP STD 0.0426|
KL coef: 0.01990000000000003
Train loss (one batch): 26840.2578125
Train CE loss (one batch): 0.0
Test MSE: 0.0553
Poisson likelihood: 0.0
CE loss: 0.0
Experiment 87804
Epoch 0013 [Test seq (cond on sampled tp)] | Loss 27545.546875 | Likelihood -27580.044922 | KL fp 4.1918 | FP STD 0.0390|
KL coef: 0.029700999999999977
Train loss (one batch): 26875.666015625
Train CE loss (one batch): 0.0
Test MSE: 0.0552
Poisson likelihood: 0.0
CE loss: 0.0
Experiment 87804
Epoch 0014 [Test seq (cond on sampled tp)] | Loss 27378.000000 | Likelihood -27447.921875 | KL fp 3.7781 | FP STD 0.0415|
KL coef: 0.039403990000000055
Train loss (one batch): 26696.880859375
Train CE loss (one batch): 0.0
Test MSE: 0.0549
Poisson likelihood: 0.0
CE loss: 0.0
Experiment 87804
Epoch 0015 [Test seq (cond on sampled tp)] | Loss 27281.220703 | Likelihood -27322.431641 | KL fp 3.5725 | FP STD 0.0495|
KL coef: 0.04900995010000009
Train loss (one batch): 26632.701171875
Train CE loss (one batch): 0.0
Test MSE: 0.0547
Poisson likelihood: 0.0
CE loss: 0.0
Experiment 87804
Epoch 0016 [Test seq (cond on sampled tp)] | Loss 27222.894531 | Likelihood -27334.408203 | KL fp 3.8039 | FP STD 0.0445|
KL coef: 0.058519850599
Train loss (one batch): 26440.96875
Train CE loss (one batch): 0.0
Test MSE: 0.0547
Poisson likelihood: 0.0
CE loss: 0.0
Experiment 87804
Epoch 0017 [Test seq (cond on sampled tp)] | Loss 26869.259766 | Likelihood -26896.796875 | KL fp 4.2596 | FP STD 0.0286|
KL coef: 0.06793465209301008
Train loss (one batch): 26123.17578125
Train CE loss (one batch): 0.0
Test MSE: 0.0538
Poisson likelihood: 0.0
CE loss: 0.0
Experiment 87804
Epoch 0018 [Test seq (cond on sampled tp)] | Loss 26295.060547 | Likelihood -26421.708984 | KL fp 4.0351 | FP STD 0.0361|
KL coef: 0.07725530557207994
Train loss (one batch): 25702.001953125
Train CE loss (one batch): 0.0
Test MSE: 0.0529
Poisson likelihood: 0.0
CE loss: 0.0
Experiment 87804
Epoch 0019 [Test seq (cond on sampled tp)] | Loss 25737.667969 | Likelihood -25797.244141 | KL fp 3.9914 | FP STD 0.0351|
KL coef: 0.08648275251635917
Train loss (one batch): 25133.638671875
Train CE loss (one batch): 0.0
Test MSE: 0.0516
Poisson likelihood: 0.0
CE loss: 0.0
Experiment 87804
Epoch 0020 [Test seq (cond on sampled tp)] | Loss 24626.537109 | Likelihood -24670.703125 | KL fp 4.1100 | FP STD 0.0353|
KL coef: 0.09561792499119559
Train loss (one batch): 23695.732421875
Train CE loss (one batch): 0.0
Test MSE: 0.0494
Poisson likelihood: 0.0
CE loss: 0.0
Experiment 87804
Epoch 0021 [Test seq (cond on sampled tp)] | Loss 23277.234375 | Likelihood -23304.291016 | KL fp 3.7185 | FP STD 0.0452|
KL coef: 0.10466174574128362
Train loss (one batch): 22233.36328125
Train CE loss (one batch): 0.0
Test MSE: 0.0466
Poisson likelihood: 0.0
CE loss: 0.0
Experiment 87804
Epoch 0022 [Test seq (cond on sampled tp)] | Loss 21985.738281 | Likelihood -22027.896484 | KL fp 3.9461 | FP STD 0.0375|
KL coef: 0.11361512828387077
Train loss (one batch): 20708.04296875
Train CE loss (one batch): 0.0
Test MSE: 0.0441
Poisson likelihood: 0.0
CE loss: 0.0
Experiment 87804
Epoch 0023 [Test seq (cond on sampled tp)] | Loss 20667.732422 | Likelihood -20719.904297 | KL fp 4.3209 | FP STD 0.0268|
KL coef: 0.12247897700103216
Train loss (one batch): 19166.24609375
Train CE loss (one batch): 0.0
Test MSE: 0.0415
Poisson likelihood: 0.0
CE loss: 0.0
Experiment 87804
Epoch 0024 [Test seq (cond on sampled tp)] | Loss 19790.937500 | Likelihood -19830.732422 | KL fp 4.0881 | FP STD 0.0341|
KL coef: 0.13125418723102178
Train loss (one batch): 18455.30859375
Train CE loss (one batch): 0.0
Test MSE: 0.0397
Poisson likelihood: 0.0
CE loss: 0.0
Experiment 87804
Epoch 0025 [Test seq (cond on sampled tp)] | Loss 18849.107422 | Likelihood -18886.400391 | KL fp 4.1257 | FP STD 0.0310|
KL coef: 0.13994164535871156
Train loss (one batch): 17672.703125
Train CE loss (one batch): 0.0
Test MSE: 0.0378
Poisson likelihood: 0.0
CE loss: 0.0
Experiment 87804
Epoch 0026 [Test seq (cond on sampled tp)] | Loss 18239.187500 | Likelihood -18298.187500 | KL fp 4.3066 | FP STD 0.0279|
KL coef: 0.14854222890512447
Train loss (one batch): 17232.958984375
Train CE loss (one batch): 0.0
Test MSE: 0.0366
Poisson likelihood: 0.0
CE loss: 0.0
Experiment 87804
Epoch 0027 [Test seq (cond on sampled tp)] | Loss 17935.794922 | Likelihood -17966.724609 | KL fp 4.2940 | FP STD 0.0279|
KL coef: 0.15705680661607324
Train loss (one batch): 16978.62890625
Train CE loss (one batch): 0.0
Test MSE: 0.0359
Poisson likelihood: 0.0
CE loss: 0.0
Experiment 87804
Epoch 0028 [Test seq (cond on sampled tp)] | Loss 17613.107422 | Likelihood -17676.998047 | KL fp 4.3357 | FP STD 0.0286|
KL coef: 0.1654862385499125
Train loss (one batch): 16916.26171875
Train CE loss (one batch): 0.0
Test MSE: 0.0354
Poisson likelihood: 0.0
CE loss: 0.0
Experiment 87804
Epoch 0029 [Test seq (cond on sampled tp)] | Loss 17506.064453 | Likelihood -17512.697266 | KL fp 4.2045 | FP STD 0.0329|
KL coef: 0.17383137616441335
Train loss (one batch): 16531.7421875
Train CE loss (one batch): 0.0
Test MSE: 0.0350
Poisson likelihood: 0.0
CE loss: 0.0
Experiment 87804
Epoch 0030 [Test seq (cond on sampled tp)] | Loss 17265.794922 | Likelihood -17284.224609 | KL fp 4.4246 | FP STD 0.0233|
KL coef: 0.18209306240276923
Train loss (one batch): 16303.2001953125
Train CE loss (one batch): 0.0
Test MSE: 0.0346
Poisson likelihood: 0.0
CE loss: 0.0
Experiment 87804
Epoch 0031 [Test seq (cond on sampled tp)] | Loss 17054.882812 | Likelihood -17065.615234 | KL fp 4.4145 | FP STD 0.0241|
KL coef: 0.19027213177874158
Train loss (one batch): 16025.4365234375
Train CE loss (one batch): 0.0
Test MSE: 0.0341
Poisson likelihood: 0.0
CE loss: 0.0
Experiment 87804
Epoch 0032 [Test seq (cond on sampled tp)] | Loss 16941.406250 | Likelihood -16957.212891 | KL fp 4.0639 | FP STD 0.0333|
KL coef: 0.19836941046095413
Train loss (one batch): 15853.7568359375
Train CE loss (one batch): 0.0
Test MSE: 0.0339
Poisson likelihood: 0.0
CE loss: 0.0
Experiment 87804
Epoch 0033 [Test seq (cond on sampled tp)] | Loss 16658.904297 | Likelihood -16682.876953 | KL fp 4.3077 | FP STD 0.0271|
KL coef: 0.20638571635634462
Train loss (one batch): 15672.53515625
Train CE loss (one batch): 0.0
Test MSE: 0.0334
Poisson likelihood: 0.0
CE loss: 0.0
Experiment 87804
Epoch 0034 [Test seq (cond on sampled tp)] | Loss 16355.830078 | Likelihood -16401.300781 | KL fp 4.3719 | FP STD 0.0257|
KL coef: 0.21432185919278124
Train loss (one batch): 15303.0732421875
Train CE loss (one batch): 0.0
Test MSE: 0.0328
Poisson likelihood: 0.0
CE loss: 0.0
Experiment 87804
Epoch 0035 [Test seq (cond on sampled tp)] | Loss 15991.149414 | Likelihood -16034.531250 | KL fp 4.3314 | FP STD 0.0280|
KL coef: 0.22217864060085335
Train loss (one batch): 15050.7412109375
Train CE loss (one batch): 0.0
Test MSE: 0.0321
Poisson likelihood: 0.0
CE loss: 0.0
Experiment 87804
Epoch 0036 [Test seq (cond on sampled tp)] | Loss 15596.263672 | Likelihood -15623.859375 | KL fp 4.2072 | FP STD 0.0300|
KL coef: 0.2299568541948449
Train loss (one batch): 14630.505859375
Train CE loss (one batch): 0.0
Test MSE: 0.0313
Poisson likelihood: 0.0
CE loss: 0.0
Experiment 87804
Epoch 0037 [Test seq (cond on sampled tp)] | Loss 15236.846680 | Likelihood -15259.691406 | KL fp 4.5347 | FP STD 0.0227|
KL coef: 0.23765728565289646
Train loss (one batch): 14181.5166015625
Train CE loss (one batch): 0.0
Test MSE: 0.0305
Poisson likelihood: 0.0
CE loss: 0.0
Experiment 87804
Epoch 0038 [Test seq (cond on sampled tp)] | Loss 15118.274414 | Likelihood -15151.374023 | KL fp 4.3504 | FP STD 0.0256|
KL coef: 0.24528071279636743
Train loss (one batch): 14059.2607421875
Train CE loss (one batch): 0.0
Test MSE: 0.0303
Poisson likelihood: 0.0
CE loss: 0.0
Experiment 87804
Epoch 0039 [Test seq (cond on sampled tp)] | Loss 14999.176758 | Likelihood -15014.809570 | KL fp 4.6059 | FP STD 0.0205|
KL coef: 0.25282790566840385
Train loss (one batch): 13974.333984375
Train CE loss (one batch): 0.0
Test MSE: 0.0300
Poisson likelihood: 0.0
CE loss: 0.0
Experiment 87804
Epoch 0040 [Test seq (cond on sampled tp)] | Loss 14907.800781 | Likelihood -14918.839844 | KL fp 4.6253 | FP STD 0.0197|
KL coef: 0.2602996266117198
Train loss (one batch): 13830.626953125
Train CE loss (one batch): 0.0
Test MSE: 0.0298
Poisson likelihood: 0.0
CE loss: 0.0
Experiment 87804
Epoch 0041 [Test seq (cond on sampled tp)] | Loss 14795.396484 | Likelihood -14807.672852 | KL fp 4.6516 | FP STD 0.0196|
KL coef: 0.26769663034560254
Train loss (one batch): 13804.056640625
Train CE loss (one batch): 0.0
Test MSE: 0.0296
Poisson likelihood: 0.0
CE loss: 0.0
Experiment 87804
Epoch 0042 [Test seq (cond on sampled tp)] | Loss 14752.920898 | Likelihood -14758.148438 | KL fp 4.4076 | FP STD 0.0225|
KL coef: 0.2750196640421466
Train loss (one batch): 13840.33984375
Train CE loss (one batch): 0.0
Test MSE: 0.0295
Poisson likelihood: 0.0
CE loss: 0.0
Experiment 87804
Epoch 0043 [Test seq (cond on sampled tp)] | Loss 14725.636719 | Likelihood -14742.992188 | KL fp 4.5402 | FP STD 0.0211|
KL coef: 0.2822694674017251
Train loss (one batch): 13843.3984375
Train CE loss (one batch): 0.0
Test MSE: 0.0295
Poisson likelihood: 0.0
CE loss: 0.0
Experiment 87804
Epoch 0044 [Test seq (cond on sampled tp)] | Loss 14609.465820 | Likelihood -14646.541992 | KL fp 4.5509 | FP STD 0.0222|
KL coef: 0.2894467727277079
Train loss (one batch): 13645.046875
Train CE loss (one batch): 0.0
Test MSE: 0.0293
Poisson likelihood: 0.0
CE loss: 0.0
Experiment 87804
Epoch 0045 [Test seq (cond on sampled tp)] | Loss 14524.538086 | Likelihood -14542.909180 | KL fp 4.8437 | FP STD 0.0170|
KL coef: 0.29655230500043084
Train loss (one batch): 13755.62890625
Train CE loss (one batch): 0.0
Test MSE: 0.0291
Poisson likelihood: 0.0
CE loss: 0.0
Experiment 87804
Epoch 0046 [Test seq (cond on sampled tp)] | Loss 14539.593750 | Likelihood -14550.141602 | KL fp 4.4062 | FP STD 0.0252|
KL coef: 0.30358678195042654
Train loss (one batch): 13681.955078125
Train CE loss (one batch): 0.0
Test MSE: 0.0291
Poisson likelihood: 0.0
CE loss: 0.0
Experiment 87804
Epoch 0047 [Test seq (cond on sampled tp)] | Loss 14410.567383 | Likelihood -14426.546875 | KL fp 4.6179 | FP STD 0.0214|
KL coef: 0.3105509141309223
Train loss (one batch): 13633.552734375
Train CE loss (one batch): 0.0
Test MSE: 0.0289
Poisson likelihood: 0.0
CE loss: 0.0
Experiment 87804
Epoch 0048 [Test seq (cond on sampled tp)] | Loss 14343.285156 | Likelihood -14361.750000 | KL fp 4.7197 | FP STD 0.0177|
KL coef: 0.31744540498961304
Train loss (one batch): 13660.3623046875
Train CE loss (one batch): 0.0
Test MSE: 0.0287
Poisson likelihood: 0.0
CE loss: 0.0
Experiment 87804
Epoch 0049 [Test seq (cond on sampled tp)] | Loss 14294.117188 | Likelihood -14312.617188 | KL fp 4.6590 | FP STD 0.0200|
KL coef: 0.3242709509397169
Train loss (one batch): 13495.2158203125
Train CE loss (one batch): 0.0
Test MSE: 0.0286
Poisson likelihood: 0.0
CE loss: 0.0
Experiment 87804
Epoch 0050 [Test seq (cond on sampled tp)] | Loss 14238.409180 | Likelihood -14261.340820 | KL fp 4.8141 | FP STD 0.0190|
KL coef: 0.3310282414303197
Train loss (one batch): 13535.158203125
Train CE loss (one batch): 0.0
Test MSE: 0.0285
Poisson likelihood: 0.0
CE loss: 0.0
Experiment 87804
Epoch 0051 [Test seq (cond on sampled tp)] | Loss 14146.788086 | Likelihood -14168.114258 | KL fp 4.7259 | FP STD 0.0178|
KL coef: 0.33771795901601653
Train loss (one batch): 13520.4140625
Train CE loss (one batch): 0.0
Test MSE: 0.0283
Poisson likelihood: 0.0
CE loss: 0.0
Experiment 87804
Epoch 0052 [Test seq (cond on sampled tp)] | Loss 14105.163086 | Likelihood -14110.593750 | KL fp 4.6183 | FP STD 0.0191|
KL coef: 0.3443407794258564
Train loss (one batch): 13452.5126953125
Train CE loss (one batch): 0.0
Test MSE: 0.0282
Poisson likelihood: 0.0
CE loss: 0.0
Experiment 87804
Epoch 0053 [Test seq (cond on sampled tp)] | Loss 14102.728516 | Likelihood -14111.721680 | KL fp 4.4285 | FP STD 0.0247|
KL coef: 0.35089737163159784
Train loss (one batch): 13386.8486328125
Train CE loss (one batch): 0.0
Test MSE: 0.0282
Poisson likelihood: 0.0
CE loss: 0.0
Experiment 87804
Epoch 0054 [Test seq (cond on sampled tp)] | Loss 14017.358398 | Likelihood -14029.320312 | KL fp 4.3910 | FP STD 0.0239|
KL coef: 0.3573883979152819
Train loss (one batch): 13485.478515625
Train CE loss (one batch): 0.0
Test MSE: 0.0281
Poisson likelihood: 0.0
CE loss: 0.0
Experiment 87804
Epoch 0055 [Test seq (cond on sampled tp)] | Loss 13856.958008 | Likelihood -13887.527344 | KL fp 4.5740 | FP STD 0.0212|
KL coef: 0.36381451393612907
Train loss (one batch): 13300.421875
Train CE loss (one batch): 0.0
Test MSE: 0.0278
Poisson likelihood: 0.0
CE loss: 0.0
Experiment 87804
Epoch 0056 [Test seq (cond on sampled tp)] | Loss 13825.164062 | Likelihood -13841.928711 | KL fp 4.5478 | FP STD 0.0196|
KL coef: 0.37017636879676774
Train loss (one batch): 13234.546875
Train CE loss (one batch): 0.0
Test MSE: 0.0277
Poisson likelihood: 0.0
CE loss: 0.0
Experiment 87804
Epoch 0057 [Test seq (cond on sampled tp)] | Loss 13722.703125 | Likelihood -13751.729492 | KL fp 4.6186 | FP STD 0.0208|
KL coef: 0.37647460510880004
Train loss (one batch): 13193.45703125
Train CE loss (one batch): 0.0
Test MSE: 0.0275
Poisson likelihood: 0.0
CE loss: 0.0
Experiment 87804
Epoch 0058 [Test seq (cond on sampled tp)] | Loss 13614.555664 | Likelihood -13639.565430 | KL fp 4.3242 | FP STD 0.0247|
KL coef: 0.38270985905771204
Train loss (one batch): 13085.9375
Train CE loss (one batch): 0.0
Test MSE: 0.0273
Poisson likelihood: 0.0
CE loss: 0.0
Experiment 87804
Epoch 0059 [Test seq (cond on sampled tp)] | Loss 13504.750000 | Likelihood -13541.930664 | KL fp 4.4900 | FP STD 0.0221|
KL coef: 0.388882760467135
Train loss (one batch): 12964.7138671875
Train CE loss (one batch): 0.0
Test MSE: 0.0271
Poisson likelihood: 0.0
CE loss: 0.0
Experiment 87804
Epoch 0060 [Test seq (cond on sampled tp)] | Loss 13408.368164 | Likelihood -13427.010742 | KL fp 4.9286 | FP STD 0.0175|
KL coef: 0.39499393286246365
Train loss (one batch): 12973.234375
Train CE loss (one batch): 0.0
Test MSE: 0.0269
Poisson likelihood: 0.0
CE loss: 0.0
Experiment 87804
Epoch 0061 [Test seq (cond on sampled tp)] | Loss 13252.003906 | Likelihood -13273.192383 | KL fp 4.6367 | FP STD 0.0184|
KL coef: 0.401043993533839
Train loss (one batch): 12872.2021484375
Train CE loss (one batch): 0.0
Test MSE: 0.0266
Poisson likelihood: 0.0
CE loss: 0.0
Experiment 87804
Epoch 0062 [Test seq (cond on sampled tp)] | Loss 13133.123047 | Likelihood -13182.222656 | KL fp 4.7119 | FP STD 0.0177|
KL coef: 0.4070335535985006
Train loss (one batch): 12760.017578125
Train CE loss (one batch): 0.0
Test MSE: 0.0264
Poisson likelihood: 0.0
CE loss: 0.0
Experiment 87804
Epoch 0063 [Test seq (cond on sampled tp)] | Loss 13039.273438 | Likelihood -13042.385742 | KL fp 4.7381 | FP STD 0.0172|
KL coef: 0.41296321806251557
Train loss (one batch): 12564.30078125
Train CE loss (one batch): 0.0
Test MSE: 0.0261
Poisson likelihood: 0.0
CE loss: 0.0
Experiment 87804
Epoch 0064 [Test seq (cond on sampled tp)] | Loss 12907.141602 | Likelihood -12910.799805 | KL fp 4.6937 | FP STD 0.0185|
KL coef: 0.41883358588189046
Train loss (one batch): 12549.5283203125
Train CE loss (one batch): 0.0
Test MSE: 0.0258
Poisson likelihood: 0.0
CE loss: 0.0
Experiment 87804
Epoch 0065 [Test seq (cond on sampled tp)] | Loss 12660.192383 | Likelihood -12668.562500 | KL fp 4.6408 | FP STD 0.0195|
KL coef: 0.4246452500230715
Train loss (one batch): 12297.0380859375
Train CE loss (one batch): 0.0
Test MSE: 0.0253
Poisson likelihood: 0.0
CE loss: 0.0
Experiment 87804
Epoch 0066 [Test seq (cond on sampled tp)] | Loss 12500.850586 | Likelihood -12506.523438 | KL fp 4.7478 | FP STD 0.0175|
KL coef: 0.4303987975228408
Train loss (one batch): 11997.7978515625
Train CE loss (one batch): 0.0
Test MSE: 0.0250
Poisson likelihood: 0.0
CE loss: 0.0
Experiment 87804
Epoch 0067 [Test seq (cond on sampled tp)] | Loss 12332.969727 | Likelihood -12352.863281 | KL fp 4.6415 | FP STD 0.0186|
KL coef: 0.4360948095476125
Train loss (one batch): 11780.8701171875
Train CE loss (one batch): 0.0
Test MSE: 0.0247
Poisson likelihood: 0.0
CE loss: 0.0
Experiment 87804
Epoch 0068 [Test seq (cond on sampled tp)] | Loss 12208.647461 | Likelihood -12220.559570 | KL fp 4.6318 | FP STD 0.0197|
KL coef: 0.44173386145213633
Train loss (one batch): 11588.7255859375
Train CE loss (one batch): 0.0
Test MSE: 0.0245
Poisson likelihood: 0.0
CE loss: 0.0
Experiment 87804
Epoch 0069 [Test seq (cond on sampled tp)] | Loss 12091.045898 | Likelihood -12108.047852 | KL fp 4.5481 | FP STD 0.0208|
KL coef: 0.4473165228376149
Train loss (one batch): 11495.1669921875
Train CE loss (one batch): 0.0
Test MSE: 0.0242
Poisson likelihood: 0.0
CE loss: 0.0
Experiment 87804
Epoch 0070 [Test seq (cond on sampled tp)] | Loss 11913.255859 | Likelihood -11934.965820 | KL fp 4.8249 | FP STD 0.0184|
KL coef: 0.4528433576092388
Train loss (one batch): 11307.326171875
Train CE loss (one batch): 0.0
Test MSE: 0.0239
Poisson likelihood: 0.0
CE loss: 0.0
Experiment 87804
Epoch 0071 [Test seq (cond on sampled tp)] | Loss 11764.676758 | Likelihood -11777.358398 | KL fp 4.7644 | FP STD 0.0171|
KL coef: 0.45831492403314644
Train loss (one batch): 11259.013671875
Train CE loss (one batch): 0.0
Test MSE: 0.0236
Poisson likelihood: 0.0
CE loss: 0.0
Experiment 87804
Epoch 0072 [Test seq (cond on sampled tp)] | Loss 11718.100586 | Likelihood -11737.426758 | KL fp 4.6705 | FP STD 0.0212|
KL coef: 0.463731774792815
Train loss (one batch): 11250.1181640625
Train CE loss (one batch): 0.0
Test MSE: 0.0235
Poisson likelihood: 0.0
CE loss: 0.0
Experiment 87804
Epoch 0073 [Test seq (cond on sampled tp)] | Loss 11668.612305 | Likelihood -11688.946289 | KL fp 4.9768 | FP STD 0.0139|
KL coef: 0.46909445704488684
Train loss (one batch): 11180.49609375
Train CE loss (one batch): 0.0
Test MSE: 0.0234
Poisson likelihood: 0.0
CE loss: 0.0
Experiment 87804
Epoch 0074 [Test seq (cond on sampled tp)] | Loss 11582.641602 | Likelihood -11603.250977 | KL fp 4.8087 | FP STD 0.0170|
KL coef: 0.474403512474438
Train loss (one batch): 11161.501953125
Train CE loss (one batch): 0.0
Test MSE: 0.0232
Poisson likelihood: 0.0
CE loss: 0.0
Experiment 87804
Epoch 0075 [Test seq (cond on sampled tp)] | Loss 11535.411133 | Likelihood -11554.204102 | KL fp 4.6429 | FP STD 0.0175|
KL coef: 0.4796594773496936
Train loss (one batch): 11115.2001953125
Train CE loss (one batch): 0.0
Test MSE: 0.0231
Poisson likelihood: 0.0
CE loss: 0.0
Experiment 87804
Epoch 0076 [Test seq (cond on sampled tp)] | Loss 11467.176758 | Likelihood -11487.241211 | KL fp 5.0346 | FP STD 0.0133|
KL coef: 0.4848628825761967
Train loss (one batch): 11052.6572265625
Train CE loss (one batch): 0.0
Test MSE: 0.0230
Poisson likelihood: 0.0
CE loss: 0.0
Experiment 87804
Epoch 0077 [Test seq (cond on sampled tp)] | Loss 11450.964844 | Likelihood -11452.360352 | KL fp 5.0649 | FP STD 0.0128|
KL coef: 0.4900142537504347
Train loss (one batch): 11027.9130859375
Train CE loss (one batch): 0.0
Test MSE: 0.0229
Poisson likelihood: 0.0
CE loss: 0.0
Experiment 87804
Epoch 0078 [Test seq (cond on sampled tp)] | Loss 11372.047852 | Likelihood -11385.289062 | KL fp 4.9761 | FP STD 0.0133|
KL coef: 0.49511411121293036
Train loss (one batch): 10999.134765625
Train CE loss (one batch): 0.0
Test MSE: 0.0228
Poisson likelihood: 0.0
CE loss: 0.0
Experiment 87804
Epoch 0079 [Test seq (cond on sampled tp)] | Loss 11374.051758 | Likelihood -11373.557617 | KL fp 4.9067 | FP STD 0.0155|
KL coef: 0.500162970100801
Train loss (one batch): 11015.1201171875
Train CE loss (one batch): 0.0
Test MSE: 0.0228
Poisson likelihood: 0.0
CE loss: 0.0
Experiment 87804
Epoch 0080 [Test seq (cond on sampled tp)] | Loss 11329.981445 | Likelihood -11331.792969 | KL fp 5.0984 | FP STD 0.0128|
KL coef: 0.505161340399793
Train loss (one batch): 11012.3212890625
Train CE loss (one batch): 0.0
Test MSE: 0.0227
Poisson likelihood: 0.0
CE loss: 0.0
Experiment 87804
Epoch 0081 [Test seq (cond on sampled tp)] | Loss 11294.058594 | Likelihood -11301.549805 | KL fp 4.7791 | FP STD 0.0167|
KL coef: 0.510109726995795
Train loss (one batch): 10907.4736328125
Train CE loss (one batch): 0.0
Test MSE: 0.0226
Poisson likelihood: 0.0
CE loss: 0.0
Experiment 87804
Epoch 0082 [Test seq (cond on sampled tp)] | Loss 11242.700195 | Likelihood -11249.192383 | KL fp 4.7640 | FP STD 0.0171|
KL coef: 0.5150086297258372
Train loss (one batch): 10863.8662109375
Train CE loss (one batch): 0.0
Test MSE: 0.0225
Poisson likelihood: 0.0
CE loss: 0.0
Experiment 87804
Epoch 0083 [Test seq (cond on sampled tp)] | Loss 11191.027344 | Likelihood -11200.075195 | KL fp 4.9291 | FP STD 0.0138|
KL coef: 0.5198585434285787
Train loss (one batch): 10838.822265625
Train CE loss (one batch): 0.0
Test MSE: 0.0224
Poisson likelihood: 0.0
CE loss: 0.0
Experiment 87804
Epoch 0084 [Test seq (cond on sampled tp)] | Loss 11154.521484 | Likelihood -11157.149414 | KL fp 4.9865 | FP STD 0.0140|
KL coef: 0.524659957994293
Train loss (one batch): 10882.8154296875
Train CE loss (one batch): 0.0
Test MSE: 0.0223
Poisson likelihood: 0.0
CE loss: 0.0
Experiment 87804
Epoch 0085 [Test seq (cond on sampled tp)] | Loss 11125.195312 | Likelihood -11134.055664 | KL fp 4.8012 | FP STD 0.0169|
KL coef: 0.5294133584143501
Train loss (one batch): 10876.4794921875
Train CE loss (one batch): 0.0
Test MSE: 0.0223
Poisson likelihood: 0.0
CE loss: 0.0
Experiment 87804
Epoch 0086 [Test seq (cond on sampled tp)] | Loss 11078.563477 | Likelihood -11088.458008 | KL fp 5.0113 | FP STD 0.0131|
KL coef: 0.5341192248302067
Train loss (one batch): 10809.1904296875
Train CE loss (one batch): 0.0
Test MSE: 0.0222
Poisson likelihood: 0.0
CE loss: 0.0
Experiment 87804
Epoch 0087 [Test seq (cond on sampled tp)] | Loss 11018.907227 | Likelihood -11042.039062 | KL fp 4.8526 | FP STD 0.0149|
KL coef: 0.5387780325819045
Train loss (one batch): 10771.470703125
Train CE loss (one batch): 0.0
Test MSE: 0.0221
Poisson likelihood: 0.0
CE loss: 0.0
Experiment 87804
Epoch 0088 [Test seq (cond on sampled tp)] | Loss 11013.915039 | Likelihood -11032.242188 | KL fp 4.8795 | FP STD 0.0153|
KL coef: 0.5433902522560855
Train loss (one batch): 10845.201171875
Train CE loss (one batch): 0.0
Test MSE: 0.0221
Poisson likelihood: 0.0
CE loss: 0.0
Experiment 87804
Epoch 0089 [Test seq (cond on sampled tp)] | Loss 11012.119141 | Likelihood -11017.758789 | KL fp 4.7626 | FP STD 0.0176|
KL coef: 0.5479563497335247
Train loss (one batch): 10709.0087890625
Train CE loss (one batch): 0.0
Test MSE: 0.0220
Poisson likelihood: 0.0
CE loss: 0.0
Experiment 87804
Epoch 0090 [Test seq (cond on sampled tp)] | Loss 10940.570312 | Likelihood -10943.010742 | KL fp 4.9825 | FP STD 0.0136|
KL coef: 0.5524767862361895
Train loss (one batch): 10720.615234375
Train CE loss (one batch): 0.0
Test MSE: 0.0219
Poisson likelihood: 0.0
CE loss: 0.0
Experiment 87804
Epoch 0091 [Test seq (cond on sampled tp)] | Loss 10864.488281 | Likelihood -10879.436523 | KL fp 5.0196 | FP STD 0.0128|
KL coef: 0.5569520183738275
Train loss (one batch): 10644.892578125
Train CE loss (one batch): 0.0
Test MSE: 0.0218
Poisson likelihood: 0.0
CE loss: 0.0
Experiment 87804
Epoch 0092 [Test seq (cond on sampled tp)] | Loss 10862.224609 | Likelihood -10863.458008 | KL fp 4.8489 | FP STD 0.0155|
KL coef: 0.5613824981900892
Train loss (one batch): 10649.7783203125
Train CE loss (one batch): 0.0
Test MSE: 0.0217
Poisson likelihood: 0.0
CE loss: 0.0
Experiment 87804
Epoch 0093 [Test seq (cond on sampled tp)] | Loss 10795.878906 | Likelihood -10810.664062 | KL fp 4.8819 | FP STD 0.0148|
KL coef: 0.5657686732081884
Train loss (one batch): 10637.4296875
Train CE loss (one batch): 0.0
Test MSE: 0.0216
Poisson likelihood: 0.0
CE loss: 0.0
Experiment 87804
Epoch 0094 [Test seq (cond on sampled tp)] | Loss 10753.477539 | Likelihood -10755.161133 | KL fp 5.0390 | FP STD 0.0134|
KL coef: 0.5701109864761065
Train loss (one batch): 10557.888671875
Train CE loss (one batch): 0.0
Test MSE: 0.0215
Poisson likelihood: 0.0
CE loss: 0.0
Experiment 87804
Epoch 0095 [Test seq (cond on sampled tp)] | Loss 10688.244141 | Likelihood -10699.187500 | KL fp 4.9720 | FP STD 0.0141|
KL coef: 0.5744098766113455
Train loss (one batch): 10557.4619140625
Train CE loss (one batch): 0.0
Test MSE: 0.0214
Poisson likelihood: 0.0
CE loss: 0.0
Experiment 87804
Epoch 0096 [Test seq (cond on sampled tp)] | Loss 10609.868164 | Likelihood -10620.355469 | KL fp 5.0447 | FP STD 0.0135|
KL coef: 0.578665777845232
Train loss (one batch): 10528.4853515625
Train CE loss (one batch): 0.0
Test MSE: 0.0213
Poisson likelihood: 0.0
CE loss: 0.0
Experiment 87804
Epoch 0097 [Test seq (cond on sampled tp)] | Loss 10557.439453 | Likelihood -10565.414062 | KL fp 4.8022 | FP STD 0.0164|
KL coef: 0.5828791200667797
Train loss (one batch): 10501.3388671875
Train CE loss (one batch): 0.0
Test MSE: 0.0211
Poisson likelihood: 0.0
CE loss: 0.0
Experiment 87804
Epoch 0098 [Test seq (cond on sampled tp)] | Loss 10496.972656 | Likelihood -10501.202148 | KL fp 4.9022 | FP STD 0.0147|
KL coef: 0.5870503288661119
Train loss (one batch): 10458.38671875
Train CE loss (one batch): 0.0
Test MSE: 0.0210
Poisson likelihood: 0.0
CE loss: 0.0
Experiment 87804
Epoch 0099 [Test seq (cond on sampled tp)] | Loss 10422.099609 | Likelihood -10446.833008 | KL fp 4.9632 | FP STD 0.0141|
KL coef: 0.5911798255774507
Train loss (one batch): 10365.5458984375
Train CE loss (one batch): 0.0
Test MSE: 0.0209
Poisson likelihood: 0.0
CE loss: 0.0
Experiment 87804
Epoch 0100 [Test seq (cond on sampled tp)] | Loss 10364.270508 | Likelihood -10375.898438 | KL fp 4.8494 | FP STD 0.0162|
KL coef: 0.5952680273216762
Train loss (one batch): 10202.2763671875
Train CE loss (one batch): 0.0
Test MSE: 0.0208
Poisson likelihood: 0.0
CE loss: 0.0
Experiment 87804
Epoch 0101 [Test seq (cond on sampled tp)] | Loss 10262.694336 | Likelihood -10292.926758 | KL fp 4.8477 | FP STD 0.0161|
KL coef: 0.5993153470484595
Train loss (one batch): 10112.2373046875
Train CE loss (one batch): 0.0
Test MSE: 0.0206
Poisson likelihood: 0.0
CE loss: 0.0
Experiment 87804
Epoch 0102 [Test seq (cond on sampled tp)] | Loss 10174.065430 | Likelihood -10187.397461 | KL fp 4.8238 | FP STD 0.0164|
KL coef: 0.6033221935779749
Train loss (one batch): 10087.02734375
Train CE loss (one batch): 0.0
Test MSE: 0.0204
Poisson likelihood: 0.0
CE loss: 0.0
Experiment 87804
Epoch 0103 [Test seq (cond on sampled tp)] | Loss 10082.898438 | Likelihood -10093.079102 | KL fp 4.8199 | FP STD 0.0165|
KL coef: 0.6072889716421952
Train loss (one batch): 10007.6396484375
Train CE loss (one batch): 0.0
Test MSE: 0.0202
Poisson likelihood: 0.0
CE loss: 0.0
Experiment 87804
Epoch 0104 [Test seq (cond on sampled tp)] | Loss 10011.824219 | Likelihood -10026.680664 | KL fp 4.7976 | FP STD 0.0164|
KL coef: 0.6112160819257733
Train loss (one batch): 9911.1630859375
Train CE loss (one batch): 0.0
Test MSE: 0.0201
Poisson likelihood: 0.0
CE loss: 0.0
Experiment 87804
Epoch 0105 [Test seq (cond on sampled tp)] | Loss 9897.368164 | Likelihood -9906.313477 | KL fp 4.7432 | FP STD 0.0181|
KL coef: 0.6151039211065155
Train loss (one batch): 9736.36328125
Train CE loss (one batch): 0.0
Test MSE: 0.0198
Poisson likelihood: 0.0
CE loss: 0.0
Experiment 87804
Epoch 0106 [Test seq (cond on sampled tp)] | Loss 9745.266602 | Likelihood -9753.284180 | KL fp 4.8641 | FP STD 0.0160|
KL coef: 0.6189528818954504
Train loss (one batch): 9621.357421875
Train CE loss (one batch): 0.0
Test MSE: 0.0195
Poisson likelihood: 0.0
CE loss: 0.0
Experiment 87804
Epoch 0107 [Test seq (cond on sampled tp)] | Loss 9621.655273 | Likelihood -9654.471680 | KL fp 4.7730 | FP STD 0.0170|
KL coef: 0.6227633530764958
Train loss (one batch): 9495.560546875
Train CE loss (one batch): 0.0
Test MSE: 0.0193
Poisson likelihood: 0.0
CE loss: 0.0
Experiment 87804
Epoch 0108 [Test seq (cond on sampled tp)] | Loss 9497.606445 | Likelihood -9506.900391 | KL fp 4.7797 | FP STD 0.0173|
KL coef: 0.6265357195457308
Train loss (one batch): 9406.138671875
Train CE loss (one batch): 0.0
Test MSE: 0.0190
Poisson likelihood: 0.0
CE loss: 0.0
Experiment 87804
Epoch 0109 [Test seq (cond on sampled tp)] | Loss 9384.745117 | Likelihood -9393.211914 | KL fp 4.7320 | FP STD 0.0181|
KL coef: 0.6302703623502736
Train loss (one batch): 9286.865234375
Train CE loss (one batch): 0.0
Test MSE: 0.0188
Poisson likelihood: 0.0
CE loss: 0.0
Experiment 87804
Epoch 0110 [Test seq (cond on sampled tp)] | Loss 9278.734375 | Likelihood -9283.422852 | KL fp 4.8028 | FP STD 0.0174|
KL coef: 0.6339676587267709
Train loss (one batch): 9042.9033203125
Train CE loss (one batch): 0.0
Test MSE: 0.0186
Poisson likelihood: 0.0
CE loss: 0.0
Experiment 87804
Epoch 0111 [Test seq (cond on sampled tp)] | Loss 9155.028320 | Likelihood -9180.143555 | KL fp 4.7985 | FP STD 0.0177|
KL coef: 0.6376279821395031
Train loss (one batch): 8932.138671875
Train CE loss (one batch): 0.0
Test MSE: 0.0184
Poisson likelihood: 0.0
CE loss: 0.0
Experiment 87804
Epoch 0112 [Test seq (cond on sampled tp)] | Loss 9088.934570 | Likelihood -9101.036133 | KL fp 4.7964 | FP STD 0.0169|
KL coef: 0.6412517023181081
Train loss (one batch): 8848.263671875
Train CE loss (one batch): 0.0
Test MSE: 0.0182
Poisson likelihood: 0.0
CE loss: 0.0
Experiment 87804
Epoch 0113 [Test seq (cond on sampled tp)] | Loss 9021.196289 | Likelihood -9023.425781 | KL fp 4.6908 | FP STD 0.0178|
KL coef: 0.644839185294927
Train loss (one batch): 8717.7001953125
Train CE loss (one batch): 0.0
Test MSE: 0.0181
Poisson likelihood: 0.0
CE loss: 0.0
Experiment 87804
Epoch 0114 [Test seq (cond on sampled tp)] | Loss 8946.635742 | Likelihood -8949.830078 | KL fp 4.9656 | FP STD 0.0155|
KL coef: 0.6483907934419777
Train loss (one batch): 8672.384765625
Train CE loss (one batch): 0.0
Test MSE: 0.0179
Poisson likelihood: 0.0
CE loss: 0.0
Experiment 87804
Epoch 0115 [Test seq (cond on sampled tp)] | Loss 8874.560547 | Likelihood -8881.530273 | KL fp 4.9562 | FP STD 0.0148|
KL coef: 0.651906885507558
Train loss (one batch): 8491.171875
Train CE loss (one batch): 0.0
Test MSE: 0.0178
Poisson likelihood: 0.0
CE loss: 0.0
Experiment 87804
Epoch 0116 [Test seq (cond on sampled tp)] | Loss 8855.860352 | Likelihood -8868.349609 | KL fp 4.9431 | FP STD 0.0149|
KL coef: 0.6553878166524825
Train loss (one batch): 8474.791015625
Train CE loss (one batch): 0.0
Test MSE: 0.0177
Poisson likelihood: 0.0
CE loss: 0.0
Experiment 87804
Epoch 0117 [Test seq (cond on sampled tp)] | Loss 8783.976562 | Likelihood -8786.578125 | KL fp 4.9370 | FP STD 0.0145|
KL coef: 0.6588339384859576
Train loss (one batch): 8419.5703125
Train CE loss (one batch): 0.0
Test MSE: 0.0176
Poisson likelihood: 0.0
CE loss: 0.0
Experiment 87804
Epoch 0118 [Test seq (cond on sampled tp)] | Loss 8701.956055 | Likelihood -8710.748047 | KL fp 5.0356 | FP STD 0.0136|
KL coef: 0.662245599101098
Train loss (one batch): 8376.5859375
Train CE loss (one batch): 0.0
Test MSE: 0.0174
Poisson likelihood: 0.0
CE loss: 0.0
Experiment 87804
Epoch 0119 [Test seq (cond on sampled tp)] | Loss 8687.486328 | Likelihood -8688.287109 | KL fp 5.0937 | FP STD 0.0131|
KL coef: 0.665623143110087
Train loss (one batch): 8265.9189453125
Train CE loss (one batch): 0.0
Test MSE: 0.0174
Poisson likelihood: 0.0
CE loss: 0.0
Experiment 87804
Epoch 0120 [Test seq (cond on sampled tp)] | Loss 8642.901367 | Likelihood -8647.603516 | KL fp 5.1620 | FP STD 0.0120|
KL coef: 0.6689669116789861
Train loss (one batch): 8239.3720703125
Train CE loss (one batch): 0.0
Test MSE: 0.0173
Poisson likelihood: 0.0
CE loss: 0.0
Experiment 87804
Epoch 0121 [Test seq (cond on sampled tp)] | Loss 8587.499023 | Likelihood -8591.497070 | KL fp 5.1211 | FP STD 0.0121|
KL coef: 0.6722772425621963
Train loss (one batch): 8200.9775390625
Train CE loss (one batch): 0.0
Test MSE: 0.0172
Poisson likelihood: 0.0
CE loss: 0.0
Experiment 87804
Epoch 0122 [Test seq (cond on sampled tp)] | Loss 8527.121094 | Likelihood -8535.263672 | KL fp 5.1478 | FP STD 0.0123|
KL coef: 0.6755544701365743
Train loss (one batch): 8089.0234375
Train CE loss (one batch): 0.0
Test MSE: 0.0171
Poisson likelihood: 0.0
CE loss: 0.0
Experiment 87804
Epoch 0123 [Test seq (cond on sampled tp)] | Loss 8501.464844 | Likelihood -8513.230469 | KL fp 5.1106 | FP STD 0.0125|
KL coef: 0.6787989254352086
Train loss (one batch): 8093.3505859375
Train CE loss (one batch): 0.0
Test MSE: 0.0170
Poisson likelihood: 0.0
CE loss: 0.0
Experiment 87804
Epoch 0124 [Test seq (cond on sampled tp)] | Loss 8484.005859 | Likelihood -8487.130859 | KL fp 5.1304 | FP STD 0.0116|
KL coef: 0.6820109361808565
Train loss (one batch): 7991.291015625
Train CE loss (one batch): 0.0
Test MSE: 0.0170
Poisson likelihood: 0.0
CE loss: 0.0
Experiment 87804
Epoch 0125 [Test seq (cond on sampled tp)] | Loss 8411.808594 | Likelihood -8417.242188 | KL fp 5.2375 | FP STD 0.0108|
KL coef: 0.685190826819048
Train loss (one batch): 7954.31298828125
Train CE loss (one batch): 0.0
Test MSE: 0.0168
Poisson likelihood: 0.0
CE loss: 0.0
Experiment 87804
Epoch 0126 [Test seq (cond on sampled tp)] | Loss 8360.625977 | Likelihood -8367.804688 | KL fp 5.3722 | FP STD 0.0098|
KL coef: 0.6883389185508575
Train loss (one batch): 7867.916015625
Train CE loss (one batch): 0.0
Test MSE: 0.0167
Poisson likelihood: 0.0
CE loss: 0.0
Experiment 87804
Epoch 0127 [Test seq (cond on sampled tp)] | Loss 8338.776367 | Likelihood -8341.891602 | KL fp 5.1285 | FP STD 0.0116|
KL coef: 0.6914555293653489
Train loss (one batch): 7905.05078125
Train CE loss (one batch): 0.0
Test MSE: 0.0167
Poisson likelihood: 0.0
CE loss: 0.0
Experiment 87804
Epoch 0128 [Test seq (cond on sampled tp)] | Loss 8330.197266 | Likelihood -8333.994141 | KL fp 5.0659 | FP STD 0.0128|
KL coef: 0.6945409740716955
Train loss (one batch): 7884.990234375
Train CE loss (one batch): 0.0
Test MSE: 0.0167
Poisson likelihood: 0.0
CE loss: 0.0
Experiment 87804
Epoch 0129 [Test seq (cond on sampled tp)] | Loss 8301.556641 | Likelihood -8304.229492 | KL fp 5.2278 | FP STD 0.0108|
KL coef: 0.6975955643309785
Train loss (one batch): 7772.1484375
Train CE loss (one batch): 0.0
Test MSE: 0.0166
Poisson likelihood: 0.0
CE loss: 0.0
Experiment 87804
Epoch 0130 [Test seq (cond on sampled tp)] | Loss 8262.282227 | Likelihood -8263.846680 | KL fp 5.1996 | FP STD 0.0109|
KL coef: 0.7006196086876687
Train loss (one batch): 7697.783203125
Train CE loss (one batch): 0.0
Test MSE: 0.0165
Poisson likelihood: 0.0
CE loss: 0.0
Experiment 87804
Epoch 0131 [Test seq (cond on sampled tp)] | Loss 8202.239258 | Likelihood -8214.250000 | KL fp 5.2646 | FP STD 0.0104|
KL coef: 0.703613412600792
Train loss (one batch): 7724.48095703125
Train CE loss (one batch): 0.0
Test MSE: 0.0164
Poisson likelihood: 0.0
CE loss: 0.0
Experiment 87804
Epoch 0132 [Test seq (cond on sampled tp)] | Loss 8179.789062 | Likelihood -8178.863770 | KL fp 5.2095 | FP STD 0.0107|
KL coef: 0.7065772784747841
Train loss (one batch): 7774.0771484375
Train CE loss (one batch): 0.0
Test MSE: 0.0164
Poisson likelihood: 0.0
CE loss: 0.0
Experiment 87804
Epoch 0133 [Test seq (cond on sampled tp)] | Loss 8185.999512 | Likelihood -8192.958008 | KL fp 5.1908 | FP STD 0.0112|
KL coef: 0.7095115056900363
Train loss (one batch): 7667.48388671875
Train CE loss (one batch): 0.0
Test MSE: 0.0164
Poisson likelihood: 0.0
CE loss: 0.0
Experiment 87804
Epoch 0134 [Test seq (cond on sampled tp)] | Loss 8165.061035 | Likelihood -8165.359863 | KL fp 5.2939 | FP STD 0.0107|
KL coef: 0.7124163906331359
Train loss (one batch): 7699.6455078125
Train CE loss (one batch): 0.0
Test MSE: 0.0163
Poisson likelihood: 0.0
CE loss: 0.0
Experiment 87804
Epoch 0135 [Test seq (cond on sampled tp)] | Loss 8138.066406 | Likelihood -8142.809082 | KL fp 5.2872 | FP STD 0.0104|
KL coef: 0.7152922267268045
Train loss (one batch): 7633.78369140625
Train CE loss (one batch): 0.0
Test MSE: 0.0163
Poisson likelihood: 0.0
CE loss: 0.0
Experiment 87804
Epoch 0136 [Test seq (cond on sampled tp)] | Loss 8091.309082 | Likelihood -8093.234863 | KL fp 5.2754 | FP STD 0.0104|
KL coef: 0.7181393044595366
Train loss (one batch): 7607.96826171875
Train CE loss (one batch): 0.0
Test MSE: 0.0162
Poisson likelihood: 0.0
CE loss: 0.0
Experiment 87804
Epoch 0137 [Test seq (cond on sampled tp)] | Loss 8059.855469 | Likelihood -8068.687500 | KL fp 5.3250 | FP STD 0.0099|
KL coef: 0.7209579114149411
Train loss (one batch): 7523.19482421875
Train CE loss (one batch): 0.0
Test MSE: 0.0161
Poisson likelihood: 0.0
CE loss: 0.0
Experiment 87804
Epoch 0138 [Test seq (cond on sampled tp)] | Loss 8043.820312 | Likelihood -8049.704590 | KL fp 5.1252 | FP STD 0.0119|
KL coef: 0.7237483323007917
Train loss (one batch): 7528.4462890625
Train CE loss (one batch): 0.0
Test MSE: 0.0161
Poisson likelihood: 0.0
CE loss: 0.0
Experiment 87804
Epoch 0139 [Test seq (cond on sampled tp)] | Loss 8034.362793 | Likelihood -8035.416504 | KL fp 5.3390 | FP STD 0.0094|
KL coef: 0.7265108489777838
Train loss (one batch): 7461.50927734375
Train CE loss (one batch): 0.0
Test MSE: 0.0161
Poisson likelihood: 0.0
CE loss: 0.0
Experiment 87804
Epoch 0140 [Test seq (cond on sampled tp)] | Loss 7982.788086 | Likelihood -7987.876465 | KL fp 5.1046 | FP STD 0.0124|
KL coef: 0.729245740488006
Train loss (one batch): 7428.80126953125
Train CE loss (one batch): 0.0
Test MSE: 0.0160
Poisson likelihood: 0.0
CE loss: 0.0
Experiment 87804
Epoch 0141 [Test seq (cond on sampled tp)] | Loss 7986.823242 | Likelihood -7988.097656 | KL fp 5.2473 | FP STD 0.0107|
KL coef: 0.7319532830831259
Train loss (one batch): 7428.8837890625
Train CE loss (one batch): 0.0
Test MSE: 0.0160
Poisson likelihood: 0.0
CE loss: 0.0
Experiment 87804
Epoch 0142 [Test seq (cond on sampled tp)] | Loss 7985.622070 | Likelihood -7986.786621 | KL fp 5.3214 | FP STD 0.0098|
KL coef: 0.7346337502522946
Train loss (one batch): 7449.84130859375
Train CE loss (one batch): 0.0
Test MSE: 0.0160
Poisson likelihood: 0.0
CE loss: 0.0
Experiment 87804
Epoch 0143 [Test seq (cond on sampled tp)] | Loss 7967.671875 | Likelihood -7977.554199 | KL fp 5.2011 | FP STD 0.0117|
KL coef: 0.7372874127497717
Train loss (one batch): 7398.48095703125
Train CE loss (one batch): 0.0
Test MSE: 0.0160
Poisson likelihood: 0.0
CE loss: 0.0
Experiment 87804
Epoch 0144 [Test seq (cond on sampled tp)] | Loss 7953.867188 | Likelihood -7955.332031 | KL fp 5.2165 | FP STD 0.0109|
KL coef: 0.739914538622274
Train loss (one batch): 7323.84814453125
Train CE loss (one batch): 0.0
Test MSE: 0.0159
Poisson likelihood: 0.0
CE loss: 0.0
Experiment 87804
Epoch 0145 [Test seq (cond on sampled tp)] | Loss 7900.570801 | Likelihood -7900.886230 | KL fp 5.2902 | FP STD 0.0100|
KL coef: 0.7425153932360513
Train loss (one batch): 7329.9375
Train CE loss (one batch): 0.0
Test MSE: 0.0158
Poisson likelihood: 0.0
CE loss: 0.0
Experiment 87804
Epoch 0146 [Test seq (cond on sampled tp)] | Loss 7911.255859 | Likelihood -7909.469238 | KL fp 5.1936 | FP STD 0.0104|
KL coef: 0.7450902393036907
Train loss (one batch): 7343.017578125
Train CE loss (one batch): 0.0
Test MSE: 0.0158
Poisson likelihood: 0.0
CE loss: 0.0
Experiment 87804
Epoch 0147 [Test seq (cond on sampled tp)] | Loss 7900.940430 | Likelihood -7903.043457 | KL fp 5.3244 | FP STD 0.0099|
KL coef: 0.7476393369106538
Train loss (one batch): 7318.619140625
Train CE loss (one batch): 0.0
Test MSE: 0.0158
Poisson likelihood: 0.0
CE loss: 0.0
Experiment 87804
Epoch 0148 [Test seq (cond on sampled tp)] | Loss 7875.536133 | Likelihood -7872.980469 | KL fp 5.3887 | FP STD 0.0092|
KL coef: 0.7501629435415473
Train loss (one batch): 7286.87109375
Train CE loss (one batch): 0.0
Test MSE: 0.0158
Poisson likelihood: 0.0
CE loss: 0.0
Experiment 87804
Epoch 0149 [Test seq (cond on sampled tp)] | Loss 7833.607422 | Likelihood -7833.752441 | KL fp 5.4476 | FP STD 0.0087|
KL coef: 0.7526613141061318
Train loss (one batch): 7212.73974609375
Train CE loss (one batch): 0.0
Test MSE: 0.0157
Poisson likelihood: 0.0
CE loss: 0.0
Experiment 87804
Epoch 0150 [Test seq (cond on sampled tp)] | Loss 7850.588867 | Likelihood -7854.269043 | KL fp 5.1104 | FP STD 0.0116|
KL coef: 0.7551347009650705
Train loss (one batch): 7173.22265625
Train CE loss (one batch): 0.0
Test MSE: 0.0157
Poisson likelihood: 0.0
CE loss: 0.0
Experiment 87804
Epoch 0151 [Test seq (cond on sampled tp)] | Loss 7823.757812 | Likelihood -7826.661621 | KL fp 5.2152 | FP STD 0.0109|
KL coef: 0.7575833539554198
Train loss (one batch): 7211.9443359375
Train CE loss (one batch): 0.0
Test MSE: 0.0157
Poisson likelihood: 0.0
CE loss: 0.0
Experiment 87804
Epoch 0152 [Test seq (cond on sampled tp)] | Loss 7806.654297 | Likelihood -7809.582031 | KL fp 5.3265 | FP STD 0.0100|
KL coef: 0.7600075204158656
Train loss (one batch): 7151.72119140625
Train CE loss (one batch): 0.0
Test MSE: 0.0156
Poisson likelihood: 0.0
CE loss: 0.0
Experiment 87804
Epoch 0153 [Test seq (cond on sampled tp)] | Loss 7772.884277 | Likelihood -7778.715332 | KL fp 5.3558 | FP STD 0.0094|
KL coef: 0.762407445211707
Train loss (one batch): 7176.623046875
Train CE loss (one batch): 0.0
Test MSE: 0.0156
Poisson likelihood: 0.0
CE loss: 0.0
Experiment 87804
Epoch 0154 [Test seq (cond on sampled tp)] | Loss 7772.151367 | Likelihood -7773.053223 | KL fp 5.3795 | FP STD 0.0092|
KL coef: 0.7647833707595899
Train loss (one batch): 7167.7255859375
Train CE loss (one batch): 0.0
Test MSE: 0.0156
Poisson likelihood: 0.0
CE loss: 0.0
Experiment 87804
Epoch 0155 [Test seq (cond on sampled tp)] | Loss 7769.741699 | Likelihood -7777.493652 | KL fp 5.4308 | FP STD 0.0089|
KL coef: 0.767135537051994
Train loss (one batch): 7128.13671875
Train CE loss (one batch): 0.0
Test MSE: 0.0156
Poisson likelihood: 0.0
CE loss: 0.0
Experiment 87804
Epoch 0156 [Test seq (cond on sampled tp)] | Loss 7733.710449 | Likelihood -7738.571777 | KL fp 5.4978 | FP STD 0.0084|
KL coef: 0.769464181681474
Train loss (one batch): 7062.0048828125
Train CE loss (one batch): 0.0
Test MSE: 0.0155
Poisson likelihood: 0.0
CE loss: 0.0
Experiment 87804
Epoch 0157 [Test seq (cond on sampled tp)] | Loss 7743.294922 | Likelihood -7742.813965 | KL fp 5.3955 | FP STD 0.0093|
KL coef: 0.7717695398646593
Train loss (one batch): 7084.75830078125
Train CE loss (one batch): 0.0
Test MSE: 0.0155
Poisson likelihood: 0.0
CE loss: 0.0
Experiment 87804
Epoch 0158 [Test seq (cond on sampled tp)] | Loss 7744.060547 | Likelihood -7743.735840 | KL fp 5.2879 | FP STD 0.0100|
KL coef: 0.7740518444660127
Train loss (one batch): 7080.70166015625
Train CE loss (one batch): 0.0
Test MSE: 0.0155
Poisson likelihood: 0.0
CE loss: 0.0
Experiment 87804
Epoch 0159 [Test seq (cond on sampled tp)] | Loss 7703.375977 | Likelihood -7701.634277 | KL fp 5.2784 | FP STD 0.0099|
KL coef: 0.7763113260213526
Train loss (one batch): 7039.28369140625
Train CE loss (one batch): 0.0
Test MSE: 0.0154
Poisson likelihood: 0.0
CE loss: 0.0
Experiment 87804
Epoch 0160 [Test seq (cond on sampled tp)] | Loss 7686.895996 | Likelihood -7684.076660 | KL fp 5.4913 | FP STD 0.0084|
KL coef: 0.7785482127611391
Train loss (one batch): 7032.5947265625
Train CE loss (one batch): 0.0
Test MSE: 0.0154
Poisson likelihood: 0.0
CE loss: 0.0
Experiment 87804
Epoch 0161 [Test seq (cond on sampled tp)] | Loss 7698.251465 | Likelihood -7697.223145 | KL fp 5.4836 | FP STD 0.0088|
KL coef: 0.7807627306335276
Train loss (one batch): 6994.75048828125
Train CE loss (one batch): 0.0
Test MSE: 0.0154
Poisson likelihood: 0.0
CE loss: 0.0
Experiment 87804
Epoch 0162 [Test seq (cond on sampled tp)] | Loss 7661.678223 | Likelihood -7666.717285 | KL fp 5.4110 | FP STD 0.0090|
KL coef: 0.7829551033271924
Train loss (one batch): 7030.05908203125
Train CE loss (one batch): 0.0
Test MSE: 0.0153
Poisson likelihood: 0.0
CE loss: 0.0
Experiment 87804
Epoch 0163 [Test seq (cond on sampled tp)] | Loss 7670.493652 | Likelihood -7670.025391 | KL fp 5.4864 | FP STD 0.0084|
KL coef: 0.7851255522939204
Train loss (one batch): 7007.20263671875
Train CE loss (one batch): 0.0
Test MSE: 0.0154
Poisson likelihood: 0.0
CE loss: 0.0
Experiment 87804
Epoch 0164 [Test seq (cond on sampled tp)] | Loss 7656.880371 | Likelihood -7656.614746 | KL fp 5.4988 | FP STD 0.0084|
KL coef: 0.7872742967709813
Train loss (one batch): 7004.74267578125
Train CE loss (one batch): 0.0
Test MSE: 0.0153
Poisson likelihood: 0.0
CE loss: 0.0
Experiment 87804
Epoch 0165 [Test seq (cond on sampled tp)] | Loss 7641.106934 | Likelihood -7638.265137 | KL fp 5.4525 | FP STD 0.0085|
KL coef: 0.7894015538032715
Train loss (one batch): 6972.59765625
Train CE loss (one batch): 0.0
Test MSE: 0.0153
Poisson likelihood: 0.0
CE loss: 0.0
Experiment 87804
Epoch 0166 [Test seq (cond on sampled tp)] | Loss 7633.661621 | Likelihood -7641.914062 | KL fp 5.4359 | FP STD 0.0090|
KL coef: 0.7915075382652388
Train loss (one batch): 6933.728515625
Train CE loss (one batch): 0.0
Test MSE: 0.0153
Poisson likelihood: 0.0
CE loss: 0.0
Experiment 87804
Epoch 0167 [Test seq (cond on sampled tp)] | Loss 7622.517090 | Likelihood -7622.533203 | KL fp 5.4097 | FP STD 0.0090|
KL coef: 0.7935924628825863
Train loss (one batch): 6953.5009765625
Train CE loss (one batch): 0.0
Test MSE: 0.0153
Poisson likelihood: 0.0
CE loss: 0.0
Experiment 87804
Epoch 0168 [Test seq (cond on sampled tp)] | Loss 7601.870117 | Likelihood -7600.417480 | KL fp 5.4376 | FP STD 0.0091|
KL coef: 0.7956565382537605
Train loss (one batch): 6934.966796875
Train CE loss (one batch): 0.0
Test MSE: 0.0152
Poisson likelihood: 0.0
CE loss: 0.0
Experiment 87804
Epoch 0169 [Test seq (cond on sampled tp)] | Loss 7599.565430 | Likelihood -7598.984375 | KL fp 5.4181 | FP STD 0.0087|
KL coef: 0.7976999728712229
Train loss (one batch): 6931.330078125
Train CE loss (one batch): 0.0
Test MSE: 0.0152
Poisson likelihood: 0.0
CE loss: 0.0
Experiment 87804
Epoch 0170 [Test seq (cond on sampled tp)] | Loss 7577.606445 | Likelihood -7575.979004 | KL fp 5.5360 | FP STD 0.0078|
KL coef: 0.7997229731425107
Train loss (one batch): 6900.6357421875
Train CE loss (one batch): 0.0
Test MSE: 0.0152
Poisson likelihood: 0.0
CE loss: 0.0
Experiment 87804
Epoch 0171 [Test seq (cond on sampled tp)] | Loss 7574.122070 | Likelihood -7575.589355 | KL fp 5.4971 | FP STD 0.0080|
KL coef: 0.8017257434110856
Train loss (one batch): 6871.05859375
Train CE loss (one batch): 0.0
Test MSE: 0.0152
Poisson likelihood: 0.0
CE loss: 0.0
Experiment 87804
Epoch 0172 [Test seq (cond on sampled tp)] | Loss 7566.156738 | Likelihood -7565.882324 | KL fp 5.3506 | FP STD 0.0092|
KL coef: 0.8037084859769748
Train loss (one batch): 6851.337890625
Train CE loss (one batch): 0.0
Test MSE: 0.0151
Poisson likelihood: 0.0
CE loss: 0.0
Experiment 87804
Epoch 0173 [Test seq (cond on sampled tp)] | Loss 7564.892090 | Likelihood -7568.776855 | KL fp 5.4050 | FP STD 0.0087|
KL coef: 0.805671401117205
Train loss (one batch): 6835.875
Train CE loss (one batch): 0.0
Test MSE: 0.0151
Poisson likelihood: 0.0
CE loss: 0.0
Experiment 87804
Epoch 0174 [Test seq (cond on sampled tp)] | Loss 7563.333008 | Likelihood -7577.193359 | KL fp 5.1777 | FP STD 0.0125|
KL coef: 0.8076146871060329
Train loss (one batch): 6862.81884765625
Train CE loss (one batch): 0.0
Test MSE: 0.0152
Poisson likelihood: 0.0
CE loss: 0.0
Experiment 87804
Epoch 0175 [Test seq (cond on sampled tp)] | Loss 7565.261230 | Likelihood -7563.362793 | KL fp 5.3930 | FP STD 0.0096|
KL coef: 0.8095385402349726
Train loss (one batch): 6831.49365234375
Train CE loss (one batch): 0.0
Test MSE: 0.0151
Poisson likelihood: 0.0
CE loss: 0.0
Experiment 87804
Epoch 0176 [Test seq (cond on sampled tp)] | Loss 7521.310059 | Likelihood -7522.187988 | KL fp 5.4853 | FP STD 0.0086|
KL coef: 0.8114431548326229
Train loss (one batch): 6810.21240234375
Train CE loss (one batch): 0.0
Test MSE: 0.0151
Poisson likelihood: 0.0
CE loss: 0.0
Experiment 87804
Epoch 0177 [Test seq (cond on sampled tp)] | Loss 7517.615723 | Likelihood -7522.774902 | KL fp 5.4346 | FP STD 0.0086|
KL coef: 0.8133287232842966
Train loss (one batch): 6829.759765625
Train CE loss (one batch): 0.0
Test MSE: 0.0151
Poisson likelihood: 0.0
CE loss: 0.0
Experiment 87804
Epoch 0178 [Test seq (cond on sampled tp)] | Loss 7531.242188 | Likelihood -7533.295410 | KL fp 5.4385 | FP STD 0.0088|
KL coef: 0.8151954360514537
Train loss (one batch): 6783.37158203125
Train CE loss (one batch): 0.0
Test MSE: 0.0151
Poisson likelihood: 0.0
CE loss: 0.0
Experiment 87804
Epoch 0179 [Test seq (cond on sampled tp)] | Loss 7515.354004 | Likelihood -7514.492188 | KL fp 5.5193 | FP STD 0.0079|
KL coef: 0.8170434816909391
Train loss (one batch): 6776.15771484375
Train CE loss (one batch): 0.0
Test MSE: 0.0150
Poisson likelihood: 0.0
CE loss: 0.0
Experiment 87804
Epoch 0180 [Test seq (cond on sampled tp)] | Loss 7498.104492 | Likelihood -7506.895020 | KL fp 5.5270 | FP STD 0.0078|
KL coef: 0.8188730468740297
Train loss (one batch): 6757.6767578125
Train CE loss (one batch): 0.0
Test MSE: 0.0150
Poisson likelihood: 0.0
CE loss: 0.0
Experiment 87804
Epoch 0181 [Test seq (cond on sampled tp)] | Loss 7484.721680 | Likelihood -7483.767578 | KL fp 5.4215 | FP STD 0.0088|
KL coef: 0.8206843164052895
Train loss (one batch): 6717.36328125
Train CE loss (one batch): 0.0
Test MSE: 0.0150
Poisson likelihood: 0.0
CE loss: 0.0
Experiment 87804
Epoch 0182 [Test seq (cond on sampled tp)] | Loss 7492.455078 | Likelihood -7499.330078 | KL fp 5.4004 | FP STD 0.0088|
KL coef: 0.8224774732412365
Train loss (one batch): 6752.73779296875
Train CE loss (one batch): 0.0
Test MSE: 0.0150
Poisson likelihood: 0.0
CE loss: 0.0
Experiment 87804
Epoch 0183 [Test seq (cond on sampled tp)] | Loss 7478.648438 | Likelihood -7478.103516 | KL fp 5.4390 | FP STD 0.0084|
KL coef: 0.8242526985088242
Train loss (one batch): 6736.72802734375
Train CE loss (one batch): 0.0
Test MSE: 0.0150
Poisson likelihood: 0.0
CE loss: 0.0
Experiment 87804
Epoch 0184 [Test seq (cond on sampled tp)] | Loss 7472.965332 | Likelihood -7470.759766 | KL fp 5.5405 | FP STD 0.0077|
KL coef: 0.826010171523736
Train loss (one batch): 6697.56787109375
Train CE loss (one batch): 0.0
Test MSE: 0.0150
Poisson likelihood: 0.0
CE loss: 0.0
Experiment 87804
Epoch 0185 [Test seq (cond on sampled tp)] | Loss 7470.984375 | Likelihood -7473.816406 | KL fp 5.3711 | FP STD 0.0100|
KL coef: 0.8277500698084986
Train loss (one batch): 6671.8623046875
Train CE loss (one batch): 0.0
Test MSE: 0.0150
Poisson likelihood: 0.0
CE loss: 0.0
Experiment 87804
Epoch 0186 [Test seq (cond on sampled tp)] | Loss 7399.094238 | Likelihood -7401.133301 | KL fp 5.4696 | FP STD 0.0090|
KL coef: 0.8294725691104137
Train loss (one batch): 6723.32958984375
Train CE loss (one batch): 0.0
Test MSE: 0.0148
Poisson likelihood: 0.0
CE loss: 0.0
Experiment 87804
Epoch 0187 [Test seq (cond on sampled tp)] | Loss 7416.272461 | Likelihood -7416.400879 | KL fp 5.3414 | FP STD 0.0093|
KL coef: 0.8311778434193096
Train loss (one batch): 6685.7333984375
Train CE loss (one batch): 0.0
Test MSE: 0.0148
Poisson likelihood: 0.0
CE loss: 0.0
Experiment 87804
Epoch 0188 [Test seq (cond on sampled tp)] | Loss 7393.017090 | Likelihood -7391.612793 | KL fp 5.4648 | FP STD 0.0083|
KL coef: 0.8328660649851164
Train loss (one batch): 6673.80126953125
Train CE loss (one batch): 0.0
Test MSE: 0.0148
Poisson likelihood: 0.0
CE loss: 0.0
Experiment 87804
Epoch 0189 [Test seq (cond on sampled tp)] | Loss 7425.338379 | Likelihood -7429.342285 | KL fp 5.4858 | FP STD 0.0081|
KL coef: 0.8345374043352652
Train loss (one batch): 6649.640625
Train CE loss (one batch): 0.0
Test MSE: 0.0149
Poisson likelihood: 0.0
CE loss: 0.0
Experiment 87804
Epoch 0190 [Test seq (cond on sampled tp)] | Loss 7381.072754 | Likelihood -7381.250000 | KL fp 5.3840 | FP STD 0.0096|
KL coef: 0.8361920302919126
Train loss (one batch): 6615.4765625
Train CE loss (one batch): 0.0
Test MSE: 0.0148
Poisson likelihood: 0.0
CE loss: 0.0
Experiment 87804
Epoch 0191 [Test seq (cond on sampled tp)] | Loss 7392.557129 | Likelihood -7393.248047 | KL fp 5.4427 | FP STD 0.0100|
KL coef: 0.8378301099889934
Train loss (one batch): 6569.90185546875
Train CE loss (one batch): 0.0
Test MSE: 0.0148
Poisson likelihood: 0.0
CE loss: 0.0
Experiment 87804
Epoch 0192 [Test seq (cond on sampled tp)] | Loss 7370.098145 | Likelihood -7371.459473 | KL fp 5.4371 | FP STD 0.0097|
KL coef: 0.8394518088891035
Train loss (one batch): 6602.3515625
Train CE loss (one batch): 0.0
Test MSE: 0.0148
Poisson likelihood: 0.0
CE loss: 0.0
Experiment 87804
Epoch 0193 [Test seq (cond on sampled tp)] | Loss 7376.168945 | Likelihood -7373.959473 | KL fp 5.3042 | FP STD 0.0104|
KL coef: 0.8410572908002125
Train loss (one batch): 6611.0146484375
Train CE loss (one batch): 0.0
Test MSE: 0.0148
Poisson likelihood: 0.0
CE loss: 0.0
Experiment 87804
Epoch 0194 [Test seq (cond on sampled tp)] | Loss 7338.716309 | Likelihood -7338.134277 | KL fp 5.2770 | FP STD 0.0103|
KL coef: 0.8426467178922104
Train loss (one batch): 6567.359375
Train CE loss (one batch): 0.0
Test MSE: 0.0147
Poisson likelihood: 0.0
CE loss: 0.0
Experiment 87804
Epoch 0195 [Test seq (cond on sampled tp)] | Loss 7357.629883 | Likelihood -7359.140625 | KL fp 5.3351 | FP STD 0.0097|
KL coef: 0.8442202507132883
Train loss (one batch): 6536.50732421875
Train CE loss (one batch): 0.0
Test MSE: 0.0147
Poisson likelihood: 0.0
CE loss: 0.0
Experiment 87804
Epoch 0196 [Test seq (cond on sampled tp)] | Loss 7337.628906 | Likelihood -7336.296875 | KL fp 5.2658 | FP STD 0.0099|
KL coef: 0.8457780482061554
Train loss (one batch): 6508.439453125
Train CE loss (one batch): 0.0
Test MSE: 0.0147
Poisson likelihood: 0.0
CE loss: 0.0
Experiment 87804
Epoch 0197 [Test seq (cond on sampled tp)] | Loss 7304.898926 | Likelihood -7303.993652 | KL fp 5.4159 | FP STD 0.0088|
KL coef: 0.8473202677240939
Train loss (one batch): 6506.4951171875
Train CE loss (one batch): 0.0
Test MSE: 0.0146
Poisson likelihood: 0.0
CE loss: 0.0
Experiment 87804
Epoch 0198 [Test seq (cond on sampled tp)] | Loss 7289.625488 | Likelihood -7287.390625 | KL fp 5.3004 | FP STD 0.0097|
KL coef: 0.8488470650468529
Train loss (one batch): 6530.095703125
Train CE loss (one batch): 0.0
Test MSE: 0.0146
Poisson likelihood: 0.0
CE loss: 0.0
Experiment 87804
Epoch 0199 [Test seq (cond on sampled tp)] | Loss 7271.627930 | Likelihood -7273.082031 | KL fp 5.3423 | FP STD 0.0095|
KL coef: 0.8503585943963844
Train loss (one batch): 6484.1240234375
Train CE loss (one batch): 0.0
Test MSE: 0.0146
Poisson likelihood: 0.0
CE loss: 0.0
Experiment 87804
Epoch 0200 [Test seq (cond on sampled tp)] | Loss 7265.317383 | Likelihood -7264.694824 | KL fp 5.3554 | FP STD 0.0091|
KL coef: 0.8518550084524206
Train loss (one batch): 6468.880859375
Train CE loss (one batch): 0.0
Test MSE: 0.0145
Poisson likelihood: 0.0
CE loss: 0.0
Experiment 87804
Epoch 0201 [Test seq (cond on sampled tp)] | Loss 7251.867188 | Likelihood -7250.518066 | KL fp 5.4140 | FP STD 0.0086|
KL coef: 0.8533364583678963
Train loss (one batch): 6450.1513671875
Train CE loss (one batch): 0.0
Test MSE: 0.0145
Poisson likelihood: 0.0
CE loss: 0.0
Experiment 87804
Epoch 0202 [Test seq (cond on sampled tp)] | Loss 7267.281738 | Likelihood -7265.926270 | KL fp 5.5168 | FP STD 0.0079|
KL coef: 0.8548030937842174
Train loss (one batch): 6474.22314453125
Train CE loss (one batch): 0.0
Test MSE: 0.0145
Poisson likelihood: 0.0
CE loss: 0.0
Experiment 87804
Epoch 0203 [Test seq (cond on sampled tp)] | Loss 7231.745117 | Likelihood -7229.375488 | KL fp 5.4759 | FP STD 0.0083|
KL coef: 0.8562550628463752
Train loss (one batch): 6401.244140625
Train CE loss (one batch): 0.0
Test MSE: 0.0145
Poisson likelihood: 0.0
CE loss: 0.0
Experiment 87804
Epoch 0204 [Test seq (cond on sampled tp)] | Loss 7217.702637 | Likelihood -7217.707520 | KL fp 5.3155 | FP STD 0.0094|
KL coef: 0.8576925122179114
Train loss (one batch): 6451.41259765625
Train CE loss (one batch): 0.0
Test MSE: 0.0144
Poisson likelihood: 0.0
CE loss: 0.0
Experiment 87804
Epoch 0205 [Test seq (cond on sampled tp)] | Loss 7193.891602 | Likelihood -7195.319824 | KL fp 5.5320 | FP STD 0.0078|
KL coef: 0.8591155870957323
Train loss (one batch): 6419.5166015625
Train CE loss (one batch): 0.0
Test MSE: 0.0144
Poisson likelihood: 0.0
CE loss: 0.0
Experiment 87804
Epoch 0206 [Test seq (cond on sampled tp)] | Loss 7191.187988 | Likelihood -7188.951660 | KL fp 5.4381 | FP STD 0.0086|
KL coef: 0.8605244312247751
Train loss (one batch): 6404.88330078125
Train CE loss (one batch): 0.0
Test MSE: 0.0144
Poisson likelihood: 0.0
CE loss: 0.0
Experiment 87804
Epoch 0207 [Test seq (cond on sampled tp)] | Loss 7176.890137 | Likelihood -7176.746582 | KL fp 5.4416 | FP STD 0.0086|
KL coef: 0.8619191869125272
Train loss (one batch): 6386.84130859375
Train CE loss (one batch): 0.0
Test MSE: 0.0144
Poisson likelihood: 0.0
CE loss: 0.0
Experiment 87804
Epoch 0208 [Test seq (cond on sampled tp)] | Loss 7136.199707 | Likelihood -7138.621582 | KL fp 5.4628 | FP STD 0.0082|
KL coef: 0.8632999950434019
Train loss (one batch): 6337.466796875
Train CE loss (one batch): 0.0
Test MSE: 0.0143
Poisson likelihood: 0.0
CE loss: 0.0
Experiment 87804
Epoch 0209 [Test seq (cond on sampled tp)] | Loss 7181.640137 | Likelihood -7178.941406 | KL fp 5.4645 | FP STD 0.0084|
KL coef: 0.864666995092968
Train loss (one batch): 6351.53515625
Train CE loss (one batch): 0.0
Test MSE: 0.0144
Poisson likelihood: 0.0
CE loss: 0.0
Experiment 87804
Epoch 0210 [Test seq (cond on sampled tp)] | Loss 7128.557617 | Likelihood -7128.767578 | KL fp 5.4805 | FP STD 0.0081|
KL coef: 0.8660203251420383
Train loss (one batch): 6308.37060546875
Train CE loss (one batch): 0.0
Test MSE: 0.0143
Poisson likelihood: 0.0
CE loss: 0.0
Experiment 87804
Epoch 0211 [Test seq (cond on sampled tp)] | Loss 7106.416016 | Likelihood -7104.773926 | KL fp 5.3994 | FP STD 0.0086|
KL coef: 0.867360121890618
Train loss (one batch): 6291.91455078125
Train CE loss (one batch): 0.0
Test MSE: 0.0142
Poisson likelihood: 0.0
CE loss: 0.0
Experiment 87804
Epoch 0212 [Test seq (cond on sampled tp)] | Loss 7102.017578 | Likelihood -7104.014160 | KL fp 5.4056 | FP STD 0.0085|
KL coef: 0.8686865206717117
Train loss (one batch): 6258.1953125
Train CE loss (one batch): 0.0
Test MSE: 0.0142
Poisson likelihood: 0.0
CE loss: 0.0
Experiment 87804
Epoch 0213 [Test seq (cond on sampled tp)] | Loss 7091.407227 | Likelihood -7089.021973 | KL fp 5.4736 | FP STD 0.0081|
KL coef: 0.8699996554649946
Train loss (one batch): 6295.36962890625
Train CE loss (one batch): 0.0
Test MSE: 0.0142
Poisson likelihood: 0.0
CE loss: 0.0
Experiment 87804
Epoch 0214 [Test seq (cond on sampled tp)] | Loss 7066.151367 | Likelihood -7076.435059 | KL fp 5.5689 | FP STD 0.0074|
KL coef: 0.8712996589103447
Train loss (one batch): 6225.1298828125
Train CE loss (one batch): 0.0
Test MSE: 0.0142
Poisson likelihood: 0.0
CE loss: 0.0
Experiment 87804
Epoch 0215 [Test seq (cond on sampled tp)] | Loss 7023.896973 | Likelihood -7023.017578 | KL fp 5.2672 | FP STD 0.0100|
KL coef: 0.8725866623212413
Train loss (one batch): 6221.83837890625
Train CE loss (one batch): 0.0
Test MSE: 0.0141
Poisson likelihood: 0.0
CE loss: 0.0
Experiment 87804
Epoch 0216 [Test seq (cond on sampled tp)] | Loss 7049.901855 | Likelihood -7054.119629 | KL fp 5.4309 | FP STD 0.0095|
KL coef: 0.8738607956980289
Train loss (one batch): 6217.375
Train CE loss (one batch): 0.0
Test MSE: 0.0141
Poisson likelihood: 0.0
CE loss: 0.0
Experiment 87804
Epoch 0217 [Test seq (cond on sampled tp)] | Loss 7039.711914 | Likelihood -7047.202637 | KL fp 5.4251 | FP STD 0.0093|
KL coef: 0.8751221877410486
Train loss (one batch): 6224.25341796875
Train CE loss (one batch): 0.0
Test MSE: 0.0141
Poisson likelihood: 0.0
CE loss: 0.0
Experiment 87804
Epoch 0218 [Test seq (cond on sampled tp)] | Loss 7024.952637 | Likelihood -7024.390625 | KL fp 5.4064 | FP STD 0.0091|
KL coef: 0.876370965863638
Train loss (one batch): 6119.83056640625
Train CE loss (one batch): 0.0
Test MSE: 0.0141
Poisson likelihood: 0.0
CE loss: 0.0
Experiment 87804
Epoch 0219 [Test seq (cond on sampled tp)] | Loss 6965.890137 | Likelihood -6967.205566 | KL fp 5.4795 | FP STD 0.0085|
KL coef: 0.8776072562050017
Train loss (one batch): 6134.564453125
Train CE loss (one batch): 0.0
Test MSE: 0.0139
Poisson likelihood: 0.0
CE loss: 0.0
Experiment 87804
Epoch 0220 [Test seq (cond on sampled tp)] | Loss 6950.470703 | Likelihood -6948.037109 | KL fp 5.5160 | FP STD 0.0082|
KL coef: 0.8788311836429517
Train loss (one batch): 6098.64697265625
Train CE loss (one batch): 0.0
Test MSE: 0.0139
Poisson likelihood: 0.0
CE loss: 0.0
Experiment 87804
Epoch 0221 [Test seq (cond on sampled tp)] | Loss 6942.676270 | Likelihood -6943.840332 | KL fp 5.5197 | FP STD 0.0081|
KL coef: 0.8800428718065221
Train loss (one batch): 6127.34765625
Train CE loss (one batch): 0.0
Test MSE: 0.0139
Poisson likelihood: 0.0
CE loss: 0.0
Experiment 87804
Epoch 0222 [Test seq (cond on sampled tp)] | Loss 6894.585938 | Likelihood -6897.630859 | KL fp 5.4412 | FP STD 0.0085|
KL coef: 0.8812424430884569
Train loss (one batch): 6103.08837890625
Train CE loss (one batch): 0.0
Test MSE: 0.0138
Poisson likelihood: 0.0
CE loss: 0.0
Experiment 87804
Epoch 0223 [Test seq (cond on sampled tp)] | Loss 6931.960938 | Likelihood -6937.247559 | KL fp 5.2986 | FP STD 0.0097|
KL coef: 0.8824300186575723
Train loss (one batch): 6037.98583984375
Train CE loss (one batch): 0.0
Test MSE: 0.0139
Poisson likelihood: 0.0
CE loss: 0.0
Experiment 87804
Epoch 0224 [Test seq (cond on sampled tp)] | Loss 6884.509766 | Likelihood -6891.253906 | KL fp 5.3138 | FP STD 0.0094|
KL coef: 0.8836057184709967
Train loss (one batch): 6019.3076171875
Train CE loss (one batch): 0.0
Test MSE: 0.0138
Poisson likelihood: 0.0
CE loss: 0.0
Experiment 87804
Epoch 0225 [Test seq (cond on sampled tp)] | Loss 6853.397461 | Likelihood -6855.515137 | KL fp 5.4331 | FP STD 0.0086|
KL coef: 0.8847696612862866
Train loss (one batch): 5988.17138671875
Train CE loss (one batch): 0.0
Test MSE: 0.0137
Poisson likelihood: 0.0
CE loss: 0.0
Experiment 87804
Epoch 0226 [Test seq (cond on sampled tp)] | Loss 6818.338379 | Likelihood -6815.895996 | KL fp 5.4730 | FP STD 0.0084|
KL coef: 0.8859219646734238
Train loss (one batch): 5941.6826171875
Train CE loss (one batch): 0.0
Test MSE: 0.0136
Poisson likelihood: 0.0
CE loss: 0.0
Experiment 87804
Epoch 0227 [Test seq (cond on sampled tp)] | Loss 6808.440918 | Likelihood -6810.927246 | KL fp 5.3329 | FP STD 0.0092|
KL coef: 0.8870627450266896
Train loss (one batch): 5956.34716796875
Train CE loss (one batch): 0.0
Test MSE: 0.0136
Poisson likelihood: 0.0
CE loss: 0.0
Experiment 87804
Epoch 0228 [Test seq (cond on sampled tp)] | Loss 6773.359863 | Likelihood -6775.393066 | KL fp 5.3158 | FP STD 0.0093|
KL coef: 0.8881921175764227
Train loss (one batch): 5918.0390625
Train CE loss (one batch): 0.0
Test MSE: 0.0136
Poisson likelihood: 0.0
CE loss: 0.0
Experiment 87804
Epoch 0229 [Test seq (cond on sampled tp)] | Loss 6759.949707 | Likelihood -6757.911621 | KL fp 5.4487 | FP STD 0.0084|
KL coef: 0.8893101964006584
Train loss (one batch): 5897.3916015625
Train CE loss (one batch): 0.0
Test MSE: 0.0135
Poisson likelihood: 0.0
CE loss: 0.0
Experiment 87804
Epoch 0230 [Test seq (cond on sampled tp)] | Loss 6728.513184 | Likelihood -6729.019531 | KL fp 5.3016 | FP STD 0.0099|
KL coef: 0.8904170944366518
Train loss (one batch): 5826.1337890625
Train CE loss (one batch): 0.0
Test MSE: 0.0135
Poisson likelihood: 0.0
CE loss: 0.0
Experiment 87804
Epoch 0231 [Test seq (cond on sampled tp)] | Loss 6717.589355 | Likelihood -6725.327637 | KL fp 5.2179 | FP STD 0.0107|
KL coef: 0.8915129234922854
Train loss (one batch): 5838.189453125
Train CE loss (one batch): 0.0
Test MSE: 0.0135
Poisson likelihood: 0.0
CE loss: 0.0
Experiment 87804
Epoch 0232 [Test seq (cond on sampled tp)] | Loss 6683.973145 | Likelihood -6685.189941 | KL fp 5.2843 | FP STD 0.0102|
KL coef: 0.8925977942573625
Train loss (one batch): 5767.533203125
Train CE loss (one batch): 0.0
Test MSE: 0.0134
Poisson likelihood: 0.0
CE loss: 0.0
Experiment 87804
Epoch 0233 [Test seq (cond on sampled tp)] | Loss 6641.507812 | Likelihood -6639.350098 | KL fp 5.3372 | FP STD 0.0097|
KL coef: 0.8936718163147889
Train loss (one batch): 5769.60546875
Train CE loss (one batch): 0.0
Test MSE: 0.0133
Poisson likelihood: 0.0
CE loss: 0.0
Experiment 87804
Epoch 0234 [Test seq (cond on sampled tp)] | Loss 6589.927734 | Likelihood -6590.787598 | KL fp 5.3701 | FP STD 0.0095|
KL coef: 0.894735098151641
Train loss (one batch): 5702.20556640625
Train CE loss (one batch): 0.0
Test MSE: 0.0132
Poisson likelihood: 0.0
CE loss: 0.0
Experiment 87804
Epoch 0235 [Test seq (cond on sampled tp)] | Loss 6573.833008 | Likelihood -6578.311035 | KL fp 5.4228 | FP STD 0.0088|
KL coef: 0.8957877471701245
Train loss (one batch): 5709.67236328125
Train CE loss (one batch): 0.0
Test MSE: 0.0132
Poisson likelihood: 0.0
CE loss: 0.0
Experiment 87804
Epoch 0236 [Test seq (cond on sampled tp)] | Loss 6542.939941 | Likelihood -6541.142578 | KL fp 5.4292 | FP STD 0.0087|
KL coef: 0.8968298696984233
Train loss (one batch): 5600.162109375
Train CE loss (one batch): 0.0
Test MSE: 0.0131
Poisson likelihood: 0.0
CE loss: 0.0
Experiment 87804
Epoch 0237 [Test seq (cond on sampled tp)] | Loss 6537.166504 | Likelihood -6540.755859 | KL fp 5.1994 | FP STD 0.0106|
KL coef: 0.897861571001439
Train loss (one batch): 5561.1181640625
Train CE loss (one batch): 0.0
Test MSE: 0.0131
Poisson likelihood: 0.0
CE loss: 0.0
Experiment 87804
Epoch 0238 [Test seq (cond on sampled tp)] | Loss 6474.369141 | Likelihood -6475.885254 | KL fp 5.2731 | FP STD 0.0101|
KL coef: 0.8988829552914247
Train loss (one batch): 5566.09912109375
Train CE loss (one batch): 0.0
Test MSE: 0.0130
Poisson likelihood: 0.0
CE loss: 0.0
Experiment 87804
Epoch 0239 [Test seq (cond on sampled tp)] | Loss 6458.685547 | Likelihood -6455.164551 | KL fp 5.3441 | FP STD 0.0092|
KL coef: 0.8998941257385105
Train loss (one batch): 5551.3115234375
Train CE loss (one batch): 0.0
Test MSE: 0.0129
Poisson likelihood: 0.0
CE loss: 0.0
Experiment 87804
Epoch 0240 [Test seq (cond on sampled tp)] | Loss 6410.079590 | Likelihood -6409.593750 | KL fp 5.3856 | FP STD 0.0089|
KL coef: 0.9008951844811254
Train loss (one batch): 5500.1708984375
Train CE loss (one batch): 0.0
Test MSE: 0.0128
Poisson likelihood: 0.0
CE loss: 0.0
Experiment 87804
Epoch 0241 [Test seq (cond on sampled tp)] | Loss 6444.092285 | Likelihood -6450.130371 | KL fp 5.4225 | FP STD 0.0085|
KL coef: 0.9018862326363141
Train loss (one batch): 5463.70458984375
Train CE loss (one batch): 0.0
Test MSE: 0.0129
Poisson likelihood: 0.0
CE loss: 0.0
Experiment 87804
Epoch 0242 [Test seq (cond on sampled tp)] | Loss 6415.701660 | Likelihood -6416.156250 | KL fp 5.3150 | FP STD 0.0094|
KL coef: 0.902867370309951
Train loss (one batch): 5461.3896484375
Train CE loss (one batch): 0.0
Test MSE: 0.0128
Poisson likelihood: 0.0
CE loss: 0.0
Experiment 87804
Epoch 0243 [Test seq (cond on sampled tp)] | Loss 6377.277832 | Likelihood -6375.536621 | KL fp 5.2503 | FP STD 0.0099|
KL coef: 0.9038386966068515
Train loss (one batch): 5384.8154296875
Train CE loss (one batch): 0.0
Test MSE: 0.0128
Poisson likelihood: 0.0
CE loss: 0.0
Experiment 87804
Epoch 0244 [Test seq (cond on sampled tp)] | Loss 6342.781250 | Likelihood -6344.660156 | KL fp 5.3120 | FP STD 0.0095|
KL coef: 0.904800309640783
Train loss (one batch): 5363.2900390625
Train CE loss (one batch): 0.0
Test MSE: 0.0127
Poisson likelihood: 0.0
CE loss: 0.0
Experiment 87804
Epoch 0245 [Test seq (cond on sampled tp)] | Loss 6305.286133 | Likelihood -6310.257812 | KL fp 5.3874 | FP STD 0.0090|
KL coef: 0.9057523065443751
Train loss (one batch): 5405.50634765625
Train CE loss (one batch): 0.0
Test MSE: 0.0126
Poisson likelihood: 0.0
CE loss: 0.0
Experiment 87804
Epoch 0246 [Test seq (cond on sampled tp)] | Loss 6285.292969 | Likelihood -6285.211426 | KL fp 5.4385 | FP STD 0.0088|
KL coef: 0.9066947834789314
Train loss (one batch): 5334.38232421875
Train CE loss (one batch): 0.0
Test MSE: 0.0126
Poisson likelihood: 0.0
CE loss: 0.0
Experiment 87804
Epoch 0247 [Test seq (cond on sampled tp)] | Loss 6277.002930 | Likelihood -6277.906738 | KL fp 5.3475 | FP STD 0.0093|
KL coef: 0.9076278356441421
Train loss (one batch): 5379.11181640625
Train CE loss (one batch): 0.0
Test MSE: 0.0126
Poisson likelihood: 0.0
CE loss: 0.0
Experiment 87804
Epoch 0248 [Test seq (cond on sampled tp)] | Loss 6243.961914 | Likelihood -6251.773926 | KL fp 5.3679 | FP STD 0.0092|
KL coef: 0.9085515572877007
Train loss (one batch): 5332.36572265625
Train CE loss (one batch): 0.0
Test MSE: 0.0125
Poisson likelihood: 0.0
CE loss: 0.0
Experiment 87804
Epoch 0249 [Test seq (cond on sampled tp)] | Loss 6238.143555 | Likelihood -6240.085449 | KL fp 5.4372 | FP STD 0.0085|
KL coef: 0.9094660417148236
Train loss (one batch): 5285.42041015625
Train CE loss (one batch): 0.0
Test MSE: 0.0125
Poisson likelihood: 0.0
CE loss: 0.0
Experiment 87804
Epoch 0250 [Test seq (cond on sampled tp)] | Loss 6193.512207 | Likelihood -6192.873047 | KL fp 5.4606 | FP STD 0.0084|
KL coef: 0.9103713812976754
Train loss (one batch): 5275.90966796875
Train CE loss (one batch): 0.0
Test MSE: 0.0124
Poisson likelihood: 0.0
CE loss: 0.0
Experiment 87804
Epoch 0251 [Test seq (cond on sampled tp)] | Loss 6233.076172 | Likelihood -6231.321777 | KL fp 5.3840 | FP STD 0.0089|
KL coef: 0.9112676674846987
Train loss (one batch): 5231.96484375
Train CE loss (one batch): 0.0
Test MSE: 0.0125
Poisson likelihood: 0.0
CE loss: 0.0
Experiment 87804
Epoch 0252 [Test seq (cond on sampled tp)] | Loss 6154.969727 | Likelihood -6161.156250 | KL fp 5.4804 | FP STD 0.0084|
KL coef: 0.9121549908098516
Train loss (one batch): 5218.36767578125
Train CE loss (one batch): 0.0
Test MSE: 0.0123
Poisson likelihood: 0.0
CE loss: 0.0
Experiment 87804
Epoch 0253 [Test seq (cond on sampled tp)] | Loss 6143.392578 | Likelihood -6154.494629 | KL fp 5.3447 | FP STD 0.0095|
KL coef: 0.9130334409017531
Train loss (one batch): 5188.15478515625
Train CE loss (one batch): 0.0
Test MSE: 0.0123
Poisson likelihood: 0.0
CE loss: 0.0
Experiment 87804
Epoch 0254 [Test seq (cond on sampled tp)] | Loss 6159.490723 | Likelihood -6167.355469 | KL fp 5.3435 | FP STD 0.0094|
KL coef: 0.9139031064927357
Train loss (one batch): 5236.57275390625
Train CE loss (one batch): 0.0
Test MSE: 0.0123
Poisson likelihood: 0.0
CE loss: 0.0
Experiment 87804
Epoch 0255 [Test seq (cond on sampled tp)] | Loss 6124.916504 | Likelihood -6124.080566 | KL fp 5.3621 | FP STD 0.0092|
KL coef: 0.9147640754278082
Train loss (one batch): 5158.9140625
Train CE loss (one batch): 0.0
Test MSE: 0.0123
Poisson likelihood: 0.0
CE loss: 0.0
Experiment 87804
Epoch 0256 [Test seq (cond on sampled tp)] | Loss 6168.213867 | Likelihood -6167.460449 | KL fp 5.3661 | FP STD 0.0090|
KL coef: 0.9156164346735302
Train loss (one batch): 5125.74755859375
Train CE loss (one batch): 0.0
Test MSE: 0.0123
Poisson likelihood: 0.0
CE loss: 0.0
Experiment 87804
Epoch 0257 [Test seq (cond on sampled tp)] | Loss 6090.881348 | Likelihood -6094.582031 | KL fp 5.3857 | FP STD 0.0088|
KL coef: 0.9164602703267949
Train loss (one batch): 5164.77587890625
Train CE loss (one batch): 0.0
Test MSE: 0.0122
Poisson likelihood: 0.0
CE loss: 0.0
Experiment 87804
Epoch 0258 [Test seq (cond on sampled tp)] | Loss 6122.396484 | Likelihood -6121.472656 | KL fp 5.4348 | FP STD 0.0085|
KL coef: 0.9172956676235269
Train loss (one batch): 5119.7177734375
Train CE loss (one batch): 0.0
Test MSE: 0.0123
Poisson likelihood: 0.0
CE loss: 0.0
Experiment 87804
Epoch 0259 [Test seq (cond on sampled tp)] | Loss 6090.984863 | Likelihood -6096.552734 | KL fp 5.3011 | FP STD 0.0096|
KL coef: 0.9181227109472916
Train loss (one batch): 5125.87939453125
Train CE loss (one batch): 0.0
Test MSE: 0.0122
Poisson likelihood: 0.0
CE loss: 0.0
Experiment 87804
Epoch 0260 [Test seq (cond on sampled tp)] | Loss 6085.811035 | Likelihood -6084.451660 | KL fp 5.3297 | FP STD 0.0098|
KL coef: 0.9189414838378187
Train loss (one batch): 5051.3798828125
Train CE loss (one batch): 0.0
Test MSE: 0.0122
Poisson likelihood: 0.0
CE loss: 0.0
Experiment 87804
Epoch 0261 [Test seq (cond on sampled tp)] | Loss 6071.981445 | Likelihood -6076.285156 | KL fp 5.3513 | FP STD 0.0092|
KL coef: 0.9197520689994405
Train loss (one batch): 5114.5
Train CE loss (one batch): 0.0
Test MSE: 0.0122
Poisson likelihood: 0.0
CE loss: 0.0
Experiment 87804
Epoch 0262 [Test seq (cond on sampled tp)] | Loss 6029.655762 | Likelihood -6031.134766 | KL fp 5.3678 | FP STD 0.0092|
KL coef: 0.9205545483094462
Train loss (one batch): 5018.24365234375
Train CE loss (one batch): 0.0
Test MSE: 0.0121
Poisson likelihood: 0.0
CE loss: 0.0
Experiment 87804
Epoch 0263 [Test seq (cond on sampled tp)] | Loss 6006.733887 | Likelihood -6007.919434 | KL fp 5.3857 | FP STD 0.0087|
KL coef: 0.9213490028263517
Train loss (one batch): 5063.0283203125
Train CE loss (one batch): 0.0
Test MSE: 0.0120
Poisson likelihood: 0.0
CE loss: 0.0
Experiment 87804
Epoch 0264 [Test seq (cond on sampled tp)] | Loss 6018.710938 | Likelihood -6019.255859 | KL fp 5.4661 | FP STD 0.0084|
KL coef: 0.9221355127980881
Train loss (one batch): 5069.90234375
Train CE loss (one batch): 0.0
Test MSE: 0.0121
Poisson likelihood: 0.0
CE loss: 0.0
Experiment 87804
Epoch 0265 [Test seq (cond on sampled tp)] | Loss 6013.272461 | Likelihood -6011.597656 | KL fp 5.2979 | FP STD 0.0094|
KL coef: 0.9229141576701073
Train loss (one batch): 4971.921875
Train CE loss (one batch): 0.0
Test MSE: 0.0120
Poisson likelihood: 0.0
CE loss: 0.0
Experiment 87804
Epoch 0266 [Test seq (cond on sampled tp)] | Loss 5985.306641 | Likelihood -5984.334473 | KL fp 5.4817 | FP STD 0.0082|
KL coef: 0.9236850160934063
Train loss (one batch): 5027.703125
Train CE loss (one batch): 0.0
Test MSE: 0.0120
Poisson likelihood: 0.0
CE loss: 0.0
Experiment 87804
Epoch 0267 [Test seq (cond on sampled tp)] | Loss 5976.218750 | Likelihood -5978.839844 | KL fp 5.4540 | FP STD 0.0083|
KL coef: 0.9244481659324721
Train loss (one batch): 4959.9296875
Train CE loss (one batch): 0.0
Test MSE: 0.0120
Poisson likelihood: 0.0
CE loss: 0.0
Experiment 87804
Epoch 0268 [Test seq (cond on sampled tp)] | Loss 6018.243652 | Likelihood -6022.087891 | KL fp 5.2354 | FP STD 0.0100|
KL coef: 0.9252036842731475
Train loss (one batch): 5040.30419921875
Train CE loss (one batch): 0.0
Test MSE: 0.0121
Poisson likelihood: 0.0
CE loss: 0.0
Experiment 87804
Epoch 0269 [Test seq (cond on sampled tp)] | Loss 5964.602051 | Likelihood -5963.332520 | KL fp 5.3829 | FP STD 0.0091|
KL coef: 0.9259516474304159
Train loss (one batch): 4994.86474609375
Train CE loss (one batch): 0.0
Test MSE: 0.0119
Poisson likelihood: 0.0
CE loss: 0.0
Experiment 87804
Epoch 0270 [Test seq (cond on sampled tp)] | Loss 5977.352539 | Likelihood -5977.513184 | KL fp 5.4806 | FP STD 0.0085|
KL coef: 0.9266921309561118
Train loss (one batch): 5031.0244140625
Train CE loss (one batch): 0.0
Test MSE: 0.0120
Poisson likelihood: 0.0
CE loss: 0.0
Experiment 87804
Epoch 0271 [Test seq (cond on sampled tp)] | Loss 5938.375000 | Likelihood -5940.788574 | KL fp 5.4808 | FP STD 0.0082|
KL coef: 0.9274252096465507
Train loss (one batch): 4955.03759765625
Train CE loss (one batch): 0.0
Test MSE: 0.0119
Poisson likelihood: 0.0
CE loss: 0.0
Experiment 87804
Epoch 0272 [Test seq (cond on sampled tp)] | Loss 5919.536621 | Likelihood -5920.067871 | KL fp 5.5196 | FP STD 0.0079|
KL coef: 0.9281509575500851
Train loss (one batch): 4961.97509765625
Train CE loss (one batch): 0.0
Test MSE: 0.0119
Poisson likelihood: 0.0
CE loss: 0.0
Experiment 87804
Epoch 0273 [Test seq (cond on sampled tp)] | Loss 5919.941406 | Likelihood -5922.415527 | KL fp 5.3926 | FP STD 0.0090|
KL coef: 0.9288694479745843
Train loss (one batch): 4972.13525390625
Train CE loss (one batch): 0.0
Test MSE: 0.0119
Poisson likelihood: 0.0
CE loss: 0.0
Experiment 87804
Epoch 0274 [Test seq (cond on sampled tp)] | Loss 5918.547852 | Likelihood -5918.576172 | KL fp 5.3955 | FP STD 0.0090|
KL coef: 0.9295807534948385
Train loss (one batch): 4942.12109375
Train CE loss (one batch): 0.0
Test MSE: 0.0118
Poisson likelihood: 0.0
CE loss: 0.0
Experiment 87804
Epoch 0275 [Test seq (cond on sampled tp)] | Loss 5888.474121 | Likelihood -5889.145020 | KL fp 5.4632 | FP STD 0.0085|
KL coef: 0.9302849459598901
Train loss (one batch): 4968.7900390625
Train CE loss (one batch): 0.0
Test MSE: 0.0118
Poisson likelihood: 0.0
CE loss: 0.0
Experiment 87804
Epoch 0276 [Test seq (cond on sampled tp)] | Loss 5871.228516 | Likelihood -5869.777832 | KL fp 5.4601 | FP STD 0.0083|
KL coef: 0.9309820965002912
Train loss (one batch): 4939.49853515625
Train CE loss (one batch): 0.0
Test MSE: 0.0118
Poisson likelihood: 0.0
CE loss: 0.0
Experiment 87804
Epoch 0277 [Test seq (cond on sampled tp)] | Loss 5913.063477 | Likelihood -5913.349121 | KL fp 5.3813 | FP STD 0.0092|
KL coef: 0.9316722755352883
Train loss (one batch): 4923.982421875
Train CE loss (one batch): 0.0
Test MSE: 0.0118
Poisson likelihood: 0.0
CE loss: 0.0
Experiment 87804
Epoch 0278 [Test seq (cond on sampled tp)] | Loss 5878.357910 | Likelihood -5878.258301 | KL fp 5.4019 | FP STD 0.0088|
KL coef: 0.9323555527799354
Train loss (one batch): 4903.94482421875
Train CE loss (one batch): 0.0
Test MSE: 0.0118
Poisson likelihood: 0.0
CE loss: 0.0
Experiment 87804
Epoch 0279 [Test seq (cond on sampled tp)] | Loss 5845.942383 | Likelihood -5847.179688 | KL fp 5.4382 | FP STD 0.0084|
KL coef: 0.933031997252136
Train loss (one batch): 4949.59033203125
Train CE loss (one batch): 0.0
Test MSE: 0.0117
Poisson likelihood: 0.0
CE loss: 0.0
Experiment 87804
Epoch 0280 [Test seq (cond on sampled tp)] | Loss 5855.770996 | Likelihood -5856.073730 | KL fp 5.4895 | FP STD 0.0081|
KL coef: 0.9337016772796147
Train loss (one batch): 4894.38427734375
Train CE loss (one batch): 0.0
Test MSE: 0.0117
Poisson likelihood: 0.0
CE loss: 0.0
Experiment 87804
Epoch 0281 [Test seq (cond on sampled tp)] | Loss 5874.622559 | Likelihood -5874.803223 | KL fp 5.4652 | FP STD 0.0081|
KL coef: 0.9343646605068185
Train loss (one batch): 4883.5673828125
Train CE loss (one batch): 0.0
Test MSE: 0.0118
Poisson likelihood: 0.0
CE loss: 0.0
Experiment 87804
Epoch 0282 [Test seq (cond on sampled tp)] | Loss 5840.120605 | Likelihood -5839.546387 | KL fp 5.4091 | FP STD 0.0086|
KL coef: 0.9350210139017503
Train loss (one batch): 4903.212890625
Train CE loss (one batch): 0.0
Test MSE: 0.0117
Poisson likelihood: 0.0
CE loss: 0.0
Experiment 87804
Epoch 0283 [Test seq (cond on sampled tp)] | Loss 5842.290039 | Likelihood -5848.977051 | KL fp 5.4155 | FP STD 0.0083|
KL coef: 0.9356708037627328
Train loss (one batch): 4873.2099609375
Train CE loss (one batch): 0.0
Test MSE: 0.0117
Poisson likelihood: 0.0
CE loss: 0.0
Experiment 87804
Epoch 0284 [Test seq (cond on sampled tp)] | Loss 5853.304688 | Likelihood -5854.794434 | KL fp 5.4056 | FP STD 0.0086|
KL coef: 0.9363140957251055
Train loss (one batch): 4891.408203125
Train CE loss (one batch): 0.0
Test MSE: 0.0117
Poisson likelihood: 0.0
CE loss: 0.0
Experiment 87804
Epoch 0285 [Test seq (cond on sampled tp)] | Loss 5843.673340 | Likelihood -5850.131348 | KL fp 5.4385 | FP STD 0.0083|
KL coef: 0.9369509547678545
Train loss (one batch): 4833.95556640625
Train CE loss (one batch): 0.0
Test MSE: 0.0117
Poisson likelihood: 0.0
CE loss: 0.0
Experiment 87804
Epoch 0286 [Test seq (cond on sampled tp)] | Loss 5803.074707 | Likelihood -5800.567871 | KL fp 5.4282 | FP STD 0.0082|
KL coef: 0.937581445220176
Train loss (one batch): 4856.373046875
Train CE loss (one batch): 0.0
Test MSE: 0.0116
Poisson likelihood: 0.0
CE loss: 0.0
Experiment 87804
Epoch 0287 [Test seq (cond on sampled tp)] | Loss 5821.229004 | Likelihood -5820.771973 | KL fp 5.5343 | FP STD 0.0078|
KL coef: 0.9382056307679741
Train loss (one batch): 4848.5439453125
Train CE loss (one batch): 0.0
Test MSE: 0.0117
Poisson likelihood: 0.0
CE loss: 0.0
Experiment 87804
Epoch 0288 [Test seq (cond on sampled tp)] | Loss 5794.017578 | Likelihood -5792.424316 | KL fp 5.4974 | FP STD 0.0079|
KL coef: 0.9388235744602944
Train loss (one batch): 4834.51220703125
Train CE loss (one batch): 0.0
Test MSE: 0.0116
Poisson likelihood: 0.0
CE loss: 0.0
Experiment 87804
Epoch 0289 [Test seq (cond on sampled tp)] | Loss 5819.995117 | Likelihood -5818.316406 | KL fp 5.4564 | FP STD 0.0080|
KL coef: 0.9394353387156915
Train loss (one batch): 4848.68408203125
Train CE loss (one batch): 0.0
Test MSE: 0.0116
Poisson likelihood: 0.0
CE loss: 0.0
Experiment 87804
Epoch 0290 [Test seq (cond on sampled tp)] | Loss 5809.244629 | Likelihood -5809.659668 | KL fp 5.2903 | FP STD 0.0100|
KL coef: 0.9400409853285345
Train loss (one batch): 4851.923828125
Train CE loss (one batch): 0.0
Test MSE: 0.0116
Poisson likelihood: 0.0
CE loss: 0.0
Experiment 87804
Epoch 0291 [Test seq (cond on sampled tp)] | Loss 5821.291992 | Likelihood -5826.701660 | KL fp 5.1528 | FP STD 0.0111|
KL coef: 0.9406405754752493
Train loss (one batch): 4818.2978515625
Train CE loss (one batch): 0.0
Test MSE: 0.0117
Poisson likelihood: 0.0
CE loss: 0.0
Experiment 87804
Epoch 0292 [Test seq (cond on sampled tp)] | Loss 5809.732910 | Likelihood -5809.969238 | KL fp 5.1796 | FP STD 0.0107|
KL coef: 0.9412341697204967
Train loss (one batch): 4831.39501953125
Train CE loss (one batch): 0.0
Test MSE: 0.0116
Poisson likelihood: 0.0
CE loss: 0.0
Experiment 87804
Epoch 0293 [Test seq (cond on sampled tp)] | Loss 5792.276367 | Likelihood -5792.334473 | KL fp 5.2611 | FP STD 0.0097|
KL coef: 0.9418218280232917
Train loss (one batch): 4818.208984375
Train CE loss (one batch): 0.0
Test MSE: 0.0116
Poisson likelihood: 0.0
CE loss: 0.0
Experiment 87804
Epoch 0294 [Test seq (cond on sampled tp)] | Loss 5782.053223 | Likelihood -5782.347656 | KL fp 5.2008 | FP STD 0.0101|
KL coef: 0.9424036097430588
Train loss (one batch): 4830.8193359375
Train CE loss (one batch): 0.0
Test MSE: 0.0116
Poisson likelihood: 0.0
CE loss: 0.0
Experiment 87804
Epoch 0295 [Test seq (cond on sampled tp)] | Loss 5779.770508 | Likelihood -5783.972656 | KL fp 5.3254 | FP STD 0.0092|
KL coef: 0.9429795736456282
Train loss (one batch): 4812.82763671875
Train CE loss (one batch): 0.0
Test MSE: 0.0116
Poisson likelihood: 0.0
CE loss: 0.0
Experiment 87804
Epoch 0296 [Test seq (cond on sampled tp)] | Loss 5766.287598 | Likelihood -5772.095215 | KL fp 5.2545 | FP STD 0.0100|
KL coef: 0.9435497779091719
Train loss (one batch): 4826.412109375
Train CE loss (one batch): 0.0
Test MSE: 0.0116
Poisson likelihood: 0.0
CE loss: 0.0
Experiment 87804
Epoch 0297 [Test seq (cond on sampled tp)] | Loss 5773.696777 | Likelihood -5772.622559 | KL fp 5.2450 | FP STD 0.0100|
KL coef: 0.9441142801300803
Train loss (one batch): 4790.59228515625
Train CE loss (one batch): 0.0
Test MSE: 0.0116
Poisson likelihood: 0.0
CE loss: 0.0
Experiment 87804
Epoch 0298 [Test seq (cond on sampled tp)] | Loss 5747.073242 | Likelihood -5748.293457 | KL fp 5.3292 | FP STD 0.0089|
KL coef: 0.9446731373287794
Train loss (one batch): 4774.650390625
Train CE loss (one batch): 0.0
Test MSE: 0.0115
Poisson likelihood: 0.0
CE loss: 0.0
Experiment 87804
Epoch 0299 [Test seq (cond on sampled tp)] | Loss 5743.950195 | Likelihood -5742.732422 | KL fp 5.4240 | FP STD 0.0082|
KL coef: 0.9452264059554917
Train loss (one batch): 4737.58740234375
Train CE loss (one batch): 0.0
Test MSE: 0.0115
Poisson likelihood: 0.0
CE loss: 0.0
Experiment 87804
Epoch 0300 [Test seq (cond on sampled tp)] | Loss 5751.742188 | Likelihood -5747.886719 | KL fp 5.3886 | FP STD 0.0083|
KL coef: 0.9457741418959368
Train loss (one batch): 4781.27734375
Train CE loss (one batch): 0.0
Test MSE: 0.0115
Poisson likelihood: 0.0
CE loss: 0.0
