/Users/deyiliu/Dropbox/UNC/G4/Spring/790/code/latent_ode-master/run_models.py
run_models.py --niters 100 -n 1000 -l 15 --dataset hopper --latent-ode --z0-encoder trans -r 1991 -s 0.3
Experiment 72421
Epoch 0001 [Test seq (cond on sampled tp)] | Loss 49353.488281 | Likelihood -50043.214844 | KL fp 2.3654 | FP STD 0.2079|
KL coef: 0.0
Train loss (one batch): 51554.390625
Train CE loss (one batch): 0.0
Test MSE: 0.1001
Poisson likelihood: 0.0
CE loss: 0.0
Experiment 72421
Epoch 0002 [Test seq (cond on sampled tp)] | Loss 36281.285156 | Likelihood -36559.253906 | KL fp 2.5677 | FP STD 0.1595|
KL coef: 0.0
Train loss (one batch): 37288.046875
Train CE loss (one batch): 0.0
Test MSE: 0.0731
Poisson likelihood: 0.0
CE loss: 0.0
Experiment 72421
Epoch 0003 [Test seq (cond on sampled tp)] | Loss 33703.675781 | Likelihood -33893.308594 | KL fp 2.7084 | FP STD 0.1340|
KL coef: 0.0
Train loss (one batch): 31770.6953125
Train CE loss (one batch): 0.0
Test MSE: 0.0678
Poisson likelihood: 0.0
CE loss: 0.0
Experiment 72421
Epoch 0004 [Test seq (cond on sampled tp)] | Loss 31266.160156 | Likelihood -31658.853516 | KL fp 2.7586 | FP STD 0.1294|
KL coef: 0.0
Train loss (one batch): 31481.904296875
Train CE loss (one batch): 0.0
Test MSE: 0.0633
Poisson likelihood: 0.0
CE loss: 0.0
Experiment 72421
Epoch 0005 [Test seq (cond on sampled tp)] | Loss 31091.757812 | Likelihood -31285.755859 | KL fp 2.7745 | FP STD 0.1238|
KL coef: 0.0
Train loss (one batch): 30853.30078125
Train CE loss (one batch): 0.0
Test MSE: 0.0626
Poisson likelihood: 0.0
CE loss: 0.0
Experiment 72421
Epoch 0006 [Test seq (cond on sampled tp)] | Loss 31219.207031 | Likelihood -31363.218750 | KL fp 2.8197 | FP STD 0.1163|
KL coef: 0.0
Train loss (one batch): 30078.57421875
Train CE loss (one batch): 0.0
Test MSE: 0.0627
Poisson likelihood: 0.0
CE loss: 0.0
Experiment 72421
Epoch 0007 [Test seq (cond on sampled tp)] | Loss 29856.070312 | Likelihood -30130.521484 | KL fp 2.8093 | FP STD 0.1151|
KL coef: 0.0
Train loss (one batch): 28711.177734375
Train CE loss (one batch): 0.0
Test MSE: 0.0603
Poisson likelihood: 0.0
CE loss: 0.0
Experiment 72421
Epoch 0008 [Test seq (cond on sampled tp)] | Loss 29248.939453 | Likelihood -29283.859375 | KL fp 2.8635 | FP STD 0.1098|
KL coef: 0.0
Train loss (one batch): 29336.365234375
Train CE loss (one batch): 0.0
Test MSE: 0.0586
Poisson likelihood: 0.0
CE loss: 0.0
Experiment 72421
Epoch 0009 [Test seq (cond on sampled tp)] | Loss 29049.398438 | Likelihood -29364.093750 | KL fp 2.8375 | FP STD 0.1085|
KL coef: 0.0
Train loss (one batch): 27757.1171875
Train CE loss (one batch): 0.0
Test MSE: 0.0587
Poisson likelihood: 0.0
CE loss: 0.0
Experiment 72421
Epoch 0010 [Test seq (cond on sampled tp)] | Loss 28254.892578 | Likelihood -28384.810547 | KL fp 2.8306 | FP STD 0.1076|
KL coef: 0.0
Train loss (one batch): 27419.939453125
Train CE loss (one batch): 0.0
Test MSE: 0.0568
Poisson likelihood: 0.0
CE loss: 0.0
Experiment 72421
Epoch 0011 [Test seq (cond on sampled tp)] | Loss 26960.671875 | Likelihood -27281.884766 | KL fp 2.8680 | FP STD 0.1050|
KL coef: 0.010000000000000009
Train loss (one batch): 26611.56640625
Train CE loss (one batch): 0.0
Test MSE: 0.0546
Poisson likelihood: 0.0
CE loss: 0.0
Experiment 72421
Epoch 0012 [Test seq (cond on sampled tp)] | Loss 26291.085938 | Likelihood -26460.908203 | KL fp 2.8078 | FP STD 0.1102|
KL coef: 0.01990000000000003
Train loss (one batch): 27274.736328125
Train CE loss (one batch): 0.0
Test MSE: 0.0529
Poisson likelihood: 0.0
CE loss: 0.0
Experiment 72421
Epoch 0013 [Test seq (cond on sampled tp)] | Loss 24958.457031 | Likelihood -25181.947266 | KL fp 2.8040 | FP STD 0.1106|
KL coef: 0.029700999999999977
Train loss (one batch): 24772.470703125
Train CE loss (one batch): 0.0
Test MSE: 0.0504
Poisson likelihood: 0.0
CE loss: 0.0
Experiment 72421
Epoch 0014 [Test seq (cond on sampled tp)] | Loss 24844.734375 | Likelihood -25227.896484 | KL fp 2.7665 | FP STD 0.1129|
KL coef: 0.039403990000000055
Train loss (one batch): 23316.705078125
Train CE loss (one batch): 0.0
Test MSE: 0.0505
Poisson likelihood: 0.0
CE loss: 0.0
Experiment 72421
Epoch 0015 [Test seq (cond on sampled tp)] | Loss 22975.976562 | Likelihood -23189.125000 | KL fp 2.8200 | FP STD 0.1073|
KL coef: 0.04900995010000009
Train loss (one batch): 22777.03125
Train CE loss (one batch): 0.0
Test MSE: 0.0464
Poisson likelihood: 0.0
CE loss: 0.0
Experiment 72421
Epoch 0016 [Test seq (cond on sampled tp)] | Loss 22640.005859 | Likelihood -22717.224609 | KL fp 2.8343 | FP STD 0.1069|
KL coef: 0.058519850599
Train loss (one batch): 22484.556640625
Train CE loss (one batch): 0.0
Test MSE: 0.0454
Poisson likelihood: 0.0
CE loss: 0.0
Experiment 72421
Epoch 0017 [Test seq (cond on sampled tp)] | Loss 22314.734375 | Likelihood -22413.791016 | KL fp 2.8658 | FP STD 0.1015|
KL coef: 0.06793465209301008
Train loss (one batch): 21685.72265625
Train CE loss (one batch): 0.0
Test MSE: 0.0448
Poisson likelihood: 0.0
CE loss: 0.0
Experiment 72421
Epoch 0018 [Test seq (cond on sampled tp)] | Loss 21703.294922 | Likelihood -21839.253906 | KL fp 2.9203 | FP STD 0.0969|
KL coef: 0.07725530557207994
Train loss (one batch): 21433.537109375
Train CE loss (one batch): 0.0
Test MSE: 0.0437
Poisson likelihood: 0.0
CE loss: 0.0
Experiment 72421
Epoch 0019 [Test seq (cond on sampled tp)] | Loss 21514.119141 | Likelihood -21613.164062 | KL fp 2.9407 | FP STD 0.0962|
KL coef: 0.08648275251635917
Train loss (one batch): 21009.375
Train CE loss (one batch): 0.0
Test MSE: 0.0432
Poisson likelihood: 0.0
CE loss: 0.0
Experiment 72421
Epoch 0020 [Test seq (cond on sampled tp)] | Loss 21202.759766 | Likelihood -21310.619141 | KL fp 2.9709 | FP STD 0.0913|
KL coef: 0.09561792499119559
Train loss (one batch): 20905.419921875
Train CE loss (one batch): 0.0
Test MSE: 0.0426
Poisson likelihood: 0.0
CE loss: 0.0
Experiment 72421
Epoch 0021 [Test seq (cond on sampled tp)] | Loss 21020.175781 | Likelihood -21091.064453 | KL fp 2.9352 | FP STD 0.0929|
KL coef: 0.10466174574128362
Train loss (one batch): 21141.822265625
Train CE loss (one batch): 0.0
Test MSE: 0.0422
Poisson likelihood: 0.0
CE loss: 0.0
Experiment 72421
Epoch 0022 [Test seq (cond on sampled tp)] | Loss 20740.023438 | Likelihood -20849.677734 | KL fp 2.9973 | FP STD 0.0847|
KL coef: 0.11361512828387077
Train loss (one batch): 19953.0078125
Train CE loss (one batch): 0.0
Test MSE: 0.0417
Poisson likelihood: 0.0
CE loss: 0.0
Experiment 72421
Epoch 0023 [Test seq (cond on sampled tp)] | Loss 20389.349609 | Likelihood -20517.833984 | KL fp 3.0449 | FP STD 0.0823|
KL coef: 0.12247897700103216
Train loss (one batch): 20063.380859375
Train CE loss (one batch): 0.0
Test MSE: 0.0410
Poisson likelihood: 0.0
CE loss: 0.0
Experiment 72421
Epoch 0024 [Test seq (cond on sampled tp)] | Loss 20516.691406 | Likelihood -20553.265625 | KL fp 3.0005 | FP STD 0.0855|
KL coef: 0.13125418723102178
Train loss (one batch): 19900.4453125
Train CE loss (one batch): 0.0
Test MSE: 0.0411
Poisson likelihood: 0.0
CE loss: 0.0
Experiment 72421
Epoch 0025 [Test seq (cond on sampled tp)] | Loss 20030.398438 | Likelihood -20087.031250 | KL fp 3.0020 | FP STD 0.0885|
KL coef: 0.13994164535871156
Train loss (one batch): 19644.962890625
Train CE loss (one batch): 0.0
Test MSE: 0.0402
Poisson likelihood: 0.0
CE loss: 0.0
Experiment 72421
Epoch 0026 [Test seq (cond on sampled tp)] | Loss 19521.777344 | Likelihood -19561.597656 | KL fp 2.9890 | FP STD 0.0880|
KL coef: 0.14854222890512447
Train loss (one batch): 18683.6484375
Train CE loss (one batch): 0.0
Test MSE: 0.0391
Poisson likelihood: 0.0
CE loss: 0.0
Experiment 72421
Epoch 0027 [Test seq (cond on sampled tp)] | Loss 18970.001953 | Likelihood -19104.412109 | KL fp 3.0659 | FP STD 0.0834|
KL coef: 0.15705680661607324
Train loss (one batch): 18928.337890625
Train CE loss (one batch): 0.0
Test MSE: 0.0382
Poisson likelihood: 0.0
CE loss: 0.0
Experiment 72421
Epoch 0028 [Test seq (cond on sampled tp)] | Loss 18839.794922 | Likelihood -18894.146484 | KL fp 3.0151 | FP STD 0.0859|
KL coef: 0.1654862385499125
Train loss (one batch): 18532.482421875
Train CE loss (one batch): 0.0
Test MSE: 0.0378
Poisson likelihood: 0.0
CE loss: 0.0
Experiment 72421
Epoch 0029 [Test seq (cond on sampled tp)] | Loss 18584.388672 | Likelihood -18774.029297 | KL fp 3.0188 | FP STD 0.0848|
KL coef: 0.17383137616441335
Train loss (one batch): 18391.53125
Train CE loss (one batch): 0.0
Test MSE: 0.0376
Poisson likelihood: 0.0
CE loss: 0.0
Experiment 72421
Epoch 0030 [Test seq (cond on sampled tp)] | Loss 18715.947266 | Likelihood -18784.570312 | KL fp 3.0012 | FP STD 0.0857|
KL coef: 0.18209306240276923
Train loss (one batch): 18730.9375
Train CE loss (one batch): 0.0
Test MSE: 0.0376
Poisson likelihood: 0.0
CE loss: 0.0
Experiment 72421
Epoch 0031 [Test seq (cond on sampled tp)] | Loss 18489.312500 | Likelihood -18511.359375 | KL fp 3.0807 | FP STD 0.0795|
KL coef: 0.19027213177874158
Train loss (one batch): 18239.98046875
Train CE loss (one batch): 0.0
Test MSE: 0.0370
Poisson likelihood: 0.0
CE loss: 0.0
Experiment 72421
Epoch 0032 [Test seq (cond on sampled tp)] | Loss 18333.113281 | Likelihood -18381.833984 | KL fp 3.0531 | FP STD 0.0810|
KL coef: 0.19836941046095413
Train loss (one batch): 18534.310546875
Train CE loss (one batch): 0.0
Test MSE: 0.0368
Poisson likelihood: 0.0
CE loss: 0.0
Experiment 72421
Epoch 0033 [Test seq (cond on sampled tp)] | Loss 18266.345703 | Likelihood -18344.251953 | KL fp 3.0028 | FP STD 0.0827|
KL coef: 0.20638571635634462
Train loss (one batch): 17467.60546875
Train CE loss (one batch): 0.0
Test MSE: 0.0367
Poisson likelihood: 0.0
CE loss: 0.0
Experiment 72421
Epoch 0034 [Test seq (cond on sampled tp)] | Loss 17899.822266 | Likelihood -17967.171875 | KL fp 3.0934 | FP STD 0.0771|
KL coef: 0.21432185919278124
Train loss (one batch): 17990.8984375
Train CE loss (one batch): 0.0
Test MSE: 0.0359
Poisson likelihood: 0.0
CE loss: 0.0
Experiment 72421
Epoch 0035 [Test seq (cond on sampled tp)] | Loss 17698.289062 | Likelihood -17811.671875 | KL fp 3.1345 | FP STD 0.0785|
KL coef: 0.22217864060085335
Train loss (one batch): 17340.265625
Train CE loss (one batch): 0.0
Test MSE: 0.0356
Poisson likelihood: 0.0
CE loss: 0.0
Experiment 72421
Epoch 0036 [Test seq (cond on sampled tp)] | Loss 17708.855469 | Likelihood -17843.755859 | KL fp 3.0653 | FP STD 0.0806|
KL coef: 0.2299568541948449
Train loss (one batch): 17300.7265625
Train CE loss (one batch): 0.0
Test MSE: 0.0357
Poisson likelihood: 0.0
CE loss: 0.0
Experiment 72421
Epoch 0037 [Test seq (cond on sampled tp)] | Loss 17684.734375 | Likelihood -17742.052734 | KL fp 3.1173 | FP STD 0.0758|
KL coef: 0.23765728565289646
Train loss (one batch): 16916.029296875
Train CE loss (one batch): 0.0
Test MSE: 0.0355
Poisson likelihood: 0.0
CE loss: 0.0
Experiment 72421
Epoch 0038 [Test seq (cond on sampled tp)] | Loss 17430.269531 | Likelihood -17474.154297 | KL fp 3.0642 | FP STD 0.0804|
KL coef: 0.24528071279636743
Train loss (one batch): 17142.59375
Train CE loss (one batch): 0.0
Test MSE: 0.0350
Poisson likelihood: 0.0
CE loss: 0.0
Experiment 72421
Epoch 0039 [Test seq (cond on sampled tp)] | Loss 17451.941406 | Likelihood -17527.007812 | KL fp 3.0780 | FP STD 0.0789|
KL coef: 0.25282790566840385
Train loss (one batch): 17081.298828125
Train CE loss (one batch): 0.0
Test MSE: 0.0351
Poisson likelihood: 0.0
CE loss: 0.0
Experiment 72421
Epoch 0040 [Test seq (cond on sampled tp)] | Loss 17253.894531 | Likelihood -17345.373047 | KL fp 3.1529 | FP STD 0.0737|
KL coef: 0.2602996266117198
Train loss (one batch): 16813.20703125
Train CE loss (one batch): 0.0
Test MSE: 0.0347
Poisson likelihood: 0.0
CE loss: 0.0
Experiment 72421
Epoch 0041 [Test seq (cond on sampled tp)] | Loss 17128.189453 | Likelihood -17186.216797 | KL fp 3.1122 | FP STD 0.0778|
KL coef: 0.26769663034560254
Train loss (one batch): 16260.17578125
Train CE loss (one batch): 0.0
Test MSE: 0.0344
Poisson likelihood: 0.0
CE loss: 0.0
Experiment 72421
Epoch 0042 [Test seq (cond on sampled tp)] | Loss 16862.375000 | Likelihood -16916.861328 | KL fp 3.0927 | FP STD 0.0759|
KL coef: 0.2750196640421466
Train loss (one batch): 16716.458984375
Train CE loss (one batch): 0.0
Test MSE: 0.0338
Poisson likelihood: 0.0
CE loss: 0.0
Experiment 72421
Epoch 0043 [Test seq (cond on sampled tp)] | Loss 16760.412109 | Likelihood -16828.445312 | KL fp 3.1108 | FP STD 0.0769|
KL coef: 0.2822694674017251
Train loss (one batch): 16087.060546875
Train CE loss (one batch): 0.0
Test MSE: 0.0337
Poisson likelihood: 0.0
CE loss: 0.0
Experiment 72421
Epoch 0044 [Test seq (cond on sampled tp)] | Loss 16587.412109 | Likelihood -16609.574219 | KL fp 3.0945 | FP STD 0.0762|
KL coef: 0.2894467727277079
Train loss (one batch): 16025.45703125
Train CE loss (one batch): 0.0
Test MSE: 0.0332
Poisson likelihood: 0.0
CE loss: 0.0
Experiment 72421
Epoch 0045 [Test seq (cond on sampled tp)] | Loss 16602.406250 | Likelihood -16639.291016 | KL fp 3.1226 | FP STD 0.0761|
KL coef: 0.29655230500043084
Train loss (one batch): 15999.146484375
Train CE loss (one batch): 0.0
Test MSE: 0.0333
Poisson likelihood: 0.0
CE loss: 0.0
Experiment 72421
Epoch 0046 [Test seq (cond on sampled tp)] | Loss 16053.056641 | Likelihood -16122.964844 | KL fp 3.1445 | FP STD 0.0740|
KL coef: 0.30358678195042654
Train loss (one batch): 16218.732421875
Train CE loss (one batch): 0.0
Test MSE: 0.0323
Poisson likelihood: 0.0
CE loss: 0.0
Experiment 72421
Epoch 0047 [Test seq (cond on sampled tp)] | Loss 15723.191406 | Likelihood -15845.424805 | KL fp 3.0948 | FP STD 0.0767|
KL coef: 0.3105509141309223
Train loss (one batch): 15506.2578125
Train CE loss (one batch): 0.0
Test MSE: 0.0317
Poisson likelihood: 0.0
CE loss: 0.0
Experiment 72421
Epoch 0048 [Test seq (cond on sampled tp)] | Loss 15404.128906 | Likelihood -15516.213867 | KL fp 3.1064 | FP STD 0.0766|
KL coef: 0.31744540498961304
Train loss (one batch): 14790.6005859375
Train CE loss (one batch): 0.0
Test MSE: 0.0310
Poisson likelihood: 0.0
CE loss: 0.0
Experiment 72421
Epoch 0049 [Test seq (cond on sampled tp)] | Loss 15593.100586 | Likelihood -15622.140625 | KL fp 3.1063 | FP STD 0.0779|
KL coef: 0.3242709509397169
Train loss (one batch): 15042.0322265625
Train CE loss (one batch): 0.0
Test MSE: 0.0313
Poisson likelihood: 0.0
CE loss: 0.0
Experiment 72421
Epoch 0050 [Test seq (cond on sampled tp)] | Loss 15357.794922 | Likelihood -15391.291992 | KL fp 3.1186 | FP STD 0.0755|
KL coef: 0.3310282414303197
Train loss (one batch): 14801.1240234375
Train CE loss (one batch): 0.0
Test MSE: 0.0308
Poisson likelihood: 0.0
CE loss: 0.0
Experiment 72421
Epoch 0051 [Test seq (cond on sampled tp)] | Loss 14908.614258 | Likelihood -15050.081055 | KL fp 3.1440 | FP STD 0.0747|
KL coef: 0.33771795901601653
Train loss (one batch): 14414.318359375
Train CE loss (one batch): 0.0
Test MSE: 0.0301
Poisson likelihood: 0.0
CE loss: 0.0
Experiment 72421
Epoch 0052 [Test seq (cond on sampled tp)] | Loss 14931.955078 | Likelihood -14949.866211 | KL fp 3.1087 | FP STD 0.0756|
KL coef: 0.3443407794258564
Train loss (one batch): 14484.904296875
Train CE loss (one batch): 0.0
Test MSE: 0.0299
Poisson likelihood: 0.0
CE loss: 0.0
Experiment 72421
Epoch 0053 [Test seq (cond on sampled tp)] | Loss 14692.410156 | Likelihood -14724.773438 | KL fp 3.1282 | FP STD 0.0762|
KL coef: 0.35089737163159784
Train loss (one batch): 14151.578125
Train CE loss (one batch): 0.0
Test MSE: 0.0295
Poisson likelihood: 0.0
CE loss: 0.0
Experiment 72421
Epoch 0054 [Test seq (cond on sampled tp)] | Loss 14502.445312 | Likelihood -14525.028320 | KL fp 3.0971 | FP STD 0.0764|
KL coef: 0.3573883979152819
Train loss (one batch): 13919.7265625
Train CE loss (one batch): 0.0
Test MSE: 0.0291
Poisson likelihood: 0.0
CE loss: 0.0
Experiment 72421
Epoch 0055 [Test seq (cond on sampled tp)] | Loss 14436.464844 | Likelihood -14483.461914 | KL fp 3.1449 | FP STD 0.0748|
KL coef: 0.36381451393612907
Train loss (one batch): 13661.1953125
Train CE loss (one batch): 0.0
Test MSE: 0.0290
Poisson likelihood: 0.0
CE loss: 0.0
Experiment 72421
Epoch 0056 [Test seq (cond on sampled tp)] | Loss 14347.555664 | Likelihood -14386.452148 | KL fp 3.1368 | FP STD 0.0752|
KL coef: 0.37017636879676774
Train loss (one batch): 13329.6298828125
Train CE loss (one batch): 0.0
Test MSE: 0.0288
Poisson likelihood: 0.0
CE loss: 0.0
Experiment 72421
Epoch 0057 [Test seq (cond on sampled tp)] | Loss 14188.498047 | Likelihood -14221.906250 | KL fp 3.1368 | FP STD 0.0735|
KL coef: 0.37647460510880004
Train loss (one batch): 13967.7265625
Train CE loss (one batch): 0.0
Test MSE: 0.0285
Poisson likelihood: 0.0
CE loss: 0.0
Experiment 72421
Epoch 0058 [Test seq (cond on sampled tp)] | Loss 14035.172852 | Likelihood -14108.565430 | KL fp 3.2058 | FP STD 0.0712|
KL coef: 0.38270985905771204
Train loss (one batch): 13433.5146484375
Train CE loss (one batch): 0.0
Test MSE: 0.0282
Poisson likelihood: 0.0
CE loss: 0.0
Experiment 72421
Epoch 0059 [Test seq (cond on sampled tp)] | Loss 14141.792969 | Likelihood -14176.114258 | KL fp 3.1642 | FP STD 0.0731|
KL coef: 0.388882760467135
Train loss (one batch): 13499.587890625
Train CE loss (one batch): 0.0
Test MSE: 0.0284
Poisson likelihood: 0.0
CE loss: 0.0
Experiment 72421
Epoch 0060 [Test seq (cond on sampled tp)] | Loss 13725.724609 | Likelihood -13767.417969 | KL fp 3.1981 | FP STD 0.0698|
KL coef: 0.39499393286246365
Train loss (one batch): 13325.529296875
Train CE loss (one batch): 0.0
Test MSE: 0.0275
Poisson likelihood: 0.0
CE loss: 0.0
Experiment 72421
Epoch 0061 [Test seq (cond on sampled tp)] | Loss 13637.952148 | Likelihood -13667.510742 | KL fp 3.1227 | FP STD 0.0746|
KL coef: 0.401043993533839
Train loss (one batch): 12744.576171875
Train CE loss (one batch): 0.0
Test MSE: 0.0273
Poisson likelihood: 0.0
CE loss: 0.0
Experiment 72421
Epoch 0062 [Test seq (cond on sampled tp)] | Loss 13530.949219 | Likelihood -13540.995117 | KL fp 3.2303 | FP STD 0.0684|
KL coef: 0.4070335535985006
Train loss (one batch): 12400.73828125
Train CE loss (one batch): 0.0
Test MSE: 0.0271
Poisson likelihood: 0.0
CE loss: 0.0
Experiment 72421
Epoch 0063 [Test seq (cond on sampled tp)] | Loss 13480.879883 | Likelihood -13492.899414 | KL fp 3.2079 | FP STD 0.0691|
KL coef: 0.41296321806251557
Train loss (one batch): 12867.59765625
Train CE loss (one batch): 0.0
Test MSE: 0.0270
Poisson likelihood: 0.0
CE loss: 0.0
Experiment 72421
Epoch 0064 [Test seq (cond on sampled tp)] | Loss 13260.900391 | Likelihood -13338.524414 | KL fp 3.2393 | FP STD 0.0665|
KL coef: 0.41883358588189046
Train loss (one batch): 12850.076171875
Train CE loss (one batch): 0.0
Test MSE: 0.0267
Poisson likelihood: 0.0
CE loss: 0.0
Experiment 72421
Epoch 0065 [Test seq (cond on sampled tp)] | Loss 13430.977539 | Likelihood -13505.946289 | KL fp 3.2189 | FP STD 0.0679|
KL coef: 0.4246452500230715
Train loss (one batch): 12935.8388671875
Train CE loss (one batch): 0.0
Test MSE: 0.0270
Poisson likelihood: 0.0
CE loss: 0.0
Experiment 72421
Epoch 0066 [Test seq (cond on sampled tp)] | Loss 13376.700195 | Likelihood -13429.797852 | KL fp 3.2360 | FP STD 0.0666|
KL coef: 0.4303987975228408
Train loss (one batch): 12860.1142578125
Train CE loss (one batch): 0.0
Test MSE: 0.0269
Poisson likelihood: 0.0
CE loss: 0.0
Experiment 72421
Epoch 0067 [Test seq (cond on sampled tp)] | Loss 13005.696289 | Likelihood -13098.833008 | KL fp 3.2742 | FP STD 0.0645|
KL coef: 0.4360948095476125
Train loss (one batch): 12456.8798828125
Train CE loss (one batch): 0.0
Test MSE: 0.0262
Poisson likelihood: 0.0
CE loss: 0.0
Experiment 72421
Epoch 0068 [Test seq (cond on sampled tp)] | Loss 13036.185547 | Likelihood -13107.938477 | KL fp 3.2577 | FP STD 0.0678|
KL coef: 0.44173386145213633
Train loss (one batch): 12081.45703125
Train CE loss (one batch): 0.0
Test MSE: 0.0262
Poisson likelihood: 0.0
CE loss: 0.0
Experiment 72421
Epoch 0069 [Test seq (cond on sampled tp)] | Loss 13111.339844 | Likelihood -13138.012695 | KL fp 3.2423 | FP STD 0.0646|
KL coef: 0.4473165228376149
Train loss (one batch): 12031.6220703125
Train CE loss (one batch): 0.0
Test MSE: 0.0263
Poisson likelihood: 0.0
CE loss: 0.0
Experiment 72421
Epoch 0070 [Test seq (cond on sampled tp)] | Loss 12962.756836 | Likelihood -12997.791992 | KL fp 3.2382 | FP STD 0.0669|
KL coef: 0.4528433576092388
Train loss (one batch): 11820.2158203125
Train CE loss (one batch): 0.0
Test MSE: 0.0260
Poisson likelihood: 0.0
CE loss: 0.0
Experiment 72421
Epoch 0071 [Test seq (cond on sampled tp)] | Loss 12660.388672 | Likelihood -12732.750977 | KL fp 3.3296 | FP STD 0.0618|
KL coef: 0.45831492403314644
Train loss (one batch): 11865.9462890625
Train CE loss (one batch): 0.0
Test MSE: 0.0255
Poisson likelihood: 0.0
CE loss: 0.0
Experiment 72421
Epoch 0072 [Test seq (cond on sampled tp)] | Loss 12603.858398 | Likelihood -12729.661133 | KL fp 3.2401 | FP STD 0.0668|
KL coef: 0.463731774792815
Train loss (one batch): 12018.056640625
Train CE loss (one batch): 0.0
Test MSE: 0.0255
Poisson likelihood: 0.0
CE loss: 0.0
Experiment 72421
Epoch 0073 [Test seq (cond on sampled tp)] | Loss 12618.391602 | Likelihood -12688.003906 | KL fp 3.3156 | FP STD 0.0621|
KL coef: 0.46909445704488684
Train loss (one batch): 11585.9833984375
Train CE loss (one batch): 0.0
Test MSE: 0.0254
Poisson likelihood: 0.0
CE loss: 0.0
Experiment 72421
Epoch 0074 [Test seq (cond on sampled tp)] | Loss 12340.517578 | Likelihood -12378.824219 | KL fp 3.3097 | FP STD 0.0628|
KL coef: 0.474403512474438
Train loss (one batch): 11946.8330078125
Train CE loss (one batch): 0.0
Test MSE: 0.0248
Poisson likelihood: 0.0
CE loss: 0.0
Experiment 72421
Epoch 0075 [Test seq (cond on sampled tp)] | Loss 12461.538086 | Likelihood -12491.588867 | KL fp 3.3746 | FP STD 0.0598|
KL coef: 0.4796594773496936
Train loss (one batch): 11568.595703125
Train CE loss (one batch): 0.0
Test MSE: 0.0250
Poisson likelihood: 0.0
CE loss: 0.0
Experiment 72421
Epoch 0076 [Test seq (cond on sampled tp)] | Loss 12534.862305 | Likelihood -12539.996094 | KL fp 3.3233 | FP STD 0.0618|
KL coef: 0.4848628825761967
Train loss (one batch): 11857.6044921875
Train CE loss (one batch): 0.0
Test MSE: 0.0251
Poisson likelihood: 0.0
CE loss: 0.0
Experiment 72421
Epoch 0077 [Test seq (cond on sampled tp)] | Loss 12189.775391 | Likelihood -12206.762695 | KL fp 3.3343 | FP STD 0.0623|
KL coef: 0.4900142537504347
Train loss (one batch): 11297.6484375
Train CE loss (one batch): 0.0
Test MSE: 0.0244
Poisson likelihood: 0.0
CE loss: 0.0
Experiment 72421
Epoch 0078 [Test seq (cond on sampled tp)] | Loss 11976.414062 | Likelihood -12019.723633 | KL fp 3.3439 | FP STD 0.0605|
KL coef: 0.49511411121293036
Train loss (one batch): 11251.224609375
Train CE loss (one batch): 0.0
Test MSE: 0.0241
Poisson likelihood: 0.0
CE loss: 0.0
Experiment 72421
Epoch 0079 [Test seq (cond on sampled tp)] | Loss 11990.097656 | Likelihood -12043.088867 | KL fp 3.3464 | FP STD 0.0620|
KL coef: 0.500162970100801
Train loss (one batch): 12009.8525390625
Train CE loss (one batch): 0.0
Test MSE: 0.0241
Poisson likelihood: 0.0
CE loss: 0.0
Experiment 72421
Epoch 0080 [Test seq (cond on sampled tp)] | Loss 12073.585938 | Likelihood -12108.691406 | KL fp 3.4073 | FP STD 0.0579|
KL coef: 0.505161340399793
Train loss (one batch): 11020.1982421875
Train CE loss (one batch): 0.0
Test MSE: 0.0242
Poisson likelihood: 0.0
CE loss: 0.0
Experiment 72421
Epoch 0081 [Test seq (cond on sampled tp)] | Loss 11988.495117 | Likelihood -11997.949219 | KL fp 3.4227 | FP STD 0.0565|
KL coef: 0.510109726995795
Train loss (one batch): 11446.1083984375
Train CE loss (one batch): 0.0
Test MSE: 0.0240
Poisson likelihood: 0.0
CE loss: 0.0
Experiment 72421
Epoch 0082 [Test seq (cond on sampled tp)] | Loss 12016.440430 | Likelihood -12077.315430 | KL fp 3.3762 | FP STD 0.0583|
KL coef: 0.5150086297258372
Train loss (one batch): 11479.607421875
Train CE loss (one batch): 0.0
Test MSE: 0.0242
Poisson likelihood: 0.0
CE loss: 0.0
Experiment 72421
Epoch 0083 [Test seq (cond on sampled tp)] | Loss 11959.466797 | Likelihood -12000.262695 | KL fp 3.4136 | FP STD 0.0577|
KL coef: 0.5198585434285787
Train loss (one batch): 10945.4658203125
Train CE loss (one batch): 0.0
Test MSE: 0.0240
Poisson likelihood: 0.0
CE loss: 0.0
Experiment 72421
Epoch 0084 [Test seq (cond on sampled tp)] | Loss 11639.152344 | Likelihood -11675.120117 | KL fp 3.3514 | FP STD 0.0594|
KL coef: 0.524659957994293
Train loss (one batch): 11139.5263671875
Train CE loss (one batch): 0.0
Test MSE: 0.0234
Poisson likelihood: 0.0
CE loss: 0.0
Experiment 72421
Epoch 0085 [Test seq (cond on sampled tp)] | Loss 11696.065430 | Likelihood -11746.753906 | KL fp 3.3783 | FP STD 0.0607|
KL coef: 0.5294133584143501
Train loss (one batch): 11322.6923828125
Train CE loss (one batch): 0.0
Test MSE: 0.0235
Poisson likelihood: 0.0
CE loss: 0.0
Experiment 72421
Epoch 0086 [Test seq (cond on sampled tp)] | Loss 11827.634766 | Likelihood -11837.116211 | KL fp 3.3515 | FP STD 0.0589|
KL coef: 0.5341192248302067
Train loss (one batch): 10744.2412109375
Train CE loss (one batch): 0.0
Test MSE: 0.0237
Poisson likelihood: 0.0
CE loss: 0.0
Experiment 72421
Epoch 0087 [Test seq (cond on sampled tp)] | Loss 11570.626953 | Likelihood -11617.143555 | KL fp 3.3673 | FP STD 0.0602|
KL coef: 0.5387780325819045
Train loss (one batch): 10893.6337890625
Train CE loss (one batch): 0.0
Test MSE: 0.0232
Poisson likelihood: 0.0
CE loss: 0.0
Experiment 72421
Epoch 0088 [Test seq (cond on sampled tp)] | Loss 11500.634766 | Likelihood -11519.655273 | KL fp 3.3763 | FP STD 0.0580|
KL coef: 0.5433902522560855
Train loss (one batch): 10769.544921875
Train CE loss (one batch): 0.0
Test MSE: 0.0231
Poisson likelihood: 0.0
CE loss: 0.0
Experiment 72421
Epoch 0089 [Test seq (cond on sampled tp)] | Loss 11343.030273 | Likelihood -11373.399414 | KL fp 3.4384 | FP STD 0.0568|
KL coef: 0.5479563497335247
Train loss (one batch): 11031.1953125
Train CE loss (one batch): 0.0
Test MSE: 0.0228
Poisson likelihood: 0.0
CE loss: 0.0
Experiment 72421
Epoch 0090 [Test seq (cond on sampled tp)] | Loss 11572.272461 | Likelihood -11593.133789 | KL fp 3.4527 | FP STD 0.0566|
KL coef: 0.5524767862361895
Train loss (one batch): 10461.052734375
Train CE loss (one batch): 0.0
Test MSE: 0.0232
Poisson likelihood: 0.0
CE loss: 0.0
Experiment 72421
Epoch 0091 [Test seq (cond on sampled tp)] | Loss 11492.773438 | Likelihood -11522.428711 | KL fp 3.4443 | FP STD 0.0559|
KL coef: 0.5569520183738275
Train loss (one batch): 10736.87109375
Train CE loss (one batch): 0.0
Test MSE: 0.0231
Poisson likelihood: 0.0
CE loss: 0.0
Experiment 72421
Epoch 0092 [Test seq (cond on sampled tp)] | Loss 11446.951172 | Likelihood -11470.507812 | KL fp 3.4374 | FP STD 0.0552|
KL coef: 0.5613824981900892
Train loss (one batch): 10957.953125
Train CE loss (one batch): 0.0
Test MSE: 0.0230
Poisson likelihood: 0.0
CE loss: 0.0
Experiment 72421
Epoch 0093 [Test seq (cond on sampled tp)] | Loss 11518.258789 | Likelihood -11559.407227 | KL fp 3.4270 | FP STD 0.0561|
KL coef: 0.5657686732081884
Train loss (one batch): 10410.541015625
Train CE loss (one batch): 0.0
Test MSE: 0.0231
Poisson likelihood: 0.0
CE loss: 0.0
Experiment 72421
Epoch 0094 [Test seq (cond on sampled tp)] | Loss 11318.182617 | Likelihood -11379.059570 | KL fp 3.4215 | FP STD 0.0554|
KL coef: 0.5701109864761065
Train loss (one batch): 10287.8193359375
Train CE loss (one batch): 0.0
Test MSE: 0.0228
Poisson likelihood: 0.0
CE loss: 0.0
Experiment 72421
Epoch 0095 [Test seq (cond on sampled tp)] | Loss 11383.100586 | Likelihood -11434.950195 | KL fp 3.4679 | FP STD 0.0542|
KL coef: 0.5744098766113455
Train loss (one batch): 10287.54296875
Train CE loss (one batch): 0.0
Test MSE: 0.0229
Poisson likelihood: 0.0
CE loss: 0.0
Experiment 72421
Epoch 0096 [Test seq (cond on sampled tp)] | Loss 11269.778320 | Likelihood -11318.588867 | KL fp 3.4492 | FP STD 0.0549|
KL coef: 0.578665777845232
Train loss (one batch): 10249.8740234375
Train CE loss (one batch): 0.0
Test MSE: 0.0226
Poisson likelihood: 0.0
CE loss: 0.0
Experiment 72421
Epoch 0097 [Test seq (cond on sampled tp)] | Loss 11240.413086 | Likelihood -11261.727539 | KL fp 3.4783 | FP STD 0.0534|
KL coef: 0.5828791200667797
Train loss (one batch): 10201.173828125
Train CE loss (one batch): 0.0
Test MSE: 0.0225
Poisson likelihood: 0.0
CE loss: 0.0
Experiment 72421
Epoch 0098 [Test seq (cond on sampled tp)] | Loss 11188.189453 | Likelihood -11257.828125 | KL fp 3.4739 | FP STD 0.0529|
KL coef: 0.5870503288661119
Train loss (one batch): 10413.234375
Train CE loss (one batch): 0.0
Test MSE: 0.0225
Poisson likelihood: 0.0
CE loss: 0.0
Experiment 72421
Epoch 0099 [Test seq (cond on sampled tp)] | Loss 11190.115234 | Likelihood -11229.968750 | KL fp 3.5098 | FP STD 0.0523|
KL coef: 0.5911798255774507
Train loss (one batch): 10128.955078125
Train CE loss (one batch): 0.0
Test MSE: 0.0225
Poisson likelihood: 0.0
CE loss: 0.0
Experiment 72421
Epoch 0100 [Test seq (cond on sampled tp)] | Loss 11113.678711 | Likelihood -11149.081055 | KL fp 3.4495 | FP STD 0.0526|
KL coef: 0.5952680273216762
Train loss (one batch): 10387.9921875
Train CE loss (one batch): 0.0
Test MSE: 0.0223
Poisson likelihood: 0.0
CE loss: 0.0
