/Users/deyiliu/Dropbox/UNC/G4/Spring/790/code/latent_ode-master/run_models.py
run_models.py --niters 100 -n 1000 -l 15 --dataset hopper --latent-ode --z0-encoder rnn -r 1991 -s 0.3
Experiment 25778
Epoch 0001 [Test seq (cond on sampled tp)] | Loss 51778.914062 | Likelihood -51969.761719 | KL fp 3.0988 | FP STD 0.1086|
KL coef: 0.0
Train loss (one batch): 61337.35546875
Train CE loss (one batch): 0.0
Test MSE: 0.1040
Poisson likelihood: 0.0
CE loss: 0.0
Experiment 25778
Epoch 0002 [Test seq (cond on sampled tp)] | Loss 30546.990234 | Likelihood -30611.611328 | KL fp 3.3774 | FP STD 0.0675|
KL coef: 0.0
Train loss (one batch): 31636.84765625
Train CE loss (one batch): 0.0
Test MSE: 0.0612
Poisson likelihood: 0.0
CE loss: 0.0
Experiment 25778
Epoch 0003 [Test seq (cond on sampled tp)] | Loss 29185.310547 | Likelihood -29228.458984 | KL fp 3.6133 | FP STD 0.0506|
KL coef: 0.0
Train loss (one batch): 28425.28515625
Train CE loss (one batch): 0.0
Test MSE: 0.0585
Poisson likelihood: 0.0
CE loss: 0.0
Experiment 25778
Epoch 0004 [Test seq (cond on sampled tp)] | Loss 28286.863281 | Likelihood -28507.083984 | KL fp 3.5219 | FP STD 0.0598|
KL coef: 0.0
Train loss (one batch): 28209.357421875
Train CE loss (one batch): 0.0
Test MSE: 0.0570
Poisson likelihood: 0.0
CE loss: 0.0
Experiment 25778
Epoch 0005 [Test seq (cond on sampled tp)] | Loss 28106.074219 | Likelihood -28267.126953 | KL fp 3.7619 | FP STD 0.0520|
KL coef: 0.0
Train loss (one batch): 27634.056640625
Train CE loss (one batch): 0.0
Test MSE: 0.0565
Poisson likelihood: 0.0
CE loss: 0.0
Experiment 25778
Epoch 0006 [Test seq (cond on sampled tp)] | Loss 27987.748047 | Likelihood -28060.695312 | KL fp 4.1218 | FP STD 0.0341|
KL coef: 0.0
Train loss (one batch): 27605.474609375
Train CE loss (one batch): 0.0
Test MSE: 0.0561
Poisson likelihood: 0.0
CE loss: 0.0
Experiment 25778
Epoch 0007 [Test seq (cond on sampled tp)] | Loss 28061.050781 | Likelihood -28189.626953 | KL fp 4.1080 | FP STD 0.0376|
KL coef: 0.0
Train loss (one batch): 27532.0
Train CE loss (one batch): 0.0
Test MSE: 0.0564
Poisson likelihood: 0.0
CE loss: 0.0
Experiment 25778
Epoch 0008 [Test seq (cond on sampled tp)] | Loss 27998.019531 | Likelihood -28025.958984 | KL fp 4.0085 | FP STD 0.0394|
KL coef: 0.0
Train loss (one batch): 27757.76171875
Train CE loss (one batch): 0.0
Test MSE: 0.0561
Poisson likelihood: 0.0
CE loss: 0.0
Experiment 25778
Epoch 0009 [Test seq (cond on sampled tp)] | Loss 28153.265625 | Likelihood -28198.580078 | KL fp 3.7624 | FP STD 0.0476|
KL coef: 0.0
Train loss (one batch): 27646.78515625
Train CE loss (one batch): 0.0
Test MSE: 0.0564
Poisson likelihood: 0.0
CE loss: 0.0
Experiment 25778
Epoch 0010 [Test seq (cond on sampled tp)] | Loss 28071.671875 | Likelihood -28089.009766 | KL fp 3.9551 | FP STD 0.0389|
KL coef: 0.0
Train loss (one batch): 27680.490234375
Train CE loss (one batch): 0.0
Test MSE: 0.0562
Poisson likelihood: 0.0
CE loss: 0.0
Experiment 25778
Epoch 0011 [Test seq (cond on sampled tp)] | Loss 28021.929688 | Likelihood -28111.408203 | KL fp 3.9222 | FP STD 0.0404|
KL coef: 0.010000000000000009
Train loss (one batch): 27795.154296875
Train CE loss (one batch): 0.0
Test MSE: 0.0562
Poisson likelihood: 0.0
CE loss: 0.0
Experiment 25778
Epoch 0012 [Test seq (cond on sampled tp)] | Loss 28027.638672 | Likelihood -28091.525391 | KL fp 3.9511 | FP STD 0.0395|
KL coef: 0.01990000000000003
Train loss (one batch): 27500.220703125
Train CE loss (one batch): 0.0
Test MSE: 0.0562
Poisson likelihood: 0.0
CE loss: 0.0
Experiment 25778
Epoch 0013 [Test seq (cond on sampled tp)] | Loss 27920.849609 | Likelihood -27989.076172 | KL fp 4.2366 | FP STD 0.0298|
KL coef: 0.029700999999999977
Train loss (one batch): 27568.53515625
Train CE loss (one batch): 0.0
Test MSE: 0.0560
Poisson likelihood: 0.0
CE loss: 0.0
Experiment 25778
Epoch 0014 [Test seq (cond on sampled tp)] | Loss 27855.792969 | Likelihood -27914.580078 | KL fp 4.2215 | FP STD 0.0320|
KL coef: 0.039403990000000055
Train loss (one batch): 27450.001953125
Train CE loss (one batch): 0.0
Test MSE: 0.0558
Poisson likelihood: 0.0
CE loss: 0.0
Experiment 25778
Epoch 0015 [Test seq (cond on sampled tp)] | Loss 27806.425781 | Likelihood -28014.382812 | KL fp 3.8931 | FP STD 0.0415|
KL coef: 0.04900995010000009
Train loss (one batch): 27327.271484375
Train CE loss (one batch): 0.0
Test MSE: 0.0560
Poisson likelihood: 0.0
CE loss: 0.0
Experiment 25778
Epoch 0016 [Test seq (cond on sampled tp)] | Loss 27919.394531 | Likelihood -27970.119141 | KL fp 3.6630 | FP STD 0.0411|
KL coef: 0.058519850599
Train loss (one batch): 27346.41796875
Train CE loss (one batch): 0.0
Test MSE: 0.0560
Poisson likelihood: 0.0
CE loss: 0.0
Experiment 25778
Epoch 0017 [Test seq (cond on sampled tp)] | Loss 27574.960938 | Likelihood -27770.765625 | KL fp 4.1554 | FP STD 0.0364|
KL coef: 0.06793465209301008
Train loss (one batch): 27391.412109375
Train CE loss (one batch): 0.0
Test MSE: 0.0556
Poisson likelihood: 0.0
CE loss: 0.0
Experiment 25778
Epoch 0018 [Test seq (cond on sampled tp)] | Loss 27576.371094 | Likelihood -27764.281250 | KL fp 3.5465 | FP STD 0.0515|
KL coef: 0.07725530557207994
Train loss (one batch): 26764.830078125
Train CE loss (one batch): 0.0
Test MSE: 0.0555
Poisson likelihood: 0.0
CE loss: 0.0
Experiment 25778
Epoch 0019 [Test seq (cond on sampled tp)] | Loss 27269.662109 | Likelihood -27341.976562 | KL fp 3.8195 | FP STD 0.0438|
KL coef: 0.08648275251635917
Train loss (one batch): 26894.98828125
Train CE loss (one batch): 0.0
Test MSE: 0.0547
Poisson likelihood: 0.0
CE loss: 0.0
Experiment 25778
Epoch 0020 [Test seq (cond on sampled tp)] | Loss 26658.755859 | Likelihood -26760.375000 | KL fp 4.1960 | FP STD 0.0296|
KL coef: 0.09561792499119559
Train loss (one batch): 26373.994140625
Train CE loss (one batch): 0.0
Test MSE: 0.0535
Poisson likelihood: 0.0
CE loss: 0.0
Experiment 25778
Epoch 0021 [Test seq (cond on sampled tp)] | Loss 26117.863281 | Likelihood -26193.181641 | KL fp 3.8216 | FP STD 0.0412|
KL coef: 0.10466174574128362
Train loss (one batch): 25743.453125
Train CE loss (one batch): 0.0
Test MSE: 0.0524
Poisson likelihood: 0.0
CE loss: 0.0
Experiment 25778
Epoch 0022 [Test seq (cond on sampled tp)] | Loss 24884.617188 | Likelihood -24943.650391 | KL fp 4.1848 | FP STD 0.0346|
KL coef: 0.11361512828387077
Train loss (one batch): 24346.833984375
Train CE loss (one batch): 0.0
Test MSE: 0.0499
Poisson likelihood: 0.0
CE loss: 0.0
Experiment 25778
Epoch 0023 [Test seq (cond on sampled tp)] | Loss 23803.498047 | Likelihood -23848.396484 | KL fp 3.9388 | FP STD 0.0389|
KL coef: 0.12247897700103216
Train loss (one batch): 23204.138671875
Train CE loss (one batch): 0.0
Test MSE: 0.0477
Poisson likelihood: 0.0
CE loss: 0.0
Experiment 25778
Epoch 0024 [Test seq (cond on sampled tp)] | Loss 22657.898438 | Likelihood -22734.763672 | KL fp 3.7898 | FP STD 0.0432|
KL coef: 0.13125418723102178
Train loss (one batch): 22248.80078125
Train CE loss (one batch): 0.0
Test MSE: 0.0455
Poisson likelihood: 0.0
CE loss: 0.0
Experiment 25778
Epoch 0025 [Test seq (cond on sampled tp)] | Loss 21816.021484 | Likelihood -21877.912109 | KL fp 4.0481 | FP STD 0.0365|
KL coef: 0.13994164535871156
Train loss (one batch): 21730.884765625
Train CE loss (one batch): 0.0
Test MSE: 0.0438
Poisson likelihood: 0.0
CE loss: 0.0
Experiment 25778
Epoch 0026 [Test seq (cond on sampled tp)] | Loss 21572.250000 | Likelihood -21682.798828 | KL fp 4.3369 | FP STD 0.0340|
KL coef: 0.14854222890512447
Train loss (one batch): 21045.177734375
Train CE loss (one batch): 0.0
Test MSE: 0.0434
Poisson likelihood: 0.0
CE loss: 0.0
Experiment 25778
Epoch 0027 [Test seq (cond on sampled tp)] | Loss 21137.861328 | Likelihood -21181.054688 | KL fp 4.0219 | FP STD 0.0347|
KL coef: 0.15705680661607324
Train loss (one batch): 20856.69140625
Train CE loss (one batch): 0.0
Test MSE: 0.0424
Poisson likelihood: 0.0
CE loss: 0.0
Experiment 25778
Epoch 0028 [Test seq (cond on sampled tp)] | Loss 20979.738281 | Likelihood -21009.861328 | KL fp 4.2796 | FP STD 0.0289|
KL coef: 0.1654862385499125
Train loss (one batch): 20730.443359375
Train CE loss (one batch): 0.0
Test MSE: 0.0420
Poisson likelihood: 0.0
CE loss: 0.0
Experiment 25778
Epoch 0029 [Test seq (cond on sampled tp)] | Loss 20866.984375 | Likelihood -20955.228516 | KL fp 3.8588 | FP STD 0.0369|
KL coef: 0.17383137616441335
Train loss (one batch): 20350.810546875
Train CE loss (one batch): 0.0
Test MSE: 0.0419
Poisson likelihood: 0.0
CE loss: 0.0
Experiment 25778
Epoch 0030 [Test seq (cond on sampled tp)] | Loss 20699.675781 | Likelihood -20740.902344 | KL fp 4.3535 | FP STD 0.0265|
KL coef: 0.18209306240276923
Train loss (one batch): 20193.736328125
Train CE loss (one batch): 0.0
Test MSE: 0.0415
Poisson likelihood: 0.0
CE loss: 0.0
Experiment 25778
Epoch 0031 [Test seq (cond on sampled tp)] | Loss 20675.771484 | Likelihood -20701.263672 | KL fp 4.7880 | FP STD 0.0201|
KL coef: 0.19027213177874158
Train loss (one batch): 20036.6875
Train CE loss (one batch): 0.0
Test MSE: 0.0414
Poisson likelihood: 0.0
CE loss: 0.0
Experiment 25778
Epoch 0032 [Test seq (cond on sampled tp)] | Loss 20643.486328 | Likelihood -20648.365234 | KL fp 4.5827 | FP STD 0.0216|
KL coef: 0.19836941046095413
Train loss (one batch): 19895.158203125
Train CE loss (one batch): 0.0
Test MSE: 0.0413
Poisson likelihood: 0.0
CE loss: 0.0
Experiment 25778
Epoch 0033 [Test seq (cond on sampled tp)] | Loss 20728.373047 | Likelihood -20763.244141 | KL fp 4.0147 | FP STD 0.0392|
KL coef: 0.20638571635634462
Train loss (one batch): 19864.841796875
Train CE loss (one batch): 0.0
Test MSE: 0.0415
Poisson likelihood: 0.0
CE loss: 0.0
Experiment 25778
Epoch 0034 [Test seq (cond on sampled tp)] | Loss 20559.808594 | Likelihood -20599.892578 | KL fp 4.1718 | FP STD 0.0288|
KL coef: 0.21432185919278124
Train loss (one batch): 19822.240234375
Train CE loss (one batch): 0.0
Test MSE: 0.0412
Poisson likelihood: 0.0
CE loss: 0.0
Experiment 25778
Epoch 0035 [Test seq (cond on sampled tp)] | Loss 20546.921875 | Likelihood -20583.701172 | KL fp 4.1177 | FP STD 0.0318|
KL coef: 0.22217864060085335
Train loss (one batch): 19657.619140625
Train CE loss (one batch): 0.0
Test MSE: 0.0412
Poisson likelihood: 0.0
CE loss: 0.0
Experiment 25778
Epoch 0036 [Test seq (cond on sampled tp)] | Loss 20575.824219 | Likelihood -20590.140625 | KL fp 4.0332 | FP STD 0.0383|
KL coef: 0.2299568541948449
Train loss (one batch): 19834.802734375
Train CE loss (one batch): 0.0
Test MSE: 0.0412
Poisson likelihood: 0.0
CE loss: 0.0
Experiment 25778
Epoch 0037 [Test seq (cond on sampled tp)] | Loss 20433.974609 | Likelihood -20473.103516 | KL fp 3.9456 | FP STD 0.0350|
KL coef: 0.23765728565289646
Train loss (one batch): 19739.67578125
Train CE loss (one batch): 0.0
Test MSE: 0.0410
Poisson likelihood: 0.0
CE loss: 0.0
Experiment 25778
Epoch 0038 [Test seq (cond on sampled tp)] | Loss 20421.406250 | Likelihood -20428.412109 | KL fp 4.3322 | FP STD 0.0267|
KL coef: 0.24528071279636743
Train loss (one batch): 19700.658203125
Train CE loss (one batch): 0.0
Test MSE: 0.0409
Poisson likelihood: 0.0
CE loss: 0.0
Experiment 25778
Epoch 0039 [Test seq (cond on sampled tp)] | Loss 20366.601562 | Likelihood -20417.158203 | KL fp 4.6753 | FP STD 0.0220|
KL coef: 0.25282790566840385
Train loss (one batch): 19515.248046875
Train CE loss (one batch): 0.0
Test MSE: 0.0408
Poisson likelihood: 0.0
CE loss: 0.0
Experiment 25778
Epoch 0040 [Test seq (cond on sampled tp)] | Loss 20408.789062 | Likelihood -20437.095703 | KL fp 4.3658 | FP STD 0.0289|
KL coef: 0.2602996266117198
Train loss (one batch): 19495.498046875
Train CE loss (one batch): 0.0
Test MSE: 0.0409
Poisson likelihood: 0.0
CE loss: 0.0
Experiment 25778
Epoch 0041 [Test seq (cond on sampled tp)] | Loss 20333.673828 | Likelihood -20352.021484 | KL fp 4.3209 | FP STD 0.0271|
KL coef: 0.26769663034560254
Train loss (one batch): 19459.369140625
Train CE loss (one batch): 0.0
Test MSE: 0.0407
Poisson likelihood: 0.0
CE loss: 0.0
Experiment 25778
Epoch 0042 [Test seq (cond on sampled tp)] | Loss 20250.923828 | Likelihood -20267.886719 | KL fp 4.0788 | FP STD 0.0315|
KL coef: 0.2750196640421466
Train loss (one batch): 19220.955078125
Train CE loss (one batch): 0.0
Test MSE: 0.0405
Poisson likelihood: 0.0
CE loss: 0.0
Experiment 25778
Epoch 0043 [Test seq (cond on sampled tp)] | Loss 20233.062500 | Likelihood -20256.890625 | KL fp 4.3171 | FP STD 0.0276|
KL coef: 0.2822694674017251
Train loss (one batch): 19221.54296875
Train CE loss (one batch): 0.0
Test MSE: 0.0405
Poisson likelihood: 0.0
CE loss: 0.0
Experiment 25778
Epoch 0044 [Test seq (cond on sampled tp)] | Loss 20168.869141 | Likelihood -20205.080078 | KL fp 4.3077 | FP STD 0.0250|
KL coef: 0.2894467727277079
Train loss (one batch): 19133.33203125
Train CE loss (one batch): 0.0
Test MSE: 0.0404
Poisson likelihood: 0.0
CE loss: 0.0
Experiment 25778
Epoch 0045 [Test seq (cond on sampled tp)] | Loss 20071.478516 | Likelihood -20100.496094 | KL fp 4.2882 | FP STD 0.0256|
KL coef: 0.29655230500043084
Train loss (one batch): 19228.546875
Train CE loss (one batch): 0.0
Test MSE: 0.0402
Poisson likelihood: 0.0
CE loss: 0.0
Experiment 25778
Epoch 0046 [Test seq (cond on sampled tp)] | Loss 20063.449219 | Likelihood -20126.328125 | KL fp 4.2184 | FP STD 0.0318|
KL coef: 0.30358678195042654
Train loss (one batch): 19132.27734375
Train CE loss (one batch): 0.0
Test MSE: 0.0403
Poisson likelihood: 0.0
CE loss: 0.0
Experiment 25778
Epoch 0047 [Test seq (cond on sampled tp)] | Loss 19994.835938 | Likelihood -20025.828125 | KL fp 4.5479 | FP STD 0.0234|
KL coef: 0.3105509141309223
Train loss (one batch): 18956.185546875
Train CE loss (one batch): 0.0
Test MSE: 0.0401
Poisson likelihood: 0.0
CE loss: 0.0
Experiment 25778
Epoch 0048 [Test seq (cond on sampled tp)] | Loss 19856.097656 | Likelihood -19898.306641 | KL fp 4.4254 | FP STD 0.0247|
KL coef: 0.31744540498961304
Train loss (one batch): 18823.388671875
Train CE loss (one batch): 0.0
Test MSE: 0.0398
Poisson likelihood: 0.0
CE loss: 0.0
Experiment 25778
Epoch 0049 [Test seq (cond on sampled tp)] | Loss 19909.496094 | Likelihood -19948.138672 | KL fp 4.4134 | FP STD 0.0259|
KL coef: 0.3242709509397169
Train loss (one batch): 18928.99609375
Train CE loss (one batch): 0.0
Test MSE: 0.0399
Poisson likelihood: 0.0
CE loss: 0.0
Experiment 25778
Epoch 0050 [Test seq (cond on sampled tp)] | Loss 19789.105469 | Likelihood -19835.599609 | KL fp 4.3047 | FP STD 0.0277|
KL coef: 0.3310282414303197
Train loss (one batch): 18766.6640625
Train CE loss (one batch): 0.0
Test MSE: 0.0397
Poisson likelihood: 0.0
CE loss: 0.0
Experiment 25778
Epoch 0051 [Test seq (cond on sampled tp)] | Loss 19725.886719 | Likelihood -19773.648438 | KL fp 4.4685 | FP STD 0.0271|
KL coef: 0.33771795901601653
Train loss (one batch): 18777.025390625
Train CE loss (one batch): 0.0
Test MSE: 0.0396
Poisson likelihood: 0.0
CE loss: 0.0
Experiment 25778
Epoch 0052 [Test seq (cond on sampled tp)] | Loss 19705.640625 | Likelihood -19734.083984 | KL fp 4.1429 | FP STD 0.0324|
KL coef: 0.3443407794258564
Train loss (one batch): 18594.033203125
Train CE loss (one batch): 0.0
Test MSE: 0.0395
Poisson likelihood: 0.0
CE loss: 0.0
Experiment 25778
Epoch 0053 [Test seq (cond on sampled tp)] | Loss 19517.847656 | Likelihood -19546.490234 | KL fp 4.3442 | FP STD 0.0252|
KL coef: 0.35089737163159784
Train loss (one batch): 18455.849609375
Train CE loss (one batch): 0.0
Test MSE: 0.0391
Poisson likelihood: 0.0
CE loss: 0.0
Experiment 25778
Epoch 0054 [Test seq (cond on sampled tp)] | Loss 19537.757812 | Likelihood -19557.275391 | KL fp 3.9915 | FP STD 0.0336|
KL coef: 0.3573883979152819
Train loss (one batch): 18202.40625
Train CE loss (one batch): 0.0
Test MSE: 0.0391
Poisson likelihood: 0.0
CE loss: 0.0
Experiment 25778
Epoch 0055 [Test seq (cond on sampled tp)] | Loss 19347.156250 | Likelihood -19357.041016 | KL fp 4.0905 | FP STD 0.0325|
KL coef: 0.36381451393612907
Train loss (one batch): 18137.4453125
Train CE loss (one batch): 0.0
Test MSE: 0.0387
Poisson likelihood: 0.0
CE loss: 0.0
Experiment 25778
Epoch 0056 [Test seq (cond on sampled tp)] | Loss 19099.251953 | Likelihood -19141.298828 | KL fp 4.2698 | FP STD 0.0269|
KL coef: 0.37017636879676774
Train loss (one batch): 17862.828125
Train CE loss (one batch): 0.0
Test MSE: 0.0383
Poisson likelihood: 0.0
CE loss: 0.0
Experiment 25778
Epoch 0057 [Test seq (cond on sampled tp)] | Loss 18847.490234 | Likelihood -18862.025391 | KL fp 4.5208 | FP STD 0.0222|
KL coef: 0.37647460510880004
Train loss (one batch): 17522.048828125
Train CE loss (one batch): 0.0
Test MSE: 0.0377
Poisson likelihood: 0.0
CE loss: 0.0
Experiment 25778
Epoch 0058 [Test seq (cond on sampled tp)] | Loss 18724.136719 | Likelihood -18753.175781 | KL fp 4.4604 | FP STD 0.0241|
KL coef: 0.38270985905771204
Train loss (one batch): 17348.28515625
Train CE loss (one batch): 0.0
Test MSE: 0.0375
Poisson likelihood: 0.0
CE loss: 0.0
Experiment 25778
Epoch 0059 [Test seq (cond on sampled tp)] | Loss 18246.208984 | Likelihood -18264.035156 | KL fp 4.5773 | FP STD 0.0200|
KL coef: 0.388882760467135
Train loss (one batch): 16772.26171875
Train CE loss (one batch): 0.0
Test MSE: 0.0365
Poisson likelihood: 0.0
CE loss: 0.0
Experiment 25778
Epoch 0060 [Test seq (cond on sampled tp)] | Loss 17929.009766 | Likelihood -17964.539062 | KL fp 4.2499 | FP STD 0.0278|
KL coef: 0.39499393286246365
Train loss (one batch): 16648.419921875
Train CE loss (one batch): 0.0
Test MSE: 0.0359
Poisson likelihood: 0.0
CE loss: 0.0
Experiment 25778
Epoch 0061 [Test seq (cond on sampled tp)] | Loss 17576.812500 | Likelihood -17601.933594 | KL fp 4.4360 | FP STD 0.0249|
KL coef: 0.401043993533839
Train loss (one batch): 16276.79296875
Train CE loss (one batch): 0.0
Test MSE: 0.0352
Poisson likelihood: 0.0
CE loss: 0.0
Experiment 25778
Epoch 0062 [Test seq (cond on sampled tp)] | Loss 17402.191406 | Likelihood -17430.039062 | KL fp 4.2131 | FP STD 0.0281|
KL coef: 0.4070335535985006
Train loss (one batch): 15985.84375
Train CE loss (one batch): 0.0
Test MSE: 0.0349
Poisson likelihood: 0.0
CE loss: 0.0
Experiment 25778
Epoch 0063 [Test seq (cond on sampled tp)] | Loss 17192.988281 | Likelihood -17254.365234 | KL fp 4.2274 | FP STD 0.0281|
KL coef: 0.41296321806251557
Train loss (one batch): 15799.9033203125
Train CE loss (one batch): 0.0
Test MSE: 0.0345
Poisson likelihood: 0.0
CE loss: 0.0
Experiment 25778
Epoch 0064 [Test seq (cond on sampled tp)] | Loss 16996.875000 | Likelihood -17023.927734 | KL fp 4.4123 | FP STD 0.0236|
KL coef: 0.41883358588189046
Train loss (one batch): 15585.5009765625
Train CE loss (one batch): 0.0
Test MSE: 0.0341
Poisson likelihood: 0.0
CE loss: 0.0
Experiment 25778
Epoch 0065 [Test seq (cond on sampled tp)] | Loss 16822.669922 | Likelihood -16825.775391 | KL fp 4.3270 | FP STD 0.0257|
KL coef: 0.4246452500230715
Train loss (one batch): 15439.9052734375
Train CE loss (one batch): 0.0
Test MSE: 0.0337
Poisson likelihood: 0.0
CE loss: 0.0
Experiment 25778
Epoch 0066 [Test seq (cond on sampled tp)] | Loss 16667.757812 | Likelihood -16675.882812 | KL fp 4.5036 | FP STD 0.0209|
KL coef: 0.4303987975228408
Train loss (one batch): 15297.7705078125
Train CE loss (one batch): 0.0
Test MSE: 0.0334
Poisson likelihood: 0.0
CE loss: 0.0
Experiment 25778
Epoch 0067 [Test seq (cond on sampled tp)] | Loss 16457.949219 | Likelihood -16471.349609 | KL fp 4.3407 | FP STD 0.0241|
KL coef: 0.4360948095476125
Train loss (one batch): 15298.6826171875
Train CE loss (one batch): 0.0
Test MSE: 0.0330
Poisson likelihood: 0.0
CE loss: 0.0
Experiment 25778
Epoch 0068 [Test seq (cond on sampled tp)] | Loss 16333.789062 | Likelihood -16377.929688 | KL fp 4.3155 | FP STD 0.0268|
KL coef: 0.44173386145213633
Train loss (one batch): 15097.0322265625
Train CE loss (one batch): 0.0
Test MSE: 0.0328
Poisson likelihood: 0.0
CE loss: 0.0
Experiment 25778
Epoch 0069 [Test seq (cond on sampled tp)] | Loss 16067.289062 | Likelihood -16115.508789 | KL fp 4.2702 | FP STD 0.0254|
KL coef: 0.4473165228376149
Train loss (one batch): 14979.7822265625
Train CE loss (one batch): 0.0
Test MSE: 0.0322
Poisson likelihood: 0.0
CE loss: 0.0
Experiment 25778
Epoch 0070 [Test seq (cond on sampled tp)] | Loss 16002.196289 | Likelihood -16021.269531 | KL fp 4.2372 | FP STD 0.0268|
KL coef: 0.4528433576092388
Train loss (one batch): 14901.080078125
Train CE loss (one batch): 0.0
Test MSE: 0.0321
Poisson likelihood: 0.0
CE loss: 0.0
Experiment 25778
Epoch 0071 [Test seq (cond on sampled tp)] | Loss 15753.191406 | Likelihood -15757.769531 | KL fp 4.3575 | FP STD 0.0233|
KL coef: 0.45831492403314644
Train loss (one batch): 14729.3642578125
Train CE loss (one batch): 0.0
Test MSE: 0.0315
Poisson likelihood: 0.0
CE loss: 0.0
Experiment 25778
Epoch 0072 [Test seq (cond on sampled tp)] | Loss 15618.292969 | Likelihood -15642.875000 | KL fp 4.5136 | FP STD 0.0209|
KL coef: 0.463731774792815
Train loss (one batch): 14648.939453125
Train CE loss (one batch): 0.0
Test MSE: 0.0313
Poisson likelihood: 0.0
CE loss: 0.0
Experiment 25778
Epoch 0073 [Test seq (cond on sampled tp)] | Loss 15511.198242 | Likelihood -15525.129883 | KL fp 4.4778 | FP STD 0.0228|
KL coef: 0.46909445704488684
Train loss (one batch): 14413.5107421875
Train CE loss (one batch): 0.0
Test MSE: 0.0311
Poisson likelihood: 0.0
CE loss: 0.0
Experiment 25778
Epoch 0074 [Test seq (cond on sampled tp)] | Loss 15169.560547 | Likelihood -15173.148438 | KL fp 4.4917 | FP STD 0.0216|
KL coef: 0.474403512474438
Train loss (one batch): 14289.4560546875
Train CE loss (one batch): 0.0
Test MSE: 0.0304
Poisson likelihood: 0.0
CE loss: 0.0
Experiment 25778
Epoch 0075 [Test seq (cond on sampled tp)] | Loss 15127.935547 | Likelihood -15138.992188 | KL fp 4.4612 | FP STD 0.0222|
KL coef: 0.4796594773496936
Train loss (one batch): 14181.9404296875
Train CE loss (one batch): 0.0
Test MSE: 0.0303
Poisson likelihood: 0.0
CE loss: 0.0
Experiment 25778
Epoch 0076 [Test seq (cond on sampled tp)] | Loss 14871.270508 | Likelihood -14913.609375 | KL fp 4.5653 | FP STD 0.0209|
KL coef: 0.4848628825761967
Train loss (one batch): 14036.3408203125
Train CE loss (one batch): 0.0
Test MSE: 0.0298
Poisson likelihood: 0.0
CE loss: 0.0
Experiment 25778
Epoch 0077 [Test seq (cond on sampled tp)] | Loss 14689.451172 | Likelihood -14693.567383 | KL fp 4.6216 | FP STD 0.0201|
KL coef: 0.4900142537504347
Train loss (one batch): 13876.8408203125
Train CE loss (one batch): 0.0
Test MSE: 0.0294
Poisson likelihood: 0.0
CE loss: 0.0
Experiment 25778
Epoch 0078 [Test seq (cond on sampled tp)] | Loss 14498.698242 | Likelihood -14506.448242 | KL fp 4.4734 | FP STD 0.0235|
KL coef: 0.49511411121293036
Train loss (one batch): 13818.5947265625
Train CE loss (one batch): 0.0
Test MSE: 0.0290
Poisson likelihood: 0.0
CE loss: 0.0
Experiment 25778
Epoch 0079 [Test seq (cond on sampled tp)] | Loss 14247.566406 | Likelihood -14278.769531 | KL fp 4.4175 | FP STD 0.0244|
KL coef: 0.500162970100801
Train loss (one batch): 13652.49609375
Train CE loss (one batch): 0.0
Test MSE: 0.0286
Poisson likelihood: 0.0
CE loss: 0.0
Experiment 25778
Epoch 0080 [Test seq (cond on sampled tp)] | Loss 13985.974609 | Likelihood -14007.957031 | KL fp 4.6423 | FP STD 0.0190|
KL coef: 0.505161340399793
Train loss (one batch): 13315.3193359375
Train CE loss (one batch): 0.0
Test MSE: 0.0280
Poisson likelihood: 0.0
CE loss: 0.0
Experiment 25778
Epoch 0081 [Test seq (cond on sampled tp)] | Loss 13807.687500 | Likelihood -13822.665039 | KL fp 4.4124 | FP STD 0.0239|
KL coef: 0.510109726995795
Train loss (one batch): 13214.900390625
Train CE loss (one batch): 0.0
Test MSE: 0.0277
Poisson likelihood: 0.0
CE loss: 0.0
Experiment 25778
Epoch 0082 [Test seq (cond on sampled tp)] | Loss 13630.896484 | Likelihood -13644.239258 | KL fp 4.3878 | FP STD 0.0242|
KL coef: 0.5150086297258372
Train loss (one batch): 13054.080078125
Train CE loss (one batch): 0.0
Test MSE: 0.0273
Poisson likelihood: 0.0
CE loss: 0.0
Experiment 25778
Epoch 0083 [Test seq (cond on sampled tp)] | Loss 13523.250000 | Likelihood -13547.620117 | KL fp 4.5565 | FP STD 0.0205|
KL coef: 0.5198585434285787
Train loss (one batch): 12931.365234375
Train CE loss (one batch): 0.0
Test MSE: 0.0271
Poisson likelihood: 0.0
CE loss: 0.0
Experiment 25778
Epoch 0084 [Test seq (cond on sampled tp)] | Loss 13424.392578 | Likelihood -13431.105469 | KL fp 4.6443 | FP STD 0.0198|
KL coef: 0.524659957994293
Train loss (one batch): 12649.4755859375
Train CE loss (one batch): 0.0
Test MSE: 0.0269
Poisson likelihood: 0.0
CE loss: 0.0
Experiment 25778
Epoch 0085 [Test seq (cond on sampled tp)] | Loss 13247.221680 | Likelihood -13265.851562 | KL fp 4.6249 | FP STD 0.0195|
KL coef: 0.5294133584143501
Train loss (one batch): 12493.302734375
Train CE loss (one batch): 0.0
Test MSE: 0.0265
Poisson likelihood: 0.0
CE loss: 0.0
Experiment 25778
Epoch 0086 [Test seq (cond on sampled tp)] | Loss 13100.175781 | Likelihood -13099.545898 | KL fp 4.4952 | FP STD 0.0214|
KL coef: 0.5341192248302067
Train loss (one batch): 12423.630859375
Train CE loss (one batch): 0.0
Test MSE: 0.0262
Poisson likelihood: 0.0
CE loss: 0.0
Experiment 25778
Epoch 0087 [Test seq (cond on sampled tp)] | Loss 12978.189453 | Likelihood -13005.034180 | KL fp 4.6751 | FP STD 0.0182|
KL coef: 0.5387780325819045
Train loss (one batch): 12148.2021484375
Train CE loss (one batch): 0.0
Test MSE: 0.0260
Poisson likelihood: 0.0
CE loss: 0.0
Experiment 25778
Epoch 0088 [Test seq (cond on sampled tp)] | Loss 12805.940430 | Likelihood -12812.098633 | KL fp 4.7018 | FP STD 0.0168|
KL coef: 0.5433902522560855
Train loss (one batch): 12045.009765625
Train CE loss (one batch): 0.0
Test MSE: 0.0256
Poisson likelihood: 0.0
CE loss: 0.0
Experiment 25778
Epoch 0089 [Test seq (cond on sampled tp)] | Loss 12671.744141 | Likelihood -12688.187500 | KL fp 4.5993 | FP STD 0.0201|
KL coef: 0.5479563497335247
Train loss (one batch): 11869.6083984375
Train CE loss (one batch): 0.0
Test MSE: 0.0254
Poisson likelihood: 0.0
CE loss: 0.0
Experiment 25778
Epoch 0090 [Test seq (cond on sampled tp)] | Loss 12611.931641 | Likelihood -12637.320312 | KL fp 4.6293 | FP STD 0.0196|
KL coef: 0.5524767862361895
Train loss (one batch): 11820.62890625
Train CE loss (one batch): 0.0
Test MSE: 0.0253
Poisson likelihood: 0.0
CE loss: 0.0
Experiment 25778
Epoch 0091 [Test seq (cond on sampled tp)] | Loss 12525.846680 | Likelihood -12535.730469 | KL fp 4.7112 | FP STD 0.0181|
KL coef: 0.5569520183738275
Train loss (one batch): 11705.578125
Train CE loss (one batch): 0.0
Test MSE: 0.0251
Poisson likelihood: 0.0
CE loss: 0.0
Experiment 25778
Epoch 0092 [Test seq (cond on sampled tp)] | Loss 12404.399414 | Likelihood -12427.488281 | KL fp 4.5077 | FP STD 0.0205|
KL coef: 0.5613824981900892
Train loss (one batch): 11483.3671875
Train CE loss (one batch): 0.0
Test MSE: 0.0249
Poisson likelihood: 0.0
CE loss: 0.0
Experiment 25778
Epoch 0093 [Test seq (cond on sampled tp)] | Loss 12285.838867 | Likelihood -12306.085938 | KL fp 4.6612 | FP STD 0.0177|
KL coef: 0.5657686732081884
Train loss (one batch): 11438.1416015625
Train CE loss (one batch): 0.0
Test MSE: 0.0246
Poisson likelihood: 0.0
CE loss: 0.0
Experiment 25778
Epoch 0094 [Test seq (cond on sampled tp)] | Loss 12300.512695 | Likelihood -12319.178711 | KL fp 4.4712 | FP STD 0.0224|
KL coef: 0.5701109864761065
Train loss (one batch): 11340.8544921875
Train CE loss (one batch): 0.0
Test MSE: 0.0247
Poisson likelihood: 0.0
CE loss: 0.0
Experiment 25778
Epoch 0095 [Test seq (cond on sampled tp)] | Loss 12177.997070 | Likelihood -12180.465820 | KL fp 4.7095 | FP STD 0.0169|
KL coef: 0.5744098766113455
Train loss (one batch): 11296.6572265625
Train CE loss (one batch): 0.0
Test MSE: 0.0244
Poisson likelihood: 0.0
CE loss: 0.0
Experiment 25778
Epoch 0096 [Test seq (cond on sampled tp)] | Loss 12071.105469 | Likelihood -12088.906250 | KL fp 4.8969 | FP STD 0.0146|
KL coef: 0.578665777845232
Train loss (one batch): 11182.8662109375
Train CE loss (one batch): 0.0
Test MSE: 0.0242
Poisson likelihood: 0.0
CE loss: 0.0
Experiment 25778
Epoch 0097 [Test seq (cond on sampled tp)] | Loss 12016.671875 | Likelihood -12020.418945 | KL fp 4.7676 | FP STD 0.0167|
KL coef: 0.5828791200667797
Train loss (one batch): 11078.875
Train CE loss (one batch): 0.0
Test MSE: 0.0241
Poisson likelihood: 0.0
CE loss: 0.0
Experiment 25778
Epoch 0098 [Test seq (cond on sampled tp)] | Loss 11993.741211 | Likelihood -12008.874023 | KL fp 4.6061 | FP STD 0.0199|
KL coef: 0.5870503288661119
Train loss (one batch): 10995.939453125
Train CE loss (one batch): 0.0
Test MSE: 0.0240
Poisson likelihood: 0.0
CE loss: 0.0
Experiment 25778
Epoch 0099 [Test seq (cond on sampled tp)] | Loss 11933.714844 | Likelihood -11935.500000 | KL fp 4.8689 | FP STD 0.0146|
KL coef: 0.5911798255774507
Train loss (one batch): 10911.3193359375
Train CE loss (one batch): 0.0
Test MSE: 0.0239
Poisson likelihood: 0.0
CE loss: 0.0
Experiment 25778
Epoch 0100 [Test seq (cond on sampled tp)] | Loss 11906.884766 | Likelihood -11912.489258 | KL fp 4.7958 | FP STD 0.0153|
KL coef: 0.5952680273216762
Train loss (one batch): 10892.2236328125
Train CE loss (one batch): 0.0
Test MSE: 0.0238
Poisson likelihood: 0.0
CE loss: 0.0
