/Users/deyiliu/Dropbox/UNC/G4/Spring/790/code/latent_ode-master/run_models.py
run_models.py --niters 300 -n 1000 -l 15 --dataset hopper --latent-ode --z0-encoder trans -r 1900 -s 0.3
Experiment 93083
Epoch 0001 [Test seq (cond on sampled tp)] | Loss 55574.468750 | Likelihood -56213.457031 | KL fp 2.1389 | FP STD 0.2199|
KL coef: 0.0
Train loss (one batch): 61337.68359375
Train CE loss (one batch): 0.0
Test MSE: 0.1124
Poisson likelihood: 0.0
CE loss: 0.0
Experiment 93083
Epoch 0002 [Test seq (cond on sampled tp)] | Loss 35820.546875 | Likelihood -36534.628906 | KL fp 2.6416 | FP STD 0.1622|
KL coef: 0.0
Train loss (one batch): 35792.546875
Train CE loss (one batch): 0.0
Test MSE: 0.0731
Poisson likelihood: 0.0
CE loss: 0.0
Experiment 93083
Epoch 0003 [Test seq (cond on sampled tp)] | Loss 32306.533203 | Likelihood -32649.228516 | KL fp 2.8118 | FP STD 0.1288|
KL coef: 0.0
Train loss (one batch): 31554.3984375
Train CE loss (one batch): 0.0
Test MSE: 0.0653
Poisson likelihood: 0.0
CE loss: 0.0
Experiment 93083
Epoch 0004 [Test seq (cond on sampled tp)] | Loss 31279.078125 | Likelihood -31374.310547 | KL fp 2.8904 | FP STD 0.1136|
KL coef: 0.0
Train loss (one batch): 29747.060546875
Train CE loss (one batch): 0.0
Test MSE: 0.0628
Poisson likelihood: 0.0
CE loss: 0.0
Experiment 93083
Epoch 0005 [Test seq (cond on sampled tp)] | Loss 30996.234375 | Likelihood -31398.912109 | KL fp 2.8856 | FP STD 0.1131|
KL coef: 0.0
Train loss (one batch): 28126.845703125
Train CE loss (one batch): 0.0
Test MSE: 0.0628
Poisson likelihood: 0.0
CE loss: 0.0
Experiment 93083
Epoch 0006 [Test seq (cond on sampled tp)] | Loss 29523.585938 | Likelihood -29886.898438 | KL fp 2.8798 | FP STD 0.1153|
KL coef: 0.0
Train loss (one batch): 28677.091796875
Train CE loss (one batch): 0.0
Test MSE: 0.0598
Poisson likelihood: 0.0
CE loss: 0.0
Experiment 93083
Epoch 0007 [Test seq (cond on sampled tp)] | Loss 29137.460938 | Likelihood -29360.812500 | KL fp 2.9223 | FP STD 0.1064|
KL coef: 0.0
Train loss (one batch): 28068.58203125
Train CE loss (one batch): 0.0
Test MSE: 0.0587
Poisson likelihood: 0.0
CE loss: 0.0
Experiment 93083
Epoch 0008 [Test seq (cond on sampled tp)] | Loss 28232.755859 | Likelihood -28477.601562 | KL fp 2.9770 | FP STD 0.0995|
KL coef: 0.0
Train loss (one batch): 28458.9296875
Train CE loss (one batch): 0.0
Test MSE: 0.0570
Poisson likelihood: 0.0
CE loss: 0.0
Experiment 93083
Epoch 0009 [Test seq (cond on sampled tp)] | Loss 28725.464844 | Likelihood -29011.740234 | KL fp 2.9409 | FP STD 0.1043|
KL coef: 0.0
Train loss (one batch): 26754.734375
Train CE loss (one batch): 0.0
Test MSE: 0.0580
Poisson likelihood: 0.0
CE loss: 0.0
Experiment 93083
Epoch 0010 [Test seq (cond on sampled tp)] | Loss 26968.232422 | Likelihood -27083.927734 | KL fp 2.9109 | FP STD 0.1041|
KL coef: 0.0
Train loss (one batch): 26466.865234375
Train CE loss (one batch): 0.0
Test MSE: 0.0542
Poisson likelihood: 0.0
CE loss: 0.0
Experiment 93083
Epoch 0011 [Test seq (cond on sampled tp)] | Loss 25448.708984 | Likelihood -25600.125000 | KL fp 2.9062 | FP STD 0.1044|
KL coef: 0.010000000000000009
Train loss (one batch): 24717.390625
Train CE loss (one batch): 0.0
Test MSE: 0.0512
Poisson likelihood: 0.0
CE loss: 0.0
Experiment 93083
Epoch 0012 [Test seq (cond on sampled tp)] | Loss 25469.742188 | Likelihood -25683.218750 | KL fp 2.8680 | FP STD 0.1098|
KL coef: 0.01990000000000003
Train loss (one batch): 23343.25390625
Train CE loss (one batch): 0.0
Test MSE: 0.0514
Poisson likelihood: 0.0
CE loss: 0.0
Experiment 93083
Epoch 0013 [Test seq (cond on sampled tp)] | Loss 24599.869141 | Likelihood -24776.830078 | KL fp 2.8186 | FP STD 0.1095|
KL coef: 0.029700999999999977
Train loss (one batch): 22072.806640625
Train CE loss (one batch): 0.0
Test MSE: 0.0496
Poisson likelihood: 0.0
CE loss: 0.0
Experiment 93083
Epoch 0014 [Test seq (cond on sampled tp)] | Loss 23703.402344 | Likelihood -23838.494141 | KL fp 2.9122 | FP STD 0.1036|
KL coef: 0.039403990000000055
Train loss (one batch): 22872.578125
Train CE loss (one batch): 0.0
Test MSE: 0.0477
Poisson likelihood: 0.0
CE loss: 0.0
Experiment 93083
Epoch 0015 [Test seq (cond on sampled tp)] | Loss 22687.380859 | Likelihood -22784.181641 | KL fp 3.0206 | FP STD 0.0942|
KL coef: 0.04900995010000009
Train loss (one batch): 22346.18359375
Train CE loss (one batch): 0.0
Test MSE: 0.0456
Poisson likelihood: 0.0
CE loss: 0.0
Experiment 93083
Epoch 0016 [Test seq (cond on sampled tp)] | Loss 23420.865234 | Likelihood -23571.142578 | KL fp 2.9975 | FP STD 0.0910|
KL coef: 0.058519850599
Train loss (one batch): 21058.384765625
Train CE loss (one batch): 0.0
Test MSE: 0.0472
Poisson likelihood: 0.0
CE loss: 0.0
Experiment 93083
Epoch 0017 [Test seq (cond on sampled tp)] | Loss 22189.464844 | Likelihood -22407.958984 | KL fp 3.0756 | FP STD 0.0862|
KL coef: 0.06793465209301008
Train loss (one batch): 20257.34765625
Train CE loss (one batch): 0.0
Test MSE: 0.0448
Poisson likelihood: 0.0
CE loss: 0.0
Experiment 93083
Epoch 0018 [Test seq (cond on sampled tp)] | Loss 22537.798828 | Likelihood -22690.146484 | KL fp 3.0596 | FP STD 0.0872|
KL coef: 0.07725530557207994
Train loss (one batch): 21082.73046875
Train CE loss (one batch): 0.0
Test MSE: 0.0454
Poisson likelihood: 0.0
CE loss: 0.0
Experiment 93083
Epoch 0019 [Test seq (cond on sampled tp)] | Loss 21622.818359 | Likelihood -21773.728516 | KL fp 3.1545 | FP STD 0.0811|
KL coef: 0.08648275251635917
Train loss (one batch): 20568.2734375
Train CE loss (one batch): 0.0
Test MSE: 0.0436
Poisson likelihood: 0.0
CE loss: 0.0
Experiment 93083
Epoch 0020 [Test seq (cond on sampled tp)] | Loss 21548.406250 | Likelihood -21734.580078 | KL fp 3.0698 | FP STD 0.0845|
KL coef: 0.09561792499119559
Train loss (one batch): 20375.685546875
Train CE loss (one batch): 0.0
Test MSE: 0.0435
Poisson likelihood: 0.0
CE loss: 0.0
Experiment 93083
Epoch 0021 [Test seq (cond on sampled tp)] | Loss 21173.464844 | Likelihood -21216.408203 | KL fp 3.1317 | FP STD 0.0795|
KL coef: 0.10466174574128362
Train loss (one batch): 20777.82421875
Train CE loss (one batch): 0.0
Test MSE: 0.0424
Poisson likelihood: 0.0
CE loss: 0.0
Experiment 93083
Epoch 0022 [Test seq (cond on sampled tp)] | Loss 20436.039062 | Likelihood -20515.865234 | KL fp 3.1700 | FP STD 0.0774|
KL coef: 0.11361512828387077
Train loss (one batch): 20101.36328125
Train CE loss (one batch): 0.0
Test MSE: 0.0410
Poisson likelihood: 0.0
CE loss: 0.0
Experiment 93083
Epoch 0023 [Test seq (cond on sampled tp)] | Loss 20069.539062 | Likelihood -20235.000000 | KL fp 3.1705 | FP STD 0.0774|
KL coef: 0.12247897700103216
Train loss (one batch): 20103.359375
Train CE loss (one batch): 0.0
Test MSE: 0.0405
Poisson likelihood: 0.0
CE loss: 0.0
Experiment 93083
Epoch 0024 [Test seq (cond on sampled tp)] | Loss 20387.394531 | Likelihood -20551.650391 | KL fp 3.1853 | FP STD 0.0750|
KL coef: 0.13125418723102178
Train loss (one batch): 19266.548828125
Train CE loss (one batch): 0.0
Test MSE: 0.0411
Poisson likelihood: 0.0
CE loss: 0.0
Experiment 93083
Epoch 0025 [Test seq (cond on sampled tp)] | Loss 20230.576172 | Likelihood -20375.224609 | KL fp 3.1421 | FP STD 0.0766|
KL coef: 0.13994164535871156
Train loss (one batch): 19870.31640625
Train CE loss (one batch): 0.0
Test MSE: 0.0408
Poisson likelihood: 0.0
CE loss: 0.0
Experiment 93083
Epoch 0026 [Test seq (cond on sampled tp)] | Loss 19150.009766 | Likelihood -19281.423828 | KL fp 3.1631 | FP STD 0.0769|
KL coef: 0.14854222890512447
Train loss (one batch): 18862.958984375
Train CE loss (one batch): 0.0
Test MSE: 0.0386
Poisson likelihood: 0.0
CE loss: 0.0
Experiment 93083
Epoch 0027 [Test seq (cond on sampled tp)] | Loss 18209.015625 | Likelihood -18285.744141 | KL fp 3.2456 | FP STD 0.0730|
KL coef: 0.15705680661607324
Train loss (one batch): 18781.7109375
Train CE loss (one batch): 0.0
Test MSE: 0.0366
Poisson likelihood: 0.0
CE loss: 0.0
Experiment 93083
Epoch 0028 [Test seq (cond on sampled tp)] | Loss 18073.306641 | Likelihood -18116.984375 | KL fp 3.2134 | FP STD 0.0734|
KL coef: 0.1654862385499125
Train loss (one batch): 18362.427734375
Train CE loss (one batch): 0.0
Test MSE: 0.0362
Poisson likelihood: 0.0
CE loss: 0.0
Experiment 93083
Epoch 0029 [Test seq (cond on sampled tp)] | Loss 18114.898438 | Likelihood -18188.712891 | KL fp 3.1876 | FP STD 0.0728|
KL coef: 0.17383137616441335
Train loss (one batch): 18514.462890625
Train CE loss (one batch): 0.0
Test MSE: 0.0364
Poisson likelihood: 0.0
CE loss: 0.0
Experiment 93083
Epoch 0030 [Test seq (cond on sampled tp)] | Loss 17987.490234 | Likelihood -18036.982422 | KL fp 3.2704 | FP STD 0.0700|
KL coef: 0.18209306240276923
Train loss (one batch): 18031.275390625
Train CE loss (one batch): 0.0
Test MSE: 0.0361
Poisson likelihood: 0.0
CE loss: 0.0
Experiment 93083
Epoch 0031 [Test seq (cond on sampled tp)] | Loss 17642.394531 | Likelihood -17733.757812 | KL fp 3.1450 | FP STD 0.0743|
KL coef: 0.19027213177874158
Train loss (one batch): 17572.330078125
Train CE loss (one batch): 0.0
Test MSE: 0.0355
Poisson likelihood: 0.0
CE loss: 0.0
Experiment 93083
Epoch 0032 [Test seq (cond on sampled tp)] | Loss 17674.464844 | Likelihood -17746.998047 | KL fp 3.2351 | FP STD 0.0682|
KL coef: 0.19836941046095413
Train loss (one batch): 17711.5234375
Train CE loss (one batch): 0.0
Test MSE: 0.0355
Poisson likelihood: 0.0
CE loss: 0.0
Experiment 93083
Epoch 0033 [Test seq (cond on sampled tp)] | Loss 17328.414062 | Likelihood -17477.693359 | KL fp 3.2561 | FP STD 0.0674|
KL coef: 0.20638571635634462
Train loss (one batch): 17827.6171875
Train CE loss (one batch): 0.0
Test MSE: 0.0350
Poisson likelihood: 0.0
CE loss: 0.0
Experiment 93083
Epoch 0034 [Test seq (cond on sampled tp)] | Loss 17100.574219 | Likelihood -17198.001953 | KL fp 3.2705 | FP STD 0.0662|
KL coef: 0.21432185919278124
Train loss (one batch): 17413.359375
Train CE loss (one batch): 0.0
Test MSE: 0.0344
Poisson likelihood: 0.0
CE loss: 0.0
Experiment 93083
Epoch 0035 [Test seq (cond on sampled tp)] | Loss 17381.478516 | Likelihood -17401.654297 | KL fp 3.2542 | FP STD 0.0676|
KL coef: 0.22217864060085335
Train loss (one batch): 16886.123046875
Train CE loss (one batch): 0.0
Test MSE: 0.0348
Poisson likelihood: 0.0
CE loss: 0.0
Experiment 93083
Epoch 0036 [Test seq (cond on sampled tp)] | Loss 17466.351562 | Likelihood -17561.712891 | KL fp 3.2410 | FP STD 0.0688|
KL coef: 0.2299568541948449
Train loss (one batch): 16768.3359375
Train CE loss (one batch): 0.0
Test MSE: 0.0351
Poisson likelihood: 0.0
CE loss: 0.0
Experiment 93083
Epoch 0037 [Test seq (cond on sampled tp)] | Loss 16977.878906 | Likelihood -17113.460938 | KL fp 3.3298 | FP STD 0.0623|
KL coef: 0.23765728565289646
Train loss (one batch): 16630.015625
Train CE loss (one batch): 0.0
Test MSE: 0.0342
Poisson likelihood: 0.0
CE loss: 0.0
Experiment 93083
Epoch 0038 [Test seq (cond on sampled tp)] | Loss 16946.927734 | Likelihood -17096.757812 | KL fp 3.2748 | FP STD 0.0666|
KL coef: 0.24528071279636743
Train loss (one batch): 16428.8828125
Train CE loss (one batch): 0.0
Test MSE: 0.0342
Poisson likelihood: 0.0
CE loss: 0.0
Experiment 93083
Epoch 0039 [Test seq (cond on sampled tp)] | Loss 16490.363281 | Likelihood -16531.541016 | KL fp 3.3315 | FP STD 0.0635|
KL coef: 0.25282790566840385
Train loss (one batch): 16385.45703125
Train CE loss (one batch): 0.0
Test MSE: 0.0331
Poisson likelihood: 0.0
CE loss: 0.0
Experiment 93083
Epoch 0040 [Test seq (cond on sampled tp)] | Loss 16513.816406 | Likelihood -16657.576172 | KL fp 3.3032 | FP STD 0.0638|
KL coef: 0.2602996266117198
Train loss (one batch): 15331.080078125
Train CE loss (one batch): 0.0
Test MSE: 0.0333
Poisson likelihood: 0.0
CE loss: 0.0
Experiment 93083
Epoch 0041 [Test seq (cond on sampled tp)] | Loss 16126.856445 | Likelihood -16179.222656 | KL fp 3.3154 | FP STD 0.0649|
KL coef: 0.26769663034560254
Train loss (one batch): 15607.5263671875
Train CE loss (one batch): 0.0
Test MSE: 0.0324
Poisson likelihood: 0.0
CE loss: 0.0
Experiment 93083
Epoch 0042 [Test seq (cond on sampled tp)] | Loss 15876.111328 | Likelihood -15933.106445 | KL fp 3.3453 | FP STD 0.0619|
KL coef: 0.2750196640421466
Train loss (one batch): 15510.041015625
Train CE loss (one batch): 0.0
Test MSE: 0.0319
Poisson likelihood: 0.0
CE loss: 0.0
Experiment 93083
Epoch 0043 [Test seq (cond on sampled tp)] | Loss 15439.215820 | Likelihood -15457.411133 | KL fp 3.3154 | FP STD 0.0634|
KL coef: 0.2822694674017251
Train loss (one batch): 15366.6416015625
Train CE loss (one batch): 0.0
Test MSE: 0.0309
Poisson likelihood: 0.0
CE loss: 0.0
Experiment 93083
Epoch 0044 [Test seq (cond on sampled tp)] | Loss 15157.660156 | Likelihood -15226.079102 | KL fp 3.2617 | FP STD 0.0650|
KL coef: 0.2894467727277079
Train loss (one batch): 15691.8173828125
Train CE loss (one batch): 0.0
Test MSE: 0.0305
Poisson likelihood: 0.0
CE loss: 0.0
Experiment 93083
Epoch 0045 [Test seq (cond on sampled tp)] | Loss 14971.343750 | Likelihood -15082.940430 | KL fp 3.2988 | FP STD 0.0640|
KL coef: 0.29655230500043084
Train loss (one batch): 14463.4970703125
Train CE loss (one batch): 0.0
Test MSE: 0.0302
Poisson likelihood: 0.0
CE loss: 0.0
Experiment 93083
Epoch 0046 [Test seq (cond on sampled tp)] | Loss 14977.774414 | Likelihood -15016.893555 | KL fp 3.3253 | FP STD 0.0623|
KL coef: 0.30358678195042654
Train loss (one batch): 14717.267578125
Train CE loss (one batch): 0.0
Test MSE: 0.0300
Poisson likelihood: 0.0
CE loss: 0.0
Experiment 93083
Epoch 0047 [Test seq (cond on sampled tp)] | Loss 14391.517578 | Likelihood -14435.129883 | KL fp 3.3088 | FP STD 0.0628|
KL coef: 0.3105509141309223
Train loss (one batch): 13901.3564453125
Train CE loss (one batch): 0.0
Test MSE: 0.0289
Poisson likelihood: 0.0
CE loss: 0.0
Experiment 93083
Epoch 0048 [Test seq (cond on sampled tp)] | Loss 14151.087891 | Likelihood -14189.976562 | KL fp 3.3304 | FP STD 0.0610|
KL coef: 0.31744540498961304
Train loss (one batch): 14045.404296875
Train CE loss (one batch): 0.0
Test MSE: 0.0284
Poisson likelihood: 0.0
CE loss: 0.0
Experiment 93083
Epoch 0049 [Test seq (cond on sampled tp)] | Loss 14111.566406 | Likelihood -14201.722656 | KL fp 3.3814 | FP STD 0.0604|
KL coef: 0.3242709509397169
Train loss (one batch): 13682.830078125
Train CE loss (one batch): 0.0
Test MSE: 0.0284
Poisson likelihood: 0.0
CE loss: 0.0
Experiment 93083
Epoch 0050 [Test seq (cond on sampled tp)] | Loss 14154.818359 | Likelihood -14241.161133 | KL fp 3.3624 | FP STD 0.0612|
KL coef: 0.3310282414303197
Train loss (one batch): 13247.8515625
Train CE loss (one batch): 0.0
Test MSE: 0.0285
Poisson likelihood: 0.0
CE loss: 0.0
Experiment 93083
Epoch 0051 [Test seq (cond on sampled tp)] | Loss 13665.607422 | Likelihood -13691.590820 | KL fp 3.3793 | FP STD 0.0597|
KL coef: 0.33771795901601653
Train loss (one batch): 13355.12109375
Train CE loss (one batch): 0.0
Test MSE: 0.0274
Poisson likelihood: 0.0
CE loss: 0.0
Experiment 93083
Epoch 0052 [Test seq (cond on sampled tp)] | Loss 13136.725586 | Likelihood -13190.766602 | KL fp 3.3700 | FP STD 0.0603|
KL coef: 0.3443407794258564
Train loss (one batch): 12246.5087890625
Train CE loss (one batch): 0.0
Test MSE: 0.0264
Poisson likelihood: 0.0
CE loss: 0.0
Experiment 93083
Epoch 0053 [Test seq (cond on sampled tp)] | Loss 13264.564453 | Likelihood -13344.176758 | KL fp 3.3494 | FP STD 0.0601|
KL coef: 0.35089737163159784
Train loss (one batch): 12526.0576171875
Train CE loss (one batch): 0.0
Test MSE: 0.0267
Poisson likelihood: 0.0
CE loss: 0.0
Experiment 93083
Epoch 0054 [Test seq (cond on sampled tp)] | Loss 13080.150391 | Likelihood -13135.725586 | KL fp 3.3675 | FP STD 0.0623|
KL coef: 0.3573883979152819
Train loss (one batch): 12725.86328125
Train CE loss (one batch): 0.0
Test MSE: 0.0263
Poisson likelihood: 0.0
CE loss: 0.0
Experiment 93083
Epoch 0055 [Test seq (cond on sampled tp)] | Loss 12812.797852 | Likelihood -12847.296875 | KL fp 3.3758 | FP STD 0.0596|
KL coef: 0.36381451393612907
Train loss (one batch): 12061.755859375
Train CE loss (one batch): 0.0
Test MSE: 0.0257
Poisson likelihood: 0.0
CE loss: 0.0
Experiment 93083
Epoch 0056 [Test seq (cond on sampled tp)] | Loss 12568.275391 | Likelihood -12658.686523 | KL fp 3.4759 | FP STD 0.0554|
KL coef: 0.37017636879676774
Train loss (one batch): 12692.05078125
Train CE loss (one batch): 0.0
Test MSE: 0.0253
Poisson likelihood: 0.0
CE loss: 0.0
Experiment 93083
Epoch 0057 [Test seq (cond on sampled tp)] | Loss 12827.661133 | Likelihood -12910.434570 | KL fp 3.4364 | FP STD 0.0570|
KL coef: 0.37647460510880004
Train loss (one batch): 12292.9462890625
Train CE loss (one batch): 0.0
Test MSE: 0.0258
Poisson likelihood: 0.0
CE loss: 0.0
Experiment 93083
Epoch 0058 [Test seq (cond on sampled tp)] | Loss 12373.878906 | Likelihood -12407.290039 | KL fp 3.4479 | FP STD 0.0558|
KL coef: 0.38270985905771204
Train loss (one batch): 12117.0625
Train CE loss (one batch): 0.0
Test MSE: 0.0248
Poisson likelihood: 0.0
CE loss: 0.0
Experiment 93083
Epoch 0059 [Test seq (cond on sampled tp)] | Loss 12349.077148 | Likelihood -12420.217773 | KL fp 3.4799 | FP STD 0.0557|
KL coef: 0.388882760467135
Train loss (one batch): 11959.2333984375
Train CE loss (one batch): 0.0
Test MSE: 0.0249
Poisson likelihood: 0.0
CE loss: 0.0
Experiment 93083
Epoch 0060 [Test seq (cond on sampled tp)] | Loss 12365.384766 | Likelihood -12425.270508 | KL fp 3.5215 | FP STD 0.0535|
KL coef: 0.39499393286246365
Train loss (one batch): 11686.67578125
Train CE loss (one batch): 0.0
Test MSE: 0.0249
Poisson likelihood: 0.0
CE loss: 0.0
Experiment 93083
Epoch 0061 [Test seq (cond on sampled tp)] | Loss 12437.194336 | Likelihood -12487.563477 | KL fp 3.5365 | FP STD 0.0524|
KL coef: 0.401043993533839
Train loss (one batch): 11697.0693359375
Train CE loss (one batch): 0.0
Test MSE: 0.0250
Poisson likelihood: 0.0
CE loss: 0.0
Experiment 93083
Epoch 0062 [Test seq (cond on sampled tp)] | Loss 12313.812500 | Likelihood -12340.760742 | KL fp 3.5040 | FP STD 0.0529|
KL coef: 0.4070335535985006
Train loss (one batch): 11984.9541015625
Train CE loss (one batch): 0.0
Test MSE: 0.0247
Poisson likelihood: 0.0
CE loss: 0.0
Experiment 93083
Epoch 0063 [Test seq (cond on sampled tp)] | Loss 12048.743164 | Likelihood -12098.153320 | KL fp 3.4635 | FP STD 0.0537|
KL coef: 0.41296321806251557
Train loss (one batch): 11352.7470703125
Train CE loss (one batch): 0.0
Test MSE: 0.0242
Poisson likelihood: 0.0
CE loss: 0.0
Experiment 93083
Epoch 0064 [Test seq (cond on sampled tp)] | Loss 11963.331055 | Likelihood -12004.541992 | KL fp 3.5380 | FP STD 0.0518|
KL coef: 0.41883358588189046
Train loss (one batch): 11233.1474609375
Train CE loss (one batch): 0.0
Test MSE: 0.0240
Poisson likelihood: 0.0
CE loss: 0.0
Experiment 93083
Epoch 0065 [Test seq (cond on sampled tp)] | Loss 11901.671875 | Likelihood -11957.469727 | KL fp 3.5750 | FP STD 0.0494|
KL coef: 0.4246452500230715
Train loss (one batch): 11696.83203125
Train CE loss (one batch): 0.0
Test MSE: 0.0239
Poisson likelihood: 0.0
CE loss: 0.0
Experiment 93083
Epoch 0066 [Test seq (cond on sampled tp)] | Loss 11899.055664 | Likelihood -11972.407227 | KL fp 3.5839 | FP STD 0.0504|
KL coef: 0.4303987975228408
Train loss (one batch): 11238.7646484375
Train CE loss (one batch): 0.0
Test MSE: 0.0240
Poisson likelihood: 0.0
CE loss: 0.0
Experiment 93083
Epoch 0067 [Test seq (cond on sampled tp)] | Loss 11930.630859 | Likelihood -11964.636719 | KL fp 3.5398 | FP STD 0.0513|
KL coef: 0.4360948095476125
Train loss (one batch): 11012.8173828125
Train CE loss (one batch): 0.0
Test MSE: 0.0239
Poisson likelihood: 0.0
CE loss: 0.0
Experiment 93083
Epoch 0068 [Test seq (cond on sampled tp)] | Loss 11873.928711 | Likelihood -11932.413086 | KL fp 3.5873 | FP STD 0.0486|
KL coef: 0.44173386145213633
Train loss (one batch): 11462.7607421875
Train CE loss (one batch): 0.0
Test MSE: 0.0239
Poisson likelihood: 0.0
CE loss: 0.0
Experiment 93083
Epoch 0069 [Test seq (cond on sampled tp)] | Loss 11812.006836 | Likelihood -11832.917969 | KL fp 3.5993 | FP STD 0.0493|
KL coef: 0.4473165228376149
Train loss (one batch): 11201.6298828125
Train CE loss (one batch): 0.0
Test MSE: 0.0237
Poisson likelihood: 0.0
CE loss: 0.0
Experiment 93083
Epoch 0070 [Test seq (cond on sampled tp)] | Loss 11484.211914 | Likelihood -11582.127930 | KL fp 3.4970 | FP STD 0.0514|
KL coef: 0.4528433576092388
Train loss (one batch): 10946.240234375
Train CE loss (one batch): 0.0
Test MSE: 0.0232
Poisson likelihood: 0.0
CE loss: 0.0
Experiment 93083
Epoch 0071 [Test seq (cond on sampled tp)] | Loss 11628.927734 | Likelihood -11647.746094 | KL fp 3.5894 | FP STD 0.0483|
KL coef: 0.45831492403314644
Train loss (one batch): 11470.251953125
Train CE loss (one batch): 0.0
Test MSE: 0.0233
Poisson likelihood: 0.0
CE loss: 0.0
Experiment 93083
Epoch 0072 [Test seq (cond on sampled tp)] | Loss 11673.604492 | Likelihood -11733.554688 | KL fp 3.6349 | FP STD 0.0459|
KL coef: 0.463731774792815
Train loss (one batch): 10865.1484375
Train CE loss (one batch): 0.0
Test MSE: 0.0235
Poisson likelihood: 0.0
CE loss: 0.0
Experiment 93083
Epoch 0073 [Test seq (cond on sampled tp)] | Loss 11351.096680 | Likelihood -11406.336914 | KL fp 3.5850 | FP STD 0.0480|
KL coef: 0.46909445704488684
Train loss (one batch): 11174.6337890625
Train CE loss (one batch): 0.0
Test MSE: 0.0228
Poisson likelihood: 0.0
CE loss: 0.0
Experiment 93083
Epoch 0074 [Test seq (cond on sampled tp)] | Loss 11657.057617 | Likelihood -11709.950195 | KL fp 3.5661 | FP STD 0.0487|
KL coef: 0.474403512474438
Train loss (one batch): 11189.4599609375
Train CE loss (one batch): 0.0
Test MSE: 0.0234
Poisson likelihood: 0.0
CE loss: 0.0
Experiment 93083
Epoch 0075 [Test seq (cond on sampled tp)] | Loss 11770.936523 | Likelihood -11770.852539 | KL fp 3.5700 | FP STD 0.0479|
KL coef: 0.4796594773496936
Train loss (one batch): 10597.7294921875
Train CE loss (one batch): 0.0
Test MSE: 0.0236
Poisson likelihood: 0.0
CE loss: 0.0
Experiment 93083
Epoch 0076 [Test seq (cond on sampled tp)] | Loss 11101.968750 | Likelihood -11182.820312 | KL fp 3.6838 | FP STD 0.0442|
KL coef: 0.4848628825761967
Train loss (one batch): 10971.6103515625
Train CE loss (one batch): 0.0
Test MSE: 0.0224
Poisson likelihood: 0.0
CE loss: 0.0
Experiment 93083
Epoch 0077 [Test seq (cond on sampled tp)] | Loss 11112.668945 | Likelihood -11183.218750 | KL fp 3.5344 | FP STD 0.0502|
KL coef: 0.4900142537504347
Train loss (one batch): 11310.1552734375
Train CE loss (one batch): 0.0
Test MSE: 0.0224
Poisson likelihood: 0.0
CE loss: 0.0
Experiment 93083
Epoch 0078 [Test seq (cond on sampled tp)] | Loss 11097.881836 | Likelihood -11105.446289 | KL fp 3.5719 | FP STD 0.0475|
KL coef: 0.49511411121293036
Train loss (one batch): 10834.5087890625
Train CE loss (one batch): 0.0
Test MSE: 0.0222
Poisson likelihood: 0.0
CE loss: 0.0
Experiment 93083
Epoch 0079 [Test seq (cond on sampled tp)] | Loss 11526.267578 | Likelihood -11557.512695 | KL fp 3.6475 | FP STD 0.0450|
KL coef: 0.500162970100801
Train loss (one batch): 10800.0751953125
Train CE loss (one batch): 0.0
Test MSE: 0.0231
Poisson likelihood: 0.0
CE loss: 0.0
Experiment 93083
Epoch 0080 [Test seq (cond on sampled tp)] | Loss 11205.799805 | Likelihood -11252.416992 | KL fp 3.7013 | FP STD 0.0428|
KL coef: 0.505161340399793
Train loss (one batch): 10464.6240234375
Train CE loss (one batch): 0.0
Test MSE: 0.0225
Poisson likelihood: 0.0
CE loss: 0.0
Experiment 93083
Epoch 0081 [Test seq (cond on sampled tp)] | Loss 11082.598633 | Likelihood -11087.844727 | KL fp 3.5995 | FP STD 0.0453|
KL coef: 0.510109726995795
Train loss (one batch): 10752.76171875
Train CE loss (one batch): 0.0
Test MSE: 0.0222
Poisson likelihood: 0.0
CE loss: 0.0
Experiment 93083
Epoch 0082 [Test seq (cond on sampled tp)] | Loss 10893.350586 | Likelihood -10896.230469 | KL fp 3.6406 | FP STD 0.0449|
KL coef: 0.5150086297258372
Train loss (one batch): 10089.33203125
Train CE loss (one batch): 0.0
Test MSE: 0.0218
Poisson likelihood: 0.0
CE loss: 0.0
Experiment 93083
Epoch 0083 [Test seq (cond on sampled tp)] | Loss 10691.627930 | Likelihood -10714.495117 | KL fp 3.6823 | FP STD 0.0443|
KL coef: 0.5198585434285787
Train loss (one batch): 10507.0615234375
Train CE loss (one batch): 0.0
Test MSE: 0.0214
Poisson likelihood: 0.0
CE loss: 0.0
Experiment 93083
Epoch 0084 [Test seq (cond on sampled tp)] | Loss 10818.583984 | Likelihood -10859.254883 | KL fp 3.6862 | FP STD 0.0427|
KL coef: 0.524659957994293
Train loss (one batch): 11084.291015625
Train CE loss (one batch): 0.0
Test MSE: 0.0217
Poisson likelihood: 0.0
CE loss: 0.0
Experiment 93083
Epoch 0085 [Test seq (cond on sampled tp)] | Loss 10806.958008 | Likelihood -10820.144531 | KL fp 3.6441 | FP STD 0.0445|
KL coef: 0.5294133584143501
Train loss (one batch): 10721.9912109375
Train CE loss (one batch): 0.0
Test MSE: 0.0217
Poisson likelihood: 0.0
CE loss: 0.0
Experiment 93083
Epoch 0086 [Test seq (cond on sampled tp)] | Loss 10817.029297 | Likelihood -10872.745117 | KL fp 3.6396 | FP STD 0.0444|
KL coef: 0.5341192248302067
Train loss (one batch): 10196.2568359375
Train CE loss (one batch): 0.0
Test MSE: 0.0218
Poisson likelihood: 0.0
CE loss: 0.0
Experiment 93083
Epoch 0087 [Test seq (cond on sampled tp)] | Loss 10502.708984 | Likelihood -10575.502930 | KL fp 3.6798 | FP STD 0.0434|
KL coef: 0.5387780325819045
Train loss (one batch): 10431.1259765625
Train CE loss (one batch): 0.0
Test MSE: 0.0212
Poisson likelihood: 0.0
CE loss: 0.0
Experiment 93083
Epoch 0088 [Test seq (cond on sampled tp)] | Loss 10458.272461 | Likelihood -10490.509766 | KL fp 3.6692 | FP STD 0.0426|
KL coef: 0.5433902522560855
Train loss (one batch): 9774.4833984375
Train CE loss (one batch): 0.0
Test MSE: 0.0210
Poisson likelihood: 0.0
CE loss: 0.0
Experiment 93083
Epoch 0089 [Test seq (cond on sampled tp)] | Loss 10479.291016 | Likelihood -10522.176758 | KL fp 3.6562 | FP STD 0.0441|
KL coef: 0.5479563497335247
Train loss (one batch): 9876.3291015625
Train CE loss (one batch): 0.0
Test MSE: 0.0211
Poisson likelihood: 0.0
CE loss: 0.0
Experiment 93083
Epoch 0090 [Test seq (cond on sampled tp)] | Loss 10598.063477 | Likelihood -10611.483398 | KL fp 3.7321 | FP STD 0.0410|
KL coef: 0.5524767862361895
Train loss (one batch): 9809.822265625
Train CE loss (one batch): 0.0
Test MSE: 0.0212
Poisson likelihood: 0.0
CE loss: 0.0
Experiment 93083
Epoch 0091 [Test seq (cond on sampled tp)] | Loss 10166.063477 | Likelihood -10190.290039 | KL fp 3.7357 | FP STD 0.0400|
KL coef: 0.5569520183738275
Train loss (one batch): 9968.2041015625
Train CE loss (one batch): 0.0
Test MSE: 0.0204
Poisson likelihood: 0.0
CE loss: 0.0
Experiment 93083
Epoch 0092 [Test seq (cond on sampled tp)] | Loss 10359.358398 | Likelihood -10405.377930 | KL fp 3.6383 | FP STD 0.0432|
KL coef: 0.5613824981900892
Train loss (one batch): 9779.6328125
Train CE loss (one batch): 0.0
Test MSE: 0.0208
Poisson likelihood: 0.0
CE loss: 0.0
Experiment 93083
Epoch 0093 [Test seq (cond on sampled tp)] | Loss 9971.409180 | Likelihood -10012.089844 | KL fp 3.7189 | FP STD 0.0408|
KL coef: 0.5657686732081884
Train loss (one batch): 9612.4892578125
Train CE loss (one batch): 0.0
Test MSE: 0.0200
Poisson likelihood: 0.0
CE loss: 0.0
Experiment 93083
Epoch 0094 [Test seq (cond on sampled tp)] | Loss 10026.506836 | Likelihood -10052.354492 | KL fp 3.7206 | FP STD 0.0400|
KL coef: 0.5701109864761065
Train loss (one batch): 10007.3134765625
Train CE loss (one batch): 0.0
Test MSE: 0.0201
Poisson likelihood: 0.0
CE loss: 0.0
Experiment 93083
Epoch 0095 [Test seq (cond on sampled tp)] | Loss 10229.777344 | Likelihood -10254.852539 | KL fp 3.7093 | FP STD 0.0420|
KL coef: 0.5744098766113455
Train loss (one batch): 9689.1298828125
Train CE loss (one batch): 0.0
Test MSE: 0.0205
Poisson likelihood: 0.0
CE loss: 0.0
Experiment 93083
Epoch 0096 [Test seq (cond on sampled tp)] | Loss 10033.729492 | Likelihood -10073.699219 | KL fp 3.6982 | FP STD 0.0403|
KL coef: 0.578665777845232
Train loss (one batch): 9469.1630859375
Train CE loss (one batch): 0.0
Test MSE: 0.0202
Poisson likelihood: 0.0
CE loss: 0.0
Experiment 93083
Epoch 0097 [Test seq (cond on sampled tp)] | Loss 10041.667969 | Likelihood -10064.923828 | KL fp 3.6821 | FP STD 0.0422|
KL coef: 0.5828791200667797
Train loss (one batch): 9495.626953125
Train CE loss (one batch): 0.0
Test MSE: 0.0201
Poisson likelihood: 0.0
CE loss: 0.0
Experiment 93083
Epoch 0098 [Test seq (cond on sampled tp)] | Loss 9924.839844 | Likelihood -9970.354492 | KL fp 3.6757 | FP STD 0.0416|
KL coef: 0.5870503288661119
Train loss (one batch): 9555.6162109375
Train CE loss (one batch): 0.0
Test MSE: 0.0200
Poisson likelihood: 0.0
CE loss: 0.0
Experiment 93083
Epoch 0099 [Test seq (cond on sampled tp)] | Loss 9899.671875 | Likelihood -9946.249023 | KL fp 3.7108 | FP STD 0.0417|
KL coef: 0.5911798255774507
Train loss (one batch): 9370.6474609375
Train CE loss (one batch): 0.0
Test MSE: 0.0199
Poisson likelihood: 0.0
CE loss: 0.0
Experiment 93083
Epoch 0100 [Test seq (cond on sampled tp)] | Loss 9802.166016 | Likelihood -9842.895508 | KL fp 3.6956 | FP STD 0.0404|
KL coef: 0.5952680273216762
Train loss (one batch): 9678.8271484375
Train CE loss (one batch): 0.0
Test MSE: 0.0197
Poisson likelihood: 0.0
CE loss: 0.0
Experiment 93083
Epoch 0101 [Test seq (cond on sampled tp)] | Loss 9916.957031 | Likelihood -9956.453125 | KL fp 3.7147 | FP STD 0.0402|
KL coef: 0.5993153470484595
Train loss (one batch): 9482.09765625
Train CE loss (one batch): 0.0
Test MSE: 0.0199
Poisson likelihood: 0.0
CE loss: 0.0
Experiment 93083
Epoch 0102 [Test seq (cond on sampled tp)] | Loss 9988.699219 | Likelihood -10033.425781 | KL fp 3.7432 | FP STD 0.0392|
KL coef: 0.6033221935779749
Train loss (one batch): 9187.572265625
Train CE loss (one batch): 0.0
Test MSE: 0.0201
Poisson likelihood: 0.0
CE loss: 0.0
Experiment 93083
Epoch 0103 [Test seq (cond on sampled tp)] | Loss 9672.732422 | Likelihood -9683.358398 | KL fp 3.6910 | FP STD 0.0408|
KL coef: 0.6072889716421952
Train loss (one batch): 9012.7919921875
Train CE loss (one batch): 0.0
Test MSE: 0.0194
Poisson likelihood: 0.0
CE loss: 0.0
Experiment 93083
Epoch 0104 [Test seq (cond on sampled tp)] | Loss 9823.263672 | Likelihood -9862.258789 | KL fp 3.7862 | FP STD 0.0376|
KL coef: 0.6112160819257733
Train loss (one batch): 9707.6455078125
Train CE loss (one batch): 0.0
Test MSE: 0.0197
Poisson likelihood: 0.0
CE loss: 0.0
Experiment 93083
Epoch 0105 [Test seq (cond on sampled tp)] | Loss 9672.013672 | Likelihood -9698.484375 | KL fp 3.7868 | FP STD 0.0379|
KL coef: 0.6151039211065155
Train loss (one batch): 9499.1455078125
Train CE loss (one batch): 0.0
Test MSE: 0.0194
Poisson likelihood: 0.0
CE loss: 0.0
Experiment 93083
Epoch 0106 [Test seq (cond on sampled tp)] | Loss 9746.604492 | Likelihood -9781.906250 | KL fp 3.7801 | FP STD 0.0378|
KL coef: 0.6189528818954504
Train loss (one batch): 9278.171875
Train CE loss (one batch): 0.0
Test MSE: 0.0196
Poisson likelihood: 0.0
CE loss: 0.0
Experiment 93083
Epoch 0107 [Test seq (cond on sampled tp)] | Loss 9631.457031 | Likelihood -9674.891602 | KL fp 3.8078 | FP STD 0.0381|
KL coef: 0.6227633530764958
Train loss (one batch): 9026.314453125
Train CE loss (one batch): 0.0
Test MSE: 0.0194
Poisson likelihood: 0.0
CE loss: 0.0
Experiment 93083
Epoch 0108 [Test seq (cond on sampled tp)] | Loss 9720.790039 | Likelihood -9737.613281 | KL fp 3.7548 | FP STD 0.0383|
KL coef: 0.6265357195457308
Train loss (one batch): 8868.6494140625
Train CE loss (one batch): 0.0
Test MSE: 0.0195
Poisson likelihood: 0.0
CE loss: 0.0
Experiment 93083
Epoch 0109 [Test seq (cond on sampled tp)] | Loss 9420.556641 | Likelihood -9448.257812 | KL fp 3.7952 | FP STD 0.0375|
KL coef: 0.6302703623502736
Train loss (one batch): 9059.2890625
Train CE loss (one batch): 0.0
Test MSE: 0.0189
Poisson likelihood: 0.0
CE loss: 0.0
Experiment 93083
Epoch 0110 [Test seq (cond on sampled tp)] | Loss 9961.827148 | Likelihood -9999.480469 | KL fp 3.7293 | FP STD 0.0390|
KL coef: 0.6339676587267709
Train loss (one batch): 9379.056640625
Train CE loss (one batch): 0.0
Test MSE: 0.0200
Poisson likelihood: 0.0
CE loss: 0.0
Experiment 93083
Epoch 0111 [Test seq (cond on sampled tp)] | Loss 9527.794922 | Likelihood -9551.280273 | KL fp 3.8651 | FP STD 0.0356|
KL coef: 0.6376279821395031
Train loss (one batch): 8870.2255859375
Train CE loss (one batch): 0.0
Test MSE: 0.0191
Poisson likelihood: 0.0
CE loss: 0.0
Experiment 93083
Epoch 0112 [Test seq (cond on sampled tp)] | Loss 9681.889648 | Likelihood -9707.952148 | KL fp 3.8093 | FP STD 0.0369|
KL coef: 0.6412517023181081
Train loss (one batch): 8887.013671875
Train CE loss (one batch): 0.0
Test MSE: 0.0194
Poisson likelihood: 0.0
CE loss: 0.0
Experiment 93083
Epoch 0113 [Test seq (cond on sampled tp)] | Loss 9310.851562 | Likelihood -9339.252930 | KL fp 3.8466 | FP STD 0.0356|
KL coef: 0.644839185294927
Train loss (one batch): 8524.6650390625
Train CE loss (one batch): 0.0
Test MSE: 0.0187
Poisson likelihood: 0.0
CE loss: 0.0
Experiment 93083
Epoch 0114 [Test seq (cond on sampled tp)] | Loss 9403.246094 | Likelihood -9453.000000 | KL fp 3.8006 | FP STD 0.0364|
KL coef: 0.6483907934419777
Train loss (one batch): 8986.3427734375
Train CE loss (one batch): 0.0
Test MSE: 0.0189
Poisson likelihood: 0.0
CE loss: 0.0
Experiment 93083
Epoch 0115 [Test seq (cond on sampled tp)] | Loss 9670.841797 | Likelihood -9701.975586 | KL fp 3.8385 | FP STD 0.0352|
KL coef: 0.651906885507558
Train loss (one batch): 8934.208984375
Train CE loss (one batch): 0.0
Test MSE: 0.0194
Poisson likelihood: 0.0
CE loss: 0.0
Experiment 93083
Epoch 0116 [Test seq (cond on sampled tp)] | Loss 9242.701172 | Likelihood -9269.380859 | KL fp 3.8397 | FP STD 0.0355|
KL coef: 0.6553878166524825
Train loss (one batch): 8841.2626953125
Train CE loss (one batch): 0.0
Test MSE: 0.0186
Poisson likelihood: 0.0
CE loss: 0.0
Experiment 93083
Epoch 0117 [Test seq (cond on sampled tp)] | Loss 9297.618164 | Likelihood -9350.077148 | KL fp 3.8142 | FP STD 0.0365|
KL coef: 0.6588339384859576
Train loss (one batch): 8962.712890625
Train CE loss (one batch): 0.0
Test MSE: 0.0187
Poisson likelihood: 0.0
CE loss: 0.0
Experiment 93083
Epoch 0118 [Test seq (cond on sampled tp)] | Loss 9384.445312 | Likelihood -9409.586914 | KL fp 3.8049 | FP STD 0.0356|
KL coef: 0.662245599101098
Train loss (one batch): 8439.7666015625
Train CE loss (one batch): 0.0
Test MSE: 0.0188
Poisson likelihood: 0.0
CE loss: 0.0
Experiment 93083
Epoch 0119 [Test seq (cond on sampled tp)] | Loss 9314.183594 | Likelihood -9372.497070 | KL fp 3.8374 | FP STD 0.0358|
KL coef: 0.665623143110087
Train loss (one batch): 8880.25
Train CE loss (one batch): 0.0
Test MSE: 0.0188
Poisson likelihood: 0.0
CE loss: 0.0
Experiment 93083
Epoch 0120 [Test seq (cond on sampled tp)] | Loss 9215.150391 | Likelihood -9215.157227 | KL fp 3.9040 | FP STD 0.0334|
KL coef: 0.6689669116789861
Train loss (one batch): 8507.4111328125
Train CE loss (one batch): 0.0
Test MSE: 0.0184
Poisson likelihood: 0.0
CE loss: 0.0
Experiment 93083
Epoch 0121 [Test seq (cond on sampled tp)] | Loss 9235.184570 | Likelihood -9270.092773 | KL fp 3.8128 | FP STD 0.0365|
KL coef: 0.6722772425621963
Train loss (one batch): 8770.4404296875
Train CE loss (one batch): 0.0
Test MSE: 0.0186
Poisson likelihood: 0.0
CE loss: 0.0
Experiment 93083
Epoch 0122 [Test seq (cond on sampled tp)] | Loss 9239.788086 | Likelihood -9255.726562 | KL fp 3.8784 | FP STD 0.0343|
KL coef: 0.6755544701365743
Train loss (one batch): 8446.0283203125
Train CE loss (one batch): 0.0
Test MSE: 0.0185
Poisson likelihood: 0.0
CE loss: 0.0
Experiment 93083
Epoch 0123 [Test seq (cond on sampled tp)] | Loss 9054.270508 | Likelihood -9093.967773 | KL fp 3.9133 | FP STD 0.0332|
KL coef: 0.6787989254352086
Train loss (one batch): 8652.7724609375
Train CE loss (one batch): 0.0
Test MSE: 0.0182
Poisson likelihood: 0.0
CE loss: 0.0
Experiment 93083
Epoch 0124 [Test seq (cond on sampled tp)] | Loss 9234.119141 | Likelihood -9256.506836 | KL fp 3.8797 | FP STD 0.0349|
KL coef: 0.6820109361808565
Train loss (one batch): 8687.345703125
Train CE loss (one batch): 0.0
Test MSE: 0.0185
Poisson likelihood: 0.0
CE loss: 0.0
Experiment 93083
Epoch 0125 [Test seq (cond on sampled tp)] | Loss 9128.747070 | Likelihood -9179.791016 | KL fp 3.8104 | FP STD 0.0364|
KL coef: 0.685190826819048
Train loss (one batch): 8475.5546875
Train CE loss (one batch): 0.0
Test MSE: 0.0184
Poisson likelihood: 0.0
CE loss: 0.0
Experiment 93083
Epoch 0126 [Test seq (cond on sampled tp)] | Loss 8981.184570 | Likelihood -8998.127930 | KL fp 3.8565 | FP STD 0.0340|
KL coef: 0.6883389185508575
Train loss (one batch): 7927.3447265625
Train CE loss (one batch): 0.0
Test MSE: 0.0180
Poisson likelihood: 0.0
CE loss: 0.0
Experiment 93083
Epoch 0127 [Test seq (cond on sampled tp)] | Loss 9137.122070 | Likelihood -9153.281250 | KL fp 3.8538 | FP STD 0.0341|
KL coef: 0.6914555293653489
Train loss (one batch): 8668.0302734375
Train CE loss (one batch): 0.0
Test MSE: 0.0183
Poisson likelihood: 0.0
CE loss: 0.0
Experiment 93083
Epoch 0128 [Test seq (cond on sampled tp)] | Loss 9032.498047 | Likelihood -9049.526367 | KL fp 3.8967 | FP STD 0.0326|
KL coef: 0.6945409740716955
Train loss (one batch): 9046.7119140625
Train CE loss (one batch): 0.0
Test MSE: 0.0181
Poisson likelihood: 0.0
CE loss: 0.0
Experiment 93083
Epoch 0129 [Test seq (cond on sampled tp)] | Loss 9041.355469 | Likelihood -9079.581055 | KL fp 3.9124 | FP STD 0.0332|
KL coef: 0.6975955643309785
Train loss (one batch): 8209.6767578125
Train CE loss (one batch): 0.0
Test MSE: 0.0182
Poisson likelihood: 0.0
CE loss: 0.0
Experiment 93083
Epoch 0130 [Test seq (cond on sampled tp)] | Loss 9128.310547 | Likelihood -9188.898438 | KL fp 3.9089 | FP STD 0.0329|
KL coef: 0.7006196086876687
Train loss (one batch): 8302.5498046875
Train CE loss (one batch): 0.0
Test MSE: 0.0184
Poisson likelihood: 0.0
CE loss: 0.0
Experiment 93083
Epoch 0131 [Test seq (cond on sampled tp)] | Loss 8952.318359 | Likelihood -8961.606445 | KL fp 3.8900 | FP STD 0.0334|
KL coef: 0.703613412600792
Train loss (one batch): 8614.9482421875
Train CE loss (one batch): 0.0
Test MSE: 0.0179
Poisson likelihood: 0.0
CE loss: 0.0
Experiment 93083
Epoch 0132 [Test seq (cond on sampled tp)] | Loss 8889.553711 | Likelihood -8928.875977 | KL fp 3.9074 | FP STD 0.0329|
KL coef: 0.7065772784747841
Train loss (one batch): 8707.2939453125
Train CE loss (one batch): 0.0
Test MSE: 0.0179
Poisson likelihood: 0.0
CE loss: 0.0
Experiment 93083
Epoch 0133 [Test seq (cond on sampled tp)] | Loss 9002.572266 | Likelihood -9019.030273 | KL fp 3.8880 | FP STD 0.0330|
KL coef: 0.7095115056900363
Train loss (one batch): 8831.9765625
Train CE loss (one batch): 0.0
Test MSE: 0.0181
Poisson likelihood: 0.0
CE loss: 0.0
Experiment 93083
Epoch 0134 [Test seq (cond on sampled tp)] | Loss 8994.745117 | Likelihood -9015.084961 | KL fp 3.9235 | FP STD 0.0323|
KL coef: 0.7124163906331359
Train loss (one batch): 8431.3505859375
Train CE loss (one batch): 0.0
Test MSE: 0.0180
Poisson likelihood: 0.0
CE loss: 0.0
Experiment 93083
Epoch 0135 [Test seq (cond on sampled tp)] | Loss 8920.379883 | Likelihood -8929.274414 | KL fp 3.9407 | FP STD 0.0317|
KL coef: 0.7152922267268045
Train loss (one batch): 8508.1435546875
Train CE loss (one batch): 0.0
Test MSE: 0.0179
Poisson likelihood: 0.0
CE loss: 0.0
Experiment 93083
Epoch 0136 [Test seq (cond on sampled tp)] | Loss 8898.717773 | Likelihood -8907.770508 | KL fp 3.9346 | FP STD 0.0316|
KL coef: 0.7181393044595366
Train loss (one batch): 8432.6298828125
Train CE loss (one batch): 0.0
Test MSE: 0.0178
Poisson likelihood: 0.0
CE loss: 0.0
Experiment 93083
Epoch 0137 [Test seq (cond on sampled tp)] | Loss 9040.194336 | Likelihood -9123.514648 | KL fp 3.8577 | FP STD 0.0341|
KL coef: 0.7209579114149411
Train loss (one batch): 8189.23974609375
Train CE loss (one batch): 0.0
Test MSE: 0.0183
Poisson likelihood: 0.0
CE loss: 0.0
Experiment 93083
Epoch 0138 [Test seq (cond on sampled tp)] | Loss 8947.260742 | Likelihood -8968.700195 | KL fp 3.9457 | FP STD 0.0320|
KL coef: 0.7237483323007917
Train loss (one batch): 8170.0791015625
Train CE loss (one batch): 0.0
Test MSE: 0.0179
Poisson likelihood: 0.0
CE loss: 0.0
Experiment 93083
Epoch 0139 [Test seq (cond on sampled tp)] | Loss 8802.519531 | Likelihood -8845.938477 | KL fp 3.9325 | FP STD 0.0321|
KL coef: 0.7265108489777838
Train loss (one batch): 8185.43896484375
Train CE loss (one batch): 0.0
Test MSE: 0.0177
Poisson likelihood: 0.0
CE loss: 0.0
Experiment 93083
Epoch 0140 [Test seq (cond on sampled tp)] | Loss 8754.570312 | Likelihood -8774.856445 | KL fp 3.9030 | FP STD 0.0333|
KL coef: 0.729245740488006
Train loss (one batch): 8546.537109375
Train CE loss (one batch): 0.0
Test MSE: 0.0176
Poisson likelihood: 0.0
CE loss: 0.0
Experiment 93083
Epoch 0141 [Test seq (cond on sampled tp)] | Loss 8803.506836 | Likelihood -8806.598633 | KL fp 3.9323 | FP STD 0.0314|
KL coef: 0.7319532830831259
Train loss (one batch): 8061.3369140625
Train CE loss (one batch): 0.0
Test MSE: 0.0176
Poisson likelihood: 0.0
CE loss: 0.0
Experiment 93083
Epoch 0142 [Test seq (cond on sampled tp)] | Loss 8822.790039 | Likelihood -8834.796875 | KL fp 3.9312 | FP STD 0.0322|
KL coef: 0.7346337502522946
Train loss (one batch): 8083.77099609375
Train CE loss (one batch): 0.0
Test MSE: 0.0177
Poisson likelihood: 0.0
CE loss: 0.0
Experiment 93083
Epoch 0143 [Test seq (cond on sampled tp)] | Loss 8760.123047 | Likelihood -8775.094727 | KL fp 3.9709 | FP STD 0.0307|
KL coef: 0.7372874127497717
Train loss (one batch): 8076.6201171875
Train CE loss (one batch): 0.0
Test MSE: 0.0176
Poisson likelihood: 0.0
CE loss: 0.0
Experiment 93083
Epoch 0144 [Test seq (cond on sampled tp)] | Loss 8621.833008 | Likelihood -8641.050781 | KL fp 3.9430 | FP STD 0.0311|
KL coef: 0.739914538622274
Train loss (one batch): 7975.951171875
Train CE loss (one batch): 0.0
Test MSE: 0.0173
Poisson likelihood: 0.0
CE loss: 0.0
Experiment 93083
Epoch 0145 [Test seq (cond on sampled tp)] | Loss 9009.939453 | Likelihood -9043.296875 | KL fp 3.9287 | FP STD 0.0322|
KL coef: 0.7425153932360513
Train loss (one batch): 8057.8662109375
Train CE loss (one batch): 0.0
Test MSE: 0.0181
Poisson likelihood: 0.0
CE loss: 0.0
Experiment 93083
Epoch 0146 [Test seq (cond on sampled tp)] | Loss 8694.296875 | Likelihood -8701.980469 | KL fp 3.9558 | FP STD 0.0306|
KL coef: 0.7450902393036907
Train loss (one batch): 8312.830078125
Train CE loss (one batch): 0.0
Test MSE: 0.0174
Poisson likelihood: 0.0
CE loss: 0.0
Experiment 93083
Epoch 0147 [Test seq (cond on sampled tp)] | Loss 8827.625977 | Likelihood -8850.759766 | KL fp 3.9773 | FP STD 0.0306|
KL coef: 0.7476393369106538
Train loss (one batch): 8190.20703125
Train CE loss (one batch): 0.0
Test MSE: 0.0177
Poisson likelihood: 0.0
CE loss: 0.0
Experiment 93083
Epoch 0148 [Test seq (cond on sampled tp)] | Loss 8631.122070 | Likelihood -8641.768555 | KL fp 3.9287 | FP STD 0.0317|
KL coef: 0.7501629435415473
Train loss (one batch): 7996.65966796875
Train CE loss (one batch): 0.0
Test MSE: 0.0173
Poisson likelihood: 0.0
CE loss: 0.0
Experiment 93083
Epoch 0149 [Test seq (cond on sampled tp)] | Loss 8980.499023 | Likelihood -8996.448242 | KL fp 3.9066 | FP STD 0.0326|
KL coef: 0.7526613141061318
Train loss (one batch): 8154.38037109375
Train CE loss (one batch): 0.0
Test MSE: 0.0180
Poisson likelihood: 0.0
CE loss: 0.0
Experiment 93083
Epoch 0150 [Test seq (cond on sampled tp)] | Loss 8822.786133 | Likelihood -8850.874023 | KL fp 3.9003 | FP STD 0.0325|
KL coef: 0.7551347009650705
Train loss (one batch): 7658.21435546875
Train CE loss (one batch): 0.0
Test MSE: 0.0177
Poisson likelihood: 0.0
CE loss: 0.0
Experiment 93083
Epoch 0151 [Test seq (cond on sampled tp)] | Loss 8666.843750 | Likelihood -8688.477539 | KL fp 3.8691 | FP STD 0.0327|
KL coef: 0.7575833539554198
Train loss (one batch): 8015.9111328125
Train CE loss (one batch): 0.0
Test MSE: 0.0174
Poisson likelihood: 0.0
CE loss: 0.0
Experiment 93083
Epoch 0152 [Test seq (cond on sampled tp)] | Loss 8533.073242 | Likelihood -8575.920898 | KL fp 3.8949 | FP STD 0.0323|
KL coef: 0.7600075204158656
Train loss (one batch): 7761.3271484375
Train CE loss (one batch): 0.0
Test MSE: 0.0172
Poisson likelihood: 0.0
CE loss: 0.0
Experiment 93083
Epoch 0153 [Test seq (cond on sampled tp)] | Loss 8661.073242 | Likelihood -8681.967773 | KL fp 3.9295 | FP STD 0.0315|
KL coef: 0.762407445211707
Train loss (one batch): 7805.09130859375
Train CE loss (one batch): 0.0
Test MSE: 0.0174
Poisson likelihood: 0.0
CE loss: 0.0
Experiment 93083
Epoch 0154 [Test seq (cond on sampled tp)] | Loss 8732.641602 | Likelihood -8751.429688 | KL fp 3.9526 | FP STD 0.0309|
KL coef: 0.7647833707595899
Train loss (one batch): 7515.44091796875
Train CE loss (one batch): 0.0
Test MSE: 0.0175
Poisson likelihood: 0.0
CE loss: 0.0
Experiment 93083
Epoch 0155 [Test seq (cond on sampled tp)] | Loss 8738.397461 | Likelihood -8751.364258 | KL fp 3.9524 | FP STD 0.0308|
KL coef: 0.767135537051994
Train loss (one batch): 7825.15771484375
Train CE loss (one batch): 0.0
Test MSE: 0.0175
Poisson likelihood: 0.0
CE loss: 0.0
Experiment 93083
Epoch 0156 [Test seq (cond on sampled tp)] | Loss 8706.249023 | Likelihood -8745.451172 | KL fp 3.9513 | FP STD 0.0307|
KL coef: 0.769464181681474
Train loss (one batch): 8157.03271484375
Train CE loss (one batch): 0.0
Test MSE: 0.0175
Poisson likelihood: 0.0
CE loss: 0.0
Experiment 93083
Epoch 0157 [Test seq (cond on sampled tp)] | Loss 8517.447266 | Likelihood -8538.647461 | KL fp 3.9965 | FP STD 0.0300|
KL coef: 0.7717695398646593
Train loss (one batch): 7684.57373046875
Train CE loss (one batch): 0.0
Test MSE: 0.0171
Poisson likelihood: 0.0
CE loss: 0.0
Experiment 93083
Epoch 0158 [Test seq (cond on sampled tp)] | Loss 8437.352539 | Likelihood -8446.307617 | KL fp 3.9449 | FP STD 0.0303|
KL coef: 0.7740518444660127
Train loss (one batch): 7901.68359375
Train CE loss (one batch): 0.0
Test MSE: 0.0169
Poisson likelihood: 0.0
CE loss: 0.0
Experiment 93083
Epoch 0159 [Test seq (cond on sampled tp)] | Loss 8644.883789 | Likelihood -8658.254883 | KL fp 3.9909 | FP STD 0.0296|
KL coef: 0.7763113260213526
Train loss (one batch): 7612.302734375
Train CE loss (one batch): 0.0
Test MSE: 0.0173
Poisson likelihood: 0.0
CE loss: 0.0
Experiment 93083
Epoch 0160 [Test seq (cond on sampled tp)] | Loss 8416.869141 | Likelihood -8427.813477 | KL fp 3.9787 | FP STD 0.0299|
KL coef: 0.7785482127611391
Train loss (one batch): 7770.240234375
Train CE loss (one batch): 0.0
Test MSE: 0.0169
Poisson likelihood: 0.0
CE loss: 0.0
Experiment 93083
Epoch 0161 [Test seq (cond on sampled tp)] | Loss 8661.790039 | Likelihood -8681.329102 | KL fp 3.9347 | FP STD 0.0313|
KL coef: 0.7807627306335276
Train loss (one batch): 7828.97900390625
Train CE loss (one batch): 0.0
Test MSE: 0.0174
Poisson likelihood: 0.0
CE loss: 0.0
Experiment 93083
Epoch 0162 [Test seq (cond on sampled tp)] | Loss 8443.301758 | Likelihood -8448.903320 | KL fp 3.9770 | FP STD 0.0294|
KL coef: 0.7829551033271924
Train loss (one batch): 7565.30322265625
Train CE loss (one batch): 0.0
Test MSE: 0.0169
Poisson likelihood: 0.0
CE loss: 0.0
Experiment 93083
Epoch 0163 [Test seq (cond on sampled tp)] | Loss 8570.888672 | Likelihood -8585.739258 | KL fp 3.9536 | FP STD 0.0305|
KL coef: 0.7851255522939204
Train loss (one batch): 7904.5439453125
Train CE loss (one batch): 0.0
Test MSE: 0.0172
Poisson likelihood: 0.0
CE loss: 0.0
Experiment 93083
Epoch 0164 [Test seq (cond on sampled tp)] | Loss 8524.002930 | Likelihood -8550.001953 | KL fp 3.9146 | FP STD 0.0310|
KL coef: 0.7872742967709813
Train loss (one batch): 7328.51416015625
Train CE loss (one batch): 0.0
Test MSE: 0.0171
Poisson likelihood: 0.0
CE loss: 0.0
Experiment 93083
Epoch 0165 [Test seq (cond on sampled tp)] | Loss 8485.472656 | Likelihood -8501.252930 | KL fp 4.0119 | FP STD 0.0291|
KL coef: 0.7894015538032715
Train loss (one batch): 7648.7529296875
Train CE loss (one batch): 0.0
Test MSE: 0.0170
Poisson likelihood: 0.0
CE loss: 0.0
Experiment 93083
Epoch 0166 [Test seq (cond on sampled tp)] | Loss 8344.859375 | Likelihood -8348.279297 | KL fp 3.9958 | FP STD 0.0295|
KL coef: 0.7915075382652388
Train loss (one batch): 7499.7197265625
Train CE loss (one batch): 0.0
Test MSE: 0.0167
Poisson likelihood: 0.0
CE loss: 0.0
Experiment 93083
Epoch 0167 [Test seq (cond on sampled tp)] | Loss 8587.106445 | Likelihood -8596.420898 | KL fp 3.9898 | FP STD 0.0293|
KL coef: 0.7935924628825863
Train loss (one batch): 7946.26025390625
Train CE loss (one batch): 0.0
Test MSE: 0.0172
Poisson likelihood: 0.0
CE loss: 0.0
Experiment 93083
Epoch 0168 [Test seq (cond on sampled tp)] | Loss 8466.187500 | Likelihood -8480.193359 | KL fp 3.9505 | FP STD 0.0301|
KL coef: 0.7956565382537605
Train loss (one batch): 7984.63818359375
Train CE loss (one batch): 0.0
Test MSE: 0.0170
Poisson likelihood: 0.0
CE loss: 0.0
Experiment 93083
Epoch 0169 [Test seq (cond on sampled tp)] | Loss 8234.370117 | Likelihood -8243.315430 | KL fp 4.0061 | FP STD 0.0286|
KL coef: 0.7976999728712229
Train loss (one batch): 7414.72216796875
Train CE loss (one batch): 0.0
Test MSE: 0.0165
Poisson likelihood: 0.0
CE loss: 0.0
Experiment 93083
Epoch 0170 [Test seq (cond on sampled tp)] | Loss 8181.728516 | Likelihood -8197.612305 | KL fp 3.9826 | FP STD 0.0294|
KL coef: 0.7997229731425107
Train loss (one batch): 7733.3955078125
Train CE loss (one batch): 0.0
Test MSE: 0.0164
Poisson likelihood: 0.0
CE loss: 0.0
Experiment 93083
Epoch 0171 [Test seq (cond on sampled tp)] | Loss 8143.904785 | Likelihood -8153.906738 | KL fp 4.0132 | FP STD 0.0287|
KL coef: 0.8017257434110856
Train loss (one batch): 7720.93408203125
Train CE loss (one batch): 0.0
Test MSE: 0.0163
Poisson likelihood: 0.0
CE loss: 0.0
Experiment 93083
Epoch 0172 [Test seq (cond on sampled tp)] | Loss 8326.198242 | Likelihood -8343.065430 | KL fp 3.9901 | FP STD 0.0292|
KL coef: 0.8037084859769748
Train loss (one batch): 7728.015625
Train CE loss (one batch): 0.0
Test MSE: 0.0167
Poisson likelihood: 0.0
CE loss: 0.0
Experiment 93083
Epoch 0173 [Test seq (cond on sampled tp)] | Loss 8282.714844 | Likelihood -8287.927734 | KL fp 3.9649 | FP STD 0.0294|
KL coef: 0.805671401117205
Train loss (one batch): 7531.3095703125
Train CE loss (one batch): 0.0
Test MSE: 0.0166
Poisson likelihood: 0.0
CE loss: 0.0
Experiment 93083
Epoch 0174 [Test seq (cond on sampled tp)] | Loss 8420.052734 | Likelihood -8446.221680 | KL fp 4.0402 | FP STD 0.0283|
KL coef: 0.8076146871060329
Train loss (one batch): 7317.16796875
Train CE loss (one batch): 0.0
Test MSE: 0.0169
Poisson likelihood: 0.0
CE loss: 0.0
Experiment 93083
Epoch 0175 [Test seq (cond on sampled tp)] | Loss 8116.516602 | Likelihood -8144.201660 | KL fp 4.0306 | FP STD 0.0285|
KL coef: 0.8095385402349726
Train loss (one batch): 7533.53515625
Train CE loss (one batch): 0.0
Test MSE: 0.0163
Poisson likelihood: 0.0
CE loss: 0.0
Experiment 93083
Epoch 0176 [Test seq (cond on sampled tp)] | Loss 8150.828125 | Likelihood -8164.578125 | KL fp 4.0380 | FP STD 0.0286|
KL coef: 0.8114431548326229
Train loss (one batch): 7679.2294921875
Train CE loss (one batch): 0.0
Test MSE: 0.0163
Poisson likelihood: 0.0
CE loss: 0.0
Experiment 93083
Epoch 0177 [Test seq (cond on sampled tp)] | Loss 8414.669922 | Likelihood -8443.590820 | KL fp 3.9888 | FP STD 0.0293|
KL coef: 0.8133287232842966
Train loss (one batch): 7386.94580078125
Train CE loss (one batch): 0.0
Test MSE: 0.0169
Poisson likelihood: 0.0
CE loss: 0.0
Experiment 93083
Epoch 0178 [Test seq (cond on sampled tp)] | Loss 8127.029297 | Likelihood -8146.437500 | KL fp 4.0864 | FP STD 0.0269|
KL coef: 0.8151954360514537
Train loss (one batch): 7030.275390625
Train CE loss (one batch): 0.0
Test MSE: 0.0163
Poisson likelihood: 0.0
CE loss: 0.0
Experiment 93083
Epoch 0179 [Test seq (cond on sampled tp)] | Loss 8190.313965 | Likelihood -8205.046875 | KL fp 4.0526 | FP STD 0.0276|
KL coef: 0.8170434816909391
Train loss (one batch): 7417.91748046875
Train CE loss (one batch): 0.0
Test MSE: 0.0164
Poisson likelihood: 0.0
CE loss: 0.0
Experiment 93083
Epoch 0180 [Test seq (cond on sampled tp)] | Loss 8021.662598 | Likelihood -8050.837891 | KL fp 4.0610 | FP STD 0.0271|
KL coef: 0.8188730468740297
Train loss (one batch): 7340.908203125
Train CE loss (one batch): 0.0
Test MSE: 0.0161
Poisson likelihood: 0.0
CE loss: 0.0
Experiment 93083
Epoch 0181 [Test seq (cond on sampled tp)] | Loss 8269.290039 | Likelihood -8284.704102 | KL fp 4.0424 | FP STD 0.0282|
KL coef: 0.8206843164052895
Train loss (one batch): 7692.83447265625
Train CE loss (one batch): 0.0
Test MSE: 0.0166
Poisson likelihood: 0.0
CE loss: 0.0
Experiment 93083
Epoch 0182 [Test seq (cond on sampled tp)] | Loss 8049.893066 | Likelihood -8058.660156 | KL fp 4.0199 | FP STD 0.0280|
KL coef: 0.8224774732412365
Train loss (one batch): 7063.1884765625
Train CE loss (one batch): 0.0
Test MSE: 0.0161
Poisson likelihood: 0.0
CE loss: 0.0
Experiment 93083
Epoch 0183 [Test seq (cond on sampled tp)] | Loss 8042.568359 | Likelihood -8052.731934 | KL fp 4.0118 | FP STD 0.0282|
KL coef: 0.8242526985088242
Train loss (one batch): 7441.888671875
Train CE loss (one batch): 0.0
Test MSE: 0.0161
Poisson likelihood: 0.0
CE loss: 0.0
Experiment 93083
Epoch 0184 [Test seq (cond on sampled tp)] | Loss 8200.565430 | Likelihood -8209.485352 | KL fp 4.0368 | FP STD 0.0278|
KL coef: 0.826010171523736
Train loss (one batch): 7167.10302734375
Train CE loss (one batch): 0.0
Test MSE: 0.0164
Poisson likelihood: 0.0
CE loss: 0.0
Experiment 93083
Epoch 0185 [Test seq (cond on sampled tp)] | Loss 8253.598633 | Likelihood -8281.718750 | KL fp 4.0356 | FP STD 0.0276|
KL coef: 0.8277500698084986
Train loss (one batch): 7151.96728515625
Train CE loss (one batch): 0.0
Test MSE: 0.0166
Poisson likelihood: 0.0
CE loss: 0.0
Experiment 93083
Epoch 0186 [Test seq (cond on sampled tp)] | Loss 7997.924316 | Likelihood -8016.040527 | KL fp 4.0711 | FP STD 0.0266|
KL coef: 0.8294725691104137
Train loss (one batch): 7370.38232421875
Train CE loss (one batch): 0.0
Test MSE: 0.0160
Poisson likelihood: 0.0
CE loss: 0.0
Experiment 93083
Epoch 0187 [Test seq (cond on sampled tp)] | Loss 8207.042969 | Likelihood -8247.704102 | KL fp 4.0261 | FP STD 0.0276|
KL coef: 0.8311778434193096
Train loss (one batch): 7321.439453125
Train CE loss (one batch): 0.0
Test MSE: 0.0165
Poisson likelihood: 0.0
CE loss: 0.0
Experiment 93083
Epoch 0188 [Test seq (cond on sampled tp)] | Loss 8160.073730 | Likelihood -8161.830566 | KL fp 4.0114 | FP STD 0.0278|
KL coef: 0.8328660649851164
Train loss (one batch): 7746.28955078125
Train CE loss (one batch): 0.0
Test MSE: 0.0163
Poisson likelihood: 0.0
CE loss: 0.0
Experiment 93083
Epoch 0189 [Test seq (cond on sampled tp)] | Loss 7834.097656 | Likelihood -7848.285156 | KL fp 4.1132 | FP STD 0.0260|
KL coef: 0.8345374043352652
Train loss (one batch): 7197.28564453125
Train CE loss (one batch): 0.0
Test MSE: 0.0157
Poisson likelihood: 0.0
CE loss: 0.0
Experiment 93083
Epoch 0190 [Test seq (cond on sampled tp)] | Loss 8034.275391 | Likelihood -8068.998535 | KL fp 4.0850 | FP STD 0.0264|
KL coef: 0.8361920302919126
Train loss (one batch): 7180.6953125
Train CE loss (one batch): 0.0
Test MSE: 0.0161
Poisson likelihood: 0.0
CE loss: 0.0
Experiment 93083
Epoch 0191 [Test seq (cond on sampled tp)] | Loss 8010.798828 | Likelihood -8044.734375 | KL fp 4.1032 | FP STD 0.0258|
KL coef: 0.8378301099889934
Train loss (one batch): 7240.05908203125
Train CE loss (one batch): 0.0
Test MSE: 0.0161
Poisson likelihood: 0.0
CE loss: 0.0
Experiment 93083
Epoch 0192 [Test seq (cond on sampled tp)] | Loss 7926.661621 | Likelihood -7978.380859 | KL fp 4.1419 | FP STD 0.0252|
KL coef: 0.8394518088891035
Train loss (one batch): 7230.73486328125
Train CE loss (one batch): 0.0
Test MSE: 0.0160
Poisson likelihood: 0.0
CE loss: 0.0
Experiment 93083
Epoch 0193 [Test seq (cond on sampled tp)] | Loss 8017.455566 | Likelihood -8033.450684 | KL fp 4.0850 | FP STD 0.0261|
KL coef: 0.8410572908002125
Train loss (one batch): 7334.06298828125
Train CE loss (one batch): 0.0
Test MSE: 0.0161
Poisson likelihood: 0.0
CE loss: 0.0
Experiment 93083
Epoch 0194 [Test seq (cond on sampled tp)] | Loss 7876.827148 | Likelihood -7883.148438 | KL fp 4.0679 | FP STD 0.0265|
KL coef: 0.8426467178922104
Train loss (one batch): 7001.6083984375
Train CE loss (one batch): 0.0
Test MSE: 0.0158
Poisson likelihood: 0.0
CE loss: 0.0
Experiment 93083
Epoch 0195 [Test seq (cond on sampled tp)] | Loss 8197.604492 | Likelihood -8224.518555 | KL fp 4.1144 | FP STD 0.0254|
KL coef: 0.8442202507132883
Train loss (one batch): 7076.67333984375
Train CE loss (one batch): 0.0
Test MSE: 0.0165
Poisson likelihood: 0.0
CE loss: 0.0
Experiment 93083
Epoch 0196 [Test seq (cond on sampled tp)] | Loss 7841.096680 | Likelihood -7843.228027 | KL fp 4.1006 | FP STD 0.0256|
KL coef: 0.8457780482061554
Train loss (one batch): 7532.734375
Train CE loss (one batch): 0.0
Test MSE: 0.0157
Poisson likelihood: 0.0
CE loss: 0.0
Experiment 93083
Epoch 0197 [Test seq (cond on sampled tp)] | Loss 7651.526367 | Likelihood -7663.345215 | KL fp 4.1002 | FP STD 0.0254|
KL coef: 0.8473202677240939
Train loss (one batch): 7623.259765625
Train CE loss (one batch): 0.0
Test MSE: 0.0153
Poisson likelihood: 0.0
CE loss: 0.0
Experiment 93083
Epoch 0198 [Test seq (cond on sampled tp)] | Loss 8083.143066 | Likelihood -8090.660645 | KL fp 4.1191 | FP STD 0.0241|
KL coef: 0.8488470650468529
Train loss (one batch): 7118.48681640625
Train CE loss (one batch): 0.0
Test MSE: 0.0162
Poisson likelihood: 0.0
CE loss: 0.0
Experiment 93083
Epoch 0199 [Test seq (cond on sampled tp)] | Loss 7981.842285 | Likelihood -8010.053223 | KL fp 4.0692 | FP STD 0.0263|
KL coef: 0.8503585943963844
Train loss (one batch): 6815.65185546875
Train CE loss (one batch): 0.0
Test MSE: 0.0160
Poisson likelihood: 0.0
CE loss: 0.0
Experiment 93083
Epoch 0200 [Test seq (cond on sampled tp)] | Loss 7534.659668 | Likelihood -7536.273438 | KL fp 4.1381 | FP STD 0.0252|
KL coef: 0.8518550084524206
Train loss (one batch): 7202.29296875
Train CE loss (one batch): 0.0
Test MSE: 0.0151
Poisson likelihood: 0.0
CE loss: 0.0
Experiment 93083
Epoch 0201 [Test seq (cond on sampled tp)] | Loss 7850.938965 | Likelihood -7870.982422 | KL fp 4.0816 | FP STD 0.0260|
KL coef: 0.8533364583678963
Train loss (one batch): 6810.3037109375
Train CE loss (one batch): 0.0
Test MSE: 0.0158
Poisson likelihood: 0.0
CE loss: 0.0
Experiment 93083
Epoch 0202 [Test seq (cond on sampled tp)] | Loss 7916.206543 | Likelihood -7924.853027 | KL fp 4.1586 | FP STD 0.0241|
KL coef: 0.8548030937842174
Train loss (one batch): 7218.13330078125
Train CE loss (one batch): 0.0
Test MSE: 0.0159
Poisson likelihood: 0.0
CE loss: 0.0
Experiment 93083
Epoch 0203 [Test seq (cond on sampled tp)] | Loss 7722.563477 | Likelihood -7736.441895 | KL fp 4.1639 | FP STD 0.0237|
KL coef: 0.8562550628463752
Train loss (one batch): 6711.6767578125
Train CE loss (one batch): 0.0
Test MSE: 0.0155
Poisson likelihood: 0.0
CE loss: 0.0
Experiment 93083
Epoch 0204 [Test seq (cond on sampled tp)] | Loss 7560.332520 | Likelihood -7564.291504 | KL fp 4.1192 | FP STD 0.0253|
KL coef: 0.8576925122179114
Train loss (one batch): 7234.54150390625
Train CE loss (one batch): 0.0
Test MSE: 0.0151
Poisson likelihood: 0.0
CE loss: 0.0
Experiment 93083
Epoch 0205 [Test seq (cond on sampled tp)] | Loss 7595.337402 | Likelihood -7600.594238 | KL fp 4.1028 | FP STD 0.0259|
KL coef: 0.8591155870957323
Train loss (one batch): 6910.47021484375
Train CE loss (one batch): 0.0
Test MSE: 0.0152
Poisson likelihood: 0.0
CE loss: 0.0
Experiment 93083
Epoch 0206 [Test seq (cond on sampled tp)] | Loss 7814.949707 | Likelihood -7823.953125 | KL fp 4.0790 | FP STD 0.0259|
KL coef: 0.8605244312247751
Train loss (one batch): 7627.4599609375
Train CE loss (one batch): 0.0
Test MSE: 0.0157
Poisson likelihood: 0.0
CE loss: 0.0
Experiment 93083
Epoch 0207 [Test seq (cond on sampled tp)] | Loss 7615.524414 | Likelihood -7665.996094 | KL fp 4.1532 | FP STD 0.0239|
KL coef: 0.8619191869125272
Train loss (one batch): 7251.9306640625
Train CE loss (one batch): 0.0
Test MSE: 0.0153
Poisson likelihood: 0.0
CE loss: 0.0
Experiment 93083
Epoch 0208 [Test seq (cond on sampled tp)] | Loss 7621.901367 | Likelihood -7631.290527 | KL fp 4.1457 | FP STD 0.0241|
KL coef: 0.8632999950434019
Train loss (one batch): 7218.97998046875
Train CE loss (one batch): 0.0
Test MSE: 0.0153
Poisson likelihood: 0.0
CE loss: 0.0
Experiment 93083
Epoch 0209 [Test seq (cond on sampled tp)] | Loss 7826.306152 | Likelihood -7826.769043 | KL fp 4.1589 | FP STD 0.0244|
KL coef: 0.864666995092968
Train loss (one batch): 6977.4013671875
Train CE loss (one batch): 0.0
Test MSE: 0.0157
Poisson likelihood: 0.0
CE loss: 0.0
Experiment 93083
Epoch 0210 [Test seq (cond on sampled tp)] | Loss 7654.721680 | Likelihood -7664.742188 | KL fp 4.1777 | FP STD 0.0237|
KL coef: 0.8660203251420383
Train loss (one batch): 7294.76708984375
Train CE loss (one batch): 0.0
Test MSE: 0.0153
Poisson likelihood: 0.0
CE loss: 0.0
Experiment 93083
Epoch 0211 [Test seq (cond on sampled tp)] | Loss 7427.634277 | Likelihood -7436.105469 | KL fp 4.1925 | FP STD 0.0234|
KL coef: 0.867360121890618
Train loss (one batch): 7200.1953125
Train CE loss (one batch): 0.0
Test MSE: 0.0149
Poisson likelihood: 0.0
CE loss: 0.0
Experiment 93083
Epoch 0212 [Test seq (cond on sampled tp)] | Loss 7729.071289 | Likelihood -7753.733887 | KL fp 4.1066 | FP STD 0.0253|
KL coef: 0.8686865206717117
Train loss (one batch): 6738.27490234375
Train CE loss (one batch): 0.0
Test MSE: 0.0155
Poisson likelihood: 0.0
CE loss: 0.0
Experiment 93083
Epoch 0213 [Test seq (cond on sampled tp)] | Loss 7721.860840 | Likelihood -7726.422363 | KL fp 4.1347 | FP STD 0.0246|
KL coef: 0.8699996554649946
Train loss (one batch): 6651.0546875
Train CE loss (one batch): 0.0
Test MSE: 0.0155
Poisson likelihood: 0.0
CE loss: 0.0
Experiment 93083
Epoch 0214 [Test seq (cond on sampled tp)] | Loss 7591.805176 | Likelihood -7593.630859 | KL fp 4.1222 | FP STD 0.0244|
KL coef: 0.8712996589103447
Train loss (one batch): 6944.75927734375
Train CE loss (one batch): 0.0
Test MSE: 0.0152
Poisson likelihood: 0.0
CE loss: 0.0
Experiment 93083
Epoch 0215 [Test seq (cond on sampled tp)] | Loss 7680.896484 | Likelihood -7689.420410 | KL fp 4.1315 | FP STD 0.0236|
KL coef: 0.8725866623212413
Train loss (one batch): 6798.7236328125
Train CE loss (one batch): 0.0
Test MSE: 0.0154
Poisson likelihood: 0.0
CE loss: 0.0
Experiment 93083
Epoch 0216 [Test seq (cond on sampled tp)] | Loss 7763.900391 | Likelihood -7772.500000 | KL fp 4.1793 | FP STD 0.0237|
KL coef: 0.8738607956980289
Train loss (one batch): 6687.966796875
Train CE loss (one batch): 0.0
Test MSE: 0.0156
Poisson likelihood: 0.0
CE loss: 0.0
Experiment 93083
Epoch 0217 [Test seq (cond on sampled tp)] | Loss 7564.894043 | Likelihood -7578.439941 | KL fp 4.1763 | FP STD 0.0237|
KL coef: 0.8751221877410486
Train loss (one batch): 7071.34814453125
Train CE loss (one batch): 0.0
Test MSE: 0.0152
Poisson likelihood: 0.0
CE loss: 0.0
Experiment 93083
Epoch 0218 [Test seq (cond on sampled tp)] | Loss 7344.767090 | Likelihood -7346.716797 | KL fp 4.2016 | FP STD 0.0230|
KL coef: 0.876370965863638
Train loss (one batch): 6458.76171875
Train CE loss (one batch): 0.0
Test MSE: 0.0147
Poisson likelihood: 0.0
CE loss: 0.0
Experiment 93083
Epoch 0219 [Test seq (cond on sampled tp)] | Loss 7531.889648 | Likelihood -7558.408691 | KL fp 4.1491 | FP STD 0.0238|
KL coef: 0.8776072562050017
Train loss (one batch): 6804.50390625
Train CE loss (one batch): 0.0
Test MSE: 0.0151
Poisson likelihood: 0.0
CE loss: 0.0
Experiment 93083
Epoch 0220 [Test seq (cond on sampled tp)] | Loss 7456.776855 | Likelihood -7467.206543 | KL fp 4.1740 | FP STD 0.0238|
KL coef: 0.8788311836429517
Train loss (one batch): 6786.87255859375
Train CE loss (one batch): 0.0
Test MSE: 0.0149
Poisson likelihood: 0.0
CE loss: 0.0
Experiment 93083
Epoch 0221 [Test seq (cond on sampled tp)] | Loss 7324.082031 | Likelihood -7352.270996 | KL fp 4.1879 | FP STD 0.0228|
KL coef: 0.8800428718065221
Train loss (one batch): 6485.67236328125
Train CE loss (one batch): 0.0
Test MSE: 0.0147
Poisson likelihood: 0.0
CE loss: 0.0
Experiment 93083
Epoch 0222 [Test seq (cond on sampled tp)] | Loss 7606.050293 | Likelihood -7606.947266 | KL fp 4.2200 | FP STD 0.0227|
KL coef: 0.8812424430884569
Train loss (one batch): 6724.37158203125
Train CE loss (one batch): 0.0
Test MSE: 0.0152
Poisson likelihood: 0.0
CE loss: 0.0
Experiment 93083
Epoch 0223 [Test seq (cond on sampled tp)] | Loss 7427.389648 | Likelihood -7430.419434 | KL fp 4.1174 | FP STD 0.0246|
KL coef: 0.8824300186575723
Train loss (one batch): 6970.451171875
Train CE loss (one batch): 0.0
Test MSE: 0.0149
Poisson likelihood: 0.0
CE loss: 0.0
Experiment 93083
Epoch 0224 [Test seq (cond on sampled tp)] | Loss 7312.779297 | Likelihood -7327.253906 | KL fp 4.1608 | FP STD 0.0235|
KL coef: 0.8836057184709967
Train loss (one batch): 6975.490234375
Train CE loss (one batch): 0.0
Test MSE: 0.0147
Poisson likelihood: 0.0
CE loss: 0.0
Experiment 93083
Epoch 0225 [Test seq (cond on sampled tp)] | Loss 7611.642578 | Likelihood -7623.029785 | KL fp 4.1768 | FP STD 0.0236|
KL coef: 0.8847696612862866
Train loss (one batch): 6661.4091796875
Train CE loss (one batch): 0.0
Test MSE: 0.0153
Poisson likelihood: 0.0
CE loss: 0.0
Experiment 93083
Epoch 0226 [Test seq (cond on sampled tp)] | Loss 7326.891113 | Likelihood -7357.832031 | KL fp 4.1572 | FP STD 0.0231|
KL coef: 0.8859219646734238
Train loss (one batch): 6373.6123046875
Train CE loss (one batch): 0.0
Test MSE: 0.0147
Poisson likelihood: 0.0
CE loss: 0.0
Experiment 93083
Epoch 0227 [Test seq (cond on sampled tp)] | Loss 7318.885254 | Likelihood -7329.623535 | KL fp 4.1334 | FP STD 0.0237|
KL coef: 0.8870627450266896
Train loss (one batch): 7394.41357421875
Train CE loss (one batch): 0.0
Test MSE: 0.0147
Poisson likelihood: 0.0
CE loss: 0.0
Experiment 93083
Epoch 0228 [Test seq (cond on sampled tp)] | Loss 7573.711426 | Likelihood -7579.978027 | KL fp 4.1137 | FP STD 0.0245|
KL coef: 0.8881921175764227
Train loss (one batch): 6294.10205078125
Train CE loss (one batch): 0.0
Test MSE: 0.0152
Poisson likelihood: 0.0
CE loss: 0.0
Experiment 93083
Epoch 0229 [Test seq (cond on sampled tp)] | Loss 7449.266602 | Likelihood -7465.609375 | KL fp 4.1802 | FP STD 0.0232|
KL coef: 0.8893101964006584
Train loss (one batch): 6944.01708984375
Train CE loss (one batch): 0.0
Test MSE: 0.0149
Poisson likelihood: 0.0
CE loss: 0.0
Experiment 93083
Epoch 0230 [Test seq (cond on sampled tp)] | Loss 7407.806641 | Likelihood -7419.540527 | KL fp 4.1719 | FP STD 0.0228|
KL coef: 0.8904170944366518
Train loss (one batch): 6998.68798828125
Train CE loss (one batch): 0.0
Test MSE: 0.0149
Poisson likelihood: 0.0
CE loss: 0.0
Experiment 93083
Epoch 0231 [Test seq (cond on sampled tp)] | Loss 7556.711914 | Likelihood -7568.981934 | KL fp 4.1385 | FP STD 0.0237|
KL coef: 0.8915129234922854
Train loss (one batch): 6725.7080078125
Train CE loss (one batch): 0.0
Test MSE: 0.0151
Poisson likelihood: 0.0
CE loss: 0.0
Experiment 93083
Epoch 0232 [Test seq (cond on sampled tp)] | Loss 7445.292480 | Likelihood -7456.925293 | KL fp 4.1592 | FP STD 0.0235|
KL coef: 0.8925977942573625
Train loss (one batch): 6966.02783203125
Train CE loss (one batch): 0.0
Test MSE: 0.0149
Poisson likelihood: 0.0
CE loss: 0.0
Experiment 93083
Epoch 0233 [Test seq (cond on sampled tp)] | Loss 7475.852539 | Likelihood -7485.865234 | KL fp 4.1508 | FP STD 0.0235|
KL coef: 0.8936718163147889
Train loss (one batch): 6828.9189453125
Train CE loss (one batch): 0.0
Test MSE: 0.0150
Poisson likelihood: 0.0
CE loss: 0.0
Experiment 93083
Epoch 0234 [Test seq (cond on sampled tp)] | Loss 7308.684082 | Likelihood -7308.019531 | KL fp 4.1953 | FP STD 0.0228|
KL coef: 0.894735098151641
Train loss (one batch): 6617.20849609375
Train CE loss (one batch): 0.0
Test MSE: 0.0146
Poisson likelihood: 0.0
CE loss: 0.0
Experiment 93083
Epoch 0235 [Test seq (cond on sampled tp)] | Loss 7265.030762 | Likelihood -7266.205566 | KL fp 4.1848 | FP STD 0.0232|
KL coef: 0.8957877471701245
Train loss (one batch): 6751.2529296875
Train CE loss (one batch): 0.0
Test MSE: 0.0145
Poisson likelihood: 0.0
CE loss: 0.0
Experiment 93083
Epoch 0236 [Test seq (cond on sampled tp)] | Loss 7260.562500 | Likelihood -7272.313965 | KL fp 4.1888 | FP STD 0.0224|
KL coef: 0.8968298696984233
Train loss (one batch): 6848.3720703125
Train CE loss (one batch): 0.0
Test MSE: 0.0146
Poisson likelihood: 0.0
CE loss: 0.0
Experiment 93083
Epoch 0237 [Test seq (cond on sampled tp)] | Loss 7286.175781 | Likelihood -7293.833984 | KL fp 4.2230 | FP STD 0.0218|
KL coef: 0.897861571001439
Train loss (one batch): 6960.86376953125
Train CE loss (one batch): 0.0
Test MSE: 0.0146
Poisson likelihood: 0.0
CE loss: 0.0
Experiment 93083
Epoch 0238 [Test seq (cond on sampled tp)] | Loss 7319.745117 | Likelihood -7351.761230 | KL fp 4.1592 | FP STD 0.0228|
KL coef: 0.8988829552914247
Train loss (one batch): 6818.9189453125
Train CE loss (one batch): 0.0
Test MSE: 0.0147
Poisson likelihood: 0.0
CE loss: 0.0
Experiment 93083
Epoch 0239 [Test seq (cond on sampled tp)] | Loss 7192.873047 | Likelihood -7207.865234 | KL fp 4.2116 | FP STD 0.0224|
KL coef: 0.8998941257385105
Train loss (one batch): 6582.775390625
Train CE loss (one batch): 0.0
Test MSE: 0.0144
Poisson likelihood: 0.0
CE loss: 0.0
Experiment 93083
Epoch 0240 [Test seq (cond on sampled tp)] | Loss 7283.427246 | Likelihood -7295.882812 | KL fp 4.2018 | FP STD 0.0222|
KL coef: 0.9008951844811254
Train loss (one batch): 6198.68115234375
Train CE loss (one batch): 0.0
Test MSE: 0.0146
Poisson likelihood: 0.0
CE loss: 0.0
Experiment 93083
Epoch 0241 [Test seq (cond on sampled tp)] | Loss 7218.279297 | Likelihood -7221.490234 | KL fp 4.2349 | FP STD 0.0221|
KL coef: 0.9018862326363141
Train loss (one batch): 6250.04150390625
Train CE loss (one batch): 0.0
Test MSE: 0.0145
Poisson likelihood: 0.0
CE loss: 0.0
Experiment 93083
Epoch 0242 [Test seq (cond on sampled tp)] | Loss 7193.627930 | Likelihood -7206.240723 | KL fp 4.1824 | FP STD 0.0226|
KL coef: 0.902867370309951
Train loss (one batch): 6735.4638671875
Train CE loss (one batch): 0.0
Test MSE: 0.0144
Poisson likelihood: 0.0
CE loss: 0.0
Experiment 93083
Epoch 0243 [Test seq (cond on sampled tp)] | Loss 7184.363281 | Likelihood -7198.371582 | KL fp 4.2356 | FP STD 0.0221|
KL coef: 0.9038386966068515
Train loss (one batch): 6684.14892578125
Train CE loss (one batch): 0.0
Test MSE: 0.0144
Poisson likelihood: 0.0
CE loss: 0.0
Experiment 93083
Epoch 0244 [Test seq (cond on sampled tp)] | Loss 6919.901855 | Likelihood -6933.974121 | KL fp 4.2579 | FP STD 0.0215|
KL coef: 0.904800309640783
Train loss (one batch): 6319.04443359375
Train CE loss (one batch): 0.0
Test MSE: 0.0139
Poisson likelihood: 0.0
CE loss: 0.0
Experiment 93083
Epoch 0245 [Test seq (cond on sampled tp)] | Loss 7152.177246 | Likelihood -7168.832031 | KL fp 4.1827 | FP STD 0.0227|
KL coef: 0.9057523065443751
Train loss (one batch): 6670.91259765625
Train CE loss (one batch): 0.0
Test MSE: 0.0143
Poisson likelihood: 0.0
CE loss: 0.0
Experiment 93083
Epoch 0246 [Test seq (cond on sampled tp)] | Loss 7256.082520 | Likelihood -7277.052246 | KL fp 4.2205 | FP STD 0.0220|
KL coef: 0.9066947834789314
Train loss (one batch): 6549.89599609375
Train CE loss (one batch): 0.0
Test MSE: 0.0146
Poisson likelihood: 0.0
CE loss: 0.0
Experiment 93083
Epoch 0247 [Test seq (cond on sampled tp)] | Loss 7253.350098 | Likelihood -7276.823730 | KL fp 4.2171 | FP STD 0.0218|
KL coef: 0.9076278356441421
Train loss (one batch): 6007.595703125
Train CE loss (one batch): 0.0
Test MSE: 0.0146
Poisson likelihood: 0.0
CE loss: 0.0
Experiment 93083
Epoch 0248 [Test seq (cond on sampled tp)] | Loss 7140.800781 | Likelihood -7148.589844 | KL fp 4.1828 | FP STD 0.0225|
KL coef: 0.9085515572877007
Train loss (one batch): 6930.77734375
Train CE loss (one batch): 0.0
Test MSE: 0.0143
Poisson likelihood: 0.0
CE loss: 0.0
Experiment 93083
Epoch 0249 [Test seq (cond on sampled tp)] | Loss 7062.916992 | Likelihood -7065.027832 | KL fp 4.2718 | FP STD 0.0213|
KL coef: 0.9094660417148236
Train loss (one batch): 6423.68701171875
Train CE loss (one batch): 0.0
Test MSE: 0.0141
Poisson likelihood: 0.0
CE loss: 0.0
Experiment 93083
Epoch 0250 [Test seq (cond on sampled tp)] | Loss 7106.175781 | Likelihood -7116.549316 | KL fp 4.2650 | FP STD 0.0208|
KL coef: 0.9103713812976754
Train loss (one batch): 6834.44873046875
Train CE loss (one batch): 0.0
Test MSE: 0.0142
Poisson likelihood: 0.0
CE loss: 0.0
Experiment 93083
Epoch 0251 [Test seq (cond on sampled tp)] | Loss 7132.820312 | Likelihood -7138.957520 | KL fp 4.2161 | FP STD 0.0215|
KL coef: 0.9112676674846987
Train loss (one batch): 6394.994140625
Train CE loss (one batch): 0.0
Test MSE: 0.0143
Poisson likelihood: 0.0
CE loss: 0.0
Experiment 93083
Epoch 0252 [Test seq (cond on sampled tp)] | Loss 7151.019043 | Likelihood -7176.075684 | KL fp 4.1296 | FP STD 0.0228|
KL coef: 0.9121549908098516
Train loss (one batch): 6129.4072265625
Train CE loss (one batch): 0.0
Test MSE: 0.0144
Poisson likelihood: 0.0
CE loss: 0.0
Experiment 93083
Epoch 0253 [Test seq (cond on sampled tp)] | Loss 7117.196289 | Likelihood -7138.828125 | KL fp 4.1991 | FP STD 0.0219|
KL coef: 0.9130334409017531
Train loss (one batch): 6374.1923828125
Train CE loss (one batch): 0.0
Test MSE: 0.0143
Poisson likelihood: 0.0
CE loss: 0.0
Experiment 93083
Epoch 0254 [Test seq (cond on sampled tp)] | Loss 7034.570801 | Likelihood -7051.270020 | KL fp 4.2475 | FP STD 0.0214|
KL coef: 0.9139031064927357
Train loss (one batch): 6242.421875
Train CE loss (one batch): 0.0
Test MSE: 0.0141
Poisson likelihood: 0.0
CE loss: 0.0
Experiment 93083
Epoch 0255 [Test seq (cond on sampled tp)] | Loss 7086.388672 | Likelihood -7104.604980 | KL fp 4.2153 | FP STD 0.0223|
KL coef: 0.9147640754278082
Train loss (one batch): 6466.29833984375
Train CE loss (one batch): 0.0
Test MSE: 0.0142
Poisson likelihood: 0.0
CE loss: 0.0
Experiment 93083
Epoch 0256 [Test seq (cond on sampled tp)] | Loss 6867.679199 | Likelihood -6877.220703 | KL fp 4.1964 | FP STD 0.0216|
KL coef: 0.9156164346735302
Train loss (one batch): 6473.5126953125
Train CE loss (one batch): 0.0
Test MSE: 0.0138
Poisson likelihood: 0.0
CE loss: 0.0
Experiment 93083
Epoch 0257 [Test seq (cond on sampled tp)] | Loss 7035.101074 | Likelihood -7070.748535 | KL fp 4.2332 | FP STD 0.0214|
KL coef: 0.9164602703267949
Train loss (one batch): 6547.40625
Train CE loss (one batch): 0.0
Test MSE: 0.0142
Poisson likelihood: 0.0
CE loss: 0.0
Experiment 93083
Epoch 0258 [Test seq (cond on sampled tp)] | Loss 7136.516602 | Likelihood -7146.966309 | KL fp 4.2459 | FP STD 0.0215|
KL coef: 0.9172956676235269
Train loss (one batch): 6446.22900390625
Train CE loss (one batch): 0.0
Test MSE: 0.0143
Poisson likelihood: 0.0
CE loss: 0.0
Experiment 93083
Epoch 0259 [Test seq (cond on sampled tp)] | Loss 7049.824219 | Likelihood -7068.459473 | KL fp 4.2350 | FP STD 0.0212|
KL coef: 0.9181227109472916
Train loss (one batch): 6059.15380859375
Train CE loss (one batch): 0.0
Test MSE: 0.0141
Poisson likelihood: 0.0
CE loss: 0.0
Experiment 93083
Epoch 0260 [Test seq (cond on sampled tp)] | Loss 7020.165039 | Likelihood -7035.517090 | KL fp 4.2363 | FP STD 0.0208|
KL coef: 0.9189414838378187
Train loss (one batch): 5954.7998046875
Train CE loss (one batch): 0.0
Test MSE: 0.0141
Poisson likelihood: 0.0
CE loss: 0.0
Experiment 93083
Epoch 0261 [Test seq (cond on sampled tp)] | Loss 7085.222168 | Likelihood -7088.704590 | KL fp 4.2372 | FP STD 0.0211|
KL coef: 0.9197520689994405
Train loss (one batch): 6537.98095703125
Train CE loss (one batch): 0.0
Test MSE: 0.0142
Poisson likelihood: 0.0
CE loss: 0.0
Experiment 93083
Epoch 0262 [Test seq (cond on sampled tp)] | Loss 6924.417969 | Likelihood -6925.982910 | KL fp 4.2999 | FP STD 0.0201|
KL coef: 0.9205545483094462
Train loss (one batch): 6350.84716796875
Train CE loss (one batch): 0.0
Test MSE: 0.0139
Poisson likelihood: 0.0
CE loss: 0.0
Experiment 93083
Epoch 0263 [Test seq (cond on sampled tp)] | Loss 6960.070312 | Likelihood -6972.162598 | KL fp 4.2707 | FP STD 0.0208|
KL coef: 0.9213490028263517
Train loss (one batch): 6072.6904296875
Train CE loss (one batch): 0.0
Test MSE: 0.0140
Poisson likelihood: 0.0
CE loss: 0.0
Experiment 93083
Epoch 0264 [Test seq (cond on sampled tp)] | Loss 6988.653320 | Likelihood -7008.558105 | KL fp 4.2480 | FP STD 0.0209|
KL coef: 0.9221355127980881
Train loss (one batch): 6972.78369140625
Train CE loss (one batch): 0.0
Test MSE: 0.0140
Poisson likelihood: 0.0
CE loss: 0.0
Experiment 93083
Epoch 0265 [Test seq (cond on sampled tp)] | Loss 6681.500977 | Likelihood -6690.544922 | KL fp 4.1675 | FP STD 0.0216|
KL coef: 0.9229141576701073
Train loss (one batch): 6071.833984375
Train CE loss (one batch): 0.0
Test MSE: 0.0134
Poisson likelihood: 0.0
CE loss: 0.0
Experiment 93083
Epoch 0266 [Test seq (cond on sampled tp)] | Loss 6907.580078 | Likelihood -6912.841309 | KL fp 4.2499 | FP STD 0.0203|
KL coef: 0.9236850160934063
Train loss (one batch): 5975.21630859375
Train CE loss (one batch): 0.0
Test MSE: 0.0138
Poisson likelihood: 0.0
CE loss: 0.0
Experiment 93083
Epoch 0267 [Test seq (cond on sampled tp)] | Loss 6847.751953 | Likelihood -6864.419922 | KL fp 4.2935 | FP STD 0.0203|
KL coef: 0.9244481659324721
Train loss (one batch): 6450.83056640625
Train CE loss (one batch): 0.0
Test MSE: 0.0137
Poisson likelihood: 0.0
CE loss: 0.0
Experiment 93083
Epoch 0268 [Test seq (cond on sampled tp)] | Loss 6910.766602 | Likelihood -6915.242676 | KL fp 4.2733 | FP STD 0.0202|
KL coef: 0.9252036842731475
Train loss (one batch): 6024.99853515625
Train CE loss (one batch): 0.0
Test MSE: 0.0138
Poisson likelihood: 0.0
CE loss: 0.0
Experiment 93083
Epoch 0269 [Test seq (cond on sampled tp)] | Loss 6781.683594 | Likelihood -6784.604004 | KL fp 4.2243 | FP STD 0.0211|
KL coef: 0.9259516474304159
Train loss (one batch): 6014.9755859375
Train CE loss (one batch): 0.0
Test MSE: 0.0136
Poisson likelihood: 0.0
CE loss: 0.0
Experiment 93083
Epoch 0270 [Test seq (cond on sampled tp)] | Loss 6814.826660 | Likelihood -6822.339355 | KL fp 4.2542 | FP STD 0.0208|
KL coef: 0.9266921309561118
Train loss (one batch): 5991.99560546875
Train CE loss (one batch): 0.0
Test MSE: 0.0137
Poisson likelihood: 0.0
CE loss: 0.0
Experiment 93083
Epoch 0271 [Test seq (cond on sampled tp)] | Loss 6985.842773 | Likelihood -6994.738281 | KL fp 4.2327 | FP STD 0.0205|
KL coef: 0.9274252096465507
Train loss (one batch): 6124.84912109375
Train CE loss (one batch): 0.0
Test MSE: 0.0140
Poisson likelihood: 0.0
CE loss: 0.0
Experiment 93083
Epoch 0272 [Test seq (cond on sampled tp)] | Loss 6815.727051 | Likelihood -6830.862793 | KL fp 4.2192 | FP STD 0.0207|
KL coef: 0.9281509575500851
Train loss (one batch): 6288.42041015625
Train CE loss (one batch): 0.0
Test MSE: 0.0137
Poisson likelihood: 0.0
CE loss: 0.0
Experiment 93083
Epoch 0273 [Test seq (cond on sampled tp)] | Loss 6739.968262 | Likelihood -6749.696777 | KL fp 4.2470 | FP STD 0.0203|
KL coef: 0.9288694479745843
Train loss (one batch): 6227.89697265625
Train CE loss (one batch): 0.0
Test MSE: 0.0135
Poisson likelihood: 0.0
CE loss: 0.0
Experiment 93083
Epoch 0274 [Test seq (cond on sampled tp)] | Loss 6792.988770 | Likelihood -6798.662598 | KL fp 4.2555 | FP STD 0.0204|
KL coef: 0.9295807534948385
Train loss (one batch): 6067.783203125
Train CE loss (one batch): 0.0
Test MSE: 0.0136
Poisson likelihood: 0.0
CE loss: 0.0
Experiment 93083
Epoch 0275 [Test seq (cond on sampled tp)] | Loss 7069.959961 | Likelihood -7079.456543 | KL fp 4.2058 | FP STD 0.0219|
KL coef: 0.9302849459598901
Train loss (one batch): 6167.697265625
Train CE loss (one batch): 0.0
Test MSE: 0.0142
Poisson likelihood: 0.0
CE loss: 0.0
Experiment 93083
Epoch 0276 [Test seq (cond on sampled tp)] | Loss 6546.640625 | Likelihood -6564.028809 | KL fp 4.2920 | FP STD 0.0195|
KL coef: 0.9309820965002912
Train loss (one batch): 5953.56982421875
Train CE loss (one batch): 0.0
Test MSE: 0.0131
Poisson likelihood: 0.0
CE loss: 0.0
Experiment 93083
Epoch 0277 [Test seq (cond on sampled tp)] | Loss 6699.995117 | Likelihood -6699.034668 | KL fp 4.2215 | FP STD 0.0211|
KL coef: 0.9316722755352883
Train loss (one batch): 6254.8525390625
Train CE loss (one batch): 0.0
Test MSE: 0.0134
Poisson likelihood: 0.0
CE loss: 0.0
Experiment 93083
Epoch 0278 [Test seq (cond on sampled tp)] | Loss 6847.374023 | Likelihood -6867.617188 | KL fp 4.2464 | FP STD 0.0207|
KL coef: 0.9323555527799354
Train loss (one batch): 5701.90380859375
Train CE loss (one batch): 0.0
Test MSE: 0.0137
Poisson likelihood: 0.0
CE loss: 0.0
Experiment 93083
Epoch 0279 [Test seq (cond on sampled tp)] | Loss 6877.681641 | Likelihood -6899.072266 | KL fp 4.1724 | FP STD 0.0215|
KL coef: 0.933031997252136
Train loss (one batch): 6220.279296875
Train CE loss (one batch): 0.0
Test MSE: 0.0138
Poisson likelihood: 0.0
CE loss: 0.0
Experiment 93083
Epoch 0280 [Test seq (cond on sampled tp)] | Loss 6764.620117 | Likelihood -6775.648926 | KL fp 4.2574 | FP STD 0.0205|
KL coef: 0.9337016772796147
Train loss (one batch): 5808.25048828125
Train CE loss (one batch): 0.0
Test MSE: 0.0136
Poisson likelihood: 0.0
CE loss: 0.0
Experiment 93083
Epoch 0281 [Test seq (cond on sampled tp)] | Loss 6587.737305 | Likelihood -6594.478027 | KL fp 4.2646 | FP STD 0.0204|
KL coef: 0.9343646605068185
Train loss (one batch): 6178.94775390625
Train CE loss (one batch): 0.0
Test MSE: 0.0132
Poisson likelihood: 0.0
CE loss: 0.0
Experiment 93083
Epoch 0282 [Test seq (cond on sampled tp)] | Loss 6619.578125 | Likelihood -6628.005371 | KL fp 4.2806 | FP STD 0.0199|
KL coef: 0.9350210139017503
Train loss (one batch): 6001.13134765625
Train CE loss (one batch): 0.0
Test MSE: 0.0133
Poisson likelihood: 0.0
CE loss: 0.0
Experiment 93083
Epoch 0283 [Test seq (cond on sampled tp)] | Loss 6824.261719 | Likelihood -6837.638184 | KL fp 4.2323 | FP STD 0.0206|
KL coef: 0.9356708037627328
Train loss (one batch): 6097.27587890625
Train CE loss (one batch): 0.0
Test MSE: 0.0137
Poisson likelihood: 0.0
CE loss: 0.0
Experiment 93083
Epoch 0284 [Test seq (cond on sampled tp)] | Loss 6552.363770 | Likelihood -6559.421875 | KL fp 4.2445 | FP STD 0.0205|
KL coef: 0.9363140957251055
Train loss (one batch): 5931.68603515625
Train CE loss (one batch): 0.0
Test MSE: 0.0131
Poisson likelihood: 0.0
CE loss: 0.0
Experiment 93083
Epoch 0285 [Test seq (cond on sampled tp)] | Loss 6796.568359 | Likelihood -6799.448730 | KL fp 4.2754 | FP STD 0.0199|
KL coef: 0.9369509547678545
Train loss (one batch): 6043.2548828125
Train CE loss (one batch): 0.0
Test MSE: 0.0136
Poisson likelihood: 0.0
CE loss: 0.0
Experiment 93083
Epoch 0286 [Test seq (cond on sampled tp)] | Loss 6695.921875 | Likelihood -6702.163574 | KL fp 4.3258 | FP STD 0.0192|
KL coef: 0.937581445220176
Train loss (one batch): 5790.80859375
Train CE loss (one batch): 0.0
Test MSE: 0.0134
Poisson likelihood: 0.0
CE loss: 0.0
Experiment 93083
Epoch 0287 [Test seq (cond on sampled tp)] | Loss 6716.896484 | Likelihood -6738.243652 | KL fp 4.2386 | FP STD 0.0200|
KL coef: 0.9382056307679741
Train loss (one batch): 6144.400390625
Train CE loss (one batch): 0.0
Test MSE: 0.0135
Poisson likelihood: 0.0
CE loss: 0.0
Experiment 93083
Epoch 0288 [Test seq (cond on sampled tp)] | Loss 6538.420410 | Likelihood -6542.018066 | KL fp 4.3560 | FP STD 0.0187|
KL coef: 0.9388235744602944
Train loss (one batch): 5550.84765625
Train CE loss (one batch): 0.0
Test MSE: 0.0131
Poisson likelihood: 0.0
CE loss: 0.0
Experiment 93083
Epoch 0289 [Test seq (cond on sampled tp)] | Loss 6739.849121 | Likelihood -6747.225098 | KL fp 4.2882 | FP STD 0.0194|
KL coef: 0.9394353387156915
Train loss (one batch): 5696.17041015625
Train CE loss (one batch): 0.0
Test MSE: 0.0135
Poisson likelihood: 0.0
CE loss: 0.0
Experiment 93083
Epoch 0290 [Test seq (cond on sampled tp)] | Loss 6683.302734 | Likelihood -6680.826172 | KL fp 4.2623 | FP STD 0.0198|
KL coef: 0.9400409853285345
Train loss (one batch): 5588.52685546875
Train CE loss (one batch): 0.0
Test MSE: 0.0134
Poisson likelihood: 0.0
CE loss: 0.0
Experiment 93083
Epoch 0291 [Test seq (cond on sampled tp)] | Loss 6888.991211 | Likelihood -6888.519043 | KL fp 4.2669 | FP STD 0.0200|
KL coef: 0.9406405754752493
Train loss (one batch): 5758.81640625
Train CE loss (one batch): 0.0
Test MSE: 0.0138
Poisson likelihood: 0.0
CE loss: 0.0
Experiment 93083
Epoch 0292 [Test seq (cond on sampled tp)] | Loss 6543.934082 | Likelihood -6558.361816 | KL fp 4.2879 | FP STD 0.0193|
KL coef: 0.9412341697204967
Train loss (one batch): 5646.357421875
Train CE loss (one batch): 0.0
Test MSE: 0.0131
Poisson likelihood: 0.0
CE loss: 0.0
Experiment 93083
Epoch 0293 [Test seq (cond on sampled tp)] | Loss 6670.878906 | Likelihood -6683.494629 | KL fp 4.2633 | FP STD 0.0199|
KL coef: 0.9418218280232917
Train loss (one batch): 5928.34912109375
Train CE loss (one batch): 0.0
Test MSE: 0.0134
Poisson likelihood: 0.0
CE loss: 0.0
Experiment 93083
Epoch 0294 [Test seq (cond on sampled tp)] | Loss 6604.209473 | Likelihood -6618.912109 | KL fp 4.2911 | FP STD 0.0196|
KL coef: 0.9424036097430588
Train loss (one batch): 5700.01513671875
Train CE loss (one batch): 0.0
Test MSE: 0.0132
Poisson likelihood: 0.0
CE loss: 0.0
Experiment 93083
Epoch 0295 [Test seq (cond on sampled tp)] | Loss 6589.197754 | Likelihood -6604.688965 | KL fp 4.2479 | FP STD 0.0205|
KL coef: 0.9429795736456282
Train loss (one batch): 5752.94482421875
Train CE loss (one batch): 0.0
Test MSE: 0.0132
Poisson likelihood: 0.0
CE loss: 0.0
