/Users/deyiliu/Dropbox/UNC/G4/Spring/790/code/latent_ode-master/run_models.py
run_models.py --niters 300 -n 1000 -l 15 --dataset hopper --latent-ode --z0-encoder rnn -r 1000
Experiment 36483
Epoch 0001 [Test seq (cond on sampled tp)] | Loss 42156.726562 | Likelihood -42364.089844 | KL fp 2.6741 | FP STD 0.1510|
KL coef: 0.0
Train loss (one batch): 46455.703125
Train CE loss (one batch): 0.0
Test MSE: 0.0847
Poisson likelihood: 0.0
CE loss: 0.0
Experiment 36483
Epoch 0002 [Test seq (cond on sampled tp)] | Loss 29177.757812 | Likelihood -29404.421875 | KL fp 3.3653 | FP STD 0.0686|
KL coef: 0.0
Train loss (one batch): 29495.859375
Train CE loss (one batch): 0.0
Test MSE: 0.0588
Poisson likelihood: 0.0
CE loss: 0.0
Experiment 36483
Epoch 0003 [Test seq (cond on sampled tp)] | Loss 28115.578125 | Likelihood -28184.697266 | KL fp 3.6655 | FP STD 0.0529|
KL coef: 0.0
Train loss (one batch): 27410.1875
Train CE loss (one batch): 0.0
Test MSE: 0.0564
Poisson likelihood: 0.0
CE loss: 0.0
Experiment 36483
Epoch 0004 [Test seq (cond on sampled tp)] | Loss 27735.664062 | Likelihood -27814.359375 | KL fp 3.8422 | FP STD 0.0408|
KL coef: 0.0
Train loss (one batch): 27299.275390625
Train CE loss (one batch): 0.0
Test MSE: 0.0556
Poisson likelihood: 0.0
CE loss: 0.0
Experiment 36483
Epoch 0005 [Test seq (cond on sampled tp)] | Loss 27769.306641 | Likelihood -27821.009766 | KL fp 3.5912 | FP STD 0.0523|
KL coef: 0.0
Train loss (one batch): 27170.015625
Train CE loss (one batch): 0.0
Test MSE: 0.0557
Poisson likelihood: 0.0
CE loss: 0.0
Experiment 36483
Epoch 0006 [Test seq (cond on sampled tp)] | Loss 27404.988281 | Likelihood -27553.494141 | KL fp 3.7959 | FP STD 0.0491|
KL coef: 0.0
Train loss (one batch): 27062.490234375
Train CE loss (one batch): 0.0
Test MSE: 0.0551
Poisson likelihood: 0.0
CE loss: 0.0
Experiment 36483
Epoch 0007 [Test seq (cond on sampled tp)] | Loss 27236.587891 | Likelihood -27311.287109 | KL fp 3.8963 | FP STD 0.0440|
KL coef: 0.0
Train loss (one batch): 26803.328125
Train CE loss (one batch): 0.0
Test MSE: 0.0546
Poisson likelihood: 0.0
CE loss: 0.0
Experiment 36483
Epoch 0008 [Test seq (cond on sampled tp)] | Loss 26581.175781 | Likelihood -26675.037109 | KL fp 4.0553 | FP STD 0.0358|
KL coef: 0.0
Train loss (one batch): 26526.294921875
Train CE loss (one batch): 0.0
Test MSE: 0.0534
Poisson likelihood: 0.0
CE loss: 0.0
Experiment 36483
Epoch 0009 [Test seq (cond on sampled tp)] | Loss 26255.921875 | Likelihood -26323.556641 | KL fp 3.8798 | FP STD 0.0468|
KL coef: 0.0
Train loss (one batch): 25415.232421875
Train CE loss (one batch): 0.0
Test MSE: 0.0527
Poisson likelihood: 0.0
CE loss: 0.0
Experiment 36483
Epoch 0010 [Test seq (cond on sampled tp)] | Loss 25447.195312 | Likelihood -25473.271484 | KL fp 3.8052 | FP STD 0.0457|
KL coef: 0.0
Train loss (one batch): 24484.189453125
Train CE loss (one batch): 0.0
Test MSE: 0.0510
Poisson likelihood: 0.0
CE loss: 0.0
Experiment 36483
Epoch 0011 [Test seq (cond on sampled tp)] | Loss 24015.396484 | Likelihood -24054.638672 | KL fp 3.7880 | FP STD 0.0489|
KL coef: 0.010000000000000009
Train loss (one batch): 22725.552734375
Train CE loss (one batch): 0.0
Test MSE: 0.0481
Poisson likelihood: 0.0
CE loss: 0.0
Experiment 36483
Epoch 0012 [Test seq (cond on sampled tp)] | Loss 22047.005859 | Likelihood -22058.562500 | KL fp 4.0224 | FP STD 0.0382|
KL coef: 0.01990000000000003
Train loss (one batch): 20489.13671875
Train CE loss (one batch): 0.0
Test MSE: 0.0441
Poisson likelihood: 0.0
CE loss: 0.0
Experiment 36483
Epoch 0013 [Test seq (cond on sampled tp)] | Loss 20794.964844 | Likelihood -20817.623047 | KL fp 3.9503 | FP STD 0.0383|
KL coef: 0.029700999999999977
Train loss (one batch): 18892.626953125
Train CE loss (one batch): 0.0
Test MSE: 0.0416
Poisson likelihood: 0.0
CE loss: 0.0
Experiment 36483
Epoch 0014 [Test seq (cond on sampled tp)] | Loss 20310.718750 | Likelihood -20332.572266 | KL fp 4.1902 | FP STD 0.0311|
KL coef: 0.039403990000000055
Train loss (one batch): 18420.7890625
Train CE loss (one batch): 0.0
Test MSE: 0.0407
Poisson likelihood: 0.0
CE loss: 0.0
Experiment 36483
Epoch 0015 [Test seq (cond on sampled tp)] | Loss 20008.162109 | Likelihood -20045.650391 | KL fp 4.0993 | FP STD 0.0332|
KL coef: 0.04900995010000009
Train loss (one batch): 17946.140625
Train CE loss (one batch): 0.0
Test MSE: 0.0401
Poisson likelihood: 0.0
CE loss: 0.0
Experiment 36483
Epoch 0016 [Test seq (cond on sampled tp)] | Loss 19717.003906 | Likelihood -19788.400391 | KL fp 4.0762 | FP STD 0.0356|
KL coef: 0.058519850599
Train loss (one batch): 17682.287109375
Train CE loss (one batch): 0.0
Test MSE: 0.0396
Poisson likelihood: 0.0
CE loss: 0.0
Experiment 36483
Epoch 0017 [Test seq (cond on sampled tp)] | Loss 19489.833984 | Likelihood -19529.759766 | KL fp 4.2290 | FP STD 0.0290|
KL coef: 0.06793465209301008
Train loss (one batch): 17538.05078125
Train CE loss (one batch): 0.0
Test MSE: 0.0391
Poisson likelihood: 0.0
CE loss: 0.0
Experiment 36483
Epoch 0018 [Test seq (cond on sampled tp)] | Loss 19256.943359 | Likelihood -19310.572266 | KL fp 4.0776 | FP STD 0.0335|
KL coef: 0.07725530557207994
Train loss (one batch): 17374.6640625
Train CE loss (one batch): 0.0
Test MSE: 0.0386
Poisson likelihood: 0.0
CE loss: 0.0
Experiment 36483
Epoch 0019 [Test seq (cond on sampled tp)] | Loss 18846.050781 | Likelihood -18883.849609 | KL fp 4.1142 | FP STD 0.0314|
KL coef: 0.08648275251635917
Train loss (one batch): 16830.361328125
Train CE loss (one batch): 0.0
Test MSE: 0.0378
Poisson likelihood: 0.0
CE loss: 0.0
Experiment 36483
Epoch 0020 [Test seq (cond on sampled tp)] | Loss 18649.623047 | Likelihood -18688.455078 | KL fp 4.0099 | FP STD 0.0400|
KL coef: 0.09561792499119559
Train loss (one batch): 16346.7265625
Train CE loss (one batch): 0.0
Test MSE: 0.0374
Poisson likelihood: 0.0
CE loss: 0.0
Experiment 36483
Epoch 0021 [Test seq (cond on sampled tp)] | Loss 18006.208984 | Likelihood -18087.607422 | KL fp 4.2035 | FP STD 0.0309|
KL coef: 0.10466174574128362
Train loss (one batch): 16157.0546875
Train CE loss (one batch): 0.0
Test MSE: 0.0362
Poisson likelihood: 0.0
CE loss: 0.0
Experiment 36483
Epoch 0022 [Test seq (cond on sampled tp)] | Loss 17624.181641 | Likelihood -17684.873047 | KL fp 4.0499 | FP STD 0.0349|
KL coef: 0.11361512828387077
Train loss (one batch): 15785.0615234375
Train CE loss (one batch): 0.0
Test MSE: 0.0354
Poisson likelihood: 0.0
CE loss: 0.0
Experiment 36483
Epoch 0023 [Test seq (cond on sampled tp)] | Loss 17229.443359 | Likelihood -17266.865234 | KL fp 3.9720 | FP STD 0.0368|
KL coef: 0.12247897700103216
Train loss (one batch): 15289.4287109375
Train CE loss (one batch): 0.0
Test MSE: 0.0345
Poisson likelihood: 0.0
CE loss: 0.0
Experiment 36483
Epoch 0024 [Test seq (cond on sampled tp)] | Loss 16834.773438 | Likelihood -16918.462891 | KL fp 4.1026 | FP STD 0.0339|
KL coef: 0.13125418723102178
Train loss (one batch): 14944.5478515625
Train CE loss (one batch): 0.0
Test MSE: 0.0338
Poisson likelihood: 0.0
CE loss: 0.0
Experiment 36483
Epoch 0025 [Test seq (cond on sampled tp)] | Loss 16317.975586 | Likelihood -16407.685547 | KL fp 4.3218 | FP STD 0.0272|
KL coef: 0.13994164535871156
Train loss (one batch): 14704.3515625
Train CE loss (one batch): 0.0
Test MSE: 0.0328
Poisson likelihood: 0.0
CE loss: 0.0
Experiment 36483
Epoch 0026 [Test seq (cond on sampled tp)] | Loss 15743.739258 | Likelihood -15796.258789 | KL fp 4.2486 | FP STD 0.0285|
KL coef: 0.14854222890512447
Train loss (one batch): 14089.724609375
Train CE loss (one batch): 0.0
Test MSE: 0.0316
Poisson likelihood: 0.0
CE loss: 0.0
Experiment 36483
Epoch 0027 [Test seq (cond on sampled tp)] | Loss 15225.416992 | Likelihood -15262.363281 | KL fp 4.1284 | FP STD 0.0307|
KL coef: 0.15705680661607324
Train loss (one batch): 13496.62109375
Train CE loss (one batch): 0.0
Test MSE: 0.0305
Poisson likelihood: 0.0
CE loss: 0.0
Experiment 36483
Epoch 0028 [Test seq (cond on sampled tp)] | Loss 14811.016602 | Likelihood -14822.077148 | KL fp 4.2901 | FP STD 0.0258|
KL coef: 0.1654862385499125
Train loss (one batch): 13224.64453125
Train CE loss (one batch): 0.0
Test MSE: 0.0297
Poisson likelihood: 0.0
CE loss: 0.0
Experiment 36483
Epoch 0029 [Test seq (cond on sampled tp)] | Loss 14602.982422 | Likelihood -14619.308594 | KL fp 4.2400 | FP STD 0.0275|
KL coef: 0.17383137616441335
Train loss (one batch): 12916.8603515625
Train CE loss (one batch): 0.0
Test MSE: 0.0293
Poisson likelihood: 0.0
CE loss: 0.0
Experiment 36483
Epoch 0030 [Test seq (cond on sampled tp)] | Loss 14346.779297 | Likelihood -14359.088867 | KL fp 4.3254 | FP STD 0.0247|
KL coef: 0.18209306240276923
Train loss (one batch): 12673.541015625
Train CE loss (one batch): 0.0
Test MSE: 0.0287
Poisson likelihood: 0.0
CE loss: 0.0
Experiment 36483
Epoch 0031 [Test seq (cond on sampled tp)] | Loss 14117.178711 | Likelihood -14143.166992 | KL fp 4.3636 | FP STD 0.0250|
KL coef: 0.19027213177874158
Train loss (one batch): 12477.400390625
Train CE loss (one batch): 0.0
Test MSE: 0.0283
Poisson likelihood: 0.0
CE loss: 0.0
Experiment 36483
Epoch 0032 [Test seq (cond on sampled tp)] | Loss 13964.394531 | Likelihood -13986.969727 | KL fp 4.2597 | FP STD 0.0261|
KL coef: 0.19836941046095413
Train loss (one batch): 12259.328125
Train CE loss (one batch): 0.0
Test MSE: 0.0280
Poisson likelihood: 0.0
CE loss: 0.0
Experiment 36483
Epoch 0033 [Test seq (cond on sampled tp)] | Loss 13747.562500 | Likelihood -13763.442383 | KL fp 4.3040 | FP STD 0.0259|
KL coef: 0.20638571635634462
Train loss (one batch): 12012.6513671875
Train CE loss (one batch): 0.0
Test MSE: 0.0275
Poisson likelihood: 0.0
CE loss: 0.0
Experiment 36483
Epoch 0034 [Test seq (cond on sampled tp)] | Loss 13513.335938 | Likelihood -13538.143555 | KL fp 4.4373 | FP STD 0.0233|
KL coef: 0.21432185919278124
Train loss (one batch): 11650.7646484375
Train CE loss (one batch): 0.0
Test MSE: 0.0271
Poisson likelihood: 0.0
CE loss: 0.0
Experiment 36483
Epoch 0035 [Test seq (cond on sampled tp)] | Loss 13312.586914 | Likelihood -13318.219727 | KL fp 4.4492 | FP STD 0.0224|
KL coef: 0.22217864060085335
Train loss (one batch): 11511.8232421875
Train CE loss (one batch): 0.0
Test MSE: 0.0266
Poisson likelihood: 0.0
CE loss: 0.0
Experiment 36483
Epoch 0036 [Test seq (cond on sampled tp)] | Loss 13120.824219 | Likelihood -13130.773438 | KL fp 4.5885 | FP STD 0.0194|
KL coef: 0.2299568541948449
Train loss (one batch): 11295.7490234375
Train CE loss (one batch): 0.0
Test MSE: 0.0263
Poisson likelihood: 0.0
CE loss: 0.0
Experiment 36483
Epoch 0037 [Test seq (cond on sampled tp)] | Loss 12980.624023 | Likelihood -12994.206055 | KL fp 4.3740 | FP STD 0.0236|
KL coef: 0.23765728565289646
Train loss (one batch): 11013.681640625
Train CE loss (one batch): 0.0
Test MSE: 0.0260
Poisson likelihood: 0.0
CE loss: 0.0
Experiment 36483
Epoch 0038 [Test seq (cond on sampled tp)] | Loss 12789.709961 | Likelihood -12807.887695 | KL fp 4.4253 | FP STD 0.0214|
KL coef: 0.24528071279636743
Train loss (one batch): 10897.7578125
Train CE loss (one batch): 0.0
Test MSE: 0.0256
Poisson likelihood: 0.0
CE loss: 0.0
Experiment 36483
Epoch 0039 [Test seq (cond on sampled tp)] | Loss 12671.058594 | Likelihood -12690.981445 | KL fp 4.7338 | FP STD 0.0169|
KL coef: 0.25282790566840385
Train loss (one batch): 10681.0341796875
Train CE loss (one batch): 0.0
Test MSE: 0.0254
Poisson likelihood: 0.0
CE loss: 0.0
Experiment 36483
Epoch 0040 [Test seq (cond on sampled tp)] | Loss 12544.017578 | Likelihood -12547.195312 | KL fp 4.7815 | FP STD 0.0170|
KL coef: 0.2602996266117198
Train loss (one batch): 10565.26171875
Train CE loss (one batch): 0.0
Test MSE: 0.0251
Poisson likelihood: 0.0
CE loss: 0.0
Experiment 36483
Epoch 0041 [Test seq (cond on sampled tp)] | Loss 12413.083008 | Likelihood -12421.820312 | KL fp 4.6789 | FP STD 0.0185|
KL coef: 0.26769663034560254
Train loss (one batch): 10468.421875
Train CE loss (one batch): 0.0
Test MSE: 0.0249
Poisson likelihood: 0.0
CE loss: 0.0
Experiment 36483
Epoch 0042 [Test seq (cond on sampled tp)] | Loss 12349.804688 | Likelihood -12354.307617 | KL fp 4.6718 | FP STD 0.0184|
KL coef: 0.2750196640421466
Train loss (one batch): 10314.193359375
Train CE loss (one batch): 0.0
Test MSE: 0.0247
Poisson likelihood: 0.0
CE loss: 0.0
Experiment 36483
Epoch 0043 [Test seq (cond on sampled tp)] | Loss 12218.327148 | Likelihood -12238.257812 | KL fp 4.6411 | FP STD 0.0183|
KL coef: 0.2822694674017251
Train loss (one batch): 10256.90234375
Train CE loss (one batch): 0.0
Test MSE: 0.0245
Poisson likelihood: 0.0
CE loss: 0.0
Experiment 36483
Epoch 0044 [Test seq (cond on sampled tp)] | Loss 12160.902344 | Likelihood -12170.127930 | KL fp 4.7062 | FP STD 0.0172|
KL coef: 0.2894467727277079
Train loss (one batch): 10136.775390625
Train CE loss (one batch): 0.0
Test MSE: 0.0244
Poisson likelihood: 0.0
CE loss: 0.0
Experiment 36483
Epoch 0045 [Test seq (cond on sampled tp)] | Loss 12049.153320 | Likelihood -12062.360352 | KL fp 4.6715 | FP STD 0.0181|
KL coef: 0.29655230500043084
Train loss (one batch): 10049.1728515625
Train CE loss (one batch): 0.0
Test MSE: 0.0241
Poisson likelihood: 0.0
CE loss: 0.0
Experiment 36483
Epoch 0046 [Test seq (cond on sampled tp)] | Loss 12027.472656 | Likelihood -12030.215820 | KL fp 4.7092 | FP STD 0.0179|
KL coef: 0.30358678195042654
Train loss (one batch): 9967.591796875
Train CE loss (one batch): 0.0
Test MSE: 0.0241
Poisson likelihood: 0.0
CE loss: 0.0
Experiment 36483
Epoch 0047 [Test seq (cond on sampled tp)] | Loss 11957.405273 | Likelihood -11960.444336 | KL fp 4.6328 | FP STD 0.0182|
KL coef: 0.3105509141309223
Train loss (one batch): 9884.6728515625
Train CE loss (one batch): 0.0
Test MSE: 0.0239
Poisson likelihood: 0.0
CE loss: 0.0
Experiment 36483
Epoch 0048 [Test seq (cond on sampled tp)] | Loss 11808.962891 | Likelihood -11846.956055 | KL fp 4.7480 | FP STD 0.0165|
KL coef: 0.31744540498961304
Train loss (one batch): 9868.6865234375
Train CE loss (one batch): 0.0
Test MSE: 0.0237
Poisson likelihood: 0.0
CE loss: 0.0
Experiment 36483
Epoch 0049 [Test seq (cond on sampled tp)] | Loss 11759.415039 | Likelihood -11769.108398 | KL fp 4.5992 | FP STD 0.0186|
KL coef: 0.3242709509397169
Train loss (one batch): 9647.6298828125
Train CE loss (one batch): 0.0
Test MSE: 0.0236
Poisson likelihood: 0.0
CE loss: 0.0
Experiment 36483
Epoch 0050 [Test seq (cond on sampled tp)] | Loss 11776.506836 | Likelihood -11805.721680 | KL fp 4.5817 | FP STD 0.0213|
KL coef: 0.3310282414303197
Train loss (one batch): 9640.076171875
Train CE loss (one batch): 0.0
Test MSE: 0.0236
Poisson likelihood: 0.0
CE loss: 0.0
Experiment 36483
Epoch 0051 [Test seq (cond on sampled tp)] | Loss 11603.748047 | Likelihood -11641.592773 | KL fp 4.5909 | FP STD 0.0198|
KL coef: 0.33771795901601653
Train loss (one batch): 9551.7578125
Train CE loss (one batch): 0.0
Test MSE: 0.0233
Poisson likelihood: 0.0
CE loss: 0.0
Experiment 36483
Epoch 0052 [Test seq (cond on sampled tp)] | Loss 11478.641602 | Likelihood -11512.965820 | KL fp 4.8350 | FP STD 0.0161|
KL coef: 0.3443407794258564
Train loss (one batch): 9414.8427734375
Train CE loss (one batch): 0.0
Test MSE: 0.0230
Poisson likelihood: 0.0
CE loss: 0.0
Experiment 36483
Epoch 0053 [Test seq (cond on sampled tp)] | Loss 11400.144531 | Likelihood -11407.756836 | KL fp 4.5734 | FP STD 0.0207|
KL coef: 0.35089737163159784
Train loss (one batch): 9403.580078125
Train CE loss (one batch): 0.0
Test MSE: 0.0228
Poisson likelihood: 0.0
CE loss: 0.0
Experiment 36483
Epoch 0054 [Test seq (cond on sampled tp)] | Loss 11283.491211 | Likelihood -11289.137695 | KL fp 4.7725 | FP STD 0.0171|
KL coef: 0.3573883979152819
Train loss (one batch): 9239.6357421875
Train CE loss (one batch): 0.0
Test MSE: 0.0226
Poisson likelihood: 0.0
CE loss: 0.0
Experiment 36483
Epoch 0055 [Test seq (cond on sampled tp)] | Loss 11219.378906 | Likelihood -11235.878906 | KL fp 4.5869 | FP STD 0.0203|
KL coef: 0.36381451393612907
Train loss (one batch): 9113.298828125
Train CE loss (one batch): 0.0
Test MSE: 0.0225
Poisson likelihood: 0.0
CE loss: 0.0
Experiment 36483
Epoch 0056 [Test seq (cond on sampled tp)] | Loss 11076.936523 | Likelihood -11097.620117 | KL fp 4.7860 | FP STD 0.0176|
KL coef: 0.37017636879676774
Train loss (one batch): 9031.458984375
Train CE loss (one batch): 0.0
Test MSE: 0.0222
Poisson likelihood: 0.0
CE loss: 0.0
Experiment 36483
Epoch 0057 [Test seq (cond on sampled tp)] | Loss 11031.875977 | Likelihood -11049.781250 | KL fp 4.8242 | FP STD 0.0174|
KL coef: 0.37647460510880004
Train loss (one batch): 8941.734375
Train CE loss (one batch): 0.0
Test MSE: 0.0221
Poisson likelihood: 0.0
CE loss: 0.0
Experiment 36483
Epoch 0058 [Test seq (cond on sampled tp)] | Loss 10927.899414 | Likelihood -10932.817383 | KL fp 4.9219 | FP STD 0.0154|
KL coef: 0.38270985905771204
Train loss (one batch): 8839.6171875
Train CE loss (one batch): 0.0
Test MSE: 0.0219
Poisson likelihood: 0.0
CE loss: 0.0
Experiment 36483
Epoch 0059 [Test seq (cond on sampled tp)] | Loss 10871.345703 | Likelihood -10881.506836 | KL fp 4.7614 | FP STD 0.0176|
KL coef: 0.388882760467135
Train loss (one batch): 8755.26953125
Train CE loss (one batch): 0.0
Test MSE: 0.0218
Poisson likelihood: 0.0
CE loss: 0.0
Experiment 36483
Epoch 0060 [Test seq (cond on sampled tp)] | Loss 10748.515625 | Likelihood -10769.184570 | KL fp 4.7374 | FP STD 0.0177|
KL coef: 0.39499393286246365
Train loss (one batch): 8653.5546875
Train CE loss (one batch): 0.0
Test MSE: 0.0216
Poisson likelihood: 0.0
CE loss: 0.0
Experiment 36483
Epoch 0061 [Test seq (cond on sampled tp)] | Loss 10699.353516 | Likelihood -10721.186523 | KL fp 4.8101 | FP STD 0.0167|
KL coef: 0.401043993533839
Train loss (one batch): 8622.1015625
Train CE loss (one batch): 0.0
Test MSE: 0.0215
Poisson likelihood: 0.0
CE loss: 0.0
Experiment 36483
Epoch 0062 [Test seq (cond on sampled tp)] | Loss 10664.661133 | Likelihood -10676.738281 | KL fp 4.9352 | FP STD 0.0152|
KL coef: 0.4070335535985006
Train loss (one batch): 8510.708984375
Train CE loss (one batch): 0.0
Test MSE: 0.0214
Poisson likelihood: 0.0
CE loss: 0.0
Experiment 36483
Epoch 0063 [Test seq (cond on sampled tp)] | Loss 10584.895508 | Likelihood -10606.170898 | KL fp 4.9199 | FP STD 0.0156|
KL coef: 0.41296321806251557
Train loss (one batch): 8451.474609375
Train CE loss (one batch): 0.0
Test MSE: 0.0212
Poisson likelihood: 0.0
CE loss: 0.0
Experiment 36483
Epoch 0064 [Test seq (cond on sampled tp)] | Loss 10533.250977 | Likelihood -10546.235352 | KL fp 5.0213 | FP STD 0.0140|
KL coef: 0.41883358588189046
Train loss (one batch): 8372.298828125
Train CE loss (one batch): 0.0
Test MSE: 0.0211
Poisson likelihood: 0.0
CE loss: 0.0
Experiment 36483
Epoch 0065 [Test seq (cond on sampled tp)] | Loss 10491.397461 | Likelihood -10501.936523 | KL fp 4.9653 | FP STD 0.0142|
KL coef: 0.4246452500230715
Train loss (one batch): 8346.1806640625
Train CE loss (one batch): 0.0
Test MSE: 0.0210
Poisson likelihood: 0.0
CE loss: 0.0
Experiment 36483
Epoch 0066 [Test seq (cond on sampled tp)] | Loss 10463.933594 | Likelihood -10482.042969 | KL fp 4.9467 | FP STD 0.0157|
KL coef: 0.4303987975228408
Train loss (one batch): 8328.8896484375
Train CE loss (one batch): 0.0
Test MSE: 0.0210
Poisson likelihood: 0.0
CE loss: 0.0
Experiment 36483
Epoch 0067 [Test seq (cond on sampled tp)] | Loss 10414.240234 | Likelihood -10430.385742 | KL fp 4.7751 | FP STD 0.0168|
KL coef: 0.4360948095476125
Train loss (one batch): 8288.2021484375
Train CE loss (one batch): 0.0
Test MSE: 0.0209
Poisson likelihood: 0.0
CE loss: 0.0
Experiment 36483
Epoch 0068 [Test seq (cond on sampled tp)] | Loss 10392.958008 | Likelihood -10401.573242 | KL fp 4.8062 | FP STD 0.0155|
KL coef: 0.44173386145213633
Train loss (one batch): 8201.4755859375
Train CE loss (one batch): 0.0
Test MSE: 0.0208
Poisson likelihood: 0.0
CE loss: 0.0
Experiment 36483
Epoch 0069 [Test seq (cond on sampled tp)] | Loss 10328.229492 | Likelihood -10348.954102 | KL fp 4.9372 | FP STD 0.0142|
KL coef: 0.4473165228376149
Train loss (one batch): 8112.205078125
Train CE loss (one batch): 0.0
Test MSE: 0.0207
Poisson likelihood: 0.0
CE loss: 0.0
Experiment 36483
Epoch 0070 [Test seq (cond on sampled tp)] | Loss 10306.500977 | Likelihood -10325.228516 | KL fp 4.8963 | FP STD 0.0145|
KL coef: 0.4528433576092388
Train loss (one batch): 8114.02099609375
Train CE loss (one batch): 0.0
Test MSE: 0.0207
Poisson likelihood: 0.0
CE loss: 0.0
Experiment 36483
Epoch 0071 [Test seq (cond on sampled tp)] | Loss 10294.286133 | Likelihood -10300.545898 | KL fp 4.8351 | FP STD 0.0159|
KL coef: 0.45831492403314644
Train loss (one batch): 8084.52001953125
Train CE loss (one batch): 0.0
Test MSE: 0.0206
Poisson likelihood: 0.0
CE loss: 0.0
Experiment 36483
Epoch 0072 [Test seq (cond on sampled tp)] | Loss 10228.107422 | Likelihood -10228.907227 | KL fp 4.9931 | FP STD 0.0129|
KL coef: 0.463731774792815
Train loss (one batch): 8024.39208984375
Train CE loss (one batch): 0.0
Test MSE: 0.0205
Poisson likelihood: 0.0
CE loss: 0.0
