/Users/deyiliu/Dropbox/UNC/G4/Spring/790/code/latent_ode-master/run_models.py
run_models.py --niters 100 -n 1000 -l 15 --dataset hopper --latent-ode --z0-encoder rnn
Experiment 25028
Epoch 0001 [Test seq (cond on sampled tp)] | Loss 42754.066406 | Likelihood -42914.527344 | KL fp 3.4714 | FP STD 0.0932|
KL coef: 0.0
Train loss (one batch): 39228.75390625
Train CE loss (one batch): 0.0
Test MSE: 0.0858
Poisson likelihood: 0.0
CE loss: 0.0
Experiment 25028
Epoch 0002 [Test seq (cond on sampled tp)] | Loss 29116.994141 | Likelihood -29138.177734 | KL fp 4.0803 | FP STD 0.0394|
KL coef: 0.0
Train loss (one batch): 29295.58203125
Train CE loss (one batch): 0.0
Test MSE: 0.0583
Poisson likelihood: 0.0
CE loss: 0.0
Experiment 25028
Epoch 0003 [Test seq (cond on sampled tp)] | Loss 28299.998047 | Likelihood -28338.755859 | KL fp 3.6829 | FP STD 0.0491|
KL coef: 0.0
Train loss (one batch): 28161.23046875
Train CE loss (one batch): 0.0
Test MSE: 0.0567
Poisson likelihood: 0.0
CE loss: 0.0
Experiment 25028
Epoch 0004 [Test seq (cond on sampled tp)] | Loss 27852.490234 | Likelihood -27979.330078 | KL fp 3.7296 | FP STD 0.0464|
KL coef: 0.0
Train loss (one batch): 27526.751953125
Train CE loss (one batch): 0.0
Test MSE: 0.0560
Poisson likelihood: 0.0
CE loss: 0.0
Experiment 25028
Epoch 0005 [Test seq (cond on sampled tp)] | Loss 27657.634766 | Likelihood -27707.156250 | KL fp 3.3577 | FP STD 0.0576|
KL coef: 0.0
Train loss (one batch): 27476.23828125
Train CE loss (one batch): 0.0
Test MSE: 0.0554
Poisson likelihood: 0.0
CE loss: 0.0
Experiment 25028
Epoch 0006 [Test seq (cond on sampled tp)] | Loss 27104.835938 | Likelihood -27288.400391 | KL fp 3.5455 | FP STD 0.0542|
KL coef: 0.0
Train loss (one batch): 26698.107421875
Train CE loss (one batch): 0.0
Test MSE: 0.0546
Poisson likelihood: 0.0
CE loss: 0.0
Experiment 25028
Epoch 0007 [Test seq (cond on sampled tp)] | Loss 26428.851562 | Likelihood -26535.791016 | KL fp 3.7042 | FP STD 0.0503|
KL coef: 0.0
Train loss (one batch): 26326.3203125
Train CE loss (one batch): 0.0
Test MSE: 0.0531
Poisson likelihood: 0.0
CE loss: 0.0
Experiment 25028
Epoch 0008 [Test seq (cond on sampled tp)] | Loss 25150.453125 | Likelihood -25201.958984 | KL fp 4.2048 | FP STD 0.0317|
KL coef: 0.0
Train loss (one batch): 25106.837890625
Train CE loss (one batch): 0.0
Test MSE: 0.0504
Poisson likelihood: 0.0
CE loss: 0.0
Experiment 25028
Epoch 0009 [Test seq (cond on sampled tp)] | Loss 23187.462891 | Likelihood -23218.119141 | KL fp 3.8311 | FP STD 0.0438|
KL coef: 0.0
Train loss (one batch): 23148.357421875
Train CE loss (one batch): 0.0
Test MSE: 0.0464
Poisson likelihood: 0.0
CE loss: 0.0
Experiment 25028
Epoch 0010 [Test seq (cond on sampled tp)] | Loss 21491.748047 | Likelihood -21550.447266 | KL fp 3.8230 | FP STD 0.0433|
KL coef: 0.0
Train loss (one batch): 21476.09765625
Train CE loss (one batch): 0.0
Test MSE: 0.0431
Poisson likelihood: 0.0
CE loss: 0.0
Experiment 25028
Epoch 0011 [Test seq (cond on sampled tp)] | Loss 20769.730469 | Likelihood -20793.861328 | KL fp 4.3300 | FP STD 0.0259|
KL coef: 0.010000000000000009
Train loss (one batch): 20733.599609375
Train CE loss (one batch): 0.0
Test MSE: 0.0416
Poisson likelihood: 0.0
CE loss: 0.0
Experiment 25028
Epoch 0012 [Test seq (cond on sampled tp)] | Loss 20202.705078 | Likelihood -20239.787109 | KL fp 4.0187 | FP STD 0.0321|
KL coef: 0.01990000000000003
Train loss (one batch): 20227.3359375
Train CE loss (one batch): 0.0
Test MSE: 0.0405
Poisson likelihood: 0.0
CE loss: 0.0
Experiment 25028
Epoch 0013 [Test seq (cond on sampled tp)] | Loss 19932.744141 | Likelihood -19965.431641 | KL fp 4.1967 | FP STD 0.0285|
KL coef: 0.029700999999999977
Train loss (one batch): 19883.248046875
Train CE loss (one batch): 0.0
Test MSE: 0.0399
Poisson likelihood: 0.0
CE loss: 0.0
Experiment 25028
Epoch 0014 [Test seq (cond on sampled tp)] | Loss 19749.058594 | Likelihood -19757.734375 | KL fp 4.3556 | FP STD 0.0225|
KL coef: 0.039403990000000055
Train loss (one batch): 19518.263671875
Train CE loss (one batch): 0.0
Test MSE: 0.0395
Poisson likelihood: 0.0
CE loss: 0.0
Experiment 25028
Epoch 0015 [Test seq (cond on sampled tp)] | Loss 19569.500000 | Likelihood -19596.400391 | KL fp 4.1704 | FP STD 0.0283|
KL coef: 0.04900995010000009
Train loss (one batch): 19211.56640625
Train CE loss (one batch): 0.0
Test MSE: 0.0392
Poisson likelihood: 0.0
CE loss: 0.0
Experiment 25028
Epoch 0016 [Test seq (cond on sampled tp)] | Loss 19338.031250 | Likelihood -19349.212891 | KL fp 4.2561 | FP STD 0.0263|
KL coef: 0.058519850599
Train loss (one batch): 18823.263671875
Train CE loss (one batch): 0.0
Test MSE: 0.0387
Poisson likelihood: 0.0
CE loss: 0.0
Experiment 25028
Epoch 0017 [Test seq (cond on sampled tp)] | Loss 19130.751953 | Likelihood -19156.443359 | KL fp 4.3515 | FP STD 0.0246|
KL coef: 0.06793465209301008
Train loss (one batch): 18582.625
Train CE loss (one batch): 0.0
Test MSE: 0.0383
Poisson likelihood: 0.0
CE loss: 0.0
Experiment 25028
Epoch 0018 [Test seq (cond on sampled tp)] | Loss 18870.054688 | Likelihood -18893.851562 | KL fp 4.3125 | FP STD 0.0240|
KL coef: 0.07725530557207994
Train loss (one batch): 18191.953125
Train CE loss (one batch): 0.0
Test MSE: 0.0378
Poisson likelihood: 0.0
CE loss: 0.0
Experiment 25028
Epoch 0019 [Test seq (cond on sampled tp)] | Loss 18545.375000 | Likelihood -18577.271484 | KL fp 4.3457 | FP STD 0.0246|
KL coef: 0.08648275251635917
Train loss (one batch): 17931.05078125
Train CE loss (one batch): 0.0
Test MSE: 0.0372
Poisson likelihood: 0.0
CE loss: 0.0
Experiment 25028
Epoch 0020 [Test seq (cond on sampled tp)] | Loss 18170.605469 | Likelihood -18213.435547 | KL fp 4.4243 | FP STD 0.0242|
KL coef: 0.09561792499119559
Train loss (one batch): 17604.123046875
Train CE loss (one batch): 0.0
Test MSE: 0.0364
Poisson likelihood: 0.0
CE loss: 0.0
Experiment 25028
Epoch 0021 [Test seq (cond on sampled tp)] | Loss 17798.695312 | Likelihood -17827.287109 | KL fp 4.3661 | FP STD 0.0283|
KL coef: 0.10466174574128362
Train loss (one batch): 17011.7421875
Train CE loss (one batch): 0.0
Test MSE: 0.0357
Poisson likelihood: 0.0
CE loss: 0.0
Experiment 25028
Epoch 0022 [Test seq (cond on sampled tp)] | Loss 17147.828125 | Likelihood -17160.646484 | KL fp 4.2846 | FP STD 0.0277|
KL coef: 0.11361512828387077
Train loss (one batch): 16302.181640625
Train CE loss (one batch): 0.0
Test MSE: 0.0343
Poisson likelihood: 0.0
CE loss: 0.0
Experiment 25028
Epoch 0023 [Test seq (cond on sampled tp)] | Loss 16618.283203 | Likelihood -16662.314453 | KL fp 4.1598 | FP STD 0.0307|
KL coef: 0.12247897700103216
Train loss (one batch): 15720.9111328125
Train CE loss (one batch): 0.0
Test MSE: 0.0333
Poisson likelihood: 0.0
CE loss: 0.0
Experiment 25028
Epoch 0024 [Test seq (cond on sampled tp)] | Loss 16140.166016 | Likelihood -16175.950195 | KL fp 4.1975 | FP STD 0.0291|
KL coef: 0.13125418723102178
Train loss (one batch): 15236.224609375
Train CE loss (one batch): 0.0
Test MSE: 0.0324
Poisson likelihood: 0.0
CE loss: 0.0
Experiment 25028
Epoch 0025 [Test seq (cond on sampled tp)] | Loss 15575.339844 | Likelihood -15637.149414 | KL fp 4.1595 | FP STD 0.0322|
KL coef: 0.13994164535871156
Train loss (one batch): 14735.625
Train CE loss (one batch): 0.0
Test MSE: 0.0313
Poisson likelihood: 0.0
CE loss: 0.0
Experiment 25028
Epoch 0026 [Test seq (cond on sampled tp)] | Loss 15000.978516 | Likelihood -15025.960938 | KL fp 4.3802 | FP STD 0.0250|
KL coef: 0.14854222890512447
Train loss (one batch): 14190.3173828125
Train CE loss (one batch): 0.0
Test MSE: 0.0301
Poisson likelihood: 0.0
CE loss: 0.0
Experiment 25028
Epoch 0027 [Test seq (cond on sampled tp)] | Loss 14563.523438 | Likelihood -14577.487305 | KL fp 4.2873 | FP STD 0.0275|
KL coef: 0.15705680661607324
Train loss (one batch): 13570.1396484375
Train CE loss (one batch): 0.0
Test MSE: 0.0292
Poisson likelihood: 0.0
CE loss: 0.0
Experiment 25028
Epoch 0028 [Test seq (cond on sampled tp)] | Loss 14001.192383 | Likelihood -14009.151367 | KL fp 4.2120 | FP STD 0.0277|
KL coef: 0.1654862385499125
Train loss (one batch): 13172.1318359375
Train CE loss (one batch): 0.0
Test MSE: 0.0280
Poisson likelihood: 0.0
CE loss: 0.0
Experiment 25028
Epoch 0029 [Test seq (cond on sampled tp)] | Loss 13493.788086 | Likelihood -13531.995117 | KL fp 4.2956 | FP STD 0.0265|
KL coef: 0.17383137616441335
Train loss (one batch): 12719.548828125
Train CE loss (one batch): 0.0
Test MSE: 0.0271
Poisson likelihood: 0.0
CE loss: 0.0
Experiment 25028
Epoch 0030 [Test seq (cond on sampled tp)] | Loss 13136.081055 | Likelihood -13155.770508 | KL fp 4.3488 | FP STD 0.0253|
KL coef: 0.18209306240276923
Train loss (one batch): 12343.2421875
Train CE loss (one batch): 0.0
Test MSE: 0.0263
Poisson likelihood: 0.0
CE loss: 0.0
Experiment 25028
Epoch 0031 [Test seq (cond on sampled tp)] | Loss 12753.550781 | Likelihood -12768.046875 | KL fp 4.3079 | FP STD 0.0256|
KL coef: 0.19027213177874158
Train loss (one batch): 11948.58203125
Train CE loss (one batch): 0.0
Test MSE: 0.0255
Poisson likelihood: 0.0
CE loss: 0.0
Experiment 25028
Epoch 0032 [Test seq (cond on sampled tp)] | Loss 12433.671875 | Likelihood -12443.106445 | KL fp 4.4695 | FP STD 0.0227|
KL coef: 0.19836941046095413
Train loss (one batch): 11633.048828125
Train CE loss (one batch): 0.0
Test MSE: 0.0249
Poisson likelihood: 0.0
CE loss: 0.0
Experiment 25028
Epoch 0033 [Test seq (cond on sampled tp)] | Loss 12238.259766 | Likelihood -12239.531250 | KL fp 4.5513 | FP STD 0.0208|
KL coef: 0.20638571635634462
Train loss (one batch): 11343.564453125
Train CE loss (one batch): 0.0
Test MSE: 0.0245
Poisson likelihood: 0.0
CE loss: 0.0
Experiment 25028
Epoch 0034 [Test seq (cond on sampled tp)] | Loss 12004.116211 | Likelihood -12015.571289 | KL fp 4.3979 | FP STD 0.0235|
KL coef: 0.21432185919278124
Train loss (one batch): 11133.9814453125
Train CE loss (one batch): 0.0
Test MSE: 0.0240
Poisson likelihood: 0.0
CE loss: 0.0
Experiment 25028
Epoch 0035 [Test seq (cond on sampled tp)] | Loss 11800.599609 | Likelihood -11808.476562 | KL fp 4.4592 | FP STD 0.0232|
KL coef: 0.22217864060085335
Train loss (one batch): 10955.5390625
Train CE loss (one batch): 0.0
Test MSE: 0.0236
Poisson likelihood: 0.0
CE loss: 0.0
Experiment 25028
Epoch 0036 [Test seq (cond on sampled tp)] | Loss 11591.434570 | Likelihood -11607.448242 | KL fp 4.4348 | FP STD 0.0216|
KL coef: 0.2299568541948449
Train loss (one batch): 10773.0302734375
Train CE loss (one batch): 0.0
Test MSE: 0.0232
Poisson likelihood: 0.0
CE loss: 0.0
Experiment 25028
Epoch 0037 [Test seq (cond on sampled tp)] | Loss 11430.805664 | Likelihood -11436.812500 | KL fp 4.3728 | FP STD 0.0220|
KL coef: 0.23765728565289646
Train loss (one batch): 10635.7978515625
Train CE loss (one batch): 0.0
Test MSE: 0.0229
Poisson likelihood: 0.0
CE loss: 0.0
Experiment 25028
Epoch 0038 [Test seq (cond on sampled tp)] | Loss 11248.526367 | Likelihood -11249.836914 | KL fp 4.5866 | FP STD 0.0185|
KL coef: 0.24528071279636743
Train loss (one batch): 10416.8818359375
Train CE loss (one batch): 0.0
Test MSE: 0.0225
Poisson likelihood: 0.0
CE loss: 0.0
Experiment 25028
Epoch 0039 [Test seq (cond on sampled tp)] | Loss 11078.215820 | Likelihood -11078.850586 | KL fp 4.5637 | FP STD 0.0196|
KL coef: 0.25282790566840385
Train loss (one batch): 10178.0546875
Train CE loss (one batch): 0.0
Test MSE: 0.0222
Poisson likelihood: 0.0
CE loss: 0.0
Experiment 25028
Epoch 0040 [Test seq (cond on sampled tp)] | Loss 10914.527344 | Likelihood -10924.753906 | KL fp 4.7322 | FP STD 0.0167|
KL coef: 0.2602996266117198
Train loss (one batch): 10034.544921875
Train CE loss (one batch): 0.0
Test MSE: 0.0219
Poisson likelihood: 0.0
CE loss: 0.0
Experiment 25028
Epoch 0041 [Test seq (cond on sampled tp)] | Loss 10798.788086 | Likelihood -10823.745117 | KL fp 4.4062 | FP STD 0.0236|
KL coef: 0.26769663034560254
Train loss (one batch): 9868.2783203125
Train CE loss (one batch): 0.0
Test MSE: 0.0217
Poisson likelihood: 0.0
CE loss: 0.0
Experiment 25028
Epoch 0042 [Test seq (cond on sampled tp)] | Loss 10612.556641 | Likelihood -10620.700195 | KL fp 4.6817 | FP STD 0.0175|
KL coef: 0.2750196640421466
Train loss (one batch): 9712.744140625
Train CE loss (one batch): 0.0
Test MSE: 0.0213
Poisson likelihood: 0.0
CE loss: 0.0
Experiment 25028
Epoch 0043 [Test seq (cond on sampled tp)] | Loss 10473.459961 | Likelihood -10488.870117 | KL fp 4.6291 | FP STD 0.0178|
KL coef: 0.2822694674017251
Train loss (one batch): 9599.1279296875
Train CE loss (one batch): 0.0
Test MSE: 0.0210
Poisson likelihood: 0.0
CE loss: 0.0
Experiment 25028
Epoch 0044 [Test seq (cond on sampled tp)] | Loss 10352.365234 | Likelihood -10368.217773 | KL fp 4.7311 | FP STD 0.0163|
KL coef: 0.2894467727277079
Train loss (one batch): 9446.591796875
Train CE loss (one batch): 0.0
Test MSE: 0.0207
Poisson likelihood: 0.0
CE loss: 0.0
Experiment 25028
Epoch 0045 [Test seq (cond on sampled tp)] | Loss 10216.356445 | Likelihood -10223.867188 | KL fp 4.8125 | FP STD 0.0149|
KL coef: 0.29655230500043084
Train loss (one batch): 9345.603515625
Train CE loss (one batch): 0.0
Test MSE: 0.0205
Poisson likelihood: 0.0
CE loss: 0.0
Experiment 25028
Epoch 0046 [Test seq (cond on sampled tp)] | Loss 10128.624023 | Likelihood -10141.809570 | KL fp 4.7535 | FP STD 0.0160|
KL coef: 0.30358678195042654
Train loss (one batch): 9210.5361328125
Train CE loss (one batch): 0.0
Test MSE: 0.0203
Poisson likelihood: 0.0
CE loss: 0.0
Experiment 25028
Epoch 0047 [Test seq (cond on sampled tp)] | Loss 10028.056641 | Likelihood -10041.067383 | KL fp 4.6144 | FP STD 0.0184|
KL coef: 0.3105509141309223
Train loss (one batch): 9149.359375
Train CE loss (one batch): 0.0
Test MSE: 0.0201
Poisson likelihood: 0.0
CE loss: 0.0
Experiment 25028
Epoch 0048 [Test seq (cond on sampled tp)] | Loss 9923.315430 | Likelihood -9930.425781 | KL fp 4.6871 | FP STD 0.0170|
KL coef: 0.31744540498961304
Train loss (one batch): 9056.9130859375
Train CE loss (one batch): 0.0
Test MSE: 0.0199
Poisson likelihood: 0.0
CE loss: 0.0
Experiment 25028
Epoch 0049 [Test seq (cond on sampled tp)] | Loss 9820.494141 | Likelihood -9827.636719 | KL fp 4.8603 | FP STD 0.0147|
KL coef: 0.3242709509397169
Train loss (one batch): 8929.8076171875
Train CE loss (one batch): 0.0
Test MSE: 0.0197
Poisson likelihood: 0.0
CE loss: 0.0
Experiment 25028
Epoch 0050 [Test seq (cond on sampled tp)] | Loss 9720.976562 | Likelihood -9729.679688 | KL fp 4.8775 | FP STD 0.0137|
KL coef: 0.3310282414303197
Train loss (one batch): 8869.044921875
Train CE loss (one batch): 0.0
Test MSE: 0.0195
Poisson likelihood: 0.0
CE loss: 0.0
Experiment 25028
Epoch 0051 [Test seq (cond on sampled tp)] | Loss 9681.153320 | Likelihood -9703.458984 | KL fp 4.5652 | FP STD 0.0181|
KL coef: 0.33771795901601653
Train loss (one batch): 8816.7548828125
Train CE loss (one batch): 0.0
Test MSE: 0.0194
Poisson likelihood: 0.0
CE loss: 0.0
Experiment 25028
Epoch 0052 [Test seq (cond on sampled tp)] | Loss 9582.106445 | Likelihood -9590.409180 | KL fp 4.6593 | FP STD 0.0170|
KL coef: 0.3443407794258564
Train loss (one batch): 8709.521484375
Train CE loss (one batch): 0.0
Test MSE: 0.0192
Poisson likelihood: 0.0
CE loss: 0.0
Experiment 25028
Epoch 0053 [Test seq (cond on sampled tp)] | Loss 9485.643555 | Likelihood -9502.551758 | KL fp 4.7211 | FP STD 0.0158|
KL coef: 0.35089737163159784
Train loss (one batch): 8685.0029296875
Train CE loss (one batch): 0.0
Test MSE: 0.0190
Poisson likelihood: 0.0
CE loss: 0.0
Experiment 25028
Epoch 0054 [Test seq (cond on sampled tp)] | Loss 9440.241211 | Likelihood -9442.864258 | KL fp 4.7873 | FP STD 0.0152|
KL coef: 0.3573883979152819
Train loss (one batch): 8623.646484375
Train CE loss (one batch): 0.0
Test MSE: 0.0189
Poisson likelihood: 0.0
CE loss: 0.0
Experiment 25028
Epoch 0055 [Test seq (cond on sampled tp)] | Loss 9358.625977 | Likelihood -9379.141602 | KL fp 4.8072 | FP STD 0.0157|
KL coef: 0.36381451393612907
Train loss (one batch): 8538.1611328125
Train CE loss (one batch): 0.0
Test MSE: 0.0188
Poisson likelihood: 0.0
CE loss: 0.0
Experiment 25028
Epoch 0056 [Test seq (cond on sampled tp)] | Loss 9306.621094 | Likelihood -9311.063477 | KL fp 4.7295 | FP STD 0.0166|
KL coef: 0.37017636879676774
Train loss (one batch): 8455.138671875
Train CE loss (one batch): 0.0
Test MSE: 0.0186
Poisson likelihood: 0.0
CE loss: 0.0
Experiment 25028
Epoch 0057 [Test seq (cond on sampled tp)] | Loss 9211.553711 | Likelihood -9215.204102 | KL fp 4.8868 | FP STD 0.0135|
KL coef: 0.37647460510880004
Train loss (one batch): 8405.576171875
Train CE loss (one batch): 0.0
Test MSE: 0.0184
Poisson likelihood: 0.0
CE loss: 0.0
Experiment 25028
Epoch 0058 [Test seq (cond on sampled tp)] | Loss 9149.994141 | Likelihood -9171.977539 | KL fp 4.6492 | FP STD 0.0184|
KL coef: 0.38270985905771204
Train loss (one batch): 8330.4296875
Train CE loss (one batch): 0.0
Test MSE: 0.0184
Poisson likelihood: 0.0
CE loss: 0.0
Experiment 25028
Epoch 0059 [Test seq (cond on sampled tp)] | Loss 9065.867188 | Likelihood -9082.343750 | KL fp 4.8100 | FP STD 0.0146|
KL coef: 0.388882760467135
Train loss (one batch): 8282.9716796875
Train CE loss (one batch): 0.0
Test MSE: 0.0182
Poisson likelihood: 0.0
CE loss: 0.0
Experiment 25028
Epoch 0060 [Test seq (cond on sampled tp)] | Loss 9004.118164 | Likelihood -9016.217773 | KL fp 4.8127 | FP STD 0.0146|
KL coef: 0.39499393286246365
Train loss (one batch): 8175.71875
Train CE loss (one batch): 0.0
Test MSE: 0.0180
Poisson likelihood: 0.0
CE loss: 0.0
Experiment 25028
Epoch 0061 [Test seq (cond on sampled tp)] | Loss 8926.298828 | Likelihood -8932.827148 | KL fp 4.7363 | FP STD 0.0153|
KL coef: 0.401043993533839
Train loss (one batch): 8100.90283203125
Train CE loss (one batch): 0.0
Test MSE: 0.0179
Poisson likelihood: 0.0
CE loss: 0.0
Experiment 25028
Epoch 0062 [Test seq (cond on sampled tp)] | Loss 8862.998047 | Likelihood -8866.436523 | KL fp 4.7386 | FP STD 0.0164|
KL coef: 0.4070335535985006
Train loss (one batch): 8041.2353515625
Train CE loss (one batch): 0.0
Test MSE: 0.0177
Poisson likelihood: 0.0
CE loss: 0.0
Experiment 25028
Epoch 0063 [Test seq (cond on sampled tp)] | Loss 8788.813477 | Likelihood -8797.770508 | KL fp 4.7334 | FP STD 0.0161|
KL coef: 0.41296321806251557
Train loss (one batch): 7999.10693359375
Train CE loss (one batch): 0.0
Test MSE: 0.0176
Poisson likelihood: 0.0
CE loss: 0.0
Experiment 25028
Epoch 0064 [Test seq (cond on sampled tp)] | Loss 8709.713867 | Likelihood -8720.129883 | KL fp 4.6911 | FP STD 0.0160|
KL coef: 0.41883358588189046
Train loss (one batch): 7899.64013671875
Train CE loss (one batch): 0.0
Test MSE: 0.0175
Poisson likelihood: 0.0
CE loss: 0.0
Experiment 25028
Epoch 0065 [Test seq (cond on sampled tp)] | Loss 8612.501953 | Likelihood -8619.053711 | KL fp 4.7326 | FP STD 0.0155|
KL coef: 0.4246452500230715
Train loss (one batch): 7820.93798828125
Train CE loss (one batch): 0.0
Test MSE: 0.0173
Poisson likelihood: 0.0
CE loss: 0.0
Experiment 25028
Epoch 0066 [Test seq (cond on sampled tp)] | Loss 8588.043945 | Likelihood -8595.885742 | KL fp 4.6495 | FP STD 0.0176|
KL coef: 0.4303987975228408
Train loss (one batch): 7742.85595703125
Train CE loss (one batch): 0.0
Test MSE: 0.0172
Poisson likelihood: 0.0
CE loss: 0.0
Experiment 25028
Epoch 0067 [Test seq (cond on sampled tp)] | Loss 8492.289062 | Likelihood -8497.307617 | KL fp 4.8648 | FP STD 0.0142|
KL coef: 0.4360948095476125
Train loss (one batch): 7671.6748046875
Train CE loss (one batch): 0.0
Test MSE: 0.0170
Poisson likelihood: 0.0
CE loss: 0.0
Experiment 25028
Epoch 0068 [Test seq (cond on sampled tp)] | Loss 8407.901367 | Likelihood -8418.913086 | KL fp 4.8642 | FP STD 0.0142|
KL coef: 0.44173386145213633
Train loss (one batch): 7616.287109375
Train CE loss (one batch): 0.0
Test MSE: 0.0168
Poisson likelihood: 0.0
CE loss: 0.0
Experiment 25028
Epoch 0069 [Test seq (cond on sampled tp)] | Loss 8350.492188 | Likelihood -8360.711914 | KL fp 4.8605 | FP STD 0.0142|
KL coef: 0.4473165228376149
Train loss (one batch): 7557.78173828125
Train CE loss (one batch): 0.0
Test MSE: 0.0167
Poisson likelihood: 0.0
CE loss: 0.0
Experiment 25028
Epoch 0070 [Test seq (cond on sampled tp)] | Loss 8292.304688 | Likelihood -8298.223633 | KL fp 4.8089 | FP STD 0.0142|
KL coef: 0.4528433576092388
Train loss (one batch): 7483.41943359375
Train CE loss (one batch): 0.0
Test MSE: 0.0166
Poisson likelihood: 0.0
CE loss: 0.0
Experiment 25028
Epoch 0071 [Test seq (cond on sampled tp)] | Loss 8227.813477 | Likelihood -8240.468750 | KL fp 4.8023 | FP STD 0.0145|
KL coef: 0.45831492403314644
Train loss (one batch): 7425.66796875
Train CE loss (one batch): 0.0
Test MSE: 0.0165
Poisson likelihood: 0.0
CE loss: 0.0
Experiment 25028
Epoch 0072 [Test seq (cond on sampled tp)] | Loss 8176.398438 | Likelihood -8178.381348 | KL fp 4.9483 | FP STD 0.0128|
KL coef: 0.463731774792815
Train loss (one batch): 7369.29150390625
Train CE loss (one batch): 0.0
Test MSE: 0.0164
Poisson likelihood: 0.0
CE loss: 0.0
Experiment 25028
Epoch 0073 [Test seq (cond on sampled tp)] | Loss 8134.375488 | Likelihood -8147.083984 | KL fp 4.8322 | FP STD 0.0144|
KL coef: 0.46909445704488684
Train loss (one batch): 7351.47021484375
Train CE loss (one batch): 0.0
Test MSE: 0.0163
Poisson likelihood: 0.0
CE loss: 0.0
Experiment 25028
Epoch 0074 [Test seq (cond on sampled tp)] | Loss 8112.316406 | Likelihood -8111.187988 | KL fp 4.8656 | FP STD 0.0151|
KL coef: 0.474403512474438
Train loss (one batch): 7286.072265625
Train CE loss (one batch): 0.0
Test MSE: 0.0162
Poisson likelihood: 0.0
CE loss: 0.0
Experiment 25028
Epoch 0075 [Test seq (cond on sampled tp)] | Loss 8077.953125 | Likelihood -8078.964355 | KL fp 4.8986 | FP STD 0.0145|
KL coef: 0.4796594773496936
Train loss (one batch): 7257.11376953125
Train CE loss (one batch): 0.0
Test MSE: 0.0162
Poisson likelihood: 0.0
CE loss: 0.0
Experiment 25028
Epoch 0076 [Test seq (cond on sampled tp)] | Loss 8014.516602 | Likelihood -8025.485840 | KL fp 4.8685 | FP STD 0.0138|
KL coef: 0.4848628825761967
Train loss (one batch): 7238.36474609375
Train CE loss (one batch): 0.0
Test MSE: 0.0161
Poisson likelihood: 0.0
CE loss: 0.0
Experiment 25028
Epoch 0077 [Test seq (cond on sampled tp)] | Loss 7998.322266 | Likelihood -8004.584473 | KL fp 4.8065 | FP STD 0.0159|
KL coef: 0.4900142537504347
Train loss (one batch): 7197.8193359375
Train CE loss (one batch): 0.0
Test MSE: 0.0160
Poisson likelihood: 0.0
CE loss: 0.0
Experiment 25028
Epoch 0078 [Test seq (cond on sampled tp)] | Loss 7929.116699 | Likelihood -7941.311035 | KL fp 4.9239 | FP STD 0.0131|
KL coef: 0.49511411121293036
Train loss (one batch): 7113.7763671875
Train CE loss (one batch): 0.0
Test MSE: 0.0159
Poisson likelihood: 0.0
CE loss: 0.0
Experiment 25028
Epoch 0079 [Test seq (cond on sampled tp)] | Loss 7900.747559 | Likelihood -7899.947754 | KL fp 4.9981 | FP STD 0.0125|
KL coef: 0.500162970100801
Train loss (one batch): 7090.1474609375
Train CE loss (one batch): 0.0
Test MSE: 0.0158
Poisson likelihood: 0.0
CE loss: 0.0
Experiment 25028
Epoch 0080 [Test seq (cond on sampled tp)] | Loss 7858.747070 | Likelihood -7865.496094 | KL fp 5.0624 | FP STD 0.0117|
KL coef: 0.505161340399793
Train loss (one batch): 7054.3974609375
Train CE loss (one batch): 0.0
Test MSE: 0.0157
Poisson likelihood: 0.0
CE loss: 0.0
Experiment 25028
Epoch 0081 [Test seq (cond on sampled tp)] | Loss 7828.941895 | Likelihood -7837.302246 | KL fp 4.9684 | FP STD 0.0122|
KL coef: 0.510109726995795
Train loss (one batch): 7063.9658203125
Train CE loss (one batch): 0.0
Test MSE: 0.0157
Poisson likelihood: 0.0
CE loss: 0.0
Experiment 25028
Epoch 0082 [Test seq (cond on sampled tp)] | Loss 7784.453125 | Likelihood -7789.121582 | KL fp 4.9365 | FP STD 0.0131|
KL coef: 0.5150086297258372
Train loss (one batch): 7010.7119140625
Train CE loss (one batch): 0.0
Test MSE: 0.0156
Poisson likelihood: 0.0
CE loss: 0.0
Experiment 25028
Epoch 0083 [Test seq (cond on sampled tp)] | Loss 7758.961914 | Likelihood -7759.353516 | KL fp 5.0320 | FP STD 0.0116|
KL coef: 0.5198585434285787
Train loss (one batch): 6981.685546875
Train CE loss (one batch): 0.0
Test MSE: 0.0155
Poisson likelihood: 0.0
CE loss: 0.0
Experiment 25028
Epoch 0084 [Test seq (cond on sampled tp)] | Loss 7717.613770 | Likelihood -7726.574219 | KL fp 4.8878 | FP STD 0.0131|
KL coef: 0.524659957994293
Train loss (one batch): 6940.65869140625
Train CE loss (one batch): 0.0
Test MSE: 0.0155
Poisson likelihood: 0.0
CE loss: 0.0
Experiment 25028
Epoch 0085 [Test seq (cond on sampled tp)] | Loss 7695.312988 | Likelihood -7699.069824 | KL fp 5.0027 | FP STD 0.0119|
KL coef: 0.5294133584143501
Train loss (one batch): 6900.07080078125
Train CE loss (one batch): 0.0
Test MSE: 0.0154
Poisson likelihood: 0.0
CE loss: 0.0
Experiment 25028
Epoch 0086 [Test seq (cond on sampled tp)] | Loss 7663.431641 | Likelihood -7662.130859 | KL fp 5.1057 | FP STD 0.0109|
KL coef: 0.5341192248302067
Train loss (one batch): 6893.20166015625
Train CE loss (one batch): 0.0
Test MSE: 0.0153
Poisson likelihood: 0.0
CE loss: 0.0
Experiment 25028
Epoch 0087 [Test seq (cond on sampled tp)] | Loss 7629.339355 | Likelihood -7631.020020 | KL fp 5.0690 | FP STD 0.0114|
KL coef: 0.5387780325819045
Train loss (one batch): 6875.5244140625
Train CE loss (one batch): 0.0
Test MSE: 0.0153
Poisson likelihood: 0.0
CE loss: 0.0
Experiment 25028
Epoch 0088 [Test seq (cond on sampled tp)] | Loss 7617.657227 | Likelihood -7618.847656 | KL fp 4.9039 | FP STD 0.0129|
KL coef: 0.5433902522560855
Train loss (one batch): 6816.7470703125
Train CE loss (one batch): 0.0
Test MSE: 0.0152
Poisson likelihood: 0.0
CE loss: 0.0
Experiment 25028
Epoch 0089 [Test seq (cond on sampled tp)] | Loss 7582.917480 | Likelihood -7585.533203 | KL fp 5.0101 | FP STD 0.0119|
KL coef: 0.5479563497335247
Train loss (one batch): 6799.14990234375
Train CE loss (one batch): 0.0
Test MSE: 0.0152
Poisson likelihood: 0.0
CE loss: 0.0
Experiment 25028
Epoch 0090 [Test seq (cond on sampled tp)] | Loss 7560.304688 | Likelihood -7564.468750 | KL fp 4.8376 | FP STD 0.0143|
KL coef: 0.5524767862361895
Train loss (one batch): 6800.15869140625
Train CE loss (one batch): 0.0
Test MSE: 0.0151
Poisson likelihood: 0.0
CE loss: 0.0
Experiment 25028
Epoch 0091 [Test seq (cond on sampled tp)] | Loss 7525.841797 | Likelihood -7524.520020 | KL fp 5.0743 | FP STD 0.0113|
KL coef: 0.5569520183738275
Train loss (one batch): 6754.876953125
Train CE loss (one batch): 0.0
Test MSE: 0.0151
Poisson likelihood: 0.0
CE loss: 0.0
Experiment 25028
Epoch 0092 [Test seq (cond on sampled tp)] | Loss 7502.699707 | Likelihood -7504.855469 | KL fp 4.9342 | FP STD 0.0124|
KL coef: 0.5613824981900892
Train loss (one batch): 6719.52197265625
Train CE loss (one batch): 0.0
Test MSE: 0.0150
Poisson likelihood: 0.0
CE loss: 0.0
Experiment 25028
Epoch 0093 [Test seq (cond on sampled tp)] | Loss 7468.914062 | Likelihood -7468.322754 | KL fp 5.1087 | FP STD 0.0110|
KL coef: 0.5657686732081884
Train loss (one batch): 6688.419921875
Train CE loss (one batch): 0.0
Test MSE: 0.0149
Poisson likelihood: 0.0
CE loss: 0.0
Experiment 25028
Epoch 0094 [Test seq (cond on sampled tp)] | Loss 7434.129883 | Likelihood -7436.556641 | KL fp 4.9727 | FP STD 0.0120|
KL coef: 0.5701109864761065
Train loss (one batch): 6678.609375
Train CE loss (one batch): 0.0
Test MSE: 0.0149
Poisson likelihood: 0.0
CE loss: 0.0
Experiment 25028
Epoch 0095 [Test seq (cond on sampled tp)] | Loss 7435.988770 | Likelihood -7440.433105 | KL fp 4.8759 | FP STD 0.0139|
KL coef: 0.5744098766113455
Train loss (one batch): 6668.14990234375
Train CE loss (one batch): 0.0
Test MSE: 0.0149
Poisson likelihood: 0.0
CE loss: 0.0
Experiment 25028
Epoch 0096 [Test seq (cond on sampled tp)] | Loss 7392.512695 | Likelihood -7405.087402 | KL fp 5.0671 | FP STD 0.0111|
KL coef: 0.578665777845232
Train loss (one batch): 6652.390625
Train CE loss (one batch): 0.0
Test MSE: 0.0148
Poisson likelihood: 0.0
CE loss: 0.0
Experiment 25028
Epoch 0097 [Test seq (cond on sampled tp)] | Loss 7387.623047 | Likelihood -7388.607910 | KL fp 5.0390 | FP STD 0.0114|
KL coef: 0.5828791200667797
Train loss (one batch): 6606.10302734375
Train CE loss (one batch): 0.0
Test MSE: 0.0148
Poisson likelihood: 0.0
CE loss: 0.0
Experiment 25028
Epoch 0098 [Test seq (cond on sampled tp)] | Loss 7373.080078 | Likelihood -7375.441895 | KL fp 5.0891 | FP STD 0.0111|
KL coef: 0.5870503288661119
Train loss (one batch): 6606.009765625
Train CE loss (one batch): 0.0
Test MSE: 0.0148
Poisson likelihood: 0.0
CE loss: 0.0
Experiment 25028
Epoch 0099 [Test seq (cond on sampled tp)] | Loss 7339.826172 | Likelihood -7345.599609 | KL fp 5.0677 | FP STD 0.0111|
KL coef: 0.5911798255774507
Train loss (one batch): 6574.42822265625
Train CE loss (one batch): 0.0
Test MSE: 0.0147
Poisson likelihood: 0.0
CE loss: 0.0
Experiment 25028
Epoch 0100 [Test seq (cond on sampled tp)] | Loss 7325.069336 | Likelihood -7338.167480 | KL fp 4.9460 | FP STD 0.0128|
KL coef: 0.5952680273216762
Train loss (one batch): 6555.94189453125
Train CE loss (one batch): 0.0
Test MSE: 0.0147
Poisson likelihood: 0.0
CE loss: 0.0
