/Users/deyiliu/Dropbox/UNC/G4/Spring/790/code/latent_ode-master/run_models.py
run_models.py --niters 100 -n 1000 -l 15 --dataset hopper --latent-ode --z0-encoder rnn -r 1995 -s 0.3
Experiment 12909
Epoch 0001 [Test seq (cond on sampled tp)] | Loss 49423.679688 | Likelihood -49719.636719 | KL fp 2.7789 | FP STD 0.1240|
KL coef: 0.0
Train loss (one batch): 52895.76171875
Train CE loss (one batch): 0.0
Test MSE: 0.0995
Poisson likelihood: 0.0
CE loss: 0.0
Experiment 12909
Epoch 0002 [Test seq (cond on sampled tp)] | Loss 31448.410156 | Likelihood -31572.908203 | KL fp 3.5834 | FP STD 0.0632|
KL coef: 0.0
Train loss (one batch): 30657.9375
Train CE loss (one batch): 0.0
Test MSE: 0.0632
Poisson likelihood: 0.0
CE loss: 0.0
Experiment 12909
Epoch 0003 [Test seq (cond on sampled tp)] | Loss 28054.306641 | Likelihood -28082.630859 | KL fp 3.9924 | FP STD 0.0437|
KL coef: 0.0
Train loss (one batch): 27909.037109375
Train CE loss (one batch): 0.0
Test MSE: 0.0562
Poisson likelihood: 0.0
CE loss: 0.0
Experiment 12909
Epoch 0004 [Test seq (cond on sampled tp)] | Loss 28064.554688 | Likelihood -28245.750000 | KL fp 4.2144 | FP STD 0.0429|
KL coef: 0.0
Train loss (one batch): 27642.619140625
Train CE loss (one batch): 0.0
Test MSE: 0.0565
Poisson likelihood: 0.0
CE loss: 0.0
Experiment 12909
Epoch 0005 [Test seq (cond on sampled tp)] | Loss 27734.037109 | Likelihood -27762.134766 | KL fp 3.8493 | FP STD 0.0457|
KL coef: 0.0
Train loss (one batch): 27378.6171875
Train CE loss (one batch): 0.0
Test MSE: 0.0555
Poisson likelihood: 0.0
CE loss: 0.0
Experiment 12909
Epoch 0006 [Test seq (cond on sampled tp)] | Loss 27573.283203 | Likelihood -27609.312500 | KL fp 4.3165 | FP STD 0.0316|
KL coef: 0.0
Train loss (one batch): 27236.818359375
Train CE loss (one batch): 0.0
Test MSE: 0.0552
Poisson likelihood: 0.0
CE loss: 0.0
Experiment 12909
Epoch 0007 [Test seq (cond on sampled tp)] | Loss 27620.283203 | Likelihood -27689.599609 | KL fp 4.2934 | FP STD 0.0391|
KL coef: 0.0
Train loss (one batch): 27397.08203125
Train CE loss (one batch): 0.0
Test MSE: 0.0554
Poisson likelihood: 0.0
CE loss: 0.0
Experiment 12909
Epoch 0008 [Test seq (cond on sampled tp)] | Loss 27683.998047 | Likelihood -27795.591797 | KL fp 3.6032 | FP STD 0.0603|
KL coef: 0.0
Train loss (one batch): 27513.78515625
Train CE loss (one batch): 0.0
Test MSE: 0.0556
Poisson likelihood: 0.0
CE loss: 0.0
Experiment 12909
Epoch 0009 [Test seq (cond on sampled tp)] | Loss 27570.839844 | Likelihood -27609.724609 | KL fp 3.6820 | FP STD 0.0510|
KL coef: 0.0
Train loss (one batch): 27031.05078125
Train CE loss (one batch): 0.0
Test MSE: 0.0552
Poisson likelihood: 0.0
CE loss: 0.0
Experiment 12909
Epoch 0010 [Test seq (cond on sampled tp)] | Loss 27317.181641 | Likelihood -27380.869141 | KL fp 4.2178 | FP STD 0.0335|
KL coef: 0.0
Train loss (one batch): 27042.234375
Train CE loss (one batch): 0.0
Test MSE: 0.0548
Poisson likelihood: 0.0
CE loss: 0.0
Experiment 12909
Epoch 0011 [Test seq (cond on sampled tp)] | Loss 27432.966797 | Likelihood -27545.115234 | KL fp 3.7422 | FP STD 0.0548|
KL coef: 0.010000000000000009
Train loss (one batch): 27094.798828125
Train CE loss (one batch): 0.0
Test MSE: 0.0551
Poisson likelihood: 0.0
CE loss: 0.0
Experiment 12909
Epoch 0012 [Test seq (cond on sampled tp)] | Loss 27312.144531 | Likelihood -27328.892578 | KL fp 4.2029 | FP STD 0.0419|
KL coef: 0.01990000000000003
Train loss (one batch): 27055.677734375
Train CE loss (one batch): 0.0
Test MSE: 0.0547
Poisson likelihood: 0.0
CE loss: 0.0
Experiment 12909
Epoch 0013 [Test seq (cond on sampled tp)] | Loss 27286.843750 | Likelihood -27458.390625 | KL fp 3.6725 | FP STD 0.0542|
KL coef: 0.029700999999999977
Train loss (one batch): 26998.58203125
Train CE loss (one batch): 0.0
Test MSE: 0.0549
Poisson likelihood: 0.0
CE loss: 0.0
Experiment 12909
Epoch 0014 [Test seq (cond on sampled tp)] | Loss 27147.400391 | Likelihood -27256.392578 | KL fp 4.2272 | FP STD 0.0370|
KL coef: 0.039403990000000055
Train loss (one batch): 27064.521484375
Train CE loss (one batch): 0.0
Test MSE: 0.0545
Poisson likelihood: 0.0
CE loss: 0.0
Experiment 12909
Epoch 0015 [Test seq (cond on sampled tp)] | Loss 27141.947266 | Likelihood -27216.279297 | KL fp 4.1428 | FP STD 0.0375|
KL coef: 0.04900995010000009
Train loss (one batch): 26865.9296875
Train CE loss (one batch): 0.0
Test MSE: 0.0544
Poisson likelihood: 0.0
CE loss: 0.0
Experiment 12909
Epoch 0016 [Test seq (cond on sampled tp)] | Loss 27167.699219 | Likelihood -27195.349609 | KL fp 3.7350 | FP STD 0.0476|
KL coef: 0.058519850599
Train loss (one batch): 26735.98046875
Train CE loss (one batch): 0.0
Test MSE: 0.0544
Poisson likelihood: 0.0
CE loss: 0.0
Experiment 12909
Epoch 0017 [Test seq (cond on sampled tp)] | Loss 26910.753906 | Likelihood -26949.626953 | KL fp 4.1791 | FP STD 0.0399|
KL coef: 0.06793465209301008
Train loss (one batch): 26231.96875
Train CE loss (one batch): 0.0
Test MSE: 0.0539
Poisson likelihood: 0.0
CE loss: 0.0
Experiment 12909
Epoch 0018 [Test seq (cond on sampled tp)] | Loss 26543.773438 | Likelihood -26593.423828 | KL fp 4.3364 | FP STD 0.0334|
KL coef: 0.07725530557207994
Train loss (one batch): 25915.787109375
Train CE loss (one batch): 0.0
Test MSE: 0.0532
Poisson likelihood: 0.0
CE loss: 0.0
Experiment 12909
Epoch 0019 [Test seq (cond on sampled tp)] | Loss 26373.763672 | Likelihood -26385.193359 | KL fp 3.6390 | FP STD 0.0552|
KL coef: 0.08648275251635917
Train loss (one batch): 25546.365234375
Train CE loss (one batch): 0.0
Test MSE: 0.0528
Poisson likelihood: 0.0
CE loss: 0.0
Experiment 12909
Epoch 0020 [Test seq (cond on sampled tp)] | Loss 26035.638672 | Likelihood -26106.435547 | KL fp 3.8619 | FP STD 0.0480|
KL coef: 0.09561792499119559
Train loss (one batch): 25312.984375
Train CE loss (one batch): 0.0
Test MSE: 0.0522
Poisson likelihood: 0.0
CE loss: 0.0
Experiment 12909
Epoch 0021 [Test seq (cond on sampled tp)] | Loss 25631.923828 | Likelihood -25756.515625 | KL fp 3.8334 | FP STD 0.0498|
KL coef: 0.10466174574128362
Train loss (one batch): 24868.439453125
Train CE loss (one batch): 0.0
Test MSE: 0.0515
Poisson likelihood: 0.0
CE loss: 0.0
Experiment 12909
Epoch 0022 [Test seq (cond on sampled tp)] | Loss 25251.105469 | Likelihood -25286.265625 | KL fp 4.0112 | FP STD 0.0418|
KL coef: 0.11361512828387077
Train loss (one batch): 24600.486328125
Train CE loss (one batch): 0.0
Test MSE: 0.0506
Poisson likelihood: 0.0
CE loss: 0.0
Experiment 12909
Epoch 0023 [Test seq (cond on sampled tp)] | Loss 24739.976562 | Likelihood -24873.193359 | KL fp 4.2776 | FP STD 0.0360|
KL coef: 0.12247897700103216
Train loss (one batch): 24253.072265625
Train CE loss (one batch): 0.0
Test MSE: 0.0498
Poisson likelihood: 0.0
CE loss: 0.0
Experiment 12909
Epoch 0024 [Test seq (cond on sampled tp)] | Loss 24454.220703 | Likelihood -24491.150391 | KL fp 3.9413 | FP STD 0.0443|
KL coef: 0.13125418723102178
Train loss (one batch): 23915.75
Train CE loss (one batch): 0.0
Test MSE: 0.0490
Poisson likelihood: 0.0
CE loss: 0.0
Experiment 12909
Epoch 0025 [Test seq (cond on sampled tp)] | Loss 24159.376953 | Likelihood -24191.451172 | KL fp 4.1102 | FP STD 0.0400|
KL coef: 0.13994164535871156
Train loss (one batch): 23409.306640625
Train CE loss (one batch): 0.0
Test MSE: 0.0484
Poisson likelihood: 0.0
CE loss: 0.0
Experiment 12909
Epoch 0026 [Test seq (cond on sampled tp)] | Loss 23823.126953 | Likelihood -23850.927734 | KL fp 4.1555 | FP STD 0.0366|
KL coef: 0.14854222890512447
Train loss (one batch): 23081.232421875
Train CE loss (one batch): 0.0
Test MSE: 0.0477
Poisson likelihood: 0.0
CE loss: 0.0
Experiment 12909
Epoch 0027 [Test seq (cond on sampled tp)] | Loss 23446.433594 | Likelihood -23507.849609 | KL fp 4.2241 | FP STD 0.0348|
KL coef: 0.15705680661607324
Train loss (one batch): 22633.796875
Train CE loss (one batch): 0.0
Test MSE: 0.0470
Poisson likelihood: 0.0
CE loss: 0.0
Experiment 12909
Epoch 0028 [Test seq (cond on sampled tp)] | Loss 23169.003906 | Likelihood -23184.849609 | KL fp 4.1482 | FP STD 0.0369|
KL coef: 0.1654862385499125
Train loss (one batch): 22450.45703125
Train CE loss (one batch): 0.0
Test MSE: 0.0464
Poisson likelihood: 0.0
CE loss: 0.0
Experiment 12909
Epoch 0029 [Test seq (cond on sampled tp)] | Loss 22893.656250 | Likelihood -22917.062500 | KL fp 3.9976 | FP STD 0.0384|
KL coef: 0.17383137616441335
Train loss (one batch): 21693.5625
Train CE loss (one batch): 0.0
Test MSE: 0.0458
Poisson likelihood: 0.0
CE loss: 0.0
Experiment 12909
Epoch 0030 [Test seq (cond on sampled tp)] | Loss 21961.986328 | Likelihood -21978.564453 | KL fp 4.2503 | FP STD 0.0311|
KL coef: 0.18209306240276923
Train loss (one batch): 20683.416015625
Train CE loss (one batch): 0.0
Test MSE: 0.0440
Poisson likelihood: 0.0
CE loss: 0.0
Experiment 12909
Epoch 0031 [Test seq (cond on sampled tp)] | Loss 21011.921875 | Likelihood -21038.878906 | KL fp 4.1511 | FP STD 0.0347|
KL coef: 0.19027213177874158
Train loss (one batch): 19918.296875
Train CE loss (one batch): 0.0
Test MSE: 0.0421
Poisson likelihood: 0.0
CE loss: 0.0
Experiment 12909
Epoch 0032 [Test seq (cond on sampled tp)] | Loss 19774.775391 | Likelihood -19813.054688 | KL fp 4.2014 | FP STD 0.0354|
KL coef: 0.19836941046095413
Train loss (one batch): 18796.916015625
Train CE loss (one batch): 0.0
Test MSE: 0.0396
Poisson likelihood: 0.0
CE loss: 0.0
Experiment 12909
Epoch 0033 [Test seq (cond on sampled tp)] | Loss 18884.636719 | Likelihood -18921.556641 | KL fp 4.1988 | FP STD 0.0362|
KL coef: 0.20638571635634462
Train loss (one batch): 17836.33984375
Train CE loss (one batch): 0.0
Test MSE: 0.0379
Poisson likelihood: 0.0
CE loss: 0.0
Experiment 12909
Epoch 0034 [Test seq (cond on sampled tp)] | Loss 18203.945312 | Likelihood -18266.025391 | KL fp 4.0491 | FP STD 0.0382|
KL coef: 0.21432185919278124
Train loss (one batch): 17218.3984375
Train CE loss (one batch): 0.0
Test MSE: 0.0365
Poisson likelihood: 0.0
CE loss: 0.0
Experiment 12909
Epoch 0035 [Test seq (cond on sampled tp)] | Loss 17790.058594 | Likelihood -17856.671875 | KL fp 4.3503 | FP STD 0.0329|
KL coef: 0.22217864060085335
Train loss (one batch): 17103.634765625
Train CE loss (one batch): 0.0
Test MSE: 0.0357
Poisson likelihood: 0.0
CE loss: 0.0
Experiment 12909
Epoch 0036 [Test seq (cond on sampled tp)] | Loss 17533.636719 | Likelihood -17592.537109 | KL fp 4.2900 | FP STD 0.0326|
KL coef: 0.2299568541948449
Train loss (one batch): 16965.150390625
Train CE loss (one batch): 0.0
Test MSE: 0.0352
Poisson likelihood: 0.0
CE loss: 0.0
Experiment 12909
Epoch 0037 [Test seq (cond on sampled tp)] | Loss 17460.845703 | Likelihood -17485.916016 | KL fp 4.3712 | FP STD 0.0306|
KL coef: 0.23765728565289646
Train loss (one batch): 16636.919921875
Train CE loss (one batch): 0.0
Test MSE: 0.0350
Poisson likelihood: 0.0
CE loss: 0.0
Experiment 12909
Epoch 0038 [Test seq (cond on sampled tp)] | Loss 17198.201172 | Likelihood -17243.095703 | KL fp 4.4373 | FP STD 0.0282|
KL coef: 0.24528071279636743
Train loss (one batch): 16375.5146484375
Train CE loss (one batch): 0.0
Test MSE: 0.0345
Poisson likelihood: 0.0
CE loss: 0.0
Experiment 12909
Epoch 0039 [Test seq (cond on sampled tp)] | Loss 17092.781250 | Likelihood -17122.292969 | KL fp 4.4309 | FP STD 0.0292|
KL coef: 0.25282790566840385
Train loss (one batch): 16286.78515625
Train CE loss (one batch): 0.0
Test MSE: 0.0343
Poisson likelihood: 0.0
CE loss: 0.0
Experiment 12909
Epoch 0040 [Test seq (cond on sampled tp)] | Loss 16926.837891 | Likelihood -16966.498047 | KL fp 4.4509 | FP STD 0.0283|
KL coef: 0.2602996266117198
Train loss (one batch): 16099.705078125
Train CE loss (one batch): 0.0
Test MSE: 0.0339
Poisson likelihood: 0.0
CE loss: 0.0
Experiment 12909
Epoch 0041 [Test seq (cond on sampled tp)] | Loss 16825.207031 | Likelihood -16855.416016 | KL fp 4.2999 | FP STD 0.0321|
KL coef: 0.26769663034560254
Train loss (one batch): 15993.9892578125
Train CE loss (one batch): 0.0
Test MSE: 0.0337
Poisson likelihood: 0.0
CE loss: 0.0
Experiment 12909
Epoch 0042 [Test seq (cond on sampled tp)] | Loss 16742.853516 | Likelihood -16779.392578 | KL fp 4.4470 | FP STD 0.0292|
KL coef: 0.2750196640421466
Train loss (one batch): 15865.7900390625
Train CE loss (one batch): 0.0
Test MSE: 0.0336
Poisson likelihood: 0.0
CE loss: 0.0
Experiment 12909
Epoch 0043 [Test seq (cond on sampled tp)] | Loss 16641.535156 | Likelihood -16657.263672 | KL fp 4.5276 | FP STD 0.0276|
KL coef: 0.2822694674017251
Train loss (one batch): 15752.92578125
Train CE loss (one batch): 0.0
Test MSE: 0.0333
Poisson likelihood: 0.0
CE loss: 0.0
Experiment 12909
Epoch 0044 [Test seq (cond on sampled tp)] | Loss 16522.433594 | Likelihood -16533.873047 | KL fp 4.4877 | FP STD 0.0242|
KL coef: 0.2894467727277079
Train loss (one batch): 15699.875
Train CE loss (one batch): 0.0
Test MSE: 0.0331
Poisson likelihood: 0.0
CE loss: 0.0
Experiment 12909
Epoch 0045 [Test seq (cond on sampled tp)] | Loss 16396.050781 | Likelihood -16430.484375 | KL fp 4.4440 | FP STD 0.0254|
KL coef: 0.29655230500043084
Train loss (one batch): 15594.6044921875
Train CE loss (one batch): 0.0
Test MSE: 0.0329
Poisson likelihood: 0.0
CE loss: 0.0
Experiment 12909
Epoch 0046 [Test seq (cond on sampled tp)] | Loss 16369.634766 | Likelihood -16374.268555 | KL fp 4.3915 | FP STD 0.0270|
KL coef: 0.30358678195042654
Train loss (one batch): 15504.482421875
Train CE loss (one batch): 0.0
Test MSE: 0.0328
Poisson likelihood: 0.0
CE loss: 0.0
Experiment 12909
Epoch 0047 [Test seq (cond on sampled tp)] | Loss 16219.220703 | Likelihood -16222.756836 | KL fp 4.4488 | FP STD 0.0255|
KL coef: 0.3105509141309223
Train loss (one batch): 15337.83203125
Train CE loss (one batch): 0.0
Test MSE: 0.0325
Poisson likelihood: 0.0
CE loss: 0.0
Experiment 12909
Epoch 0048 [Test seq (cond on sampled tp)] | Loss 16177.226562 | Likelihood -16226.237305 | KL fp 4.2560 | FP STD 0.0313|
KL coef: 0.31744540498961304
Train loss (one batch): 15296.609375
Train CE loss (one batch): 0.0
Test MSE: 0.0325
Poisson likelihood: 0.0
CE loss: 0.0
Experiment 12909
Epoch 0049 [Test seq (cond on sampled tp)] | Loss 16128.497070 | Likelihood -16153.531250 | KL fp 4.3709 | FP STD 0.0283|
KL coef: 0.3242709509397169
Train loss (one batch): 15128.7880859375
Train CE loss (one batch): 0.0
Test MSE: 0.0323
Poisson likelihood: 0.0
CE loss: 0.0
Experiment 12909
Epoch 0050 [Test seq (cond on sampled tp)] | Loss 15948.238281 | Likelihood -15960.706055 | KL fp 4.4535 | FP STD 0.0286|
KL coef: 0.3310282414303197
Train loss (one batch): 15052.259765625
Train CE loss (one batch): 0.0
Test MSE: 0.0319
Poisson likelihood: 0.0
CE loss: 0.0
Experiment 12909
Epoch 0051 [Test seq (cond on sampled tp)] | Loss 16019.067383 | Likelihood -16056.172852 | KL fp 4.3478 | FP STD 0.0287|
KL coef: 0.33771795901601653
Train loss (one batch): 15017.4033203125
Train CE loss (one batch): 0.0
Test MSE: 0.0321
Poisson likelihood: 0.0
CE loss: 0.0
Experiment 12909
Epoch 0052 [Test seq (cond on sampled tp)] | Loss 15783.458984 | Likelihood -15849.495117 | KL fp 4.3750 | FP STD 0.0311|
KL coef: 0.3443407794258564
Train loss (one batch): 14942.490234375
Train CE loss (one batch): 0.0
Test MSE: 0.0317
Poisson likelihood: 0.0
CE loss: 0.0
Experiment 12909
Epoch 0053 [Test seq (cond on sampled tp)] | Loss 15784.051758 | Likelihood -15845.023438 | KL fp 4.2303 | FP STD 0.0306|
KL coef: 0.35089737163159784
Train loss (one batch): 14757.4775390625
Train CE loss (one batch): 0.0
Test MSE: 0.0317
Poisson likelihood: 0.0
CE loss: 0.0
Experiment 12909
Epoch 0054 [Test seq (cond on sampled tp)] | Loss 15637.097656 | Likelihood -15659.723633 | KL fp 4.7163 | FP STD 0.0194|
KL coef: 0.3573883979152819
Train loss (one batch): 14552.466796875
Train CE loss (one batch): 0.0
Test MSE: 0.0313
Poisson likelihood: 0.0
CE loss: 0.0
Experiment 12909
Epoch 0055 [Test seq (cond on sampled tp)] | Loss 15586.201172 | Likelihood -15619.094727 | KL fp 4.6672 | FP STD 0.0211|
KL coef: 0.36381451393612907
Train loss (one batch): 14448.568359375
Train CE loss (one batch): 0.0
Test MSE: 0.0313
Poisson likelihood: 0.0
CE loss: 0.0
Experiment 12909
Epoch 0056 [Test seq (cond on sampled tp)] | Loss 15473.780273 | Likelihood -15534.878906 | KL fp 4.5050 | FP STD 0.0246|
KL coef: 0.37017636879676774
Train loss (one batch): 14405.02734375
Train CE loss (one batch): 0.0
Test MSE: 0.0311
Poisson likelihood: 0.0
CE loss: 0.0
Experiment 12909
Epoch 0057 [Test seq (cond on sampled tp)] | Loss 15366.684570 | Likelihood -15402.881836 | KL fp 4.6805 | FP STD 0.0223|
KL coef: 0.37647460510880004
Train loss (one batch): 14258.4365234375
Train CE loss (one batch): 0.0
Test MSE: 0.0308
Poisson likelihood: 0.0
CE loss: 0.0
Experiment 12909
Epoch 0058 [Test seq (cond on sampled tp)] | Loss 15301.001953 | Likelihood -15313.569336 | KL fp 4.4582 | FP STD 0.0280|
KL coef: 0.38270985905771204
Train loss (one batch): 14203.6044921875
Train CE loss (one batch): 0.0
Test MSE: 0.0306
Poisson likelihood: 0.0
CE loss: 0.0
Experiment 12909
Epoch 0059 [Test seq (cond on sampled tp)] | Loss 15194.491211 | Likelihood -15228.893555 | KL fp 4.4562 | FP STD 0.0242|
KL coef: 0.388882760467135
Train loss (one batch): 14062.4013671875
Train CE loss (one batch): 0.0
Test MSE: 0.0305
Poisson likelihood: 0.0
CE loss: 0.0
Experiment 12909
Epoch 0060 [Test seq (cond on sampled tp)] | Loss 15118.590820 | Likelihood -15147.028320 | KL fp 4.2795 | FP STD 0.0321|
KL coef: 0.39499393286246365
Train loss (one batch): 14041.841796875
Train CE loss (one batch): 0.0
Test MSE: 0.0303
Poisson likelihood: 0.0
CE loss: 0.0
Experiment 12909
Epoch 0061 [Test seq (cond on sampled tp)] | Loss 15049.846680 | Likelihood -15072.061523 | KL fp 4.6270 | FP STD 0.0232|
KL coef: 0.401043993533839
Train loss (one batch): 13788.3876953125
Train CE loss (one batch): 0.0
Test MSE: 0.0302
Poisson likelihood: 0.0
CE loss: 0.0
Experiment 12909
Epoch 0062 [Test seq (cond on sampled tp)] | Loss 14911.565430 | Likelihood -14917.968750 | KL fp 4.6008 | FP STD 0.0254|
KL coef: 0.4070335535985006
Train loss (one batch): 13700.8115234375
Train CE loss (one batch): 0.0
Test MSE: 0.0298
Poisson likelihood: 0.0
CE loss: 0.0
Experiment 12909
Epoch 0063 [Test seq (cond on sampled tp)] | Loss 14820.409180 | Likelihood -14828.946289 | KL fp 4.4238 | FP STD 0.0272|
KL coef: 0.41296321806251557
Train loss (one batch): 13507.7578125
Train CE loss (one batch): 0.0
Test MSE: 0.0297
Poisson likelihood: 0.0
CE loss: 0.0
Experiment 12909
Epoch 0064 [Test seq (cond on sampled tp)] | Loss 14690.522461 | Likelihood -14718.039062 | KL fp 4.6408 | FP STD 0.0210|
KL coef: 0.41883358588189046
Train loss (one batch): 13449.185546875
Train CE loss (one batch): 0.0
Test MSE: 0.0294
Poisson likelihood: 0.0
CE loss: 0.0
Experiment 12909
Epoch 0065 [Test seq (cond on sampled tp)] | Loss 14643.200195 | Likelihood -14647.702148 | KL fp 4.3716 | FP STD 0.0291|
KL coef: 0.4246452500230715
Train loss (one batch): 13321.28125
Train CE loss (one batch): 0.0
Test MSE: 0.0293
Poisson likelihood: 0.0
CE loss: 0.0
Experiment 12909
Epoch 0066 [Test seq (cond on sampled tp)] | Loss 14522.545898 | Likelihood -14573.163086 | KL fp 4.4966 | FP STD 0.0265|
KL coef: 0.4303987975228408
Train loss (one batch): 13135.5517578125
Train CE loss (one batch): 0.0
Test MSE: 0.0292
Poisson likelihood: 0.0
CE loss: 0.0
Experiment 12909
Epoch 0067 [Test seq (cond on sampled tp)] | Loss 14505.300781 | Likelihood -14515.007812 | KL fp 4.6637 | FP STD 0.0237|
KL coef: 0.4360948095476125
Train loss (one batch): 13074.4697265625
Train CE loss (one batch): 0.0
Test MSE: 0.0290
Poisson likelihood: 0.0
CE loss: 0.0
Experiment 12909
Epoch 0068 [Test seq (cond on sampled tp)] | Loss 14347.876953 | Likelihood -14366.328125 | KL fp 4.4401 | FP STD 0.0252|
KL coef: 0.44173386145213633
Train loss (one batch): 13092.0751953125
Train CE loss (one batch): 0.0
Test MSE: 0.0287
Poisson likelihood: 0.0
CE loss: 0.0
Experiment 12909
Epoch 0069 [Test seq (cond on sampled tp)] | Loss 14235.649414 | Likelihood -14256.526367 | KL fp 4.5162 | FP STD 0.0240|
KL coef: 0.4473165228376149
Train loss (one batch): 12899.9921875
Train CE loss (one batch): 0.0
Test MSE: 0.0285
Poisson likelihood: 0.0
CE loss: 0.0
Experiment 12909
Epoch 0070 [Test seq (cond on sampled tp)] | Loss 14110.409180 | Likelihood -14123.887695 | KL fp 4.5786 | FP STD 0.0227|
KL coef: 0.4528433576092388
Train loss (one batch): 12714.943359375
Train CE loss (one batch): 0.0
Test MSE: 0.0283
Poisson likelihood: 0.0
CE loss: 0.0
Experiment 12909
Epoch 0071 [Test seq (cond on sampled tp)] | Loss 14009.456055 | Likelihood -14022.491211 | KL fp 4.6078 | FP STD 0.0242|
KL coef: 0.45831492403314644
Train loss (one batch): 12654.166015625
Train CE loss (one batch): 0.0
Test MSE: 0.0281
Poisson likelihood: 0.0
CE loss: 0.0
Experiment 12909
Epoch 0072 [Test seq (cond on sampled tp)] | Loss 14003.392578 | Likelihood -14018.356445 | KL fp 4.5392 | FP STD 0.0259|
KL coef: 0.463731774792815
Train loss (one batch): 12524.24609375
Train CE loss (one batch): 0.0
Test MSE: 0.0280
Poisson likelihood: 0.0
CE loss: 0.0
Experiment 12909
Epoch 0073 [Test seq (cond on sampled tp)] | Loss 13808.760742 | Likelihood -13841.166992 | KL fp 4.6579 | FP STD 0.0229|
KL coef: 0.46909445704488684
Train loss (one batch): 12358.4462890625
Train CE loss (one batch): 0.0
Test MSE: 0.0277
Poisson likelihood: 0.0
CE loss: 0.0
Experiment 12909
Epoch 0074 [Test seq (cond on sampled tp)] | Loss 13737.648438 | Likelihood -13743.659180 | KL fp 4.6944 | FP STD 0.0221|
KL coef: 0.474403512474438
Train loss (one batch): 12504.8466796875
Train CE loss (one batch): 0.0
Test MSE: 0.0275
Poisson likelihood: 0.0
CE loss: 0.0
Experiment 12909
Epoch 0075 [Test seq (cond on sampled tp)] | Loss 13568.069336 | Likelihood -13588.752930 | KL fp 4.7989 | FP STD 0.0188|
KL coef: 0.4796594773496936
Train loss (one batch): 12216.7744140625
Train CE loss (one batch): 0.0
Test MSE: 0.0272
Poisson likelihood: 0.0
CE loss: 0.0
Experiment 12909
Epoch 0076 [Test seq (cond on sampled tp)] | Loss 13492.660156 | Likelihood -13508.354492 | KL fp 4.7791 | FP STD 0.0211|
KL coef: 0.4848628825761967
Train loss (one batch): 12244.451171875
Train CE loss (one batch): 0.0
Test MSE: 0.0270
Poisson likelihood: 0.0
CE loss: 0.0
Experiment 12909
Epoch 0077 [Test seq (cond on sampled tp)] | Loss 13253.401367 | Likelihood -13264.027344 | KL fp 4.8353 | FP STD 0.0187|
KL coef: 0.4900142537504347
Train loss (one batch): 12058.2060546875
Train CE loss (one batch): 0.0
Test MSE: 0.0265
Poisson likelihood: 0.0
CE loss: 0.0
Experiment 12909
Epoch 0078 [Test seq (cond on sampled tp)] | Loss 13152.889648 | Likelihood -13171.118164 | KL fp 4.6433 | FP STD 0.0217|
KL coef: 0.49511411121293036
Train loss (one batch): 11817.599609375
Train CE loss (one batch): 0.0
Test MSE: 0.0264
Poisson likelihood: 0.0
CE loss: 0.0
Experiment 12909
Epoch 0079 [Test seq (cond on sampled tp)] | Loss 12958.219727 | Likelihood -12965.213867 | KL fp 4.6569 | FP STD 0.0209|
KL coef: 0.500162970100801
Train loss (one batch): 11503.146484375
Train CE loss (one batch): 0.0
Test MSE: 0.0259
Poisson likelihood: 0.0
CE loss: 0.0
Experiment 12909
Epoch 0080 [Test seq (cond on sampled tp)] | Loss 12724.500977 | Likelihood -12757.851562 | KL fp 4.4337 | FP STD 0.0260|
KL coef: 0.505161340399793
Train loss (one batch): 11361.6884765625
Train CE loss (one batch): 0.0
Test MSE: 0.0255
Poisson likelihood: 0.0
CE loss: 0.0
Experiment 12909
Epoch 0081 [Test seq (cond on sampled tp)] | Loss 12589.587891 | Likelihood -12592.605469 | KL fp 4.3906 | FP STD 0.0257|
KL coef: 0.510109726995795
Train loss (one batch): 11122.669921875
Train CE loss (one batch): 0.0
Test MSE: 0.0252
Poisson likelihood: 0.0
CE loss: 0.0
Experiment 12909
Epoch 0082 [Test seq (cond on sampled tp)] | Loss 12385.903320 | Likelihood -12399.901367 | KL fp 4.3708 | FP STD 0.0266|
KL coef: 0.5150086297258372
Train loss (one batch): 10892.3525390625
Train CE loss (one batch): 0.0
Test MSE: 0.0248
Poisson likelihood: 0.0
CE loss: 0.0
Experiment 12909
Epoch 0083 [Test seq (cond on sampled tp)] | Loss 12239.541992 | Likelihood -12251.262695 | KL fp 4.4628 | FP STD 0.0245|
KL coef: 0.5198585434285787
Train loss (one batch): 10628.0146484375
Train CE loss (one batch): 0.0
Test MSE: 0.0245
Poisson likelihood: 0.0
CE loss: 0.0
Experiment 12909
Epoch 0084 [Test seq (cond on sampled tp)] | Loss 12106.735352 | Likelihood -12134.476562 | KL fp 4.5479 | FP STD 0.0230|
KL coef: 0.524659957994293
Train loss (one batch): 10578.923828125
Train CE loss (one batch): 0.0
Test MSE: 0.0243
Poisson likelihood: 0.0
CE loss: 0.0
Experiment 12909
Epoch 0085 [Test seq (cond on sampled tp)] | Loss 12003.455078 | Likelihood -12019.252930 | KL fp 4.5778 | FP STD 0.0230|
KL coef: 0.5294133584143501
Train loss (one batch): 10361.9130859375
Train CE loss (one batch): 0.0
Test MSE: 0.0241
Poisson likelihood: 0.0
CE loss: 0.0
Experiment 12909
Epoch 0086 [Test seq (cond on sampled tp)] | Loss 11951.304688 | Likelihood -11959.180664 | KL fp 4.5980 | FP STD 0.0233|
KL coef: 0.5341192248302067
Train loss (one batch): 10320.89453125
Train CE loss (one batch): 0.0
Test MSE: 0.0239
Poisson likelihood: 0.0
CE loss: 0.0
Experiment 12909
Epoch 0087 [Test seq (cond on sampled tp)] | Loss 11820.725586 | Likelihood -11833.797852 | KL fp 4.6427 | FP STD 0.0208|
KL coef: 0.5387780325819045
Train loss (one batch): 10286.7587890625
Train CE loss (one batch): 0.0
Test MSE: 0.0237
Poisson likelihood: 0.0
CE loss: 0.0
Experiment 12909
Epoch 0088 [Test seq (cond on sampled tp)] | Loss 11801.318359 | Likelihood -11816.450195 | KL fp 4.8301 | FP STD 0.0181|
KL coef: 0.5433902522560855
Train loss (one batch): 10093.8056640625
Train CE loss (one batch): 0.0
Test MSE: 0.0236
Poisson likelihood: 0.0
CE loss: 0.0
Experiment 12909
Epoch 0089 [Test seq (cond on sampled tp)] | Loss 11724.324219 | Likelihood -11739.682617 | KL fp 4.6914 | FP STD 0.0202|
KL coef: 0.5479563497335247
Train loss (one batch): 10136.9931640625
Train CE loss (one batch): 0.0
Test MSE: 0.0235
Poisson likelihood: 0.0
CE loss: 0.0
Experiment 12909
Epoch 0090 [Test seq (cond on sampled tp)] | Loss 11629.152344 | Likelihood -11640.722656 | KL fp 4.9144 | FP STD 0.0170|
KL coef: 0.5524767862361895
Train loss (one batch): 10042.6259765625
Train CE loss (one batch): 0.0
Test MSE: 0.0233
Poisson likelihood: 0.0
CE loss: 0.0
Experiment 12909
Epoch 0091 [Test seq (cond on sampled tp)] | Loss 11614.215820 | Likelihood -11621.151367 | KL fp 4.6618 | FP STD 0.0220|
KL coef: 0.5569520183738275
Train loss (one batch): 9861.185546875
Train CE loss (one batch): 0.0
Test MSE: 0.0233
Poisson likelihood: 0.0
CE loss: 0.0
Experiment 12909
Epoch 0092 [Test seq (cond on sampled tp)] | Loss 11499.011719 | Likelihood -11520.757812 | KL fp 4.6332 | FP STD 0.0209|
KL coef: 0.5613824981900892
Train loss (one batch): 9839.52734375
Train CE loss (one batch): 0.0
Test MSE: 0.0231
Poisson likelihood: 0.0
CE loss: 0.0
Experiment 12909
Epoch 0093 [Test seq (cond on sampled tp)] | Loss 11417.208008 | Likelihood -11419.493164 | KL fp 4.8893 | FP STD 0.0165|
KL coef: 0.5657686732081884
Train loss (one batch): 9747.060546875
Train CE loss (one batch): 0.0
Test MSE: 0.0229
Poisson likelihood: 0.0
CE loss: 0.0
Experiment 12909
Epoch 0094 [Test seq (cond on sampled tp)] | Loss 11321.734375 | Likelihood -11331.463867 | KL fp 4.7554 | FP STD 0.0190|
KL coef: 0.5701109864761065
Train loss (one batch): 9640.7060546875
Train CE loss (one batch): 0.0
Test MSE: 0.0227
Poisson likelihood: 0.0
CE loss: 0.0
Experiment 12909
Epoch 0095 [Test seq (cond on sampled tp)] | Loss 11236.913086 | Likelihood -11252.145508 | KL fp 4.6532 | FP STD 0.0200|
KL coef: 0.5744098766113455
Train loss (one batch): 9606.35546875
Train CE loss (one batch): 0.0
Test MSE: 0.0225
Poisson likelihood: 0.0
CE loss: 0.0
Experiment 12909
Epoch 0096 [Test seq (cond on sampled tp)] | Loss 11199.367188 | Likelihood -11212.010742 | KL fp 4.5481 | FP STD 0.0221|
KL coef: 0.578665777845232
Train loss (one batch): 9515.40625
Train CE loss (one batch): 0.0
Test MSE: 0.0224
Poisson likelihood: 0.0
CE loss: 0.0
Experiment 12909
Epoch 0097 [Test seq (cond on sampled tp)] | Loss 11075.198242 | Likelihood -11083.819336 | KL fp 4.6250 | FP STD 0.0207|
KL coef: 0.5828791200667797
Train loss (one batch): 9363.8828125
Train CE loss (one batch): 0.0
Test MSE: 0.0222
Poisson likelihood: 0.0
CE loss: 0.0
Experiment 12909
Epoch 0098 [Test seq (cond on sampled tp)] | Loss 10979.939453 | Likelihood -11006.926758 | KL fp 4.8111 | FP STD 0.0186|
KL coef: 0.5870503288661119
Train loss (one batch): 9292.5966796875
Train CE loss (one batch): 0.0
Test MSE: 0.0220
Poisson likelihood: 0.0
CE loss: 0.0
Experiment 12909
Epoch 0099 [Test seq (cond on sampled tp)] | Loss 10936.072266 | Likelihood -10952.265625 | KL fp 4.8064 | FP STD 0.0178|
KL coef: 0.5911798255774507
Train loss (one batch): 9266.236328125
Train CE loss (one batch): 0.0
Test MSE: 0.0219
Poisson likelihood: 0.0
CE loss: 0.0
Experiment 12909
Epoch 0100 [Test seq (cond on sampled tp)] | Loss 10842.470703 | Likelihood -10848.166992 | KL fp 4.7933 | FP STD 0.0187|
KL coef: 0.5952680273216762
Train loss (one batch): 9115.6787109375
Train CE loss (one batch): 0.0
Test MSE: 0.0217
Poisson likelihood: 0.0
CE loss: 0.0
