/Users/deyiliu/Dropbox/UNC/G4/Spring/790/code/latent_ode-master/run_models.py
run_models.py --niters 300 -n 1000 -l 15 --dataset hopper --latent-ode --z0-encoder rnn -r 1700
Experiment 8723
Epoch 0001 [Test seq (cond on sampled tp)] | Loss 44371.644531 | Likelihood -44670.535156 | KL fp 3.2668 | FP STD 0.1012|
KL coef: 0.0
Train loss (one batch): 44919.890625
Train CE loss (one batch): 0.0
Test MSE: 0.0894
Poisson likelihood: 0.0
CE loss: 0.0
Experiment 8723
Epoch 0002 [Test seq (cond on sampled tp)] | Loss 30596.546875 | Likelihood -30792.345703 | KL fp 3.6525 | FP STD 0.0570|
KL coef: 0.0
Train loss (one batch): 31737.677734375
Train CE loss (one batch): 0.0
Test MSE: 0.0616
Poisson likelihood: 0.0
CE loss: 0.0
Experiment 8723
Epoch 0003 [Test seq (cond on sampled tp)] | Loss 27991.564453 | Likelihood -28018.361328 | KL fp 3.8325 | FP STD 0.0520|
KL coef: 0.0
Train loss (one batch): 28579.130859375
Train CE loss (one batch): 0.0
Test MSE: 0.0560
Poisson likelihood: 0.0
CE loss: 0.0
Experiment 8723
Epoch 0004 [Test seq (cond on sampled tp)] | Loss 27084.234375 | Likelihood -27146.109375 | KL fp 3.9330 | FP STD 0.0395|
KL coef: 0.0
Train loss (one batch): 27588.412109375
Train CE loss (one batch): 0.0
Test MSE: 0.0543
Poisson likelihood: 0.0
CE loss: 0.0
Experiment 8723
Epoch 0005 [Test seq (cond on sampled tp)] | Loss 26617.687500 | Likelihood -26711.609375 | KL fp 4.1179 | FP STD 0.0382|
KL coef: 0.0
Train loss (one batch): 27193.73046875
Train CE loss (one batch): 0.0
Test MSE: 0.0534
Poisson likelihood: 0.0
CE loss: 0.0
Experiment 8723
Epoch 0006 [Test seq (cond on sampled tp)] | Loss 26268.484375 | Likelihood -26326.617188 | KL fp 3.8185 | FP STD 0.0397|
KL coef: 0.0
Train loss (one batch): 26412.60546875
Train CE loss (one batch): 0.0
Test MSE: 0.0527
Poisson likelihood: 0.0
CE loss: 0.0
Experiment 8723
Epoch 0007 [Test seq (cond on sampled tp)] | Loss 25785.392578 | Likelihood -25847.837891 | KL fp 3.9633 | FP STD 0.0378|
KL coef: 0.0
Train loss (one batch): 25951.86328125
Train CE loss (one batch): 0.0
Test MSE: 0.0517
Poisson likelihood: 0.0
CE loss: 0.0
Experiment 8723
Epoch 0008 [Test seq (cond on sampled tp)] | Loss 25176.792969 | Likelihood -25211.787109 | KL fp 3.9955 | FP STD 0.0359|
KL coef: 0.0
Train loss (one batch): 25058.265625
Train CE loss (one batch): 0.0
Test MSE: 0.0504
Poisson likelihood: 0.0
CE loss: 0.0
Experiment 8723
Epoch 0009 [Test seq (cond on sampled tp)] | Loss 24097.429688 | Likelihood -24165.408203 | KL fp 3.9542 | FP STD 0.0427|
KL coef: 0.0
Train loss (one batch): 24047.755859375
Train CE loss (one batch): 0.0
Test MSE: 0.0483
Poisson likelihood: 0.0
CE loss: 0.0
Experiment 8723
Epoch 0010 [Test seq (cond on sampled tp)] | Loss 22588.964844 | Likelihood -22668.429688 | KL fp 4.0975 | FP STD 0.0363|
KL coef: 0.0
Train loss (one batch): 23023.181640625
Train CE loss (one batch): 0.0
Test MSE: 0.0453
Poisson likelihood: 0.0
CE loss: 0.0
Experiment 8723
Epoch 0011 [Test seq (cond on sampled tp)] | Loss 21190.378906 | Likelihood -21223.818359 | KL fp 3.7146 | FP STD 0.0505|
KL coef: 0.010000000000000009
Train loss (one batch): 21355.95703125
Train CE loss (one batch): 0.0
Test MSE: 0.0425
Poisson likelihood: 0.0
CE loss: 0.0
Experiment 8723
Epoch 0012 [Test seq (cond on sampled tp)] | Loss 19152.248047 | Likelihood -19214.037109 | KL fp 4.0078 | FP STD 0.0425|
KL coef: 0.01990000000000003
Train loss (one batch): 19829.986328125
Train CE loss (one batch): 0.0
Test MSE: 0.0384
Poisson likelihood: 0.0
CE loss: 0.0
Experiment 8723
Epoch 0013 [Test seq (cond on sampled tp)] | Loss 17730.843750 | Likelihood -17794.798828 | KL fp 3.8154 | FP STD 0.0497|
KL coef: 0.029700999999999977
Train loss (one batch): 18196.310546875
Train CE loss (one batch): 0.0
Test MSE: 0.0356
Poisson likelihood: 0.0
CE loss: 0.0
Experiment 8723
Epoch 0014 [Test seq (cond on sampled tp)] | Loss 16744.333984 | Likelihood -16796.029297 | KL fp 4.3001 | FP STD 0.0305|
KL coef: 0.039403990000000055
Train loss (one batch): 17390.28515625
Train CE loss (one batch): 0.0
Test MSE: 0.0336
Poisson likelihood: 0.0
CE loss: 0.0
Experiment 8723
Epoch 0015 [Test seq (cond on sampled tp)] | Loss 16138.408203 | Likelihood -16171.504883 | KL fp 4.3310 | FP STD 0.0301|
KL coef: 0.04900995010000009
Train loss (one batch): 16602.19140625
Train CE loss (one batch): 0.0
Test MSE: 0.0324
Poisson likelihood: 0.0
CE loss: 0.0
Experiment 8723
Epoch 0016 [Test seq (cond on sampled tp)] | Loss 15527.396484 | Likelihood -15561.368164 | KL fp 4.2745 | FP STD 0.0303|
KL coef: 0.058519850599
Train loss (one batch): 16077.30078125
Train CE loss (one batch): 0.0
Test MSE: 0.0311
Poisson likelihood: 0.0
CE loss: 0.0
Experiment 8723
Epoch 0017 [Test seq (cond on sampled tp)] | Loss 14968.107422 | Likelihood -15013.272461 | KL fp 4.5639 | FP STD 0.0235|
KL coef: 0.06793465209301008
Train loss (one batch): 15559.1064453125
Train CE loss (one batch): 0.0
Test MSE: 0.0300
Poisson likelihood: 0.0
CE loss: 0.0
Experiment 8723
Epoch 0018 [Test seq (cond on sampled tp)] | Loss 14672.202148 | Likelihood -14713.860352 | KL fp 4.2953 | FP STD 0.0294|
KL coef: 0.07725530557207994
Train loss (one batch): 15190.5380859375
Train CE loss (one batch): 0.0
Test MSE: 0.0294
Poisson likelihood: 0.0
CE loss: 0.0
Experiment 8723
Epoch 0019 [Test seq (cond on sampled tp)] | Loss 14289.624023 | Likelihood -14309.200195 | KL fp 4.3149 | FP STD 0.0289|
KL coef: 0.08648275251635917
Train loss (one batch): 14840.4345703125
Train CE loss (one batch): 0.0
Test MSE: 0.0286
Poisson likelihood: 0.0
CE loss: 0.0
Experiment 8723
Epoch 0020 [Test seq (cond on sampled tp)] | Loss 14041.932617 | Likelihood -14047.730469 | KL fp 4.5296 | FP STD 0.0231|
KL coef: 0.09561792499119559
Train loss (one batch): 14584.1083984375
Train CE loss (one batch): 0.0
Test MSE: 0.0281
Poisson likelihood: 0.0
CE loss: 0.0
Experiment 8723
Epoch 0021 [Test seq (cond on sampled tp)] | Loss 13756.275391 | Likelihood -13787.663086 | KL fp 4.5355 | FP STD 0.0232|
KL coef: 0.10466174574128362
Train loss (one batch): 14342.1708984375
Train CE loss (one batch): 0.0
Test MSE: 0.0276
Poisson likelihood: 0.0
CE loss: 0.0
Experiment 8723
Epoch 0022 [Test seq (cond on sampled tp)] | Loss 13581.069336 | Likelihood -13601.628906 | KL fp 4.4598 | FP STD 0.0249|
KL coef: 0.11361512828387077
Train loss (one batch): 14115.6845703125
Train CE loss (one batch): 0.0
Test MSE: 0.0272
Poisson likelihood: 0.0
CE loss: 0.0
Experiment 8723
Epoch 0023 [Test seq (cond on sampled tp)] | Loss 13346.073242 | Likelihood -13374.041992 | KL fp 4.5432 | FP STD 0.0221|
KL coef: 0.12247897700103216
Train loss (one batch): 13839.841796875
Train CE loss (one batch): 0.0
Test MSE: 0.0268
Poisson likelihood: 0.0
CE loss: 0.0
Experiment 8723
Epoch 0024 [Test seq (cond on sampled tp)] | Loss 13183.333008 | Likelihood -13201.819336 | KL fp 4.4839 | FP STD 0.0238|
KL coef: 0.13125418723102178
Train loss (one batch): 13639.556640625
Train CE loss (one batch): 0.0
Test MSE: 0.0264
Poisson likelihood: 0.0
CE loss: 0.0
Experiment 8723
Epoch 0025 [Test seq (cond on sampled tp)] | Loss 12932.863281 | Likelihood -12945.297852 | KL fp 4.6126 | FP STD 0.0207|
KL coef: 0.13994164535871156
Train loss (one batch): 13426.0029296875
Train CE loss (one batch): 0.0
Test MSE: 0.0259
Poisson likelihood: 0.0
CE loss: 0.0
Experiment 8723
Epoch 0026 [Test seq (cond on sampled tp)] | Loss 12724.628906 | Likelihood -12751.484375 | KL fp 4.5219 | FP STD 0.0220|
KL coef: 0.14854222890512447
Train loss (one batch): 13218.7373046875
Train CE loss (one batch): 0.0
Test MSE: 0.0255
Poisson likelihood: 0.0
CE loss: 0.0
Experiment 8723
Epoch 0027 [Test seq (cond on sampled tp)] | Loss 12557.619141 | Likelihood -12573.851562 | KL fp 4.5427 | FP STD 0.0222|
KL coef: 0.15705680661607324
Train loss (one batch): 12938.4521484375
Train CE loss (one batch): 0.0
Test MSE: 0.0252
Poisson likelihood: 0.0
CE loss: 0.0
Experiment 8723
Epoch 0028 [Test seq (cond on sampled tp)] | Loss 12362.868164 | Likelihood -12397.504883 | KL fp 4.5527 | FP STD 0.0217|
KL coef: 0.1654862385499125
Train loss (one batch): 12831.783203125
Train CE loss (one batch): 0.0
Test MSE: 0.0248
Poisson likelihood: 0.0
CE loss: 0.0
Experiment 8723
Epoch 0029 [Test seq (cond on sampled tp)] | Loss 12226.741211 | Likelihood -12235.410156 | KL fp 4.5128 | FP STD 0.0218|
KL coef: 0.17383137616441335
Train loss (one batch): 12592.748046875
Train CE loss (one batch): 0.0
Test MSE: 0.0245
Poisson likelihood: 0.0
CE loss: 0.0
Experiment 8723
Epoch 0030 [Test seq (cond on sampled tp)] | Loss 12024.845703 | Likelihood -12063.367188 | KL fp 4.6612 | FP STD 0.0194|
KL coef: 0.18209306240276923
Train loss (one batch): 12464.380859375
Train CE loss (one batch): 0.0
Test MSE: 0.0241
Poisson likelihood: 0.0
CE loss: 0.0
Experiment 8723
Epoch 0031 [Test seq (cond on sampled tp)] | Loss 11933.649414 | Likelihood -11957.148438 | KL fp 4.5956 | FP STD 0.0217|
KL coef: 0.19027213177874158
Train loss (one batch): 12368.267578125
Train CE loss (one batch): 0.0
Test MSE: 0.0239
Poisson likelihood: 0.0
CE loss: 0.0
Experiment 8723
Epoch 0032 [Test seq (cond on sampled tp)] | Loss 11828.849609 | Likelihood -11837.514648 | KL fp 4.5733 | FP STD 0.0218|
KL coef: 0.19836941046095413
Train loss (one batch): 12215.7255859375
Train CE loss (one batch): 0.0
Test MSE: 0.0237
Poisson likelihood: 0.0
CE loss: 0.0
Experiment 8723
Epoch 0033 [Test seq (cond on sampled tp)] | Loss 11684.830078 | Likelihood -11703.046875 | KL fp 4.7352 | FP STD 0.0189|
KL coef: 0.20638571635634462
Train loss (one batch): 12081.064453125
Train CE loss (one batch): 0.0
Test MSE: 0.0234
Poisson likelihood: 0.0
CE loss: 0.0
Experiment 8723
Epoch 0034 [Test seq (cond on sampled tp)] | Loss 11542.363281 | Likelihood -11552.051758 | KL fp 4.6309 | FP STD 0.0203|
KL coef: 0.21432185919278124
Train loss (one batch): 11977.599609375
Train CE loss (one batch): 0.0
Test MSE: 0.0231
Poisson likelihood: 0.0
CE loss: 0.0
Experiment 8723
Epoch 0035 [Test seq (cond on sampled tp)] | Loss 11414.442383 | Likelihood -11420.460938 | KL fp 4.7676 | FP STD 0.0177|
KL coef: 0.22217864060085335
Train loss (one batch): 11876.5751953125
Train CE loss (one batch): 0.0
Test MSE: 0.0229
Poisson likelihood: 0.0
CE loss: 0.0
Experiment 8723
Epoch 0036 [Test seq (cond on sampled tp)] | Loss 11303.073242 | Likelihood -11309.790039 | KL fp 4.7978 | FP STD 0.0172|
KL coef: 0.2299568541948449
Train loss (one batch): 11871.8349609375
Train CE loss (one batch): 0.0
Test MSE: 0.0226
Poisson likelihood: 0.0
CE loss: 0.0
Experiment 8723
Epoch 0037 [Test seq (cond on sampled tp)] | Loss 11176.924805 | Likelihood -11194.850586 | KL fp 4.7749 | FP STD 0.0177|
KL coef: 0.23765728565289646
Train loss (one batch): 11729.9580078125
Train CE loss (one batch): 0.0
Test MSE: 0.0224
Poisson likelihood: 0.0
CE loss: 0.0
Experiment 8723
Epoch 0038 [Test seq (cond on sampled tp)] | Loss 11045.656250 | Likelihood -11069.492188 | KL fp 4.6282 | FP STD 0.0199|
KL coef: 0.24528071279636743
Train loss (one batch): 11596.68359375
Train CE loss (one batch): 0.0
Test MSE: 0.0222
Poisson likelihood: 0.0
CE loss: 0.0
Experiment 8723
Epoch 0039 [Test seq (cond on sampled tp)] | Loss 10907.500977 | Likelihood -10919.773438 | KL fp 4.8544 | FP STD 0.0162|
KL coef: 0.25282790566840385
Train loss (one batch): 11489.705078125
Train CE loss (one batch): 0.0
Test MSE: 0.0219
Poisson likelihood: 0.0
CE loss: 0.0
Experiment 8723
Epoch 0040 [Test seq (cond on sampled tp)] | Loss 10720.748047 | Likelihood -10730.109375 | KL fp 4.8147 | FP STD 0.0169|
KL coef: 0.2602996266117198
Train loss (one batch): 11345.2724609375
Train CE loss (one batch): 0.0
Test MSE: 0.0215
Poisson likelihood: 0.0
CE loss: 0.0
Experiment 8723
Epoch 0041 [Test seq (cond on sampled tp)] | Loss 10535.162109 | Likelihood -10543.635742 | KL fp 4.9303 | FP STD 0.0151|
KL coef: 0.26769663034560254
Train loss (one batch): 11161.4697265625
Train CE loss (one batch): 0.0
Test MSE: 0.0211
Poisson likelihood: 0.0
CE loss: 0.0
Experiment 8723
Epoch 0042 [Test seq (cond on sampled tp)] | Loss 10366.611328 | Likelihood -10377.737305 | KL fp 5.0314 | FP STD 0.0143|
KL coef: 0.2750196640421466
Train loss (one batch): 10968.455078125
Train CE loss (one batch): 0.0
Test MSE: 0.0208
Poisson likelihood: 0.0
CE loss: 0.0
Experiment 8723
Epoch 0043 [Test seq (cond on sampled tp)] | Loss 10224.864258 | Likelihood -10232.381836 | KL fp 5.0299 | FP STD 0.0137|
KL coef: 0.2822694674017251
Train loss (one batch): 10770.376953125
Train CE loss (one batch): 0.0
Test MSE: 0.0205
Poisson likelihood: 0.0
CE loss: 0.0
Experiment 8723
Epoch 0044 [Test seq (cond on sampled tp)] | Loss 10124.419922 | Likelihood -10135.733398 | KL fp 4.9037 | FP STD 0.0166|
KL coef: 0.2894467727277079
Train loss (one batch): 10564.3369140625
Train CE loss (one batch): 0.0
Test MSE: 0.0203
Poisson likelihood: 0.0
CE loss: 0.0
Experiment 8723
Epoch 0045 [Test seq (cond on sampled tp)] | Loss 10097.925781 | Likelihood -10100.194336 | KL fp 4.5840 | FP STD 0.0235|
KL coef: 0.29655230500043084
Train loss (one batch): 10525.34375
Train CE loss (one batch): 0.0
Test MSE: 0.0202
Poisson likelihood: 0.0
CE loss: 0.0
Experiment 8723
Epoch 0046 [Test seq (cond on sampled tp)] | Loss 10042.470703 | Likelihood -10052.812500 | KL fp 4.6797 | FP STD 0.0246|
KL coef: 0.30358678195042654
Train loss (one batch): 10347.2431640625
Train CE loss (one batch): 0.0
Test MSE: 0.0201
Poisson likelihood: 0.0
CE loss: 0.0
Experiment 8723
Epoch 0047 [Test seq (cond on sampled tp)] | Loss 9774.898438 | Likelihood -9805.542969 | KL fp 4.7548 | FP STD 0.0189|
KL coef: 0.3105509141309223
Train loss (one batch): 10164.9208984375
Train CE loss (one batch): 0.0
Test MSE: 0.0196
Poisson likelihood: 0.0
CE loss: 0.0
Experiment 8723
Epoch 0048 [Test seq (cond on sampled tp)] | Loss 9691.489258 | Likelihood -9696.833008 | KL fp 5.0049 | FP STD 0.0149|
KL coef: 0.31744540498961304
Train loss (one batch): 10049.7353515625
Train CE loss (one batch): 0.0
Test MSE: 0.0194
Poisson likelihood: 0.0
CE loss: 0.0
Experiment 8723
Epoch 0049 [Test seq (cond on sampled tp)] | Loss 9589.749023 | Likelihood -9597.250000 | KL fp 5.0403 | FP STD 0.0134|
KL coef: 0.3242709509397169
Train loss (one batch): 10020.3359375
Train CE loss (one batch): 0.0
Test MSE: 0.0192
Poisson likelihood: 0.0
CE loss: 0.0
Experiment 8723
Epoch 0050 [Test seq (cond on sampled tp)] | Loss 9553.186523 | Likelihood -9561.835938 | KL fp 4.8937 | FP STD 0.0158|
KL coef: 0.3310282414303197
Train loss (one batch): 9912.2978515625
Train CE loss (one batch): 0.0
Test MSE: 0.0191
Poisson likelihood: 0.0
CE loss: 0.0
Experiment 8723
Epoch 0051 [Test seq (cond on sampled tp)] | Loss 9467.035156 | Likelihood -9470.598633 | KL fp 5.0193 | FP STD 0.0138|
KL coef: 0.33771795901601653
Train loss (one batch): 9826.046875
Train CE loss (one batch): 0.0
Test MSE: 0.0190
Poisson likelihood: 0.0
CE loss: 0.0
Experiment 8723
Epoch 0052 [Test seq (cond on sampled tp)] | Loss 9418.923828 | Likelihood -9428.981445 | KL fp 4.9588 | FP STD 0.0147|
KL coef: 0.3443407794258564
Train loss (one batch): 9792.6962890625
Train CE loss (one batch): 0.0
Test MSE: 0.0189
Poisson likelihood: 0.0
CE loss: 0.0
Experiment 8723
Epoch 0053 [Test seq (cond on sampled tp)] | Loss 9374.448242 | Likelihood -9376.125000 | KL fp 5.1149 | FP STD 0.0130|
KL coef: 0.35089737163159784
Train loss (one batch): 9738.8271484375
Train CE loss (one batch): 0.0
Test MSE: 0.0188
Poisson likelihood: 0.0
CE loss: 0.0
Experiment 8723
Epoch 0054 [Test seq (cond on sampled tp)] | Loss 9345.685547 | Likelihood -9350.858398 | KL fp 4.9718 | FP STD 0.0150|
KL coef: 0.3573883979152819
Train loss (one batch): 9695.544921875
Train CE loss (one batch): 0.0
Test MSE: 0.0187
Poisson likelihood: 0.0
CE loss: 0.0
Experiment 8723
Epoch 0055 [Test seq (cond on sampled tp)] | Loss 9301.821289 | Likelihood -9303.827148 | KL fp 4.9751 | FP STD 0.0145|
KL coef: 0.36381451393612907
Train loss (one batch): 9678.8701171875
Train CE loss (one batch): 0.0
Test MSE: 0.0186
Poisson likelihood: 0.0
CE loss: 0.0
Experiment 8723
Epoch 0056 [Test seq (cond on sampled tp)] | Loss 9260.112305 | Likelihood -9281.211914 | KL fp 5.0516 | FP STD 0.0133|
KL coef: 0.37017636879676774
Train loss (one batch): 9616.521484375
Train CE loss (one batch): 0.0
Test MSE: 0.0186
Poisson likelihood: 0.0
CE loss: 0.0
Experiment 8723
Epoch 0057 [Test seq (cond on sampled tp)] | Loss 9217.750977 | Likelihood -9230.936523 | KL fp 4.9755 | FP STD 0.0144|
KL coef: 0.37647460510880004
Train loss (one batch): 9569.892578125
Train CE loss (one batch): 0.0
Test MSE: 0.0185
Poisson likelihood: 0.0
CE loss: 0.0
Experiment 8723
Epoch 0058 [Test seq (cond on sampled tp)] | Loss 9158.387695 | Likelihood -9174.120117 | KL fp 4.9106 | FP STD 0.0163|
KL coef: 0.38270985905771204
Train loss (one batch): 9492.498046875
Train CE loss (one batch): 0.0
Test MSE: 0.0184
Poisson likelihood: 0.0
CE loss: 0.0
Experiment 8723
Epoch 0059 [Test seq (cond on sampled tp)] | Loss 9094.305664 | Likelihood -9098.038086 | KL fp 5.0251 | FP STD 0.0141|
KL coef: 0.388882760467135
Train loss (one batch): 9455.55078125
Train CE loss (one batch): 0.0
Test MSE: 0.0182
Poisson likelihood: 0.0
CE loss: 0.0
Experiment 8723
Epoch 0060 [Test seq (cond on sampled tp)] | Loss 9047.541992 | Likelihood -9056.944336 | KL fp 5.0097 | FP STD 0.0136|
KL coef: 0.39499393286246365
Train loss (one batch): 9410.4638671875
Train CE loss (one batch): 0.0
Test MSE: 0.0181
Poisson likelihood: 0.0
CE loss: 0.0
Experiment 8723
Epoch 0061 [Test seq (cond on sampled tp)] | Loss 9023.717773 | Likelihood -9027.534180 | KL fp 5.0341 | FP STD 0.0134|
KL coef: 0.401043993533839
Train loss (one batch): 9364.505859375
Train CE loss (one batch): 0.0
Test MSE: 0.0181
Poisson likelihood: 0.0
CE loss: 0.0
Experiment 8723
Epoch 0062 [Test seq (cond on sampled tp)] | Loss 8949.602539 | Likelihood -8959.967773 | KL fp 5.0367 | FP STD 0.0140|
KL coef: 0.4070335535985006
Train loss (one batch): 9321.0439453125
Train CE loss (one batch): 0.0
Test MSE: 0.0179
Poisson likelihood: 0.0
CE loss: 0.0
Experiment 8723
Epoch 0063 [Test seq (cond on sampled tp)] | Loss 8922.578125 | Likelihood -8932.769531 | KL fp 5.0221 | FP STD 0.0142|
KL coef: 0.41296321806251557
Train loss (one batch): 9265.1689453125
Train CE loss (one batch): 0.0
Test MSE: 0.0179
Poisson likelihood: 0.0
CE loss: 0.0
Experiment 8723
Epoch 0064 [Test seq (cond on sampled tp)] | Loss 8881.317383 | Likelihood -8882.455078 | KL fp 5.0370 | FP STD 0.0132|
KL coef: 0.41883358588189046
Train loss (one batch): 9265.3232421875
Train CE loss (one batch): 0.0
Test MSE: 0.0178
Poisson likelihood: 0.0
CE loss: 0.0
Experiment 8723
Epoch 0065 [Test seq (cond on sampled tp)] | Loss 8818.771484 | Likelihood -8839.971680 | KL fp 5.0040 | FP STD 0.0141|
KL coef: 0.4246452500230715
Train loss (one batch): 9212.2646484375
Train CE loss (one batch): 0.0
Test MSE: 0.0177
Poisson likelihood: 0.0
CE loss: 0.0
Experiment 8723
Epoch 0066 [Test seq (cond on sampled tp)] | Loss 8826.872070 | Likelihood -8829.635742 | KL fp 4.9907 | FP STD 0.0139|
KL coef: 0.4303987975228408
Train loss (one batch): 9181.6962890625
Train CE loss (one batch): 0.0
Test MSE: 0.0177
Poisson likelihood: 0.0
CE loss: 0.0
Experiment 8723
Epoch 0067 [Test seq (cond on sampled tp)] | Loss 8755.826172 | Likelihood -8757.356445 | KL fp 5.0752 | FP STD 0.0130|
KL coef: 0.4360948095476125
Train loss (one batch): 9109.7216796875
Train CE loss (one batch): 0.0
Test MSE: 0.0175
Poisson likelihood: 0.0
CE loss: 0.0
Experiment 8723
Epoch 0068 [Test seq (cond on sampled tp)] | Loss 8724.565430 | Likelihood -8733.844727 | KL fp 5.1292 | FP STD 0.0127|
KL coef: 0.44173386145213633
Train loss (one batch): 9076.224609375
Train CE loss (one batch): 0.0
Test MSE: 0.0175
Poisson likelihood: 0.0
CE loss: 0.0
Experiment 8723
Epoch 0069 [Test seq (cond on sampled tp)] | Loss 8672.381836 | Likelihood -8672.071289 | KL fp 5.0438 | FP STD 0.0131|
KL coef: 0.4473165228376149
Train loss (one batch): 9047.0498046875
Train CE loss (one batch): 0.0
Test MSE: 0.0174
Poisson likelihood: 0.0
CE loss: 0.0
Experiment 8723
Epoch 0070 [Test seq (cond on sampled tp)] | Loss 8617.764648 | Likelihood -8625.723633 | KL fp 5.0687 | FP STD 0.0132|
KL coef: 0.4528433576092388
Train loss (one batch): 8983.5
Train CE loss (one batch): 0.0
Test MSE: 0.0173
Poisson likelihood: 0.0
CE loss: 0.0
Experiment 8723
Epoch 0071 [Test seq (cond on sampled tp)] | Loss 8608.441406 | Likelihood -8619.605469 | KL fp 5.1088 | FP STD 0.0130|
KL coef: 0.45831492403314644
Train loss (one batch): 8953.02734375
Train CE loss (one batch): 0.0
Test MSE: 0.0173
Poisson likelihood: 0.0
CE loss: 0.0
Experiment 8723
Epoch 0072 [Test seq (cond on sampled tp)] | Loss 8558.016602 | Likelihood -8573.538086 | KL fp 5.1005 | FP STD 0.0128|
KL coef: 0.463731774792815
Train loss (one batch): 8891.5244140625
Train CE loss (one batch): 0.0
Test MSE: 0.0172
Poisson likelihood: 0.0
CE loss: 0.0
Experiment 8723
Epoch 0073 [Test seq (cond on sampled tp)] | Loss 8532.070312 | Likelihood -8545.605469 | KL fp 4.8969 | FP STD 0.0155|
KL coef: 0.46909445704488684
Train loss (one batch): 8849.1630859375
Train CE loss (one batch): 0.0
Test MSE: 0.0171
Poisson likelihood: 0.0
CE loss: 0.0
Experiment 8723
Epoch 0074 [Test seq (cond on sampled tp)] | Loss 8444.816406 | Likelihood -8458.460938 | KL fp 5.0257 | FP STD 0.0131|
KL coef: 0.474403512474438
Train loss (one batch): 8812.3095703125
Train CE loss (one batch): 0.0
Test MSE: 0.0169
Poisson likelihood: 0.0
CE loss: 0.0
Experiment 8723
Epoch 0075 [Test seq (cond on sampled tp)] | Loss 8408.872070 | Likelihood -8413.538086 | KL fp 4.9696 | FP STD 0.0147|
KL coef: 0.4796594773496936
Train loss (one batch): 8803.677734375
Train CE loss (one batch): 0.0
Test MSE: 0.0168
Poisson likelihood: 0.0
CE loss: 0.0
Experiment 8723
Epoch 0076 [Test seq (cond on sampled tp)] | Loss 8364.171875 | Likelihood -8378.223633 | KL fp 4.9771 | FP STD 0.0142|
KL coef: 0.4848628825761967
Train loss (one batch): 8741.2001953125
Train CE loss (one batch): 0.0
Test MSE: 0.0168
Poisson likelihood: 0.0
CE loss: 0.0
Experiment 8723
Epoch 0077 [Test seq (cond on sampled tp)] | Loss 8358.233398 | Likelihood -8364.610352 | KL fp 5.0236 | FP STD 0.0132|
KL coef: 0.4900142537504347
Train loss (one batch): 8659.1142578125
Train CE loss (one batch): 0.0
Test MSE: 0.0167
Poisson likelihood: 0.0
CE loss: 0.0
Experiment 8723
Epoch 0078 [Test seq (cond on sampled tp)] | Loss 8312.272461 | Likelihood -8318.613281 | KL fp 4.9516 | FP STD 0.0145|
KL coef: 0.49511411121293036
Train loss (one batch): 8646.8505859375
Train CE loss (one batch): 0.0
Test MSE: 0.0166
Poisson likelihood: 0.0
CE loss: 0.0
Experiment 8723
Epoch 0079 [Test seq (cond on sampled tp)] | Loss 8260.987305 | Likelihood -8273.921875 | KL fp 4.9929 | FP STD 0.0133|
KL coef: 0.500162970100801
Train loss (one batch): 8588.8173828125
Train CE loss (one batch): 0.0
Test MSE: 0.0166
Poisson likelihood: 0.0
CE loss: 0.0
Experiment 8723
Epoch 0080 [Test seq (cond on sampled tp)] | Loss 8237.054688 | Likelihood -8249.665039 | KL fp 5.0212 | FP STD 0.0132|
KL coef: 0.505161340399793
Train loss (one batch): 8595.51953125
Train CE loss (one batch): 0.0
Test MSE: 0.0165
Poisson likelihood: 0.0
CE loss: 0.0
Experiment 8723
Epoch 0081 [Test seq (cond on sampled tp)] | Loss 8175.740723 | Likelihood -8175.716309 | KL fp 5.1734 | FP STD 0.0117|
KL coef: 0.510109726995795
Train loss (one batch): 8504.5908203125
Train CE loss (one batch): 0.0
Test MSE: 0.0164
Poisson likelihood: 0.0
CE loss: 0.0
Experiment 8723
Epoch 0082 [Test seq (cond on sampled tp)] | Loss 8137.701172 | Likelihood -8138.763184 | KL fp 5.0096 | FP STD 0.0131|
KL coef: 0.5150086297258372
Train loss (one batch): 8472.431640625
Train CE loss (one batch): 0.0
Test MSE: 0.0163
Poisson likelihood: 0.0
CE loss: 0.0
Experiment 8723
Epoch 0083 [Test seq (cond on sampled tp)] | Loss 8099.490723 | Likelihood -8107.123535 | KL fp 4.8472 | FP STD 0.0161|
KL coef: 0.5198585434285787
Train loss (one batch): 8428.3525390625
Train CE loss (one batch): 0.0
Test MSE: 0.0162
Poisson likelihood: 0.0
CE loss: 0.0
Experiment 8723
Epoch 0084 [Test seq (cond on sampled tp)] | Loss 8067.738770 | Likelihood -8066.226562 | KL fp 5.0335 | FP STD 0.0130|
KL coef: 0.524659957994293
Train loss (one batch): 8407.9150390625
Train CE loss (one batch): 0.0
Test MSE: 0.0161
Poisson likelihood: 0.0
CE loss: 0.0
Experiment 8723
Epoch 0085 [Test seq (cond on sampled tp)] | Loss 8035.469238 | Likelihood -8038.316406 | KL fp 5.0993 | FP STD 0.0127|
KL coef: 0.5294133584143501
Train loss (one batch): 8329.3388671875
Train CE loss (one batch): 0.0
Test MSE: 0.0161
Poisson likelihood: 0.0
CE loss: 0.0
Experiment 8723
Epoch 0086 [Test seq (cond on sampled tp)] | Loss 8007.445312 | Likelihood -8010.768066 | KL fp 5.0944 | FP STD 0.0124|
KL coef: 0.5341192248302067
Train loss (one batch): 8265.552734375
Train CE loss (one batch): 0.0
Test MSE: 0.0160
Poisson likelihood: 0.0
CE loss: 0.0
Experiment 8723
Epoch 0087 [Test seq (cond on sampled tp)] | Loss 7968.820801 | Likelihood -7972.174316 | KL fp 5.1397 | FP STD 0.0120|
KL coef: 0.5387780325819045
Train loss (one batch): 8232.0234375
Train CE loss (one batch): 0.0
Test MSE: 0.0160
Poisson likelihood: 0.0
CE loss: 0.0
Experiment 8723
Epoch 0088 [Test seq (cond on sampled tp)] | Loss 7916.661133 | Likelihood -7923.386719 | KL fp 5.1077 | FP STD 0.0121|
KL coef: 0.5433902522560855
Train loss (one batch): 8192.19140625
Train CE loss (one batch): 0.0
Test MSE: 0.0159
Poisson likelihood: 0.0
CE loss: 0.0
Experiment 8723
Epoch 0089 [Test seq (cond on sampled tp)] | Loss 7893.473633 | Likelihood -7897.980469 | KL fp 5.0562 | FP STD 0.0131|
KL coef: 0.5479563497335247
Train loss (one batch): 8150.20361328125
Train CE loss (one batch): 0.0
Test MSE: 0.0158
Poisson likelihood: 0.0
CE loss: 0.0
Experiment 8723
Epoch 0090 [Test seq (cond on sampled tp)] | Loss 7838.201660 | Likelihood -7843.964355 | KL fp 5.2035 | FP STD 0.0117|
KL coef: 0.5524767862361895
Train loss (one batch): 8111.58154296875
Train CE loss (one batch): 0.0
Test MSE: 0.0157
Poisson likelihood: 0.0
CE loss: 0.0
Experiment 8723
Epoch 0091 [Test seq (cond on sampled tp)] | Loss 7793.815430 | Likelihood -7805.363770 | KL fp 5.1151 | FP STD 0.0122|
KL coef: 0.5569520183738275
Train loss (one batch): 8081.92724609375
Train CE loss (one batch): 0.0
Test MSE: 0.0156
Poisson likelihood: 0.0
CE loss: 0.0
Experiment 8723
Epoch 0092 [Test seq (cond on sampled tp)] | Loss 7777.171387 | Likelihood -7782.453125 | KL fp 5.1533 | FP STD 0.0121|
KL coef: 0.5613824981900892
Train loss (one batch): 8022.703125
Train CE loss (one batch): 0.0
Test MSE: 0.0156
Poisson likelihood: 0.0
CE loss: 0.0
Experiment 8723
Epoch 0093 [Test seq (cond on sampled tp)] | Loss 7745.056152 | Likelihood -7750.683105 | KL fp 5.1746 | FP STD 0.0118|
KL coef: 0.5657686732081884
Train loss (one batch): 7980.37451171875
Train CE loss (one batch): 0.0
Test MSE: 0.0155
Poisson likelihood: 0.0
CE loss: 0.0
Experiment 8723
Epoch 0094 [Test seq (cond on sampled tp)] | Loss 7710.159180 | Likelihood -7711.883301 | KL fp 5.0990 | FP STD 0.0128|
KL coef: 0.5701109864761065
Train loss (one batch): 7924.6923828125
Train CE loss (one batch): 0.0
Test MSE: 0.0154
Poisson likelihood: 0.0
CE loss: 0.0
Experiment 8723
Epoch 0095 [Test seq (cond on sampled tp)] | Loss 7692.739746 | Likelihood -7700.861328 | KL fp 5.0617 | FP STD 0.0135|
KL coef: 0.5744098766113455
Train loss (one batch): 7928.537109375
Train CE loss (one batch): 0.0
Test MSE: 0.0154
Poisson likelihood: 0.0
CE loss: 0.0
Experiment 8723
Epoch 0096 [Test seq (cond on sampled tp)] | Loss 7668.562988 | Likelihood -7675.074219 | KL fp 5.0551 | FP STD 0.0150|
KL coef: 0.578665777845232
Train loss (one batch): 7909.57373046875
Train CE loss (one batch): 0.0
Test MSE: 0.0154
Poisson likelihood: 0.0
CE loss: 0.0
Experiment 8723
Epoch 0097 [Test seq (cond on sampled tp)] | Loss 7609.751953 | Likelihood -7611.613281 | KL fp 4.9883 | FP STD 0.0146|
KL coef: 0.5828791200667797
Train loss (one batch): 7836.8505859375
Train CE loss (one batch): 0.0
Test MSE: 0.0152
Poisson likelihood: 0.0
CE loss: 0.0
Experiment 8723
Epoch 0098 [Test seq (cond on sampled tp)] | Loss 7581.305176 | Likelihood -7583.910156 | KL fp 5.1432 | FP STD 0.0123|
KL coef: 0.5870503288661119
Train loss (one batch): 7806.671875
Train CE loss (one batch): 0.0
Test MSE: 0.0152
Poisson likelihood: 0.0
CE loss: 0.0
Experiment 8723
Epoch 0099 [Test seq (cond on sampled tp)] | Loss 7524.460449 | Likelihood -7535.370605 | KL fp 5.1421 | FP STD 0.0117|
KL coef: 0.5911798255774507
Train loss (one batch): 7743.3095703125
Train CE loss (one batch): 0.0
Test MSE: 0.0151
Poisson likelihood: 0.0
CE loss: 0.0
Experiment 8723
Epoch 0100 [Test seq (cond on sampled tp)] | Loss 7492.603516 | Likelihood -7496.044922 | KL fp 5.1607 | FP STD 0.0118|
KL coef: 0.5952680273216762
Train loss (one batch): 7717.42138671875
Train CE loss (one batch): 0.0
Test MSE: 0.0150
Poisson likelihood: 0.0
CE loss: 0.0
Experiment 8723
Epoch 0101 [Test seq (cond on sampled tp)] | Loss 7472.380371 | Likelihood -7480.876465 | KL fp 5.1334 | FP STD 0.0125|
KL coef: 0.5993153470484595
Train loss (one batch): 7695.52294921875
Train CE loss (one batch): 0.0
Test MSE: 0.0150
Poisson likelihood: 0.0
CE loss: 0.0
Experiment 8723
Epoch 0102 [Test seq (cond on sampled tp)] | Loss 7463.570312 | Likelihood -7465.294434 | KL fp 5.1546 | FP STD 0.0126|
KL coef: 0.6033221935779749
Train loss (one batch): 7677.802734375
Train CE loss (one batch): 0.0
Test MSE: 0.0149
Poisson likelihood: 0.0
CE loss: 0.0
Experiment 8723
Epoch 0103 [Test seq (cond on sampled tp)] | Loss 7407.398438 | Likelihood -7410.275391 | KL fp 5.2061 | FP STD 0.0111|
KL coef: 0.6072889716421952
Train loss (one batch): 7626.244140625
Train CE loss (one batch): 0.0
Test MSE: 0.0148
Poisson likelihood: 0.0
CE loss: 0.0
Experiment 8723
Epoch 0104 [Test seq (cond on sampled tp)] | Loss 7381.322754 | Likelihood -7381.015137 | KL fp 5.3008 | FP STD 0.0106|
KL coef: 0.6112160819257733
Train loss (one batch): 7607.1572265625
Train CE loss (one batch): 0.0
Test MSE: 0.0148
Poisson likelihood: 0.0
CE loss: 0.0
Experiment 8723
Epoch 0105 [Test seq (cond on sampled tp)] | Loss 7358.478027 | Likelihood -7358.571777 | KL fp 5.0921 | FP STD 0.0126|
KL coef: 0.6151039211065155
Train loss (one batch): 7560.13671875
Train CE loss (one batch): 0.0
Test MSE: 0.0147
Poisson likelihood: 0.0
CE loss: 0.0
Experiment 8723
Epoch 0106 [Test seq (cond on sampled tp)] | Loss 7365.939941 | Likelihood -7367.943848 | KL fp 5.0843 | FP STD 0.0138|
KL coef: 0.6189528818954504
Train loss (one batch): 7582.19921875
Train CE loss (one batch): 0.0
Test MSE: 0.0147
Poisson likelihood: 0.0
CE loss: 0.0
Experiment 8723
Epoch 0107 [Test seq (cond on sampled tp)] | Loss 7313.802734 | Likelihood -7312.177734 | KL fp 5.0999 | FP STD 0.0127|
KL coef: 0.6227633530764958
Train loss (one batch): 7543.875
Train CE loss (one batch): 0.0
Test MSE: 0.0146
Poisson likelihood: 0.0
CE loss: 0.0
Experiment 8723
Epoch 0108 [Test seq (cond on sampled tp)] | Loss 7280.200684 | Likelihood -7279.200684 | KL fp 5.1028 | FP STD 0.0128|
KL coef: 0.6265357195457308
Train loss (one batch): 7505.83935546875
Train CE loss (one batch): 0.0
Test MSE: 0.0146
Poisson likelihood: 0.0
CE loss: 0.0
Experiment 8723
Epoch 0109 [Test seq (cond on sampled tp)] | Loss 7242.558105 | Likelihood -7247.122559 | KL fp 5.1218 | FP STD 0.0119|
KL coef: 0.6302703623502736
Train loss (one batch): 7463.89501953125
Train CE loss (one batch): 0.0
Test MSE: 0.0145
Poisson likelihood: 0.0
CE loss: 0.0
Experiment 8723
Epoch 0110 [Test seq (cond on sampled tp)] | Loss 7218.164062 | Likelihood -7225.835938 | KL fp 5.2174 | FP STD 0.0111|
KL coef: 0.6339676587267709
Train loss (one batch): 7479.11083984375
Train CE loss (one batch): 0.0
Test MSE: 0.0145
Poisson likelihood: 0.0
CE loss: 0.0
Experiment 8723
Epoch 0111 [Test seq (cond on sampled tp)] | Loss 7215.916016 | Likelihood -7216.599609 | KL fp 5.3046 | FP STD 0.0100|
KL coef: 0.6376279821395031
Train loss (one batch): 7445.30224609375
Train CE loss (one batch): 0.0
Test MSE: 0.0144
Poisson likelihood: 0.0
CE loss: 0.0
Experiment 8723
Epoch 0112 [Test seq (cond on sampled tp)] | Loss 7186.410156 | Likelihood -7189.027344 | KL fp 5.2319 | FP STD 0.0104|
KL coef: 0.6412517023181081
Train loss (one batch): 7429.6494140625
Train CE loss (one batch): 0.0
Test MSE: 0.0144
Poisson likelihood: 0.0
CE loss: 0.0
Experiment 8723
Epoch 0113 [Test seq (cond on sampled tp)] | Loss 7161.615723 | Likelihood -7161.466309 | KL fp 5.3356 | FP STD 0.0096|
KL coef: 0.644839185294927
Train loss (one batch): 7404.96142578125
Train CE loss (one batch): 0.0
Test MSE: 0.0143
Poisson likelihood: 0.0
CE loss: 0.0
Experiment 8723
Epoch 0114 [Test seq (cond on sampled tp)] | Loss 7141.725586 | Likelihood -7141.421875 | KL fp 5.3592 | FP STD 0.0093|
KL coef: 0.6483907934419777
Train loss (one batch): 7393.99658203125
Train CE loss (one batch): 0.0
Test MSE: 0.0143
Poisson likelihood: 0.0
CE loss: 0.0
Experiment 8723
Epoch 0115 [Test seq (cond on sampled tp)] | Loss 7114.979980 | Likelihood -7115.216309 | KL fp 5.3984 | FP STD 0.0091|
KL coef: 0.651906885507558
Train loss (one batch): 7374.04541015625
Train CE loss (one batch): 0.0
Test MSE: 0.0142
Poisson likelihood: 0.0
CE loss: 0.0
Experiment 8723
Epoch 0116 [Test seq (cond on sampled tp)] | Loss 7099.336426 | Likelihood -7100.697266 | KL fp 5.3623 | FP STD 0.0098|
KL coef: 0.6553878166524825
Train loss (one batch): 7365.46728515625
Train CE loss (one batch): 0.0
Test MSE: 0.0142
Poisson likelihood: 0.0
CE loss: 0.0
Experiment 8723
Epoch 0117 [Test seq (cond on sampled tp)] | Loss 7083.613770 | Likelihood -7082.660156 | KL fp 5.4442 | FP STD 0.0089|
KL coef: 0.6588339384859576
Train loss (one batch): 7314.259765625
Train CE loss (one batch): 0.0
Test MSE: 0.0142
Poisson likelihood: 0.0
CE loss: 0.0
Experiment 8723
Epoch 0118 [Test seq (cond on sampled tp)] | Loss 7066.751953 | Likelihood -7066.494629 | KL fp 5.3049 | FP STD 0.0097|
KL coef: 0.662245599101098
Train loss (one batch): 7317.77685546875
Train CE loss (one batch): 0.0
Test MSE: 0.0141
Poisson likelihood: 0.0
CE loss: 0.0
Experiment 8723
Epoch 0119 [Test seq (cond on sampled tp)] | Loss 7043.607422 | Likelihood -7042.750488 | KL fp 5.3343 | FP STD 0.0094|
KL coef: 0.665623143110087
Train loss (one batch): 7300.0283203125
Train CE loss (one batch): 0.0
Test MSE: 0.0141
Poisson likelihood: 0.0
CE loss: 0.0
Experiment 8723
Epoch 0120 [Test seq (cond on sampled tp)] | Loss 7029.750488 | Likelihood -7030.899902 | KL fp 5.3586 | FP STD 0.0094|
KL coef: 0.6689669116789861
Train loss (one batch): 7287.74267578125
Train CE loss (one batch): 0.0
Test MSE: 0.0141
Poisson likelihood: 0.0
CE loss: 0.0
Experiment 8723
Epoch 0121 [Test seq (cond on sampled tp)] | Loss 7002.888672 | Likelihood -7005.039551 | KL fp 5.3763 | FP STD 0.0092|
KL coef: 0.6722772425621963
Train loss (one batch): 7260.78173828125
Train CE loss (one batch): 0.0
Test MSE: 0.0140
Poisson likelihood: 0.0
CE loss: 0.0
Experiment 8723
Epoch 0122 [Test seq (cond on sampled tp)] | Loss 6995.246582 | Likelihood -6994.813965 | KL fp 5.4432 | FP STD 0.0088|
KL coef: 0.6755544701365743
Train loss (one batch): 7258.57666015625
Train CE loss (one batch): 0.0
Test MSE: 0.0140
Poisson likelihood: 0.0
CE loss: 0.0
Experiment 8723
Epoch 0123 [Test seq (cond on sampled tp)] | Loss 6971.149414 | Likelihood -6973.025879 | KL fp 5.3876 | FP STD 0.0092|
KL coef: 0.6787989254352086
Train loss (one batch): 7222.82958984375
Train CE loss (one batch): 0.0
Test MSE: 0.0140
Poisson likelihood: 0.0
CE loss: 0.0
Experiment 8723
Epoch 0124 [Test seq (cond on sampled tp)] | Loss 6957.533691 | Likelihood -6960.942871 | KL fp 5.4263 | FP STD 0.0091|
KL coef: 0.6820109361808565
Train loss (one batch): 7207.3818359375
Train CE loss (one batch): 0.0
Test MSE: 0.0139
Poisson likelihood: 0.0
CE loss: 0.0
Experiment 8723
Epoch 0125 [Test seq (cond on sampled tp)] | Loss 6929.082520 | Likelihood -6935.882324 | KL fp 5.3013 | FP STD 0.0097|
KL coef: 0.685190826819048
Train loss (one batch): 7193.63525390625
Train CE loss (one batch): 0.0
Test MSE: 0.0139
Poisson likelihood: 0.0
CE loss: 0.0
Experiment 8723
Epoch 0126 [Test seq (cond on sampled tp)] | Loss 6923.063965 | Likelihood -6922.600098 | KL fp 5.2796 | FP STD 0.0098|
KL coef: 0.6883389185508575
Train loss (one batch): 7167.10009765625
Train CE loss (one batch): 0.0
Test MSE: 0.0139
Poisson likelihood: 0.0
CE loss: 0.0
Experiment 8723
Epoch 0127 [Test seq (cond on sampled tp)] | Loss 6892.330566 | Likelihood -6894.576172 | KL fp 5.3978 | FP STD 0.0093|
KL coef: 0.6914555293653489
Train loss (one batch): 7176.42529296875
Train CE loss (one batch): 0.0
Test MSE: 0.0138
Poisson likelihood: 0.0
CE loss: 0.0
Experiment 8723
Epoch 0128 [Test seq (cond on sampled tp)] | Loss 6871.742188 | Likelihood -6871.683105 | KL fp 5.4242 | FP STD 0.0090|
KL coef: 0.6945409740716955
Train loss (one batch): 7135.85546875
Train CE loss (one batch): 0.0
Test MSE: 0.0138
Poisson likelihood: 0.0
CE loss: 0.0
Experiment 8723
Epoch 0129 [Test seq (cond on sampled tp)] | Loss 6848.312500 | Likelihood -6848.979980 | KL fp 5.4363 | FP STD 0.0088|
KL coef: 0.6975955643309785
Train loss (one batch): 7115.98681640625
Train CE loss (one batch): 0.0
Test MSE: 0.0137
Poisson likelihood: 0.0
CE loss: 0.0
Experiment 8723
Epoch 0130 [Test seq (cond on sampled tp)] | Loss 6840.700195 | Likelihood -6841.977051 | KL fp 5.3723 | FP STD 0.0090|
KL coef: 0.7006196086876687
Train loss (one batch): 7101.7763671875
Train CE loss (one batch): 0.0
Test MSE: 0.0137
Poisson likelihood: 0.0
CE loss: 0.0
Experiment 8723
Epoch 0131 [Test seq (cond on sampled tp)] | Loss 6813.265137 | Likelihood -6816.677734 | KL fp 5.4676 | FP STD 0.0084|
KL coef: 0.703613412600792
Train loss (one batch): 7087.4599609375
Train CE loss (one batch): 0.0
Test MSE: 0.0136
Poisson likelihood: 0.0
CE loss: 0.0
Experiment 8723
Epoch 0132 [Test seq (cond on sampled tp)] | Loss 6795.200684 | Likelihood -6792.843750 | KL fp 5.3873 | FP STD 0.0089|
KL coef: 0.7065772784747841
Train loss (one batch): 7082.90478515625
Train CE loss (one batch): 0.0
Test MSE: 0.0136
Poisson likelihood: 0.0
CE loss: 0.0
Experiment 8723
Epoch 0133 [Test seq (cond on sampled tp)] | Loss 6776.647949 | Likelihood -6774.167969 | KL fp 5.3977 | FP STD 0.0091|
KL coef: 0.7095115056900363
Train loss (one batch): 7064.21240234375
Train CE loss (one batch): 0.0
Test MSE: 0.0136
Poisson likelihood: 0.0
CE loss: 0.0
Experiment 8723
Epoch 0134 [Test seq (cond on sampled tp)] | Loss 6754.678711 | Likelihood -6752.519043 | KL fp 5.4140 | FP STD 0.0090|
KL coef: 0.7124163906331359
Train loss (one batch): 7028.73876953125
Train CE loss (one batch): 0.0
Test MSE: 0.0135
Poisson likelihood: 0.0
CE loss: 0.0
Experiment 8723
Epoch 0135 [Test seq (cond on sampled tp)] | Loss 6731.952148 | Likelihood -6735.175293 | KL fp 5.4224 | FP STD 0.0091|
KL coef: 0.7152922267268045
Train loss (one batch): 7018.5205078125
Train CE loss (one batch): 0.0
Test MSE: 0.0135
Poisson likelihood: 0.0
CE loss: 0.0
Experiment 8723
Epoch 0136 [Test seq (cond on sampled tp)] | Loss 6716.560059 | Likelihood -6715.312012 | KL fp 5.3202 | FP STD 0.0102|
KL coef: 0.7181393044595366
Train loss (one batch): 7008.53955078125
Train CE loss (one batch): 0.0
Test MSE: 0.0134
Poisson likelihood: 0.0
CE loss: 0.0
Experiment 8723
Epoch 0137 [Test seq (cond on sampled tp)] | Loss 6696.829102 | Likelihood -6694.171875 | KL fp 5.3867 | FP STD 0.0093|
KL coef: 0.7209579114149411
Train loss (one batch): 6993.154296875
Train CE loss (one batch): 0.0
Test MSE: 0.0134
Poisson likelihood: 0.0
CE loss: 0.0
Experiment 8723
Epoch 0138 [Test seq (cond on sampled tp)] | Loss 6677.174316 | Likelihood -6676.192871 | KL fp 5.3817 | FP STD 0.0093|
KL coef: 0.7237483323007917
Train loss (one batch): 6964.49365234375
Train CE loss (one batch): 0.0
Test MSE: 0.0134
Poisson likelihood: 0.0
CE loss: 0.0
Experiment 8723
Epoch 0139 [Test seq (cond on sampled tp)] | Loss 6656.901367 | Likelihood -6657.293457 | KL fp 5.4759 | FP STD 0.0085|
KL coef: 0.7265108489777838
Train loss (one batch): 6951.66162109375
Train CE loss (one batch): 0.0
Test MSE: 0.0133
Poisson likelihood: 0.0
CE loss: 0.0
Experiment 8723
Epoch 0140 [Test seq (cond on sampled tp)] | Loss 6639.191895 | Likelihood -6637.183105 | KL fp 5.3853 | FP STD 0.0090|
KL coef: 0.729245740488006
Train loss (one batch): 6940.896484375
Train CE loss (one batch): 0.0
Test MSE: 0.0133
Poisson likelihood: 0.0
CE loss: 0.0
Experiment 8723
Epoch 0141 [Test seq (cond on sampled tp)] | Loss 6613.538574 | Likelihood -6617.056641 | KL fp 5.3497 | FP STD 0.0094|
KL coef: 0.7319532830831259
Train loss (one batch): 6926.88427734375
Train CE loss (one batch): 0.0
Test MSE: 0.0132
Poisson likelihood: 0.0
CE loss: 0.0
Experiment 8723
Epoch 0142 [Test seq (cond on sampled tp)] | Loss 6592.437500 | Likelihood -6589.853027 | KL fp 5.4618 | FP STD 0.0086|
KL coef: 0.7346337502522946
Train loss (one batch): 6895.09423828125
Train CE loss (one batch): 0.0
Test MSE: 0.0132
Poisson likelihood: 0.0
CE loss: 0.0
Experiment 8723
Epoch 0143 [Test seq (cond on sampled tp)] | Loss 6577.040039 | Likelihood -6580.920410 | KL fp 5.3639 | FP STD 0.0093|
KL coef: 0.7372874127497717
Train loss (one batch): 6885.23583984375
Train CE loss (one batch): 0.0
Test MSE: 0.0132
Poisson likelihood: 0.0
CE loss: 0.0
Experiment 8723
Epoch 0144 [Test seq (cond on sampled tp)] | Loss 6558.203125 | Likelihood -6556.515137 | KL fp 5.3746 | FP STD 0.0093|
KL coef: 0.739914538622274
Train loss (one batch): 6863.4951171875
Train CE loss (one batch): 0.0
Test MSE: 0.0131
Poisson likelihood: 0.0
CE loss: 0.0
Experiment 8723
Epoch 0145 [Test seq (cond on sampled tp)] | Loss 6529.117188 | Likelihood -6529.954590 | KL fp 5.4422 | FP STD 0.0086|
KL coef: 0.7425153932360513
Train loss (one batch): 6834.03564453125
Train CE loss (one batch): 0.0
Test MSE: 0.0131
Poisson likelihood: 0.0
CE loss: 0.0
Experiment 8723
Epoch 0146 [Test seq (cond on sampled tp)] | Loss 6518.444336 | Likelihood -6520.012207 | KL fp 5.3904 | FP STD 0.0093|
KL coef: 0.7450902393036907
Train loss (one batch): 6811.2001953125
Train CE loss (one batch): 0.0
Test MSE: 0.0131
Poisson likelihood: 0.0
CE loss: 0.0
Experiment 8723
Epoch 0147 [Test seq (cond on sampled tp)] | Loss 6489.068359 | Likelihood -6491.235840 | KL fp 5.3196 | FP STD 0.0096|
KL coef: 0.7476393369106538
Train loss (one batch): 6799.9384765625
Train CE loss (one batch): 0.0
Test MSE: 0.0130
Poisson likelihood: 0.0
CE loss: 0.0
Experiment 8723
Epoch 0148 [Test seq (cond on sampled tp)] | Loss 6467.616211 | Likelihood -6466.069824 | KL fp 5.4116 | FP STD 0.0091|
KL coef: 0.7501629435415473
Train loss (one batch): 6787.43798828125
Train CE loss (one batch): 0.0
Test MSE: 0.0129
Poisson likelihood: 0.0
CE loss: 0.0
Experiment 8723
Epoch 0149 [Test seq (cond on sampled tp)] | Loss 6445.331543 | Likelihood -6444.283203 | KL fp 5.3617 | FP STD 0.0091|
KL coef: 0.7526613141061318
Train loss (one batch): 6760.1142578125
Train CE loss (one batch): 0.0
Test MSE: 0.0129
Poisson likelihood: 0.0
CE loss: 0.0
Experiment 8723
Epoch 0150 [Test seq (cond on sampled tp)] | Loss 6415.979980 | Likelihood -6416.981934 | KL fp 5.4087 | FP STD 0.0090|
KL coef: 0.7551347009650705
Train loss (one batch): 6749.9677734375
Train CE loss (one batch): 0.0
Test MSE: 0.0128
Poisson likelihood: 0.0
CE loss: 0.0
Experiment 8723
Epoch 0151 [Test seq (cond on sampled tp)] | Loss 6400.910156 | Likelihood -6402.357910 | KL fp 5.3143 | FP STD 0.0096|
KL coef: 0.7575833539554198
Train loss (one batch): 6703.5615234375
Train CE loss (one batch): 0.0
Test MSE: 0.0128
Poisson likelihood: 0.0
CE loss: 0.0
Experiment 8723
Epoch 0152 [Test seq (cond on sampled tp)] | Loss 6368.320312 | Likelihood -6373.100098 | KL fp 5.3350 | FP STD 0.0095|
KL coef: 0.7600075204158656
Train loss (one batch): 6682.3037109375
Train CE loss (one batch): 0.0
Test MSE: 0.0128
Poisson likelihood: 0.0
CE loss: 0.0
Experiment 8723
Epoch 0153 [Test seq (cond on sampled tp)] | Loss 6345.622559 | Likelihood -6345.816895 | KL fp 5.3656 | FP STD 0.0093|
KL coef: 0.762407445211707
Train loss (one batch): 6684.68115234375
Train CE loss (one batch): 0.0
Test MSE: 0.0127
Poisson likelihood: 0.0
CE loss: 0.0
Experiment 8723
Epoch 0154 [Test seq (cond on sampled tp)] | Loss 6324.725586 | Likelihood -6323.705566 | KL fp 5.4011 | FP STD 0.0089|
KL coef: 0.7647833707595899
Train loss (one batch): 6643.4638671875
Train CE loss (one batch): 0.0
Test MSE: 0.0127
Poisson likelihood: 0.0
CE loss: 0.0
Experiment 8723
Epoch 0155 [Test seq (cond on sampled tp)] | Loss 6292.077637 | Likelihood -6296.799316 | KL fp 5.3511 | FP STD 0.0093|
KL coef: 0.767135537051994
Train loss (one batch): 6619.93310546875
Train CE loss (one batch): 0.0
Test MSE: 0.0126
Poisson likelihood: 0.0
CE loss: 0.0
Experiment 8723
Epoch 0156 [Test seq (cond on sampled tp)] | Loss 6271.478027 | Likelihood -6270.822754 | KL fp 5.3684 | FP STD 0.0091|
KL coef: 0.769464181681474
Train loss (one batch): 6600.59326171875
Train CE loss (one batch): 0.0
Test MSE: 0.0126
Poisson likelihood: 0.0
CE loss: 0.0
Experiment 8723
Epoch 0157 [Test seq (cond on sampled tp)] | Loss 6238.810059 | Likelihood -6241.329590 | KL fp 5.3754 | FP STD 0.0091|
KL coef: 0.7717695398646593
Train loss (one batch): 6565.24853515625
Train CE loss (one batch): 0.0
Test MSE: 0.0125
Poisson likelihood: 0.0
CE loss: 0.0
Experiment 8723
Epoch 0158 [Test seq (cond on sampled tp)] | Loss 6235.154297 | Likelihood -6233.895996 | KL fp 5.2772 | FP STD 0.0100|
KL coef: 0.7740518444660127
Train loss (one batch): 6545.498046875
Train CE loss (one batch): 0.0
Test MSE: 0.0125
Poisson likelihood: 0.0
CE loss: 0.0
Experiment 8723
Epoch 0159 [Test seq (cond on sampled tp)] | Loss 6199.830078 | Likelihood -6200.892090 | KL fp 5.3469 | FP STD 0.0093|
KL coef: 0.7763113260213526
Train loss (one batch): 6507.61083984375
Train CE loss (one batch): 0.0
Test MSE: 0.0124
Poisson likelihood: 0.0
CE loss: 0.0
Experiment 8723
Epoch 0160 [Test seq (cond on sampled tp)] | Loss 6165.443359 | Likelihood -6166.560059 | KL fp 5.3530 | FP STD 0.0091|
KL coef: 0.7785482127611391
Train loss (one batch): 6489.76220703125
Train CE loss (one batch): 0.0
Test MSE: 0.0123
Poisson likelihood: 0.0
CE loss: 0.0
Experiment 8723
Epoch 0161 [Test seq (cond on sampled tp)] | Loss 6138.475098 | Likelihood -6141.099121 | KL fp 5.3325 | FP STD 0.0095|
KL coef: 0.7807627306335276
Train loss (one batch): 6435.51904296875
Train CE loss (one batch): 0.0
Test MSE: 0.0123
Poisson likelihood: 0.0
CE loss: 0.0
Experiment 8723
Epoch 0162 [Test seq (cond on sampled tp)] | Loss 6117.880859 | Likelihood -6116.475098 | KL fp 5.3528 | FP STD 0.0093|
KL coef: 0.7829551033271924
Train loss (one batch): 6428.7587890625
Train CE loss (one batch): 0.0
Test MSE: 0.0122
Poisson likelihood: 0.0
CE loss: 0.0
Experiment 8723
Epoch 0163 [Test seq (cond on sampled tp)] | Loss 6094.514648 | Likelihood -6099.651855 | KL fp 5.2964 | FP STD 0.0099|
KL coef: 0.7851255522939204
Train loss (one batch): 6407.1669921875
Train CE loss (one batch): 0.0
Test MSE: 0.0122
Poisson likelihood: 0.0
CE loss: 0.0
Experiment 8723
Epoch 0164 [Test seq (cond on sampled tp)] | Loss 6060.179199 | Likelihood -6061.561035 | KL fp 5.2881 | FP STD 0.0099|
KL coef: 0.7872742967709813
Train loss (one batch): 6342.9189453125
Train CE loss (one batch): 0.0
Test MSE: 0.0121
Poisson likelihood: 0.0
CE loss: 0.0
Experiment 8723
Epoch 0165 [Test seq (cond on sampled tp)] | Loss 6036.354004 | Likelihood -6039.135254 | KL fp 5.2016 | FP STD 0.0105|
KL coef: 0.7894015538032715
Train loss (one batch): 6313.02734375
Train CE loss (one batch): 0.0
Test MSE: 0.0121
Poisson likelihood: 0.0
CE loss: 0.0
Experiment 8723
Epoch 0166 [Test seq (cond on sampled tp)] | Loss 6009.058105 | Likelihood -6006.675781 | KL fp 5.2966 | FP STD 0.0097|
KL coef: 0.7915075382652388
Train loss (one batch): 6304.576171875
Train CE loss (one batch): 0.0
Test MSE: 0.0120
Poisson likelihood: 0.0
CE loss: 0.0
Experiment 8723
Epoch 0167 [Test seq (cond on sampled tp)] | Loss 5972.419434 | Likelihood -5974.464844 | KL fp 5.3026 | FP STD 0.0095|
KL coef: 0.7935924628825863
Train loss (one batch): 6253.13232421875
Train CE loss (one batch): 0.0
Test MSE: 0.0120
Poisson likelihood: 0.0
CE loss: 0.0
Experiment 8723
Epoch 0168 [Test seq (cond on sampled tp)] | Loss 5959.122559 | Likelihood -5961.547363 | KL fp 5.2944 | FP STD 0.0099|
KL coef: 0.7956565382537605
Train loss (one batch): 6225.09375
Train CE loss (one batch): 0.0
Test MSE: 0.0119
Poisson likelihood: 0.0
CE loss: 0.0
Experiment 8723
Epoch 0169 [Test seq (cond on sampled tp)] | Loss 5920.313477 | Likelihood -5921.556641 | KL fp 5.3071 | FP STD 0.0095|
KL coef: 0.7976999728712229
Train loss (one batch): 6184.0068359375
Train CE loss (one batch): 0.0
Test MSE: 0.0119
Poisson likelihood: 0.0
CE loss: 0.0
Experiment 8723
Epoch 0170 [Test seq (cond on sampled tp)] | Loss 5894.379883 | Likelihood -5893.093750 | KL fp 5.2419 | FP STD 0.0101|
KL coef: 0.7997229731425107
Train loss (one batch): 6156.0771484375
Train CE loss (one batch): 0.0
Test MSE: 0.0118
Poisson likelihood: 0.0
CE loss: 0.0
Experiment 8723
Epoch 0171 [Test seq (cond on sampled tp)] | Loss 5878.085938 | Likelihood -5875.083984 | KL fp 5.2329 | FP STD 0.0104|
KL coef: 0.8017257434110856
Train loss (one batch): 6139.37255859375
Train CE loss (one batch): 0.0
Test MSE: 0.0118
Poisson likelihood: 0.0
CE loss: 0.0
Experiment 8723
Epoch 0172 [Test seq (cond on sampled tp)] | Loss 5852.113770 | Likelihood -5852.982422 | KL fp 5.2469 | FP STD 0.0100|
KL coef: 0.8037084859769748
Train loss (one batch): 6109.51904296875
Train CE loss (one batch): 0.0
Test MSE: 0.0117
Poisson likelihood: 0.0
CE loss: 0.0
Experiment 8723
Epoch 0173 [Test seq (cond on sampled tp)] | Loss 5829.996582 | Likelihood -5829.697754 | KL fp 5.1840 | FP STD 0.0115|
KL coef: 0.805671401117205
Train loss (one batch): 6103.7392578125
Train CE loss (one batch): 0.0
Test MSE: 0.0117
Poisson likelihood: 0.0
CE loss: 0.0
Experiment 8723
Epoch 0174 [Test seq (cond on sampled tp)] | Loss 5803.461426 | Likelihood -5806.155762 | KL fp 5.2091 | FP STD 0.0108|
KL coef: 0.8076146871060329
Train loss (one batch): 6069.763671875
Train CE loss (one batch): 0.0
Test MSE: 0.0116
Poisson likelihood: 0.0
CE loss: 0.0
Experiment 8723
Epoch 0175 [Test seq (cond on sampled tp)] | Loss 5776.682617 | Likelihood -5779.689941 | KL fp 5.1662 | FP STD 0.0106|
KL coef: 0.8095385402349726
Train loss (one batch): 6019.0654296875
Train CE loss (one batch): 0.0
Test MSE: 0.0116
Poisson likelihood: 0.0
CE loss: 0.0
Experiment 8723
Epoch 0176 [Test seq (cond on sampled tp)] | Loss 5745.042480 | Likelihood -5750.353516 | KL fp 5.2240 | FP STD 0.0108|
KL coef: 0.8114431548326229
Train loss (one batch): 6009.6005859375
Train CE loss (one batch): 0.0
Test MSE: 0.0115
Poisson likelihood: 0.0
CE loss: 0.0
Experiment 8723
Epoch 0177 [Test seq (cond on sampled tp)] | Loss 5725.556641 | Likelihood -5727.597656 | KL fp 5.2115 | FP STD 0.0107|
KL coef: 0.8133287232842966
Train loss (one batch): 5983.3759765625
Train CE loss (one batch): 0.0
Test MSE: 0.0115
Poisson likelihood: 0.0
CE loss: 0.0
Experiment 8723
Epoch 0178 [Test seq (cond on sampled tp)] | Loss 5705.570801 | Likelihood -5712.697754 | KL fp 5.2623 | FP STD 0.0101|
KL coef: 0.8151954360514537
Train loss (one batch): 5963.521484375
Train CE loss (one batch): 0.0
Test MSE: 0.0114
Poisson likelihood: 0.0
CE loss: 0.0
Experiment 8723
Epoch 0179 [Test seq (cond on sampled tp)] | Loss 5681.713379 | Likelihood -5681.361816 | KL fp 5.2879 | FP STD 0.0099|
KL coef: 0.8170434816909391
Train loss (one batch): 5919.71728515625
Train CE loss (one batch): 0.0
Test MSE: 0.0114
Poisson likelihood: 0.0
CE loss: 0.0
Experiment 8723
Epoch 0180 [Test seq (cond on sampled tp)] | Loss 5659.718750 | Likelihood -5660.304688 | KL fp 5.2880 | FP STD 0.0100|
KL coef: 0.8188730468740297
Train loss (one batch): 5886.92919921875
Train CE loss (one batch): 0.0
Test MSE: 0.0113
Poisson likelihood: 0.0
CE loss: 0.0
Experiment 8723
Epoch 0181 [Test seq (cond on sampled tp)] | Loss 5651.888672 | Likelihood -5650.884277 | KL fp 5.1861 | FP STD 0.0115|
KL coef: 0.8206843164052895
Train loss (one batch): 5873.5478515625
Train CE loss (one batch): 0.0
Test MSE: 0.0113
Poisson likelihood: 0.0
CE loss: 0.0
Experiment 8723
Epoch 0182 [Test seq (cond on sampled tp)] | Loss 5631.079590 | Likelihood -5631.685059 | KL fp 5.1929 | FP STD 0.0116|
KL coef: 0.8224774732412365
Train loss (one batch): 5838.416015625
Train CE loss (one batch): 0.0
Test MSE: 0.0113
Poisson likelihood: 0.0
CE loss: 0.0
Experiment 8723
Epoch 0183 [Test seq (cond on sampled tp)] | Loss 5614.460449 | Likelihood -5614.554688 | KL fp 5.1369 | FP STD 0.0116|
KL coef: 0.8242526985088242
Train loss (one batch): 5846.04443359375
Train CE loss (one batch): 0.0
Test MSE: 0.0112
Poisson likelihood: 0.0
CE loss: 0.0
Experiment 8723
Epoch 0184 [Test seq (cond on sampled tp)] | Loss 5586.813477 | Likelihood -5587.575684 | KL fp 5.1443 | FP STD 0.0116|
KL coef: 0.826010171523736
Train loss (one batch): 5826.0087890625
Train CE loss (one batch): 0.0
Test MSE: 0.0112
Poisson likelihood: 0.0
CE loss: 0.0
Experiment 8723
Epoch 0185 [Test seq (cond on sampled tp)] | Loss 5573.854980 | Likelihood -5582.597656 | KL fp 4.9743 | FP STD 0.0134|
KL coef: 0.8277500698084986
Train loss (one batch): 5804.2197265625
Train CE loss (one batch): 0.0
Test MSE: 0.0112
Poisson likelihood: 0.0
CE loss: 0.0
Experiment 8723
Epoch 0186 [Test seq (cond on sampled tp)] | Loss 5569.337891 | Likelihood -5581.937500 | KL fp 4.9921 | FP STD 0.0139|
KL coef: 0.8294725691104137
Train loss (one batch): 5801.23876953125
Train CE loss (one batch): 0.0
Test MSE: 0.0112
Poisson likelihood: 0.0
CE loss: 0.0
Experiment 8723
Epoch 0187 [Test seq (cond on sampled tp)] | Loss 5558.943359 | Likelihood -5558.917480 | KL fp 5.0642 | FP STD 0.0131|
KL coef: 0.8311778434193096
Train loss (one batch): 5751.025390625
Train CE loss (one batch): 0.0
Test MSE: 0.0111
Poisson likelihood: 0.0
CE loss: 0.0
Experiment 8723
Epoch 0188 [Test seq (cond on sampled tp)] | Loss 5528.375977 | Likelihood -5527.284668 | KL fp 5.1144 | FP STD 0.0125|
KL coef: 0.8328660649851164
Train loss (one batch): 5751.15234375
Train CE loss (one batch): 0.0
Test MSE: 0.0111
Poisson likelihood: 0.0
CE loss: 0.0
Experiment 8723
Epoch 0189 [Test seq (cond on sampled tp)] | Loss 5510.930664 | Likelihood -5516.187500 | KL fp 5.1168 | FP STD 0.0122|
KL coef: 0.8345374043352652
Train loss (one batch): 5703.3544921875
Train CE loss (one batch): 0.0
Test MSE: 0.0110
Poisson likelihood: 0.0
CE loss: 0.0
Experiment 8723
Epoch 0190 [Test seq (cond on sampled tp)] | Loss 5497.227051 | Likelihood -5503.109375 | KL fp 5.1656 | FP STD 0.0118|
KL coef: 0.8361920302919126
Train loss (one batch): 5725.8310546875
Train CE loss (one batch): 0.0
Test MSE: 0.0110
Poisson likelihood: 0.0
CE loss: 0.0
Experiment 8723
Epoch 0191 [Test seq (cond on sampled tp)] | Loss 5463.712402 | Likelihood -5466.697754 | KL fp 5.1566 | FP STD 0.0116|
KL coef: 0.8378301099889934
Train loss (one batch): 5692.03369140625
Train CE loss (one batch): 0.0
Test MSE: 0.0109
Poisson likelihood: 0.0
CE loss: 0.0
Experiment 8723
Epoch 0192 [Test seq (cond on sampled tp)] | Loss 5440.822754 | Likelihood -5451.343750 | KL fp 5.1770 | FP STD 0.0113|
KL coef: 0.8394518088891035
Train loss (one batch): 5676.7333984375
Train CE loss (one batch): 0.0
Test MSE: 0.0109
Poisson likelihood: 0.0
CE loss: 0.0
Experiment 8723
Epoch 0193 [Test seq (cond on sampled tp)] | Loss 5431.764648 | Likelihood -5431.784180 | KL fp 5.2229 | FP STD 0.0109|
KL coef: 0.8410572908002125
Train loss (one batch): 5661.85986328125
Train CE loss (one batch): 0.0
Test MSE: 0.0109
Poisson likelihood: 0.0
CE loss: 0.0
Experiment 8723
Epoch 0194 [Test seq (cond on sampled tp)] | Loss 5409.952148 | Likelihood -5409.807129 | KL fp 5.1997 | FP STD 0.0110|
KL coef: 0.8426467178922104
Train loss (one batch): 5617.7734375
Train CE loss (one batch): 0.0
Test MSE: 0.0108
Poisson likelihood: 0.0
CE loss: 0.0
Experiment 8723
Epoch 0195 [Test seq (cond on sampled tp)] | Loss 5396.950684 | Likelihood -5394.941406 | KL fp 5.1585 | FP STD 0.0111|
KL coef: 0.8442202507132883
Train loss (one batch): 5600.7587890625
Train CE loss (one batch): 0.0
Test MSE: 0.0108
Poisson likelihood: 0.0
CE loss: 0.0
Experiment 8723
Epoch 0196 [Test seq (cond on sampled tp)] | Loss 5368.720215 | Likelihood -5369.141113 | KL fp 5.1961 | FP STD 0.0107|
KL coef: 0.8457780482061554
Train loss (one batch): 5558.24853515625
Train CE loss (one batch): 0.0
Test MSE: 0.0108
Poisson likelihood: 0.0
CE loss: 0.0
Experiment 8723
Epoch 0197 [Test seq (cond on sampled tp)] | Loss 5342.435059 | Likelihood -5346.279785 | KL fp 5.1980 | FP STD 0.0107|
KL coef: 0.8473202677240939
Train loss (one batch): 5530.619140625
Train CE loss (one batch): 0.0
Test MSE: 0.0107
Poisson likelihood: 0.0
CE loss: 0.0
Experiment 8723
Epoch 0198 [Test seq (cond on sampled tp)] | Loss 5330.428223 | Likelihood -5327.568359 | KL fp 5.2321 | FP STD 0.0105|
KL coef: 0.8488470650468529
Train loss (one batch): 5532.56591796875
Train CE loss (one batch): 0.0
Test MSE: 0.0107
Poisson likelihood: 0.0
CE loss: 0.0
Experiment 8723
Epoch 0199 [Test seq (cond on sampled tp)] | Loss 5311.969727 | Likelihood -5317.692383 | KL fp 5.2138 | FP STD 0.0104|
KL coef: 0.8503585943963844
Train loss (one batch): 5512.1181640625
Train CE loss (one batch): 0.0
Test MSE: 0.0106
Poisson likelihood: 0.0
CE loss: 0.0
Experiment 8723
Epoch 0200 [Test seq (cond on sampled tp)] | Loss 5302.145508 | Likelihood -5302.215332 | KL fp 5.1770 | FP STD 0.0107|
KL coef: 0.8518550084524206
Train loss (one batch): 5486.36083984375
Train CE loss (one batch): 0.0
Test MSE: 0.0106
Poisson likelihood: 0.0
CE loss: 0.0
Experiment 8723
Epoch 0201 [Test seq (cond on sampled tp)] | Loss 5289.691895 | Likelihood -5288.827637 | KL fp 5.1668 | FP STD 0.0109|
KL coef: 0.8533364583678963
Train loss (one batch): 5474.0791015625
Train CE loss (one batch): 0.0
Test MSE: 0.0106
Poisson likelihood: 0.0
CE loss: 0.0
Experiment 8723
Epoch 0202 [Test seq (cond on sampled tp)] | Loss 5269.121094 | Likelihood -5266.636719 | KL fp 5.0972 | FP STD 0.0117|
KL coef: 0.8548030937842174
Train loss (one batch): 5449.2080078125
Train CE loss (one batch): 0.0
Test MSE: 0.0105
Poisson likelihood: 0.0
CE loss: 0.0
Experiment 8723
Epoch 0203 [Test seq (cond on sampled tp)] | Loss 5251.579590 | Likelihood -5248.663574 | KL fp 5.1454 | FP STD 0.0113|
KL coef: 0.8562550628463752
Train loss (one batch): 5413.5244140625
Train CE loss (one batch): 0.0
Test MSE: 0.0105
Poisson likelihood: 0.0
CE loss: 0.0
Experiment 8723
Epoch 0204 [Test seq (cond on sampled tp)] | Loss 5218.942871 | Likelihood -5219.470703 | KL fp 5.1494 | FP STD 0.0112|
KL coef: 0.8576925122179114
Train loss (one batch): 5408.33349609375
Train CE loss (one batch): 0.0
Test MSE: 0.0105
Poisson likelihood: 0.0
CE loss: 0.0
Experiment 8723
Epoch 0205 [Test seq (cond on sampled tp)] | Loss 5222.196777 | Likelihood -5219.170898 | KL fp 5.1572 | FP STD 0.0111|
KL coef: 0.8591155870957323
Train loss (one batch): 5401.0732421875
Train CE loss (one batch): 0.0
Test MSE: 0.0105
Poisson likelihood: 0.0
CE loss: 0.0
Experiment 8723
Epoch 0206 [Test seq (cond on sampled tp)] | Loss 5183.185547 | Likelihood -5188.365723 | KL fp 5.1704 | FP STD 0.0107|
KL coef: 0.8605244312247751
Train loss (one batch): 5355.96484375
Train CE loss (one batch): 0.0
Test MSE: 0.0104
Poisson likelihood: 0.0
CE loss: 0.0
Experiment 8723
Epoch 0207 [Test seq (cond on sampled tp)] | Loss 5168.516602 | Likelihood -5171.844238 | KL fp 5.1954 | FP STD 0.0104|
KL coef: 0.8619191869125272
Train loss (one batch): 5348.06884765625
Train CE loss (one batch): 0.0
Test MSE: 0.0104
Poisson likelihood: 0.0
CE loss: 0.0
Experiment 8723
Epoch 0208 [Test seq (cond on sampled tp)] | Loss 5157.007324 | Likelihood -5155.595215 | KL fp 5.1971 | FP STD 0.0103|
KL coef: 0.8632999950434019
Train loss (one batch): 5348.81884765625
Train CE loss (one batch): 0.0
Test MSE: 0.0103
Poisson likelihood: 0.0
CE loss: 0.0
Experiment 8723
Epoch 0209 [Test seq (cond on sampled tp)] | Loss 5134.105469 | Likelihood -5134.301270 | KL fp 5.1800 | FP STD 0.0105|
KL coef: 0.864666995092968
Train loss (one batch): 5322.671875
Train CE loss (one batch): 0.0
Test MSE: 0.0103
Poisson likelihood: 0.0
CE loss: 0.0
Experiment 8723
Epoch 0210 [Test seq (cond on sampled tp)] | Loss 5101.754883 | Likelihood -5109.263672 | KL fp 5.2205 | FP STD 0.0103|
KL coef: 0.8660203251420383
Train loss (one batch): 5284.85400390625
Train CE loss (one batch): 0.0
Test MSE: 0.0102
Poisson likelihood: 0.0
CE loss: 0.0
Experiment 8723
Epoch 0211 [Test seq (cond on sampled tp)] | Loss 5088.695801 | Likelihood -5093.745605 | KL fp 5.2207 | FP STD 0.0102|
KL coef: 0.867360121890618
Train loss (one batch): 5262.2734375
Train CE loss (one batch): 0.0
Test MSE: 0.0102
Poisson likelihood: 0.0
CE loss: 0.0
Experiment 8723
Epoch 0212 [Test seq (cond on sampled tp)] | Loss 5069.750977 | Likelihood -5069.474609 | KL fp 5.2241 | FP STD 0.0100|
KL coef: 0.8686865206717117
Train loss (one batch): 5237.39599609375
Train CE loss (one batch): 0.0
Test MSE: 0.0102
Poisson likelihood: 0.0
CE loss: 0.0
Experiment 8723
Epoch 0213 [Test seq (cond on sampled tp)] | Loss 5065.080566 | Likelihood -5061.976562 | KL fp 5.2519 | FP STD 0.0099|
KL coef: 0.8699996554649946
Train loss (one batch): 5219.2451171875
Train CE loss (one batch): 0.0
Test MSE: 0.0101
Poisson likelihood: 0.0
CE loss: 0.0
Experiment 8723
Epoch 0214 [Test seq (cond on sampled tp)] | Loss 5047.576660 | Likelihood -5047.026855 | KL fp 5.2578 | FP STD 0.0099|
KL coef: 0.8712996589103447
Train loss (one batch): 5204.5966796875
Train CE loss (one batch): 0.0
Test MSE: 0.0101
Poisson likelihood: 0.0
CE loss: 0.0
Experiment 8723
Epoch 0215 [Test seq (cond on sampled tp)] | Loss 5036.182129 | Likelihood -5032.943359 | KL fp 5.2440 | FP STD 0.0099|
KL coef: 0.8725866623212413
Train loss (one batch): 5191.1640625
Train CE loss (one batch): 0.0
Test MSE: 0.0101
Poisson likelihood: 0.0
CE loss: 0.0
Experiment 8723
Epoch 0216 [Test seq (cond on sampled tp)] | Loss 5014.077637 | Likelihood -5012.799316 | KL fp 5.2993 | FP STD 0.0098|
KL coef: 0.8738607956980289
Train loss (one batch): 5171.02490234375
Train CE loss (one batch): 0.0
Test MSE: 0.0100
Poisson likelihood: 0.0
CE loss: 0.0
Experiment 8723
Epoch 0217 [Test seq (cond on sampled tp)] | Loss 4989.796387 | Likelihood -4992.121582 | KL fp 5.2765 | FP STD 0.0098|
KL coef: 0.8751221877410486
Train loss (one batch): 5138.03369140625
Train CE loss (one batch): 0.0
Test MSE: 0.0100
Poisson likelihood: 0.0
CE loss: 0.0
Experiment 8723
Epoch 0218 [Test seq (cond on sampled tp)] | Loss 4976.835938 | Likelihood -4979.129395 | KL fp 5.2496 | FP STD 0.0099|
KL coef: 0.876370965863638
Train loss (one batch): 5119.5166015625
Train CE loss (one batch): 0.0
Test MSE: 0.0100
Poisson likelihood: 0.0
CE loss: 0.0
Experiment 8723
Epoch 0219 [Test seq (cond on sampled tp)] | Loss 4956.036133 | Likelihood -4960.256836 | KL fp 5.2622 | FP STD 0.0098|
KL coef: 0.8776072562050017
Train loss (one batch): 5097.849609375
Train CE loss (one batch): 0.0
Test MSE: 0.0099
Poisson likelihood: 0.0
CE loss: 0.0
Experiment 8723
Epoch 0220 [Test seq (cond on sampled tp)] | Loss 4940.645020 | Likelihood -4939.307129 | KL fp 5.2859 | FP STD 0.0097|
KL coef: 0.8788311836429517
Train loss (one batch): 5076.2626953125
Train CE loss (one batch): 0.0
Test MSE: 0.0099
Poisson likelihood: 0.0
CE loss: 0.0
Experiment 8723
Epoch 0221 [Test seq (cond on sampled tp)] | Loss 4923.521973 | Likelihood -4924.712891 | KL fp 5.2804 | FP STD 0.0097|
KL coef: 0.8800428718065221
Train loss (one batch): 5051.8173828125
Train CE loss (one batch): 0.0
Test MSE: 0.0099
Poisson likelihood: 0.0
CE loss: 0.0
Experiment 8723
Epoch 0222 [Test seq (cond on sampled tp)] | Loss 4907.585449 | Likelihood -4905.755859 | KL fp 5.2830 | FP STD 0.0098|
KL coef: 0.8812424430884569
Train loss (one batch): 5033.9951171875
Train CE loss (one batch): 0.0
Test MSE: 0.0098
Poisson likelihood: 0.0
CE loss: 0.0
Experiment 8723
Epoch 0223 [Test seq (cond on sampled tp)] | Loss 4884.166016 | Likelihood -4884.632324 | KL fp 5.2827 | FP STD 0.0098|
KL coef: 0.8824300186575723
Train loss (one batch): 5036.4521484375
Train CE loss (one batch): 0.0
Test MSE: 0.0098
Poisson likelihood: 0.0
CE loss: 0.0
Experiment 8723
Epoch 0224 [Test seq (cond on sampled tp)] | Loss 4873.029785 | Likelihood -4871.778320 | KL fp 5.3075 | FP STD 0.0095|
KL coef: 0.8836057184709967
Train loss (one batch): 4994.63037109375
Train CE loss (one batch): 0.0
Test MSE: 0.0098
Poisson likelihood: 0.0
CE loss: 0.0
Experiment 8723
Epoch 0225 [Test seq (cond on sampled tp)] | Loss 4858.976562 | Likelihood -4859.377441 | KL fp 5.2717 | FP STD 0.0098|
KL coef: 0.8847696612862866
Train loss (one batch): 4986.564453125
Train CE loss (one batch): 0.0
Test MSE: 0.0097
Poisson likelihood: 0.0
CE loss: 0.0
Experiment 8723
Epoch 0226 [Test seq (cond on sampled tp)] | Loss 4839.002441 | Likelihood -4838.041504 | KL fp 5.2541 | FP STD 0.0097|
KL coef: 0.8859219646734238
Train loss (one batch): 4954.919921875
Train CE loss (one batch): 0.0
Test MSE: 0.0097
Poisson likelihood: 0.0
CE loss: 0.0
Experiment 8723
Epoch 0227 [Test seq (cond on sampled tp)] | Loss 4832.097656 | Likelihood -4830.192871 | KL fp 5.2733 | FP STD 0.0096|
KL coef: 0.8870627450266896
Train loss (one batch): 4947.10302734375
Train CE loss (one batch): 0.0
Test MSE: 0.0097
Poisson likelihood: 0.0
CE loss: 0.0
Experiment 8723
Epoch 0228 [Test seq (cond on sampled tp)] | Loss 4811.035645 | Likelihood -4808.099609 | KL fp 5.3009 | FP STD 0.0095|
KL coef: 0.8881921175764227
Train loss (one batch): 4927.69873046875
Train CE loss (one batch): 0.0
Test MSE: 0.0096
Poisson likelihood: 0.0
CE loss: 0.0
Experiment 8723
Epoch 0229 [Test seq (cond on sampled tp)] | Loss 4791.860352 | Likelihood -4789.444336 | KL fp 5.3007 | FP STD 0.0094|
KL coef: 0.8893101964006584
Train loss (one batch): 4904.94775390625
Train CE loss (one batch): 0.0
Test MSE: 0.0096
Poisson likelihood: 0.0
CE loss: 0.0
Experiment 8723
Epoch 0230 [Test seq (cond on sampled tp)] | Loss 4767.711426 | Likelihood -4769.431641 | KL fp 5.2844 | FP STD 0.0094|
KL coef: 0.8904170944366518
Train loss (one batch): 4894.97216796875
Train CE loss (one batch): 0.0
Test MSE: 0.0096
Poisson likelihood: 0.0
CE loss: 0.0
Experiment 8723
Epoch 0231 [Test seq (cond on sampled tp)] | Loss 4762.780762 | Likelihood -4763.069824 | KL fp 5.3066 | FP STD 0.0096|
KL coef: 0.8915129234922854
Train loss (one batch): 4870.55224609375
Train CE loss (one batch): 0.0
Test MSE: 0.0095
Poisson likelihood: 0.0
CE loss: 0.0
Experiment 8723
Epoch 0232 [Test seq (cond on sampled tp)] | Loss 4757.183105 | Likelihood -4756.502930 | KL fp 5.2867 | FP STD 0.0097|
KL coef: 0.8925977942573625
Train loss (one batch): 4856.8525390625
Train CE loss (one batch): 0.0
Test MSE: 0.0095
Poisson likelihood: 0.0
CE loss: 0.0
Experiment 8723
Epoch 0233 [Test seq (cond on sampled tp)] | Loss 4731.822754 | Likelihood -4732.485840 | KL fp 5.3053 | FP STD 0.0094|
KL coef: 0.8936718163147889
Train loss (one batch): 4840.666015625
Train CE loss (one batch): 0.0
Test MSE: 0.0095
Poisson likelihood: 0.0
CE loss: 0.0
Experiment 8723
Epoch 0234 [Test seq (cond on sampled tp)] | Loss 4714.440430 | Likelihood -4711.896973 | KL fp 5.3234 | FP STD 0.0093|
KL coef: 0.894735098151641
Train loss (one batch): 4824.4287109375
Train CE loss (one batch): 0.0
Test MSE: 0.0094
Poisson likelihood: 0.0
CE loss: 0.0
Experiment 8723
Epoch 0235 [Test seq (cond on sampled tp)] | Loss 4694.917969 | Likelihood -4696.103027 | KL fp 5.2843 | FP STD 0.0095|
KL coef: 0.8957877471701245
Train loss (one batch): 4802.37353515625
Train CE loss (one batch): 0.0
Test MSE: 0.0094
Poisson likelihood: 0.0
CE loss: 0.0
Experiment 8723
Epoch 0236 [Test seq (cond on sampled tp)] | Loss 4688.706055 | Likelihood -4686.116699 | KL fp 5.3100 | FP STD 0.0093|
KL coef: 0.8968298696984233
Train loss (one batch): 4784.6416015625
Train CE loss (one batch): 0.0
Test MSE: 0.0094
Poisson likelihood: 0.0
CE loss: 0.0
Experiment 8723
Epoch 0237 [Test seq (cond on sampled tp)] | Loss 4674.823242 | Likelihood -4674.043945 | KL fp 5.2127 | FP STD 0.0101|
KL coef: 0.897861571001439
Train loss (one batch): 4767.17333984375
Train CE loss (one batch): 0.0
Test MSE: 0.0094
Poisson likelihood: 0.0
CE loss: 0.0
Experiment 8723
Epoch 0238 [Test seq (cond on sampled tp)] | Loss 4667.751465 | Likelihood -4665.782715 | KL fp 5.2700 | FP STD 0.0097|
KL coef: 0.8988829552914247
Train loss (one batch): 4764.53955078125
Train CE loss (one batch): 0.0
Test MSE: 0.0093
Poisson likelihood: 0.0
CE loss: 0.0
Experiment 8723
Epoch 0239 [Test seq (cond on sampled tp)] | Loss 4639.367188 | Likelihood -4641.144043 | KL fp 5.3013 | FP STD 0.0094|
KL coef: 0.8998941257385105
Train loss (one batch): 4733.85205078125
Train CE loss (one batch): 0.0
Test MSE: 0.0093
Poisson likelihood: 0.0
CE loss: 0.0
Experiment 8723
Epoch 0240 [Test seq (cond on sampled tp)] | Loss 4634.197754 | Likelihood -4632.777832 | KL fp 5.3270 | FP STD 0.0092|
KL coef: 0.9008951844811254
Train loss (one batch): 4736.53173828125
Train CE loss (one batch): 0.0
Test MSE: 0.0093
Poisson likelihood: 0.0
CE loss: 0.0
Experiment 8723
Epoch 0241 [Test seq (cond on sampled tp)] | Loss 4620.199219 | Likelihood -4620.237793 | KL fp 5.3586 | FP STD 0.0089|
KL coef: 0.9018862326363141
Train loss (one batch): 4707.24658203125
Train CE loss (one batch): 0.0
Test MSE: 0.0093
Poisson likelihood: 0.0
CE loss: 0.0
Experiment 8723
Epoch 0242 [Test seq (cond on sampled tp)] | Loss 4627.866699 | Likelihood -4627.824219 | KL fp 5.2402 | FP STD 0.0103|
KL coef: 0.902867370309951
Train loss (one batch): 4705.72802734375
Train CE loss (one batch): 0.0
Test MSE: 0.0093
Poisson likelihood: 0.0
CE loss: 0.0
Experiment 8723
Epoch 0243 [Test seq (cond on sampled tp)] | Loss 4594.195801 | Likelihood -4597.546387 | KL fp 5.2722 | FP STD 0.0100|
KL coef: 0.9038386966068515
Train loss (one batch): 4695.80810546875
Train CE loss (one batch): 0.0
Test MSE: 0.0092
Poisson likelihood: 0.0
CE loss: 0.0
Experiment 8723
Epoch 0244 [Test seq (cond on sampled tp)] | Loss 4585.305176 | Likelihood -4584.896484 | KL fp 5.3198 | FP STD 0.0094|
KL coef: 0.904800309640783
Train loss (one batch): 4661.97314453125
Train CE loss (one batch): 0.0
Test MSE: 0.0092
Poisson likelihood: 0.0
CE loss: 0.0
Experiment 8723
Epoch 0245 [Test seq (cond on sampled tp)] | Loss 4576.399902 | Likelihood -4573.262207 | KL fp 5.2771 | FP STD 0.0095|
KL coef: 0.9057523065443751
Train loss (one batch): 4649.228515625
Train CE loss (one batch): 0.0
Test MSE: 0.0092
Poisson likelihood: 0.0
CE loss: 0.0
Experiment 8723
Epoch 0246 [Test seq (cond on sampled tp)] | Loss 4563.678223 | Likelihood -4560.722168 | KL fp 5.3479 | FP STD 0.0090|
KL coef: 0.9066947834789314
Train loss (one batch): 4648.677734375
Train CE loss (one batch): 0.0
Test MSE: 0.0091
Poisson likelihood: 0.0
CE loss: 0.0
Experiment 8723
Epoch 0247 [Test seq (cond on sampled tp)] | Loss 4549.128418 | Likelihood -4549.235840 | KL fp 5.3466 | FP STD 0.0090|
KL coef: 0.9076278356441421
Train loss (one batch): 4637.5322265625
Train CE loss (one batch): 0.0
Test MSE: 0.0091
Poisson likelihood: 0.0
CE loss: 0.0
Experiment 8723
Epoch 0248 [Test seq (cond on sampled tp)] | Loss 4538.024902 | Likelihood -4535.683105 | KL fp 5.3691 | FP STD 0.0089|
KL coef: 0.9085515572877007
Train loss (one batch): 4617.25146484375
Train CE loss (one batch): 0.0
Test MSE: 0.0091
Poisson likelihood: 0.0
CE loss: 0.0
Experiment 8723
Epoch 0249 [Test seq (cond on sampled tp)] | Loss 4531.142578 | Likelihood -4531.145020 | KL fp 5.3328 | FP STD 0.0090|
KL coef: 0.9094660417148236
Train loss (one batch): 4613.24853515625
Train CE loss (one batch): 0.0
Test MSE: 0.0091
Poisson likelihood: 0.0
CE loss: 0.0
Experiment 8723
Epoch 0250 [Test seq (cond on sampled tp)] | Loss 4519.931641 | Likelihood -4519.084473 | KL fp 5.3736 | FP STD 0.0088|
KL coef: 0.9103713812976754
Train loss (one batch): 4603.09423828125
Train CE loss (one batch): 0.0
Test MSE: 0.0091
Poisson likelihood: 0.0
CE loss: 0.0
Experiment 8723
Epoch 0251 [Test seq (cond on sampled tp)] | Loss 4508.091309 | Likelihood -4509.031738 | KL fp 5.3606 | FP STD 0.0087|
KL coef: 0.9112676674846987
Train loss (one batch): 4602.87353515625
Train CE loss (one batch): 0.0
Test MSE: 0.0090
Poisson likelihood: 0.0
CE loss: 0.0
Experiment 8723
Epoch 0252 [Test seq (cond on sampled tp)] | Loss 4499.990723 | Likelihood -4500.515137 | KL fp 5.2849 | FP STD 0.0095|
KL coef: 0.9121549908098516
Train loss (one batch): 4563.0
Train CE loss (one batch): 0.0
Test MSE: 0.0090
Poisson likelihood: 0.0
CE loss: 0.0
Experiment 8723
Epoch 0253 [Test seq (cond on sampled tp)] | Loss 4498.454102 | Likelihood -4495.714844 | KL fp 5.3540 | FP STD 0.0090|
KL coef: 0.9130334409017531
Train loss (one batch): 4584.24560546875
Train CE loss (one batch): 0.0
Test MSE: 0.0090
Poisson likelihood: 0.0
CE loss: 0.0
Experiment 8723
Epoch 0254 [Test seq (cond on sampled tp)] | Loss 4485.072754 | Likelihood -4485.841309 | KL fp 5.3600 | FP STD 0.0088|
KL coef: 0.9139031064927357
Train loss (one batch): 4559.7529296875
Train CE loss (one batch): 0.0
Test MSE: 0.0090
Poisson likelihood: 0.0
CE loss: 0.0
Experiment 8723
Epoch 0255 [Test seq (cond on sampled tp)] | Loss 4470.171387 | Likelihood -4473.711426 | KL fp 5.3551 | FP STD 0.0088|
KL coef: 0.9147640754278082
Train loss (one batch): 4561.01123046875
Train CE loss (one batch): 0.0
Test MSE: 0.0090
Poisson likelihood: 0.0
CE loss: 0.0
Experiment 8723
Epoch 0256 [Test seq (cond on sampled tp)] | Loss 4467.282715 | Likelihood -4468.182129 | KL fp 5.3697 | FP STD 0.0086|
KL coef: 0.9156164346735302
Train loss (one batch): 4541.89892578125
Train CE loss (one batch): 0.0
Test MSE: 0.0089
Poisson likelihood: 0.0
CE loss: 0.0
Experiment 8723
Epoch 0257 [Test seq (cond on sampled tp)] | Loss 4455.263672 | Likelihood -4456.381348 | KL fp 5.3552 | FP STD 0.0089|
KL coef: 0.9164602703267949
Train loss (one batch): 4534.54052734375
Train CE loss (one batch): 0.0
Test MSE: 0.0089
Poisson likelihood: 0.0
CE loss: 0.0
Experiment 8723
Epoch 0258 [Test seq (cond on sampled tp)] | Loss 4450.277344 | Likelihood -4450.060547 | KL fp 5.3530 | FP STD 0.0091|
KL coef: 0.9172956676235269
Train loss (one batch): 4525.64697265625
Train CE loss (one batch): 0.0
Test MSE: 0.0089
Poisson likelihood: 0.0
CE loss: 0.0
Experiment 8723
Epoch 0259 [Test seq (cond on sampled tp)] | Loss 4442.957031 | Likelihood -4441.603516 | KL fp 5.3524 | FP STD 0.0089|
KL coef: 0.9181227109472916
Train loss (one batch): 4518.55078125
Train CE loss (one batch): 0.0
Test MSE: 0.0089
Poisson likelihood: 0.0
CE loss: 0.0
Experiment 8723
Epoch 0260 [Test seq (cond on sampled tp)] | Loss 4426.674805 | Likelihood -4428.476562 | KL fp 5.3881 | FP STD 0.0086|
KL coef: 0.9189414838378187
Train loss (one batch): 4509.5966796875
Train CE loss (one batch): 0.0
Test MSE: 0.0089
Poisson likelihood: 0.0
CE loss: 0.0
Experiment 8723
Epoch 0261 [Test seq (cond on sampled tp)] | Loss 4422.979004 | Likelihood -4422.996582 | KL fp 5.3850 | FP STD 0.0086|
KL coef: 0.9197520689994405
Train loss (one batch): 4484.2998046875
Train CE loss (one batch): 0.0
Test MSE: 0.0089
Poisson likelihood: 0.0
CE loss: 0.0
Experiment 8723
Epoch 0262 [Test seq (cond on sampled tp)] | Loss 4429.535645 | Likelihood -4427.093262 | KL fp 5.3885 | FP STD 0.0084|
KL coef: 0.9205545483094462
Train loss (one batch): 4487.833984375
Train CE loss (one batch): 0.0
Test MSE: 0.0089
Poisson likelihood: 0.0
CE loss: 0.0
Experiment 8723
Epoch 0263 [Test seq (cond on sampled tp)] | Loss 4417.532227 | Likelihood -4414.071777 | KL fp 5.4199 | FP STD 0.0082|
KL coef: 0.9213490028263517
Train loss (one batch): 4473.994140625
Train CE loss (one batch): 0.0
Test MSE: 0.0088
Poisson likelihood: 0.0
CE loss: 0.0
Experiment 8723
Epoch 0264 [Test seq (cond on sampled tp)] | Loss 4410.789062 | Likelihood -4407.443848 | KL fp 5.3226 | FP STD 0.0088|
KL coef: 0.9221355127980881
Train loss (one batch): 4461.86865234375
Train CE loss (one batch): 0.0
Test MSE: 0.0088
Poisson likelihood: 0.0
CE loss: 0.0
Experiment 8723
Epoch 0265 [Test seq (cond on sampled tp)] | Loss 4407.535645 | Likelihood -4404.167969 | KL fp 5.3658 | FP STD 0.0086|
KL coef: 0.9229141576701073
Train loss (one batch): 4448.03466796875
Train CE loss (one batch): 0.0
Test MSE: 0.0088
Poisson likelihood: 0.0
CE loss: 0.0
Experiment 8723
Epoch 0266 [Test seq (cond on sampled tp)] | Loss 4412.072266 | Likelihood -4409.825684 | KL fp 5.2134 | FP STD 0.0106|
KL coef: 0.9236850160934063
Train loss (one batch): 4463.01318359375
Train CE loss (one batch): 0.0
Test MSE: 0.0088
Poisson likelihood: 0.0
CE loss: 0.0
Experiment 8723
Epoch 0267 [Test seq (cond on sampled tp)] | Loss 4387.113281 | Likelihood -4389.402832 | KL fp 5.2529 | FP STD 0.0100|
KL coef: 0.9244481659324721
Train loss (one batch): 4443.05810546875
Train CE loss (one batch): 0.0
Test MSE: 0.0088
Poisson likelihood: 0.0
CE loss: 0.0
Experiment 8723
Epoch 0268 [Test seq (cond on sampled tp)] | Loss 4387.355469 | Likelihood -4383.615723 | KL fp 5.3097 | FP STD 0.0091|
KL coef: 0.9252036842731475
Train loss (one batch): 4435.43798828125
Train CE loss (one batch): 0.0
Test MSE: 0.0088
Poisson likelihood: 0.0
CE loss: 0.0
Experiment 8723
Epoch 0269 [Test seq (cond on sampled tp)] | Loss 4371.139648 | Likelihood -4367.553223 | KL fp 5.3751 | FP STD 0.0085|
KL coef: 0.9259516474304159
Train loss (one batch): 4429.5927734375
Train CE loss (one batch): 0.0
Test MSE: 0.0087
Poisson likelihood: 0.0
CE loss: 0.0
Experiment 8723
Epoch 0270 [Test seq (cond on sampled tp)] | Loss 4363.945312 | Likelihood -4365.108887 | KL fp 5.4109 | FP STD 0.0083|
KL coef: 0.9266921309561118
Train loss (one batch): 4423.59716796875
Train CE loss (one batch): 0.0
Test MSE: 0.0087
Poisson likelihood: 0.0
CE loss: 0.0
Experiment 8723
Epoch 0271 [Test seq (cond on sampled tp)] | Loss 4359.441406 | Likelihood -4355.544922 | KL fp 5.4245 | FP STD 0.0081|
KL coef: 0.9274252096465507
Train loss (one batch): 4414.85302734375
Train CE loss (one batch): 0.0
Test MSE: 0.0087
Poisson likelihood: 0.0
CE loss: 0.0
Experiment 8723
Epoch 0272 [Test seq (cond on sampled tp)] | Loss 4359.651855 | Likelihood -4358.521973 | KL fp 5.3907 | FP STD 0.0083|
KL coef: 0.9281509575500851
Train loss (one batch): 4407.6748046875
Train CE loss (one batch): 0.0
Test MSE: 0.0087
Poisson likelihood: 0.0
CE loss: 0.0
Experiment 8723
Epoch 0273 [Test seq (cond on sampled tp)] | Loss 4361.193848 | Likelihood -4357.442871 | KL fp 5.4004 | FP STD 0.0088|
KL coef: 0.9288694479745843
Train loss (one batch): 4402.4228515625
Train CE loss (one batch): 0.0
Test MSE: 0.0087
Poisson likelihood: 0.0
CE loss: 0.0
Experiment 8723
Epoch 0274 [Test seq (cond on sampled tp)] | Loss 4350.851562 | Likelihood -4347.357910 | KL fp 5.3405 | FP STD 0.0089|
KL coef: 0.9295807534948385
Train loss (one batch): 4394.7958984375
Train CE loss (one batch): 0.0
Test MSE: 0.0087
Poisson likelihood: 0.0
CE loss: 0.0
Experiment 8723
Epoch 0275 [Test seq (cond on sampled tp)] | Loss 4357.280762 | Likelihood -4353.678223 | KL fp 5.2968 | FP STD 0.0091|
KL coef: 0.9302849459598901
Train loss (one batch): 4380.94921875
Train CE loss (one batch): 0.0
Test MSE: 0.0087
Poisson likelihood: 0.0
CE loss: 0.0
Experiment 8723
Epoch 0276 [Test seq (cond on sampled tp)] | Loss 4342.598633 | Likelihood -4339.673340 | KL fp 5.3634 | FP STD 0.0086|
KL coef: 0.9309820965002912
Train loss (one batch): 4368.03369140625
Train CE loss (one batch): 0.0
Test MSE: 0.0087
Poisson likelihood: 0.0
CE loss: 0.0
Experiment 8723
Epoch 0277 [Test seq (cond on sampled tp)] | Loss 4350.294434 | Likelihood -4346.996582 | KL fp 5.3994 | FP STD 0.0083|
KL coef: 0.9316722755352883
Train loss (one batch): 4378.7646484375
Train CE loss (one batch): 0.0
Test MSE: 0.0087
Poisson likelihood: 0.0
CE loss: 0.0
Experiment 8723
Epoch 0278 [Test seq (cond on sampled tp)] | Loss 4337.719727 | Likelihood -4334.541504 | KL fp 5.4129 | FP STD 0.0081|
KL coef: 0.9323555527799354
Train loss (one batch): 4365.8076171875
Train CE loss (one batch): 0.0
Test MSE: 0.0087
Poisson likelihood: 0.0
CE loss: 0.0
Experiment 8723
Epoch 0279 [Test seq (cond on sampled tp)] | Loss 4333.645508 | Likelihood -4329.875000 | KL fp 5.4209 | FP STD 0.0080|
KL coef: 0.933031997252136
Train loss (one batch): 4356.48828125
Train CE loss (one batch): 0.0
Test MSE: 0.0087
Poisson likelihood: 0.0
CE loss: 0.0
Experiment 8723
Epoch 0280 [Test seq (cond on sampled tp)] | Loss 4321.759766 | Likelihood -4318.306152 | KL fp 5.4346 | FP STD 0.0079|
KL coef: 0.9337016772796147
Train loss (one batch): 4352.83642578125
Train CE loss (one batch): 0.0
Test MSE: 0.0086
Poisson likelihood: 0.0
CE loss: 0.0
Experiment 8723
Epoch 0281 [Test seq (cond on sampled tp)] | Loss 4320.614258 | Likelihood -4320.798828 | KL fp 5.4857 | FP STD 0.0076|
KL coef: 0.9343646605068185
Train loss (one batch): 4349.81884765625
Train CE loss (one batch): 0.0
Test MSE: 0.0087
Poisson likelihood: 0.0
CE loss: 0.0
Experiment 8723
Epoch 0282 [Test seq (cond on sampled tp)] | Loss 4325.345703 | Likelihood -4323.082031 | KL fp 5.3591 | FP STD 0.0084|
KL coef: 0.9350210139017503
Train loss (one batch): 4333.6728515625
Train CE loss (one batch): 0.0
Test MSE: 0.0087
Poisson likelihood: 0.0
CE loss: 0.0
Experiment 8723
Epoch 0283 [Test seq (cond on sampled tp)] | Loss 4317.488770 | Likelihood -4316.452637 | KL fp 5.4046 | FP STD 0.0083|
KL coef: 0.9356708037627328
Train loss (one batch): 4325.4619140625
Train CE loss (one batch): 0.0
Test MSE: 0.0086
Poisson likelihood: 0.0
CE loss: 0.0
Experiment 8723
Epoch 0284 [Test seq (cond on sampled tp)] | Loss 4303.750000 | Likelihood -4304.881348 | KL fp 5.4185 | FP STD 0.0080|
KL coef: 0.9363140957251055
Train loss (one batch): 4325.10986328125
Train CE loss (one batch): 0.0
Test MSE: 0.0086
Poisson likelihood: 0.0
CE loss: 0.0
Experiment 8723
Epoch 0285 [Test seq (cond on sampled tp)] | Loss 4308.269043 | Likelihood -4309.742188 | KL fp 5.4380 | FP STD 0.0078|
KL coef: 0.9369509547678545
Train loss (one batch): 4328.50390625
Train CE loss (one batch): 0.0
Test MSE: 0.0086
Poisson likelihood: 0.0
CE loss: 0.0
Experiment 8723
Epoch 0286 [Test seq (cond on sampled tp)] | Loss 4303.944336 | Likelihood -4302.906250 | KL fp 5.3949 | FP STD 0.0080|
KL coef: 0.937581445220176
Train loss (one batch): 4315.4326171875
Train CE loss (one batch): 0.0
Test MSE: 0.0086
Poisson likelihood: 0.0
CE loss: 0.0
Experiment 8723
Epoch 0287 [Test seq (cond on sampled tp)] | Loss 4303.829102 | Likelihood -4301.636230 | KL fp 5.4057 | FP STD 0.0079|
KL coef: 0.9382056307679741
Train loss (one batch): 4314.12451171875
Train CE loss (one batch): 0.0
Test MSE: 0.0086
Poisson likelihood: 0.0
CE loss: 0.0
Experiment 8723
Epoch 0288 [Test seq (cond on sampled tp)] | Loss 4290.488770 | Likelihood -4290.328125 | KL fp 5.4592 | FP STD 0.0078|
KL coef: 0.9388235744602944
Train loss (one batch): 4323.29833984375
Train CE loss (one batch): 0.0
Test MSE: 0.0086
Poisson likelihood: 0.0
CE loss: 0.0
Experiment 8723
Epoch 0289 [Test seq (cond on sampled tp)] | Loss 4305.792969 | Likelihood -4305.944824 | KL fp 5.3101 | FP STD 0.0099|
KL coef: 0.9394353387156915
Train loss (one batch): 4324.041015625
Train CE loss (one batch): 0.0
Test MSE: 0.0086
Poisson likelihood: 0.0
CE loss: 0.0
Experiment 8723
Epoch 0290 [Test seq (cond on sampled tp)] | Loss 4294.417480 | Likelihood -4292.682617 | KL fp 5.3750 | FP STD 0.0092|
KL coef: 0.9400409853285345
Train loss (one batch): 4315.041015625
Train CE loss (one batch): 0.0
Test MSE: 0.0086
Poisson likelihood: 0.0
CE loss: 0.0
Experiment 8723
Epoch 0291 [Test seq (cond on sampled tp)] | Loss 4289.062012 | Likelihood -4288.000488 | KL fp 5.3846 | FP STD 0.0088|
KL coef: 0.9406405754752493
Train loss (one batch): 4302.4111328125
Train CE loss (one batch): 0.0
Test MSE: 0.0086
Poisson likelihood: 0.0
CE loss: 0.0
Experiment 8723
Epoch 0292 [Test seq (cond on sampled tp)] | Loss 4277.208008 | Likelihood -4277.179688 | KL fp 5.4265 | FP STD 0.0082|
KL coef: 0.9412341697204967
Train loss (one batch): 4288.88818359375
Train CE loss (one batch): 0.0
Test MSE: 0.0086
Poisson likelihood: 0.0
CE loss: 0.0
Experiment 8723
Epoch 0293 [Test seq (cond on sampled tp)] | Loss 4283.000488 | Likelihood -4283.042969 | KL fp 5.3384 | FP STD 0.0090|
KL coef: 0.9418218280232917
Train loss (one batch): 4290.03271484375
Train CE loss (one batch): 0.0
Test MSE: 0.0086
Poisson likelihood: 0.0
CE loss: 0.0
Experiment 8723
Epoch 0294 [Test seq (cond on sampled tp)] | Loss 4272.900391 | Likelihood -4271.822754 | KL fp 5.4186 | FP STD 0.0083|
KL coef: 0.9424036097430588
Train loss (one batch): 4278.78271484375
Train CE loss (one batch): 0.0
Test MSE: 0.0086
Poisson likelihood: 0.0
CE loss: 0.0
Experiment 8723
Epoch 0295 [Test seq (cond on sampled tp)] | Loss 4268.626465 | Likelihood -4267.666016 | KL fp 5.4929 | FP STD 0.0077|
KL coef: 0.9429795736456282
Train loss (one batch): 4273.79931640625
Train CE loss (one batch): 0.0
Test MSE: 0.0085
Poisson likelihood: 0.0
CE loss: 0.0
Experiment 8723
Epoch 0296 [Test seq (cond on sampled tp)] | Loss 4270.597656 | Likelihood -4271.380859 | KL fp 5.4882 | FP STD 0.0076|
KL coef: 0.9435497779091719
Train loss (one batch): 4262.6064453125
Train CE loss (one batch): 0.0
Test MSE: 0.0086
Poisson likelihood: 0.0
CE loss: 0.0
Experiment 8723
Epoch 0297 [Test seq (cond on sampled tp)] | Loss 4260.717773 | Likelihood -4260.041504 | KL fp 5.5001 | FP STD 0.0074|
KL coef: 0.9441142801300803
Train loss (one batch): 4254.7724609375
Train CE loss (one batch): 0.0
Test MSE: 0.0085
Poisson likelihood: 0.0
CE loss: 0.0
Experiment 8723
Epoch 0298 [Test seq (cond on sampled tp)] | Loss 4244.514648 | Likelihood -4240.717285 | KL fp 5.5258 | FP STD 0.0073|
KL coef: 0.9446731373287794
Train loss (one batch): 4256.26806640625
Train CE loss (one batch): 0.0
Test MSE: 0.0085
Poisson likelihood: 0.0
CE loss: 0.0
Experiment 8723
Epoch 0299 [Test seq (cond on sampled tp)] | Loss 4241.789062 | Likelihood -4240.348145 | KL fp 5.4347 | FP STD 0.0083|
KL coef: 0.9452264059554917
Train loss (one batch): 4260.013671875
Train CE loss (one batch): 0.0
Test MSE: 0.0085
Poisson likelihood: 0.0
CE loss: 0.0
Experiment 8723
Epoch 0300 [Test seq (cond on sampled tp)] | Loss 4252.684082 | Likelihood -4252.880371 | KL fp 5.4112 | FP STD 0.0087|
KL coef: 0.9457741418959368
Train loss (one batch): 4261.96484375
Train CE loss (one batch): 0.0
Test MSE: 0.0085
Poisson likelihood: 0.0
CE loss: 0.0
