/Users/deyiliu/Dropbox/UNC/G4/Spring/790/code/latent_ode-master/run_models.py
run_models.py --niters 100 -n 1000 -l 15 --dataset hopper --latent-ode --z0-encoder trans -r 100 -s 0.5
Experiment 90721
Epoch 0001 [Test seq (cond on sampled tp)] | Loss 58596.671875 | Likelihood -59124.472656 | KL fp 2.1245 | FP STD 0.2611|
KL coef: 0.0
Train loss (one batch): 57345.7734375
Train CE loss (one batch): 0.0
Test MSE: 0.1183
Poisson likelihood: 0.0
CE loss: 0.0
Experiment 90721
Epoch 0002 [Test seq (cond on sampled tp)] | Loss 34061.113281 | Likelihood -34279.156250 | KL fp 2.6010 | FP STD 0.1492|
KL coef: 0.0
Train loss (one batch): 33804.328125
Train CE loss (one batch): 0.0
Test MSE: 0.0686
Poisson likelihood: 0.0
CE loss: 0.0
Experiment 90721
Epoch 0003 [Test seq (cond on sampled tp)] | Loss 30801.636719 | Likelihood -30963.837891 | KL fp 2.6924 | FP STD 0.1359|
KL coef: 0.0
Train loss (one batch): 30591.140625
Train CE loss (one batch): 0.0
Test MSE: 0.0619
Poisson likelihood: 0.0
CE loss: 0.0
Experiment 90721
Epoch 0004 [Test seq (cond on sampled tp)] | Loss 30105.085938 | Likelihood -30265.025391 | KL fp 2.7355 | FP STD 0.1235|
KL coef: 0.0
Train loss (one batch): 29598.345703125
Train CE loss (one batch): 0.0
Test MSE: 0.0605
Poisson likelihood: 0.0
CE loss: 0.0
Experiment 90721
Epoch 0005 [Test seq (cond on sampled tp)] | Loss 29314.453125 | Likelihood -29415.763672 | KL fp 2.8313 | FP STD 0.1145|
KL coef: 0.0
Train loss (one batch): 27448.546875
Train CE loss (one batch): 0.0
Test MSE: 0.0588
Poisson likelihood: 0.0
CE loss: 0.0
Experiment 90721
Epoch 0006 [Test seq (cond on sampled tp)] | Loss 27779.814453 | Likelihood -28016.890625 | KL fp 2.8893 | FP STD 0.1066|
KL coef: 0.0
Train loss (one batch): 27626.970703125
Train CE loss (one batch): 0.0
Test MSE: 0.0560
Poisson likelihood: 0.0
CE loss: 0.0
Experiment 90721
Epoch 0007 [Test seq (cond on sampled tp)] | Loss 27125.035156 | Likelihood -27269.353516 | KL fp 2.8572 | FP STD 0.1062|
KL coef: 0.0
Train loss (one batch): 27325.580078125
Train CE loss (one batch): 0.0
Test MSE: 0.0546
Poisson likelihood: 0.0
CE loss: 0.0
Experiment 90721
Epoch 0008 [Test seq (cond on sampled tp)] | Loss 26235.863281 | Likelihood -26457.888672 | KL fp 2.8960 | FP STD 0.1024|
KL coef: 0.0
Train loss (one batch): 27529.14453125
Train CE loss (one batch): 0.0
Test MSE: 0.0529
Poisson likelihood: 0.0
CE loss: 0.0
Experiment 90721
Epoch 0009 [Test seq (cond on sampled tp)] | Loss 25021.177734 | Likelihood -25144.796875 | KL fp 2.8871 | FP STD 0.1040|
KL coef: 0.0
Train loss (one batch): 23974.92578125
Train CE loss (one batch): 0.0
Test MSE: 0.0503
Poisson likelihood: 0.0
CE loss: 0.0
Experiment 90721
Epoch 0010 [Test seq (cond on sampled tp)] | Loss 23699.625000 | Likelihood -23862.609375 | KL fp 2.9267 | FP STD 0.1008|
KL coef: 0.0
Train loss (one batch): 21866.58203125
Train CE loss (one batch): 0.0
Test MSE: 0.0477
Poisson likelihood: 0.0
CE loss: 0.0
Experiment 90721
Epoch 0011 [Test seq (cond on sampled tp)] | Loss 22803.912109 | Likelihood -22973.541016 | KL fp 2.8926 | FP STD 0.0992|
KL coef: 0.010000000000000009
Train loss (one batch): 21395.693359375
Train CE loss (one batch): 0.0
Test MSE: 0.0460
Poisson likelihood: 0.0
CE loss: 0.0
Experiment 90721
Epoch 0012 [Test seq (cond on sampled tp)] | Loss 21264.531250 | Likelihood -21520.951172 | KL fp 2.9375 | FP STD 0.0977|
KL coef: 0.01990000000000003
Train loss (one batch): 20624.158203125
Train CE loss (one batch): 0.0
Test MSE: 0.0431
Poisson likelihood: 0.0
CE loss: 0.0
Experiment 90721
Epoch 0013 [Test seq (cond on sampled tp)] | Loss 21257.625000 | Likelihood -21360.369141 | KL fp 2.9782 | FP STD 0.0918|
KL coef: 0.029700999999999977
Train loss (one batch): 20012.056640625
Train CE loss (one batch): 0.0
Test MSE: 0.0427
Poisson likelihood: 0.0
CE loss: 0.0
Experiment 90721
Epoch 0014 [Test seq (cond on sampled tp)] | Loss 20840.882812 | Likelihood -20907.810547 | KL fp 2.9521 | FP STD 0.0932|
KL coef: 0.039403990000000055
Train loss (one batch): 19746.107421875
Train CE loss (one batch): 0.0
Test MSE: 0.0418
Poisson likelihood: 0.0
CE loss: 0.0
Experiment 90721
Epoch 0015 [Test seq (cond on sampled tp)] | Loss 20396.564453 | Likelihood -20523.312500 | KL fp 2.9941 | FP STD 0.0896|
KL coef: 0.04900995010000009
Train loss (one batch): 19438.951171875
Train CE loss (one batch): 0.0
Test MSE: 0.0411
Poisson likelihood: 0.0
CE loss: 0.0
Experiment 90721
Epoch 0016 [Test seq (cond on sampled tp)] | Loss 19972.679688 | Likelihood -20056.673828 | KL fp 3.0163 | FP STD 0.0882|
KL coef: 0.058519850599
Train loss (one batch): 19130.9375
Train CE loss (one batch): 0.0
Test MSE: 0.0401
Poisson likelihood: 0.0
CE loss: 0.0
Experiment 90721
Epoch 0017 [Test seq (cond on sampled tp)] | Loss 19973.091797 | Likelihood -20045.916016 | KL fp 3.0170 | FP STD 0.0876|
KL coef: 0.06793465209301008
Train loss (one batch): 18978.43359375
Train CE loss (one batch): 0.0
Test MSE: 0.0401
Poisson likelihood: 0.0
CE loss: 0.0
Experiment 90721
Epoch 0018 [Test seq (cond on sampled tp)] | Loss 18890.154297 | Likelihood -18992.820312 | KL fp 3.0412 | FP STD 0.0842|
KL coef: 0.07725530557207994
Train loss (one batch): 18044.837890625
Train CE loss (one batch): 0.0
Test MSE: 0.0380
Poisson likelihood: 0.0
CE loss: 0.0
Experiment 90721
Epoch 0019 [Test seq (cond on sampled tp)] | Loss 19013.751953 | Likelihood -19086.697266 | KL fp 2.9972 | FP STD 0.0861|
KL coef: 0.08648275251635917
Train loss (one batch): 17472.720703125
Train CE loss (one batch): 0.0
Test MSE: 0.0382
Poisson likelihood: 0.0
CE loss: 0.0
Experiment 90721
Epoch 0020 [Test seq (cond on sampled tp)] | Loss 18610.230469 | Likelihood -18672.845703 | KL fp 3.0503 | FP STD 0.0835|
KL coef: 0.09561792499119559
Train loss (one batch): 17902.0546875
Train CE loss (one batch): 0.0
Test MSE: 0.0374
Poisson likelihood: 0.0
CE loss: 0.0
Experiment 90721
Epoch 0021 [Test seq (cond on sampled tp)] | Loss 18186.769531 | Likelihood -18205.142578 | KL fp 3.0478 | FP STD 0.0839|
KL coef: 0.10466174574128362
Train loss (one batch): 17076.7109375
Train CE loss (one batch): 0.0
Test MSE: 0.0364
Poisson likelihood: 0.0
CE loss: 0.0
Experiment 90721
Epoch 0022 [Test seq (cond on sampled tp)] | Loss 17910.529297 | Likelihood -18020.890625 | KL fp 3.0724 | FP STD 0.0809|
KL coef: 0.11361512828387077
Train loss (one batch): 16403.8125
Train CE loss (one batch): 0.0
Test MSE: 0.0361
Poisson likelihood: 0.0
CE loss: 0.0
Experiment 90721
Epoch 0023 [Test seq (cond on sampled tp)] | Loss 17756.439453 | Likelihood -17798.007812 | KL fp 3.0985 | FP STD 0.0791|
KL coef: 0.12247897700103216
Train loss (one batch): 16615.23828125
Train CE loss (one batch): 0.0
Test MSE: 0.0356
Poisson likelihood: 0.0
CE loss: 0.0
Experiment 90721
Epoch 0024 [Test seq (cond on sampled tp)] | Loss 17657.542969 | Likelihood -17733.787109 | KL fp 3.0495 | FP STD 0.0818|
KL coef: 0.13125418723102178
Train loss (one batch): 16693.76171875
Train CE loss (one batch): 0.0
Test MSE: 0.0355
Poisson likelihood: 0.0
CE loss: 0.0
Experiment 90721
Epoch 0025 [Test seq (cond on sampled tp)] | Loss 17096.978516 | Likelihood -17179.296875 | KL fp 3.1082 | FP STD 0.0794|
KL coef: 0.13994164535871156
Train loss (one batch): 15867.7802734375
Train CE loss (one batch): 0.0
Test MSE: 0.0344
Poisson likelihood: 0.0
CE loss: 0.0
Experiment 90721
Epoch 0026 [Test seq (cond on sampled tp)] | Loss 17394.609375 | Likelihood -17442.134766 | KL fp 3.1219 | FP STD 0.0765|
KL coef: 0.14854222890512447
Train loss (one batch): 15738.1572265625
Train CE loss (one batch): 0.0
Test MSE: 0.0349
Poisson likelihood: 0.0
CE loss: 0.0
Experiment 90721
Epoch 0027 [Test seq (cond on sampled tp)] | Loss 16833.238281 | Likelihood -16881.046875 | KL fp 3.1502 | FP STD 0.0766|
KL coef: 0.15705680661607324
Train loss (one batch): 15543.466796875
Train CE loss (one batch): 0.0
Test MSE: 0.0338
Poisson likelihood: 0.0
CE loss: 0.0
Experiment 90721
Epoch 0028 [Test seq (cond on sampled tp)] | Loss 16819.937500 | Likelihood -16854.251953 | KL fp 3.1802 | FP STD 0.0726|
KL coef: 0.1654862385499125
Train loss (one batch): 15783.287109375
Train CE loss (one batch): 0.0
Test MSE: 0.0337
Poisson likelihood: 0.0
CE loss: 0.0
Experiment 90721
Epoch 0029 [Test seq (cond on sampled tp)] | Loss 16438.199219 | Likelihood -16588.234375 | KL fp 3.2175 | FP STD 0.0702|
KL coef: 0.17383137616441335
Train loss (one batch): 15279.0439453125
Train CE loss (one batch): 0.0
Test MSE: 0.0332
Poisson likelihood: 0.0
CE loss: 0.0
Experiment 90721
Epoch 0030 [Test seq (cond on sampled tp)] | Loss 16446.730469 | Likelihood -16511.156250 | KL fp 3.1452 | FP STD 0.0735|
KL coef: 0.18209306240276923
Train loss (one batch): 15459.71875
Train CE loss (one batch): 0.0
Test MSE: 0.0330
Poisson likelihood: 0.0
CE loss: 0.0
Experiment 90721
Epoch 0031 [Test seq (cond on sampled tp)] | Loss 16422.349609 | Likelihood -16478.251953 | KL fp 3.1843 | FP STD 0.0728|
KL coef: 0.19027213177874158
Train loss (one batch): 14874.9208984375
Train CE loss (one batch): 0.0
Test MSE: 0.0330
Poisson likelihood: 0.0
CE loss: 0.0
Experiment 90721
Epoch 0032 [Test seq (cond on sampled tp)] | Loss 15892.948242 | Likelihood -15922.006836 | KL fp 3.2293 | FP STD 0.0698|
KL coef: 0.19836941046095413
Train loss (one batch): 14526.7880859375
Train CE loss (one batch): 0.0
Test MSE: 0.0319
Poisson likelihood: 0.0
CE loss: 0.0
Experiment 90721
Epoch 0033 [Test seq (cond on sampled tp)] | Loss 15769.207031 | Likelihood -15810.739258 | KL fp 3.2436 | FP STD 0.0703|
KL coef: 0.20638571635634462
Train loss (one batch): 14003.0439453125
Train CE loss (one batch): 0.0
Test MSE: 0.0316
Poisson likelihood: 0.0
CE loss: 0.0
Experiment 90721
Epoch 0034 [Test seq (cond on sampled tp)] | Loss 15544.973633 | Likelihood -15622.003906 | KL fp 3.1893 | FP STD 0.0711|
KL coef: 0.21432185919278124
Train loss (one batch): 14800.119140625
Train CE loss (one batch): 0.0
Test MSE: 0.0313
Poisson likelihood: 0.0
CE loss: 0.0
Experiment 90721
Epoch 0035 [Test seq (cond on sampled tp)] | Loss 15659.965820 | Likelihood -15724.590820 | KL fp 3.2279 | FP STD 0.0682|
KL coef: 0.22217864060085335
Train loss (one batch): 14197.9072265625
Train CE loss (one batch): 0.0
Test MSE: 0.0315
Poisson likelihood: 0.0
CE loss: 0.0
Experiment 90721
Epoch 0036 [Test seq (cond on sampled tp)] | Loss 14890.371094 | Likelihood -14902.266602 | KL fp 3.2306 | FP STD 0.0684|
KL coef: 0.2299568541948449
Train loss (one batch): 14188.97265625
Train CE loss (one batch): 0.0
Test MSE: 0.0298
Poisson likelihood: 0.0
CE loss: 0.0
Experiment 90721
Epoch 0037 [Test seq (cond on sampled tp)] | Loss 14954.333008 | Likelihood -15027.463867 | KL fp 3.2189 | FP STD 0.0697|
KL coef: 0.23765728565289646
Train loss (one batch): 13441.5859375
Train CE loss (one batch): 0.0
Test MSE: 0.0301
Poisson likelihood: 0.0
CE loss: 0.0
Experiment 90721
Epoch 0038 [Test seq (cond on sampled tp)] | Loss 14795.639648 | Likelihood -14817.403320 | KL fp 3.2401 | FP STD 0.0687|
KL coef: 0.24528071279636743
Train loss (one batch): 13522.7841796875
Train CE loss (one batch): 0.0
Test MSE: 0.0296
Poisson likelihood: 0.0
CE loss: 0.0
Experiment 90721
Epoch 0039 [Test seq (cond on sampled tp)] | Loss 14646.434570 | Likelihood -14663.367188 | KL fp 3.2730 | FP STD 0.0657|
KL coef: 0.25282790566840385
Train loss (one batch): 13257.8291015625
Train CE loss (one batch): 0.0
Test MSE: 0.0293
Poisson likelihood: 0.0
CE loss: 0.0
Experiment 90721
Epoch 0040 [Test seq (cond on sampled tp)] | Loss 14262.115234 | Likelihood -14294.718750 | KL fp 3.2395 | FP STD 0.0667|
KL coef: 0.2602996266117198
Train loss (one batch): 12884.8505859375
Train CE loss (one batch): 0.0
Test MSE: 0.0286
Poisson likelihood: 0.0
CE loss: 0.0
Experiment 90721
Epoch 0041 [Test seq (cond on sampled tp)] | Loss 14009.711914 | Likelihood -14091.403320 | KL fp 3.2636 | FP STD 0.0657|
KL coef: 0.26769663034560254
Train loss (one batch): 12829.1396484375
Train CE loss (one batch): 0.0
Test MSE: 0.0282
Poisson likelihood: 0.0
CE loss: 0.0
Experiment 90721
Epoch 0042 [Test seq (cond on sampled tp)] | Loss 13627.386719 | Likelihood -13667.851562 | KL fp 3.2446 | FP STD 0.0693|
KL coef: 0.2750196640421466
Train loss (one batch): 12288.875
Train CE loss (one batch): 0.0
Test MSE: 0.0273
Poisson likelihood: 0.0
CE loss: 0.0
Experiment 90721
Epoch 0043 [Test seq (cond on sampled tp)] | Loss 13417.975586 | Likelihood -13436.679688 | KL fp 3.2133 | FP STD 0.0674|
KL coef: 0.2822694674017251
Train loss (one batch): 12041.5849609375
Train CE loss (one batch): 0.0
Test MSE: 0.0269
Poisson likelihood: 0.0
CE loss: 0.0
Experiment 90721
Epoch 0044 [Test seq (cond on sampled tp)] | Loss 13262.976562 | Likelihood -13292.652344 | KL fp 3.2414 | FP STD 0.0677|
KL coef: 0.2894467727277079
Train loss (one batch): 11663.1552734375
Train CE loss (one batch): 0.0
Test MSE: 0.0266
Poisson likelihood: 0.0
CE loss: 0.0
Experiment 90721
Epoch 0045 [Test seq (cond on sampled tp)] | Loss 13190.673828 | Likelihood -13261.963867 | KL fp 3.2375 | FP STD 0.0692|
KL coef: 0.29655230500043084
Train loss (one batch): 11930.4033203125
Train CE loss (one batch): 0.0
Test MSE: 0.0265
Poisson likelihood: 0.0
CE loss: 0.0
Experiment 90721
Epoch 0046 [Test seq (cond on sampled tp)] | Loss 12832.325195 | Likelihood -12914.887695 | KL fp 3.2452 | FP STD 0.0683|
KL coef: 0.30358678195042654
Train loss (one batch): 11619.8154296875
Train CE loss (one batch): 0.0
Test MSE: 0.0258
Poisson likelihood: 0.0
CE loss: 0.0
Experiment 90721
Epoch 0047 [Test seq (cond on sampled tp)] | Loss 12655.406250 | Likelihood -12787.760742 | KL fp 3.2320 | FP STD 0.0682|
KL coef: 0.3105509141309223
Train loss (one batch): 11208.5498046875
Train CE loss (one batch): 0.0
Test MSE: 0.0256
Poisson likelihood: 0.0
CE loss: 0.0
Experiment 90721
Epoch 0048 [Test seq (cond on sampled tp)] | Loss 12326.321289 | Likelihood -12402.762695 | KL fp 3.2643 | FP STD 0.0685|
KL coef: 0.31744540498961304
Train loss (one batch): 10659.0361328125
Train CE loss (one batch): 0.0
Test MSE: 0.0248
Poisson likelihood: 0.0
CE loss: 0.0
Experiment 90721
Epoch 0049 [Test seq (cond on sampled tp)] | Loss 12388.374023 | Likelihood -12424.757812 | KL fp 3.2725 | FP STD 0.0674|
KL coef: 0.3242709509397169
Train loss (one batch): 10874.56640625
Train CE loss (one batch): 0.0
Test MSE: 0.0249
Poisson likelihood: 0.0
CE loss: 0.0
Experiment 90721
Epoch 0050 [Test seq (cond on sampled tp)] | Loss 12383.116211 | Likelihood -12448.116211 | KL fp 3.2407 | FP STD 0.0690|
KL coef: 0.3310282414303197
Train loss (one batch): 10745.0283203125
Train CE loss (one batch): 0.0
Test MSE: 0.0249
Poisson likelihood: 0.0
CE loss: 0.0
Experiment 90721
Epoch 0051 [Test seq (cond on sampled tp)] | Loss 12058.569336 | Likelihood -12127.825195 | KL fp 3.2619 | FP STD 0.0664|
KL coef: 0.33771795901601653
Train loss (one batch): 11284.521484375
Train CE loss (one batch): 0.0
Test MSE: 0.0243
Poisson likelihood: 0.0
CE loss: 0.0
Experiment 90721
Epoch 0052 [Test seq (cond on sampled tp)] | Loss 11954.954102 | Likelihood -12018.770508 | KL fp 3.2736 | FP STD 0.0669|
KL coef: 0.3443407794258564
Train loss (one batch): 10402.0361328125
Train CE loss (one batch): 0.0
Test MSE: 0.0240
Poisson likelihood: 0.0
CE loss: 0.0
Experiment 90721
Epoch 0053 [Test seq (cond on sampled tp)] | Loss 11481.275391 | Likelihood -11519.653320 | KL fp 3.2917 | FP STD 0.0652|
KL coef: 0.35089737163159784
Train loss (one batch): 9929.435546875
Train CE loss (one batch): 0.0
Test MSE: 0.0231
Poisson likelihood: 0.0
CE loss: 0.0
Experiment 90721
Epoch 0054 [Test seq (cond on sampled tp)] | Loss 11530.519531 | Likelihood -11552.604492 | KL fp 3.2950 | FP STD 0.0642|
KL coef: 0.3573883979152819
Train loss (one batch): 9963.8388671875
Train CE loss (one batch): 0.0
Test MSE: 0.0231
Poisson likelihood: 0.0
CE loss: 0.0
Experiment 90721
Epoch 0055 [Test seq (cond on sampled tp)] | Loss 11697.452148 | Likelihood -11766.136719 | KL fp 3.3151 | FP STD 0.0638|
KL coef: 0.36381451393612907
Train loss (one batch): 9761.3984375
Train CE loss (one batch): 0.0
Test MSE: 0.0235
Poisson likelihood: 0.0
CE loss: 0.0
Experiment 90721
Epoch 0056 [Test seq (cond on sampled tp)] | Loss 11356.712891 | Likelihood -11384.491211 | KL fp 3.3083 | FP STD 0.0643|
KL coef: 0.37017636879676774
Train loss (one batch): 10261.91796875
Train CE loss (one batch): 0.0
Test MSE: 0.0228
Poisson likelihood: 0.0
CE loss: 0.0
Experiment 90721
Epoch 0057 [Test seq (cond on sampled tp)] | Loss 11357.300781 | Likelihood -11367.500000 | KL fp 3.3198 | FP STD 0.0642|
KL coef: 0.37647460510880004
Train loss (one batch): 10066.1728515625
Train CE loss (one batch): 0.0
Test MSE: 0.0227
Poisson likelihood: 0.0
CE loss: 0.0
Experiment 90721
Epoch 0058 [Test seq (cond on sampled tp)] | Loss 11169.561523 | Likelihood -11250.813477 | KL fp 3.3215 | FP STD 0.0633|
KL coef: 0.38270985905771204
Train loss (one batch): 9475.2119140625
Train CE loss (one batch): 0.0
Test MSE: 0.0225
Poisson likelihood: 0.0
CE loss: 0.0
Experiment 90721
Epoch 0059 [Test seq (cond on sampled tp)] | Loss 10939.150391 | Likelihood -10956.601562 | KL fp 3.3353 | FP STD 0.0625|
KL coef: 0.388882760467135
Train loss (one batch): 9638.4599609375
Train CE loss (one batch): 0.0
Test MSE: 0.0219
Poisson likelihood: 0.0
CE loss: 0.0
Experiment 90721
Epoch 0060 [Test seq (cond on sampled tp)] | Loss 10824.591797 | Likelihood -10876.020508 | KL fp 3.3555 | FP STD 0.0600|
KL coef: 0.39499393286246365
Train loss (one batch): 9610.0966796875
Train CE loss (one batch): 0.0
Test MSE: 0.0218
Poisson likelihood: 0.0
CE loss: 0.0
Experiment 90721
Epoch 0061 [Test seq (cond on sampled tp)] | Loss 10922.675781 | Likelihood -10956.385742 | KL fp 3.4124 | FP STD 0.0584|
KL coef: 0.401043993533839
Train loss (one batch): 9755.958984375
Train CE loss (one batch): 0.0
Test MSE: 0.0219
Poisson likelihood: 0.0
CE loss: 0.0
Experiment 90721
Epoch 0062 [Test seq (cond on sampled tp)] | Loss 10483.088867 | Likelihood -10556.438477 | KL fp 3.4239 | FP STD 0.0579|
KL coef: 0.4070335535985006
Train loss (one batch): 9374.099609375
Train CE loss (one batch): 0.0
Test MSE: 0.0211
Poisson likelihood: 0.0
CE loss: 0.0
Experiment 90721
Epoch 0063 [Test seq (cond on sampled tp)] | Loss 10828.277344 | Likelihood -10914.917969 | KL fp 3.3877 | FP STD 0.0579|
KL coef: 0.41296321806251557
Train loss (one batch): 9362.9833984375
Train CE loss (one batch): 0.0
Test MSE: 0.0218
Poisson likelihood: 0.0
CE loss: 0.0
Experiment 90721
Epoch 0064 [Test seq (cond on sampled tp)] | Loss 10677.392578 | Likelihood -10753.190430 | KL fp 3.4396 | FP STD 0.0577|
KL coef: 0.41883358588189046
Train loss (one batch): 8912.970703125
Train CE loss (one batch): 0.0
Test MSE: 0.0215
Poisson likelihood: 0.0
CE loss: 0.0
Experiment 90721
Epoch 0065 [Test seq (cond on sampled tp)] | Loss 10664.105469 | Likelihood -10739.774414 | KL fp 3.4774 | FP STD 0.0547|
KL coef: 0.4246452500230715
Train loss (one batch): 9311.044921875
Train CE loss (one batch): 0.0
Test MSE: 0.0215
Poisson likelihood: 0.0
CE loss: 0.0
Experiment 90721
Epoch 0066 [Test seq (cond on sampled tp)] | Loss 10405.579102 | Likelihood -10423.925781 | KL fp 3.4418 | FP STD 0.0546|
KL coef: 0.4303987975228408
Train loss (one batch): 8835.0126953125
Train CE loss (one batch): 0.0
Test MSE: 0.0209
Poisson likelihood: 0.0
CE loss: 0.0
Experiment 90721
Epoch 0067 [Test seq (cond on sampled tp)] | Loss 10653.821289 | Likelihood -10655.868164 | KL fp 3.4695 | FP STD 0.0552|
KL coef: 0.4360948095476125
Train loss (one batch): 9013.7666015625
Train CE loss (one batch): 0.0
Test MSE: 0.0213
Poisson likelihood: 0.0
CE loss: 0.0
Experiment 90721
Epoch 0068 [Test seq (cond on sampled tp)] | Loss 10770.109375 | Likelihood -10799.352539 | KL fp 3.4947 | FP STD 0.0538|
KL coef: 0.44173386145213633
Train loss (one batch): 9370.517578125
Train CE loss (one batch): 0.0
Test MSE: 0.0216
Poisson likelihood: 0.0
CE loss: 0.0
Experiment 90721
Epoch 0069 [Test seq (cond on sampled tp)] | Loss 10443.150391 | Likelihood -10460.729492 | KL fp 3.5340 | FP STD 0.0515|
KL coef: 0.4473165228376149
Train loss (one batch): 9158.4267578125
Train CE loss (one batch): 0.0
Test MSE: 0.0209
Poisson likelihood: 0.0
CE loss: 0.0
Experiment 90721
Epoch 0070 [Test seq (cond on sampled tp)] | Loss 10454.120117 | Likelihood -10483.756836 | KL fp 3.5121 | FP STD 0.0517|
KL coef: 0.4528433576092388
Train loss (one batch): 8733.27734375
Train CE loss (one batch): 0.0
Test MSE: 0.0210
Poisson likelihood: 0.0
CE loss: 0.0
Experiment 90721
Epoch 0071 [Test seq (cond on sampled tp)] | Loss 10247.994141 | Likelihood -10310.203125 | KL fp 3.5387 | FP STD 0.0509|
KL coef: 0.45831492403314644
Train loss (one batch): 8519.3017578125
Train CE loss (one batch): 0.0
Test MSE: 0.0206
Poisson likelihood: 0.0
CE loss: 0.0
Experiment 90721
Epoch 0072 [Test seq (cond on sampled tp)] | Loss 10421.177734 | Likelihood -10490.291016 | KL fp 3.5164 | FP STD 0.0507|
KL coef: 0.463731774792815
Train loss (one batch): 9284.5849609375
Train CE loss (one batch): 0.0
Test MSE: 0.0210
Poisson likelihood: 0.0
CE loss: 0.0
Experiment 90721
Epoch 0073 [Test seq (cond on sampled tp)] | Loss 10011.166016 | Likelihood -10050.889648 | KL fp 3.5723 | FP STD 0.0498|
KL coef: 0.46909445704488684
Train loss (one batch): 8467.111328125
Train CE loss (one batch): 0.0
Test MSE: 0.0201
Poisson likelihood: 0.0
CE loss: 0.0
Experiment 90721
Epoch 0074 [Test seq (cond on sampled tp)] | Loss 10175.502930 | Likelihood -10220.725586 | KL fp 3.5498 | FP STD 0.0506|
KL coef: 0.474403512474438
Train loss (one batch): 9012.1328125
Train CE loss (one batch): 0.0
Test MSE: 0.0205
Poisson likelihood: 0.0
CE loss: 0.0
Experiment 90721
Epoch 0075 [Test seq (cond on sampled tp)] | Loss 10124.384766 | Likelihood -10149.784180 | KL fp 3.5973 | FP STD 0.0481|
KL coef: 0.4796594773496936
Train loss (one batch): 8725.173828125
Train CE loss (one batch): 0.0
Test MSE: 0.0203
Poisson likelihood: 0.0
CE loss: 0.0
Experiment 90721
Epoch 0076 [Test seq (cond on sampled tp)] | Loss 10302.412109 | Likelihood -10318.415039 | KL fp 3.6143 | FP STD 0.0471|
KL coef: 0.4848628825761967
Train loss (one batch): 8492.93359375
Train CE loss (one batch): 0.0
Test MSE: 0.0206
Poisson likelihood: 0.0
CE loss: 0.0
Experiment 90721
Epoch 0077 [Test seq (cond on sampled tp)] | Loss 10032.729492 | Likelihood -10057.522461 | KL fp 3.6011 | FP STD 0.0484|
KL coef: 0.4900142537504347
Train loss (one batch): 8635.4697265625
Train CE loss (one batch): 0.0
Test MSE: 0.0201
Poisson likelihood: 0.0
CE loss: 0.0
Experiment 90721
Epoch 0078 [Test seq (cond on sampled tp)] | Loss 10114.898438 | Likelihood -10161.815430 | KL fp 3.5415 | FP STD 0.0494|
KL coef: 0.49511411121293036
Train loss (one batch): 8148.39501953125
Train CE loss (one batch): 0.0
Test MSE: 0.0203
Poisson likelihood: 0.0
CE loss: 0.0
Experiment 90721
Epoch 0079 [Test seq (cond on sampled tp)] | Loss 10208.780273 | Likelihood -10242.868164 | KL fp 3.5860 | FP STD 0.0470|
KL coef: 0.500162970100801
Train loss (one batch): 8740.2744140625
Train CE loss (one batch): 0.0
Test MSE: 0.0205
Poisson likelihood: 0.0
CE loss: 0.0
Experiment 90721
Epoch 0080 [Test seq (cond on sampled tp)] | Loss 10094.398438 | Likelihood -10113.413086 | KL fp 3.6462 | FP STD 0.0460|
KL coef: 0.505161340399793
Train loss (one batch): 8248.3251953125
Train CE loss (one batch): 0.0
Test MSE: 0.0202
Poisson likelihood: 0.0
CE loss: 0.0
Experiment 90721
Epoch 0081 [Test seq (cond on sampled tp)] | Loss 9909.558594 | Likelihood -9924.723633 | KL fp 3.6208 | FP STD 0.0465|
KL coef: 0.510109726995795
Train loss (one batch): 8369.2705078125
Train CE loss (one batch): 0.0
Test MSE: 0.0199
Poisson likelihood: 0.0
CE loss: 0.0
Experiment 90721
Epoch 0082 [Test seq (cond on sampled tp)] | Loss 9834.889648 | Likelihood -9866.425781 | KL fp 3.6479 | FP STD 0.0465|
KL coef: 0.5150086297258372
Train loss (one batch): 7842.6357421875
Train CE loss (one batch): 0.0
Test MSE: 0.0197
Poisson likelihood: 0.0
CE loss: 0.0
Experiment 90721
Epoch 0083 [Test seq (cond on sampled tp)] | Loss 9537.508789 | Likelihood -9560.707031 | KL fp 3.6918 | FP STD 0.0433|
KL coef: 0.5198585434285787
Train loss (one batch): 8546.8623046875
Train CE loss (one batch): 0.0
Test MSE: 0.0191
Poisson likelihood: 0.0
CE loss: 0.0
Experiment 90721
Epoch 0084 [Test seq (cond on sampled tp)] | Loss 10052.995117 | Likelihood -10074.651367 | KL fp 3.6403 | FP STD 0.0449|
KL coef: 0.524659957994293
Train loss (one batch): 7862.689453125
Train CE loss (one batch): 0.0
Test MSE: 0.0202
Poisson likelihood: 0.0
CE loss: 0.0
Experiment 90721
Epoch 0085 [Test seq (cond on sampled tp)] | Loss 9772.662109 | Likelihood -9786.911133 | KL fp 3.6983 | FP STD 0.0434|
KL coef: 0.5294133584143501
Train loss (one batch): 7975.6279296875
Train CE loss (one batch): 0.0
Test MSE: 0.0196
Poisson likelihood: 0.0
CE loss: 0.0
Experiment 90721
Epoch 0086 [Test seq (cond on sampled tp)] | Loss 9818.046875 | Likelihood -9841.362305 | KL fp 3.6435 | FP STD 0.0449|
KL coef: 0.5341192248302067
Train loss (one batch): 7627.86376953125
Train CE loss (one batch): 0.0
Test MSE: 0.0197
Poisson likelihood: 0.0
CE loss: 0.0
Experiment 90721
Epoch 0087 [Test seq (cond on sampled tp)] | Loss 9697.970703 | Likelihood -9749.002930 | KL fp 3.7111 | FP STD 0.0428|
KL coef: 0.5387780325819045
Train loss (one batch): 8061.75048828125
Train CE loss (one batch): 0.0
Test MSE: 0.0195
Poisson likelihood: 0.0
CE loss: 0.0
Experiment 90721
Epoch 0088 [Test seq (cond on sampled tp)] | Loss 9404.886719 | Likelihood -9424.985352 | KL fp 3.7754 | FP STD 0.0402|
KL coef: 0.5433902522560855
Train loss (one batch): 7608.376953125
Train CE loss (one batch): 0.0
Test MSE: 0.0189
Poisson likelihood: 0.0
CE loss: 0.0
Experiment 90721
Epoch 0089 [Test seq (cond on sampled tp)] | Loss 9458.780273 | Likelihood -9498.079102 | KL fp 3.6484 | FP STD 0.0440|
KL coef: 0.5479563497335247
Train loss (one batch): 7733.0625
Train CE loss (one batch): 0.0
Test MSE: 0.0190
Poisson likelihood: 0.0
CE loss: 0.0
Experiment 90721
Epoch 0090 [Test seq (cond on sampled tp)] | Loss 9363.132812 | Likelihood -9396.380859 | KL fp 3.7052 | FP STD 0.0416|
KL coef: 0.5524767862361895
Train loss (one batch): 7598.15234375
Train CE loss (one batch): 0.0
Test MSE: 0.0188
Poisson likelihood: 0.0
CE loss: 0.0
Experiment 90721
Epoch 0091 [Test seq (cond on sampled tp)] | Loss 9394.689453 | Likelihood -9431.677734 | KL fp 3.6966 | FP STD 0.0424|
KL coef: 0.5569520183738275
Train loss (one batch): 7719.5439453125
Train CE loss (one batch): 0.0
Test MSE: 0.0189
Poisson likelihood: 0.0
CE loss: 0.0
Experiment 90721
Epoch 0092 [Test seq (cond on sampled tp)] | Loss 9288.028320 | Likelihood -9304.183594 | KL fp 3.7605 | FP STD 0.0411|
KL coef: 0.5613824981900892
Train loss (one batch): 7625.4853515625
Train CE loss (one batch): 0.0
Test MSE: 0.0186
Poisson likelihood: 0.0
CE loss: 0.0
Experiment 90721
Epoch 0093 [Test seq (cond on sampled tp)] | Loss 9559.780273 | Likelihood -9572.073242 | KL fp 3.6969 | FP STD 0.0421|
KL coef: 0.5657686732081884
Train loss (one batch): 8171.84521484375
Train CE loss (one batch): 0.0
Test MSE: 0.0192
Poisson likelihood: 0.0
CE loss: 0.0
Experiment 90721
Epoch 0094 [Test seq (cond on sampled tp)] | Loss 9515.439453 | Likelihood -9570.398438 | KL fp 3.6889 | FP STD 0.0424|
KL coef: 0.5701109864761065
Train loss (one batch): 7737.2373046875
Train CE loss (one batch): 0.0
Test MSE: 0.0192
Poisson likelihood: 0.0
CE loss: 0.0
Experiment 90721
Epoch 0095 [Test seq (cond on sampled tp)] | Loss 9324.924805 | Likelihood -9370.058594 | KL fp 3.7339 | FP STD 0.0414|
KL coef: 0.5744098766113455
Train loss (one batch): 8385.0380859375
Train CE loss (one batch): 0.0
Test MSE: 0.0188
Poisson likelihood: 0.0
CE loss: 0.0
Experiment 90721
Epoch 0096 [Test seq (cond on sampled tp)] | Loss 9429.966797 | Likelihood -9457.917969 | KL fp 3.7141 | FP STD 0.0411|
KL coef: 0.578665777845232
Train loss (one batch): 7445.06005859375
Train CE loss (one batch): 0.0
Test MSE: 0.0189
Poisson likelihood: 0.0
CE loss: 0.0
Experiment 90721
Epoch 0097 [Test seq (cond on sampled tp)] | Loss 9206.663086 | Likelihood -9214.976562 | KL fp 3.7391 | FP STD 0.0408|
KL coef: 0.5828791200667797
Train loss (one batch): 7708.50830078125
Train CE loss (one batch): 0.0
Test MSE: 0.0184
Poisson likelihood: 0.0
CE loss: 0.0
Experiment 90721
Epoch 0098 [Test seq (cond on sampled tp)] | Loss 9294.593750 | Likelihood -9334.926758 | KL fp 3.7098 | FP STD 0.0409|
KL coef: 0.5870503288661119
Train loss (one batch): 7399.45654296875
Train CE loss (one batch): 0.0
Test MSE: 0.0187
Poisson likelihood: 0.0
CE loss: 0.0
Experiment 90721
Epoch 0099 [Test seq (cond on sampled tp)] | Loss 9030.263672 | Likelihood -9046.226562 | KL fp 3.7436 | FP STD 0.0398|
KL coef: 0.5911798255774507
Train loss (one batch): 7408.4423828125
Train CE loss (one batch): 0.0
Test MSE: 0.0181
Poisson likelihood: 0.0
CE loss: 0.0
Experiment 90721
Epoch 0100 [Test seq (cond on sampled tp)] | Loss 9315.938477 | Likelihood -9339.927734 | KL fp 3.7291 | FP STD 0.0401|
KL coef: 0.5952680273216762
Train loss (one batch): 7164.96240234375
Train CE loss (one batch): 0.0
Test MSE: 0.0187
Poisson likelihood: 0.0
CE loss: 0.0
