/Users/deyiliu/Dropbox/UNC/G4/Spring/790/code/latent_ode-master/run_models.py
run_models.py --niters 100 -n 1000 -l 15 --dataset hopper --latent-ode --z0-encoder rnn -r 1994
Experiment 43000
Epoch 0001 [Test seq (cond on sampled tp)] | Loss 43384.191406 | Likelihood -43515.863281 | KL fp 2.8675 | FP STD 0.1089|
KL coef: 0.0
Train loss (one batch): 48521.01171875
Train CE loss (one batch): 0.0
Test MSE: 0.0870
Poisson likelihood: 0.0
CE loss: 0.0
Experiment 43000
Epoch 0002 [Test seq (cond on sampled tp)] | Loss 30397.595703 | Likelihood -30506.205078 | KL fp 3.4573 | FP STD 0.0638|
KL coef: 0.0
Train loss (one batch): 29109.97265625
Train CE loss (one batch): 0.0
Test MSE: 0.0610
Poisson likelihood: 0.0
CE loss: 0.0
Experiment 43000
Epoch 0003 [Test seq (cond on sampled tp)] | Loss 27709.560547 | Likelihood -27763.960938 | KL fp 3.7518 | FP STD 0.0436|
KL coef: 0.0
Train loss (one batch): 27918.2265625
Train CE loss (one batch): 0.0
Test MSE: 0.0555
Poisson likelihood: 0.0
CE loss: 0.0
Experiment 43000
Epoch 0004 [Test seq (cond on sampled tp)] | Loss 27448.224609 | Likelihood -27581.125000 | KL fp 3.8852 | FP STD 0.0452|
KL coef: 0.0
Train loss (one batch): 26628.61328125
Train CE loss (one batch): 0.0
Test MSE: 0.0552
Poisson likelihood: 0.0
CE loss: 0.0
Experiment 43000
Epoch 0005 [Test seq (cond on sampled tp)] | Loss 27269.525391 | Likelihood -27393.437500 | KL fp 3.7767 | FP STD 0.0490|
KL coef: 0.0
Train loss (one batch): 26633.884765625
Train CE loss (one batch): 0.0
Test MSE: 0.0548
Poisson likelihood: 0.0
CE loss: 0.0
Experiment 43000
Epoch 0006 [Test seq (cond on sampled tp)] | Loss 27176.568359 | Likelihood -27214.562500 | KL fp 3.9462 | FP STD 0.0403|
KL coef: 0.0
Train loss (one batch): 26513.1640625
Train CE loss (one batch): 0.0
Test MSE: 0.0544
Poisson likelihood: 0.0
CE loss: 0.0
Experiment 43000
Epoch 0007 [Test seq (cond on sampled tp)] | Loss 26790.820312 | Likelihood -26853.921875 | KL fp 3.8597 | FP STD 0.0402|
KL coef: 0.0
Train loss (one batch): 26061.6796875
Train CE loss (one batch): 0.0
Test MSE: 0.0537
Poisson likelihood: 0.0
CE loss: 0.0
Experiment 43000
Epoch 0008 [Test seq (cond on sampled tp)] | Loss 26666.419922 | Likelihood -26863.232422 | KL fp 3.4884 | FP STD 0.0531|
KL coef: 0.0
Train loss (one batch): 25908.8046875
Train CE loss (one batch): 0.0
Test MSE: 0.0537
Poisson likelihood: 0.0
CE loss: 0.0
Experiment 43000
Epoch 0009 [Test seq (cond on sampled tp)] | Loss 26079.945312 | Likelihood -26128.453125 | KL fp 3.6697 | FP STD 0.0454|
KL coef: 0.0
Train loss (one batch): 25169.322265625
Train CE loss (one batch): 0.0
Test MSE: 0.0523
Poisson likelihood: 0.0
CE loss: 0.0
Experiment 43000
Epoch 0010 [Test seq (cond on sampled tp)] | Loss 24957.742188 | Likelihood -25039.119141 | KL fp 3.6990 | FP STD 0.0459|
KL coef: 0.0
Train loss (one batch): 24170.73828125
Train CE loss (one batch): 0.0
Test MSE: 0.0501
Poisson likelihood: 0.0
CE loss: 0.0
Experiment 43000
Epoch 0011 [Test seq (cond on sampled tp)] | Loss 23323.654297 | Likelihood -23340.197266 | KL fp 3.6905 | FP STD 0.0491|
KL coef: 0.010000000000000009
Train loss (one batch): 22724.046875
Train CE loss (one batch): 0.0
Test MSE: 0.0467
Poisson likelihood: 0.0
CE loss: 0.0
Experiment 43000
Epoch 0012 [Test seq (cond on sampled tp)] | Loss 21503.199219 | Likelihood -21540.875000 | KL fp 3.7507 | FP STD 0.0438|
KL coef: 0.01990000000000003
Train loss (one batch): 21210.71875
Train CE loss (one batch): 0.0
Test MSE: 0.0431
Poisson likelihood: 0.0
CE loss: 0.0
Experiment 43000
Epoch 0013 [Test seq (cond on sampled tp)] | Loss 20538.640625 | Likelihood -20592.583984 | KL fp 4.2314 | FP STD 0.0293|
KL coef: 0.029700999999999977
Train loss (one batch): 20377.6328125
Train CE loss (one batch): 0.0
Test MSE: 0.0412
Poisson likelihood: 0.0
CE loss: 0.0
Experiment 43000
Epoch 0014 [Test seq (cond on sampled tp)] | Loss 20048.988281 | Likelihood -20090.636719 | KL fp 3.8353 | FP STD 0.0364|
KL coef: 0.039403990000000055
Train loss (one batch): 19816.794921875
Train CE loss (one batch): 0.0
Test MSE: 0.0402
Poisson likelihood: 0.0
CE loss: 0.0
Experiment 43000
Epoch 0015 [Test seq (cond on sampled tp)] | Loss 19654.015625 | Likelihood -19678.169922 | KL fp 4.1357 | FP STD 0.0305|
KL coef: 0.04900995010000009
Train loss (one batch): 19418.158203125
Train CE loss (one batch): 0.0
Test MSE: 0.0394
Poisson likelihood: 0.0
CE loss: 0.0
Experiment 43000
Epoch 0016 [Test seq (cond on sampled tp)] | Loss 19298.638672 | Likelihood -19425.646484 | KL fp 4.0335 | FP STD 0.0342|
KL coef: 0.058519850599
Train loss (one batch): 19117.779296875
Train CE loss (one batch): 0.0
Test MSE: 0.0389
Poisson likelihood: 0.0
CE loss: 0.0
Experiment 43000
Epoch 0017 [Test seq (cond on sampled tp)] | Loss 19040.330078 | Likelihood -19044.070312 | KL fp 4.0419 | FP STD 0.0308|
KL coef: 0.06793465209301008
Train loss (one batch): 18862.275390625
Train CE loss (one batch): 0.0
Test MSE: 0.0381
Poisson likelihood: 0.0
CE loss: 0.0
Experiment 43000
Epoch 0018 [Test seq (cond on sampled tp)] | Loss 18691.458984 | Likelihood -18727.666016 | KL fp 4.2437 | FP STD 0.0266|
KL coef: 0.07725530557207994
Train loss (one batch): 18595.029296875
Train CE loss (one batch): 0.0
Test MSE: 0.0375
Poisson likelihood: 0.0
CE loss: 0.0
Experiment 43000
Epoch 0019 [Test seq (cond on sampled tp)] | Loss 18466.134766 | Likelihood -18521.986328 | KL fp 3.9826 | FP STD 0.0345|
KL coef: 0.08648275251635917
Train loss (one batch): 18180.8515625
Train CE loss (one batch): 0.0
Test MSE: 0.0371
Poisson likelihood: 0.0
CE loss: 0.0
Experiment 43000
Epoch 0020 [Test seq (cond on sampled tp)] | Loss 18207.861328 | Likelihood -18243.197266 | KL fp 4.1776 | FP STD 0.0281|
KL coef: 0.09561792499119559
Train loss (one batch): 17913.748046875
Train CE loss (one batch): 0.0
Test MSE: 0.0365
Poisson likelihood: 0.0
CE loss: 0.0
Experiment 43000
Epoch 0021 [Test seq (cond on sampled tp)] | Loss 17947.021484 | Likelihood -17973.798828 | KL fp 4.2009 | FP STD 0.0276|
KL coef: 0.10466174574128362
Train loss (one batch): 17580.9765625
Train CE loss (one batch): 0.0
Test MSE: 0.0360
Poisson likelihood: 0.0
CE loss: 0.0
Experiment 43000
Epoch 0022 [Test seq (cond on sampled tp)] | Loss 17624.107422 | Likelihood -17631.656250 | KL fp 4.1309 | FP STD 0.0299|
KL coef: 0.11361512828387077
Train loss (one batch): 17320.349609375
Train CE loss (one batch): 0.0
Test MSE: 0.0353
Poisson likelihood: 0.0
CE loss: 0.0
Experiment 43000
Epoch 0023 [Test seq (cond on sampled tp)] | Loss 17280.867188 | Likelihood -17282.943359 | KL fp 4.2139 | FP STD 0.0280|
KL coef: 0.12247897700103216
Train loss (one batch): 17025.900390625
Train CE loss (one batch): 0.0
Test MSE: 0.0346
Poisson likelihood: 0.0
CE loss: 0.0
Experiment 43000
Epoch 0024 [Test seq (cond on sampled tp)] | Loss 16924.183594 | Likelihood -16940.857422 | KL fp 4.2709 | FP STD 0.0268|
KL coef: 0.13125418723102178
Train loss (one batch): 16609.0390625
Train CE loss (one batch): 0.0
Test MSE: 0.0339
Poisson likelihood: 0.0
CE loss: 0.0
Experiment 43000
Epoch 0025 [Test seq (cond on sampled tp)] | Loss 16587.322266 | Likelihood -16648.837891 | KL fp 4.0974 | FP STD 0.0302|
KL coef: 0.13994164535871156
Train loss (one batch): 16371.291015625
Train CE loss (one batch): 0.0
Test MSE: 0.0333
Poisson likelihood: 0.0
CE loss: 0.0
Experiment 43000
Epoch 0026 [Test seq (cond on sampled tp)] | Loss 16321.197266 | Likelihood -16341.562500 | KL fp 4.1716 | FP STD 0.0277|
KL coef: 0.14854222890512447
Train loss (one batch): 15999.3466796875
Train CE loss (one batch): 0.0
Test MSE: 0.0327
Poisson likelihood: 0.0
CE loss: 0.0
Experiment 43000
Epoch 0027 [Test seq (cond on sampled tp)] | Loss 15930.518555 | Likelihood -15944.540039 | KL fp 4.2109 | FP STD 0.0268|
KL coef: 0.15705680661607324
Train loss (one batch): 15556.4609375
Train CE loss (one batch): 0.0
Test MSE: 0.0319
Poisson likelihood: 0.0
CE loss: 0.0
Experiment 43000
Epoch 0028 [Test seq (cond on sampled tp)] | Loss 15626.491211 | Likelihood -15636.612305 | KL fp 4.3027 | FP STD 0.0249|
KL coef: 0.1654862385499125
Train loss (one batch): 15474.9453125
Train CE loss (one batch): 0.0
Test MSE: 0.0313
Poisson likelihood: 0.0
CE loss: 0.0
Experiment 43000
Epoch 0029 [Test seq (cond on sampled tp)] | Loss 15287.980469 | Likelihood -15315.385742 | KL fp 4.1839 | FP STD 0.0300|
KL coef: 0.17383137616441335
Train loss (one batch): 15040.8876953125
Train CE loss (one batch): 0.0
Test MSE: 0.0306
Poisson likelihood: 0.0
CE loss: 0.0
Experiment 43000
Epoch 0030 [Test seq (cond on sampled tp)] | Loss 14844.209961 | Likelihood -14881.211914 | KL fp 4.1992 | FP STD 0.0290|
KL coef: 0.18209306240276923
Train loss (one batch): 14676.171875
Train CE loss (one batch): 0.0
Test MSE: 0.0298
Poisson likelihood: 0.0
CE loss: 0.0
Experiment 43000
Epoch 0031 [Test seq (cond on sampled tp)] | Loss 14400.833008 | Likelihood -14413.643555 | KL fp 4.1555 | FP STD 0.0288|
KL coef: 0.19027213177874158
Train loss (one batch): 14329.6787109375
Train CE loss (one batch): 0.0
Test MSE: 0.0288
Poisson likelihood: 0.0
CE loss: 0.0
Experiment 43000
Epoch 0032 [Test seq (cond on sampled tp)] | Loss 14039.815430 | Likelihood -14062.981445 | KL fp 4.2679 | FP STD 0.0264|
KL coef: 0.19836941046095413
Train loss (one batch): 14116.060546875
Train CE loss (one batch): 0.0
Test MSE: 0.0281
Poisson likelihood: 0.0
CE loss: 0.0
Experiment 43000
Epoch 0033 [Test seq (cond on sampled tp)] | Loss 13665.865234 | Likelihood -13683.885742 | KL fp 4.2723 | FP STD 0.0255|
KL coef: 0.20638571635634462
Train loss (one batch): 13655.759765625
Train CE loss (one batch): 0.0
Test MSE: 0.0274
Poisson likelihood: 0.0
CE loss: 0.0
Experiment 43000
Epoch 0034 [Test seq (cond on sampled tp)] | Loss 13435.813477 | Likelihood -13446.077148 | KL fp 4.3242 | FP STD 0.0248|
KL coef: 0.21432185919278124
Train loss (one batch): 13459.048828125
Train CE loss (one batch): 0.0
Test MSE: 0.0269
Poisson likelihood: 0.0
CE loss: 0.0
Experiment 43000
Epoch 0035 [Test seq (cond on sampled tp)] | Loss 13195.811523 | Likelihood -13213.979492 | KL fp 4.3033 | FP STD 0.0250|
KL coef: 0.22217864060085335
Train loss (one batch): 13216.7080078125
Train CE loss (one batch): 0.0
Test MSE: 0.0264
Poisson likelihood: 0.0
CE loss: 0.0
Experiment 43000
Epoch 0036 [Test seq (cond on sampled tp)] | Loss 12964.142578 | Likelihood -12976.026367 | KL fp 4.3041 | FP STD 0.0253|
KL coef: 0.2299568541948449
Train loss (one batch): 13027.14453125
Train CE loss (one batch): 0.0
Test MSE: 0.0260
Poisson likelihood: 0.0
CE loss: 0.0
Experiment 43000
Epoch 0037 [Test seq (cond on sampled tp)] | Loss 12779.019531 | Likelihood -12799.403320 | KL fp 4.4187 | FP STD 0.0230|
KL coef: 0.23765728565289646
Train loss (one batch): 12853.7880859375
Train CE loss (one batch): 0.0
Test MSE: 0.0256
Poisson likelihood: 0.0
CE loss: 0.0
Experiment 43000
Epoch 0038 [Test seq (cond on sampled tp)] | Loss 12592.613281 | Likelihood -12602.364258 | KL fp 4.3901 | FP STD 0.0230|
KL coef: 0.24528071279636743
Train loss (one batch): 12724.107421875
Train CE loss (one batch): 0.0
Test MSE: 0.0252
Poisson likelihood: 0.0
CE loss: 0.0
Experiment 43000
Epoch 0039 [Test seq (cond on sampled tp)] | Loss 12451.875000 | Likelihood -12453.726562 | KL fp 4.3044 | FP STD 0.0253|
KL coef: 0.25282790566840385
Train loss (one batch): 12423.2822265625
Train CE loss (one batch): 0.0
Test MSE: 0.0249
Poisson likelihood: 0.0
CE loss: 0.0
Experiment 43000
Epoch 0040 [Test seq (cond on sampled tp)] | Loss 12164.780273 | Likelihood -12200.246094 | KL fp 4.3647 | FP STD 0.0233|
KL coef: 0.2602996266117198
Train loss (one batch): 12325.62109375
Train CE loss (one batch): 0.0
Test MSE: 0.0244
Poisson likelihood: 0.0
CE loss: 0.0
Experiment 43000
Epoch 0041 [Test seq (cond on sampled tp)] | Loss 12029.098633 | Likelihood -12042.678711 | KL fp 4.2941 | FP STD 0.0248|
KL coef: 0.26769663034560254
Train loss (one batch): 12082.642578125
Train CE loss (one batch): 0.0
Test MSE: 0.0241
Poisson likelihood: 0.0
CE loss: 0.0
Experiment 43000
Epoch 0042 [Test seq (cond on sampled tp)] | Loss 11739.876953 | Likelihood -11742.143555 | KL fp 4.4881 | FP STD 0.0210|
KL coef: 0.2750196640421466
Train loss (one batch): 11874.5029296875
Train CE loss (one batch): 0.0
Test MSE: 0.0235
Poisson likelihood: 0.0
CE loss: 0.0
Experiment 43000
Epoch 0043 [Test seq (cond on sampled tp)] | Loss 11536.313477 | Likelihood -11545.229492 | KL fp 4.4760 | FP STD 0.0214|
KL coef: 0.2822694674017251
Train loss (one batch): 11672.4140625
Train CE loss (one batch): 0.0
Test MSE: 0.0231
Poisson likelihood: 0.0
CE loss: 0.0
Experiment 43000
Epoch 0044 [Test seq (cond on sampled tp)] | Loss 11263.752930 | Likelihood -11278.046875 | KL fp 4.5271 | FP STD 0.0204|
KL coef: 0.2894467727277079
Train loss (one batch): 11515.408203125
Train CE loss (one batch): 0.0
Test MSE: 0.0226
Poisson likelihood: 0.0
CE loss: 0.0
Experiment 43000
Epoch 0045 [Test seq (cond on sampled tp)] | Loss 11052.393555 | Likelihood -11070.073242 | KL fp 4.4231 | FP STD 0.0226|
KL coef: 0.29655230500043084
Train loss (one batch): 11342.7431640625
Train CE loss (one batch): 0.0
Test MSE: 0.0222
Poisson likelihood: 0.0
CE loss: 0.0
Experiment 43000
Epoch 0046 [Test seq (cond on sampled tp)] | Loss 10838.900391 | Likelihood -10865.180664 | KL fp 4.2787 | FP STD 0.0240|
KL coef: 0.30358678195042654
Train loss (one batch): 11122.865234375
Train CE loss (one batch): 0.0
Test MSE: 0.0217
Poisson likelihood: 0.0
CE loss: 0.0
Experiment 43000
Epoch 0047 [Test seq (cond on sampled tp)] | Loss 10656.742188 | Likelihood -10663.307617 | KL fp 4.3656 | FP STD 0.0231|
KL coef: 0.3105509141309223
Train loss (one batch): 10934.509765625
Train CE loss (one batch): 0.0
Test MSE: 0.0213
Poisson likelihood: 0.0
CE loss: 0.0
Experiment 43000
Epoch 0048 [Test seq (cond on sampled tp)] | Loss 10455.666016 | Likelihood -10464.304688 | KL fp 4.4307 | FP STD 0.0215|
KL coef: 0.31744540498961304
Train loss (one batch): 10624.708984375
Train CE loss (one batch): 0.0
Test MSE: 0.0209
Poisson likelihood: 0.0
CE loss: 0.0
Experiment 43000
Epoch 0049 [Test seq (cond on sampled tp)] | Loss 10237.469727 | Likelihood -10248.803711 | KL fp 4.4252 | FP STD 0.0227|
KL coef: 0.3242709509397169
Train loss (one batch): 10484.07421875
Train CE loss (one batch): 0.0
Test MSE: 0.0205
Poisson likelihood: 0.0
CE loss: 0.0
Experiment 43000
Epoch 0050 [Test seq (cond on sampled tp)] | Loss 10090.137695 | Likelihood -10094.041992 | KL fp 4.4029 | FP STD 0.0219|
KL coef: 0.3310282414303197
Train loss (one batch): 10245.1669921875
Train CE loss (one batch): 0.0
Test MSE: 0.0202
Poisson likelihood: 0.0
CE loss: 0.0
Experiment 43000
Epoch 0051 [Test seq (cond on sampled tp)] | Loss 9913.622070 | Likelihood -9942.014648 | KL fp 4.4531 | FP STD 0.0219|
KL coef: 0.33771795901601653
Train loss (one batch): 10098.5791015625
Train CE loss (one batch): 0.0
Test MSE: 0.0199
Poisson likelihood: 0.0
CE loss: 0.0
Experiment 43000
Epoch 0052 [Test seq (cond on sampled tp)] | Loss 9770.590820 | Likelihood -9775.024414 | KL fp 4.5472 | FP STD 0.0188|
KL coef: 0.3443407794258564
Train loss (one batch): 9867.2998046875
Train CE loss (one batch): 0.0
Test MSE: 0.0196
Poisson likelihood: 0.0
CE loss: 0.0
Experiment 43000
Epoch 0053 [Test seq (cond on sampled tp)] | Loss 9642.423828 | Likelihood -9651.396484 | KL fp 4.4964 | FP STD 0.0203|
KL coef: 0.35089737163159784
Train loss (one batch): 9715.1591796875
Train CE loss (one batch): 0.0
Test MSE: 0.0193
Poisson likelihood: 0.0
CE loss: 0.0
Experiment 43000
Epoch 0054 [Test seq (cond on sampled tp)] | Loss 9481.613281 | Likelihood -9488.824219 | KL fp 4.6854 | FP STD 0.0164|
KL coef: 0.3573883979152819
Train loss (one batch): 9527.2109375
Train CE loss (one batch): 0.0
Test MSE: 0.0190
Poisson likelihood: 0.0
CE loss: 0.0
Experiment 43000
Epoch 0055 [Test seq (cond on sampled tp)] | Loss 9413.624023 | Likelihood -9417.222656 | KL fp 4.6240 | FP STD 0.0181|
KL coef: 0.36381451393612907
Train loss (one batch): 9440.7353515625
Train CE loss (one batch): 0.0
Test MSE: 0.0188
Poisson likelihood: 0.0
CE loss: 0.0
Experiment 43000
Epoch 0056 [Test seq (cond on sampled tp)] | Loss 9284.460938 | Likelihood -9288.143555 | KL fp 4.8516 | FP STD 0.0146|
KL coef: 0.37017636879676774
Train loss (one batch): 9317.2216796875
Train CE loss (one batch): 0.0
Test MSE: 0.0186
Poisson likelihood: 0.0
CE loss: 0.0
Experiment 43000
Epoch 0057 [Test seq (cond on sampled tp)] | Loss 9180.528320 | Likelihood -9186.721680 | KL fp 4.6641 | FP STD 0.0168|
KL coef: 0.37647460510880004
Train loss (one batch): 9226.734375
Train CE loss (one batch): 0.0
Test MSE: 0.0184
Poisson likelihood: 0.0
CE loss: 0.0
Experiment 43000
Epoch 0058 [Test seq (cond on sampled tp)] | Loss 9109.534180 | Likelihood -9113.992188 | KL fp 4.6593 | FP STD 0.0172|
KL coef: 0.38270985905771204
Train loss (one batch): 9107.8125
Train CE loss (one batch): 0.0
Test MSE: 0.0182
Poisson likelihood: 0.0
CE loss: 0.0
Experiment 43000
Epoch 0059 [Test seq (cond on sampled tp)] | Loss 9011.722656 | Likelihood -9019.313477 | KL fp 4.9267 | FP STD 0.0132|
KL coef: 0.388882760467135
Train loss (one batch): 9094.140625
Train CE loss (one batch): 0.0
Test MSE: 0.0181
Poisson likelihood: 0.0
CE loss: 0.0
Experiment 43000
Epoch 0060 [Test seq (cond on sampled tp)] | Loss 8919.845703 | Likelihood -8929.946289 | KL fp 4.8964 | FP STD 0.0137|
KL coef: 0.39499393286246365
Train loss (one batch): 8977.68359375
Train CE loss (one batch): 0.0
Test MSE: 0.0179
Poisson likelihood: 0.0
CE loss: 0.0
Experiment 43000
Epoch 0061 [Test seq (cond on sampled tp)] | Loss 8885.145508 | Likelihood -8886.333008 | KL fp 4.8709 | FP STD 0.0137|
KL coef: 0.401043993533839
Train loss (one batch): 8938.3349609375
Train CE loss (one batch): 0.0
Test MSE: 0.0178
Poisson likelihood: 0.0
CE loss: 0.0
Experiment 43000
Epoch 0062 [Test seq (cond on sampled tp)] | Loss 8798.955078 | Likelihood -8805.822266 | KL fp 4.9892 | FP STD 0.0124|
KL coef: 0.4070335535985006
Train loss (one batch): 8858.4931640625
Train CE loss (one batch): 0.0
Test MSE: 0.0176
Poisson likelihood: 0.0
CE loss: 0.0
Experiment 43000
Epoch 0063 [Test seq (cond on sampled tp)] | Loss 8742.949219 | Likelihood -8744.610352 | KL fp 4.9031 | FP STD 0.0132|
KL coef: 0.41296321806251557
Train loss (one batch): 8819.7734375
Train CE loss (one batch): 0.0
Test MSE: 0.0175
Poisson likelihood: 0.0
CE loss: 0.0
Experiment 43000
Epoch 0064 [Test seq (cond on sampled tp)] | Loss 8679.881836 | Likelihood -8681.808594 | KL fp 4.8275 | FP STD 0.0149|
KL coef: 0.41883358588189046
Train loss (one batch): 8749.9990234375
Train CE loss (one batch): 0.0
Test MSE: 0.0174
Poisson likelihood: 0.0
CE loss: 0.0
Experiment 43000
Epoch 0065 [Test seq (cond on sampled tp)] | Loss 8647.465820 | Likelihood -8651.563477 | KL fp 4.6123 | FP STD 0.0193|
KL coef: 0.4246452500230715
Train loss (one batch): 8732.609375
Train CE loss (one batch): 0.0
Test MSE: 0.0173
Poisson likelihood: 0.0
CE loss: 0.0
Experiment 43000
Epoch 0066 [Test seq (cond on sampled tp)] | Loss 8581.549805 | Likelihood -8590.227539 | KL fp 4.8147 | FP STD 0.0155|
KL coef: 0.4303987975228408
Train loss (one batch): 8684.197265625
Train CE loss (one batch): 0.0
Test MSE: 0.0172
Poisson likelihood: 0.0
CE loss: 0.0
Experiment 43000
Epoch 0067 [Test seq (cond on sampled tp)] | Loss 8515.099609 | Likelihood -8515.766602 | KL fp 4.7750 | FP STD 0.0154|
KL coef: 0.4360948095476125
Train loss (one batch): 8607.2470703125
Train CE loss (one batch): 0.0
Test MSE: 0.0170
Poisson likelihood: 0.0
CE loss: 0.0
Experiment 43000
Epoch 0068 [Test seq (cond on sampled tp)] | Loss 8457.956055 | Likelihood -8465.506836 | KL fp 4.7208 | FP STD 0.0167|
KL coef: 0.44173386145213633
Train loss (one batch): 8584.6455078125
Train CE loss (one batch): 0.0
Test MSE: 0.0169
Poisson likelihood: 0.0
CE loss: 0.0
Experiment 43000
Epoch 0069 [Test seq (cond on sampled tp)] | Loss 8399.864258 | Likelihood -8417.761719 | KL fp 4.8335 | FP STD 0.0142|
KL coef: 0.4473165228376149
Train loss (one batch): 8561.611328125
Train CE loss (one batch): 0.0
Test MSE: 0.0168
Poisson likelihood: 0.0
CE loss: 0.0
Experiment 43000
Epoch 0070 [Test seq (cond on sampled tp)] | Loss 8355.997070 | Likelihood -8359.389648 | KL fp 5.0177 | FP STD 0.0122|
KL coef: 0.4528433576092388
Train loss (one batch): 8514.8271484375
Train CE loss (one batch): 0.0
Test MSE: 0.0167
Poisson likelihood: 0.0
CE loss: 0.0
Experiment 43000
Epoch 0071 [Test seq (cond on sampled tp)] | Loss 8307.100586 | Likelihood -8315.772461 | KL fp 4.9807 | FP STD 0.0134|
KL coef: 0.45831492403314644
Train loss (one batch): 8427.6865234375
Train CE loss (one batch): 0.0
Test MSE: 0.0166
Poisson likelihood: 0.0
CE loss: 0.0
Experiment 43000
Epoch 0072 [Test seq (cond on sampled tp)] | Loss 8290.692383 | Likelihood -8296.570312 | KL fp 4.8148 | FP STD 0.0154|
KL coef: 0.463731774792815
Train loss (one batch): 8458.6015625
Train CE loss (one batch): 0.0
Test MSE: 0.0166
Poisson likelihood: 0.0
CE loss: 0.0
Experiment 43000
Epoch 0073 [Test seq (cond on sampled tp)] | Loss 8232.329102 | Likelihood -8231.655273 | KL fp 4.8262 | FP STD 0.0151|
KL coef: 0.46909445704488684
Train loss (one batch): 8410.6865234375
Train CE loss (one batch): 0.0
Test MSE: 0.0165
Poisson likelihood: 0.0
CE loss: 0.0
Experiment 43000
Epoch 0074 [Test seq (cond on sampled tp)] | Loss 8194.460938 | Likelihood -8198.874023 | KL fp 4.9059 | FP STD 0.0136|
KL coef: 0.474403512474438
Train loss (one batch): 8326.2138671875
Train CE loss (one batch): 0.0
Test MSE: 0.0164
Poisson likelihood: 0.0
CE loss: 0.0
Experiment 43000
Epoch 0075 [Test seq (cond on sampled tp)] | Loss 8165.869629 | Likelihood -8166.513184 | KL fp 4.8388 | FP STD 0.0150|
KL coef: 0.4796594773496936
Train loss (one batch): 8324.673828125
Train CE loss (one batch): 0.0
Test MSE: 0.0163
Poisson likelihood: 0.0
CE loss: 0.0
Experiment 43000
Epoch 0076 [Test seq (cond on sampled tp)] | Loss 8093.616211 | Likelihood -8101.128906 | KL fp 4.9878 | FP STD 0.0132|
KL coef: 0.4848628825761967
Train loss (one batch): 8275.5390625
Train CE loss (one batch): 0.0
Test MSE: 0.0162
Poisson likelihood: 0.0
CE loss: 0.0
Experiment 43000
Epoch 0077 [Test seq (cond on sampled tp)] | Loss 8038.181152 | Likelihood -8053.468750 | KL fp 4.8219 | FP STD 0.0144|
KL coef: 0.4900142537504347
Train loss (one batch): 8215.365234375
Train CE loss (one batch): 0.0
Test MSE: 0.0161
Poisson likelihood: 0.0
CE loss: 0.0
Experiment 43000
Epoch 0078 [Test seq (cond on sampled tp)] | Loss 8007.343262 | Likelihood -8008.439941 | KL fp 4.9277 | FP STD 0.0138|
KL coef: 0.49511411121293036
Train loss (one batch): 8144.0966796875
Train CE loss (one batch): 0.0
Test MSE: 0.0160
Poisson likelihood: 0.0
CE loss: 0.0
Experiment 43000
Epoch 0079 [Test seq (cond on sampled tp)] | Loss 7943.838379 | Likelihood -7949.057129 | KL fp 5.0463 | FP STD 0.0122|
KL coef: 0.500162970100801
Train loss (one batch): 8120.94482421875
Train CE loss (one batch): 0.0
Test MSE: 0.0159
Poisson likelihood: 0.0
CE loss: 0.0
Experiment 43000
Epoch 0080 [Test seq (cond on sampled tp)] | Loss 7916.715332 | Likelihood -7920.136230 | KL fp 4.9330 | FP STD 0.0129|
KL coef: 0.505161340399793
Train loss (one batch): 8110.47705078125
Train CE loss (one batch): 0.0
Test MSE: 0.0159
Poisson likelihood: 0.0
CE loss: 0.0
Experiment 43000
Epoch 0081 [Test seq (cond on sampled tp)] | Loss 7886.065918 | Likelihood -7889.406250 | KL fp 4.8338 | FP STD 0.0140|
KL coef: 0.510109726995795
Train loss (one batch): 8083.05224609375
Train CE loss (one batch): 0.0
Test MSE: 0.0158
Poisson likelihood: 0.0
CE loss: 0.0
Experiment 43000
Epoch 0082 [Test seq (cond on sampled tp)] | Loss 7810.537109 | Likelihood -7818.945312 | KL fp 4.9191 | FP STD 0.0134|
KL coef: 0.5150086297258372
Train loss (one batch): 8018.08447265625
Train CE loss (one batch): 0.0
Test MSE: 0.0156
Poisson likelihood: 0.0
CE loss: 0.0
Experiment 43000
Epoch 0083 [Test seq (cond on sampled tp)] | Loss 7765.860352 | Likelihood -7766.925781 | KL fp 5.0146 | FP STD 0.0122|
KL coef: 0.5198585434285787
Train loss (one batch): 7983.12353515625
Train CE loss (one batch): 0.0
Test MSE: 0.0155
Poisson likelihood: 0.0
CE loss: 0.0
Experiment 43000
Epoch 0084 [Test seq (cond on sampled tp)] | Loss 7733.980469 | Likelihood -7736.121094 | KL fp 5.0233 | FP STD 0.0121|
KL coef: 0.524659957994293
Train loss (one batch): 7957.2236328125
Train CE loss (one batch): 0.0
Test MSE: 0.0155
Poisson likelihood: 0.0
CE loss: 0.0
Experiment 43000
Epoch 0085 [Test seq (cond on sampled tp)] | Loss 7699.871094 | Likelihood -7704.423340 | KL fp 4.9345 | FP STD 0.0133|
KL coef: 0.5294133584143501
Train loss (one batch): 7939.3115234375
Train CE loss (one batch): 0.0
Test MSE: 0.0154
Poisson likelihood: 0.0
CE loss: 0.0
Experiment 43000
Epoch 0086 [Test seq (cond on sampled tp)] | Loss 7636.944336 | Likelihood -7642.459473 | KL fp 4.9110 | FP STD 0.0133|
KL coef: 0.5341192248302067
Train loss (one batch): 7830.25341796875
Train CE loss (one batch): 0.0
Test MSE: 0.0153
Poisson likelihood: 0.0
CE loss: 0.0
Experiment 43000
Epoch 0087 [Test seq (cond on sampled tp)] | Loss 7606.527832 | Likelihood -7607.503418 | KL fp 4.8362 | FP STD 0.0153|
KL coef: 0.5387780325819045
Train loss (one batch): 7818.86669921875
Train CE loss (one batch): 0.0
Test MSE: 0.0152
Poisson likelihood: 0.0
CE loss: 0.0
Experiment 43000
Epoch 0088 [Test seq (cond on sampled tp)] | Loss 7557.035156 | Likelihood -7559.020020 | KL fp 4.8871 | FP STD 0.0149|
KL coef: 0.5433902522560855
Train loss (one batch): 7791.17626953125
Train CE loss (one batch): 0.0
Test MSE: 0.0151
Poisson likelihood: 0.0
CE loss: 0.0
Experiment 43000
Epoch 0089 [Test seq (cond on sampled tp)] | Loss 7503.200684 | Likelihood -7503.629395 | KL fp 5.0070 | FP STD 0.0122|
KL coef: 0.5479563497335247
Train loss (one batch): 7752.70703125
Train CE loss (one batch): 0.0
Test MSE: 0.0150
Poisson likelihood: 0.0
CE loss: 0.0
Experiment 43000
Epoch 0090 [Test seq (cond on sampled tp)] | Loss 7476.010254 | Likelihood -7476.765137 | KL fp 4.8010 | FP STD 0.0143|
KL coef: 0.5524767862361895
Train loss (one batch): 7705.79931640625
Train CE loss (one batch): 0.0
Test MSE: 0.0150
Poisson likelihood: 0.0
CE loss: 0.0
Experiment 43000
Epoch 0091 [Test seq (cond on sampled tp)] | Loss 7416.084961 | Likelihood -7415.952637 | KL fp 5.0010 | FP STD 0.0122|
KL coef: 0.5569520183738275
Train loss (one batch): 7696.3125
Train CE loss (one batch): 0.0
Test MSE: 0.0148
Poisson likelihood: 0.0
CE loss: 0.0
Experiment 43000
Epoch 0092 [Test seq (cond on sampled tp)] | Loss 7370.170410 | Likelihood -7369.098145 | KL fp 5.0035 | FP STD 0.0125|
KL coef: 0.5613824981900892
Train loss (one batch): 7634.8330078125
Train CE loss (one batch): 0.0
Test MSE: 0.0148
Poisson likelihood: 0.0
CE loss: 0.0
Experiment 43000
Epoch 0093 [Test seq (cond on sampled tp)] | Loss 7309.259277 | Likelihood -7315.884766 | KL fp 5.0473 | FP STD 0.0121|
KL coef: 0.5657686732081884
Train loss (one batch): 7615.71142578125
Train CE loss (one batch): 0.0
Test MSE: 0.0146
Poisson likelihood: 0.0
CE loss: 0.0
Experiment 43000
Epoch 0094 [Test seq (cond on sampled tp)] | Loss 7269.588867 | Likelihood -7271.010254 | KL fp 5.0432 | FP STD 0.0121|
KL coef: 0.5701109864761065
Train loss (one batch): 7583.46533203125
Train CE loss (one batch): 0.0
Test MSE: 0.0146
Poisson likelihood: 0.0
CE loss: 0.0
Experiment 43000
Epoch 0095 [Test seq (cond on sampled tp)] | Loss 7238.470215 | Likelihood -7248.253418 | KL fp 4.7969 | FP STD 0.0145|
KL coef: 0.5744098766113455
Train loss (one batch): 7561.76318359375
Train CE loss (one batch): 0.0
Test MSE: 0.0145
Poisson likelihood: 0.0
CE loss: 0.0
Experiment 43000
Epoch 0096 [Test seq (cond on sampled tp)] | Loss 7221.708008 | Likelihood -7232.826660 | KL fp 4.8253 | FP STD 0.0157|
KL coef: 0.578665777845232
Train loss (one batch): 7510.32373046875
Train CE loss (one batch): 0.0
Test MSE: 0.0145
Poisson likelihood: 0.0
CE loss: 0.0
Experiment 43000
Epoch 0097 [Test seq (cond on sampled tp)] | Loss 7153.958496 | Likelihood -7160.007324 | KL fp 4.9296 | FP STD 0.0137|
KL coef: 0.5828791200667797
Train loss (one batch): 7423.69482421875
Train CE loss (one batch): 0.0
Test MSE: 0.0143
Poisson likelihood: 0.0
CE loss: 0.0
Experiment 43000
Epoch 0098 [Test seq (cond on sampled tp)] | Loss 7096.355469 | Likelihood -7103.061035 | KL fp 5.0957 | FP STD 0.0116|
KL coef: 0.5870503288661119
Train loss (one batch): 7406.25
Train CE loss (one batch): 0.0
Test MSE: 0.0142
Poisson likelihood: 0.0
CE loss: 0.0
Experiment 43000
Epoch 0099 [Test seq (cond on sampled tp)] | Loss 7068.693848 | Likelihood -7075.757324 | KL fp 4.9838 | FP STD 0.0128|
KL coef: 0.5911798255774507
Train loss (one batch): 7345.3447265625
Train CE loss (one batch): 0.0
Test MSE: 0.0142
Poisson likelihood: 0.0
CE loss: 0.0
Experiment 43000
Epoch 0100 [Test seq (cond on sampled tp)] | Loss 7019.191895 | Likelihood -7024.497559 | KL fp 4.9715 | FP STD 0.0125|
KL coef: 0.5952680273216762
Train loss (one batch): 7298.66552734375
Train CE loss (one batch): 0.0
Test MSE: 0.0141
Poisson likelihood: 0.0
CE loss: 0.0
