/Users/deyiliu/Dropbox/UNC/G4/Spring/790/code/latent_ode-master/run_models.py
run_models.py --niters 300 -n 1000 -l 15 --dataset hopper --latent-ode --z0-encoder rnn -r 2222
Experiment 94796
Epoch 0001 [Test seq (cond on sampled tp)] | Loss 39231.359375 | Likelihood -39469.027344 | KL fp 3.4803 | FP STD 0.0883|
KL coef: 0.0
Train loss (one batch): 46538.859375
Train CE loss (one batch): 0.0
Test MSE: 0.0790
Poisson likelihood: 0.0
CE loss: 0.0
Experiment 94796
Epoch 0002 [Test seq (cond on sampled tp)] | Loss 29804.523438 | Likelihood -29896.859375 | KL fp 3.8236 | FP STD 0.0519|
KL coef: 0.0
Train loss (one batch): 29096.255859375
Train CE loss (one batch): 0.0
Test MSE: 0.0598
Poisson likelihood: 0.0
CE loss: 0.0
Experiment 94796
Epoch 0003 [Test seq (cond on sampled tp)] | Loss 28179.402344 | Likelihood -28229.923828 | KL fp 3.7826 | FP STD 0.0475|
KL coef: 0.0
Train loss (one batch): 27376.431640625
Train CE loss (one batch): 0.0
Test MSE: 0.0565
Poisson likelihood: 0.0
CE loss: 0.0
Experiment 94796
Epoch 0004 [Test seq (cond on sampled tp)] | Loss 27695.539062 | Likelihood -27740.798828 | KL fp 4.0266 | FP STD 0.0488|
KL coef: 0.0
Train loss (one batch): 26239.36328125
Train CE loss (one batch): 0.0
Test MSE: 0.0555
Poisson likelihood: 0.0
CE loss: 0.0
Experiment 94796
Epoch 0005 [Test seq (cond on sampled tp)] | Loss 27212.580078 | Likelihood -27342.369141 | KL fp 3.9332 | FP STD 0.0469|
KL coef: 0.0
Train loss (one batch): 26354.01171875
Train CE loss (one batch): 0.0
Test MSE: 0.0547
Poisson likelihood: 0.0
CE loss: 0.0
Experiment 94796
Epoch 0006 [Test seq (cond on sampled tp)] | Loss 27118.158203 | Likelihood -27200.892578 | KL fp 3.9072 | FP STD 0.0460|
KL coef: 0.0
Train loss (one batch): 25939.380859375
Train CE loss (one batch): 0.0
Test MSE: 0.0544
Poisson likelihood: 0.0
CE loss: 0.0
Experiment 94796
Epoch 0007 [Test seq (cond on sampled tp)] | Loss 26917.650391 | Likelihood -27005.130859 | KL fp 3.9676 | FP STD 0.0496|
KL coef: 0.0
Train loss (one batch): 25861.974609375
Train CE loss (one batch): 0.0
Test MSE: 0.0540
Poisson likelihood: 0.0
CE loss: 0.0
Experiment 94796
Epoch 0008 [Test seq (cond on sampled tp)] | Loss 26585.085938 | Likelihood -26652.796875 | KL fp 4.0854 | FP STD 0.0420|
KL coef: 0.0
Train loss (one batch): 25171.2265625
Train CE loss (one batch): 0.0
Test MSE: 0.0533
Poisson likelihood: 0.0
CE loss: 0.0
Experiment 94796
Epoch 0009 [Test seq (cond on sampled tp)] | Loss 26282.839844 | Likelihood -26355.781250 | KL fp 3.6037 | FP STD 0.0550|
KL coef: 0.0
Train loss (one batch): 24701.205078125
Train CE loss (one batch): 0.0
Test MSE: 0.0527
Poisson likelihood: 0.0
CE loss: 0.0
Experiment 94796
Epoch 0010 [Test seq (cond on sampled tp)] | Loss 25687.650391 | Likelihood -25753.400391 | KL fp 4.1487 | FP STD 0.0371|
KL coef: 0.0
Train loss (one batch): 23941.970703125
Train CE loss (one batch): 0.0
Test MSE: 0.0515
Poisson likelihood: 0.0
CE loss: 0.0
Experiment 94796
Epoch 0011 [Test seq (cond on sampled tp)] | Loss 24733.486328 | Likelihood -24781.259766 | KL fp 4.3405 | FP STD 0.0321|
KL coef: 0.010000000000000009
Train loss (one batch): 23092.15234375
Train CE loss (one batch): 0.0
Test MSE: 0.0496
Poisson likelihood: 0.0
CE loss: 0.0
Experiment 94796
Epoch 0012 [Test seq (cond on sampled tp)] | Loss 23525.369141 | Likelihood -23594.580078 | KL fp 4.0845 | FP STD 0.0383|
KL coef: 0.01990000000000003
Train loss (one batch): 21451.51171875
Train CE loss (one batch): 0.0
Test MSE: 0.0472
Poisson likelihood: 0.0
CE loss: 0.0
Experiment 94796
Epoch 0013 [Test seq (cond on sampled tp)] | Loss 22023.113281 | Likelihood -22067.992188 | KL fp 4.0621 | FP STD 0.0393|
KL coef: 0.029700999999999977
Train loss (one batch): 19842.640625
Train CE loss (one batch): 0.0
Test MSE: 0.0441
Poisson likelihood: 0.0
CE loss: 0.0
Experiment 94796
Epoch 0014 [Test seq (cond on sampled tp)] | Loss 20627.310547 | Likelihood -20705.107422 | KL fp 4.0306 | FP STD 0.0384|
KL coef: 0.039403990000000055
Train loss (one batch): 18272.595703125
Train CE loss (one batch): 0.0
Test MSE: 0.0414
Poisson likelihood: 0.0
CE loss: 0.0
Experiment 94796
Epoch 0015 [Test seq (cond on sampled tp)] | Loss 19824.500000 | Likelihood -19849.935547 | KL fp 3.9762 | FP STD 0.0392|
KL coef: 0.04900995010000009
Train loss (one batch): 17562.87109375
Train CE loss (one batch): 0.0
Test MSE: 0.0397
Poisson likelihood: 0.0
CE loss: 0.0
Experiment 94796
Epoch 0016 [Test seq (cond on sampled tp)] | Loss 18951.916016 | Likelihood -19067.843750 | KL fp 4.3091 | FP STD 0.0323|
KL coef: 0.058519850599
Train loss (one batch): 16999.189453125
Train CE loss (one batch): 0.0
Test MSE: 0.0381
Poisson likelihood: 0.0
CE loss: 0.0
Experiment 94796
Epoch 0017 [Test seq (cond on sampled tp)] | Loss 18421.205078 | Likelihood -18500.298828 | KL fp 4.1903 | FP STD 0.0362|
KL coef: 0.06793465209301008
Train loss (one batch): 16611.94921875
Train CE loss (one batch): 0.0
Test MSE: 0.0370
Poisson likelihood: 0.0
CE loss: 0.0
Experiment 94796
Epoch 0018 [Test seq (cond on sampled tp)] | Loss 17822.781250 | Likelihood -17869.605469 | KL fp 4.2008 | FP STD 0.0346|
KL coef: 0.07725530557207994
Train loss (one batch): 15833.3310546875
Train CE loss (one batch): 0.0
Test MSE: 0.0358
Poisson likelihood: 0.0
CE loss: 0.0
Experiment 94796
Epoch 0019 [Test seq (cond on sampled tp)] | Loss 17009.968750 | Likelihood -17047.681641 | KL fp 4.0283 | FP STD 0.0398|
KL coef: 0.08648275251635917
Train loss (one batch): 15290.150390625
Train CE loss (one batch): 0.0
Test MSE: 0.0341
Poisson likelihood: 0.0
CE loss: 0.0
Experiment 94796
Epoch 0020 [Test seq (cond on sampled tp)] | Loss 16119.281250 | Likelihood -16146.195312 | KL fp 4.0455 | FP STD 0.0397|
KL coef: 0.09561792499119559
Train loss (one batch): 14066.1728515625
Train CE loss (one batch): 0.0
Test MSE: 0.0323
Poisson likelihood: 0.0
CE loss: 0.0
Experiment 94796
Epoch 0021 [Test seq (cond on sampled tp)] | Loss 15366.663086 | Likelihood -15434.098633 | KL fp 4.1863 | FP STD 0.0349|
KL coef: 0.10466174574128362
Train loss (one batch): 13478.2998046875
Train CE loss (one batch): 0.0
Test MSE: 0.0309
Poisson likelihood: 0.0
CE loss: 0.0
Experiment 94796
Epoch 0022 [Test seq (cond on sampled tp)] | Loss 14831.602539 | Likelihood -14898.507812 | KL fp 4.3294 | FP STD 0.0313|
KL coef: 0.11361512828387077
Train loss (one batch): 13076.5
Train CE loss (one batch): 0.0
Test MSE: 0.0298
Poisson likelihood: 0.0
CE loss: 0.0
Experiment 94796
Epoch 0023 [Test seq (cond on sampled tp)] | Loss 14520.737305 | Likelihood -14563.339844 | KL fp 4.3961 | FP STD 0.0279|
KL coef: 0.12247897700103216
Train loss (one batch): 12856.3466796875
Train CE loss (one batch): 0.0
Test MSE: 0.0291
Poisson likelihood: 0.0
CE loss: 0.0
Experiment 94796
Epoch 0024 [Test seq (cond on sampled tp)] | Loss 14291.598633 | Likelihood -14311.444336 | KL fp 4.5273 | FP STD 0.0243|
KL coef: 0.13125418723102178
Train loss (one batch): 12705.5390625
Train CE loss (one batch): 0.0
Test MSE: 0.0286
Poisson likelihood: 0.0
CE loss: 0.0
Experiment 94796
Epoch 0025 [Test seq (cond on sampled tp)] | Loss 14065.583008 | Likelihood -14075.416992 | KL fp 4.5906 | FP STD 0.0228|
KL coef: 0.13994164535871156
Train loss (one batch): 12503.318359375
Train CE loss (one batch): 0.0
Test MSE: 0.0282
Poisson likelihood: 0.0
CE loss: 0.0
Experiment 94796
Epoch 0026 [Test seq (cond on sampled tp)] | Loss 13806.658203 | Likelihood -13838.898438 | KL fp 4.5301 | FP STD 0.0235|
KL coef: 0.14854222890512447
Train loss (one batch): 12340.703125
Train CE loss (one batch): 0.0
Test MSE: 0.0277
Poisson likelihood: 0.0
CE loss: 0.0
Experiment 94796
Epoch 0027 [Test seq (cond on sampled tp)] | Loss 13645.027344 | Likelihood -13688.910156 | KL fp 4.5355 | FP STD 0.0234|
KL coef: 0.15705680661607324
Train loss (one batch): 12122.4296875
Train CE loss (one batch): 0.0
Test MSE: 0.0274
Poisson likelihood: 0.0
CE loss: 0.0
Experiment 94796
Epoch 0028 [Test seq (cond on sampled tp)] | Loss 13430.715820 | Likelihood -13435.139648 | KL fp 4.4874 | FP STD 0.0247|
KL coef: 0.1654862385499125
Train loss (one batch): 11966.697265625
Train CE loss (one batch): 0.0
Test MSE: 0.0269
Poisson likelihood: 0.0
CE loss: 0.0
Experiment 94796
Epoch 0029 [Test seq (cond on sampled tp)] | Loss 13185.023438 | Likelihood -13190.854492 | KL fp 4.5504 | FP STD 0.0230|
KL coef: 0.17383137616441335
Train loss (one batch): 11786.7587890625
Train CE loss (one batch): 0.0
Test MSE: 0.0264
Poisson likelihood: 0.0
CE loss: 0.0
Experiment 94796
Epoch 0030 [Test seq (cond on sampled tp)] | Loss 12947.056641 | Likelihood -12963.210938 | KL fp 4.4081 | FP STD 0.0260|
KL coef: 0.18209306240276923
Train loss (one batch): 11548.2724609375
Train CE loss (one batch): 0.0
Test MSE: 0.0259
Poisson likelihood: 0.0
CE loss: 0.0
Experiment 94796
Epoch 0031 [Test seq (cond on sampled tp)] | Loss 12673.689453 | Likelihood -12697.886719 | KL fp 4.5304 | FP STD 0.0233|
KL coef: 0.19027213177874158
Train loss (one batch): 11348.78125
Train CE loss (one batch): 0.0
Test MSE: 0.0254
Poisson likelihood: 0.0
CE loss: 0.0
Experiment 94796
Epoch 0032 [Test seq (cond on sampled tp)] | Loss 12421.867188 | Likelihood -12448.753906 | KL fp 4.7133 | FP STD 0.0205|
KL coef: 0.19836941046095413
Train loss (one batch): 11196.2470703125
Train CE loss (one batch): 0.0
Test MSE: 0.0249
Poisson likelihood: 0.0
CE loss: 0.0
Experiment 94796
Epoch 0033 [Test seq (cond on sampled tp)] | Loss 12256.131836 | Likelihood -12260.429688 | KL fp 4.6525 | FP STD 0.0209|
KL coef: 0.20638571635634462
Train loss (one batch): 10969.6201171875
Train CE loss (one batch): 0.0
Test MSE: 0.0245
Poisson likelihood: 0.0
CE loss: 0.0
Experiment 94796
Epoch 0034 [Test seq (cond on sampled tp)] | Loss 12043.359375 | Likelihood -12066.549805 | KL fp 4.6950 | FP STD 0.0200|
KL coef: 0.21432185919278124
Train loss (one batch): 10795.2802734375
Train CE loss (one batch): 0.0
Test MSE: 0.0241
Poisson likelihood: 0.0
CE loss: 0.0
Experiment 94796
Epoch 0035 [Test seq (cond on sampled tp)] | Loss 11911.064453 | Likelihood -11943.198242 | KL fp 4.7014 | FP STD 0.0210|
KL coef: 0.22217864060085335
Train loss (one batch): 10689.2763671875
Train CE loss (one batch): 0.0
Test MSE: 0.0239
Poisson likelihood: 0.0
CE loss: 0.0
Experiment 94796
Epoch 0036 [Test seq (cond on sampled tp)] | Loss 11774.375977 | Likelihood -11782.674805 | KL fp 4.9068 | FP STD 0.0174|
KL coef: 0.2299568541948449
Train loss (one batch): 10452.068359375
Train CE loss (one batch): 0.0
Test MSE: 0.0236
Poisson likelihood: 0.0
CE loss: 0.0
Experiment 94796
Epoch 0037 [Test seq (cond on sampled tp)] | Loss 11631.452148 | Likelihood -11632.785156 | KL fp 4.7607 | FP STD 0.0180|
KL coef: 0.23765728565289646
Train loss (one batch): 10374.3857421875
Train CE loss (one batch): 0.0
Test MSE: 0.0233
Poisson likelihood: 0.0
CE loss: 0.0
Experiment 94796
Epoch 0038 [Test seq (cond on sampled tp)] | Loss 11506.736328 | Likelihood -11523.489258 | KL fp 4.6633 | FP STD 0.0200|
KL coef: 0.24528071279636743
Train loss (one batch): 10252.4814453125
Train CE loss (one batch): 0.0
Test MSE: 0.0231
Poisson likelihood: 0.0
CE loss: 0.0
Experiment 94796
Epoch 0039 [Test seq (cond on sampled tp)] | Loss 11417.527344 | Likelihood -11417.731445 | KL fp 4.7835 | FP STD 0.0177|
KL coef: 0.25282790566840385
Train loss (one batch): 10155.7861328125
Train CE loss (one batch): 0.0
Test MSE: 0.0228
Poisson likelihood: 0.0
CE loss: 0.0
Experiment 94796
Epoch 0040 [Test seq (cond on sampled tp)] | Loss 11355.546875 | Likelihood -11360.266602 | KL fp 4.7144 | FP STD 0.0190|
KL coef: 0.2602996266117198
Train loss (one batch): 10167.5576171875
Train CE loss (one batch): 0.0
Test MSE: 0.0227
Poisson likelihood: 0.0
CE loss: 0.0
Experiment 94796
Epoch 0041 [Test seq (cond on sampled tp)] | Loss 11209.114258 | Likelihood -11231.778320 | KL fp 4.9636 | FP STD 0.0157|
KL coef: 0.26769663034560254
Train loss (one batch): 10070.6328125
Train CE loss (one batch): 0.0
Test MSE: 0.0225
Poisson likelihood: 0.0
CE loss: 0.0
Experiment 94796
Epoch 0042 [Test seq (cond on sampled tp)] | Loss 11147.882812 | Likelihood -11161.801758 | KL fp 4.9035 | FP STD 0.0168|
KL coef: 0.2750196640421466
Train loss (one batch): 9928.3505859375
Train CE loss (one batch): 0.0
Test MSE: 0.0223
Poisson likelihood: 0.0
CE loss: 0.0
Experiment 94796
Epoch 0043 [Test seq (cond on sampled tp)] | Loss 11072.195312 | Likelihood -11079.956055 | KL fp 4.8723 | FP STD 0.0168|
KL coef: 0.2822694674017251
Train loss (one batch): 9887.7431640625
Train CE loss (one batch): 0.0
Test MSE: 0.0222
Poisson likelihood: 0.0
CE loss: 0.0
Experiment 94796
Epoch 0044 [Test seq (cond on sampled tp)] | Loss 10989.407227 | Likelihood -10997.984375 | KL fp 4.8660 | FP STD 0.0164|
KL coef: 0.2894467727277079
Train loss (one batch): 9808.6181640625
Train CE loss (one batch): 0.0
Test MSE: 0.0220
Poisson likelihood: 0.0
CE loss: 0.0
Experiment 94796
Epoch 0045 [Test seq (cond on sampled tp)] | Loss 10911.798828 | Likelihood -10921.829102 | KL fp 4.9151 | FP STD 0.0161|
KL coef: 0.29655230500043084
Train loss (one batch): 9687.1279296875
Train CE loss (one batch): 0.0
Test MSE: 0.0219
Poisson likelihood: 0.0
CE loss: 0.0
Experiment 94796
Epoch 0046 [Test seq (cond on sampled tp)] | Loss 10835.039062 | Likelihood -10856.795898 | KL fp 4.7738 | FP STD 0.0184|
KL coef: 0.30358678195042654
Train loss (one batch): 9630.8857421875
Train CE loss (one batch): 0.0
Test MSE: 0.0217
Poisson likelihood: 0.0
CE loss: 0.0
Experiment 94796
Epoch 0047 [Test seq (cond on sampled tp)] | Loss 10767.098633 | Likelihood -10769.872070 | KL fp 4.9475 | FP STD 0.0159|
KL coef: 0.3105509141309223
Train loss (one batch): 9540.5224609375
Train CE loss (one batch): 0.0
Test MSE: 0.0216
Poisson likelihood: 0.0
CE loss: 0.0
Experiment 94796
Epoch 0048 [Test seq (cond on sampled tp)] | Loss 10671.797852 | Likelihood -10681.071289 | KL fp 4.8837 | FP STD 0.0168|
KL coef: 0.31744540498961304
Train loss (one batch): 9441.5439453125
Train CE loss (one batch): 0.0
Test MSE: 0.0214
Poisson likelihood: 0.0
CE loss: 0.0
Experiment 94796
Epoch 0049 [Test seq (cond on sampled tp)] | Loss 10596.722656 | Likelihood -10620.554688 | KL fp 4.9768 | FP STD 0.0156|
KL coef: 0.3242709509397169
Train loss (one batch): 9332.8779296875
Train CE loss (one batch): 0.0
Test MSE: 0.0213
Poisson likelihood: 0.0
CE loss: 0.0
Experiment 94796
Epoch 0050 [Test seq (cond on sampled tp)] | Loss 10508.529297 | Likelihood -10514.159180 | KL fp 4.7278 | FP STD 0.0189|
KL coef: 0.3310282414303197
Train loss (one batch): 9269.326171875
Train CE loss (one batch): 0.0
Test MSE: 0.0210
Poisson likelihood: 0.0
CE loss: 0.0
Experiment 94796
Epoch 0051 [Test seq (cond on sampled tp)] | Loss 10392.577148 | Likelihood -10410.670898 | KL fp 4.7977 | FP STD 0.0184|
KL coef: 0.33771795901601653
Train loss (one batch): 9121.3564453125
Train CE loss (one batch): 0.0
Test MSE: 0.0208
Poisson likelihood: 0.0
CE loss: 0.0
Experiment 94796
Epoch 0052 [Test seq (cond on sampled tp)] | Loss 10304.816406 | Likelihood -10305.960938 | KL fp 4.8029 | FP STD 0.0183|
KL coef: 0.3443407794258564
Train loss (one batch): 8987.5185546875
Train CE loss (one batch): 0.0
Test MSE: 0.0206
Poisson likelihood: 0.0
CE loss: 0.0
Experiment 94796
Epoch 0053 [Test seq (cond on sampled tp)] | Loss 10144.214844 | Likelihood -10148.237305 | KL fp 4.8838 | FP STD 0.0167|
KL coef: 0.35089737163159784
Train loss (one batch): 8859.2763671875
Train CE loss (one batch): 0.0
Test MSE: 0.0203
Poisson likelihood: 0.0
CE loss: 0.0
Experiment 94796
Epoch 0054 [Test seq (cond on sampled tp)] | Loss 9983.111328 | Likelihood -10014.002930 | KL fp 4.8129 | FP STD 0.0177|
KL coef: 0.3573883979152819
Train loss (one batch): 8702.2216796875
Train CE loss (one batch): 0.0
Test MSE: 0.0200
Poisson likelihood: 0.0
CE loss: 0.0
Experiment 94796
Epoch 0055 [Test seq (cond on sampled tp)] | Loss 9836.477539 | Likelihood -9848.729492 | KL fp 4.8133 | FP STD 0.0176|
KL coef: 0.36381451393612907
Train loss (one batch): 8514.2802734375
Train CE loss (one batch): 0.0
Test MSE: 0.0197
Poisson likelihood: 0.0
CE loss: 0.0
Experiment 94796
Epoch 0056 [Test seq (cond on sampled tp)] | Loss 9681.162109 | Likelihood -9685.944336 | KL fp 4.7456 | FP STD 0.0189|
KL coef: 0.37017636879676774
Train loss (one batch): 8352.2607421875
Train CE loss (one batch): 0.0
Test MSE: 0.0194
Poisson likelihood: 0.0
CE loss: 0.0
Experiment 94796
Epoch 0057 [Test seq (cond on sampled tp)] | Loss 9523.922852 | Likelihood -9524.871094 | KL fp 4.8322 | FP STD 0.0174|
KL coef: 0.37647460510880004
Train loss (one batch): 8210.193359375
Train CE loss (one batch): 0.0
Test MSE: 0.0191
Poisson likelihood: 0.0
CE loss: 0.0
Experiment 94796
Epoch 0058 [Test seq (cond on sampled tp)] | Loss 9386.090820 | Likelihood -9401.500977 | KL fp 4.8601 | FP STD 0.0170|
KL coef: 0.38270985905771204
Train loss (one batch): 8067.10888671875
Train CE loss (one batch): 0.0
Test MSE: 0.0188
Poisson likelihood: 0.0
CE loss: 0.0
Experiment 94796
Epoch 0059 [Test seq (cond on sampled tp)] | Loss 9297.531250 | Likelihood -9304.329102 | KL fp 4.8596 | FP STD 0.0174|
KL coef: 0.388882760467135
Train loss (one batch): 7909.03076171875
Train CE loss (one batch): 0.0
Test MSE: 0.0186
Poisson likelihood: 0.0
CE loss: 0.0
Experiment 94796
Epoch 0060 [Test seq (cond on sampled tp)] | Loss 9191.302734 | Likelihood -9194.307617 | KL fp 4.8124 | FP STD 0.0174|
KL coef: 0.39499393286246365
Train loss (one batch): 7789.83544921875
Train CE loss (one batch): 0.0
Test MSE: 0.0184
Poisson likelihood: 0.0
CE loss: 0.0
Experiment 94796
Epoch 0061 [Test seq (cond on sampled tp)] | Loss 9108.876953 | Likelihood -9114.811523 | KL fp 4.8734 | FP STD 0.0167|
KL coef: 0.401043993533839
Train loss (one batch): 7631.88330078125
Train CE loss (one batch): 0.0
Test MSE: 0.0182
Poisson likelihood: 0.0
CE loss: 0.0
Experiment 94796
Epoch 0062 [Test seq (cond on sampled tp)] | Loss 8996.521484 | Likelihood -8999.262695 | KL fp 4.9020 | FP STD 0.0162|
KL coef: 0.4070335535985006
Train loss (one batch): 7585.59716796875
Train CE loss (one batch): 0.0
Test MSE: 0.0180
Poisson likelihood: 0.0
CE loss: 0.0
Experiment 94796
Epoch 0063 [Test seq (cond on sampled tp)] | Loss 8914.504883 | Likelihood -8921.499023 | KL fp 4.7866 | FP STD 0.0182|
KL coef: 0.41296321806251557
Train loss (one batch): 7517.68701171875
Train CE loss (one batch): 0.0
Test MSE: 0.0179
Poisson likelihood: 0.0
CE loss: 0.0
Experiment 94796
Epoch 0064 [Test seq (cond on sampled tp)] | Loss 8845.869141 | Likelihood -8849.890625 | KL fp 4.8828 | FP STD 0.0165|
KL coef: 0.41883358588189046
Train loss (one batch): 7397.021484375
Train CE loss (one batch): 0.0
Test MSE: 0.0177
Poisson likelihood: 0.0
CE loss: 0.0
Experiment 94796
Epoch 0065 [Test seq (cond on sampled tp)] | Loss 8763.147461 | Likelihood -8773.403320 | KL fp 5.0244 | FP STD 0.0150|
KL coef: 0.4246452500230715
Train loss (one batch): 7301.98486328125
Train CE loss (one batch): 0.0
Test MSE: 0.0176
Poisson likelihood: 0.0
CE loss: 0.0
Experiment 94796
Epoch 0066 [Test seq (cond on sampled tp)] | Loss 8701.877930 | Likelihood -8711.920898 | KL fp 5.0086 | FP STD 0.0149|
KL coef: 0.4303987975228408
Train loss (one batch): 7218.17138671875
Train CE loss (one batch): 0.0
Test MSE: 0.0174
Poisson likelihood: 0.0
CE loss: 0.0
Experiment 94796
Epoch 0067 [Test seq (cond on sampled tp)] | Loss 8637.023438 | Likelihood -8654.274414 | KL fp 5.0064 | FP STD 0.0148|
KL coef: 0.4360948095476125
Train loss (one batch): 7164.5419921875
Train CE loss (one batch): 0.0
Test MSE: 0.0173
Poisson likelihood: 0.0
CE loss: 0.0
Experiment 94796
Epoch 0068 [Test seq (cond on sampled tp)] | Loss 8572.387695 | Likelihood -8585.374023 | KL fp 4.9488 | FP STD 0.0152|
KL coef: 0.44173386145213633
Train loss (one batch): 7120.611328125
Train CE loss (one batch): 0.0
Test MSE: 0.0172
Poisson likelihood: 0.0
CE loss: 0.0
Experiment 94796
Epoch 0069 [Test seq (cond on sampled tp)] | Loss 8519.312500 | Likelihood -8525.102539 | KL fp 4.9641 | FP STD 0.0153|
KL coef: 0.4473165228376149
Train loss (one batch): 7015.59130859375
Train CE loss (one batch): 0.0
Test MSE: 0.0171
Poisson likelihood: 0.0
CE loss: 0.0
Experiment 94796
Epoch 0070 [Test seq (cond on sampled tp)] | Loss 8474.636719 | Likelihood -8476.673828 | KL fp 4.9667 | FP STD 0.0155|
KL coef: 0.4528433576092388
Train loss (one batch): 6995.31298828125
Train CE loss (one batch): 0.0
Test MSE: 0.0170
Poisson likelihood: 0.0
CE loss: 0.0
Experiment 94796
Epoch 0071 [Test seq (cond on sampled tp)] | Loss 8400.726562 | Likelihood -8403.628906 | KL fp 5.2020 | FP STD 0.0123|
KL coef: 0.45831492403314644
Train loss (one batch): 6936.05712890625
Train CE loss (one batch): 0.0
Test MSE: 0.0168
Poisson likelihood: 0.0
CE loss: 0.0
Experiment 94796
Epoch 0072 [Test seq (cond on sampled tp)] | Loss 8376.214844 | Likelihood -8379.421875 | KL fp 5.1116 | FP STD 0.0129|
KL coef: 0.463731774792815
Train loss (one batch): 6861.49755859375
Train CE loss (one batch): 0.0
Test MSE: 0.0168
Poisson likelihood: 0.0
CE loss: 0.0
Experiment 94796
Epoch 0073 [Test seq (cond on sampled tp)] | Loss 8331.292969 | Likelihood -8336.801758 | KL fp 4.9670 | FP STD 0.0149|
KL coef: 0.46909445704488684
Train loss (one batch): 6809.53564453125
Train CE loss (one batch): 0.0
Test MSE: 0.0167
Poisson likelihood: 0.0
CE loss: 0.0
Experiment 94796
Epoch 0074 [Test seq (cond on sampled tp)] | Loss 8304.578125 | Likelihood -8311.936523 | KL fp 5.0523 | FP STD 0.0136|
KL coef: 0.474403512474438
Train loss (one batch): 6772.15869140625
Train CE loss (one batch): 0.0
Test MSE: 0.0166
Poisson likelihood: 0.0
CE loss: 0.0
Experiment 94796
Epoch 0075 [Test seq (cond on sampled tp)] | Loss 8259.130859 | Likelihood -8260.860352 | KL fp 5.1110 | FP STD 0.0125|
KL coef: 0.4796594773496936
Train loss (one batch): 6710.34912109375
Train CE loss (one batch): 0.0
Test MSE: 0.0165
Poisson likelihood: 0.0
CE loss: 0.0
Experiment 94796
Epoch 0076 [Test seq (cond on sampled tp)] | Loss 8226.639648 | Likelihood -8227.655273 | KL fp 5.1243 | FP STD 0.0127|
KL coef: 0.4848628825761967
Train loss (one batch): 6684.40771484375
Train CE loss (one batch): 0.0
Test MSE: 0.0165
Poisson likelihood: 0.0
CE loss: 0.0
Experiment 94796
Epoch 0077 [Test seq (cond on sampled tp)] | Loss 8209.904297 | Likelihood -8209.362305 | KL fp 5.1100 | FP STD 0.0127|
KL coef: 0.4900142537504347
Train loss (one batch): 6663.427734375
Train CE loss (one batch): 0.0
Test MSE: 0.0164
Poisson likelihood: 0.0
CE loss: 0.0
Experiment 94796
Epoch 0078 [Test seq (cond on sampled tp)] | Loss 8182.681152 | Likelihood -8184.655762 | KL fp 5.1881 | FP STD 0.0119|
KL coef: 0.49511411121293036
Train loss (one batch): 6633.45654296875
Train CE loss (one batch): 0.0
Test MSE: 0.0164
Poisson likelihood: 0.0
CE loss: 0.0
Experiment 94796
Epoch 0079 [Test seq (cond on sampled tp)] | Loss 8136.157227 | Likelihood -8138.864746 | KL fp 5.2459 | FP STD 0.0109|
KL coef: 0.500162970100801
Train loss (one batch): 6598.89404296875
Train CE loss (one batch): 0.0
Test MSE: 0.0163
Poisson likelihood: 0.0
CE loss: 0.0
Experiment 94796
Epoch 0080 [Test seq (cond on sampled tp)] | Loss 8116.676758 | Likelihood -8117.594238 | KL fp 5.2370 | FP STD 0.0117|
KL coef: 0.505161340399793
Train loss (one batch): 6591.05126953125
Train CE loss (one batch): 0.0
Test MSE: 0.0162
Poisson likelihood: 0.0
CE loss: 0.0
Experiment 94796
Epoch 0081 [Test seq (cond on sampled tp)] | Loss 8118.255859 | Likelihood -8124.197754 | KL fp 5.0770 | FP STD 0.0148|
KL coef: 0.510109726995795
Train loss (one batch): 6575.994140625
Train CE loss (one batch): 0.0
Test MSE: 0.0163
Poisson likelihood: 0.0
CE loss: 0.0
Experiment 94796
Epoch 0082 [Test seq (cond on sampled tp)] | Loss 8091.895020 | Likelihood -8090.903809 | KL fp 5.0267 | FP STD 0.0137|
KL coef: 0.5150086297258372
Train loss (one batch): 6518.17236328125
Train CE loss (one batch): 0.0
Test MSE: 0.0162
Poisson likelihood: 0.0
CE loss: 0.0
Experiment 94796
Epoch 0083 [Test seq (cond on sampled tp)] | Loss 8043.963379 | Likelihood -8042.856934 | KL fp 5.2120 | FP STD 0.0113|
KL coef: 0.5198585434285787
Train loss (one batch): 6495.37109375
Train CE loss (one batch): 0.0
Test MSE: 0.0161
Poisson likelihood: 0.0
CE loss: 0.0
Experiment 94796
Epoch 0084 [Test seq (cond on sampled tp)] | Loss 8026.078125 | Likelihood -8024.991699 | KL fp 5.0324 | FP STD 0.0131|
KL coef: 0.524659957994293
Train loss (one batch): 6490.7900390625
Train CE loss (one batch): 0.0
Test MSE: 0.0161
Poisson likelihood: 0.0
CE loss: 0.0
Experiment 94796
Epoch 0085 [Test seq (cond on sampled tp)] | Loss 8002.993652 | Likelihood -8003.826660 | KL fp 5.2123 | FP STD 0.0114|
KL coef: 0.5294133584143501
Train loss (one batch): 6465.60302734375
Train CE loss (one batch): 0.0
Test MSE: 0.0160
Poisson likelihood: 0.0
CE loss: 0.0
Experiment 94796
Epoch 0086 [Test seq (cond on sampled tp)] | Loss 7982.104980 | Likelihood -7986.093750 | KL fp 5.0468 | FP STD 0.0133|
KL coef: 0.5341192248302067
Train loss (one batch): 6440.669921875
Train CE loss (one batch): 0.0
Test MSE: 0.0160
Poisson likelihood: 0.0
CE loss: 0.0
Experiment 94796
Epoch 0087 [Test seq (cond on sampled tp)] | Loss 7952.021484 | Likelihood -7951.066406 | KL fp 5.2262 | FP STD 0.0113|
KL coef: 0.5387780325819045
Train loss (one batch): 6411.7392578125
Train CE loss (one batch): 0.0
Test MSE: 0.0159
Poisson likelihood: 0.0
CE loss: 0.0
Experiment 94796
Epoch 0088 [Test seq (cond on sampled tp)] | Loss 7914.553223 | Likelihood -7918.357422 | KL fp 5.2523 | FP STD 0.0112|
KL coef: 0.5433902522560855
Train loss (one batch): 6403.5595703125
Train CE loss (one batch): 0.0
Test MSE: 0.0158
Poisson likelihood: 0.0
CE loss: 0.0
Experiment 94796
Epoch 0089 [Test seq (cond on sampled tp)] | Loss 7922.525391 | Likelihood -7935.011719 | KL fp 5.0532 | FP STD 0.0150|
KL coef: 0.5479563497335247
Train loss (one batch): 6387.525390625
Train CE loss (one batch): 0.0
Test MSE: 0.0159
Poisson likelihood: 0.0
CE loss: 0.0
Experiment 94796
Epoch 0090 [Test seq (cond on sampled tp)] | Loss 7950.757812 | Likelihood -7963.733887 | KL fp 4.9526 | FP STD 0.0174|
KL coef: 0.5524767862361895
Train loss (one batch): 6439.9794921875
Train CE loss (one batch): 0.0
Test MSE: 0.0159
Poisson likelihood: 0.0
CE loss: 0.0
Experiment 94796
Epoch 0091 [Test seq (cond on sampled tp)] | Loss 7871.339844 | Likelihood -7877.692871 | KL fp 5.1515 | FP STD 0.0137|
KL coef: 0.5569520183738275
Train loss (one batch): 6336.4111328125
Train CE loss (one batch): 0.0
Test MSE: 0.0158
Poisson likelihood: 0.0
CE loss: 0.0
Experiment 94796
Epoch 0092 [Test seq (cond on sampled tp)] | Loss 7818.502441 | Likelihood -7830.486816 | KL fp 5.0545 | FP STD 0.0138|
KL coef: 0.5613824981900892
Train loss (one batch): 6301.3056640625
Train CE loss (one batch): 0.0
Test MSE: 0.0157
Poisson likelihood: 0.0
CE loss: 0.0
Experiment 94796
Epoch 0093 [Test seq (cond on sampled tp)] | Loss 7811.263184 | Likelihood -7813.130859 | KL fp 5.0701 | FP STD 0.0134|
KL coef: 0.5657686732081884
Train loss (one batch): 6283.11865234375
Train CE loss (one batch): 0.0
Test MSE: 0.0156
Poisson likelihood: 0.0
CE loss: 0.0
Experiment 94796
Epoch 0094 [Test seq (cond on sampled tp)] | Loss 7784.388184 | Likelihood -7786.348145 | KL fp 5.2232 | FP STD 0.0113|
KL coef: 0.5701109864761065
Train loss (one batch): 6257.212890625
Train CE loss (one batch): 0.0
Test MSE: 0.0156
Poisson likelihood: 0.0
CE loss: 0.0
Experiment 94796
Epoch 0095 [Test seq (cond on sampled tp)] | Loss 7769.925293 | Likelihood -7769.700684 | KL fp 5.1342 | FP STD 0.0122|
KL coef: 0.5744098766113455
Train loss (one batch): 6241.1591796875
Train CE loss (one batch): 0.0
Test MSE: 0.0156
Poisson likelihood: 0.0
CE loss: 0.0
Experiment 94796
Epoch 0096 [Test seq (cond on sampled tp)] | Loss 7732.634766 | Likelihood -7742.088379 | KL fp 5.2163 | FP STD 0.0115|
KL coef: 0.578665777845232
Train loss (one batch): 6206.421875
Train CE loss (one batch): 0.0
Test MSE: 0.0155
Poisson likelihood: 0.0
CE loss: 0.0
Experiment 94796
Epoch 0097 [Test seq (cond on sampled tp)] | Loss 7718.676758 | Likelihood -7723.144531 | KL fp 5.2435 | FP STD 0.0111|
KL coef: 0.5828791200667797
Train loss (one batch): 6200.279296875
Train CE loss (one batch): 0.0
Test MSE: 0.0155
Poisson likelihood: 0.0
CE loss: 0.0
Experiment 94796
Epoch 0098 [Test seq (cond on sampled tp)] | Loss 7691.794922 | Likelihood -7704.075684 | KL fp 5.1488 | FP STD 0.0120|
KL coef: 0.5870503288661119
Train loss (one batch): 6161.25048828125
Train CE loss (one batch): 0.0
Test MSE: 0.0154
Poisson likelihood: 0.0
CE loss: 0.0
Experiment 94796
Epoch 0099 [Test seq (cond on sampled tp)] | Loss 7693.959473 | Likelihood -7692.808594 | KL fp 5.1733 | FP STD 0.0118|
KL coef: 0.5911798255774507
Train loss (one batch): 6159.93212890625
Train CE loss (one batch): 0.0
Test MSE: 0.0154
Poisson likelihood: 0.0
CE loss: 0.0
Experiment 94796
Epoch 0100 [Test seq (cond on sampled tp)] | Loss 7660.931641 | Likelihood -7663.980469 | KL fp 5.1972 | FP STD 0.0114|
KL coef: 0.5952680273216762
Train loss (one batch): 6133.2958984375
Train CE loss (one batch): 0.0
Test MSE: 0.0153
Poisson likelihood: 0.0
CE loss: 0.0
Experiment 94796
Epoch 0101 [Test seq (cond on sampled tp)] | Loss 7639.809082 | Likelihood -7639.964355 | KL fp 5.1664 | FP STD 0.0118|
KL coef: 0.5993153470484595
Train loss (one batch): 6087.7841796875
Train CE loss (one batch): 0.0
Test MSE: 0.0153
Poisson likelihood: 0.0
CE loss: 0.0
Experiment 94796
Epoch 0102 [Test seq (cond on sampled tp)] | Loss 7613.223633 | Likelihood -7615.817871 | KL fp 5.1602 | FP STD 0.0118|
KL coef: 0.6033221935779749
Train loss (one batch): 6080.18359375
Train CE loss (one batch): 0.0
Test MSE: 0.0152
Poisson likelihood: 0.0
CE loss: 0.0
Experiment 94796
Epoch 0103 [Test seq (cond on sampled tp)] | Loss 7601.827148 | Likelihood -7608.755371 | KL fp 5.1438 | FP STD 0.0124|
KL coef: 0.6072889716421952
Train loss (one batch): 6061.34326171875
Train CE loss (one batch): 0.0
Test MSE: 0.0152
Poisson likelihood: 0.0
CE loss: 0.0
Experiment 94796
Epoch 0104 [Test seq (cond on sampled tp)] | Loss 7579.819336 | Likelihood -7582.064941 | KL fp 5.1740 | FP STD 0.0120|
KL coef: 0.6112160819257733
Train loss (one batch): 6060.39306640625
Train CE loss (one batch): 0.0
Test MSE: 0.0152
Poisson likelihood: 0.0
CE loss: 0.0
Experiment 94796
Epoch 0105 [Test seq (cond on sampled tp)] | Loss 7547.254395 | Likelihood -7554.771973 | KL fp 5.1030 | FP STD 0.0125|
KL coef: 0.6151039211065155
Train loss (one batch): 6023.54296875
Train CE loss (one batch): 0.0
Test MSE: 0.0151
Poisson likelihood: 0.0
CE loss: 0.0
Experiment 94796
Epoch 0106 [Test seq (cond on sampled tp)] | Loss 7521.148926 | Likelihood -7522.878418 | KL fp 5.2194 | FP STD 0.0113|
KL coef: 0.6189528818954504
Train loss (one batch): 5990.04931640625
Train CE loss (one batch): 0.0
Test MSE: 0.0151
Poisson likelihood: 0.0
CE loss: 0.0
Experiment 94796
Epoch 0107 [Test seq (cond on sampled tp)] | Loss 7489.514648 | Likelihood -7497.312988 | KL fp 5.1766 | FP STD 0.0117|
KL coef: 0.6227633530764958
Train loss (one batch): 5975.48291015625
Train CE loss (one batch): 0.0
Test MSE: 0.0150
Poisson likelihood: 0.0
CE loss: 0.0
Experiment 94796
Epoch 0108 [Test seq (cond on sampled tp)] | Loss 7471.332520 | Likelihood -7476.269043 | KL fp 5.1558 | FP STD 0.0120|
KL coef: 0.6265357195457308
Train loss (one batch): 5967.52490234375
Train CE loss (one batch): 0.0
Test MSE: 0.0150
Poisson likelihood: 0.0
CE loss: 0.0
Experiment 94796
Epoch 0109 [Test seq (cond on sampled tp)] | Loss 7448.311523 | Likelihood -7456.511719 | KL fp 5.1439 | FP STD 0.0121|
KL coef: 0.6302703623502736
Train loss (one batch): 5932.72216796875
Train CE loss (one batch): 0.0
Test MSE: 0.0149
Poisson likelihood: 0.0
CE loss: 0.0
Experiment 94796
Epoch 0110 [Test seq (cond on sampled tp)] | Loss 7436.409668 | Likelihood -7436.247559 | KL fp 5.1166 | FP STD 0.0122|
KL coef: 0.6339676587267709
Train loss (one batch): 5900.2998046875
Train CE loss (one batch): 0.0
Test MSE: 0.0149
Poisson likelihood: 0.0
CE loss: 0.0
Experiment 94796
Epoch 0111 [Test seq (cond on sampled tp)] | Loss 7402.315918 | Likelihood -7408.287598 | KL fp 5.0998 | FP STD 0.0130|
KL coef: 0.6376279821395031
Train loss (one batch): 5872.89208984375
Train CE loss (one batch): 0.0
Test MSE: 0.0148
Poisson likelihood: 0.0
CE loss: 0.0
Experiment 94796
Epoch 0112 [Test seq (cond on sampled tp)] | Loss 7373.569336 | Likelihood -7381.889160 | KL fp 5.2135 | FP STD 0.0114|
KL coef: 0.6412517023181081
Train loss (one batch): 5878.0390625
Train CE loss (one batch): 0.0
Test MSE: 0.0148
Poisson likelihood: 0.0
CE loss: 0.0
Experiment 94796
Epoch 0113 [Test seq (cond on sampled tp)] | Loss 7354.964355 | Likelihood -7355.101562 | KL fp 5.1777 | FP STD 0.0120|
KL coef: 0.644839185294927
Train loss (one batch): 5845.71044921875
Train CE loss (one batch): 0.0
Test MSE: 0.0147
Poisson likelihood: 0.0
CE loss: 0.0
Experiment 94796
Epoch 0114 [Test seq (cond on sampled tp)] | Loss 7298.548828 | Likelihood -7312.225098 | KL fp 5.1754 | FP STD 0.0121|
KL coef: 0.6483907934419777
Train loss (one batch): 5799.55859375
Train CE loss (one batch): 0.0
Test MSE: 0.0146
Poisson likelihood: 0.0
CE loss: 0.0
Experiment 94796
Epoch 0115 [Test seq (cond on sampled tp)] | Loss 7293.237305 | Likelihood -7304.720703 | KL fp 5.2101 | FP STD 0.0116|
KL coef: 0.651906885507558
Train loss (one batch): 5785.20361328125
Train CE loss (one batch): 0.0
Test MSE: 0.0146
Poisson likelihood: 0.0
CE loss: 0.0
Experiment 94796
Epoch 0116 [Test seq (cond on sampled tp)] | Loss 7263.287598 | Likelihood -7264.898438 | KL fp 5.1841 | FP STD 0.0117|
KL coef: 0.6553878166524825
Train loss (one batch): 5781.11962890625
Train CE loss (one batch): 0.0
Test MSE: 0.0145
Poisson likelihood: 0.0
CE loss: 0.0
Experiment 94796
Epoch 0117 [Test seq (cond on sampled tp)] | Loss 7229.669434 | Likelihood -7236.216309 | KL fp 5.1696 | FP STD 0.0118|
KL coef: 0.6588339384859576
Train loss (one batch): 5773.642578125
Train CE loss (one batch): 0.0
Test MSE: 0.0145
Poisson likelihood: 0.0
CE loss: 0.0
Experiment 94796
Epoch 0118 [Test seq (cond on sampled tp)] | Loss 7217.031250 | Likelihood -7222.710938 | KL fp 5.1733 | FP STD 0.0120|
KL coef: 0.662245599101098
Train loss (one batch): 5738.71533203125
Train CE loss (one batch): 0.0
Test MSE: 0.0145
Poisson likelihood: 0.0
CE loss: 0.0
Experiment 94796
Epoch 0119 [Test seq (cond on sampled tp)] | Loss 7169.189453 | Likelihood -7180.769531 | KL fp 5.1868 | FP STD 0.0120|
KL coef: 0.665623143110087
Train loss (one batch): 5707.50146484375
Train CE loss (one batch): 0.0
Test MSE: 0.0144
Poisson likelihood: 0.0
CE loss: 0.0
Experiment 94796
Epoch 0120 [Test seq (cond on sampled tp)] | Loss 7144.735352 | Likelihood -7146.803223 | KL fp 5.1796 | FP STD 0.0118|
KL coef: 0.6689669116789861
Train loss (one batch): 5694.40283203125
Train CE loss (one batch): 0.0
Test MSE: 0.0143
Poisson likelihood: 0.0
CE loss: 0.0
Experiment 94796
Epoch 0121 [Test seq (cond on sampled tp)] | Loss 7136.145020 | Likelihood -7142.552246 | KL fp 5.1453 | FP STD 0.0127|
KL coef: 0.6722772425621963
Train loss (one batch): 5667.546875
Train CE loss (one batch): 0.0
Test MSE: 0.0143
Poisson likelihood: 0.0
CE loss: 0.0
Experiment 94796
Epoch 0122 [Test seq (cond on sampled tp)] | Loss 7100.625488 | Likelihood -7105.065918 | KL fp 5.1720 | FP STD 0.0119|
KL coef: 0.6755544701365743
Train loss (one batch): 5653.306640625
Train CE loss (one batch): 0.0
Test MSE: 0.0142
Poisson likelihood: 0.0
CE loss: 0.0
Experiment 94796
Epoch 0123 [Test seq (cond on sampled tp)] | Loss 7091.310059 | Likelihood -7095.186035 | KL fp 5.0651 | FP STD 0.0139|
KL coef: 0.6787989254352086
Train loss (one batch): 5640.2509765625
Train CE loss (one batch): 0.0
Test MSE: 0.0142
Poisson likelihood: 0.0
CE loss: 0.0
Experiment 94796
Epoch 0124 [Test seq (cond on sampled tp)] | Loss 7064.788574 | Likelihood -7071.140625 | KL fp 5.0527 | FP STD 0.0147|
KL coef: 0.6820109361808565
Train loss (one batch): 5612.154296875
Train CE loss (one batch): 0.0
Test MSE: 0.0142
Poisson likelihood: 0.0
CE loss: 0.0
Experiment 94796
Epoch 0125 [Test seq (cond on sampled tp)] | Loss 7020.420410 | Likelihood -7022.105469 | KL fp 5.1398 | FP STD 0.0128|
KL coef: 0.685190826819048
Train loss (one batch): 5596.6181640625
Train CE loss (one batch): 0.0
Test MSE: 0.0141
Poisson likelihood: 0.0
CE loss: 0.0
Experiment 94796
Epoch 0126 [Test seq (cond on sampled tp)] | Loss 6983.697754 | Likelihood -6994.386230 | KL fp 5.1470 | FP STD 0.0125|
KL coef: 0.6883389185508575
Train loss (one batch): 5562.97314453125
Train CE loss (one batch): 0.0
Test MSE: 0.0140
Poisson likelihood: 0.0
CE loss: 0.0
Experiment 94796
Epoch 0127 [Test seq (cond on sampled tp)] | Loss 6951.157227 | Likelihood -6952.167969 | KL fp 5.1611 | FP STD 0.0121|
KL coef: 0.6914555293653489
Train loss (one batch): 5547.32470703125
Train CE loss (one batch): 0.0
Test MSE: 0.0139
Poisson likelihood: 0.0
CE loss: 0.0
Experiment 94796
Epoch 0128 [Test seq (cond on sampled tp)] | Loss 6922.479492 | Likelihood -6926.546875 | KL fp 5.1950 | FP STD 0.0119|
KL coef: 0.6945409740716955
Train loss (one batch): 5504.73974609375
Train CE loss (one batch): 0.0
Test MSE: 0.0139
Poisson likelihood: 0.0
CE loss: 0.0
Experiment 94796
Epoch 0129 [Test seq (cond on sampled tp)] | Loss 6905.798828 | Likelihood -6908.607910 | KL fp 5.2042 | FP STD 0.0118|
KL coef: 0.6975955643309785
Train loss (one batch): 5483.57958984375
Train CE loss (one batch): 0.0
Test MSE: 0.0138
Poisson likelihood: 0.0
CE loss: 0.0
Experiment 94796
Epoch 0130 [Test seq (cond on sampled tp)] | Loss 6864.698730 | Likelihood -6871.111816 | KL fp 5.0862 | FP STD 0.0129|
KL coef: 0.7006196086876687
Train loss (one batch): 5497.24267578125
Train CE loss (one batch): 0.0
Test MSE: 0.0138
Poisson likelihood: 0.0
CE loss: 0.0
Experiment 94796
Epoch 0131 [Test seq (cond on sampled tp)] | Loss 6839.367188 | Likelihood -6842.700684 | KL fp 5.1688 | FP STD 0.0120|
KL coef: 0.703613412600792
Train loss (one batch): 5439.43701171875
Train CE loss (one batch): 0.0
Test MSE: 0.0137
Poisson likelihood: 0.0
CE loss: 0.0
Experiment 94796
Epoch 0132 [Test seq (cond on sampled tp)] | Loss 6808.142090 | Likelihood -6810.090332 | KL fp 5.1378 | FP STD 0.0130|
KL coef: 0.7065772784747841
Train loss (one batch): 5460.13037109375
Train CE loss (one batch): 0.0
Test MSE: 0.0136
Poisson likelihood: 0.0
CE loss: 0.0
Experiment 94796
Epoch 0133 [Test seq (cond on sampled tp)] | Loss 6755.653809 | Likelihood -6763.603027 | KL fp 5.1432 | FP STD 0.0124|
KL coef: 0.7095115056900363
Train loss (one batch): 5410.66943359375
Train CE loss (one batch): 0.0
Test MSE: 0.0135
Poisson likelihood: 0.0
CE loss: 0.0
Experiment 94796
Epoch 0134 [Test seq (cond on sampled tp)] | Loss 6721.756836 | Likelihood -6741.822754 | KL fp 5.1786 | FP STD 0.0121|
KL coef: 0.7124163906331359
Train loss (one batch): 5388.9443359375
Train CE loss (one batch): 0.0
Test MSE: 0.0135
Poisson likelihood: 0.0
CE loss: 0.0
Experiment 94796
Epoch 0135 [Test seq (cond on sampled tp)] | Loss 6707.018066 | Likelihood -6708.087402 | KL fp 5.1584 | FP STD 0.0123|
KL coef: 0.7152922267268045
Train loss (one batch): 5358.9970703125
Train CE loss (one batch): 0.0
Test MSE: 0.0134
Poisson likelihood: 0.0
CE loss: 0.0
Experiment 94796
Epoch 0136 [Test seq (cond on sampled tp)] | Loss 6669.164551 | Likelihood -6675.377441 | KL fp 5.2077 | FP STD 0.0121|
KL coef: 0.7181393044595366
Train loss (one batch): 5347.0234375
Train CE loss (one batch): 0.0
Test MSE: 0.0134
Poisson likelihood: 0.0
CE loss: 0.0
Experiment 94796
Epoch 0137 [Test seq (cond on sampled tp)] | Loss 6653.305664 | Likelihood -6650.912598 | KL fp 5.1894 | FP STD 0.0120|
KL coef: 0.7209579114149411
Train loss (one batch): 5331.880859375
Train CE loss (one batch): 0.0
Test MSE: 0.0133
Poisson likelihood: 0.0
CE loss: 0.0
Experiment 94796
Epoch 0138 [Test seq (cond on sampled tp)] | Loss 6617.639648 | Likelihood -6623.800781 | KL fp 5.0912 | FP STD 0.0128|
KL coef: 0.7237483323007917
Train loss (one batch): 5308.873046875
Train CE loss (one batch): 0.0
Test MSE: 0.0133
Poisson likelihood: 0.0
CE loss: 0.0
Experiment 94796
Epoch 0139 [Test seq (cond on sampled tp)] | Loss 6583.602539 | Likelihood -6581.453125 | KL fp 5.1441 | FP STD 0.0124|
KL coef: 0.7265108489777838
Train loss (one batch): 5291.947265625
Train CE loss (one batch): 0.0
Test MSE: 0.0132
Poisson likelihood: 0.0
CE loss: 0.0
Experiment 94796
Epoch 0140 [Test seq (cond on sampled tp)] | Loss 6540.394531 | Likelihood -6546.245605 | KL fp 5.0831 | FP STD 0.0134|
KL coef: 0.729245740488006
Train loss (one batch): 5274.8232421875
Train CE loss (one batch): 0.0
Test MSE: 0.0131
Poisson likelihood: 0.0
CE loss: 0.0
Experiment 94796
Epoch 0141 [Test seq (cond on sampled tp)] | Loss 6523.433105 | Likelihood -6524.575684 | KL fp 5.0521 | FP STD 0.0136|
KL coef: 0.7319532830831259
Train loss (one batch): 5270.60791015625
Train CE loss (one batch): 0.0
Test MSE: 0.0131
Poisson likelihood: 0.0
CE loss: 0.0
Experiment 94796
Epoch 0142 [Test seq (cond on sampled tp)] | Loss 6498.058105 | Likelihood -6501.233887 | KL fp 5.1396 | FP STD 0.0124|
KL coef: 0.7346337502522946
Train loss (one batch): 5220.0595703125
Train CE loss (one batch): 0.0
Test MSE: 0.0130
Poisson likelihood: 0.0
CE loss: 0.0
Experiment 94796
Epoch 0143 [Test seq (cond on sampled tp)] | Loss 6437.295410 | Likelihood -6450.679688 | KL fp 5.1609 | FP STD 0.0121|
KL coef: 0.7372874127497717
Train loss (one batch): 5196.32421875
Train CE loss (one batch): 0.0
Test MSE: 0.0129
Poisson likelihood: 0.0
CE loss: 0.0
Experiment 94796
Epoch 0144 [Test seq (cond on sampled tp)] | Loss 6428.367676 | Likelihood -6435.048340 | KL fp 5.1330 | FP STD 0.0125|
KL coef: 0.739914538622274
Train loss (one batch): 5168.521484375
Train CE loss (one batch): 0.0
Test MSE: 0.0129
Poisson likelihood: 0.0
CE loss: 0.0
