/Users/deyiliu/Dropbox/UNC/G4/Spring/790/code/latent_ode-master/run_models.py
run_models.py --niters 300 -n 1000 -l 15 --dataset hopper --latent-ode --z0-encoder trans -r 1700
Experiment 45025
Epoch 0001 [Test seq (cond on sampled tp)] | Loss 39776.226562 | Likelihood -40776.101562 | KL fp 2.3651 | FP STD 0.2448|
KL coef: 0.0
Train loss (one batch): 41546.56640625
Train CE loss (one batch): 0.0
Test MSE: 0.0816
Poisson likelihood: 0.0
CE loss: 0.0
Experiment 45025
Epoch 0002 [Test seq (cond on sampled tp)] | Loss 31801.919922 | Likelihood -32006.062500 | KL fp 2.7313 | FP STD 0.1617|
KL coef: 0.0
Train loss (one batch): 33138.4765625
Train CE loss (one batch): 0.0
Test MSE: 0.0640
Poisson likelihood: 0.0
CE loss: 0.0
Experiment 45025
Epoch 0003 [Test seq (cond on sampled tp)] | Loss 28815.199219 | Likelihood -28978.359375 | KL fp 2.8866 | FP STD 0.1369|
KL coef: 0.0
Train loss (one batch): 28090.966796875
Train CE loss (one batch): 0.0
Test MSE: 0.0580
Poisson likelihood: 0.0
CE loss: 0.0
Experiment 45025
Epoch 0004 [Test seq (cond on sampled tp)] | Loss 27759.820312 | Likelihood -27841.562500 | KL fp 2.8917 | FP STD 0.1339|
KL coef: 0.0
Train loss (one batch): 26844.240234375
Train CE loss (one batch): 0.0
Test MSE: 0.0557
Poisson likelihood: 0.0
CE loss: 0.0
Experiment 45025
Epoch 0005 [Test seq (cond on sampled tp)] | Loss 26600.783203 | Likelihood -26800.654297 | KL fp 2.9401 | FP STD 0.1276|
KL coef: 0.0
Train loss (one batch): 27140.466796875
Train CE loss (one batch): 0.0
Test MSE: 0.0536
Poisson likelihood: 0.0
CE loss: 0.0
Experiment 45025
Epoch 0006 [Test seq (cond on sampled tp)] | Loss 25255.998047 | Likelihood -25375.453125 | KL fp 2.9734 | FP STD 0.1252|
KL coef: 0.0
Train loss (one batch): 25699.546875
Train CE loss (one batch): 0.0
Test MSE: 0.0508
Poisson likelihood: 0.0
CE loss: 0.0
Experiment 45025
Epoch 0007 [Test seq (cond on sampled tp)] | Loss 24969.064453 | Likelihood -25082.185547 | KL fp 2.9300 | FP STD 0.1269|
KL coef: 0.0
Train loss (one batch): 23744.529296875
Train CE loss (one batch): 0.0
Test MSE: 0.0502
Poisson likelihood: 0.0
CE loss: 0.0
Experiment 45025
Epoch 0008 [Test seq (cond on sampled tp)] | Loss 23250.867188 | Likelihood -23386.656250 | KL fp 3.0422 | FP STD 0.1206|
KL coef: 0.0
Train loss (one batch): 22397.962890625
Train CE loss (one batch): 0.0
Test MSE: 0.0468
Poisson likelihood: 0.0
CE loss: 0.0
Experiment 45025
Epoch 0009 [Test seq (cond on sampled tp)] | Loss 22942.740234 | Likelihood -23199.501953 | KL fp 2.9957 | FP STD 0.1213|
KL coef: 0.0
Train loss (one batch): 21727.0703125
Train CE loss (one batch): 0.0
Test MSE: 0.0464
Poisson likelihood: 0.0
CE loss: 0.0
Experiment 45025
Epoch 0010 [Test seq (cond on sampled tp)] | Loss 21497.437500 | Likelihood -21544.533203 | KL fp 3.0421 | FP STD 0.1158|
KL coef: 0.0
Train loss (one batch): 21248.19921875
Train CE loss (one batch): 0.0
Test MSE: 0.0431
Poisson likelihood: 0.0
CE loss: 0.0
Experiment 45025
Epoch 0011 [Test seq (cond on sampled tp)] | Loss 20577.767578 | Likelihood -20702.427734 | KL fp 3.0977 | FP STD 0.1116|
KL coef: 0.010000000000000009
Train loss (one batch): 21080.68359375
Train CE loss (one batch): 0.0
Test MSE: 0.0414
Poisson likelihood: 0.0
CE loss: 0.0
Experiment 45025
Epoch 0012 [Test seq (cond on sampled tp)] | Loss 20029.138672 | Likelihood -20155.705078 | KL fp 3.0791 | FP STD 0.1118|
KL coef: 0.01990000000000003
Train loss (one batch): 19688.15625
Train CE loss (one batch): 0.0
Test MSE: 0.0403
Poisson likelihood: 0.0
CE loss: 0.0
Experiment 45025
Epoch 0013 [Test seq (cond on sampled tp)] | Loss 19170.017578 | Likelihood -19283.654297 | KL fp 3.1063 | FP STD 0.1081|
KL coef: 0.029700999999999977
Train loss (one batch): 19823.115234375
Train CE loss (one batch): 0.0
Test MSE: 0.0386
Poisson likelihood: 0.0
CE loss: 0.0
Experiment 45025
Epoch 0014 [Test seq (cond on sampled tp)] | Loss 18748.607422 | Likelihood -18841.916016 | KL fp 3.1760 | FP STD 0.1043|
KL coef: 0.039403990000000055
Train loss (one batch): 19252.94140625
Train CE loss (one batch): 0.0
Test MSE: 0.0377
Poisson likelihood: 0.0
CE loss: 0.0
Experiment 45025
Epoch 0015 [Test seq (cond on sampled tp)] | Loss 18473.613281 | Likelihood -18687.587891 | KL fp 3.0521 | FP STD 0.1071|
KL coef: 0.04900995010000009
Train loss (one batch): 18847.158203125
Train CE loss (one batch): 0.0
Test MSE: 0.0374
Poisson likelihood: 0.0
CE loss: 0.0
Experiment 45025
Epoch 0016 [Test seq (cond on sampled tp)] | Loss 17821.607422 | Likelihood -17898.435547 | KL fp 3.1673 | FP STD 0.1012|
KL coef: 0.058519850599
Train loss (one batch): 18643.0703125
Train CE loss (one batch): 0.0
Test MSE: 0.0358
Poisson likelihood: 0.0
CE loss: 0.0
Experiment 45025
Epoch 0017 [Test seq (cond on sampled tp)] | Loss 18149.074219 | Likelihood -18220.833984 | KL fp 3.1450 | FP STD 0.1018|
KL coef: 0.06793465209301008
Train loss (one batch): 18076.353515625
Train CE loss (one batch): 0.0
Test MSE: 0.0365
Poisson likelihood: 0.0
CE loss: 0.0
Experiment 45025
Epoch 0018 [Test seq (cond on sampled tp)] | Loss 17353.683594 | Likelihood -17358.730469 | KL fp 3.2081 | FP STD 0.0955|
KL coef: 0.07725530557207994
Train loss (one batch): 17745.2265625
Train CE loss (one batch): 0.0
Test MSE: 0.0347
Poisson likelihood: 0.0
CE loss: 0.0
Experiment 45025
Epoch 0019 [Test seq (cond on sampled tp)] | Loss 17228.900391 | Likelihood -17301.640625 | KL fp 3.1636 | FP STD 0.0999|
KL coef: 0.08648275251635917
Train loss (one batch): 17272.08203125
Train CE loss (one batch): 0.0
Test MSE: 0.0346
Poisson likelihood: 0.0
CE loss: 0.0
Experiment 45025
Epoch 0020 [Test seq (cond on sampled tp)] | Loss 16411.027344 | Likelihood -16572.380859 | KL fp 3.1741 | FP STD 0.0966|
KL coef: 0.09561792499119559
Train loss (one batch): 16599.724609375
Train CE loss (one batch): 0.0
Test MSE: 0.0332
Poisson likelihood: 0.0
CE loss: 0.0
Experiment 45025
Epoch 0021 [Test seq (cond on sampled tp)] | Loss 16678.988281 | Likelihood -16712.148438 | KL fp 3.1980 | FP STD 0.0952|
KL coef: 0.10466174574128362
Train loss (one batch): 16565.08203125
Train CE loss (one batch): 0.0
Test MSE: 0.0334
Poisson likelihood: 0.0
CE loss: 0.0
Experiment 45025
Epoch 0022 [Test seq (cond on sampled tp)] | Loss 16150.364258 | Likelihood -16269.643555 | KL fp 3.2315 | FP STD 0.0940|
KL coef: 0.11361512828387077
Train loss (one batch): 16276.6806640625
Train CE loss (one batch): 0.0
Test MSE: 0.0326
Poisson likelihood: 0.0
CE loss: 0.0
Experiment 45025
Epoch 0023 [Test seq (cond on sampled tp)] | Loss 15782.032227 | Likelihood -15793.401367 | KL fp 3.2167 | FP STD 0.0924|
KL coef: 0.12247897700103216
Train loss (one batch): 16102.5205078125
Train CE loss (one batch): 0.0
Test MSE: 0.0316
Poisson likelihood: 0.0
CE loss: 0.0
Experiment 45025
Epoch 0024 [Test seq (cond on sampled tp)] | Loss 15274.018555 | Likelihood -15389.187500 | KL fp 3.2806 | FP STD 0.0874|
KL coef: 0.13125418723102178
Train loss (one batch): 15978.2578125
Train CE loss (one batch): 0.0
Test MSE: 0.0308
Poisson likelihood: 0.0
CE loss: 0.0
Experiment 45025
Epoch 0025 [Test seq (cond on sampled tp)] | Loss 15396.038086 | Likelihood -15445.612305 | KL fp 3.2659 | FP STD 0.0875|
KL coef: 0.13994164535871156
Train loss (one batch): 15481.951171875
Train CE loss (one batch): 0.0
Test MSE: 0.0309
Poisson likelihood: 0.0
CE loss: 0.0
Experiment 45025
Epoch 0026 [Test seq (cond on sampled tp)] | Loss 15243.372070 | Likelihood -15385.765625 | KL fp 3.2013 | FP STD 0.0905|
KL coef: 0.14854222890512447
Train loss (one batch): 15317.654296875
Train CE loss (one batch): 0.0
Test MSE: 0.0308
Poisson likelihood: 0.0
CE loss: 0.0
Experiment 45025
Epoch 0027 [Test seq (cond on sampled tp)] | Loss 14629.426758 | Likelihood -14693.262695 | KL fp 3.2801 | FP STD 0.0867|
KL coef: 0.15705680661607324
Train loss (one batch): 15043.6015625
Train CE loss (one batch): 0.0
Test MSE: 0.0294
Poisson likelihood: 0.0
CE loss: 0.0
Experiment 45025
Epoch 0028 [Test seq (cond on sampled tp)] | Loss 15190.628906 | Likelihood -15229.827148 | KL fp 3.2794 | FP STD 0.0863|
KL coef: 0.1654862385499125
Train loss (one batch): 15065.48828125
Train CE loss (one batch): 0.0
Test MSE: 0.0305
Poisson likelihood: 0.0
CE loss: 0.0
Experiment 45025
Epoch 0029 [Test seq (cond on sampled tp)] | Loss 14445.014648 | Likelihood -14509.803711 | KL fp 3.3272 | FP STD 0.0831|
KL coef: 0.17383137616441335
Train loss (one batch): 14937.80078125
Train CE loss (one batch): 0.0
Test MSE: 0.0290
Poisson likelihood: 0.0
CE loss: 0.0
Experiment 45025
Epoch 0030 [Test seq (cond on sampled tp)] | Loss 14449.607422 | Likelihood -14517.300781 | KL fp 3.3074 | FP STD 0.0836|
KL coef: 0.18209306240276923
Train loss (one batch): 15051.8896484375
Train CE loss (one batch): 0.0
Test MSE: 0.0290
Poisson likelihood: 0.0
CE loss: 0.0
Experiment 45025
Epoch 0031 [Test seq (cond on sampled tp)] | Loss 14314.161133 | Likelihood -14417.296875 | KL fp 3.3388 | FP STD 0.0813|
KL coef: 0.19027213177874158
Train loss (one batch): 14452.6328125
Train CE loss (one batch): 0.0
Test MSE: 0.0288
Poisson likelihood: 0.0
CE loss: 0.0
Experiment 45025
Epoch 0032 [Test seq (cond on sampled tp)] | Loss 13947.487305 | Likelihood -14037.907227 | KL fp 3.3170 | FP STD 0.0823|
KL coef: 0.19836941046095413
Train loss (one batch): 14459.869140625
Train CE loss (one batch): 0.0
Test MSE: 0.0281
Poisson likelihood: 0.0
CE loss: 0.0
Experiment 45025
Epoch 0033 [Test seq (cond on sampled tp)] | Loss 13723.757812 | Likelihood -13832.293945 | KL fp 3.3211 | FP STD 0.0801|
KL coef: 0.20638571635634462
Train loss (one batch): 13756.107421875
Train CE loss (one batch): 0.0
Test MSE: 0.0277
Poisson likelihood: 0.0
CE loss: 0.0
Experiment 45025
Epoch 0034 [Test seq (cond on sampled tp)] | Loss 13916.847656 | Likelihood -13959.948242 | KL fp 3.3269 | FP STD 0.0817|
KL coef: 0.21432185919278124
Train loss (one batch): 13971.5166015625
Train CE loss (one batch): 0.0
Test MSE: 0.0279
Poisson likelihood: 0.0
CE loss: 0.0
Experiment 45025
Epoch 0035 [Test seq (cond on sampled tp)] | Loss 13845.995117 | Likelihood -13953.354492 | KL fp 3.3310 | FP STD 0.0805|
KL coef: 0.22217864060085335
Train loss (one batch): 13892.578125
Train CE loss (one batch): 0.0
Test MSE: 0.0279
Poisson likelihood: 0.0
CE loss: 0.0
Experiment 45025
Epoch 0036 [Test seq (cond on sampled tp)] | Loss 13647.423828 | Likelihood -13695.284180 | KL fp 3.3365 | FP STD 0.0798|
KL coef: 0.2299568541948449
Train loss (one batch): 13780.8173828125
Train CE loss (one batch): 0.0
Test MSE: 0.0274
Poisson likelihood: 0.0
CE loss: 0.0
Experiment 45025
Epoch 0037 [Test seq (cond on sampled tp)] | Loss 13562.840820 | Likelihood -13692.523438 | KL fp 3.3252 | FP STD 0.0804|
KL coef: 0.23765728565289646
Train loss (one batch): 13878.0302734375
Train CE loss (one batch): 0.0
Test MSE: 0.0274
Poisson likelihood: 0.0
CE loss: 0.0
Experiment 45025
Epoch 0038 [Test seq (cond on sampled tp)] | Loss 13394.229492 | Likelihood -13469.708008 | KL fp 3.3407 | FP STD 0.0784|
KL coef: 0.24528071279636743
Train loss (one batch): 13209.0458984375
Train CE loss (one batch): 0.0
Test MSE: 0.0270
Poisson likelihood: 0.0
CE loss: 0.0
Experiment 45025
Epoch 0039 [Test seq (cond on sampled tp)] | Loss 12946.007812 | Likelihood -13065.002930 | KL fp 3.3436 | FP STD 0.0774|
KL coef: 0.25282790566840385
Train loss (one batch): 12870.982421875
Train CE loss (one batch): 0.0
Test MSE: 0.0261
Poisson likelihood: 0.0
CE loss: 0.0
Experiment 45025
Epoch 0040 [Test seq (cond on sampled tp)] | Loss 12763.618164 | Likelihood -12842.803711 | KL fp 3.4345 | FP STD 0.0746|
KL coef: 0.2602996266117198
Train loss (one batch): 12702.4697265625
Train CE loss (one batch): 0.0
Test MSE: 0.0257
Poisson likelihood: 0.0
CE loss: 0.0
Experiment 45025
Epoch 0041 [Test seq (cond on sampled tp)] | Loss 12590.438477 | Likelihood -12652.995117 | KL fp 3.3534 | FP STD 0.0761|
KL coef: 0.26769663034560254
Train loss (one batch): 13279.208984375
Train CE loss (one batch): 0.0
Test MSE: 0.0253
Poisson likelihood: 0.0
CE loss: 0.0
Experiment 45025
Epoch 0042 [Test seq (cond on sampled tp)] | Loss 12580.020508 | Likelihood -12644.981445 | KL fp 3.4116 | FP STD 0.0731|
KL coef: 0.2750196640421466
Train loss (one batch): 12830.9755859375
Train CE loss (one batch): 0.0
Test MSE: 0.0253
Poisson likelihood: 0.0
CE loss: 0.0
Experiment 45025
Epoch 0043 [Test seq (cond on sampled tp)] | Loss 12530.063477 | Likelihood -12561.659180 | KL fp 3.3707 | FP STD 0.0748|
KL coef: 0.2822694674017251
Train loss (one batch): 12313.27734375
Train CE loss (one batch): 0.0
Test MSE: 0.0251
Poisson likelihood: 0.0
CE loss: 0.0
Experiment 45025
Epoch 0044 [Test seq (cond on sampled tp)] | Loss 12257.882812 | Likelihood -12299.747070 | KL fp 3.3895 | FP STD 0.0750|
KL coef: 0.2894467727277079
Train loss (one batch): 12751.31640625
Train CE loss (one batch): 0.0
Test MSE: 0.0246
Poisson likelihood: 0.0
CE loss: 0.0
Experiment 45025
Epoch 0045 [Test seq (cond on sampled tp)] | Loss 12136.625977 | Likelihood -12225.050781 | KL fp 3.3877 | FP STD 0.0731|
KL coef: 0.29655230500043084
Train loss (one batch): 11956.4130859375
Train CE loss (one batch): 0.0
Test MSE: 0.0245
Poisson likelihood: 0.0
CE loss: 0.0
Experiment 45025
Epoch 0046 [Test seq (cond on sampled tp)] | Loss 12035.963867 | Likelihood -12078.941406 | KL fp 3.4146 | FP STD 0.0715|
KL coef: 0.30358678195042654
Train loss (one batch): 12538.0810546875
Train CE loss (one batch): 0.0
Test MSE: 0.0242
Poisson likelihood: 0.0
CE loss: 0.0
Experiment 45025
Epoch 0047 [Test seq (cond on sampled tp)] | Loss 11725.243164 | Likelihood -11819.161133 | KL fp 3.4156 | FP STD 0.0710|
KL coef: 0.3105509141309223
Train loss (one batch): 11931.8134765625
Train CE loss (one batch): 0.0
Test MSE: 0.0237
Poisson likelihood: 0.0
CE loss: 0.0
Experiment 45025
Epoch 0048 [Test seq (cond on sampled tp)] | Loss 11674.291992 | Likelihood -11721.301758 | KL fp 3.4305 | FP STD 0.0711|
KL coef: 0.31744540498961304
Train loss (one batch): 12025.34765625
Train CE loss (one batch): 0.0
Test MSE: 0.0235
Poisson likelihood: 0.0
CE loss: 0.0
Experiment 45025
Epoch 0049 [Test seq (cond on sampled tp)] | Loss 11618.819336 | Likelihood -11681.894531 | KL fp 3.4348 | FP STD 0.0700|
KL coef: 0.3242709509397169
Train loss (one batch): 11641.533203125
Train CE loss (one batch): 0.0
Test MSE: 0.0234
Poisson likelihood: 0.0
CE loss: 0.0
Experiment 45025
Epoch 0050 [Test seq (cond on sampled tp)] | Loss 11261.439453 | Likelihood -11277.432617 | KL fp 3.4693 | FP STD 0.0691|
KL coef: 0.3310282414303197
Train loss (one batch): 11383.2509765625
Train CE loss (one batch): 0.0
Test MSE: 0.0226
Poisson likelihood: 0.0
CE loss: 0.0
Experiment 45025
Epoch 0051 [Test seq (cond on sampled tp)] | Loss 11326.200195 | Likelihood -11454.041992 | KL fp 3.4458 | FP STD 0.0699|
KL coef: 0.33771795901601653
Train loss (one batch): 11338.58203125
Train CE loss (one batch): 0.0
Test MSE: 0.0229
Poisson likelihood: 0.0
CE loss: 0.0
Experiment 45025
Epoch 0052 [Test seq (cond on sampled tp)] | Loss 11333.515625 | Likelihood -11383.316406 | KL fp 3.4727 | FP STD 0.0685|
KL coef: 0.3443407794258564
Train loss (one batch): 11182.8984375
Train CE loss (one batch): 0.0
Test MSE: 0.0228
Poisson likelihood: 0.0
CE loss: 0.0
Experiment 45025
Epoch 0053 [Test seq (cond on sampled tp)] | Loss 11088.540039 | Likelihood -11118.098633 | KL fp 3.4661 | FP STD 0.0679|
KL coef: 0.35089737163159784
Train loss (one batch): 11050.6337890625
Train CE loss (one batch): 0.0
Test MSE: 0.0222
Poisson likelihood: 0.0
CE loss: 0.0
Experiment 45025
Epoch 0054 [Test seq (cond on sampled tp)] | Loss 10582.206055 | Likelihood -10652.222656 | KL fp 3.4654 | FP STD 0.0676|
KL coef: 0.3573883979152819
Train loss (one batch): 11434.21484375
Train CE loss (one batch): 0.0
Test MSE: 0.0213
Poisson likelihood: 0.0
CE loss: 0.0
Experiment 45025
Epoch 0055 [Test seq (cond on sampled tp)] | Loss 10550.609375 | Likelihood -10677.468750 | KL fp 3.4060 | FP STD 0.0705|
KL coef: 0.36381451393612907
Train loss (one batch): 10383.2119140625
Train CE loss (one batch): 0.0
Test MSE: 0.0214
Poisson likelihood: 0.0
CE loss: 0.0
Experiment 45025
Epoch 0056 [Test seq (cond on sampled tp)] | Loss 10686.542969 | Likelihood -10717.922852 | KL fp 3.4694 | FP STD 0.0672|
KL coef: 0.37017636879676774
Train loss (one batch): 10706.771484375
Train CE loss (one batch): 0.0
Test MSE: 0.0214
Poisson likelihood: 0.0
CE loss: 0.0
Experiment 45025
Epoch 0057 [Test seq (cond on sampled tp)] | Loss 10315.957031 | Likelihood -10352.122070 | KL fp 3.4767 | FP STD 0.0665|
KL coef: 0.37647460510880004
Train loss (one batch): 10475.8935546875
Train CE loss (one batch): 0.0
Test MSE: 0.0207
Poisson likelihood: 0.0
CE loss: 0.0
Experiment 45025
Epoch 0058 [Test seq (cond on sampled tp)] | Loss 10135.568359 | Likelihood -10183.243164 | KL fp 3.4797 | FP STD 0.0663|
KL coef: 0.38270985905771204
Train loss (one batch): 10489.884765625
Train CE loss (one batch): 0.0
Test MSE: 0.0204
Poisson likelihood: 0.0
CE loss: 0.0
Experiment 45025
Epoch 0059 [Test seq (cond on sampled tp)] | Loss 10290.498047 | Likelihood -10345.139648 | KL fp 3.4605 | FP STD 0.0669|
KL coef: 0.388882760467135
Train loss (one batch): 10197.1025390625
Train CE loss (one batch): 0.0
Test MSE: 0.0207
Poisson likelihood: 0.0
CE loss: 0.0
Experiment 45025
Epoch 0060 [Test seq (cond on sampled tp)] | Loss 10099.532227 | Likelihood -10180.331055 | KL fp 3.4750 | FP STD 0.0666|
KL coef: 0.39499393286246365
Train loss (one batch): 9935.728515625
Train CE loss (one batch): 0.0
Test MSE: 0.0204
Poisson likelihood: 0.0
CE loss: 0.0
Experiment 45025
Epoch 0061 [Test seq (cond on sampled tp)] | Loss 10075.897461 | Likelihood -10172.183594 | KL fp 3.5437 | FP STD 0.0637|
KL coef: 0.401043993533839
Train loss (one batch): 9690.9140625
Train CE loss (one batch): 0.0
Test MSE: 0.0204
Poisson likelihood: 0.0
CE loss: 0.0
Experiment 45025
Epoch 0062 [Test seq (cond on sampled tp)] | Loss 9917.435547 | Likelihood -9993.413086 | KL fp 3.5437 | FP STD 0.0638|
KL coef: 0.4070335535985006
Train loss (one batch): 9798.4072265625
Train CE loss (one batch): 0.0
Test MSE: 0.0200
Poisson likelihood: 0.0
CE loss: 0.0
Experiment 45025
Epoch 0063 [Test seq (cond on sampled tp)] | Loss 9621.541016 | Likelihood -9692.643555 | KL fp 3.5331 | FP STD 0.0627|
KL coef: 0.41296321806251557
Train loss (one batch): 9436.73046875
Train CE loss (one batch): 0.0
Test MSE: 0.0194
Poisson likelihood: 0.0
CE loss: 0.0
Experiment 45025
Epoch 0064 [Test seq (cond on sampled tp)] | Loss 9660.958008 | Likelihood -9746.590820 | KL fp 3.5164 | FP STD 0.0633|
KL coef: 0.41883358588189046
Train loss (one batch): 10151.220703125
Train CE loss (one batch): 0.0
Test MSE: 0.0195
Poisson likelihood: 0.0
CE loss: 0.0
Experiment 45025
Epoch 0065 [Test seq (cond on sampled tp)] | Loss 9683.868164 | Likelihood -9732.632812 | KL fp 3.5469 | FP STD 0.0634|
KL coef: 0.4246452500230715
Train loss (one batch): 10047.0517578125
Train CE loss (one batch): 0.0
Test MSE: 0.0195
Poisson likelihood: 0.0
CE loss: 0.0
Experiment 45025
Epoch 0066 [Test seq (cond on sampled tp)] | Loss 9718.566406 | Likelihood -9776.660156 | KL fp 3.5365 | FP STD 0.0623|
KL coef: 0.4303987975228408
Train loss (one batch): 9350.8466796875
Train CE loss (one batch): 0.0
Test MSE: 0.0196
Poisson likelihood: 0.0
CE loss: 0.0
Experiment 45025
Epoch 0067 [Test seq (cond on sampled tp)] | Loss 9298.388672 | Likelihood -9366.453125 | KL fp 3.5336 | FP STD 0.0612|
KL coef: 0.4360948095476125
Train loss (one batch): 9121.35546875
Train CE loss (one batch): 0.0
Test MSE: 0.0187
Poisson likelihood: 0.0
CE loss: 0.0
Experiment 45025
Epoch 0068 [Test seq (cond on sampled tp)] | Loss 9011.594727 | Likelihood -9123.216797 | KL fp 3.5928 | FP STD 0.0600|
KL coef: 0.44173386145213633
Train loss (one batch): 9880.1708984375
Train CE loss (one batch): 0.0
Test MSE: 0.0183
Poisson likelihood: 0.0
CE loss: 0.0
Experiment 45025
Epoch 0069 [Test seq (cond on sampled tp)] | Loss 9255.572266 | Likelihood -9309.249023 | KL fp 3.5208 | FP STD 0.0611|
KL coef: 0.4473165228376149
Train loss (one batch): 8951.0927734375
Train CE loss (one batch): 0.0
Test MSE: 0.0186
Poisson likelihood: 0.0
CE loss: 0.0
Experiment 45025
Epoch 0070 [Test seq (cond on sampled tp)] | Loss 9125.656250 | Likelihood -9219.696289 | KL fp 3.5555 | FP STD 0.0602|
KL coef: 0.4528433576092388
Train loss (one batch): 9649.67578125
Train CE loss (one batch): 0.0
Test MSE: 0.0185
Poisson likelihood: 0.0
CE loss: 0.0
Experiment 45025
Epoch 0071 [Test seq (cond on sampled tp)] | Loss 9164.976562 | Likelihood -9189.175781 | KL fp 3.5564 | FP STD 0.0588|
KL coef: 0.45831492403314644
Train loss (one batch): 8973.607421875
Train CE loss (one batch): 0.0
Test MSE: 0.0184
Poisson likelihood: 0.0
CE loss: 0.0
Experiment 45025
Epoch 0072 [Test seq (cond on sampled tp)] | Loss 8934.840820 | Likelihood -8964.101562 | KL fp 3.5627 | FP STD 0.0602|
KL coef: 0.463731774792815
Train loss (one batch): 8849.06640625
Train CE loss (one batch): 0.0
Test MSE: 0.0179
Poisson likelihood: 0.0
CE loss: 0.0
Experiment 45025
Epoch 0073 [Test seq (cond on sampled tp)] | Loss 8875.911133 | Likelihood -8912.191406 | KL fp 3.5826 | FP STD 0.0577|
KL coef: 0.46909445704488684
Train loss (one batch): 8780.1376953125
Train CE loss (one batch): 0.0
Test MSE: 0.0178
Poisson likelihood: 0.0
CE loss: 0.0
Experiment 45025
Epoch 0074 [Test seq (cond on sampled tp)] | Loss 8736.093750 | Likelihood -8803.012695 | KL fp 3.6028 | FP STD 0.0572|
KL coef: 0.474403512474438
Train loss (one batch): 8836.806640625
Train CE loss (one batch): 0.0
Test MSE: 0.0176
Poisson likelihood: 0.0
CE loss: 0.0
Experiment 45025
Epoch 0075 [Test seq (cond on sampled tp)] | Loss 8943.781250 | Likelihood -8983.488281 | KL fp 3.5957 | FP STD 0.0579|
KL coef: 0.4796594773496936
Train loss (one batch): 8752.4765625
Train CE loss (one batch): 0.0
Test MSE: 0.0180
Poisson likelihood: 0.0
CE loss: 0.0
Experiment 45025
Epoch 0076 [Test seq (cond on sampled tp)] | Loss 8641.875000 | Likelihood -8766.530273 | KL fp 3.6290 | FP STD 0.0563|
KL coef: 0.4848628825761967
Train loss (one batch): 8876.853515625
Train CE loss (one batch): 0.0
Test MSE: 0.0175
Poisson likelihood: 0.0
CE loss: 0.0
Experiment 45025
Epoch 0077 [Test seq (cond on sampled tp)] | Loss 8691.127930 | Likelihood -8724.819336 | KL fp 3.5975 | FP STD 0.0577|
KL coef: 0.4900142537504347
Train loss (one batch): 8735.875
Train CE loss (one batch): 0.0
Test MSE: 0.0175
Poisson likelihood: 0.0
CE loss: 0.0
Experiment 45025
Epoch 0078 [Test seq (cond on sampled tp)] | Loss 8594.504883 | Likelihood -8633.831055 | KL fp 3.6665 | FP STD 0.0549|
KL coef: 0.49511411121293036
Train loss (one batch): 8600.2734375
Train CE loss (one batch): 0.0
Test MSE: 0.0173
Poisson likelihood: 0.0
CE loss: 0.0
Experiment 45025
Epoch 0079 [Test seq (cond on sampled tp)] | Loss 8390.137695 | Likelihood -8395.787109 | KL fp 3.6781 | FP STD 0.0538|
KL coef: 0.500162970100801
Train loss (one batch): 8457.919921875
Train CE loss (one batch): 0.0
Test MSE: 0.0168
Poisson likelihood: 0.0
CE loss: 0.0
Experiment 45025
Epoch 0080 [Test seq (cond on sampled tp)] | Loss 8374.917969 | Likelihood -8399.369141 | KL fp 3.7268 | FP STD 0.0525|
KL coef: 0.505161340399793
Train loss (one batch): 8762.23828125
Train CE loss (one batch): 0.0
Test MSE: 0.0168
Poisson likelihood: 0.0
CE loss: 0.0
Experiment 45025
Epoch 0081 [Test seq (cond on sampled tp)] | Loss 8317.004883 | Likelihood -8336.141602 | KL fp 3.6773 | FP STD 0.0528|
KL coef: 0.510109726995795
Train loss (one batch): 8229.6171875
Train CE loss (one batch): 0.0
Test MSE: 0.0167
Poisson likelihood: 0.0
CE loss: 0.0
Experiment 45025
Epoch 0082 [Test seq (cond on sampled tp)] | Loss 8315.023438 | Likelihood -8350.411133 | KL fp 3.6539 | FP STD 0.0537|
KL coef: 0.5150086297258372
Train loss (one batch): 8447.67578125
Train CE loss (one batch): 0.0
Test MSE: 0.0167
Poisson likelihood: 0.0
CE loss: 0.0
Experiment 45025
Epoch 0083 [Test seq (cond on sampled tp)] | Loss 8336.427734 | Likelihood -8391.496094 | KL fp 3.6351 | FP STD 0.0543|
KL coef: 0.5198585434285787
Train loss (one batch): 8410.5654296875
Train CE loss (one batch): 0.0
Test MSE: 0.0168
Poisson likelihood: 0.0
CE loss: 0.0
Experiment 45025
Epoch 0084 [Test seq (cond on sampled tp)] | Loss 8218.800781 | Likelihood -8237.669922 | KL fp 3.7106 | FP STD 0.0517|
KL coef: 0.524659957994293
Train loss (one batch): 8147.59033203125
Train CE loss (one batch): 0.0
Test MSE: 0.0165
Poisson likelihood: 0.0
CE loss: 0.0
Experiment 45025
Epoch 0085 [Test seq (cond on sampled tp)] | Loss 8117.611328 | Likelihood -8172.757324 | KL fp 3.6550 | FP STD 0.0516|
KL coef: 0.5294133584143501
Train loss (one batch): 8389.001953125
Train CE loss (one batch): 0.0
Test MSE: 0.0164
Poisson likelihood: 0.0
CE loss: 0.0
Experiment 45025
Epoch 0086 [Test seq (cond on sampled tp)] | Loss 8301.755859 | Likelihood -8362.592773 | KL fp 3.6773 | FP STD 0.0526|
KL coef: 0.5341192248302067
Train loss (one batch): 7846.20263671875
Train CE loss (one batch): 0.0
Test MSE: 0.0167
Poisson likelihood: 0.0
CE loss: 0.0
Experiment 45025
Epoch 0087 [Test seq (cond on sampled tp)] | Loss 8142.782227 | Likelihood -8195.411133 | KL fp 3.7133 | FP STD 0.0507|
KL coef: 0.5387780325819045
Train loss (one batch): 7869.76416015625
Train CE loss (one batch): 0.0
Test MSE: 0.0164
Poisson likelihood: 0.0
CE loss: 0.0
Experiment 45025
Epoch 0088 [Test seq (cond on sampled tp)] | Loss 8026.923340 | Likelihood -8080.379395 | KL fp 3.7397 | FP STD 0.0489|
KL coef: 0.5433902522560855
Train loss (one batch): 7557.02685546875
Train CE loss (one batch): 0.0
Test MSE: 0.0162
Poisson likelihood: 0.0
CE loss: 0.0
Experiment 45025
Epoch 0089 [Test seq (cond on sampled tp)] | Loss 8034.000977 | Likelihood -8091.634766 | KL fp 3.7297 | FP STD 0.0503|
KL coef: 0.5479563497335247
Train loss (one batch): 8065.4169921875
Train CE loss (one batch): 0.0
Test MSE: 0.0162
Poisson likelihood: 0.0
CE loss: 0.0
Experiment 45025
Epoch 0090 [Test seq (cond on sampled tp)] | Loss 7952.498047 | Likelihood -7969.490234 | KL fp 3.7065 | FP STD 0.0508|
KL coef: 0.5524767862361895
Train loss (one batch): 7923.81982421875
Train CE loss (one batch): 0.0
Test MSE: 0.0160
Poisson likelihood: 0.0
CE loss: 0.0
Experiment 45025
Epoch 0091 [Test seq (cond on sampled tp)] | Loss 7867.731934 | Likelihood -7915.318848 | KL fp 3.7315 | FP STD 0.0487|
KL coef: 0.5569520183738275
Train loss (one batch): 7803.38818359375
Train CE loss (one batch): 0.0
Test MSE: 0.0158
Poisson likelihood: 0.0
CE loss: 0.0
Experiment 45025
Epoch 0092 [Test seq (cond on sampled tp)] | Loss 7826.334473 | Likelihood -7839.199219 | KL fp 3.7480 | FP STD 0.0498|
KL coef: 0.5613824981900892
Train loss (one batch): 8050.39208984375
Train CE loss (one batch): 0.0
Test MSE: 0.0157
Poisson likelihood: 0.0
CE loss: 0.0
Experiment 45025
Epoch 0093 [Test seq (cond on sampled tp)] | Loss 7740.923828 | Likelihood -7750.390625 | KL fp 3.8023 | FP STD 0.0474|
KL coef: 0.5657686732081884
Train loss (one batch): 7994.94677734375
Train CE loss (one batch): 0.0
Test MSE: 0.0155
Poisson likelihood: 0.0
CE loss: 0.0
Experiment 45025
Epoch 0094 [Test seq (cond on sampled tp)] | Loss 7770.434570 | Likelihood -7811.470215 | KL fp 3.7521 | FP STD 0.0494|
KL coef: 0.5701109864761065
Train loss (one batch): 7867.55419921875
Train CE loss (one batch): 0.0
Test MSE: 0.0156
Poisson likelihood: 0.0
CE loss: 0.0
Experiment 45025
Epoch 0095 [Test seq (cond on sampled tp)] | Loss 7832.791504 | Likelihood -7870.119141 | KL fp 3.7711 | FP STD 0.0480|
KL coef: 0.5744098766113455
Train loss (one batch): 7456.6875
Train CE loss (one batch): 0.0
Test MSE: 0.0158
Poisson likelihood: 0.0
CE loss: 0.0
Experiment 45025
Epoch 0096 [Test seq (cond on sampled tp)] | Loss 7653.409180 | Likelihood -7686.825684 | KL fp 3.7812 | FP STD 0.0472|
KL coef: 0.578665777845232
Train loss (one batch): 7779.63134765625
Train CE loss (one batch): 0.0
Test MSE: 0.0154
Poisson likelihood: 0.0
CE loss: 0.0
Experiment 45025
Epoch 0097 [Test seq (cond on sampled tp)] | Loss 7687.166504 | Likelihood -7694.617188 | KL fp 3.8221 | FP STD 0.0462|
KL coef: 0.5828791200667797
Train loss (one batch): 7992.8564453125
Train CE loss (one batch): 0.0
Test MSE: 0.0154
Poisson likelihood: 0.0
CE loss: 0.0
Experiment 45025
Epoch 0098 [Test seq (cond on sampled tp)] | Loss 7492.805664 | Likelihood -7574.488281 | KL fp 3.8470 | FP STD 0.0453|
KL coef: 0.5870503288661119
Train loss (one batch): 7233.49609375
Train CE loss (one batch): 0.0
Test MSE: 0.0152
Poisson likelihood: 0.0
CE loss: 0.0
Experiment 45025
Epoch 0099 [Test seq (cond on sampled tp)] | Loss 7761.864258 | Likelihood -7790.955566 | KL fp 3.7543 | FP STD 0.0470|
KL coef: 0.5911798255774507
Train loss (one batch): 7812.57177734375
Train CE loss (one batch): 0.0
Test MSE: 0.0156
Poisson likelihood: 0.0
CE loss: 0.0
Experiment 45025
Epoch 0100 [Test seq (cond on sampled tp)] | Loss 7668.026367 | Likelihood -7687.983887 | KL fp 3.7954 | FP STD 0.0470|
KL coef: 0.5952680273216762
Train loss (one batch): 7554.552734375
Train CE loss (one batch): 0.0
Test MSE: 0.0154
Poisson likelihood: 0.0
CE loss: 0.0
Experiment 45025
Epoch 0101 [Test seq (cond on sampled tp)] | Loss 7732.670410 | Likelihood -7777.341309 | KL fp 3.8031 | FP STD 0.0470|
KL coef: 0.5993153470484595
Train loss (one batch): 7433.6845703125
Train CE loss (one batch): 0.0
Test MSE: 0.0156
Poisson likelihood: 0.0
CE loss: 0.0
Experiment 45025
Epoch 0102 [Test seq (cond on sampled tp)] | Loss 7639.723633 | Likelihood -7643.830566 | KL fp 3.8206 | FP STD 0.0452|
KL coef: 0.6033221935779749
Train loss (one batch): 7559.76806640625
Train CE loss (one batch): 0.0
Test MSE: 0.0153
Poisson likelihood: 0.0
CE loss: 0.0
Experiment 45025
Epoch 0103 [Test seq (cond on sampled tp)] | Loss 7652.401367 | Likelihood -7678.867676 | KL fp 3.8401 | FP STD 0.0450|
KL coef: 0.6072889716421952
Train loss (one batch): 7903.19775390625
Train CE loss (one batch): 0.0
Test MSE: 0.0154
Poisson likelihood: 0.0
CE loss: 0.0
Experiment 45025
Epoch 0104 [Test seq (cond on sampled tp)] | Loss 7477.284180 | Likelihood -7529.352051 | KL fp 3.8607 | FP STD 0.0443|
KL coef: 0.6112160819257733
Train loss (one batch): 7478.22412109375
Train CE loss (one batch): 0.0
Test MSE: 0.0151
Poisson likelihood: 0.0
CE loss: 0.0
Experiment 45025
Epoch 0105 [Test seq (cond on sampled tp)] | Loss 7388.605957 | Likelihood -7441.562012 | KL fp 3.8833 | FP STD 0.0435|
KL coef: 0.6151039211065155
Train loss (one batch): 7301.9248046875
Train CE loss (one batch): 0.0
Test MSE: 0.0149
Poisson likelihood: 0.0
CE loss: 0.0
Experiment 45025
Epoch 0106 [Test seq (cond on sampled tp)] | Loss 7358.179688 | Likelihood -7389.114746 | KL fp 3.8894 | FP STD 0.0430|
KL coef: 0.6189528818954504
Train loss (one batch): 7482.4658203125
Train CE loss (one batch): 0.0
Test MSE: 0.0148
Poisson likelihood: 0.0
CE loss: 0.0
Experiment 45025
Epoch 0107 [Test seq (cond on sampled tp)] | Loss 7431.853027 | Likelihood -7462.778809 | KL fp 3.8509 | FP STD 0.0439|
KL coef: 0.6227633530764958
Train loss (one batch): 7381.38330078125
Train CE loss (one batch): 0.0
Test MSE: 0.0149
Poisson likelihood: 0.0
CE loss: 0.0
Experiment 45025
Epoch 0108 [Test seq (cond on sampled tp)] | Loss 7333.748047 | Likelihood -7343.319824 | KL fp 3.8367 | FP STD 0.0446|
KL coef: 0.6265357195457308
Train loss (one batch): 7283.755859375
Train CE loss (one batch): 0.0
Test MSE: 0.0147
Poisson likelihood: 0.0
CE loss: 0.0
Experiment 45025
Epoch 0109 [Test seq (cond on sampled tp)] | Loss 7267.143555 | Likelihood -7314.418457 | KL fp 3.8537 | FP STD 0.0440|
KL coef: 0.6302703623502736
Train loss (one batch): 7112.26708984375
Train CE loss (one batch): 0.0
Test MSE: 0.0146
Poisson likelihood: 0.0
CE loss: 0.0
Experiment 45025
Epoch 0110 [Test seq (cond on sampled tp)] | Loss 7509.484863 | Likelihood -7532.988281 | KL fp 3.8383 | FP STD 0.0447|
KL coef: 0.6339676587267709
Train loss (one batch): 7309.66748046875
Train CE loss (one batch): 0.0
Test MSE: 0.0151
Poisson likelihood: 0.0
CE loss: 0.0
Experiment 45025
Epoch 0111 [Test seq (cond on sampled tp)] | Loss 7395.018555 | Likelihood -7441.219238 | KL fp 3.8733 | FP STD 0.0436|
KL coef: 0.6376279821395031
Train loss (one batch): 7186.51220703125
Train CE loss (one batch): 0.0
Test MSE: 0.0149
Poisson likelihood: 0.0
CE loss: 0.0
Experiment 45025
Epoch 0112 [Test seq (cond on sampled tp)] | Loss 7351.433594 | Likelihood -7387.181152 | KL fp 3.8443 | FP STD 0.0436|
KL coef: 0.6412517023181081
Train loss (one batch): 7094.51123046875
Train CE loss (one batch): 0.0
Test MSE: 0.0148
Poisson likelihood: 0.0
CE loss: 0.0
Experiment 45025
Epoch 0113 [Test seq (cond on sampled tp)] | Loss 7254.114258 | Likelihood -7270.591309 | KL fp 3.8755 | FP STD 0.0425|
KL coef: 0.644839185294927
Train loss (one batch): 7051.49853515625
Train CE loss (one batch): 0.0
Test MSE: 0.0146
Poisson likelihood: 0.0
CE loss: 0.0
Experiment 45025
Epoch 0114 [Test seq (cond on sampled tp)] | Loss 7087.510742 | Likelihood -7109.845215 | KL fp 3.8897 | FP STD 0.0429|
KL coef: 0.6483907934419777
Train loss (one batch): 7140.12353515625
Train CE loss (one batch): 0.0
Test MSE: 0.0142
Poisson likelihood: 0.0
CE loss: 0.0
Experiment 45025
Epoch 0115 [Test seq (cond on sampled tp)] | Loss 7170.951172 | Likelihood -7200.311035 | KL fp 3.9082 | FP STD 0.0412|
KL coef: 0.651906885507558
Train loss (one batch): 7098.642578125
Train CE loss (one batch): 0.0
Test MSE: 0.0144
Poisson likelihood: 0.0
CE loss: 0.0
Experiment 45025
Epoch 0116 [Test seq (cond on sampled tp)] | Loss 7263.929199 | Likelihood -7274.876953 | KL fp 3.9158 | FP STD 0.0411|
KL coef: 0.6553878166524825
Train loss (one batch): 7049.96142578125
Train CE loss (one batch): 0.0
Test MSE: 0.0146
Poisson likelihood: 0.0
CE loss: 0.0
Experiment 45025
Epoch 0117 [Test seq (cond on sampled tp)] | Loss 6999.086426 | Likelihood -7042.585938 | KL fp 3.9040 | FP STD 0.0417|
KL coef: 0.6588339384859576
Train loss (one batch): 6886.86181640625
Train CE loss (one batch): 0.0
Test MSE: 0.0141
Poisson likelihood: 0.0
CE loss: 0.0
Experiment 45025
Epoch 0118 [Test seq (cond on sampled tp)] | Loss 7137.203613 | Likelihood -7162.065918 | KL fp 3.9208 | FP STD 0.0413|
KL coef: 0.662245599101098
Train loss (one batch): 7311.70166015625
Train CE loss (one batch): 0.0
Test MSE: 0.0143
Poisson likelihood: 0.0
CE loss: 0.0
Experiment 45025
Epoch 0119 [Test seq (cond on sampled tp)] | Loss 7155.840332 | Likelihood -7170.614746 | KL fp 3.8804 | FP STD 0.0421|
KL coef: 0.665623143110087
Train loss (one batch): 7158.529296875
Train CE loss (one batch): 0.0
Test MSE: 0.0144
Poisson likelihood: 0.0
CE loss: 0.0
Experiment 45025
Epoch 0120 [Test seq (cond on sampled tp)] | Loss 6935.000000 | Likelihood -6967.244629 | KL fp 3.9182 | FP STD 0.0408|
KL coef: 0.6689669116789861
Train loss (one batch): 6947.2587890625
Train CE loss (one batch): 0.0
Test MSE: 0.0139
Poisson likelihood: 0.0
CE loss: 0.0
Experiment 45025
Epoch 0121 [Test seq (cond on sampled tp)] | Loss 7063.993652 | Likelihood -7076.638672 | KL fp 3.9011 | FP STD 0.0411|
KL coef: 0.6722772425621963
Train loss (one batch): 7173.5478515625
Train CE loss (one batch): 0.0
Test MSE: 0.0142
Poisson likelihood: 0.0
CE loss: 0.0
Experiment 45025
Epoch 0122 [Test seq (cond on sampled tp)] | Loss 7222.777832 | Likelihood -7226.214844 | KL fp 3.8700 | FP STD 0.0429|
KL coef: 0.6755544701365743
Train loss (one batch): 6943.75
Train CE loss (one batch): 0.0
Test MSE: 0.0145
Poisson likelihood: 0.0
CE loss: 0.0
Experiment 45025
Epoch 0123 [Test seq (cond on sampled tp)] | Loss 7107.914551 | Likelihood -7137.798340 | KL fp 3.8797 | FP STD 0.0431|
KL coef: 0.6787989254352086
Train loss (one batch): 7159.9658203125
Train CE loss (one batch): 0.0
Test MSE: 0.0143
Poisson likelihood: 0.0
CE loss: 0.0
Experiment 45025
Epoch 0124 [Test seq (cond on sampled tp)] | Loss 6937.897949 | Likelihood -6990.639160 | KL fp 3.9030 | FP STD 0.0416|
KL coef: 0.6820109361808565
Train loss (one batch): 7027.298828125
Train CE loss (one batch): 0.0
Test MSE: 0.0140
Poisson likelihood: 0.0
CE loss: 0.0
Experiment 45025
Epoch 0125 [Test seq (cond on sampled tp)] | Loss 6991.937012 | Likelihood -7005.310059 | KL fp 3.8885 | FP STD 0.0417|
KL coef: 0.685190826819048
Train loss (one batch): 7086.01220703125
Train CE loss (one batch): 0.0
Test MSE: 0.0140
Poisson likelihood: 0.0
CE loss: 0.0
Experiment 45025
Epoch 0126 [Test seq (cond on sampled tp)] | Loss 7010.204590 | Likelihood -7027.562500 | KL fp 3.8916 | FP STD 0.0408|
KL coef: 0.6883389185508575
Train loss (one batch): 6767.54833984375
Train CE loss (one batch): 0.0
Test MSE: 0.0141
Poisson likelihood: 0.0
CE loss: 0.0
Experiment 45025
Epoch 0127 [Test seq (cond on sampled tp)] | Loss 6957.210938 | Likelihood -6985.871582 | KL fp 3.9227 | FP STD 0.0406|
KL coef: 0.6914555293653489
Train loss (one batch): 6995.32177734375
Train CE loss (one batch): 0.0
Test MSE: 0.0140
Poisson likelihood: 0.0
CE loss: 0.0
Experiment 45025
Epoch 0128 [Test seq (cond on sampled tp)] | Loss 7135.574219 | Likelihood -7148.314941 | KL fp 3.9313 | FP STD 0.0397|
KL coef: 0.6945409740716955
Train loss (one batch): 6848.63427734375
Train CE loss (one batch): 0.0
Test MSE: 0.0143
Poisson likelihood: 0.0
CE loss: 0.0
Experiment 45025
Epoch 0129 [Test seq (cond on sampled tp)] | Loss 7048.707520 | Likelihood -7070.595215 | KL fp 3.9807 | FP STD 0.0385|
KL coef: 0.6975955643309785
Train loss (one batch): 6955.390625
Train CE loss (one batch): 0.0
Test MSE: 0.0142
Poisson likelihood: 0.0
CE loss: 0.0
Experiment 45025
Epoch 0130 [Test seq (cond on sampled tp)] | Loss 6724.566406 | Likelihood -6740.003906 | KL fp 3.9335 | FP STD 0.0400|
KL coef: 0.7006196086876687
Train loss (one batch): 6810.7978515625
Train CE loss (one batch): 0.0
Test MSE: 0.0135
Poisson likelihood: 0.0
CE loss: 0.0
Experiment 45025
Epoch 0131 [Test seq (cond on sampled tp)] | Loss 6927.572754 | Likelihood -6947.595703 | KL fp 3.9635 | FP STD 0.0387|
KL coef: 0.703613412600792
Train loss (one batch): 6938.80224609375
Train CE loss (one batch): 0.0
Test MSE: 0.0139
Poisson likelihood: 0.0
CE loss: 0.0
Experiment 45025
Epoch 0132 [Test seq (cond on sampled tp)] | Loss 7081.766602 | Likelihood -7105.941895 | KL fp 3.9347 | FP STD 0.0396|
KL coef: 0.7065772784747841
Train loss (one batch): 6811.24365234375
Train CE loss (one batch): 0.0
Test MSE: 0.0142
Poisson likelihood: 0.0
CE loss: 0.0
Experiment 45025
Epoch 0133 [Test seq (cond on sampled tp)] | Loss 6918.156250 | Likelihood -6977.389160 | KL fp 3.9721 | FP STD 0.0385|
KL coef: 0.7095115056900363
Train loss (one batch): 7342.54638671875
Train CE loss (one batch): 0.0
Test MSE: 0.0140
Poisson likelihood: 0.0
CE loss: 0.0
Experiment 45025
Epoch 0134 [Test seq (cond on sampled tp)] | Loss 6882.535156 | Likelihood -6925.281250 | KL fp 3.9760 | FP STD 0.0383|
KL coef: 0.7124163906331359
Train loss (one batch): 7321.5517578125
Train CE loss (one batch): 0.0
Test MSE: 0.0139
Poisson likelihood: 0.0
CE loss: 0.0
Experiment 45025
Epoch 0135 [Test seq (cond on sampled tp)] | Loss 6741.768066 | Likelihood -6759.935059 | KL fp 3.9696 | FP STD 0.0383|
KL coef: 0.7152922267268045
Train loss (one batch): 6488.94775390625
Train CE loss (one batch): 0.0
Test MSE: 0.0135
Poisson likelihood: 0.0
CE loss: 0.0
Experiment 45025
Epoch 0136 [Test seq (cond on sampled tp)] | Loss 6829.402344 | Likelihood -6836.931152 | KL fp 3.9737 | FP STD 0.0382|
KL coef: 0.7181393044595366
Train loss (one batch): 6747.97802734375
Train CE loss (one batch): 0.0
Test MSE: 0.0137
Poisson likelihood: 0.0
CE loss: 0.0
Experiment 45025
Epoch 0137 [Test seq (cond on sampled tp)] | Loss 6921.649902 | Likelihood -6967.234375 | KL fp 3.9550 | FP STD 0.0391|
KL coef: 0.7209579114149411
Train loss (one batch): 6736.2490234375
Train CE loss (one batch): 0.0
Test MSE: 0.0139
Poisson likelihood: 0.0
CE loss: 0.0
Experiment 45025
Epoch 0138 [Test seq (cond on sampled tp)] | Loss 6690.273438 | Likelihood -6689.866699 | KL fp 3.9676 | FP STD 0.0389|
KL coef: 0.7237483323007917
Train loss (one batch): 6738.240234375
Train CE loss (one batch): 0.0
Test MSE: 0.0134
Poisson likelihood: 0.0
CE loss: 0.0
Experiment 45025
Epoch 0139 [Test seq (cond on sampled tp)] | Loss 6795.667480 | Likelihood -6815.445312 | KL fp 3.9542 | FP STD 0.0390|
KL coef: 0.7265108489777838
Train loss (one batch): 6733.66259765625
Train CE loss (one batch): 0.0
Test MSE: 0.0136
Poisson likelihood: 0.0
CE loss: 0.0
Experiment 45025
Epoch 0140 [Test seq (cond on sampled tp)] | Loss 6698.157715 | Likelihood -6729.671387 | KL fp 3.9895 | FP STD 0.0375|
KL coef: 0.729245740488006
Train loss (one batch): 6572.0849609375
Train CE loss (one batch): 0.0
Test MSE: 0.0135
Poisson likelihood: 0.0
CE loss: 0.0
Experiment 45025
Epoch 0141 [Test seq (cond on sampled tp)] | Loss 6609.824219 | Likelihood -6673.915527 | KL fp 3.9382 | FP STD 0.0386|
KL coef: 0.7319532830831259
Train loss (one batch): 6587.33935546875
Train CE loss (one batch): 0.0
Test MSE: 0.0134
Poisson likelihood: 0.0
CE loss: 0.0
Experiment 45025
Epoch 0142 [Test seq (cond on sampled tp)] | Loss 6729.774414 | Likelihood -6732.947754 | KL fp 3.9224 | FP STD 0.0381|
KL coef: 0.7346337502522946
Train loss (one batch): 6821.83642578125
Train CE loss (one batch): 0.0
Test MSE: 0.0135
Poisson likelihood: 0.0
CE loss: 0.0
Experiment 45025
Epoch 0143 [Test seq (cond on sampled tp)] | Loss 6694.087402 | Likelihood -6711.611328 | KL fp 4.0291 | FP STD 0.0364|
KL coef: 0.7372874127497717
Train loss (one batch): 6717.8134765625
Train CE loss (one batch): 0.0
Test MSE: 0.0134
Poisson likelihood: 0.0
CE loss: 0.0
Experiment 45025
Epoch 0144 [Test seq (cond on sampled tp)] | Loss 6777.417969 | Likelihood -6794.261719 | KL fp 3.9776 | FP STD 0.0376|
KL coef: 0.739914538622274
Train loss (one batch): 6393.47998046875
Train CE loss (one batch): 0.0
Test MSE: 0.0136
Poisson likelihood: 0.0
CE loss: 0.0
Experiment 45025
Epoch 0145 [Test seq (cond on sampled tp)] | Loss 6557.693848 | Likelihood -6578.445312 | KL fp 4.0161 | FP STD 0.0362|
KL coef: 0.7425153932360513
Train loss (one batch): 6401.361328125
Train CE loss (one batch): 0.0
Test MSE: 0.0132
Poisson likelihood: 0.0
CE loss: 0.0
Experiment 45025
Epoch 0146 [Test seq (cond on sampled tp)] | Loss 6767.815430 | Likelihood -6783.453613 | KL fp 3.9940 | FP STD 0.0374|
KL coef: 0.7450902393036907
Train loss (one batch): 6379.77685546875
Train CE loss (one batch): 0.0
Test MSE: 0.0136
Poisson likelihood: 0.0
CE loss: 0.0
Experiment 45025
Epoch 0147 [Test seq (cond on sampled tp)] | Loss 6773.958496 | Likelihood -6812.900391 | KL fp 4.0229 | FP STD 0.0365|
KL coef: 0.7476393369106538
Train loss (one batch): 6489.54052734375
Train CE loss (one batch): 0.0
Test MSE: 0.0136
Poisson likelihood: 0.0
CE loss: 0.0
Experiment 45025
Epoch 0148 [Test seq (cond on sampled tp)] | Loss 6790.198730 | Likelihood -6815.818848 | KL fp 3.9964 | FP STD 0.0374|
KL coef: 0.7501629435415473
Train loss (one batch): 6718.04541015625
Train CE loss (one batch): 0.0
Test MSE: 0.0136
Poisson likelihood: 0.0
CE loss: 0.0
Experiment 45025
Epoch 0149 [Test seq (cond on sampled tp)] | Loss 6624.717773 | Likelihood -6650.839355 | KL fp 4.0243 | FP STD 0.0368|
KL coef: 0.7526613141061318
Train loss (one batch): 6100.1416015625
Train CE loss (one batch): 0.0
Test MSE: 0.0133
Poisson likelihood: 0.0
CE loss: 0.0
Experiment 45025
Epoch 0150 [Test seq (cond on sampled tp)] | Loss 6655.187988 | Likelihood -6734.706543 | KL fp 3.9855 | FP STD 0.0372|
KL coef: 0.7551347009650705
Train loss (one batch): 6655.611328125
Train CE loss (one batch): 0.0
Test MSE: 0.0135
Poisson likelihood: 0.0
CE loss: 0.0
Experiment 45025
Epoch 0151 [Test seq (cond on sampled tp)] | Loss 6548.644531 | Likelihood -6559.569824 | KL fp 3.9658 | FP STD 0.0375|
KL coef: 0.7575833539554198
Train loss (one batch): 6506.21044921875
Train CE loss (one batch): 0.0
Test MSE: 0.0131
Poisson likelihood: 0.0
CE loss: 0.0
Experiment 45025
Epoch 0152 [Test seq (cond on sampled tp)] | Loss 6650.500977 | Likelihood -6665.732910 | KL fp 3.9977 | FP STD 0.0369|
KL coef: 0.7600075204158656
Train loss (one batch): 6462.0546875
Train CE loss (one batch): 0.0
Test MSE: 0.0133
Poisson likelihood: 0.0
CE loss: 0.0
Experiment 45025
Epoch 0153 [Test seq (cond on sampled tp)] | Loss 6623.487793 | Likelihood -6640.416504 | KL fp 4.0231 | FP STD 0.0361|
KL coef: 0.762407445211707
Train loss (one batch): 6413.92333984375
Train CE loss (one batch): 0.0
Test MSE: 0.0133
Poisson likelihood: 0.0
CE loss: 0.0
Experiment 45025
Epoch 0154 [Test seq (cond on sampled tp)] | Loss 6722.472168 | Likelihood -6801.150879 | KL fp 3.9854 | FP STD 0.0370|
KL coef: 0.7647833707595899
Train loss (one batch): 6689.9775390625
Train CE loss (one batch): 0.0
Test MSE: 0.0136
Poisson likelihood: 0.0
CE loss: 0.0
Experiment 45025
Epoch 0155 [Test seq (cond on sampled tp)] | Loss 6634.356934 | Likelihood -6645.524902 | KL fp 3.9975 | FP STD 0.0366|
KL coef: 0.767135537051994
Train loss (one batch): 6529.13671875
Train CE loss (one batch): 0.0
Test MSE: 0.0133
Poisson likelihood: 0.0
CE loss: 0.0
Experiment 45025
Epoch 0156 [Test seq (cond on sampled tp)] | Loss 6516.129395 | Likelihood -6574.701660 | KL fp 3.9389 | FP STD 0.0378|
KL coef: 0.769464181681474
Train loss (one batch): 6396.7958984375
Train CE loss (one batch): 0.0
Test MSE: 0.0132
Poisson likelihood: 0.0
CE loss: 0.0
Experiment 45025
Epoch 0157 [Test seq (cond on sampled tp)] | Loss 6693.563477 | Likelihood -6691.813965 | KL fp 3.9762 | FP STD 0.0366|
KL coef: 0.7717695398646593
Train loss (one batch): 6266.248046875
Train CE loss (one batch): 0.0
Test MSE: 0.0134
Poisson likelihood: 0.0
CE loss: 0.0
Experiment 45025
Epoch 0158 [Test seq (cond on sampled tp)] | Loss 6441.033203 | Likelihood -6468.337891 | KL fp 4.0158 | FP STD 0.0350|
KL coef: 0.7740518444660127
Train loss (one batch): 6141.306640625
Train CE loss (one batch): 0.0
Test MSE: 0.0129
Poisson likelihood: 0.0
CE loss: 0.0
Experiment 45025
Epoch 0159 [Test seq (cond on sampled tp)] | Loss 6593.395996 | Likelihood -6633.910156 | KL fp 4.0385 | FP STD 0.0348|
KL coef: 0.7763113260213526
Train loss (one batch): 6279.12060546875
Train CE loss (one batch): 0.0
Test MSE: 0.0133
Poisson likelihood: 0.0
CE loss: 0.0
Experiment 45025
Epoch 0160 [Test seq (cond on sampled tp)] | Loss 6693.032715 | Likelihood -6691.648926 | KL fp 4.0442 | FP STD 0.0352|
KL coef: 0.7785482127611391
Train loss (one batch): 6092.65234375
Train CE loss (one batch): 0.0
Test MSE: 0.0134
Poisson likelihood: 0.0
CE loss: 0.0
Experiment 45025
Epoch 0161 [Test seq (cond on sampled tp)] | Loss 6541.914551 | Likelihood -6564.436035 | KL fp 4.0642 | FP STD 0.0343|
KL coef: 0.7807627306335276
Train loss (one batch): 6464.978515625
Train CE loss (one batch): 0.0
Test MSE: 0.0131
Poisson likelihood: 0.0
CE loss: 0.0
Experiment 45025
Epoch 0162 [Test seq (cond on sampled tp)] | Loss 6366.775391 | Likelihood -6397.051270 | KL fp 4.0364 | FP STD 0.0348|
KL coef: 0.7829551033271924
Train loss (one batch): 6466.1279296875
Train CE loss (one batch): 0.0
Test MSE: 0.0128
Poisson likelihood: 0.0
CE loss: 0.0
Experiment 45025
Epoch 0163 [Test seq (cond on sampled tp)] | Loss 6586.808105 | Likelihood -6601.072754 | KL fp 4.0341 | FP STD 0.0354|
KL coef: 0.7851255522939204
Train loss (one batch): 6056.0810546875
Train CE loss (one batch): 0.0
Test MSE: 0.0132
Poisson likelihood: 0.0
CE loss: 0.0
Experiment 45025
Epoch 0164 [Test seq (cond on sampled tp)] | Loss 6539.700684 | Likelihood -6563.593750 | KL fp 4.0387 | FP STD 0.0342|
KL coef: 0.7872742967709813
Train loss (one batch): 6243.80419921875
Train CE loss (one batch): 0.0
Test MSE: 0.0131
Poisson likelihood: 0.0
CE loss: 0.0
Experiment 45025
Epoch 0165 [Test seq (cond on sampled tp)] | Loss 6269.879883 | Likelihood -6287.697266 | KL fp 4.0390 | FP STD 0.0349|
KL coef: 0.7894015538032715
Train loss (one batch): 6426.51318359375
Train CE loss (one batch): 0.0
Test MSE: 0.0126
Poisson likelihood: 0.0
CE loss: 0.0
Experiment 45025
Epoch 0166 [Test seq (cond on sampled tp)] | Loss 6415.238770 | Likelihood -6427.784668 | KL fp 4.0546 | FP STD 0.0346|
KL coef: 0.7915075382652388
Train loss (one batch): 6122.60498046875
Train CE loss (one batch): 0.0
Test MSE: 0.0129
Poisson likelihood: 0.0
CE loss: 0.0
Experiment 45025
Epoch 0167 [Test seq (cond on sampled tp)] | Loss 6445.389160 | Likelihood -6461.291016 | KL fp 4.0488 | FP STD 0.0334|
KL coef: 0.7935924628825863
Train loss (one batch): 6326.11279296875
Train CE loss (one batch): 0.0
Test MSE: 0.0129
Poisson likelihood: 0.0
CE loss: 0.0
Experiment 45025
Epoch 0168 [Test seq (cond on sampled tp)] | Loss 6461.028320 | Likelihood -6479.880371 | KL fp 3.9782 | FP STD 0.0358|
KL coef: 0.7956565382537605
Train loss (one batch): 6494.27880859375
Train CE loss (one batch): 0.0
Test MSE: 0.0130
Poisson likelihood: 0.0
CE loss: 0.0
Experiment 45025
Epoch 0169 [Test seq (cond on sampled tp)] | Loss 6389.494141 | Likelihood -6416.532715 | KL fp 4.0595 | FP STD 0.0340|
KL coef: 0.7976999728712229
Train loss (one batch): 6293.52294921875
Train CE loss (one batch): 0.0
Test MSE: 0.0128
Poisson likelihood: 0.0
CE loss: 0.0
Experiment 45025
Epoch 0170 [Test seq (cond on sampled tp)] | Loss 6307.395996 | Likelihood -6322.367188 | KL fp 4.1026 | FP STD 0.0325|
KL coef: 0.7997229731425107
Train loss (one batch): 6081.8505859375
Train CE loss (one batch): 0.0
Test MSE: 0.0127
Poisson likelihood: 0.0
CE loss: 0.0
Experiment 45025
Epoch 0171 [Test seq (cond on sampled tp)] | Loss 6394.247559 | Likelihood -6413.789551 | KL fp 4.0171 | FP STD 0.0350|
KL coef: 0.8017257434110856
Train loss (one batch): 6611.23193359375
Train CE loss (one batch): 0.0
Test MSE: 0.0128
Poisson likelihood: 0.0
CE loss: 0.0
Experiment 45025
Epoch 0172 [Test seq (cond on sampled tp)] | Loss 6422.018066 | Likelihood -6441.937500 | KL fp 4.0524 | FP STD 0.0342|
KL coef: 0.8037084859769748
Train loss (one batch): 6113.97021484375
Train CE loss (one batch): 0.0
Test MSE: 0.0129
Poisson likelihood: 0.0
CE loss: 0.0
Experiment 45025
Epoch 0173 [Test seq (cond on sampled tp)] | Loss 6256.260742 | Likelihood -6275.300781 | KL fp 4.0737 | FP STD 0.0331|
KL coef: 0.805671401117205
Train loss (one batch): 6161.1845703125
Train CE loss (one batch): 0.0
Test MSE: 0.0126
Poisson likelihood: 0.0
CE loss: 0.0
Experiment 45025
Epoch 0174 [Test seq (cond on sampled tp)] | Loss 6295.940430 | Likelihood -6315.962402 | KL fp 4.0414 | FP STD 0.0340|
KL coef: 0.8076146871060329
Train loss (one batch): 6099.724609375
Train CE loss (one batch): 0.0
Test MSE: 0.0126
Poisson likelihood: 0.0
CE loss: 0.0
Experiment 45025
Epoch 0175 [Test seq (cond on sampled tp)] | Loss 6241.490723 | Likelihood -6264.148438 | KL fp 4.0584 | FP STD 0.0330|
KL coef: 0.8095385402349726
Train loss (one batch): 6136.484375
Train CE loss (one batch): 0.0
Test MSE: 0.0125
Poisson likelihood: 0.0
CE loss: 0.0
Experiment 45025
Epoch 0176 [Test seq (cond on sampled tp)] | Loss 6086.644531 | Likelihood -6109.607422 | KL fp 4.1006 | FP STD 0.0329|
KL coef: 0.8114431548326229
Train loss (one batch): 6408.6865234375
Train CE loss (one batch): 0.0
Test MSE: 0.0122
Poisson likelihood: 0.0
CE loss: 0.0
Experiment 45025
Epoch 0177 [Test seq (cond on sampled tp)] | Loss 6226.996582 | Likelihood -6231.816406 | KL fp 4.0380 | FP STD 0.0329|
KL coef: 0.8133287232842966
Train loss (one batch): 6018.341796875
Train CE loss (one batch): 0.0
Test MSE: 0.0125
Poisson likelihood: 0.0
CE loss: 0.0
Experiment 45025
Epoch 0178 [Test seq (cond on sampled tp)] | Loss 6316.633301 | Likelihood -6334.051270 | KL fp 4.1036 | FP STD 0.0321|
KL coef: 0.8151954360514537
Train loss (one batch): 6026.34228515625
Train CE loss (one batch): 0.0
Test MSE: 0.0127
Poisson likelihood: 0.0
CE loss: 0.0
Experiment 45025
Epoch 0179 [Test seq (cond on sampled tp)] | Loss 6222.289551 | Likelihood -6243.804199 | KL fp 4.0884 | FP STD 0.0332|
KL coef: 0.8170434816909391
Train loss (one batch): 6309.9365234375
Train CE loss (one batch): 0.0
Test MSE: 0.0125
Poisson likelihood: 0.0
CE loss: 0.0
Experiment 45025
Epoch 0180 [Test seq (cond on sampled tp)] | Loss 6282.660645 | Likelihood -6300.458496 | KL fp 4.0774 | FP STD 0.0333|
KL coef: 0.8188730468740297
Train loss (one batch): 6111.658203125
Train CE loss (one batch): 0.0
Test MSE: 0.0126
Poisson likelihood: 0.0
CE loss: 0.0
Experiment 45025
Epoch 0181 [Test seq (cond on sampled tp)] | Loss 6024.250977 | Likelihood -6038.509277 | KL fp 4.1246 | FP STD 0.0321|
KL coef: 0.8206843164052895
Train loss (one batch): 6048.865234375
Train CE loss (one batch): 0.0
Test MSE: 0.0121
Poisson likelihood: 0.0
CE loss: 0.0
Experiment 45025
Epoch 0182 [Test seq (cond on sampled tp)] | Loss 6101.197266 | Likelihood -6133.421875 | KL fp 4.0725 | FP STD 0.0320|
KL coef: 0.8224774732412365
Train loss (one batch): 5912.11572265625
Train CE loss (one batch): 0.0
Test MSE: 0.0123
Poisson likelihood: 0.0
CE loss: 0.0
Experiment 45025
Epoch 0183 [Test seq (cond on sampled tp)] | Loss 6123.581055 | Likelihood -6162.083984 | KL fp 4.0799 | FP STD 0.0327|
KL coef: 0.8242526985088242
Train loss (one batch): 6173.216796875
Train CE loss (one batch): 0.0
Test MSE: 0.0123
Poisson likelihood: 0.0
CE loss: 0.0
Experiment 45025
Epoch 0184 [Test seq (cond on sampled tp)] | Loss 6207.307129 | Likelihood -6244.854004 | KL fp 4.1383 | FP STD 0.0311|
KL coef: 0.826010171523736
Train loss (one batch): 6207.025390625
Train CE loss (one batch): 0.0
Test MSE: 0.0125
Poisson likelihood: 0.0
CE loss: 0.0
Experiment 45025
Epoch 0185 [Test seq (cond on sampled tp)] | Loss 6091.898438 | Likelihood -6100.670410 | KL fp 4.0657 | FP STD 0.0324|
KL coef: 0.8277500698084986
Train loss (one batch): 5830.443359375
Train CE loss (one batch): 0.0
Test MSE: 0.0122
Poisson likelihood: 0.0
CE loss: 0.0
Experiment 45025
Epoch 0186 [Test seq (cond on sampled tp)] | Loss 6236.322266 | Likelihood -6283.637207 | KL fp 4.0582 | FP STD 0.0331|
KL coef: 0.8294725691104137
Train loss (one batch): 5869.58740234375
Train CE loss (one batch): 0.0
Test MSE: 0.0126
Poisson likelihood: 0.0
CE loss: 0.0
Experiment 45025
Epoch 0187 [Test seq (cond on sampled tp)] | Loss 6169.539062 | Likelihood -6195.808105 | KL fp 4.0675 | FP STD 0.0323|
KL coef: 0.8311778434193096
Train loss (one batch): 6107.51953125
Train CE loss (one batch): 0.0
Test MSE: 0.0124
Poisson likelihood: 0.0
CE loss: 0.0
Experiment 45025
Epoch 0188 [Test seq (cond on sampled tp)] | Loss 6117.992188 | Likelihood -6133.988281 | KL fp 4.1200 | FP STD 0.0317|
KL coef: 0.8328660649851164
Train loss (one batch): 6069.70703125
Train CE loss (one batch): 0.0
Test MSE: 0.0123
Poisson likelihood: 0.0
CE loss: 0.0
Experiment 45025
Epoch 0189 [Test seq (cond on sampled tp)] | Loss 6072.945801 | Likelihood -6090.859375 | KL fp 4.0989 | FP STD 0.0317|
KL coef: 0.8345374043352652
Train loss (one batch): 6353.8232421875
Train CE loss (one batch): 0.0
Test MSE: 0.0122
Poisson likelihood: 0.0
CE loss: 0.0
Experiment 45025
Epoch 0190 [Test seq (cond on sampled tp)] | Loss 6061.413086 | Likelihood -6067.988281 | KL fp 4.1216 | FP STD 0.0313|
KL coef: 0.8361920302919126
Train loss (one batch): 5788.48291015625
Train CE loss (one batch): 0.0
Test MSE: 0.0121
Poisson likelihood: 0.0
CE loss: 0.0
Experiment 45025
Epoch 0191 [Test seq (cond on sampled tp)] | Loss 5953.588379 | Likelihood -5962.629395 | KL fp 4.1556 | FP STD 0.0299|
KL coef: 0.8378301099889934
Train loss (one batch): 6118.4306640625
Train CE loss (one batch): 0.0
Test MSE: 0.0119
Poisson likelihood: 0.0
CE loss: 0.0
Experiment 45025
Epoch 0192 [Test seq (cond on sampled tp)] | Loss 5976.966797 | Likelihood -5980.446777 | KL fp 4.1513 | FP STD 0.0304|
KL coef: 0.8394518088891035
Train loss (one batch): 5911.09326171875
Train CE loss (one batch): 0.0
Test MSE: 0.0120
Poisson likelihood: 0.0
CE loss: 0.0
Experiment 45025
Epoch 0193 [Test seq (cond on sampled tp)] | Loss 5963.949219 | Likelihood -5982.399902 | KL fp 4.1353 | FP STD 0.0307|
KL coef: 0.8410572908002125
Train loss (one batch): 6095.3994140625
Train CE loss (one batch): 0.0
Test MSE: 0.0120
Poisson likelihood: 0.0
CE loss: 0.0
Experiment 45025
Epoch 0194 [Test seq (cond on sampled tp)] | Loss 5897.038574 | Likelihood -5933.426270 | KL fp 4.1198 | FP STD 0.0303|
KL coef: 0.8426467178922104
Train loss (one batch): 6299.888671875
Train CE loss (one batch): 0.0
Test MSE: 0.0119
Poisson likelihood: 0.0
CE loss: 0.0
Experiment 45025
Epoch 0195 [Test seq (cond on sampled tp)] | Loss 5947.248535 | Likelihood -5973.682129 | KL fp 4.1346 | FP STD 0.0304|
KL coef: 0.8442202507132883
Train loss (one batch): 5959.7421875
Train CE loss (one batch): 0.0
Test MSE: 0.0120
Poisson likelihood: 0.0
CE loss: 0.0
Experiment 45025
Epoch 0196 [Test seq (cond on sampled tp)] | Loss 5919.444824 | Likelihood -5946.814453 | KL fp 4.1292 | FP STD 0.0311|
KL coef: 0.8457780482061554
Train loss (one batch): 5800.67626953125
Train CE loss (one batch): 0.0
Test MSE: 0.0119
Poisson likelihood: 0.0
CE loss: 0.0
Experiment 45025
Epoch 0197 [Test seq (cond on sampled tp)] | Loss 5935.449707 | Likelihood -5956.142090 | KL fp 4.1206 | FP STD 0.0315|
KL coef: 0.8473202677240939
Train loss (one batch): 6239.05029296875
Train CE loss (one batch): 0.0
Test MSE: 0.0119
Poisson likelihood: 0.0
CE loss: 0.0
Experiment 45025
Epoch 0198 [Test seq (cond on sampled tp)] | Loss 6017.792969 | Likelihood -6077.818848 | KL fp 4.1202 | FP STD 0.0307|
KL coef: 0.8488470650468529
Train loss (one batch): 5992.63623046875
Train CE loss (one batch): 0.0
Test MSE: 0.0122
Poisson likelihood: 0.0
CE loss: 0.0
Experiment 45025
Epoch 0199 [Test seq (cond on sampled tp)] | Loss 5905.820801 | Likelihood -5940.438965 | KL fp 4.1223 | FP STD 0.0306|
KL coef: 0.8503585943963844
Train loss (one batch): 5860.814453125
Train CE loss (one batch): 0.0
Test MSE: 0.0119
Poisson likelihood: 0.0
CE loss: 0.0
Experiment 45025
Epoch 0200 [Test seq (cond on sampled tp)] | Loss 5894.079102 | Likelihood -5925.072266 | KL fp 4.1679 | FP STD 0.0296|
KL coef: 0.8518550084524206
Train loss (one batch): 5992.64453125
Train CE loss (one batch): 0.0
Test MSE: 0.0119
Poisson likelihood: 0.0
CE loss: 0.0
Experiment 45025
Epoch 0201 [Test seq (cond on sampled tp)] | Loss 5767.040527 | Likelihood -5781.873047 | KL fp 4.1151 | FP STD 0.0300|
KL coef: 0.8533364583678963
Train loss (one batch): 5789.89794921875
Train CE loss (one batch): 0.0
Test MSE: 0.0116
Poisson likelihood: 0.0
CE loss: 0.0
Experiment 45025
Epoch 0202 [Test seq (cond on sampled tp)] | Loss 5791.251953 | Likelihood -5793.341309 | KL fp 4.1830 | FP STD 0.0289|
KL coef: 0.8548030937842174
Train loss (one batch): 6137.53515625
Train CE loss (one batch): 0.0
Test MSE: 0.0116
Poisson likelihood: 0.0
CE loss: 0.0
Experiment 45025
Epoch 0203 [Test seq (cond on sampled tp)] | Loss 5925.498047 | Likelihood -5949.839844 | KL fp 4.1268 | FP STD 0.0298|
KL coef: 0.8562550628463752
Train loss (one batch): 5844.28662109375
Train CE loss (one batch): 0.0
Test MSE: 0.0119
Poisson likelihood: 0.0
CE loss: 0.0
Experiment 45025
Epoch 0204 [Test seq (cond on sampled tp)] | Loss 5760.982422 | Likelihood -5817.382812 | KL fp 4.1863 | FP STD 0.0288|
KL coef: 0.8576925122179114
Train loss (one batch): 5827.0595703125
Train CE loss (one batch): 0.0
Test MSE: 0.0116
Poisson likelihood: 0.0
CE loss: 0.0
Experiment 45025
Epoch 0205 [Test seq (cond on sampled tp)] | Loss 5904.173828 | Likelihood -5956.648438 | KL fp 4.1731 | FP STD 0.0289|
KL coef: 0.8591155870957323
Train loss (one batch): 5885.119140625
Train CE loss (one batch): 0.0
Test MSE: 0.0119
Poisson likelihood: 0.0
CE loss: 0.0
Experiment 45025
Epoch 0206 [Test seq (cond on sampled tp)] | Loss 5804.562988 | Likelihood -5807.287598 | KL fp 4.1376 | FP STD 0.0291|
KL coef: 0.8605244312247751
Train loss (one batch): 5574.806640625
Train CE loss (one batch): 0.0
Test MSE: 0.0116
Poisson likelihood: 0.0
CE loss: 0.0
Experiment 45025
Epoch 0207 [Test seq (cond on sampled tp)] | Loss 5826.820801 | Likelihood -5850.928223 | KL fp 4.1539 | FP STD 0.0295|
KL coef: 0.8619191869125272
Train loss (one batch): 6060.5654296875
Train CE loss (one batch): 0.0
Test MSE: 0.0117
Poisson likelihood: 0.0
CE loss: 0.0
Experiment 45025
Epoch 0208 [Test seq (cond on sampled tp)] | Loss 5817.191895 | Likelihood -5829.115723 | KL fp 4.1836 | FP STD 0.0282|
KL coef: 0.8632999950434019
Train loss (one batch): 5777.9248046875
Train CE loss (one batch): 0.0
Test MSE: 0.0117
Poisson likelihood: 0.0
CE loss: 0.0
Experiment 45025
Epoch 0209 [Test seq (cond on sampled tp)] | Loss 5859.521484 | Likelihood -5875.450684 | KL fp 4.1783 | FP STD 0.0288|
KL coef: 0.864666995092968
Train loss (one batch): 5584.6123046875
Train CE loss (one batch): 0.0
Test MSE: 0.0118
Poisson likelihood: 0.0
CE loss: 0.0
Experiment 45025
Epoch 0210 [Test seq (cond on sampled tp)] | Loss 5880.902832 | Likelihood -5885.519531 | KL fp 4.1039 | FP STD 0.0316|
KL coef: 0.8660203251420383
Train loss (one batch): 5922.01318359375
Train CE loss (one batch): 0.0
Test MSE: 0.0118
Poisson likelihood: 0.0
CE loss: 0.0
Experiment 45025
Epoch 0211 [Test seq (cond on sampled tp)] | Loss 5695.169434 | Likelihood -5733.972656 | KL fp 4.1129 | FP STD 0.0309|
KL coef: 0.867360121890618
Train loss (one batch): 5491.53076171875
Train CE loss (one batch): 0.0
Test MSE: 0.0115
Poisson likelihood: 0.0
CE loss: 0.0
Experiment 45025
Epoch 0212 [Test seq (cond on sampled tp)] | Loss 5738.824707 | Likelihood -5750.271484 | KL fp 4.1939 | FP STD 0.0290|
KL coef: 0.8686865206717117
Train loss (one batch): 5517.22900390625
Train CE loss (one batch): 0.0
Test MSE: 0.0115
Poisson likelihood: 0.0
CE loss: 0.0
Experiment 45025
Epoch 0213 [Test seq (cond on sampled tp)] | Loss 5812.871094 | Likelihood -5833.074219 | KL fp 4.2255 | FP STD 0.0276|
KL coef: 0.8699996554649946
Train loss (one batch): 6109.97900390625
Train CE loss (one batch): 0.0
Test MSE: 0.0117
Poisson likelihood: 0.0
CE loss: 0.0
Experiment 45025
Epoch 0214 [Test seq (cond on sampled tp)] | Loss 5763.093750 | Likelihood -5781.408203 | KL fp 4.1998 | FP STD 0.0281|
KL coef: 0.8712996589103447
Train loss (one batch): 5741.099609375
Train CE loss (one batch): 0.0
Test MSE: 0.0116
Poisson likelihood: 0.0
CE loss: 0.0
Experiment 45025
Epoch 0215 [Test seq (cond on sampled tp)] | Loss 5720.648926 | Likelihood -5734.724121 | KL fp 4.2181 | FP STD 0.0277|
KL coef: 0.8725866623212413
Train loss (one batch): 5598.11962890625
Train CE loss (one batch): 0.0
Test MSE: 0.0115
Poisson likelihood: 0.0
CE loss: 0.0
Experiment 45025
Epoch 0216 [Test seq (cond on sampled tp)] | Loss 5669.020020 | Likelihood -5680.000000 | KL fp 4.2149 | FP STD 0.0281|
KL coef: 0.8738607956980289
Train loss (one batch): 5822.06103515625
Train CE loss (one batch): 0.0
Test MSE: 0.0114
Poisson likelihood: 0.0
CE loss: 0.0
Experiment 45025
Epoch 0217 [Test seq (cond on sampled tp)] | Loss 5596.268555 | Likelihood -5643.204590 | KL fp 4.1630 | FP STD 0.0288|
KL coef: 0.8751221877410486
Train loss (one batch): 5656.0986328125
Train CE loss (one batch): 0.0
Test MSE: 0.0113
Poisson likelihood: 0.0
CE loss: 0.0
Experiment 45025
Epoch 0218 [Test seq (cond on sampled tp)] | Loss 5556.789062 | Likelihood -5578.341797 | KL fp 4.2297 | FP STD 0.0265|
KL coef: 0.876370965863638
Train loss (one batch): 5774.83056640625
Train CE loss (one batch): 0.0
Test MSE: 0.0112
Poisson likelihood: 0.0
CE loss: 0.0
Experiment 45025
Epoch 0219 [Test seq (cond on sampled tp)] | Loss 5734.773438 | Likelihood -5759.730957 | KL fp 4.1979 | FP STD 0.0274|
KL coef: 0.8776072562050017
Train loss (one batch): 5748.20703125
Train CE loss (one batch): 0.0
Test MSE: 0.0115
Poisson likelihood: 0.0
CE loss: 0.0
Experiment 45025
Epoch 0220 [Test seq (cond on sampled tp)] | Loss 5622.804199 | Likelihood -5644.158691 | KL fp 4.1737 | FP STD 0.0285|
KL coef: 0.8788311836429517
Train loss (one batch): 5687.87255859375
Train CE loss (one batch): 0.0
Test MSE: 0.0113
Poisson likelihood: 0.0
CE loss: 0.0
Experiment 45025
Epoch 0221 [Test seq (cond on sampled tp)] | Loss 5448.292969 | Likelihood -5470.535156 | KL fp 4.2447 | FP STD 0.0264|
KL coef: 0.8800428718065221
Train loss (one batch): 5827.7646484375
Train CE loss (one batch): 0.0
Test MSE: 0.0110
Poisson likelihood: 0.0
CE loss: 0.0
Experiment 45025
Epoch 0222 [Test seq (cond on sampled tp)] | Loss 5771.267090 | Likelihood -5774.220215 | KL fp 4.2096 | FP STD 0.0273|
KL coef: 0.8812424430884569
Train loss (one batch): 5385.0068359375
Train CE loss (one batch): 0.0
Test MSE: 0.0116
Poisson likelihood: 0.0
CE loss: 0.0
Experiment 45025
Epoch 0223 [Test seq (cond on sampled tp)] | Loss 5549.991699 | Likelihood -5552.330566 | KL fp 4.1724 | FP STD 0.0276|
KL coef: 0.8824300186575723
Train loss (one batch): 5541.181640625
Train CE loss (one batch): 0.0
Test MSE: 0.0111
Poisson likelihood: 0.0
CE loss: 0.0
Experiment 45025
Epoch 0224 [Test seq (cond on sampled tp)] | Loss 5541.609863 | Likelihood -5565.496094 | KL fp 4.2463 | FP STD 0.0268|
KL coef: 0.8836057184709967
Train loss (one batch): 5671.255859375
Train CE loss (one batch): 0.0
Test MSE: 0.0111
Poisson likelihood: 0.0
CE loss: 0.0
Experiment 45025
Epoch 0225 [Test seq (cond on sampled tp)] | Loss 5500.413574 | Likelihood -5499.175781 | KL fp 4.2208 | FP STD 0.0263|
KL coef: 0.8847696612862866
Train loss (one batch): 5896.39892578125
Train CE loss (one batch): 0.0
Test MSE: 0.0110
Poisson likelihood: 0.0
CE loss: 0.0
Experiment 45025
Epoch 0226 [Test seq (cond on sampled tp)] | Loss 5666.353516 | Likelihood -5699.746094 | KL fp 4.2520 | FP STD 0.0262|
KL coef: 0.8859219646734238
Train loss (one batch): 5487.70556640625
Train CE loss (one batch): 0.0
Test MSE: 0.0114
Poisson likelihood: 0.0
CE loss: 0.0
Experiment 45025
Epoch 0227 [Test seq (cond on sampled tp)] | Loss 5627.757812 | Likelihood -5639.918457 | KL fp 4.2360 | FP STD 0.0264|
KL coef: 0.8870627450266896
Train loss (one batch): 5850.90625
Train CE loss (one batch): 0.0
Test MSE: 0.0113
Poisson likelihood: 0.0
CE loss: 0.0
Experiment 45025
Epoch 0228 [Test seq (cond on sampled tp)] | Loss 5533.846191 | Likelihood -5555.937500 | KL fp 4.2418 | FP STD 0.0261|
KL coef: 0.8881921175764227
Train loss (one batch): 5469.26513671875
Train CE loss (one batch): 0.0
Test MSE: 0.0111
Poisson likelihood: 0.0
CE loss: 0.0
Experiment 45025
Epoch 0229 [Test seq (cond on sampled tp)] | Loss 5631.212891 | Likelihood -5633.364746 | KL fp 4.2118 | FP STD 0.0269|
KL coef: 0.8893101964006584
Train loss (one batch): 5361.38720703125
Train CE loss (one batch): 0.0
Test MSE: 0.0113
Poisson likelihood: 0.0
CE loss: 0.0
Experiment 45025
Epoch 0230 [Test seq (cond on sampled tp)] | Loss 5509.293457 | Likelihood -5518.545410 | KL fp 4.2525 | FP STD 0.0261|
KL coef: 0.8904170944366518
Train loss (one batch): 5807.16796875
Train CE loss (one batch): 0.0
Test MSE: 0.0110
Poisson likelihood: 0.0
CE loss: 0.0
Experiment 45025
Epoch 0231 [Test seq (cond on sampled tp)] | Loss 5520.296875 | Likelihood -5545.203125 | KL fp 4.2783 | FP STD 0.0256|
KL coef: 0.8915129234922854
Train loss (one batch): 5542.0947265625
Train CE loss (one batch): 0.0
Test MSE: 0.0111
Poisson likelihood: 0.0
CE loss: 0.0
Experiment 45025
Epoch 0232 [Test seq (cond on sampled tp)] | Loss 5603.378906 | Likelihood -5628.696777 | KL fp 4.2249 | FP STD 0.0260|
KL coef: 0.8925977942573625
Train loss (one batch): 5371.7783203125
Train CE loss (one batch): 0.0
Test MSE: 0.0113
Poisson likelihood: 0.0
CE loss: 0.0
Experiment 45025
Epoch 0233 [Test seq (cond on sampled tp)] | Loss 5545.218262 | Likelihood -5563.917969 | KL fp 4.2440 | FP STD 0.0259|
KL coef: 0.8936718163147889
Train loss (one batch): 5301.85009765625
Train CE loss (one batch): 0.0
Test MSE: 0.0111
Poisson likelihood: 0.0
CE loss: 0.0
Experiment 45025
Epoch 0234 [Test seq (cond on sampled tp)] | Loss 5400.099121 | Likelihood -5403.377441 | KL fp 4.1835 | FP STD 0.0271|
KL coef: 0.894735098151641
Train loss (one batch): 5418.0068359375
Train CE loss (one batch): 0.0
Test MSE: 0.0108
Poisson likelihood: 0.0
CE loss: 0.0
Experiment 45025
Epoch 0235 [Test seq (cond on sampled tp)] | Loss 5489.302734 | Likelihood -5491.408691 | KL fp 4.2974 | FP STD 0.0252|
KL coef: 0.8957877471701245
Train loss (one batch): 5476.11181640625
Train CE loss (one batch): 0.0
Test MSE: 0.0110
Poisson likelihood: 0.0
CE loss: 0.0
Experiment 45025
Epoch 0236 [Test seq (cond on sampled tp)] | Loss 5549.328613 | Likelihood -5562.514160 | KL fp 4.2197 | FP STD 0.0261|
KL coef: 0.8968298696984233
Train loss (one batch): 5634.0634765625
Train CE loss (one batch): 0.0
Test MSE: 0.0111
Poisson likelihood: 0.0
CE loss: 0.0
Experiment 45025
Epoch 0237 [Test seq (cond on sampled tp)] | Loss 5494.925781 | Likelihood -5496.884766 | KL fp 4.2491 | FP STD 0.0260|
KL coef: 0.897861571001439
Train loss (one batch): 5476.087890625
Train CE loss (one batch): 0.0
Test MSE: 0.0110
Poisson likelihood: 0.0
CE loss: 0.0
Experiment 45025
Epoch 0238 [Test seq (cond on sampled tp)] | Loss 5455.142578 | Likelihood -5473.906250 | KL fp 4.2538 | FP STD 0.0262|
KL coef: 0.8988829552914247
Train loss (one batch): 5745.0322265625
Train CE loss (one batch): 0.0
Test MSE: 0.0110
Poisson likelihood: 0.0
CE loss: 0.0
Experiment 45025
Epoch 0239 [Test seq (cond on sampled tp)] | Loss 5396.331055 | Likelihood -5419.654785 | KL fp 4.2240 | FP STD 0.0259|
KL coef: 0.8998941257385105
Train loss (one batch): 5251.89501953125
Train CE loss (one batch): 0.0
Test MSE: 0.0109
Poisson likelihood: 0.0
CE loss: 0.0
Experiment 45025
Epoch 0240 [Test seq (cond on sampled tp)] | Loss 5332.897461 | Likelihood -5363.898438 | KL fp 4.2391 | FP STD 0.0257|
KL coef: 0.9008951844811254
Train loss (one batch): 5583.3349609375
Train CE loss (one batch): 0.0
Test MSE: 0.0107
Poisson likelihood: 0.0
CE loss: 0.0
Experiment 45025
Epoch 0241 [Test seq (cond on sampled tp)] | Loss 5312.267578 | Likelihood -5315.315918 | KL fp 4.2648 | FP STD 0.0254|
KL coef: 0.9018862326363141
Train loss (one batch): 5337.13818359375
Train CE loss (one batch): 0.0
Test MSE: 0.0106
Poisson likelihood: 0.0
CE loss: 0.0
Experiment 45025
Epoch 0242 [Test seq (cond on sampled tp)] | Loss 5414.186523 | Likelihood -5427.658203 | KL fp 4.2455 | FP STD 0.0254|
KL coef: 0.902867370309951
Train loss (one batch): 5238.46337890625
Train CE loss (one batch): 0.0
Test MSE: 0.0109
Poisson likelihood: 0.0
CE loss: 0.0
Experiment 45025
Epoch 0243 [Test seq (cond on sampled tp)] | Loss 5408.478516 | Likelihood -5432.504395 | KL fp 4.1741 | FP STD 0.0272|
KL coef: 0.9038386966068515
Train loss (one batch): 5185.9912109375
Train CE loss (one batch): 0.0
Test MSE: 0.0109
Poisson likelihood: 0.0
CE loss: 0.0
Experiment 45025
Epoch 0244 [Test seq (cond on sampled tp)] | Loss 5589.638184 | Likelihood -5635.382812 | KL fp 4.2012 | FP STD 0.0272|
KL coef: 0.904800309640783
Train loss (one batch): 5391.3466796875
Train CE loss (one batch): 0.0
Test MSE: 0.0113
Poisson likelihood: 0.0
CE loss: 0.0
Experiment 45025
Epoch 0245 [Test seq (cond on sampled tp)] | Loss 5238.102051 | Likelihood -5269.642578 | KL fp 4.2586 | FP STD 0.0258|
KL coef: 0.9057523065443751
Train loss (one batch): 5403.15771484375
Train CE loss (one batch): 0.0
Test MSE: 0.0106
Poisson likelihood: 0.0
CE loss: 0.0
Experiment 45025
Epoch 0246 [Test seq (cond on sampled tp)] | Loss 5125.081055 | Likelihood -5133.383301 | KL fp 4.3107 | FP STD 0.0244|
KL coef: 0.9066947834789314
Train loss (one batch): 5285.20361328125
Train CE loss (one batch): 0.0
Test MSE: 0.0103
Poisson likelihood: 0.0
CE loss: 0.0
Experiment 45025
Epoch 0247 [Test seq (cond on sampled tp)] | Loss 5391.253418 | Likelihood -5415.130859 | KL fp 4.2823 | FP STD 0.0250|
KL coef: 0.9076278356441421
Train loss (one batch): 5402.22900390625
Train CE loss (one batch): 0.0
Test MSE: 0.0108
Poisson likelihood: 0.0
CE loss: 0.0
Experiment 45025
Epoch 0248 [Test seq (cond on sampled tp)] | Loss 5313.651367 | Likelihood -5329.582031 | KL fp 4.2832 | FP STD 0.0250|
KL coef: 0.9085515572877007
Train loss (one batch): 5272.60595703125
Train CE loss (one batch): 0.0
Test MSE: 0.0107
Poisson likelihood: 0.0
CE loss: 0.0
Experiment 45025
Epoch 0249 [Test seq (cond on sampled tp)] | Loss 5406.639648 | Likelihood -5419.826172 | KL fp 4.2865 | FP STD 0.0248|
KL coef: 0.9094660417148236
Train loss (one batch): 5582.49560546875
Train CE loss (one batch): 0.0
Test MSE: 0.0109
Poisson likelihood: 0.0
CE loss: 0.0
Experiment 45025
Epoch 0250 [Test seq (cond on sampled tp)] | Loss 5264.917480 | Likelihood -5300.345215 | KL fp 4.2251 | FP STD 0.0255|
KL coef: 0.9103713812976754
Train loss (one batch): 4991.0361328125
Train CE loss (one batch): 0.0
Test MSE: 0.0106
Poisson likelihood: 0.0
CE loss: 0.0
Experiment 45025
Epoch 0251 [Test seq (cond on sampled tp)] | Loss 5314.970215 | Likelihood -5313.479492 | KL fp 4.2540 | FP STD 0.0251|
KL coef: 0.9112676674846987
Train loss (one batch): 5310.59033203125
Train CE loss (one batch): 0.0
Test MSE: 0.0106
Poisson likelihood: 0.0
CE loss: 0.0
Experiment 45025
Epoch 0252 [Test seq (cond on sampled tp)] | Loss 5240.465820 | Likelihood -5281.950684 | KL fp 4.2254 | FP STD 0.0255|
KL coef: 0.9121549908098516
Train loss (one batch): 5380.1875
Train CE loss (one batch): 0.0
Test MSE: 0.0106
Poisson likelihood: 0.0
CE loss: 0.0
Experiment 45025
Epoch 0253 [Test seq (cond on sampled tp)] | Loss 5475.600586 | Likelihood -5503.923340 | KL fp 4.2884 | FP STD 0.0251|
KL coef: 0.9130334409017531
Train loss (one batch): 5089.15380859375
Train CE loss (one batch): 0.0
Test MSE: 0.0110
Poisson likelihood: 0.0
CE loss: 0.0
Experiment 45025
Epoch 0254 [Test seq (cond on sampled tp)] | Loss 5146.921387 | Likelihood -5171.060547 | KL fp 4.3011 | FP STD 0.0244|
KL coef: 0.9139031064927357
Train loss (one batch): 5212.7001953125
Train CE loss (one batch): 0.0
Test MSE: 0.0104
Poisson likelihood: 0.0
CE loss: 0.0
Experiment 45025
Epoch 0255 [Test seq (cond on sampled tp)] | Loss 5311.358887 | Likelihood -5330.753906 | KL fp 4.2890 | FP STD 0.0247|
KL coef: 0.9147640754278082
Train loss (one batch): 5047.33984375
Train CE loss (one batch): 0.0
Test MSE: 0.0107
Poisson likelihood: 0.0
CE loss: 0.0
Experiment 45025
Epoch 0256 [Test seq (cond on sampled tp)] | Loss 5141.256836 | Likelihood -5189.238770 | KL fp 4.2573 | FP STD 0.0248|
KL coef: 0.9156164346735302
Train loss (one batch): 5258.70751953125
Train CE loss (one batch): 0.0
Test MSE: 0.0104
Poisson likelihood: 0.0
CE loss: 0.0
Experiment 45025
Epoch 0257 [Test seq (cond on sampled tp)] | Loss 5323.928711 | Likelihood -5341.867188 | KL fp 4.2602 | FP STD 0.0249|
KL coef: 0.9164602703267949
Train loss (one batch): 5456.2578125
Train CE loss (one batch): 0.0
Test MSE: 0.0107
Poisson likelihood: 0.0
CE loss: 0.0
Experiment 45025
Epoch 0258 [Test seq (cond on sampled tp)] | Loss 5218.235352 | Likelihood -5221.144531 | KL fp 4.2824 | FP STD 0.0244|
KL coef: 0.9172956676235269
Train loss (one batch): 5170.8779296875
Train CE loss (one batch): 0.0
Test MSE: 0.0105
Poisson likelihood: 0.0
CE loss: 0.0
Experiment 45025
Epoch 0259 [Test seq (cond on sampled tp)] | Loss 5277.893066 | Likelihood -5282.178223 | KL fp 4.2869 | FP STD 0.0240|
KL coef: 0.9181227109472916
Train loss (one batch): 5280.71044921875
Train CE loss (one batch): 0.0
Test MSE: 0.0106
Poisson likelihood: 0.0
CE loss: 0.0
Experiment 45025
Epoch 0260 [Test seq (cond on sampled tp)] | Loss 5258.185059 | Likelihood -5283.992676 | KL fp 4.3042 | FP STD 0.0241|
KL coef: 0.9189414838378187
Train loss (one batch): 5123.3291015625
Train CE loss (one batch): 0.0
Test MSE: 0.0106
Poisson likelihood: 0.0
CE loss: 0.0
Experiment 45025
Epoch 0261 [Test seq (cond on sampled tp)] | Loss 5304.464844 | Likelihood -5311.952637 | KL fp 4.3274 | FP STD 0.0232|
KL coef: 0.9197520689994405
Train loss (one batch): 5437.2568359375
Train CE loss (one batch): 0.0
Test MSE: 0.0106
Poisson likelihood: 0.0
CE loss: 0.0
Experiment 45025
Epoch 0262 [Test seq (cond on sampled tp)] | Loss 5208.479492 | Likelihood -5221.700684 | KL fp 4.2498 | FP STD 0.0251|
KL coef: 0.9205545483094462
Train loss (one batch): 4965.07958984375
Train CE loss (one batch): 0.0
Test MSE: 0.0105
Poisson likelihood: 0.0
CE loss: 0.0
Experiment 45025
Epoch 0263 [Test seq (cond on sampled tp)] | Loss 5204.367676 | Likelihood -5217.171387 | KL fp 4.3238 | FP STD 0.0235|
KL coef: 0.9213490028263517
Train loss (one batch): 5240.73876953125
Train CE loss (one batch): 0.0
Test MSE: 0.0104
Poisson likelihood: 0.0
CE loss: 0.0
Experiment 45025
Epoch 0264 [Test seq (cond on sampled tp)] | Loss 5105.205078 | Likelihood -5130.469238 | KL fp 4.2807 | FP STD 0.0241|
KL coef: 0.9221355127980881
Train loss (one batch): 5256.0703125
Train CE loss (one batch): 0.0
Test MSE: 0.0103
Poisson likelihood: 0.0
CE loss: 0.0
Experiment 45025
Epoch 0265 [Test seq (cond on sampled tp)] | Loss 5253.581543 | Likelihood -5282.871094 | KL fp 4.2492 | FP STD 0.0247|
KL coef: 0.9229141576701073
Train loss (one batch): 4984.5693359375
Train CE loss (one batch): 0.0
Test MSE: 0.0106
Poisson likelihood: 0.0
CE loss: 0.0
Experiment 45025
Epoch 0266 [Test seq (cond on sampled tp)] | Loss 5009.931152 | Likelihood -5014.935059 | KL fp 4.2831 | FP STD 0.0240|
KL coef: 0.9236850160934063
Train loss (one batch): 5387.9638671875
Train CE loss (one batch): 0.0
Test MSE: 0.0100
Poisson likelihood: 0.0
CE loss: 0.0
Experiment 45025
Epoch 0267 [Test seq (cond on sampled tp)] | Loss 5109.096191 | Likelihood -5130.630859 | KL fp 4.3457 | FP STD 0.0234|
KL coef: 0.9244481659324721
Train loss (one batch): 4961.12646484375
Train CE loss (one batch): 0.0
Test MSE: 0.0103
Poisson likelihood: 0.0
CE loss: 0.0
Experiment 45025
Epoch 0268 [Test seq (cond on sampled tp)] | Loss 5193.736816 | Likelihood -5236.052734 | KL fp 4.3146 | FP STD 0.0234|
KL coef: 0.9252036842731475
Train loss (one batch): 5348.57958984375
Train CE loss (one batch): 0.0
Test MSE: 0.0105
Poisson likelihood: 0.0
CE loss: 0.0
Experiment 45025
Epoch 0269 [Test seq (cond on sampled tp)] | Loss 4973.179688 | Likelihood -4988.532227 | KL fp 4.3046 | FP STD 0.0234|
KL coef: 0.9259516474304159
Train loss (one batch): 5562.10888671875
Train CE loss (one batch): 0.0
Test MSE: 0.0100
Poisson likelihood: 0.0
CE loss: 0.0
Experiment 45025
Epoch 0270 [Test seq (cond on sampled tp)] | Loss 4976.498047 | Likelihood -4996.530762 | KL fp 4.3237 | FP STD 0.0235|
KL coef: 0.9266921309561118
Train loss (one batch): 5109.947265625
Train CE loss (one batch): 0.0
Test MSE: 0.0100
Poisson likelihood: 0.0
CE loss: 0.0
Experiment 45025
Epoch 0271 [Test seq (cond on sampled tp)] | Loss 5201.738770 | Likelihood -5228.524902 | KL fp 4.2964 | FP STD 0.0239|
KL coef: 0.9274252096465507
Train loss (one batch): 5032.08935546875
Train CE loss (one batch): 0.0
Test MSE: 0.0105
Poisson likelihood: 0.0
CE loss: 0.0
Experiment 45025
Epoch 0272 [Test seq (cond on sampled tp)] | Loss 5149.100586 | Likelihood -5157.766113 | KL fp 4.3057 | FP STD 0.0238|
KL coef: 0.9281509575500851
Train loss (one batch): 5418.763671875
Train CE loss (one batch): 0.0
Test MSE: 0.0103
Poisson likelihood: 0.0
CE loss: 0.0
Experiment 45025
Epoch 0273 [Test seq (cond on sampled tp)] | Loss 5174.071777 | Likelihood -5201.065430 | KL fp 4.2660 | FP STD 0.0245|
KL coef: 0.9288694479745843
Train loss (one batch): 5166.943359375
Train CE loss (one batch): 0.0
Test MSE: 0.0104
Poisson likelihood: 0.0
CE loss: 0.0
Experiment 45025
Epoch 0274 [Test seq (cond on sampled tp)] | Loss 5161.937012 | Likelihood -5163.783203 | KL fp 4.2841 | FP STD 0.0243|
KL coef: 0.9295807534948385
Train loss (one batch): 4813.39697265625
Train CE loss (one batch): 0.0
Test MSE: 0.0103
Poisson likelihood: 0.0
CE loss: 0.0
Experiment 45025
Epoch 0275 [Test seq (cond on sampled tp)] | Loss 4999.270996 | Likelihood -5030.151855 | KL fp 4.3196 | FP STD 0.0230|
KL coef: 0.9302849459598901
Train loss (one batch): 5150.38671875
Train CE loss (one batch): 0.0
Test MSE: 0.0101
Poisson likelihood: 0.0
CE loss: 0.0
Experiment 45025
Epoch 0276 [Test seq (cond on sampled tp)] | Loss 4954.141602 | Likelihood -4974.249512 | KL fp 4.3616 | FP STD 0.0224|
KL coef: 0.9309820965002912
Train loss (one batch): 5389.38525390625
Train CE loss (one batch): 0.0
Test MSE: 0.0100
Poisson likelihood: 0.0
CE loss: 0.0
Experiment 45025
Epoch 0277 [Test seq (cond on sampled tp)] | Loss 5104.887695 | Likelihood -5122.000000 | KL fp 4.2770 | FP STD 0.0235|
KL coef: 0.9316722755352883
Train loss (one batch): 5006.69384765625
Train CE loss (one batch): 0.0
Test MSE: 0.0103
Poisson likelihood: 0.0
CE loss: 0.0
Experiment 45025
Epoch 0278 [Test seq (cond on sampled tp)] | Loss 4937.276855 | Likelihood -4948.182129 | KL fp 4.2847 | FP STD 0.0237|
KL coef: 0.9323555527799354
Train loss (one batch): 4990.54296875
Train CE loss (one batch): 0.0
Test MSE: 0.0099
Poisson likelihood: 0.0
CE loss: 0.0
Experiment 45025
Epoch 0279 [Test seq (cond on sampled tp)] | Loss 5008.233398 | Likelihood -5041.173828 | KL fp 4.3533 | FP STD 0.0225|
KL coef: 0.933031997252136
Train loss (one batch): 5120.99560546875
Train CE loss (one batch): 0.0
Test MSE: 0.0101
Poisson likelihood: 0.0
CE loss: 0.0
Experiment 45025
Epoch 0280 [Test seq (cond on sampled tp)] | Loss 5017.824707 | Likelihood -5038.854492 | KL fp 4.3314 | FP STD 0.0228|
KL coef: 0.9337016772796147
Train loss (one batch): 5013.67626953125
Train CE loss (one batch): 0.0
Test MSE: 0.0101
Poisson likelihood: 0.0
CE loss: 0.0
Experiment 45025
Epoch 0281 [Test seq (cond on sampled tp)] | Loss 5007.093750 | Likelihood -5021.484863 | KL fp 4.2771 | FP STD 0.0238|
KL coef: 0.9343646605068185
Train loss (one batch): 4806.8662109375
Train CE loss (one batch): 0.0
Test MSE: 0.0101
Poisson likelihood: 0.0
CE loss: 0.0
Experiment 45025
Epoch 0282 [Test seq (cond on sampled tp)] | Loss 4969.103027 | Likelihood -4996.172363 | KL fp 4.3148 | FP STD 0.0228|
KL coef: 0.9350210139017503
Train loss (one batch): 5455.09130859375
Train CE loss (one batch): 0.0
Test MSE: 0.0100
Poisson likelihood: 0.0
CE loss: 0.0
Experiment 45025
Epoch 0283 [Test seq (cond on sampled tp)] | Loss 4906.051758 | Likelihood -4925.949707 | KL fp 4.3181 | FP STD 0.0229|
KL coef: 0.9356708037627328
Train loss (one batch): 4848.34033203125
Train CE loss (one batch): 0.0
Test MSE: 0.0099
Poisson likelihood: 0.0
CE loss: 0.0
Experiment 45025
Epoch 0284 [Test seq (cond on sampled tp)] | Loss 4914.729980 | Likelihood -4922.205566 | KL fp 4.3726 | FP STD 0.0223|
KL coef: 0.9363140957251055
Train loss (one batch): 4762.07568359375
Train CE loss (one batch): 0.0
Test MSE: 0.0099
Poisson likelihood: 0.0
CE loss: 0.0
Experiment 45025
Epoch 0285 [Test seq (cond on sampled tp)] | Loss 4967.567383 | Likelihood -4969.159668 | KL fp 4.2944 | FP STD 0.0234|
KL coef: 0.9369509547678545
Train loss (one batch): 5017.6201171875
Train CE loss (one batch): 0.0
Test MSE: 0.0100
Poisson likelihood: 0.0
CE loss: 0.0
Experiment 45025
Epoch 0286 [Test seq (cond on sampled tp)] | Loss 4943.964355 | Likelihood -4950.320801 | KL fp 4.3197 | FP STD 0.0228|
KL coef: 0.937581445220176
Train loss (one batch): 4798.99267578125
Train CE loss (one batch): 0.0
Test MSE: 0.0099
Poisson likelihood: 0.0
CE loss: 0.0
Experiment 45025
Epoch 0287 [Test seq (cond on sampled tp)] | Loss 4937.331055 | Likelihood -4938.054688 | KL fp 4.3472 | FP STD 0.0223|
KL coef: 0.9382056307679741
Train loss (one batch): 4865.4931640625
Train CE loss (one batch): 0.0
Test MSE: 0.0099
Poisson likelihood: 0.0
CE loss: 0.0
Experiment 45025
Epoch 0288 [Test seq (cond on sampled tp)] | Loss 4945.019043 | Likelihood -4989.198242 | KL fp 4.3579 | FP STD 0.0222|
KL coef: 0.9388235744602944
Train loss (one batch): 4873.39013671875
Train CE loss (one batch): 0.0
Test MSE: 0.0100
Poisson likelihood: 0.0
CE loss: 0.0
Experiment 45025
Epoch 0289 [Test seq (cond on sampled tp)] | Loss 4917.553711 | Likelihood -4932.720703 | KL fp 4.3742 | FP STD 0.0222|
KL coef: 0.9394353387156915
Train loss (one batch): 4840.42138671875
Train CE loss (one batch): 0.0
Test MSE: 0.0099
Poisson likelihood: 0.0
CE loss: 0.0
Experiment 45025
Epoch 0290 [Test seq (cond on sampled tp)] | Loss 4873.147461 | Likelihood -4893.380371 | KL fp 4.3441 | FP STD 0.0222|
KL coef: 0.9400409853285345
Train loss (one batch): 4985.25732421875
Train CE loss (one batch): 0.0
Test MSE: 0.0098
Poisson likelihood: 0.0
CE loss: 0.0
Experiment 45025
Epoch 0291 [Test seq (cond on sampled tp)] | Loss 4968.527832 | Likelihood -4998.439941 | KL fp 4.3265 | FP STD 0.0229|
KL coef: 0.9406405754752493
Train loss (one batch): 4758.3876953125
Train CE loss (one batch): 0.0
Test MSE: 0.0100
Poisson likelihood: 0.0
CE loss: 0.0
Experiment 45025
Epoch 0292 [Test seq (cond on sampled tp)] | Loss 4910.979980 | Likelihood -4938.045898 | KL fp 4.3043 | FP STD 0.0229|
KL coef: 0.9412341697204967
Train loss (one batch): 5247.78955078125
Train CE loss (one batch): 0.0
Test MSE: 0.0099
Poisson likelihood: 0.0
CE loss: 0.0
Experiment 45025
Epoch 0293 [Test seq (cond on sampled tp)] | Loss 5054.374023 | Likelihood -5071.330078 | KL fp 4.3249 | FP STD 0.0223|
KL coef: 0.9418218280232917
Train loss (one batch): 4910.0400390625
Train CE loss (one batch): 0.0
Test MSE: 0.0102
Poisson likelihood: 0.0
CE loss: 0.0
Experiment 45025
Epoch 0294 [Test seq (cond on sampled tp)] | Loss 4936.518555 | Likelihood -4934.408691 | KL fp 4.3751 | FP STD 0.0216|
KL coef: 0.9424036097430588
Train loss (one batch): 4784.13818359375
Train CE loss (one batch): 0.0
Test MSE: 0.0099
Poisson likelihood: 0.0
CE loss: 0.0
Experiment 45025
Epoch 0295 [Test seq (cond on sampled tp)] | Loss 4945.425293 | Likelihood -4955.798340 | KL fp 4.3319 | FP STD 0.0222|
KL coef: 0.9429795736456282
Train loss (one batch): 4967.17578125
Train CE loss (one batch): 0.0
Test MSE: 0.0099
Poisson likelihood: 0.0
CE loss: 0.0
Experiment 45025
Epoch 0296 [Test seq (cond on sampled tp)] | Loss 4871.106445 | Likelihood -4890.947754 | KL fp 4.3365 | FP STD 0.0227|
KL coef: 0.9435497779091719
Train loss (one batch): 4854.24560546875
Train CE loss (one batch): 0.0
Test MSE: 0.0098
Poisson likelihood: 0.0
CE loss: 0.0
Experiment 45025
Epoch 0297 [Test seq (cond on sampled tp)] | Loss 4843.130859 | Likelihood -4856.973145 | KL fp 4.3290 | FP STD 0.0225|
KL coef: 0.9441142801300803
Train loss (one batch): 4989.57373046875
Train CE loss (one batch): 0.0
Test MSE: 0.0097
Poisson likelihood: 0.0
CE loss: 0.0
Experiment 45025
Epoch 0298 [Test seq (cond on sampled tp)] | Loss 4897.127441 | Likelihood -4907.335449 | KL fp 4.3674 | FP STD 0.0216|
KL coef: 0.9446731373287794
Train loss (one batch): 5033.82763671875
Train CE loss (one batch): 0.0
Test MSE: 0.0098
Poisson likelihood: 0.0
CE loss: 0.0
Experiment 45025
Epoch 0299 [Test seq (cond on sampled tp)] | Loss 4872.428711 | Likelihood -4875.507812 | KL fp 4.4096 | FP STD 0.0214|
KL coef: 0.9452264059554917
Train loss (one batch): 5250.30078125
Train CE loss (one batch): 0.0
Test MSE: 0.0098
Poisson likelihood: 0.0
CE loss: 0.0
Experiment 45025
Epoch 0300 [Test seq (cond on sampled tp)] | Loss 4833.444336 | Likelihood -4867.321777 | KL fp 4.3456 | FP STD 0.0220|
KL coef: 0.9457741418959368
Train loss (one batch): 4729.08447265625
Train CE loss (one batch): 0.0
Test MSE: 0.0097
Poisson likelihood: 0.0
CE loss: 0.0
