/Users/deyiliu/Dropbox/UNC/G4/Spring/790/code/latent_ode-master/run_models.py
run_models.py --niters 300 -n 1000 -l 15 --dataset hopper --latent-ode --z0-encoder rnn
Experiment 50842
Epoch 0001 [Test seq (cond on sampled tp)] | Loss 42754.066406 | Likelihood -42914.527344 | KL fp 3.4714 | FP STD 0.0932|
KL coef: 0.0
Train loss (one batch): 39228.75390625
Train CE loss (one batch): 0.0
Test MSE: 0.0858
Poisson likelihood: 0.0
CE loss: 0.0
Experiment 50842
Epoch 0002 [Test seq (cond on sampled tp)] | Loss 29116.994141 | Likelihood -29138.177734 | KL fp 4.0803 | FP STD 0.0394|
KL coef: 0.0
Train loss (one batch): 29295.58203125
Train CE loss (one batch): 0.0
Test MSE: 0.0583
Poisson likelihood: 0.0
CE loss: 0.0
Experiment 50842
Epoch 0003 [Test seq (cond on sampled tp)] | Loss 28299.998047 | Likelihood -28338.755859 | KL fp 3.6829 | FP STD 0.0491|
KL coef: 0.0
Train loss (one batch): 28161.23046875
Train CE loss (one batch): 0.0
Test MSE: 0.0567
Poisson likelihood: 0.0
CE loss: 0.0
