/Users/deyiliu/Dropbox/UNC/G4/Spring/790/code/latent_ode-master/run_models.py
run_models.py --niters 300 -n 1000 -l 15 --dataset hopper --latent-ode --z0-encoder rnn -r 1500
Experiment 77827
Epoch 0001 [Test seq (cond on sampled tp)] | Loss 42518.535156 | Likelihood -42767.500000 | KL fp 2.9046 | FP STD 0.1270|
KL coef: 0.0
Train loss (one batch): 44183.265625
Train CE loss (one batch): 0.0
Test MSE: 0.0855
Poisson likelihood: 0.0
CE loss: 0.0
Experiment 77827
Epoch 0002 [Test seq (cond on sampled tp)] | Loss 29833.980469 | Likelihood -29942.156250 | KL fp 3.3291 | FP STD 0.0772|
KL coef: 0.0
Train loss (one batch): 30113.9609375
Train CE loss (one batch): 0.0
Test MSE: 0.0599
Poisson likelihood: 0.0
CE loss: 0.0
Experiment 77827
Epoch 0003 [Test seq (cond on sampled tp)] | Loss 28436.220703 | Likelihood -28580.328125 | KL fp 3.6508 | FP STD 0.0592|
KL coef: 0.0
Train loss (one batch): 28312.44921875
Train CE loss (one batch): 0.0
Test MSE: 0.0572
Poisson likelihood: 0.0
CE loss: 0.0
Experiment 77827
Epoch 0004 [Test seq (cond on sampled tp)] | Loss 27528.099609 | Likelihood -27576.177734 | KL fp 3.7497 | FP STD 0.0451|
KL coef: 0.0
Train loss (one batch): 27327.875
Train CE loss (one batch): 0.0
Test MSE: 0.0552
Poisson likelihood: 0.0
CE loss: 0.0
Experiment 77827
Epoch 0005 [Test seq (cond on sampled tp)] | Loss 27452.324219 | Likelihood -27499.656250 | KL fp 3.9290 | FP STD 0.0407|
KL coef: 0.0
Train loss (one batch): 26924.66796875
Train CE loss (one batch): 0.0
Test MSE: 0.0550
Poisson likelihood: 0.0
CE loss: 0.0
Experiment 77827
Epoch 0006 [Test seq (cond on sampled tp)] | Loss 27130.341797 | Likelihood -27196.619141 | KL fp 3.6044 | FP STD 0.0553|
KL coef: 0.0
Train loss (one batch): 26347.55078125
Train CE loss (one batch): 0.0
Test MSE: 0.0544
Poisson likelihood: 0.0
CE loss: 0.0
Experiment 77827
Epoch 0007 [Test seq (cond on sampled tp)] | Loss 26592.419922 | Likelihood -26642.000000 | KL fp 4.0124 | FP STD 0.0419|
KL coef: 0.0
Train loss (one batch): 26322.23828125
Train CE loss (one batch): 0.0
Test MSE: 0.0533
Poisson likelihood: 0.0
CE loss: 0.0
Experiment 77827
Epoch 0008 [Test seq (cond on sampled tp)] | Loss 25885.152344 | Likelihood -25928.056641 | KL fp 3.8186 | FP STD 0.0506|
KL coef: 0.0
Train loss (one batch): 25063.775390625
Train CE loss (one batch): 0.0
Test MSE: 0.0519
Poisson likelihood: 0.0
CE loss: 0.0
Experiment 77827
Epoch 0009 [Test seq (cond on sampled tp)] | Loss 23732.394531 | Likelihood -23860.416016 | KL fp 3.8302 | FP STD 0.0450|
KL coef: 0.0
Train loss (one batch): 22854.962890625
Train CE loss (one batch): 0.0
Test MSE: 0.0477
Poisson likelihood: 0.0
CE loss: 0.0
Experiment 77827
Epoch 0010 [Test seq (cond on sampled tp)] | Loss 21944.949219 | Likelihood -21996.968750 | KL fp 4.1564 | FP STD 0.0395|
KL coef: 0.0
Train loss (one batch): 20318.470703125
Train CE loss (one batch): 0.0
Test MSE: 0.0440
Poisson likelihood: 0.0
CE loss: 0.0
Experiment 77827
Epoch 0011 [Test seq (cond on sampled tp)] | Loss 21097.011719 | Likelihood -21112.220703 | KL fp 4.1431 | FP STD 0.0317|
KL coef: 0.010000000000000009
Train loss (one batch): 19177.771484375
Train CE loss (one batch): 0.0
Test MSE: 0.0422
Poisson likelihood: 0.0
CE loss: 0.0
Experiment 77827
Epoch 0012 [Test seq (cond on sampled tp)] | Loss 20614.232422 | Likelihood -20627.896484 | KL fp 3.8431 | FP STD 0.0422|
KL coef: 0.01990000000000003
Train loss (one batch): 18755.966796875
Train CE loss (one batch): 0.0
Test MSE: 0.0413
Poisson likelihood: 0.0
CE loss: 0.0
Experiment 77827
Epoch 0013 [Test seq (cond on sampled tp)] | Loss 20193.785156 | Likelihood -20264.208984 | KL fp 4.0004 | FP STD 0.0381|
KL coef: 0.029700999999999977
Train loss (one batch): 18386.3828125
Train CE loss (one batch): 0.0
Test MSE: 0.0405
Poisson likelihood: 0.0
CE loss: 0.0
Experiment 77827
Epoch 0014 [Test seq (cond on sampled tp)] | Loss 19743.384766 | Likelihood -19796.460938 | KL fp 4.0984 | FP STD 0.0343|
KL coef: 0.039403990000000055
Train loss (one batch): 17735.1484375
Train CE loss (one batch): 0.0
Test MSE: 0.0396
Poisson likelihood: 0.0
CE loss: 0.0
Experiment 77827
Epoch 0015 [Test seq (cond on sampled tp)] | Loss 19337.357422 | Likelihood -19359.617188 | KL fp 4.0463 | FP STD 0.0351|
KL coef: 0.04900995010000009
Train loss (one batch): 17302.42578125
Train CE loss (one batch): 0.0
Test MSE: 0.0387
Poisson likelihood: 0.0
CE loss: 0.0
Experiment 77827
Epoch 0016 [Test seq (cond on sampled tp)] | Loss 18881.658203 | Likelihood -18887.119141 | KL fp 3.9418 | FP STD 0.0376|
KL coef: 0.058519850599
Train loss (one batch): 16735.341796875
Train CE loss (one batch): 0.0
Test MSE: 0.0378
Poisson likelihood: 0.0
CE loss: 0.0
Experiment 77827
Epoch 0017 [Test seq (cond on sampled tp)] | Loss 18405.867188 | Likelihood -18472.777344 | KL fp 3.9325 | FP STD 0.0393|
KL coef: 0.06793465209301008
Train loss (one batch): 16483.875
Train CE loss (one batch): 0.0
Test MSE: 0.0370
Poisson likelihood: 0.0
CE loss: 0.0
Experiment 77827
Epoch 0018 [Test seq (cond on sampled tp)] | Loss 18168.041016 | Likelihood -18176.662109 | KL fp 4.1501 | FP STD 0.0339|
KL coef: 0.07725530557207994
Train loss (one batch): 16311.3251953125
Train CE loss (one batch): 0.0
Test MSE: 0.0364
Poisson likelihood: 0.0
CE loss: 0.0
Experiment 77827
Epoch 0019 [Test seq (cond on sampled tp)] | Loss 17795.574219 | Likelihood -17821.576172 | KL fp 4.1692 | FP STD 0.0313|
KL coef: 0.08648275251635917
Train loss (one batch): 15937.13671875
Train CE loss (one batch): 0.0
Test MSE: 0.0357
Poisson likelihood: 0.0
CE loss: 0.0
Experiment 77827
Epoch 0020 [Test seq (cond on sampled tp)] | Loss 17438.890625 | Likelihood -17462.007812 | KL fp 4.3353 | FP STD 0.0281|
KL coef: 0.09561792499119559
Train loss (one batch): 15748.2490234375
Train CE loss (one batch): 0.0
Test MSE: 0.0349
Poisson likelihood: 0.0
CE loss: 0.0
Experiment 77827
Epoch 0021 [Test seq (cond on sampled tp)] | Loss 17243.826172 | Likelihood -17260.179688 | KL fp 4.1837 | FP STD 0.0311|
KL coef: 0.10466174574128362
Train loss (one batch): 15665.7138671875
Train CE loss (one batch): 0.0
Test MSE: 0.0345
Poisson likelihood: 0.0
CE loss: 0.0
Experiment 77827
Epoch 0022 [Test seq (cond on sampled tp)] | Loss 16942.548828 | Likelihood -16970.093750 | KL fp 4.1483 | FP STD 0.0300|
KL coef: 0.11361512828387077
Train loss (one batch): 15579.1640625
Train CE loss (one batch): 0.0
Test MSE: 0.0340
Poisson likelihood: 0.0
CE loss: 0.0
Experiment 77827
Epoch 0023 [Test seq (cond on sampled tp)] | Loss 16757.691406 | Likelihood -16793.421875 | KL fp 4.1900 | FP STD 0.0290|
KL coef: 0.12247897700103216
Train loss (one batch): 15445.3564453125
Train CE loss (one batch): 0.0
Test MSE: 0.0336
Poisson likelihood: 0.0
CE loss: 0.0
Experiment 77827
Epoch 0024 [Test seq (cond on sampled tp)] | Loss 16526.451172 | Likelihood -16595.750000 | KL fp 4.1613 | FP STD 0.0307|
KL coef: 0.13125418723102178
Train loss (one batch): 15303.46484375
Train CE loss (one batch): 0.0
Test MSE: 0.0332
Poisson likelihood: 0.0
CE loss: 0.0
Experiment 77827
Epoch 0025 [Test seq (cond on sampled tp)] | Loss 16223.848633 | Likelihood -16231.420898 | KL fp 4.3969 | FP STD 0.0267|
KL coef: 0.13994164535871156
Train loss (one batch): 15002.759765625
Train CE loss (one batch): 0.0
Test MSE: 0.0325
Poisson likelihood: 0.0
CE loss: 0.0
Experiment 77827
Epoch 0026 [Test seq (cond on sampled tp)] | Loss 15920.663086 | Likelihood -15944.601562 | KL fp 4.3037 | FP STD 0.0270|
KL coef: 0.14854222890512447
Train loss (one batch): 14739.716796875
Train CE loss (one batch): 0.0
Test MSE: 0.0319
Poisson likelihood: 0.0
CE loss: 0.0
Experiment 77827
Epoch 0027 [Test seq (cond on sampled tp)] | Loss 15743.249023 | Likelihood -15759.460938 | KL fp 4.4480 | FP STD 0.0240|
KL coef: 0.15705680661607324
Train loss (one batch): 14398.3515625
Train CE loss (one batch): 0.0
Test MSE: 0.0315
Poisson likelihood: 0.0
CE loss: 0.0
Experiment 77827
Epoch 0028 [Test seq (cond on sampled tp)] | Loss 15505.693359 | Likelihood -15529.160156 | KL fp 4.4225 | FP STD 0.0245|
KL coef: 0.1654862385499125
Train loss (one batch): 14111.1416015625
Train CE loss (one batch): 0.0
Test MSE: 0.0311
Poisson likelihood: 0.0
CE loss: 0.0
Experiment 77827
Epoch 0029 [Test seq (cond on sampled tp)] | Loss 15287.694336 | Likelihood -15314.117188 | KL fp 4.3174 | FP STD 0.0276|
KL coef: 0.17383137616441335
Train loss (one batch): 13847.5986328125
Train CE loss (one batch): 0.0
Test MSE: 0.0306
Poisson likelihood: 0.0
CE loss: 0.0
Experiment 77827
Epoch 0030 [Test seq (cond on sampled tp)] | Loss 15182.562500 | Likelihood -15190.882812 | KL fp 4.5725 | FP STD 0.0217|
KL coef: 0.18209306240276923
Train loss (one batch): 13626.755859375
Train CE loss (one batch): 0.0
Test MSE: 0.0304
Poisson likelihood: 0.0
CE loss: 0.0
Experiment 77827
Epoch 0031 [Test seq (cond on sampled tp)] | Loss 15077.001953 | Likelihood -15095.148438 | KL fp 4.4233 | FP STD 0.0239|
KL coef: 0.19027213177874158
Train loss (one batch): 13451.4951171875
Train CE loss (one batch): 0.0
Test MSE: 0.0302
Poisson likelihood: 0.0
CE loss: 0.0
Experiment 77827
Epoch 0032 [Test seq (cond on sampled tp)] | Loss 14894.764648 | Likelihood -14910.679688 | KL fp 4.6388 | FP STD 0.0191|
KL coef: 0.19836941046095413
Train loss (one batch): 13367.39453125
Train CE loss (one batch): 0.0
Test MSE: 0.0298
Poisson likelihood: 0.0
CE loss: 0.0
Experiment 77827
Epoch 0033 [Test seq (cond on sampled tp)] | Loss 14786.509766 | Likelihood -14808.988281 | KL fp 4.5936 | FP STD 0.0197|
KL coef: 0.20638571635634462
Train loss (one batch): 13260.080078125
Train CE loss (one batch): 0.0
Test MSE: 0.0296
Poisson likelihood: 0.0
CE loss: 0.0
Experiment 77827
Epoch 0034 [Test seq (cond on sampled tp)] | Loss 14626.423828 | Likelihood -14635.429688 | KL fp 4.7362 | FP STD 0.0168|
KL coef: 0.21432185919278124
Train loss (one batch): 13097.935546875
Train CE loss (one batch): 0.0
Test MSE: 0.0293
Poisson likelihood: 0.0
CE loss: 0.0
Experiment 77827
Epoch 0035 [Test seq (cond on sampled tp)] | Loss 14434.053711 | Likelihood -14468.885742 | KL fp 4.6621 | FP STD 0.0194|
KL coef: 0.22217864060085335
Train loss (one batch): 12975.77734375
Train CE loss (one batch): 0.0
Test MSE: 0.0289
Poisson likelihood: 0.0
CE loss: 0.0
Experiment 77827
Epoch 0036 [Test seq (cond on sampled tp)] | Loss 14322.602539 | Likelihood -14353.387695 | KL fp 4.6221 | FP STD 0.0202|
KL coef: 0.2299568541948449
Train loss (one batch): 12889.1875
Train CE loss (one batch): 0.0
Test MSE: 0.0287
Poisson likelihood: 0.0
CE loss: 0.0
Experiment 77827
Epoch 0037 [Test seq (cond on sampled tp)] | Loss 14302.886719 | Likelihood -14321.860352 | KL fp 4.4414 | FP STD 0.0237|
KL coef: 0.23765728565289646
Train loss (one batch): 12808.189453125
Train CE loss (one batch): 0.0
Test MSE: 0.0287
Poisson likelihood: 0.0
CE loss: 0.0
Experiment 77827
Epoch 0038 [Test seq (cond on sampled tp)] | Loss 14176.472656 | Likelihood -14205.657227 | KL fp 4.6563 | FP STD 0.0201|
KL coef: 0.24528071279636743
Train loss (one batch): 12692.6357421875
Train CE loss (one batch): 0.0
Test MSE: 0.0284
Poisson likelihood: 0.0
CE loss: 0.0
Experiment 77827
Epoch 0039 [Test seq (cond on sampled tp)] | Loss 14055.863281 | Likelihood -14078.936523 | KL fp 4.6831 | FP STD 0.0188|
KL coef: 0.25282790566840385
Train loss (one batch): 12527.439453125
Train CE loss (one batch): 0.0
Test MSE: 0.0282
Poisson likelihood: 0.0
CE loss: 0.0
Experiment 77827
Epoch 0040 [Test seq (cond on sampled tp)] | Loss 13974.571289 | Likelihood -13982.914062 | KL fp 4.6913 | FP STD 0.0175|
KL coef: 0.2602996266117198
Train loss (one batch): 12424.7099609375
Train CE loss (one batch): 0.0
Test MSE: 0.0280
Poisson likelihood: 0.0
CE loss: 0.0
Experiment 77827
Epoch 0041 [Test seq (cond on sampled tp)] | Loss 13863.649414 | Likelihood -13899.500000 | KL fp 4.6875 | FP STD 0.0181|
KL coef: 0.26769663034560254
Train loss (one batch): 12282.27734375
Train CE loss (one batch): 0.0
Test MSE: 0.0278
Poisson likelihood: 0.0
CE loss: 0.0
Experiment 77827
Epoch 0042 [Test seq (cond on sampled tp)] | Loss 13722.881836 | Likelihood -13764.034180 | KL fp 4.4063 | FP STD 0.0226|
KL coef: 0.2750196640421466
Train loss (one batch): 12180.0908203125
Train CE loss (one batch): 0.0
Test MSE: 0.0275
Poisson likelihood: 0.0
CE loss: 0.0
Experiment 77827
Epoch 0043 [Test seq (cond on sampled tp)] | Loss 13573.856445 | Likelihood -13579.553711 | KL fp 4.7045 | FP STD 0.0183|
KL coef: 0.2822694674017251
Train loss (one batch): 12014.1416015625
Train CE loss (one batch): 0.0
Test MSE: 0.0272
Poisson likelihood: 0.0
CE loss: 0.0
Experiment 77827
Epoch 0044 [Test seq (cond on sampled tp)] | Loss 13363.551758 | Likelihood -13375.539062 | KL fp 4.5893 | FP STD 0.0201|
KL coef: 0.2894467727277079
Train loss (one batch): 11819.505859375
Train CE loss (one batch): 0.0
Test MSE: 0.0268
Poisson likelihood: 0.0
CE loss: 0.0
Experiment 77827
Epoch 0045 [Test seq (cond on sampled tp)] | Loss 13150.007812 | Likelihood -13152.085938 | KL fp 4.6694 | FP STD 0.0193|
KL coef: 0.29655230500043084
Train loss (one batch): 11542.6845703125
Train CE loss (one batch): 0.0
Test MSE: 0.0263
Poisson likelihood: 0.0
CE loss: 0.0
Experiment 77827
Epoch 0046 [Test seq (cond on sampled tp)] | Loss 12927.548828 | Likelihood -12958.589844 | KL fp 4.6583 | FP STD 0.0191|
KL coef: 0.30358678195042654
Train loss (one batch): 11400.8271484375
Train CE loss (one batch): 0.0
Test MSE: 0.0259
Poisson likelihood: 0.0
CE loss: 0.0
Experiment 77827
Epoch 0047 [Test seq (cond on sampled tp)] | Loss 12831.415039 | Likelihood -12856.891602 | KL fp 4.6042 | FP STD 0.0212|
KL coef: 0.3105509141309223
Train loss (one batch): 11152.8564453125
Train CE loss (one batch): 0.0
Test MSE: 0.0257
Poisson likelihood: 0.0
CE loss: 0.0
Experiment 77827
Epoch 0048 [Test seq (cond on sampled tp)] | Loss 12714.774414 | Likelihood -12728.495117 | KL fp 4.6294 | FP STD 0.0205|
KL coef: 0.31744540498961304
Train loss (one batch): 11115.3896484375
Train CE loss (one batch): 0.0
Test MSE: 0.0255
Poisson likelihood: 0.0
CE loss: 0.0
Experiment 77827
Epoch 0049 [Test seq (cond on sampled tp)] | Loss 12622.992188 | Likelihood -12634.036133 | KL fp 4.8349 | FP STD 0.0158|
KL coef: 0.3242709509397169
Train loss (one batch): 11057.291015625
Train CE loss (one batch): 0.0
Test MSE: 0.0253
Poisson likelihood: 0.0
CE loss: 0.0
Experiment 77827
Epoch 0050 [Test seq (cond on sampled tp)] | Loss 12597.868164 | Likelihood -12611.620117 | KL fp 4.5741 | FP STD 0.0195|
KL coef: 0.3310282414303197
Train loss (one batch): 11034.2265625
Train CE loss (one batch): 0.0
Test MSE: 0.0252
Poisson likelihood: 0.0
CE loss: 0.0
Experiment 77827
Epoch 0051 [Test seq (cond on sampled tp)] | Loss 12544.361328 | Likelihood -12556.858398 | KL fp 4.8150 | FP STD 0.0157|
KL coef: 0.33771795901601653
Train loss (one batch): 10936.478515625
Train CE loss (one batch): 0.0
Test MSE: 0.0251
Poisson likelihood: 0.0
CE loss: 0.0
Experiment 77827
Epoch 0052 [Test seq (cond on sampled tp)] | Loss 12475.076172 | Likelihood -12480.504883 | KL fp 4.8776 | FP STD 0.0146|
KL coef: 0.3443407794258564
Train loss (one batch): 10813.623046875
Train CE loss (one batch): 0.0
Test MSE: 0.0250
Poisson likelihood: 0.0
CE loss: 0.0
Experiment 77827
Epoch 0053 [Test seq (cond on sampled tp)] | Loss 12445.730469 | Likelihood -12454.187500 | KL fp 4.6763 | FP STD 0.0171|
KL coef: 0.35089737163159784
Train loss (one batch): 10767.23046875
Train CE loss (one batch): 0.0
Test MSE: 0.0249
Poisson likelihood: 0.0
CE loss: 0.0
Experiment 77827
Epoch 0054 [Test seq (cond on sampled tp)] | Loss 12375.358398 | Likelihood -12387.557617 | KL fp 4.8633 | FP STD 0.0151|
KL coef: 0.3573883979152819
Train loss (one batch): 10733.8369140625
Train CE loss (one batch): 0.0
Test MSE: 0.0248
Poisson likelihood: 0.0
CE loss: 0.0
Experiment 77827
Epoch 0055 [Test seq (cond on sampled tp)] | Loss 12336.791016 | Likelihood -12339.225586 | KL fp 4.9152 | FP STD 0.0138|
KL coef: 0.36381451393612907
Train loss (one batch): 10716.6279296875
Train CE loss (one batch): 0.0
Test MSE: 0.0247
Poisson likelihood: 0.0
CE loss: 0.0
Experiment 77827
Epoch 0056 [Test seq (cond on sampled tp)] | Loss 12323.240234 | Likelihood -12323.383789 | KL fp 4.6673 | FP STD 0.0170|
KL coef: 0.37017636879676774
Train loss (one batch): 10624.82421875
Train CE loss (one batch): 0.0
Test MSE: 0.0247
Poisson likelihood: 0.0
CE loss: 0.0
Experiment 77827
Epoch 0057 [Test seq (cond on sampled tp)] | Loss 12270.572266 | Likelihood -12278.557617 | KL fp 4.8007 | FP STD 0.0156|
KL coef: 0.37647460510880004
Train loss (one batch): 10578.71484375
Train CE loss (one batch): 0.0
Test MSE: 0.0246
Poisson likelihood: 0.0
CE loss: 0.0
Experiment 77827
Epoch 0058 [Test seq (cond on sampled tp)] | Loss 12214.849609 | Likelihood -12233.901367 | KL fp 4.8849 | FP STD 0.0163|
KL coef: 0.38270985905771204
Train loss (one batch): 10580.33984375
Train CE loss (one batch): 0.0
Test MSE: 0.0245
Poisson likelihood: 0.0
CE loss: 0.0
Experiment 77827
Epoch 0059 [Test seq (cond on sampled tp)] | Loss 12154.070312 | Likelihood -12162.936523 | KL fp 4.8753 | FP STD 0.0142|
KL coef: 0.388882760467135
Train loss (one batch): 10502.517578125
Train CE loss (one batch): 0.0
Test MSE: 0.0243
Poisson likelihood: 0.0
CE loss: 0.0
Experiment 77827
Epoch 0060 [Test seq (cond on sampled tp)] | Loss 12136.025391 | Likelihood -12143.811523 | KL fp 4.9902 | FP STD 0.0136|
KL coef: 0.39499393286246365
Train loss (one batch): 10516.8330078125
Train CE loss (one batch): 0.0
Test MSE: 0.0243
Poisson likelihood: 0.0
CE loss: 0.0
Experiment 77827
Epoch 0061 [Test seq (cond on sampled tp)] | Loss 12105.403320 | Likelihood -12109.864258 | KL fp 4.8254 | FP STD 0.0151|
KL coef: 0.401043993533839
Train loss (one batch): 10436.265625
Train CE loss (one batch): 0.0
Test MSE: 0.0242
Poisson likelihood: 0.0
CE loss: 0.0
Experiment 77827
Epoch 0062 [Test seq (cond on sampled tp)] | Loss 12070.611328 | Likelihood -12077.004883 | KL fp 4.9123 | FP STD 0.0143|
KL coef: 0.4070335535985006
Train loss (one batch): 10408.45703125
Train CE loss (one batch): 0.0
Test MSE: 0.0242
Poisson likelihood: 0.0
CE loss: 0.0
Experiment 77827
Epoch 0063 [Test seq (cond on sampled tp)] | Loss 12018.208008 | Likelihood -12033.707031 | KL fp 4.7317 | FP STD 0.0170|
KL coef: 0.41296321806251557
Train loss (one batch): 10339.806640625
Train CE loss (one batch): 0.0
Test MSE: 0.0241
Poisson likelihood: 0.0
CE loss: 0.0
Experiment 77827
Epoch 0064 [Test seq (cond on sampled tp)] | Loss 12013.940430 | Likelihood -12015.714844 | KL fp 4.7047 | FP STD 0.0169|
KL coef: 0.41883358588189046
Train loss (one batch): 10323.9384765625
Train CE loss (one batch): 0.0
Test MSE: 0.0240
Poisson likelihood: 0.0
CE loss: 0.0
Experiment 77827
Epoch 0065 [Test seq (cond on sampled tp)] | Loss 11938.086914 | Likelihood -11937.410156 | KL fp 5.0409 | FP STD 0.0129|
KL coef: 0.4246452500230715
Train loss (one batch): 10268.6220703125
Train CE loss (one batch): 0.0
Test MSE: 0.0239
Poisson likelihood: 0.0
CE loss: 0.0
Experiment 77827
Epoch 0066 [Test seq (cond on sampled tp)] | Loss 11852.814453 | Likelihood -11873.276367 | KL fp 5.1248 | FP STD 0.0121|
KL coef: 0.4303987975228408
Train loss (one batch): 10206.75
Train CE loss (one batch): 0.0
Test MSE: 0.0238
Poisson likelihood: 0.0
CE loss: 0.0
Experiment 77827
Epoch 0067 [Test seq (cond on sampled tp)] | Loss 11843.394531 | Likelihood -11865.808594 | KL fp 4.8193 | FP STD 0.0161|
KL coef: 0.4360948095476125
Train loss (one batch): 10150.2880859375
Train CE loss (one batch): 0.0
Test MSE: 0.0237
Poisson likelihood: 0.0
CE loss: 0.0
Experiment 77827
Epoch 0068 [Test seq (cond on sampled tp)] | Loss 11777.355469 | Likelihood -11802.824219 | KL fp 4.7479 | FP STD 0.0167|
KL coef: 0.44173386145213633
Train loss (one batch): 10087.181640625
Train CE loss (one batch): 0.0
Test MSE: 0.0236
Poisson likelihood: 0.0
CE loss: 0.0
Experiment 77827
Epoch 0069 [Test seq (cond on sampled tp)] | Loss 11755.932617 | Likelihood -11757.487305 | KL fp 4.9277 | FP STD 0.0141|
KL coef: 0.4473165228376149
Train loss (one batch): 10053.259765625
Train CE loss (one batch): 0.0
Test MSE: 0.0235
Poisson likelihood: 0.0
CE loss: 0.0
Experiment 77827
Epoch 0070 [Test seq (cond on sampled tp)] | Loss 11684.058594 | Likelihood -11697.078125 | KL fp 4.8603 | FP STD 0.0152|
KL coef: 0.4528433576092388
Train loss (one batch): 9993.9052734375
Train CE loss (one batch): 0.0
Test MSE: 0.0234
Poisson likelihood: 0.0
CE loss: 0.0
Experiment 77827
Epoch 0071 [Test seq (cond on sampled tp)] | Loss 11657.679688 | Likelihood -11666.333008 | KL fp 4.8620 | FP STD 0.0162|
KL coef: 0.45831492403314644
Train loss (one batch): 9965.7822265625
Train CE loss (one batch): 0.0
Test MSE: 0.0233
Poisson likelihood: 0.0
CE loss: 0.0
Experiment 77827
Epoch 0072 [Test seq (cond on sampled tp)] | Loss 11599.912109 | Likelihood -11606.281250 | KL fp 4.8285 | FP STD 0.0159|
KL coef: 0.463731774792815
Train loss (one batch): 9926.091796875
Train CE loss (one batch): 0.0
Test MSE: 0.0232
Poisson likelihood: 0.0
CE loss: 0.0
Experiment 77827
Epoch 0073 [Test seq (cond on sampled tp)] | Loss 11537.403320 | Likelihood -11552.424805 | KL fp 4.7743 | FP STD 0.0162|
KL coef: 0.46909445704488684
Train loss (one batch): 9853.6455078125
Train CE loss (one batch): 0.0
Test MSE: 0.0231
Poisson likelihood: 0.0
CE loss: 0.0
Experiment 77827
Epoch 0074 [Test seq (cond on sampled tp)] | Loss 11450.870117 | Likelihood -11460.059570 | KL fp 5.0143 | FP STD 0.0134|
KL coef: 0.474403512474438
Train loss (one batch): 9790.0888671875
Train CE loss (one batch): 0.0
Test MSE: 0.0229
Poisson likelihood: 0.0
CE loss: 0.0
Experiment 77827
Epoch 0075 [Test seq (cond on sampled tp)] | Loss 11410.345703 | Likelihood -11423.463867 | KL fp 4.8700 | FP STD 0.0157|
KL coef: 0.4796594773496936
Train loss (one batch): 9683.810546875
Train CE loss (one batch): 0.0
Test MSE: 0.0229
Poisson likelihood: 0.0
CE loss: 0.0
Experiment 77827
Epoch 0076 [Test seq (cond on sampled tp)] | Loss 11312.821289 | Likelihood -11312.823242 | KL fp 5.0530 | FP STD 0.0130|
KL coef: 0.4848628825761967
Train loss (one batch): 9628.640625
Train CE loss (one batch): 0.0
Test MSE: 0.0226
Poisson likelihood: 0.0
CE loss: 0.0
Experiment 77827
Epoch 0077 [Test seq (cond on sampled tp)] | Loss 11279.047852 | Likelihood -11284.312500 | KL fp 4.8909 | FP STD 0.0156|
KL coef: 0.4900142537504347
Train loss (one batch): 9590.51953125
Train CE loss (one batch): 0.0
Test MSE: 0.0226
Poisson likelihood: 0.0
CE loss: 0.0
Experiment 77827
Epoch 0078 [Test seq (cond on sampled tp)] | Loss 11212.993164 | Likelihood -11222.109375 | KL fp 4.9145 | FP STD 0.0152|
KL coef: 0.49511411121293036
Train loss (one batch): 9470.55859375
Train CE loss (one batch): 0.0
Test MSE: 0.0225
Poisson likelihood: 0.0
CE loss: 0.0
Experiment 77827
Epoch 0079 [Test seq (cond on sampled tp)] | Loss 11150.750977 | Likelihood -11150.746094 | KL fp 4.7688 | FP STD 0.0172|
KL coef: 0.500162970100801
Train loss (one batch): 9410.8388671875
Train CE loss (one batch): 0.0
Test MSE: 0.0223
Poisson likelihood: 0.0
CE loss: 0.0
Experiment 77827
Epoch 0080 [Test seq (cond on sampled tp)] | Loss 11038.946289 | Likelihood -11059.049805 | KL fp 5.1782 | FP STD 0.0122|
KL coef: 0.505161340399793
Train loss (one batch): 9267.9111328125
Train CE loss (one batch): 0.0
Test MSE: 0.0221
Poisson likelihood: 0.0
CE loss: 0.0
Experiment 77827
Epoch 0081 [Test seq (cond on sampled tp)] | Loss 10986.625000 | Likelihood -10995.614258 | KL fp 4.8248 | FP STD 0.0169|
KL coef: 0.510109726995795
Train loss (one batch): 9239.34375
Train CE loss (one batch): 0.0
Test MSE: 0.0220
Poisson likelihood: 0.0
CE loss: 0.0
Experiment 77827
Epoch 0082 [Test seq (cond on sampled tp)] | Loss 10908.870117 | Likelihood -10913.092773 | KL fp 4.8912 | FP STD 0.0149|
KL coef: 0.5150086297258372
Train loss (one batch): 9140.822265625
Train CE loss (one batch): 0.0
Test MSE: 0.0218
Poisson likelihood: 0.0
CE loss: 0.0
Experiment 77827
Epoch 0083 [Test seq (cond on sampled tp)] | Loss 10802.656250 | Likelihood -10814.988281 | KL fp 4.8421 | FP STD 0.0157|
KL coef: 0.5198585434285787
Train loss (one batch): 9058.033203125
Train CE loss (one batch): 0.0
Test MSE: 0.0216
Poisson likelihood: 0.0
CE loss: 0.0
Experiment 77827
Epoch 0084 [Test seq (cond on sampled tp)] | Loss 10716.158203 | Likelihood -10718.995117 | KL fp 4.9379 | FP STD 0.0143|
KL coef: 0.524659957994293
Train loss (one batch): 8939.251953125
Train CE loss (one batch): 0.0
Test MSE: 0.0214
Poisson likelihood: 0.0
CE loss: 0.0
Experiment 77827
Epoch 0085 [Test seq (cond on sampled tp)] | Loss 10649.942383 | Likelihood -10652.356445 | KL fp 4.8642 | FP STD 0.0152|
KL coef: 0.5294133584143501
Train loss (one batch): 8873.837890625
Train CE loss (one batch): 0.0
Test MSE: 0.0213
Poisson likelihood: 0.0
CE loss: 0.0
Experiment 77827
Epoch 0086 [Test seq (cond on sampled tp)] | Loss 10562.806641 | Likelihood -10575.221680 | KL fp 4.9395 | FP STD 0.0141|
KL coef: 0.5341192248302067
Train loss (one batch): 8766.9501953125
Train CE loss (one batch): 0.0
Test MSE: 0.0212
Poisson likelihood: 0.0
CE loss: 0.0
Experiment 77827
Epoch 0087 [Test seq (cond on sampled tp)] | Loss 10474.183594 | Likelihood -10491.814453 | KL fp 4.9624 | FP STD 0.0137|
KL coef: 0.5387780325819045
Train loss (one batch): 8688.2587890625
Train CE loss (one batch): 0.0
Test MSE: 0.0210
Poisson likelihood: 0.0
CE loss: 0.0
Experiment 77827
Epoch 0088 [Test seq (cond on sampled tp)] | Loss 10400.209961 | Likelihood -10403.088867 | KL fp 4.8976 | FP STD 0.0150|
KL coef: 0.5433902522560855
Train loss (one batch): 8596.78515625
Train CE loss (one batch): 0.0
Test MSE: 0.0208
Poisson likelihood: 0.0
CE loss: 0.0
Experiment 77827
Epoch 0089 [Test seq (cond on sampled tp)] | Loss 10334.602539 | Likelihood -10334.644531 | KL fp 4.9567 | FP STD 0.0143|
KL coef: 0.5479563497335247
Train loss (one batch): 8520.7900390625
Train CE loss (one batch): 0.0
Test MSE: 0.0207
Poisson likelihood: 0.0
CE loss: 0.0
Experiment 77827
Epoch 0090 [Test seq (cond on sampled tp)] | Loss 10244.923828 | Likelihood -10275.379883 | KL fp 4.7190 | FP STD 0.0192|
KL coef: 0.5524767862361895
Train loss (one batch): 8507.916015625
Train CE loss (one batch): 0.0
Test MSE: 0.0206
Poisson likelihood: 0.0
CE loss: 0.0
Experiment 77827
Epoch 0091 [Test seq (cond on sampled tp)] | Loss 10190.112305 | Likelihood -10215.352539 | KL fp 4.8721 | FP STD 0.0181|
KL coef: 0.5569520183738275
Train loss (one batch): 8423.82421875
Train CE loss (one batch): 0.0
Test MSE: 0.0204
Poisson likelihood: 0.0
CE loss: 0.0
Experiment 77827
Epoch 0092 [Test seq (cond on sampled tp)] | Loss 10106.711914 | Likelihood -10109.321289 | KL fp 4.8680 | FP STD 0.0161|
KL coef: 0.5613824981900892
Train loss (one batch): 8327.9345703125
Train CE loss (one batch): 0.0
Test MSE: 0.0202
Poisson likelihood: 0.0
CE loss: 0.0
Experiment 77827
Epoch 0093 [Test seq (cond on sampled tp)] | Loss 10042.578125 | Likelihood -10042.442383 | KL fp 4.8144 | FP STD 0.0160|
KL coef: 0.5657686732081884
Train loss (one batch): 8293.77734375
Train CE loss (one batch): 0.0
Test MSE: 0.0201
Poisson likelihood: 0.0
CE loss: 0.0
Experiment 77827
Epoch 0094 [Test seq (cond on sampled tp)] | Loss 9899.532227 | Likelihood -9923.621094 | KL fp 4.8044 | FP STD 0.0155|
KL coef: 0.5701109864761065
Train loss (one batch): 8226.4912109375
Train CE loss (one batch): 0.0
Test MSE: 0.0199
Poisson likelihood: 0.0
CE loss: 0.0
Experiment 77827
Epoch 0095 [Test seq (cond on sampled tp)] | Loss 9868.853516 | Likelihood -9868.187500 | KL fp 4.8869 | FP STD 0.0149|
KL coef: 0.5744098766113455
Train loss (one batch): 8130.88134765625
Train CE loss (one batch): 0.0
Test MSE: 0.0197
Poisson likelihood: 0.0
CE loss: 0.0
Experiment 77827
Epoch 0096 [Test seq (cond on sampled tp)] | Loss 9763.349609 | Likelihood -9770.662109 | KL fp 4.9287 | FP STD 0.0142|
KL coef: 0.578665777845232
Train loss (one batch): 8104.23193359375
Train CE loss (one batch): 0.0
Test MSE: 0.0196
Poisson likelihood: 0.0
CE loss: 0.0
Experiment 77827
Epoch 0097 [Test seq (cond on sampled tp)] | Loss 9712.799805 | Likelihood -9729.676758 | KL fp 4.6362 | FP STD 0.0187|
KL coef: 0.5828791200667797
Train loss (one batch): 8044.62353515625
Train CE loss (one batch): 0.0
Test MSE: 0.0195
Poisson likelihood: 0.0
CE loss: 0.0
Experiment 77827
Epoch 0098 [Test seq (cond on sampled tp)] | Loss 9617.288086 | Likelihood -9627.385742 | KL fp 4.7013 | FP STD 0.0195|
KL coef: 0.5870503288661119
Train loss (one batch): 7982.3935546875
Train CE loss (one batch): 0.0
Test MSE: 0.0193
Poisson likelihood: 0.0
CE loss: 0.0
Experiment 77827
Epoch 0099 [Test seq (cond on sampled tp)] | Loss 9484.558594 | Likelihood -9488.237305 | KL fp 4.8121 | FP STD 0.0164|
KL coef: 0.5911798255774507
Train loss (one batch): 7830.30029296875
Train CE loss (one batch): 0.0
Test MSE: 0.0190
Poisson likelihood: 0.0
CE loss: 0.0
Experiment 77827
Epoch 0100 [Test seq (cond on sampled tp)] | Loss 9370.311523 | Likelihood -9370.673828 | KL fp 4.9326 | FP STD 0.0144|
KL coef: 0.5952680273216762
Train loss (one batch): 7724.3623046875
Train CE loss (one batch): 0.0
Test MSE: 0.0188
Poisson likelihood: 0.0
CE loss: 0.0
Experiment 77827
Epoch 0101 [Test seq (cond on sampled tp)] | Loss 9274.422852 | Likelihood -9292.731445 | KL fp 4.7368 | FP STD 0.0168|
KL coef: 0.5993153470484595
Train loss (one batch): 7658.56005859375
Train CE loss (one batch): 0.0
Test MSE: 0.0186
Poisson likelihood: 0.0
CE loss: 0.0
Experiment 77827
Epoch 0102 [Test seq (cond on sampled tp)] | Loss 9145.383789 | Likelihood -9157.256836 | KL fp 4.8563 | FP STD 0.0152|
KL coef: 0.6033221935779749
Train loss (one batch): 7597.939453125
Train CE loss (one batch): 0.0
Test MSE: 0.0183
Poisson likelihood: 0.0
CE loss: 0.0
Experiment 77827
Epoch 0103 [Test seq (cond on sampled tp)] | Loss 9005.573242 | Likelihood -9029.153320 | KL fp 4.8999 | FP STD 0.0148|
KL coef: 0.6072889716421952
Train loss (one batch): 7405.916015625
Train CE loss (one batch): 0.0
Test MSE: 0.0181
Poisson likelihood: 0.0
CE loss: 0.0
Experiment 77827
Epoch 0104 [Test seq (cond on sampled tp)] | Loss 8908.857422 | Likelihood -8910.683594 | KL fp 4.8405 | FP STD 0.0156|
KL coef: 0.6112160819257733
Train loss (one batch): 7245.97119140625
Train CE loss (one batch): 0.0
Test MSE: 0.0178
Poisson likelihood: 0.0
CE loss: 0.0
Experiment 77827
Epoch 0105 [Test seq (cond on sampled tp)] | Loss 8797.001953 | Likelihood -8800.442383 | KL fp 4.8506 | FP STD 0.0154|
KL coef: 0.6151039211065155
Train loss (one batch): 7153.16259765625
Train CE loss (one batch): 0.0
Test MSE: 0.0176
Poisson likelihood: 0.0
CE loss: 0.0
Experiment 77827
Epoch 0106 [Test seq (cond on sampled tp)] | Loss 8669.350586 | Likelihood -8693.395508 | KL fp 4.7571 | FP STD 0.0170|
KL coef: 0.6189528818954504
Train loss (one batch): 7030.1044921875
Train CE loss (one batch): 0.0
Test MSE: 0.0174
Poisson likelihood: 0.0
CE loss: 0.0
Experiment 77827
Epoch 0107 [Test seq (cond on sampled tp)] | Loss 8577.561523 | Likelihood -8580.301758 | KL fp 4.8561 | FP STD 0.0153|
KL coef: 0.6227633530764958
Train loss (one batch): 6922.31103515625
Train CE loss (one batch): 0.0
Test MSE: 0.0172
Poisson likelihood: 0.0
CE loss: 0.0
Experiment 77827
Epoch 0108 [Test seq (cond on sampled tp)] | Loss 8445.194336 | Likelihood -8450.690430 | KL fp 4.8144 | FP STD 0.0158|
KL coef: 0.6265357195457308
Train loss (one batch): 6797.54736328125
Train CE loss (one batch): 0.0
Test MSE: 0.0169
Poisson likelihood: 0.0
CE loss: 0.0
Experiment 77827
Epoch 0109 [Test seq (cond on sampled tp)] | Loss 8331.972656 | Likelihood -8333.551758 | KL fp 4.8629 | FP STD 0.0152|
KL coef: 0.6302703623502736
Train loss (one batch): 6722.755859375
Train CE loss (one batch): 0.0
Test MSE: 0.0167
Poisson likelihood: 0.0
CE loss: 0.0
Experiment 77827
Epoch 0110 [Test seq (cond on sampled tp)] | Loss 8233.504883 | Likelihood -8240.223633 | KL fp 4.9003 | FP STD 0.0149|
KL coef: 0.6339676587267709
Train loss (one batch): 6578.68505859375
Train CE loss (one batch): 0.0
Test MSE: 0.0165
Poisson likelihood: 0.0
CE loss: 0.0
Experiment 77827
Epoch 0111 [Test seq (cond on sampled tp)] | Loss 8120.541992 | Likelihood -8139.756348 | KL fp 4.8550 | FP STD 0.0156|
KL coef: 0.6376279821395031
Train loss (one batch): 6481.36279296875
Train CE loss (one batch): 0.0
Test MSE: 0.0163
Poisson likelihood: 0.0
CE loss: 0.0
Experiment 77827
Epoch 0112 [Test seq (cond on sampled tp)] | Loss 8031.380371 | Likelihood -8040.152344 | KL fp 4.9454 | FP STD 0.0148|
KL coef: 0.6412517023181081
Train loss (one batch): 6404.80517578125
Train CE loss (one batch): 0.0
Test MSE: 0.0161
Poisson likelihood: 0.0
CE loss: 0.0
Experiment 77827
Epoch 0113 [Test seq (cond on sampled tp)] | Loss 7946.797363 | Likelihood -7947.996094 | KL fp 4.8764 | FP STD 0.0150|
KL coef: 0.644839185294927
Train loss (one batch): 6334.40478515625
Train CE loss (one batch): 0.0
Test MSE: 0.0159
Poisson likelihood: 0.0
CE loss: 0.0
Experiment 77827
Epoch 0114 [Test seq (cond on sampled tp)] | Loss 7861.127441 | Likelihood -7868.528809 | KL fp 4.9325 | FP STD 0.0146|
KL coef: 0.6483907934419777
Train loss (one batch): 6223.57275390625
Train CE loss (one batch): 0.0
Test MSE: 0.0157
Poisson likelihood: 0.0
CE loss: 0.0
Experiment 77827
Epoch 0115 [Test seq (cond on sampled tp)] | Loss 7769.571289 | Likelihood -7777.207520 | KL fp 4.9435 | FP STD 0.0148|
KL coef: 0.651906885507558
Train loss (one batch): 6182.9873046875
Train CE loss (one batch): 0.0
Test MSE: 0.0156
Poisson likelihood: 0.0
CE loss: 0.0
Experiment 77827
Epoch 0116 [Test seq (cond on sampled tp)] | Loss 7683.875977 | Likelihood -7691.156250 | KL fp 4.9866 | FP STD 0.0141|
KL coef: 0.6553878166524825
Train loss (one batch): 6044.79150390625
Train CE loss (one batch): 0.0
Test MSE: 0.0154
Poisson likelihood: 0.0
CE loss: 0.0
Experiment 77827
Epoch 0117 [Test seq (cond on sampled tp)] | Loss 7612.292969 | Likelihood -7614.754395 | KL fp 4.9944 | FP STD 0.0140|
KL coef: 0.6588339384859576
Train loss (one batch): 5997.9658203125
Train CE loss (one batch): 0.0
Test MSE: 0.0152
Poisson likelihood: 0.0
CE loss: 0.0
Experiment 77827
Epoch 0118 [Test seq (cond on sampled tp)] | Loss 7528.107910 | Likelihood -7545.351074 | KL fp 5.1070 | FP STD 0.0131|
KL coef: 0.662245599101098
Train loss (one batch): 5913.3662109375
Train CE loss (one batch): 0.0
Test MSE: 0.0151
Poisson likelihood: 0.0
CE loss: 0.0
Experiment 77827
Epoch 0119 [Test seq (cond on sampled tp)] | Loss 7465.694336 | Likelihood -7477.932129 | KL fp 5.1068 | FP STD 0.0129|
KL coef: 0.665623143110087
Train loss (one batch): 5840.78564453125
Train CE loss (one batch): 0.0
Test MSE: 0.0150
Poisson likelihood: 0.0
CE loss: 0.0
Experiment 77827
Epoch 0120 [Test seq (cond on sampled tp)] | Loss 7409.161621 | Likelihood -7420.755859 | KL fp 5.0163 | FP STD 0.0135|
KL coef: 0.6689669116789861
Train loss (one batch): 5751.61865234375
Train CE loss (one batch): 0.0
Test MSE: 0.0149
Poisson likelihood: 0.0
CE loss: 0.0
Experiment 77827
Epoch 0121 [Test seq (cond on sampled tp)] | Loss 7354.527344 | Likelihood -7355.115723 | KL fp 5.0866 | FP STD 0.0130|
KL coef: 0.6722772425621963
Train loss (one batch): 5699.44482421875
Train CE loss (one batch): 0.0
Test MSE: 0.0147
Poisson likelihood: 0.0
CE loss: 0.0
Experiment 77827
Epoch 0122 [Test seq (cond on sampled tp)] | Loss 7298.583496 | Likelihood -7308.558105 | KL fp 5.0673 | FP STD 0.0133|
KL coef: 0.6755544701365743
Train loss (one batch): 5637.384765625
Train CE loss (one batch): 0.0
Test MSE: 0.0146
Poisson likelihood: 0.0
CE loss: 0.0
Experiment 77827
Epoch 0123 [Test seq (cond on sampled tp)] | Loss 7247.530273 | Likelihood -7247.631348 | KL fp 4.9897 | FP STD 0.0140|
KL coef: 0.6787989254352086
Train loss (one batch): 5591.98876953125
Train CE loss (one batch): 0.0
Test MSE: 0.0145
Poisson likelihood: 0.0
CE loss: 0.0
Experiment 77827
Epoch 0124 [Test seq (cond on sampled tp)] | Loss 7208.309570 | Likelihood -7211.289551 | KL fp 5.0412 | FP STD 0.0131|
KL coef: 0.6820109361808565
Train loss (one batch): 5528.75341796875
Train CE loss (one batch): 0.0
Test MSE: 0.0144
Poisson likelihood: 0.0
CE loss: 0.0
Experiment 77827
Epoch 0125 [Test seq (cond on sampled tp)] | Loss 7157.449707 | Likelihood -7158.179199 | KL fp 5.1165 | FP STD 0.0124|
KL coef: 0.685190826819048
Train loss (one batch): 5489.93798828125
Train CE loss (one batch): 0.0
Test MSE: 0.0143
Poisson likelihood: 0.0
CE loss: 0.0
Experiment 77827
Epoch 0126 [Test seq (cond on sampled tp)] | Loss 7118.721191 | Likelihood -7132.896973 | KL fp 5.1900 | FP STD 0.0118|
KL coef: 0.6883389185508575
Train loss (one batch): 5449.71044921875
Train CE loss (one batch): 0.0
Test MSE: 0.0143
Poisson likelihood: 0.0
CE loss: 0.0
Experiment 77827
Epoch 0127 [Test seq (cond on sampled tp)] | Loss 7105.912598 | Likelihood -7106.154297 | KL fp 5.0993 | FP STD 0.0127|
KL coef: 0.6914555293653489
Train loss (one batch): 5426.05517578125
Train CE loss (one batch): 0.0
Test MSE: 0.0142
Poisson likelihood: 0.0
CE loss: 0.0
Experiment 77827
Epoch 0128 [Test seq (cond on sampled tp)] | Loss 7048.069824 | Likelihood -7049.622559 | KL fp 5.1235 | FP STD 0.0122|
KL coef: 0.6945409740716955
Train loss (one batch): 5347.00048828125
Train CE loss (one batch): 0.0
Test MSE: 0.0141
Poisson likelihood: 0.0
CE loss: 0.0
Experiment 77827
Epoch 0129 [Test seq (cond on sampled tp)] | Loss 7018.499512 | Likelihood -7024.082520 | KL fp 5.2275 | FP STD 0.0113|
KL coef: 0.6975955643309785
Train loss (one batch): 5350.58837890625
Train CE loss (one batch): 0.0
Test MSE: 0.0141
Poisson likelihood: 0.0
CE loss: 0.0
Experiment 77827
Epoch 0130 [Test seq (cond on sampled tp)] | Loss 6979.256348 | Likelihood -6985.622559 | KL fp 5.2431 | FP STD 0.0111|
KL coef: 0.7006196086876687
Train loss (one batch): 5294.64208984375
Train CE loss (one batch): 0.0
Test MSE: 0.0140
Poisson likelihood: 0.0
CE loss: 0.0
Experiment 77827
Epoch 0131 [Test seq (cond on sampled tp)] | Loss 6960.536133 | Likelihood -6963.835449 | KL fp 5.1711 | FP STD 0.0117|
KL coef: 0.703613412600792
Train loss (one batch): 5280.642578125
Train CE loss (one batch): 0.0
Test MSE: 0.0139
Poisson likelihood: 0.0
CE loss: 0.0
Experiment 77827
Epoch 0132 [Test seq (cond on sampled tp)] | Loss 6918.310547 | Likelihood -6921.271484 | KL fp 5.2298 | FP STD 0.0111|
KL coef: 0.7065772784747841
Train loss (one batch): 5227.18603515625
Train CE loss (one batch): 0.0
Test MSE: 0.0139
Poisson likelihood: 0.0
CE loss: 0.0
Experiment 77827
Epoch 0133 [Test seq (cond on sampled tp)] | Loss 6897.472168 | Likelihood -6905.457520 | KL fp 5.2712 | FP STD 0.0109|
KL coef: 0.7095115056900363
Train loss (one batch): 5199.29150390625
Train CE loss (one batch): 0.0
Test MSE: 0.0138
Poisson likelihood: 0.0
CE loss: 0.0
Experiment 77827
Epoch 0134 [Test seq (cond on sampled tp)] | Loss 6892.233398 | Likelihood -6891.875488 | KL fp 5.2657 | FP STD 0.0111|
KL coef: 0.7124163906331359
Train loss (one batch): 5175.7666015625
Train CE loss (one batch): 0.0
Test MSE: 0.0138
Poisson likelihood: 0.0
CE loss: 0.0
Experiment 77827
Epoch 0135 [Test seq (cond on sampled tp)] | Loss 6856.375000 | Likelihood -6857.720215 | KL fp 5.2810 | FP STD 0.0107|
KL coef: 0.7152922267268045
Train loss (one batch): 5124.826171875
Train CE loss (one batch): 0.0
Test MSE: 0.0137
Poisson likelihood: 0.0
CE loss: 0.0
Experiment 77827
Epoch 0136 [Test seq (cond on sampled tp)] | Loss 6834.180176 | Likelihood -6839.282715 | KL fp 5.2888 | FP STD 0.0105|
KL coef: 0.7181393044595366
Train loss (one batch): 5130.8056640625
Train CE loss (one batch): 0.0
Test MSE: 0.0137
Poisson likelihood: 0.0
CE loss: 0.0
Experiment 77827
Epoch 0137 [Test seq (cond on sampled tp)] | Loss 6802.585938 | Likelihood -6806.118652 | KL fp 5.2907 | FP STD 0.0104|
KL coef: 0.7209579114149411
Train loss (one batch): 5099.35205078125
Train CE loss (one batch): 0.0
Test MSE: 0.0136
Poisson likelihood: 0.0
CE loss: 0.0
Experiment 77827
Epoch 0138 [Test seq (cond on sampled tp)] | Loss 6788.259766 | Likelihood -6789.324707 | KL fp 5.2291 | FP STD 0.0107|
KL coef: 0.7237483323007917
Train loss (one batch): 5081.23779296875
Train CE loss (one batch): 0.0
Test MSE: 0.0136
Poisson likelihood: 0.0
CE loss: 0.0
Experiment 77827
Epoch 0139 [Test seq (cond on sampled tp)] | Loss 6765.015137 | Likelihood -6767.099121 | KL fp 5.2970 | FP STD 0.0102|
KL coef: 0.7265108489777838
Train loss (one batch): 5045.7509765625
Train CE loss (one batch): 0.0
Test MSE: 0.0135
Poisson likelihood: 0.0
CE loss: 0.0
Experiment 77827
Epoch 0140 [Test seq (cond on sampled tp)] | Loss 6740.497559 | Likelihood -6745.637207 | KL fp 5.2917 | FP STD 0.0103|
KL coef: 0.729245740488006
Train loss (one batch): 5036.6953125
Train CE loss (one batch): 0.0
Test MSE: 0.0135
Poisson likelihood: 0.0
CE loss: 0.0
Experiment 77827
Epoch 0141 [Test seq (cond on sampled tp)] | Loss 6720.251465 | Likelihood -6726.406250 | KL fp 5.3092 | FP STD 0.0100|
KL coef: 0.7319532830831259
Train loss (one batch): 5004.025390625
Train CE loss (one batch): 0.0
Test MSE: 0.0135
Poisson likelihood: 0.0
CE loss: 0.0
Experiment 77827
Epoch 0142 [Test seq (cond on sampled tp)] | Loss 6699.697266 | Likelihood -6706.293457 | KL fp 5.3053 | FP STD 0.0102|
KL coef: 0.7346337502522946
Train loss (one batch): 4990.3056640625
Train CE loss (one batch): 0.0
Test MSE: 0.0134
Poisson likelihood: 0.0
CE loss: 0.0
Experiment 77827
Epoch 0143 [Test seq (cond on sampled tp)] | Loss 6745.867676 | Likelihood -6753.236816 | KL fp 5.1430 | FP STD 0.0127|
KL coef: 0.7372874127497717
Train loss (one batch): 5022.02783203125
Train CE loss (one batch): 0.0
Test MSE: 0.0135
Poisson likelihood: 0.0
CE loss: 0.0
Experiment 77827
Epoch 0144 [Test seq (cond on sampled tp)] | Loss 6698.062500 | Likelihood -6699.732422 | KL fp 5.1813 | FP STD 0.0116|
KL coef: 0.739914538622274
Train loss (one batch): 4986.43701171875
Train CE loss (one batch): 0.0
Test MSE: 0.0134
Poisson likelihood: 0.0
CE loss: 0.0
Experiment 77827
Epoch 0145 [Test seq (cond on sampled tp)] | Loss 6651.788574 | Likelihood -6658.960938 | KL fp 5.3157 | FP STD 0.0101|
KL coef: 0.7425153932360513
Train loss (one batch): 4958.3623046875
Train CE loss (one batch): 0.0
Test MSE: 0.0133
Poisson likelihood: 0.0
CE loss: 0.0
Experiment 77827
Epoch 0146 [Test seq (cond on sampled tp)] | Loss 6633.790039 | Likelihood -6636.146484 | KL fp 5.3848 | FP STD 0.0094|
KL coef: 0.7450902393036907
Train loss (one batch): 4929.95947265625
Train CE loss (one batch): 0.0
Test MSE: 0.0133
Poisson likelihood: 0.0
CE loss: 0.0
Experiment 77827
Epoch 0147 [Test seq (cond on sampled tp)] | Loss 6623.066406 | Likelihood -6623.626465 | KL fp 5.3253 | FP STD 0.0098|
KL coef: 0.7476393369106538
Train loss (one batch): 4914.98974609375
Train CE loss (one batch): 0.0
Test MSE: 0.0133
Poisson likelihood: 0.0
CE loss: 0.0
Experiment 77827
Epoch 0148 [Test seq (cond on sampled tp)] | Loss 6617.560059 | Likelihood -6617.002441 | KL fp 5.3930 | FP STD 0.0093|
KL coef: 0.7501629435415473
Train loss (one batch): 4902.41259765625
Train CE loss (one batch): 0.0
Test MSE: 0.0132
Poisson likelihood: 0.0
CE loss: 0.0
Experiment 77827
Epoch 0149 [Test seq (cond on sampled tp)] | Loss 6589.598633 | Likelihood -6589.130371 | KL fp 5.4147 | FP STD 0.0092|
KL coef: 0.7526613141061318
Train loss (one batch): 4888.25390625
Train CE loss (one batch): 0.0
Test MSE: 0.0132
Poisson likelihood: 0.0
CE loss: 0.0
Experiment 77827
Epoch 0150 [Test seq (cond on sampled tp)] | Loss 6574.671875 | Likelihood -6580.525391 | KL fp 5.3412 | FP STD 0.0096|
KL coef: 0.7551347009650705
Train loss (one batch): 4886.02294921875
Train CE loss (one batch): 0.0
Test MSE: 0.0132
Poisson likelihood: 0.0
CE loss: 0.0
Experiment 77827
Epoch 0151 [Test seq (cond on sampled tp)] | Loss 6562.034668 | Likelihood -6572.199707 | KL fp 5.2140 | FP STD 0.0102|
KL coef: 0.7575833539554198
Train loss (one batch): 4865.30712890625
Train CE loss (one batch): 0.0
Test MSE: 0.0132
Poisson likelihood: 0.0
CE loss: 0.0
Experiment 77827
Epoch 0152 [Test seq (cond on sampled tp)] | Loss 6551.477051 | Likelihood -6553.270020 | KL fp 5.4327 | FP STD 0.0088|
KL coef: 0.7600075204158656
Train loss (one batch): 4834.9755859375
Train CE loss (one batch): 0.0
Test MSE: 0.0131
Poisson likelihood: 0.0
CE loss: 0.0
Experiment 77827
Epoch 0153 [Test seq (cond on sampled tp)] | Loss 6538.841309 | Likelihood -6541.127441 | KL fp 5.3787 | FP STD 0.0092|
KL coef: 0.762407445211707
Train loss (one batch): 4854.5771484375
Train CE loss (one batch): 0.0
Test MSE: 0.0131
Poisson likelihood: 0.0
CE loss: 0.0
Experiment 77827
Epoch 0154 [Test seq (cond on sampled tp)] | Loss 6532.500000 | Likelihood -6529.904785 | KL fp 5.3610 | FP STD 0.0094|
KL coef: 0.7647833707595899
Train loss (one batch): 4821.79638671875
Train CE loss (one batch): 0.0
Test MSE: 0.0131
Poisson likelihood: 0.0
CE loss: 0.0
Experiment 77827
Epoch 0155 [Test seq (cond on sampled tp)] | Loss 6520.442871 | Likelihood -6522.046387 | KL fp 5.2560 | FP STD 0.0105|
KL coef: 0.767135537051994
Train loss (one batch): 4815.93896484375
Train CE loss (one batch): 0.0
Test MSE: 0.0131
Poisson likelihood: 0.0
CE loss: 0.0
Experiment 77827
Epoch 0156 [Test seq (cond on sampled tp)] | Loss 6502.328125 | Likelihood -6500.619629 | KL fp 5.3645 | FP STD 0.0096|
KL coef: 0.769464181681474
Train loss (one batch): 4794.8203125
Train CE loss (one batch): 0.0
Test MSE: 0.0130
Poisson likelihood: 0.0
CE loss: 0.0
Experiment 77827
Epoch 0157 [Test seq (cond on sampled tp)] | Loss 6484.283203 | Likelihood -6485.298340 | KL fp 5.4532 | FP STD 0.0090|
KL coef: 0.7717695398646593
Train loss (one batch): 4781.3310546875
Train CE loss (one batch): 0.0
Test MSE: 0.0130
Poisson likelihood: 0.0
CE loss: 0.0
Experiment 77827
Epoch 0158 [Test seq (cond on sampled tp)] | Loss 6482.244629 | Likelihood -6481.076660 | KL fp 5.2798 | FP STD 0.0103|
KL coef: 0.7740518444660127
Train loss (one batch): 4784.60693359375
Train CE loss (one batch): 0.0
Test MSE: 0.0130
Poisson likelihood: 0.0
CE loss: 0.0
Experiment 77827
Epoch 0159 [Test seq (cond on sampled tp)] | Loss 6471.122559 | Likelihood -6469.066895 | KL fp 5.3527 | FP STD 0.0101|
KL coef: 0.7763113260213526
Train loss (one batch): 4769.02880859375
Train CE loss (one batch): 0.0
Test MSE: 0.0130
Poisson likelihood: 0.0
CE loss: 0.0
Experiment 77827
Epoch 0160 [Test seq (cond on sampled tp)] | Loss 6455.822754 | Likelihood -6456.923828 | KL fp 5.3743 | FP STD 0.0099|
KL coef: 0.7785482127611391
Train loss (one batch): 4752.80712890625
Train CE loss (one batch): 0.0
Test MSE: 0.0129
Poisson likelihood: 0.0
CE loss: 0.0
Experiment 77827
Epoch 0161 [Test seq (cond on sampled tp)] | Loss 6441.840820 | Likelihood -6444.000488 | KL fp 5.2863 | FP STD 0.0101|
KL coef: 0.7807627306335276
Train loss (one batch): 4749.53125
Train CE loss (one batch): 0.0
Test MSE: 0.0129
Poisson likelihood: 0.0
CE loss: 0.0
Experiment 77827
Epoch 0162 [Test seq (cond on sampled tp)] | Loss 6431.856934 | Likelihood -6430.945312 | KL fp 5.2885 | FP STD 0.0099|
KL coef: 0.7829551033271924
Train loss (one batch): 4741.71240234375
Train CE loss (one batch): 0.0
Test MSE: 0.0129
Poisson likelihood: 0.0
CE loss: 0.0
Experiment 77827
Epoch 0163 [Test seq (cond on sampled tp)] | Loss 6427.087402 | Likelihood -6426.666504 | KL fp 5.2918 | FP STD 0.0099|
KL coef: 0.7851255522939204
Train loss (one batch): 4732.16259765625
Train CE loss (one batch): 0.0
Test MSE: 0.0129
Poisson likelihood: 0.0
CE loss: 0.0
Experiment 77827
Epoch 0164 [Test seq (cond on sampled tp)] | Loss 6415.311523 | Likelihood -6417.400879 | KL fp 5.1943 | FP STD 0.0105|
KL coef: 0.7872742967709813
Train loss (one batch): 4732.232421875
Train CE loss (one batch): 0.0
Test MSE: 0.0128
Poisson likelihood: 0.0
CE loss: 0.0
Experiment 77827
Epoch 0165 [Test seq (cond on sampled tp)] | Loss 6399.672852 | Likelihood -6398.472168 | KL fp 5.3384 | FP STD 0.0094|
KL coef: 0.7894015538032715
Train loss (one batch): 4705.8330078125
Train CE loss (one batch): 0.0
Test MSE: 0.0128
Poisson likelihood: 0.0
CE loss: 0.0
Experiment 77827
Epoch 0166 [Test seq (cond on sampled tp)] | Loss 6392.352051 | Likelihood -6391.307129 | KL fp 5.4424 | FP STD 0.0086|
KL coef: 0.7915075382652388
Train loss (one batch): 4709.1005859375
Train CE loss (one batch): 0.0
Test MSE: 0.0128
Poisson likelihood: 0.0
CE loss: 0.0
Experiment 77827
Epoch 0167 [Test seq (cond on sampled tp)] | Loss 6375.371582 | Likelihood -6377.195312 | KL fp 5.4251 | FP STD 0.0088|
KL coef: 0.7935924628825863
Train loss (one batch): 4697.66015625
Train CE loss (one batch): 0.0
Test MSE: 0.0128
Poisson likelihood: 0.0
CE loss: 0.0
Experiment 77827
Epoch 0168 [Test seq (cond on sampled tp)] | Loss 6369.845215 | Likelihood -6372.575684 | KL fp 5.3592 | FP STD 0.0092|
KL coef: 0.7956565382537605
Train loss (one batch): 4689.109375
Train CE loss (one batch): 0.0
Test MSE: 0.0128
Poisson likelihood: 0.0
CE loss: 0.0
Experiment 77827
Epoch 0169 [Test seq (cond on sampled tp)] | Loss 6354.646973 | Likelihood -6356.752441 | KL fp 5.4391 | FP STD 0.0085|
KL coef: 0.7976999728712229
Train loss (one batch): 4662.85009765625
Train CE loss (one batch): 0.0
Test MSE: 0.0127
Poisson likelihood: 0.0
CE loss: 0.0
Experiment 77827
Epoch 0170 [Test seq (cond on sampled tp)] | Loss 6344.782715 | Likelihood -6343.607422 | KL fp 5.3767 | FP STD 0.0088|
KL coef: 0.7997229731425107
Train loss (one batch): 4658.22705078125
Train CE loss (one batch): 0.0
Test MSE: 0.0127
Poisson likelihood: 0.0
CE loss: 0.0
Experiment 77827
Epoch 0171 [Test seq (cond on sampled tp)] | Loss 6331.031738 | Likelihood -6332.425781 | KL fp 5.3460 | FP STD 0.0090|
KL coef: 0.8017257434110856
Train loss (one batch): 4657.4814453125
Train CE loss (one batch): 0.0
Test MSE: 0.0127
Poisson likelihood: 0.0
CE loss: 0.0
Experiment 77827
Epoch 0172 [Test seq (cond on sampled tp)] | Loss 6330.601562 | Likelihood -6327.657715 | KL fp 5.4276 | FP STD 0.0084|
KL coef: 0.8037084859769748
Train loss (one batch): 4636.24072265625
Train CE loss (one batch): 0.0
Test MSE: 0.0127
Poisson likelihood: 0.0
CE loss: 0.0
Experiment 77827
Epoch 0173 [Test seq (cond on sampled tp)] | Loss 6309.070312 | Likelihood -6311.020996 | KL fp 5.4341 | FP STD 0.0083|
KL coef: 0.805671401117205
Train loss (one batch): 4632.4365234375
Train CE loss (one batch): 0.0
Test MSE: 0.0126
Poisson likelihood: 0.0
CE loss: 0.0
Experiment 77827
Epoch 0174 [Test seq (cond on sampled tp)] | Loss 6303.458008 | Likelihood -6302.687012 | KL fp 5.4437 | FP STD 0.0083|
KL coef: 0.8076146871060329
Train loss (one batch): 4624.17919921875
Train CE loss (one batch): 0.0
Test MSE: 0.0126
Poisson likelihood: 0.0
CE loss: 0.0
Experiment 77827
Epoch 0175 [Test seq (cond on sampled tp)] | Loss 6299.281250 | Likelihood -6298.524902 | KL fp 5.3986 | FP STD 0.0088|
KL coef: 0.8095385402349726
Train loss (one batch): 4620.958984375
Train CE loss (one batch): 0.0
Test MSE: 0.0126
Poisson likelihood: 0.0
CE loss: 0.0
Experiment 77827
Epoch 0176 [Test seq (cond on sampled tp)] | Loss 6289.865723 | Likelihood -6287.357910 | KL fp 5.4508 | FP STD 0.0082|
KL coef: 0.8114431548326229
Train loss (one batch): 4607.0712890625
Train CE loss (one batch): 0.0
Test MSE: 0.0126
Poisson likelihood: 0.0
CE loss: 0.0
Experiment 77827
Epoch 0177 [Test seq (cond on sampled tp)] | Loss 6275.331543 | Likelihood -6278.509766 | KL fp 5.3488 | FP STD 0.0091|
KL coef: 0.8133287232842966
Train loss (one batch): 4610.2021484375
Train CE loss (one batch): 0.0
Test MSE: 0.0126
Poisson likelihood: 0.0
CE loss: 0.0
Experiment 77827
Epoch 0178 [Test seq (cond on sampled tp)] | Loss 6281.522461 | Likelihood -6279.939941 | KL fp 5.2939 | FP STD 0.0107|
KL coef: 0.8151954360514537
Train loss (one batch): 4601.59619140625
Train CE loss (one batch): 0.0
Test MSE: 0.0126
Poisson likelihood: 0.0
CE loss: 0.0
Experiment 77827
Epoch 0179 [Test seq (cond on sampled tp)] | Loss 6250.637695 | Likelihood -6250.839844 | KL fp 5.4424 | FP STD 0.0093|
KL coef: 0.8170434816909391
Train loss (one batch): 4576.20166015625
Train CE loss (one batch): 0.0
Test MSE: 0.0125
Poisson likelihood: 0.0
CE loss: 0.0
Experiment 77827
Epoch 0180 [Test seq (cond on sampled tp)] | Loss 6249.539062 | Likelihood -6247.132324 | KL fp 5.3784 | FP STD 0.0092|
KL coef: 0.8188730468740297
Train loss (one batch): 4577.84716796875
Train CE loss (one batch): 0.0
Test MSE: 0.0125
Poisson likelihood: 0.0
CE loss: 0.0
Experiment 77827
Epoch 0181 [Test seq (cond on sampled tp)] | Loss 6233.844727 | Likelihood -6238.416504 | KL fp 5.4935 | FP STD 0.0080|
KL coef: 0.8206843164052895
Train loss (one batch): 4558.57080078125
Train CE loss (one batch): 0.0
Test MSE: 0.0125
Poisson likelihood: 0.0
CE loss: 0.0
Experiment 77827
Epoch 0182 [Test seq (cond on sampled tp)] | Loss 6224.730957 | Likelihood -6225.348145 | KL fp 5.4119 | FP STD 0.0084|
KL coef: 0.8224774732412365
Train loss (one batch): 4546.7783203125
Train CE loss (one batch): 0.0
Test MSE: 0.0125
Poisson likelihood: 0.0
CE loss: 0.0
Experiment 77827
Epoch 0183 [Test seq (cond on sampled tp)] | Loss 6208.743652 | Likelihood -6206.886719 | KL fp 5.5447 | FP STD 0.0075|
KL coef: 0.8242526985088242
Train loss (one batch): 4541.15966796875
Train CE loss (one batch): 0.0
Test MSE: 0.0124
Poisson likelihood: 0.0
CE loss: 0.0
Experiment 77827
Epoch 0184 [Test seq (cond on sampled tp)] | Loss 6197.457031 | Likelihood -6200.553223 | KL fp 5.5190 | FP STD 0.0077|
KL coef: 0.826010171523736
Train loss (one batch): 4536.59375
Train CE loss (one batch): 0.0
Test MSE: 0.0124
Poisson likelihood: 0.0
CE loss: 0.0
Experiment 77827
Epoch 0185 [Test seq (cond on sampled tp)] | Loss 6196.599121 | Likelihood -6195.258301 | KL fp 5.5048 | FP STD 0.0078|
KL coef: 0.8277500698084986
Train loss (one batch): 4520.76416015625
Train CE loss (one batch): 0.0
Test MSE: 0.0124
Poisson likelihood: 0.0
CE loss: 0.0
Experiment 77827
Epoch 0186 [Test seq (cond on sampled tp)] | Loss 6183.305176 | Likelihood -6182.464844 | KL fp 5.5125 | FP STD 0.0076|
KL coef: 0.8294725691104137
Train loss (one batch): 4518.69580078125
Train CE loss (one batch): 0.0
Test MSE: 0.0124
Poisson likelihood: 0.0
CE loss: 0.0
Experiment 77827
Epoch 0187 [Test seq (cond on sampled tp)] | Loss 6175.641602 | Likelihood -6175.933594 | KL fp 5.5012 | FP STD 0.0079|
KL coef: 0.8311778434193096
Train loss (one batch): 4496.07568359375
Train CE loss (one batch): 0.0
Test MSE: 0.0124
Poisson likelihood: 0.0
CE loss: 0.0
Experiment 77827
Epoch 0188 [Test seq (cond on sampled tp)] | Loss 6164.879883 | Likelihood -6162.969238 | KL fp 5.5586 | FP STD 0.0076|
KL coef: 0.8328660649851164
Train loss (one batch): 4481.12646484375
Train CE loss (one batch): 0.0
Test MSE: 0.0123
Poisson likelihood: 0.0
CE loss: 0.0
Experiment 77827
Epoch 0189 [Test seq (cond on sampled tp)] | Loss 6153.539551 | Likelihood -6150.877441 | KL fp 5.5053 | FP STD 0.0079|
KL coef: 0.8345374043352652
Train loss (one batch): 4474.52880859375
Train CE loss (one batch): 0.0
Test MSE: 0.0123
Poisson likelihood: 0.0
CE loss: 0.0
Experiment 77827
Epoch 0190 [Test seq (cond on sampled tp)] | Loss 6141.657715 | Likelihood -6143.562012 | KL fp 5.4866 | FP STD 0.0077|
KL coef: 0.8361920302919126
Train loss (one batch): 4469.55908203125
Train CE loss (one batch): 0.0
Test MSE: 0.0123
Poisson likelihood: 0.0
CE loss: 0.0
Experiment 77827
Epoch 0191 [Test seq (cond on sampled tp)] | Loss 6141.914062 | Likelihood -6139.592285 | KL fp 5.5935 | FP STD 0.0073|
KL coef: 0.8378301099889934
Train loss (one batch): 4479.27685546875
Train CE loss (one batch): 0.0
Test MSE: 0.0123
Poisson likelihood: 0.0
CE loss: 0.0
Experiment 77827
Epoch 0192 [Test seq (cond on sampled tp)] | Loss 6118.989258 | Likelihood -6120.355469 | KL fp 5.5755 | FP STD 0.0073|
KL coef: 0.8394518088891035
Train loss (one batch): 4445.90380859375
Train CE loss (one batch): 0.0
Test MSE: 0.0123
Poisson likelihood: 0.0
CE loss: 0.0
Experiment 77827
Epoch 0193 [Test seq (cond on sampled tp)] | Loss 6110.864746 | Likelihood -6109.901855 | KL fp 5.5639 | FP STD 0.0076|
KL coef: 0.8410572908002125
Train loss (one batch): 4446.12548828125
Train CE loss (one batch): 0.0
Test MSE: 0.0122
Poisson likelihood: 0.0
CE loss: 0.0
Experiment 77827
Epoch 0194 [Test seq (cond on sampled tp)] | Loss 6106.340820 | Likelihood -6104.458496 | KL fp 5.4243 | FP STD 0.0085|
KL coef: 0.8426467178922104
Train loss (one batch): 4447.23046875
Train CE loss (one batch): 0.0
Test MSE: 0.0122
Poisson likelihood: 0.0
CE loss: 0.0
Experiment 77827
Epoch 0195 [Test seq (cond on sampled tp)] | Loss 6090.688477 | Likelihood -6087.642090 | KL fp 5.4286 | FP STD 0.0081|
KL coef: 0.8442202507132883
Train loss (one batch): 4423.20703125
Train CE loss (one batch): 0.0
Test MSE: 0.0122
Poisson likelihood: 0.0
CE loss: 0.0
Experiment 77827
Epoch 0196 [Test seq (cond on sampled tp)] | Loss 6078.939941 | Likelihood -6075.628418 | KL fp 5.4952 | FP STD 0.0076|
KL coef: 0.8457780482061554
Train loss (one batch): 4419.7900390625
Train CE loss (one batch): 0.0
Test MSE: 0.0122
Poisson likelihood: 0.0
CE loss: 0.0
Experiment 77827
Epoch 0197 [Test seq (cond on sampled tp)] | Loss 6073.079102 | Likelihood -6076.771973 | KL fp 5.5647 | FP STD 0.0074|
KL coef: 0.8473202677240939
Train loss (one batch): 4411.59716796875
Train CE loss (one batch): 0.0
Test MSE: 0.0122
Poisson likelihood: 0.0
CE loss: 0.0
Experiment 77827
Epoch 0198 [Test seq (cond on sampled tp)] | Loss 6054.853027 | Likelihood -6054.945801 | KL fp 5.5592 | FP STD 0.0074|
KL coef: 0.8488470650468529
Train loss (one batch): 4400.08251953125
Train CE loss (one batch): 0.0
Test MSE: 0.0121
Poisson likelihood: 0.0
CE loss: 0.0
Experiment 77827
Epoch 0199 [Test seq (cond on sampled tp)] | Loss 6041.072754 | Likelihood -6040.805176 | KL fp 5.5246 | FP STD 0.0075|
KL coef: 0.8503585943963844
Train loss (one batch): 4399.1484375
Train CE loss (one batch): 0.0
Test MSE: 0.0121
Poisson likelihood: 0.0
CE loss: 0.0
Experiment 77827
Epoch 0200 [Test seq (cond on sampled tp)] | Loss 6037.191895 | Likelihood -6038.263184 | KL fp 5.3887 | FP STD 0.0086|
KL coef: 0.8518550084524206
Train loss (one batch): 4402.42724609375
Train CE loss (one batch): 0.0
Test MSE: 0.0121
Poisson likelihood: 0.0
CE loss: 0.0
Experiment 77827
Epoch 0201 [Test seq (cond on sampled tp)] | Loss 6037.574219 | Likelihood -6039.526855 | KL fp 5.2317 | FP STD 0.0099|
KL coef: 0.8533364583678963
Train loss (one batch): 4378.259765625
Train CE loss (one batch): 0.0
Test MSE: 0.0121
Poisson likelihood: 0.0
CE loss: 0.0
Experiment 77827
Epoch 0202 [Test seq (cond on sampled tp)] | Loss 6016.276367 | Likelihood -6013.564453 | KL fp 5.4057 | FP STD 0.0085|
KL coef: 0.8548030937842174
Train loss (one batch): 4380.6884765625
Train CE loss (one batch): 0.0
Test MSE: 0.0120
Poisson likelihood: 0.0
CE loss: 0.0
Experiment 77827
Epoch 0203 [Test seq (cond on sampled tp)] | Loss 6000.626953 | Likelihood -5999.022949 | KL fp 5.5098 | FP STD 0.0077|
KL coef: 0.8562550628463752
Train loss (one batch): 4367.97998046875
Train CE loss (one batch): 0.0
Test MSE: 0.0120
Poisson likelihood: 0.0
CE loss: 0.0
Experiment 77827
Epoch 0204 [Test seq (cond on sampled tp)] | Loss 6003.752930 | Likelihood -6002.606934 | KL fp 5.4742 | FP STD 0.0078|
KL coef: 0.8576925122179114
Train loss (one batch): 4353.12060546875
Train CE loss (one batch): 0.0
Test MSE: 0.0120
Poisson likelihood: 0.0
CE loss: 0.0
Experiment 77827
Epoch 0205 [Test seq (cond on sampled tp)] | Loss 5983.643555 | Likelihood -5982.129395 | KL fp 5.5744 | FP STD 0.0072|
KL coef: 0.8591155870957323
Train loss (one batch): 4353.83056640625
Train CE loss (one batch): 0.0
Test MSE: 0.0120
Poisson likelihood: 0.0
CE loss: 0.0
Experiment 77827
Epoch 0206 [Test seq (cond on sampled tp)] | Loss 5972.271973 | Likelihood -5971.025879 | KL fp 5.5579 | FP STD 0.0072|
KL coef: 0.8605244312247751
Train loss (one batch): 4330.083984375
Train CE loss (one batch): 0.0
Test MSE: 0.0120
Poisson likelihood: 0.0
CE loss: 0.0
Experiment 77827
Epoch 0207 [Test seq (cond on sampled tp)] | Loss 5965.344238 | Likelihood -5965.149902 | KL fp 5.5802 | FP STD 0.0073|
KL coef: 0.8619191869125272
Train loss (one batch): 4307.8681640625
Train CE loss (one batch): 0.0
Test MSE: 0.0119
Poisson likelihood: 0.0
CE loss: 0.0
Experiment 77827
Epoch 0208 [Test seq (cond on sampled tp)] | Loss 5940.192383 | Likelihood -5939.467285 | KL fp 5.6068 | FP STD 0.0071|
KL coef: 0.8632999950434019
Train loss (one batch): 4314.5830078125
Train CE loss (one batch): 0.0
Test MSE: 0.0119
Poisson likelihood: 0.0
CE loss: 0.0
Experiment 77827
Epoch 0209 [Test seq (cond on sampled tp)] | Loss 5930.950195 | Likelihood -5930.216797 | KL fp 5.4991 | FP STD 0.0074|
KL coef: 0.864666995092968
Train loss (one batch): 4299.94287109375
Train CE loss (one batch): 0.0
Test MSE: 0.0119
Poisson likelihood: 0.0
CE loss: 0.0
Experiment 77827
Epoch 0210 [Test seq (cond on sampled tp)] | Loss 5932.246094 | Likelihood -5929.021973 | KL fp 5.3654 | FP STD 0.0094|
KL coef: 0.8660203251420383
Train loss (one batch): 4304.51025390625
Train CE loss (one batch): 0.0
Test MSE: 0.0119
Poisson likelihood: 0.0
CE loss: 0.0
Experiment 77827
Epoch 0211 [Test seq (cond on sampled tp)] | Loss 5920.702148 | Likelihood -5917.740723 | KL fp 5.4221 | FP STD 0.0085|
KL coef: 0.867360121890618
Train loss (one batch): 4277.48974609375
Train CE loss (one batch): 0.0
Test MSE: 0.0118
Poisson likelihood: 0.0
CE loss: 0.0
Experiment 77827
Epoch 0212 [Test seq (cond on sampled tp)] | Loss 5902.283691 | Likelihood -5904.951660 | KL fp 5.4844 | FP STD 0.0077|
KL coef: 0.8686865206717117
Train loss (one batch): 4275.05810546875
Train CE loss (one batch): 0.0
Test MSE: 0.0118
Poisson likelihood: 0.0
CE loss: 0.0
Experiment 77827
Epoch 0213 [Test seq (cond on sampled tp)] | Loss 5888.126465 | Likelihood -5886.520996 | KL fp 5.5617 | FP STD 0.0072|
KL coef: 0.8699996554649946
Train loss (one batch): 4266.2236328125
Train CE loss (one batch): 0.0
Test MSE: 0.0118
Poisson likelihood: 0.0
CE loss: 0.0
Experiment 77827
Epoch 0214 [Test seq (cond on sampled tp)] | Loss 5872.296875 | Likelihood -5879.844238 | KL fp 5.5102 | FP STD 0.0076|
KL coef: 0.8712996589103447
Train loss (one batch): 4244.07470703125
Train CE loss (one batch): 0.0
Test MSE: 0.0118
Poisson likelihood: 0.0
CE loss: 0.0
Experiment 77827
Epoch 0215 [Test seq (cond on sampled tp)] | Loss 5889.464355 | Likelihood -5891.110840 | KL fp 5.3655 | FP STD 0.0093|
KL coef: 0.8725866623212413
Train loss (one batch): 4266.7197265625
Train CE loss (one batch): 0.0
Test MSE: 0.0118
Poisson likelihood: 0.0
CE loss: 0.0
Experiment 77827
Epoch 0216 [Test seq (cond on sampled tp)] | Loss 5852.523926 | Likelihood -5854.606934 | KL fp 5.4218 | FP STD 0.0087|
KL coef: 0.8738607956980289
Train loss (one batch): 4233.5078125
Train CE loss (one batch): 0.0
Test MSE: 0.0117
Poisson likelihood: 0.0
CE loss: 0.0
Experiment 77827
Epoch 0217 [Test seq (cond on sampled tp)] | Loss 5834.533203 | Likelihood -5835.150391 | KL fp 5.5128 | FP STD 0.0076|
KL coef: 0.8751221877410486
Train loss (one batch): 4214.44580078125
Train CE loss (one batch): 0.0
Test MSE: 0.0117
Poisson likelihood: 0.0
CE loss: 0.0
Experiment 77827
Epoch 0218 [Test seq (cond on sampled tp)] | Loss 5817.936523 | Likelihood -5815.191406 | KL fp 5.5736 | FP STD 0.0073|
KL coef: 0.876370965863638
Train loss (one batch): 4211.05810546875
Train CE loss (one batch): 0.0
Test MSE: 0.0116
Poisson likelihood: 0.0
CE loss: 0.0
Experiment 77827
Epoch 0219 [Test seq (cond on sampled tp)] | Loss 5811.438965 | Likelihood -5811.421387 | KL fp 5.5316 | FP STD 0.0078|
KL coef: 0.8776072562050017
Train loss (one batch): 4203.7509765625
Train CE loss (one batch): 0.0
Test MSE: 0.0116
Poisson likelihood: 0.0
CE loss: 0.0
Experiment 77827
Epoch 0220 [Test seq (cond on sampled tp)] | Loss 5794.949219 | Likelihood -5793.031250 | KL fp 5.5929 | FP STD 0.0071|
KL coef: 0.8788311836429517
Train loss (one batch): 4185.10009765625
Train CE loss (one batch): 0.0
Test MSE: 0.0116
Poisson likelihood: 0.0
CE loss: 0.0
Experiment 77827
Epoch 0221 [Test seq (cond on sampled tp)] | Loss 5779.029297 | Likelihood -5776.706543 | KL fp 5.5553 | FP STD 0.0073|
KL coef: 0.8800428718065221
Train loss (one batch): 4171.65283203125
Train CE loss (one batch): 0.0
Test MSE: 0.0116
Poisson likelihood: 0.0
CE loss: 0.0
Experiment 77827
Epoch 0222 [Test seq (cond on sampled tp)] | Loss 5774.536621 | Likelihood -5775.265137 | KL fp 5.5020 | FP STD 0.0075|
KL coef: 0.8812424430884569
Train loss (one batch): 4175.2783203125
Train CE loss (one batch): 0.0
Test MSE: 0.0116
Poisson likelihood: 0.0
CE loss: 0.0
Experiment 77827
Epoch 0223 [Test seq (cond on sampled tp)] | Loss 5765.053711 | Likelihood -5761.890137 | KL fp 5.5217 | FP STD 0.0076|
KL coef: 0.8824300186575723
Train loss (one batch): 4153.4580078125
Train CE loss (one batch): 0.0
Test MSE: 0.0115
Poisson likelihood: 0.0
CE loss: 0.0
Experiment 77827
Epoch 0224 [Test seq (cond on sampled tp)] | Loss 5742.725098 | Likelihood -5741.714355 | KL fp 5.4998 | FP STD 0.0078|
KL coef: 0.8836057184709967
Train loss (one batch): 4136.91943359375
Train CE loss (one batch): 0.0
Test MSE: 0.0115
Poisson likelihood: 0.0
CE loss: 0.0
Experiment 77827
Epoch 0225 [Test seq (cond on sampled tp)] | Loss 5720.579590 | Likelihood -5719.437500 | KL fp 5.4061 | FP STD 0.0080|
KL coef: 0.8847696612862866
Train loss (one batch): 4127.99658203125
Train CE loss (one batch): 0.0
Test MSE: 0.0115
Poisson likelihood: 0.0
CE loss: 0.0
Experiment 77827
Epoch 0226 [Test seq (cond on sampled tp)] | Loss 5709.917480 | Likelihood -5708.278809 | KL fp 5.4325 | FP STD 0.0080|
KL coef: 0.8859219646734238
Train loss (one batch): 4129.52392578125
Train CE loss (one batch): 0.0
Test MSE: 0.0114
Poisson likelihood: 0.0
CE loss: 0.0
Experiment 77827
Epoch 0227 [Test seq (cond on sampled tp)] | Loss 5705.536621 | Likelihood -5702.123535 | KL fp 5.4709 | FP STD 0.0078|
KL coef: 0.8870627450266896
Train loss (one batch): 4109.63232421875
Train CE loss (one batch): 0.0
Test MSE: 0.0114
Poisson likelihood: 0.0
CE loss: 0.0
Experiment 77827
Epoch 0228 [Test seq (cond on sampled tp)] | Loss 5690.695312 | Likelihood -5691.039062 | KL fp 5.5235 | FP STD 0.0077|
KL coef: 0.8881921175764227
Train loss (one batch): 4109.8798828125
Train CE loss (one batch): 0.0
Test MSE: 0.0114
Poisson likelihood: 0.0
CE loss: 0.0
Experiment 77827
Epoch 0229 [Test seq (cond on sampled tp)] | Loss 5672.635254 | Likelihood -5669.412598 | KL fp 5.5271 | FP STD 0.0075|
KL coef: 0.8893101964006584
Train loss (one batch): 4091.7666015625
Train CE loss (one batch): 0.0
Test MSE: 0.0114
Poisson likelihood: 0.0
CE loss: 0.0
Experiment 77827
Epoch 0230 [Test seq (cond on sampled tp)] | Loss 5648.471191 | Likelihood -5647.718750 | KL fp 5.4952 | FP STD 0.0077|
KL coef: 0.8904170944366518
Train loss (one batch): 4080.4736328125
Train CE loss (one batch): 0.0
Test MSE: 0.0113
Poisson likelihood: 0.0
CE loss: 0.0
Experiment 77827
Epoch 0231 [Test seq (cond on sampled tp)] | Loss 5637.522461 | Likelihood -5637.748535 | KL fp 5.5186 | FP STD 0.0074|
KL coef: 0.8915129234922854
Train loss (one batch): 4067.961181640625
Train CE loss (one batch): 0.0
Test MSE: 0.0113
Poisson likelihood: 0.0
CE loss: 0.0
Experiment 77827
Epoch 0232 [Test seq (cond on sampled tp)] | Loss 5627.129395 | Likelihood -5625.546875 | KL fp 5.5512 | FP STD 0.0074|
KL coef: 0.8925977942573625
Train loss (one batch): 4055.6923828125
Train CE loss (one batch): 0.0
Test MSE: 0.0113
Poisson likelihood: 0.0
CE loss: 0.0
Experiment 77827
Epoch 0233 [Test seq (cond on sampled tp)] | Loss 5613.354980 | Likelihood -5610.441406 | KL fp 5.5919 | FP STD 0.0072|
KL coef: 0.8936718163147889
Train loss (one batch): 4045.1416015625
Train CE loss (one batch): 0.0
Test MSE: 0.0112
Poisson likelihood: 0.0
CE loss: 0.0
Experiment 77827
Epoch 0234 [Test seq (cond on sampled tp)] | Loss 5600.918945 | Likelihood -5598.830566 | KL fp 5.3928 | FP STD 0.0086|
KL coef: 0.894735098151641
Train loss (one batch): 4044.903076171875
Train CE loss (one batch): 0.0
Test MSE: 0.0112
Poisson likelihood: 0.0
CE loss: 0.0
Experiment 77827
Epoch 0235 [Test seq (cond on sampled tp)] | Loss 5593.568359 | Likelihood -5592.869629 | KL fp 5.4068 | FP STD 0.0084|
KL coef: 0.8957877471701245
Train loss (one batch): 4013.6640625
Train CE loss (one batch): 0.0
Test MSE: 0.0112
Poisson likelihood: 0.0
CE loss: 0.0
Experiment 77827
Epoch 0236 [Test seq (cond on sampled tp)] | Loss 5570.084473 | Likelihood -5568.277832 | KL fp 5.4445 | FP STD 0.0079|
KL coef: 0.8968298696984233
Train loss (one batch): 3996.015869140625
Train CE loss (one batch): 0.0
Test MSE: 0.0111
Poisson likelihood: 0.0
CE loss: 0.0
Experiment 77827
Epoch 0237 [Test seq (cond on sampled tp)] | Loss 5564.813477 | Likelihood -5563.279785 | KL fp 5.4941 | FP STD 0.0076|
KL coef: 0.897861571001439
Train loss (one batch): 3989.068115234375
Train CE loss (one batch): 0.0
Test MSE: 0.0111
Poisson likelihood: 0.0
CE loss: 0.0
Experiment 77827
Epoch 0238 [Test seq (cond on sampled tp)] | Loss 5547.291504 | Likelihood -5544.404785 | KL fp 5.4250 | FP STD 0.0079|
KL coef: 0.8988829552914247
Train loss (one batch): 3975.506591796875
Train CE loss (one batch): 0.0
Test MSE: 0.0111
Poisson likelihood: 0.0
CE loss: 0.0
Experiment 77827
Epoch 0239 [Test seq (cond on sampled tp)] | Loss 5541.229004 | Likelihood -5538.274902 | KL fp 5.4392 | FP STD 0.0083|
KL coef: 0.8998941257385105
Train loss (one batch): 3976.95947265625
Train CE loss (one batch): 0.0
Test MSE: 0.0111
Poisson likelihood: 0.0
CE loss: 0.0
Experiment 77827
Epoch 0240 [Test seq (cond on sampled tp)] | Loss 5532.519531 | Likelihood -5531.556641 | KL fp 5.4561 | FP STD 0.0079|
KL coef: 0.9008951844811254
Train loss (one batch): 3954.5078125
Train CE loss (one batch): 0.0
Test MSE: 0.0111
Poisson likelihood: 0.0
CE loss: 0.0
Experiment 77827
Epoch 0241 [Test seq (cond on sampled tp)] | Loss 5523.083496 | Likelihood -5522.962402 | KL fp 5.5155 | FP STD 0.0075|
KL coef: 0.9018862326363141
Train loss (one batch): 3952.291015625
Train CE loss (one batch): 0.0
Test MSE: 0.0111
Poisson likelihood: 0.0
CE loss: 0.0
Experiment 77827
Epoch 0242 [Test seq (cond on sampled tp)] | Loss 5503.661621 | Likelihood -5501.267578 | KL fp 5.5265 | FP STD 0.0075|
KL coef: 0.902867370309951
Train loss (one batch): 3932.708984375
Train CE loss (one batch): 0.0
Test MSE: 0.0110
Poisson likelihood: 0.0
CE loss: 0.0
Experiment 77827
Epoch 0243 [Test seq (cond on sampled tp)] | Loss 5487.833496 | Likelihood -5489.011230 | KL fp 5.5170 | FP STD 0.0075|
KL coef: 0.9038386966068515
Train loss (one batch): 3933.781494140625
Train CE loss (one batch): 0.0
Test MSE: 0.0110
Poisson likelihood: 0.0
CE loss: 0.0
Experiment 77827
Epoch 0244 [Test seq (cond on sampled tp)] | Loss 5486.612305 | Likelihood -5483.801270 | KL fp 5.5229 | FP STD 0.0077|
KL coef: 0.904800309640783
Train loss (one batch): 3923.634033203125
Train CE loss (one batch): 0.0
Test MSE: 0.0110
Poisson likelihood: 0.0
CE loss: 0.0
Experiment 77827
Epoch 0245 [Test seq (cond on sampled tp)] | Loss 5463.819824 | Likelihood -5465.567871 | KL fp 5.4332 | FP STD 0.0081|
KL coef: 0.9057523065443751
Train loss (one batch): 3914.974609375
Train CE loss (one batch): 0.0
Test MSE: 0.0109
Poisson likelihood: 0.0
CE loss: 0.0
Experiment 77827
Epoch 0246 [Test seq (cond on sampled tp)] | Loss 5461.183105 | Likelihood -5461.182129 | KL fp 5.4368 | FP STD 0.0081|
KL coef: 0.9066947834789314
Train loss (one batch): 3922.09765625
Train CE loss (one batch): 0.0
Test MSE: 0.0109
Poisson likelihood: 0.0
CE loss: 0.0
Experiment 77827
Epoch 0247 [Test seq (cond on sampled tp)] | Loss 5446.509766 | Likelihood -5445.990723 | KL fp 5.4834 | FP STD 0.0077|
KL coef: 0.9076278356441421
Train loss (one batch): 3900.632080078125
Train CE loss (one batch): 0.0
Test MSE: 0.0109
Poisson likelihood: 0.0
CE loss: 0.0
Experiment 77827
Epoch 0248 [Test seq (cond on sampled tp)] | Loss 5444.003418 | Likelihood -5442.297852 | KL fp 5.4911 | FP STD 0.0078|
KL coef: 0.9085515572877007
Train loss (one batch): 3905.087890625
Train CE loss (one batch): 0.0
Test MSE: 0.0109
Poisson likelihood: 0.0
CE loss: 0.0
Experiment 77827
Epoch 0249 [Test seq (cond on sampled tp)] | Loss 5435.701172 | Likelihood -5432.852051 | KL fp 5.3983 | FP STD 0.0086|
KL coef: 0.9094660417148236
Train loss (one batch): 3881.6494140625
Train CE loss (one batch): 0.0
Test MSE: 0.0109
Poisson likelihood: 0.0
CE loss: 0.0
Experiment 77827
Epoch 0250 [Test seq (cond on sampled tp)] | Loss 5427.685059 | Likelihood -5424.845215 | KL fp 5.4541 | FP STD 0.0080|
KL coef: 0.9103713812976754
Train loss (one batch): 3869.358154296875
Train CE loss (one batch): 0.0
Test MSE: 0.0109
Poisson likelihood: 0.0
CE loss: 0.0
Experiment 77827
Epoch 0251 [Test seq (cond on sampled tp)] | Loss 5420.133301 | Likelihood -5418.628906 | KL fp 5.4831 | FP STD 0.0079|
KL coef: 0.9112676674846987
Train loss (one batch): 3867.789794921875
Train CE loss (one batch): 0.0
Test MSE: 0.0108
Poisson likelihood: 0.0
CE loss: 0.0
Experiment 77827
Epoch 0252 [Test seq (cond on sampled tp)] | Loss 5413.293945 | Likelihood -5413.337402 | KL fp 5.4060 | FP STD 0.0082|
KL coef: 0.9121549908098516
Train loss (one batch): 3862.37158203125
Train CE loss (one batch): 0.0
Test MSE: 0.0108
Poisson likelihood: 0.0
CE loss: 0.0
Experiment 77827
Epoch 0253 [Test seq (cond on sampled tp)] | Loss 5396.342285 | Likelihood -5395.098633 | KL fp 5.5271 | FP STD 0.0076|
KL coef: 0.9130334409017531
Train loss (one batch): 3849.310791015625
Train CE loss (one batch): 0.0
Test MSE: 0.0108
Poisson likelihood: 0.0
CE loss: 0.0
Experiment 77827
Epoch 0254 [Test seq (cond on sampled tp)] | Loss 5386.624512 | Likelihood -5387.005371 | KL fp 5.4844 | FP STD 0.0078|
KL coef: 0.9139031064927357
Train loss (one batch): 3848.023193359375
Train CE loss (one batch): 0.0
Test MSE: 0.0108
Poisson likelihood: 0.0
CE loss: 0.0
Experiment 77827
Epoch 0255 [Test seq (cond on sampled tp)] | Loss 5379.881348 | Likelihood -5381.271973 | KL fp 5.5532 | FP STD 0.0074|
KL coef: 0.9147640754278082
Train loss (one batch): 3854.953857421875
Train CE loss (one batch): 0.0
Test MSE: 0.0108
Poisson likelihood: 0.0
CE loss: 0.0
Experiment 77827
Epoch 0256 [Test seq (cond on sampled tp)] | Loss 5390.438477 | Likelihood -5388.609375 | KL fp 5.4230 | FP STD 0.0092|
KL coef: 0.9156164346735302
Train loss (one batch): 3845.1328125
Train CE loss (one batch): 0.0
Test MSE: 0.0108
Poisson likelihood: 0.0
CE loss: 0.0
Experiment 77827
Epoch 0257 [Test seq (cond on sampled tp)] | Loss 5366.714355 | Likelihood -5367.383301 | KL fp 5.4122 | FP STD 0.0089|
KL coef: 0.9164602703267949
Train loss (one batch): 3824.169189453125
Train CE loss (one batch): 0.0
Test MSE: 0.0107
Poisson likelihood: 0.0
CE loss: 0.0
Experiment 77827
Epoch 0258 [Test seq (cond on sampled tp)] | Loss 5358.267090 | Likelihood -5356.729980 | KL fp 5.3099 | FP STD 0.0091|
KL coef: 0.9172956676235269
Train loss (one batch): 3818.551025390625
Train CE loss (one batch): 0.0
Test MSE: 0.0107
Poisson likelihood: 0.0
CE loss: 0.0
Experiment 77827
Epoch 0259 [Test seq (cond on sampled tp)] | Loss 5353.438477 | Likelihood -5351.550781 | KL fp 5.3421 | FP STD 0.0090|
KL coef: 0.9181227109472916
Train loss (one batch): 3798.15966796875
Train CE loss (one batch): 0.0
Test MSE: 0.0107
Poisson likelihood: 0.0
CE loss: 0.0
Experiment 77827
Epoch 0260 [Test seq (cond on sampled tp)] | Loss 5347.790039 | Likelihood -5347.286621 | KL fp 5.2896 | FP STD 0.0089|
KL coef: 0.9189414838378187
Train loss (one batch): 3808.33447265625
Train CE loss (one batch): 0.0
Test MSE: 0.0107
Poisson likelihood: 0.0
CE loss: 0.0
Experiment 77827
Epoch 0261 [Test seq (cond on sampled tp)] | Loss 5341.822266 | Likelihood -5340.775391 | KL fp 5.3904 | FP STD 0.0087|
KL coef: 0.9197520689994405
Train loss (one batch): 3810.906982421875
Train CE loss (one batch): 0.0
Test MSE: 0.0107
Poisson likelihood: 0.0
CE loss: 0.0
Experiment 77827
Epoch 0262 [Test seq (cond on sampled tp)] | Loss 5326.390625 | Likelihood -5330.303223 | KL fp 5.4173 | FP STD 0.0088|
KL coef: 0.9205545483094462
Train loss (one batch): 3794.056396484375
Train CE loss (one batch): 0.0
Test MSE: 0.0107
Poisson likelihood: 0.0
CE loss: 0.0
Experiment 77827
Epoch 0263 [Test seq (cond on sampled tp)] | Loss 5330.734863 | Likelihood -5328.839844 | KL fp 5.4848 | FP STD 0.0080|
KL coef: 0.9213490028263517
Train loss (one batch): 3796.1845703125
Train CE loss (one batch): 0.0
Test MSE: 0.0107
Poisson likelihood: 0.0
CE loss: 0.0
Experiment 77827
Epoch 0264 [Test seq (cond on sampled tp)] | Loss 5312.133301 | Likelihood -5314.398926 | KL fp 5.5507 | FP STD 0.0075|
KL coef: 0.9221355127980881
Train loss (one batch): 3768.41748046875
Train CE loss (one batch): 0.0
Test MSE: 0.0106
Poisson likelihood: 0.0
CE loss: 0.0
Experiment 77827
Epoch 0265 [Test seq (cond on sampled tp)] | Loss 5315.158203 | Likelihood -5316.521484 | KL fp 5.3825 | FP STD 0.0084|
KL coef: 0.9229141576701073
Train loss (one batch): 3783.698486328125
Train CE loss (one batch): 0.0
Test MSE: 0.0106
Poisson likelihood: 0.0
CE loss: 0.0
Experiment 77827
Epoch 0266 [Test seq (cond on sampled tp)] | Loss 5311.147949 | Likelihood -5310.380859 | KL fp 5.3474 | FP STD 0.0087|
KL coef: 0.9236850160934063
Train loss (one batch): 3776.691650390625
Train CE loss (one batch): 0.0
Test MSE: 0.0106
Poisson likelihood: 0.0
CE loss: 0.0
Experiment 77827
Epoch 0267 [Test seq (cond on sampled tp)] | Loss 5300.228027 | Likelihood -5302.184082 | KL fp 5.4387 | FP STD 0.0080|
KL coef: 0.9244481659324721
Train loss (one batch): 3756.96923828125
Train CE loss (one batch): 0.0
Test MSE: 0.0106
Poisson likelihood: 0.0
CE loss: 0.0
Experiment 77827
Epoch 0268 [Test seq (cond on sampled tp)] | Loss 5293.964355 | Likelihood -5289.963867 | KL fp 5.5195 | FP STD 0.0075|
KL coef: 0.9252036842731475
Train loss (one batch): 3761.8271484375
Train CE loss (one batch): 0.0
Test MSE: 0.0106
Poisson likelihood: 0.0
CE loss: 0.0
Experiment 77827
Epoch 0269 [Test seq (cond on sampled tp)] | Loss 5287.753418 | Likelihood -5289.357910 | KL fp 5.5579 | FP STD 0.0073|
KL coef: 0.9259516474304159
Train loss (one batch): 3744.263427734375
Train CE loss (one batch): 0.0
Test MSE: 0.0106
Poisson likelihood: 0.0
CE loss: 0.0
Experiment 77827
Epoch 0270 [Test seq (cond on sampled tp)] | Loss 5296.450684 | Likelihood -5298.367676 | KL fp 5.3399 | FP STD 0.0093|
KL coef: 0.9266921309561118
Train loss (one batch): 3739.890625
Train CE loss (one batch): 0.0
Test MSE: 0.0106
Poisson likelihood: 0.0
CE loss: 0.0
Experiment 77827
Epoch 0271 [Test seq (cond on sampled tp)] | Loss 5285.171387 | Likelihood -5282.307129 | KL fp 5.4489 | FP STD 0.0085|
KL coef: 0.9274252096465507
Train loss (one batch): 3758.411865234375
Train CE loss (one batch): 0.0
Test MSE: 0.0106
Poisson likelihood: 0.0
CE loss: 0.0
Experiment 77827
Epoch 0272 [Test seq (cond on sampled tp)] | Loss 5273.313477 | Likelihood -5270.748047 | KL fp 5.4675 | FP STD 0.0080|
KL coef: 0.9281509575500851
Train loss (one batch): 3744.874755859375
Train CE loss (one batch): 0.0
Test MSE: 0.0106
Poisson likelihood: 0.0
CE loss: 0.0
Experiment 77827
Epoch 0273 [Test seq (cond on sampled tp)] | Loss 5272.568848 | Likelihood -5272.353027 | KL fp 5.4921 | FP STD 0.0076|
KL coef: 0.9288694479745843
Train loss (one batch): 3735.487060546875
Train CE loss (one batch): 0.0
Test MSE: 0.0106
Poisson likelihood: 0.0
CE loss: 0.0
Experiment 77827
Epoch 0274 [Test seq (cond on sampled tp)] | Loss 5251.017578 | Likelihood -5251.581055 | KL fp 5.4706 | FP STD 0.0079|
KL coef: 0.9295807534948385
Train loss (one batch): 3723.43212890625
Train CE loss (one batch): 0.0
Test MSE: 0.0105
Poisson likelihood: 0.0
CE loss: 0.0
Experiment 77827
Epoch 0275 [Test seq (cond on sampled tp)] | Loss 5253.250000 | Likelihood -5251.072266 | KL fp 5.4853 | FP STD 0.0078|
KL coef: 0.9302849459598901
Train loss (one batch): 3727.9873046875
Train CE loss (one batch): 0.0
Test MSE: 0.0105
Poisson likelihood: 0.0
CE loss: 0.0
Experiment 77827
Epoch 0276 [Test seq (cond on sampled tp)] | Loss 5249.999023 | Likelihood -5246.722656 | KL fp 5.5072 | FP STD 0.0076|
KL coef: 0.9309820965002912
Train loss (one batch): 3710.033203125
Train CE loss (one batch): 0.0
Test MSE: 0.0105
Poisson likelihood: 0.0
CE loss: 0.0
Experiment 77827
Epoch 0277 [Test seq (cond on sampled tp)] | Loss 5240.700684 | Likelihood -5238.314941 | KL fp 5.5216 | FP STD 0.0074|
KL coef: 0.9316722755352883
Train loss (one batch): 3708.7646484375
Train CE loss (one batch): 0.0
Test MSE: 0.0105
Poisson likelihood: 0.0
CE loss: 0.0
Experiment 77827
Epoch 0278 [Test seq (cond on sampled tp)] | Loss 5228.696289 | Likelihood -5227.845703 | KL fp 5.5429 | FP STD 0.0074|
KL coef: 0.9323555527799354
Train loss (one batch): 3709.20556640625
Train CE loss (one batch): 0.0
Test MSE: 0.0105
Poisson likelihood: 0.0
CE loss: 0.0
Experiment 77827
Epoch 0279 [Test seq (cond on sampled tp)] | Loss 5222.399902 | Likelihood -5219.395996 | KL fp 5.5769 | FP STD 0.0072|
KL coef: 0.933031997252136
Train loss (one batch): 3692.977783203125
Train CE loss (one batch): 0.0
Test MSE: 0.0105
Poisson likelihood: 0.0
CE loss: 0.0
Experiment 77827
Epoch 0280 [Test seq (cond on sampled tp)] | Loss 5231.595215 | Likelihood -5229.901367 | KL fp 5.4358 | FP STD 0.0090|
KL coef: 0.9337016772796147
Train loss (one batch): 3683.643798828125
Train CE loss (one batch): 0.0
Test MSE: 0.0105
Poisson likelihood: 0.0
CE loss: 0.0
Experiment 77827
Epoch 0281 [Test seq (cond on sampled tp)] | Loss 5207.846191 | Likelihood -5214.085938 | KL fp 5.4803 | FP STD 0.0089|
KL coef: 0.9343646605068185
Train loss (one batch): 3690.05859375
Train CE loss (one batch): 0.0
Test MSE: 0.0104
Poisson likelihood: 0.0
CE loss: 0.0
Experiment 77827
Epoch 0282 [Test seq (cond on sampled tp)] | Loss 5217.201660 | Likelihood -5216.218262 | KL fp 5.4439 | FP STD 0.0089|
KL coef: 0.9350210139017503
Train loss (one batch): 3681.878662109375
Train CE loss (one batch): 0.0
Test MSE: 0.0104
Poisson likelihood: 0.0
CE loss: 0.0
Experiment 77827
Epoch 0283 [Test seq (cond on sampled tp)] | Loss 5198.019043 | Likelihood -5198.574707 | KL fp 5.3384 | FP STD 0.0090|
KL coef: 0.9356708037627328
Train loss (one batch): 3675.029541015625
Train CE loss (one batch): 0.0
Test MSE: 0.0104
Poisson likelihood: 0.0
CE loss: 0.0
Experiment 77827
Epoch 0284 [Test seq (cond on sampled tp)] | Loss 5217.475098 | Likelihood -5215.146973 | KL fp 5.2409 | FP STD 0.0108|
KL coef: 0.9363140957251055
Train loss (one batch): 3684.43603515625
Train CE loss (one batch): 0.0
Test MSE: 0.0104
Poisson likelihood: 0.0
CE loss: 0.0
Experiment 77827
Epoch 0285 [Test seq (cond on sampled tp)] | Loss 5205.104492 | Likelihood -5202.854980 | KL fp 5.2874 | FP STD 0.0097|
KL coef: 0.9369509547678545
Train loss (one batch): 3671.24755859375
Train CE loss (one batch): 0.0
Test MSE: 0.0104
Poisson likelihood: 0.0
CE loss: 0.0
Experiment 77827
Epoch 0286 [Test seq (cond on sampled tp)] | Loss 5189.308105 | Likelihood -5189.970215 | KL fp 5.4018 | FP STD 0.0084|
KL coef: 0.937581445220176
Train loss (one batch): 3659.236328125
Train CE loss (one batch): 0.0
Test MSE: 0.0104
Poisson likelihood: 0.0
CE loss: 0.0
Experiment 77827
Epoch 0287 [Test seq (cond on sampled tp)] | Loss 5181.483398 | Likelihood -5186.761719 | KL fp 5.4897 | FP STD 0.0078|
KL coef: 0.9382056307679741
Train loss (one batch): 3659.0498046875
Train CE loss (one batch): 0.0
Test MSE: 0.0104
Poisson likelihood: 0.0
CE loss: 0.0
Experiment 77827
Epoch 0288 [Test seq (cond on sampled tp)] | Loss 5185.022949 | Likelihood -5183.730469 | KL fp 5.4760 | FP STD 0.0076|
KL coef: 0.9388235744602944
Train loss (one batch): 3655.618408203125
Train CE loss (one batch): 0.0
Test MSE: 0.0104
Poisson likelihood: 0.0
CE loss: 0.0
Experiment 77827
Epoch 0289 [Test seq (cond on sampled tp)] | Loss 5177.693359 | Likelihood -5174.230957 | KL fp 5.5555 | FP STD 0.0072|
KL coef: 0.9394353387156915
Train loss (one batch): 3638.211181640625
Train CE loss (one batch): 0.0
Test MSE: 0.0104
Poisson likelihood: 0.0
CE loss: 0.0
Experiment 77827
Epoch 0290 [Test seq (cond on sampled tp)] | Loss 5171.648926 | Likelihood -5168.870605 | KL fp 5.5856 | FP STD 0.0071|
KL coef: 0.9400409853285345
Train loss (one batch): 3644.386962890625
Train CE loss (one batch): 0.0
Test MSE: 0.0103
Poisson likelihood: 0.0
CE loss: 0.0
Experiment 77827
Epoch 0291 [Test seq (cond on sampled tp)] | Loss 5162.904785 | Likelihood -5159.203125 | KL fp 5.5963 | FP STD 0.0070|
KL coef: 0.9406405754752493
Train loss (one batch): 3644.29736328125
Train CE loss (one batch): 0.0
Test MSE: 0.0103
Poisson likelihood: 0.0
CE loss: 0.0
Experiment 77827
Epoch 0292 [Test seq (cond on sampled tp)] | Loss 5156.521973 | Likelihood -5155.647949 | KL fp 5.5139 | FP STD 0.0074|
KL coef: 0.9412341697204967
Train loss (one batch): 3645.6279296875
Train CE loss (one batch): 0.0
Test MSE: 0.0103
Poisson likelihood: 0.0
CE loss: 0.0
Experiment 77827
Epoch 0293 [Test seq (cond on sampled tp)] | Loss 5153.972656 | Likelihood -5151.056152 | KL fp 5.5355 | FP STD 0.0072|
KL coef: 0.9418218280232917
Train loss (one batch): 3639.639404296875
Train CE loss (one batch): 0.0
Test MSE: 0.0103
Poisson likelihood: 0.0
CE loss: 0.0
Experiment 77827
Epoch 0294 [Test seq (cond on sampled tp)] | Loss 5155.745605 | Likelihood -5153.318359 | KL fp 5.5941 | FP STD 0.0070|
KL coef: 0.9424036097430588
Train loss (one batch): 3638.693115234375
Train CE loss (one batch): 0.0
Test MSE: 0.0103
Poisson likelihood: 0.0
CE loss: 0.0
Experiment 77827
Epoch 0295 [Test seq (cond on sampled tp)] | Loss 5144.030762 | Likelihood -5140.672363 | KL fp 5.5978 | FP STD 0.0070|
KL coef: 0.9429795736456282
Train loss (one batch): 3622.82470703125
Train CE loss (one batch): 0.0
Test MSE: 0.0103
Poisson likelihood: 0.0
CE loss: 0.0
Experiment 77827
Epoch 0296 [Test seq (cond on sampled tp)] | Loss 5142.853516 | Likelihood -5142.075684 | KL fp 5.4758 | FP STD 0.0078|
KL coef: 0.9435497779091719
Train loss (one batch): 3617.487060546875
Train CE loss (one batch): 0.0
Test MSE: 0.0103
Poisson likelihood: 0.0
CE loss: 0.0
Experiment 77827
Epoch 0297 [Test seq (cond on sampled tp)] | Loss 5122.734863 | Likelihood -5124.633301 | KL fp 5.4876 | FP STD 0.0077|
KL coef: 0.9441142801300803
Train loss (one batch): 3626.642578125
Train CE loss (one batch): 0.0
Test MSE: 0.0103
Poisson likelihood: 0.0
CE loss: 0.0
Experiment 77827
Epoch 0298 [Test seq (cond on sampled tp)] | Loss 5131.157227 | Likelihood -5128.325684 | KL fp 5.4371 | FP STD 0.0079|
KL coef: 0.9446731373287794
Train loss (one batch): 3601.2041015625
Train CE loss (one batch): 0.0
Test MSE: 0.0103
Poisson likelihood: 0.0
CE loss: 0.0
Experiment 77827
Epoch 0299 [Test seq (cond on sampled tp)] | Loss 5120.616211 | Likelihood -5129.669922 | KL fp 5.4402 | FP STD 0.0083|
KL coef: 0.9452264059554917
Train loss (one batch): 3617.6298828125
Train CE loss (one batch): 0.0
Test MSE: 0.0103
Poisson likelihood: 0.0
CE loss: 0.0
Experiment 77827
Epoch 0300 [Test seq (cond on sampled tp)] | Loss 5128.134766 | Likelihood -5128.544434 | KL fp 5.5215 | FP STD 0.0079|
KL coef: 0.9457741418959368
Train loss (one batch): 3609.357666015625
Train CE loss (one batch): 0.0
Test MSE: 0.0103
Poisson likelihood: 0.0
CE loss: 0.0
