/Users/deyiliu/Dropbox/UNC/G4/Spring/790/code/latent_ode-master/run_models.py
run_models.py --niters 100 -n 1000 -l 15 --dataset hopper --latent-ode --z0-encoder rnn -r 100 -s 0.3
Experiment 63902
Epoch 0001 [Test seq (cond on sampled tp)] | Loss 53015.101562 | Likelihood -53100.253906 | KL fp 2.7783 | FP STD 0.0920|
KL coef: 0.0
Train loss (one batch): 56939.13671875
Train CE loss (one batch): 0.0
Test MSE: 0.1062
Poisson likelihood: 0.0
CE loss: 0.0
Experiment 63902
Epoch 0002 [Test seq (cond on sampled tp)] | Loss 31593.867188 | Likelihood -31845.724609 | KL fp 3.4486 | FP STD 0.0674|
KL coef: 0.0
Train loss (one batch): 32980.703125
Train CE loss (one batch): 0.0
Test MSE: 0.0637
Poisson likelihood: 0.0
CE loss: 0.0
Experiment 63902
Epoch 0003 [Test seq (cond on sampled tp)] | Loss 28459.357422 | Likelihood -28516.289062 | KL fp 3.8853 | FP STD 0.0434|
KL coef: 0.0
Train loss (one batch): 28736.34765625
Train CE loss (one batch): 0.0
Test MSE: 0.0570
Poisson likelihood: 0.0
CE loss: 0.0
Experiment 63902
Epoch 0004 [Test seq (cond on sampled tp)] | Loss 27968.349609 | Likelihood -27998.679688 | KL fp 3.9282 | FP STD 0.0406|
KL coef: 0.0
Train loss (one batch): 27533.9375
Train CE loss (one batch): 0.0
Test MSE: 0.0560
Poisson likelihood: 0.0
CE loss: 0.0
Experiment 63902
Epoch 0005 [Test seq (cond on sampled tp)] | Loss 27733.273438 | Likelihood -27757.669922 | KL fp 3.6812 | FP STD 0.0514|
KL coef: 0.0
Train loss (one batch): 27709.001953125
Train CE loss (one batch): 0.0
Test MSE: 0.0555
Poisson likelihood: 0.0
CE loss: 0.0
Experiment 63902
Epoch 0006 [Test seq (cond on sampled tp)] | Loss 27528.011719 | Likelihood -27618.134766 | KL fp 3.9673 | FP STD 0.0372|
KL coef: 0.0
Train loss (one batch): 27582.490234375
Train CE loss (one batch): 0.0
Test MSE: 0.0552
Poisson likelihood: 0.0
CE loss: 0.0
Experiment 63902
Epoch 0007 [Test seq (cond on sampled tp)] | Loss 27445.964844 | Likelihood -27515.281250 | KL fp 4.0311 | FP STD 0.0342|
KL coef: 0.0
Train loss (one batch): 27242.3359375
Train CE loss (one batch): 0.0
Test MSE: 0.0550
Poisson likelihood: 0.0
CE loss: 0.0
Experiment 63902
Epoch 0008 [Test seq (cond on sampled tp)] | Loss 27573.447266 | Likelihood -27596.798828 | KL fp 3.7608 | FP STD 0.0493|
KL coef: 0.0
Train loss (one batch): 27125.994140625
Train CE loss (one batch): 0.0
Test MSE: 0.0552
Poisson likelihood: 0.0
CE loss: 0.0
Experiment 63902
Epoch 0009 [Test seq (cond on sampled tp)] | Loss 27500.707031 | Likelihood -27593.697266 | KL fp 3.9712 | FP STD 0.0421|
KL coef: 0.0
Train loss (one batch): 27070.33203125
Train CE loss (one batch): 0.0
Test MSE: 0.0552
Poisson likelihood: 0.0
CE loss: 0.0
Experiment 63902
Epoch 0010 [Test seq (cond on sampled tp)] | Loss 27743.748047 | Likelihood -27756.171875 | KL fp 3.4807 | FP STD 0.0545|
KL coef: 0.0
Train loss (one batch): 27369.595703125
Train CE loss (one batch): 0.0
Test MSE: 0.0555
Poisson likelihood: 0.0
CE loss: 0.0
Experiment 63902
Epoch 0011 [Test seq (cond on sampled tp)] | Loss 27468.806641 | Likelihood -27518.912109 | KL fp 3.8943 | FP STD 0.0424|
KL coef: 0.010000000000000009
Train loss (one batch): 26979.876953125
Train CE loss (one batch): 0.0
Test MSE: 0.0550
Poisson likelihood: 0.0
CE loss: 0.0
Experiment 63902
Epoch 0012 [Test seq (cond on sampled tp)] | Loss 27394.160156 | Likelihood -27479.478516 | KL fp 3.7061 | FP STD 0.0489|
KL coef: 0.01990000000000003
Train loss (one batch): 26825.1171875
Train CE loss (one batch): 0.0
Test MSE: 0.0550
Poisson likelihood: 0.0
CE loss: 0.0
Experiment 63902
Epoch 0013 [Test seq (cond on sampled tp)] | Loss 27407.853516 | Likelihood -27509.085938 | KL fp 4.1739 | FP STD 0.0385|
KL coef: 0.029700999999999977
Train loss (one batch): 26809.693359375
Train CE loss (one batch): 0.0
Test MSE: 0.0550
Poisson likelihood: 0.0
CE loss: 0.0
Experiment 63902
Epoch 0014 [Test seq (cond on sampled tp)] | Loss 27466.150391 | Likelihood -27499.541016 | KL fp 4.0648 | FP STD 0.0442|
KL coef: 0.039403990000000055
Train loss (one batch): 26674.529296875
Train CE loss (one batch): 0.0
Test MSE: 0.0550
Poisson likelihood: 0.0
CE loss: 0.0
Experiment 63902
Epoch 0015 [Test seq (cond on sampled tp)] | Loss 27351.183594 | Likelihood -27413.509766 | KL fp 3.9784 | FP STD 0.0436|
KL coef: 0.04900995010000009
Train loss (one batch): 26936.173828125
Train CE loss (one batch): 0.0
Test MSE: 0.0548
Poisson likelihood: 0.0
CE loss: 0.0
Experiment 63902
Epoch 0016 [Test seq (cond on sampled tp)] | Loss 27281.785156 | Likelihood -27395.490234 | KL fp 3.9335 | FP STD 0.0389|
KL coef: 0.058519850599
Train loss (one batch): 26927.765625
Train CE loss (one batch): 0.0
Test MSE: 0.0548
Poisson likelihood: 0.0
CE loss: 0.0
Experiment 63902
Epoch 0017 [Test seq (cond on sampled tp)] | Loss 27118.275391 | Likelihood -27204.218750 | KL fp 4.1772 | FP STD 0.0333|
KL coef: 0.06793465209301008
Train loss (one batch): 26606.982421875
Train CE loss (one batch): 0.0
Test MSE: 0.0544
Poisson likelihood: 0.0
CE loss: 0.0
Experiment 63902
Epoch 0018 [Test seq (cond on sampled tp)] | Loss 27047.546875 | Likelihood -27067.023438 | KL fp 3.8071 | FP STD 0.0401|
KL coef: 0.07725530557207994
Train loss (one batch): 26646.728515625
Train CE loss (one batch): 0.0
Test MSE: 0.0541
Poisson likelihood: 0.0
CE loss: 0.0
Experiment 63902
Epoch 0019 [Test seq (cond on sampled tp)] | Loss 27009.185547 | Likelihood -27036.642578 | KL fp 4.0422 | FP STD 0.0337|
KL coef: 0.08648275251635917
Train loss (one batch): 26352.984375
Train CE loss (one batch): 0.0
Test MSE: 0.0541
Poisson likelihood: 0.0
CE loss: 0.0
Experiment 63902
Epoch 0020 [Test seq (cond on sampled tp)] | Loss 26882.599609 | Likelihood -26947.773438 | KL fp 3.5956 | FP STD 0.0455|
KL coef: 0.09561792499119559
Train loss (one batch): 26269.111328125
Train CE loss (one batch): 0.0
Test MSE: 0.0539
Poisson likelihood: 0.0
CE loss: 0.0
Experiment 63902
Epoch 0021 [Test seq (cond on sampled tp)] | Loss 26817.861328 | Likelihood -26827.330078 | KL fp 3.8691 | FP STD 0.0428|
KL coef: 0.10466174574128362
Train loss (one batch): 26054.732421875
Train CE loss (one batch): 0.0
Test MSE: 0.0537
Poisson likelihood: 0.0
CE loss: 0.0
Experiment 63902
Epoch 0022 [Test seq (cond on sampled tp)] | Loss 26708.517578 | Likelihood -26739.031250 | KL fp 3.9074 | FP STD 0.0389|
KL coef: 0.11361512828387077
Train loss (one batch): 25873.86328125
Train CE loss (one batch): 0.0
Test MSE: 0.0535
Poisson likelihood: 0.0
CE loss: 0.0
Experiment 63902
Epoch 0023 [Test seq (cond on sampled tp)] | Loss 26620.089844 | Likelihood -26628.515625 | KL fp 4.1351 | FP STD 0.0347|
KL coef: 0.12247897700103216
Train loss (one batch): 25706.35546875
Train CE loss (one batch): 0.0
Test MSE: 0.0533
Poisson likelihood: 0.0
CE loss: 0.0
Experiment 63902
Epoch 0024 [Test seq (cond on sampled tp)] | Loss 26072.078125 | Likelihood -26167.478516 | KL fp 3.7882 | FP STD 0.0483|
KL coef: 0.13125418723102178
Train loss (one batch): 25300.076171875
Train CE loss (one batch): 0.0
Test MSE: 0.0523
Poisson likelihood: 0.0
CE loss: 0.0
Experiment 63902
Epoch 0025 [Test seq (cond on sampled tp)] | Loss 25573.880859 | Likelihood -25605.242188 | KL fp 3.8543 | FP STD 0.0388|
KL coef: 0.13994164535871156
Train loss (one batch): 24021.75390625
Train CE loss (one batch): 0.0
Test MSE: 0.0512
Poisson likelihood: 0.0
CE loss: 0.0
Experiment 63902
Epoch 0026 [Test seq (cond on sampled tp)] | Loss 24624.132812 | Likelihood -24645.521484 | KL fp 4.0756 | FP STD 0.0327|
KL coef: 0.14854222890512447
Train loss (one batch): 23548.78515625
Train CE loss (one batch): 0.0
Test MSE: 0.0493
Poisson likelihood: 0.0
CE loss: 0.0
Experiment 63902
Epoch 0027 [Test seq (cond on sampled tp)] | Loss 23578.554688 | Likelihood -23638.693359 | KL fp 3.8923 | FP STD 0.0391|
KL coef: 0.15705680661607324
Train loss (one batch): 22415.685546875
Train CE loss (one batch): 0.0
Test MSE: 0.0473
Poisson likelihood: 0.0
CE loss: 0.0
Experiment 63902
Epoch 0028 [Test seq (cond on sampled tp)] | Loss 22262.623047 | Likelihood -22306.632812 | KL fp 3.9201 | FP STD 0.0367|
KL coef: 0.1654862385499125
Train loss (one batch): 20609.322265625
Train CE loss (one batch): 0.0
Test MSE: 0.0446
Poisson likelihood: 0.0
CE loss: 0.0
Experiment 63902
Epoch 0029 [Test seq (cond on sampled tp)] | Loss 21070.732422 | Likelihood -21153.845703 | KL fp 4.1199 | FP STD 0.0334|
KL coef: 0.17383137616441335
Train loss (one batch): 19633.427734375
Train CE loss (one batch): 0.0
Test MSE: 0.0423
Poisson likelihood: 0.0
CE loss: 0.0
Experiment 63902
Epoch 0030 [Test seq (cond on sampled tp)] | Loss 20481.945312 | Likelihood -20553.896484 | KL fp 3.9066 | FP STD 0.0401|
KL coef: 0.18209306240276923
Train loss (one batch): 18584.474609375
Train CE loss (one batch): 0.0
Test MSE: 0.0411
Poisson likelihood: 0.0
CE loss: 0.0
Experiment 63902
Epoch 0031 [Test seq (cond on sampled tp)] | Loss 20188.882812 | Likelihood -20215.195312 | KL fp 3.8937 | FP STD 0.0382|
KL coef: 0.19027213177874158
Train loss (one batch): 18583.09375
Train CE loss (one batch): 0.0
Test MSE: 0.0404
Poisson likelihood: 0.0
CE loss: 0.0
Experiment 63902
Epoch 0032 [Test seq (cond on sampled tp)] | Loss 19997.203125 | Likelihood -20033.447266 | KL fp 3.9382 | FP STD 0.0370|
KL coef: 0.19836941046095413
Train loss (one batch): 17876.796875
Train CE loss (one batch): 0.0
Test MSE: 0.0401
Poisson likelihood: 0.0
CE loss: 0.0
Experiment 63902
Epoch 0033 [Test seq (cond on sampled tp)] | Loss 19620.457031 | Likelihood -19677.244141 | KL fp 4.3411 | FP STD 0.0250|
KL coef: 0.20638571635634462
Train loss (one batch): 18001.166015625
Train CE loss (one batch): 0.0
Test MSE: 0.0394
Poisson likelihood: 0.0
CE loss: 0.0
Experiment 63902
Epoch 0034 [Test seq (cond on sampled tp)] | Loss 19558.234375 | Likelihood -19647.123047 | KL fp 4.1563 | FP STD 0.0331|
KL coef: 0.21432185919278124
Train loss (one batch): 17857.7109375
Train CE loss (one batch): 0.0
Test MSE: 0.0393
Poisson likelihood: 0.0
CE loss: 0.0
Experiment 63902
Epoch 0035 [Test seq (cond on sampled tp)] | Loss 19468.638672 | Likelihood -19477.171875 | KL fp 4.1064 | FP STD 0.0322|
KL coef: 0.22217864060085335
Train loss (one batch): 17602.275390625
Train CE loss (one batch): 0.0
Test MSE: 0.0390
Poisson likelihood: 0.0
CE loss: 0.0
Experiment 63902
Epoch 0036 [Test seq (cond on sampled tp)] | Loss 19359.191406 | Likelihood -19420.283203 | KL fp 4.2135 | FP STD 0.0361|
KL coef: 0.2299568541948449
Train loss (one batch): 17622.53515625
Train CE loss (one batch): 0.0
Test MSE: 0.0389
Poisson likelihood: 0.0
CE loss: 0.0
Experiment 63902
Epoch 0037 [Test seq (cond on sampled tp)] | Loss 19129.791016 | Likelihood -19179.742188 | KL fp 4.0754 | FP STD 0.0389|
KL coef: 0.23765728565289646
Train loss (one batch): 17565.94140625
Train CE loss (one batch): 0.0
Test MSE: 0.0384
Poisson likelihood: 0.0
CE loss: 0.0
Experiment 63902
Epoch 0038 [Test seq (cond on sampled tp)] | Loss 18762.537109 | Likelihood -18766.107422 | KL fp 4.2602 | FP STD 0.0271|
KL coef: 0.24528071279636743
Train loss (one batch): 16954.66015625
Train CE loss (one batch): 0.0
Test MSE: 0.0375
Poisson likelihood: 0.0
CE loss: 0.0
Experiment 63902
Epoch 0039 [Test seq (cond on sampled tp)] | Loss 18616.177734 | Likelihood -18638.298828 | KL fp 4.2397 | FP STD 0.0280|
KL coef: 0.25282790566840385
Train loss (one batch): 16925.896484375
Train CE loss (one batch): 0.0
Test MSE: 0.0373
Poisson likelihood: 0.0
CE loss: 0.0
Experiment 63902
Epoch 0040 [Test seq (cond on sampled tp)] | Loss 18442.087891 | Likelihood -18510.556641 | KL fp 3.9455 | FP STD 0.0386|
KL coef: 0.2602996266117198
Train loss (one batch): 16557.6484375
Train CE loss (one batch): 0.0
Test MSE: 0.0370
Poisson likelihood: 0.0
CE loss: 0.0
Experiment 63902
Epoch 0041 [Test seq (cond on sampled tp)] | Loss 17960.027344 | Likelihood -17992.986328 | KL fp 4.1606 | FP STD 0.0313|
KL coef: 0.26769663034560254
Train loss (one batch): 16327.78515625
Train CE loss (one batch): 0.0
Test MSE: 0.0360
Poisson likelihood: 0.0
CE loss: 0.0
Experiment 63902
Epoch 0042 [Test seq (cond on sampled tp)] | Loss 17407.142578 | Likelihood -17454.326172 | KL fp 4.2780 | FP STD 0.0323|
KL coef: 0.2750196640421466
Train loss (one batch): 15933.15234375
Train CE loss (one batch): 0.0
Test MSE: 0.0349
Poisson likelihood: 0.0
CE loss: 0.0
Experiment 63902
Epoch 0043 [Test seq (cond on sampled tp)] | Loss 16807.498047 | Likelihood -16882.955078 | KL fp 4.1418 | FP STD 0.0336|
KL coef: 0.2822694674017251
Train loss (one batch): 15545.306640625
Train CE loss (one batch): 0.0
Test MSE: 0.0338
Poisson likelihood: 0.0
CE loss: 0.0
Experiment 63902
Epoch 0044 [Test seq (cond on sampled tp)] | Loss 16188.960938 | Likelihood -16236.203125 | KL fp 4.1841 | FP STD 0.0306|
KL coef: 0.2894467727277079
Train loss (one batch): 15205.21875
Train CE loss (one batch): 0.0
Test MSE: 0.0325
Poisson likelihood: 0.0
CE loss: 0.0
Experiment 63902
Epoch 0045 [Test seq (cond on sampled tp)] | Loss 15742.903320 | Likelihood -15838.609375 | KL fp 4.2691 | FP STD 0.0290|
KL coef: 0.29655230500043084
Train loss (one batch): 14284.5068359375
Train CE loss (one batch): 0.0
Test MSE: 0.0317
Poisson likelihood: 0.0
CE loss: 0.0
Experiment 63902
Epoch 0046 [Test seq (cond on sampled tp)] | Loss 15375.380859 | Likelihood -15410.980469 | KL fp 4.0205 | FP STD 0.0328|
KL coef: 0.30358678195042654
Train loss (one batch): 13930.974609375
Train CE loss (one batch): 0.0
Test MSE: 0.0308
Poisson likelihood: 0.0
CE loss: 0.0
Experiment 63902
Epoch 0047 [Test seq (cond on sampled tp)] | Loss 15075.663086 | Likelihood -15082.878906 | KL fp 4.3593 | FP STD 0.0271|
KL coef: 0.3105509141309223
Train loss (one batch): 13619.90625
Train CE loss (one batch): 0.0
Test MSE: 0.0302
Poisson likelihood: 0.0
CE loss: 0.0
Experiment 63902
Epoch 0048 [Test seq (cond on sampled tp)] | Loss 14833.291016 | Likelihood -14852.540039 | KL fp 4.3069 | FP STD 0.0273|
KL coef: 0.31744540498961304
Train loss (one batch): 13296.775390625
Train CE loss (one batch): 0.0
Test MSE: 0.0297
Poisson likelihood: 0.0
CE loss: 0.0
Experiment 63902
Epoch 0049 [Test seq (cond on sampled tp)] | Loss 14626.508789 | Likelihood -14662.235352 | KL fp 4.3369 | FP STD 0.0249|
KL coef: 0.3242709509397169
Train loss (one batch): 13188.810546875
Train CE loss (one batch): 0.0
Test MSE: 0.0293
Poisson likelihood: 0.0
CE loss: 0.0
Experiment 63902
Epoch 0050 [Test seq (cond on sampled tp)] | Loss 14493.613281 | Likelihood -14520.507812 | KL fp 4.3525 | FP STD 0.0286|
KL coef: 0.3310282414303197
Train loss (one batch): 13073.4541015625
Train CE loss (one batch): 0.0
Test MSE: 0.0291
Poisson likelihood: 0.0
CE loss: 0.0
Experiment 63902
Epoch 0051 [Test seq (cond on sampled tp)] | Loss 14329.505859 | Likelihood -14361.416992 | KL fp 4.6736 | FP STD 0.0195|
KL coef: 0.33771795901601653
Train loss (one batch): 12952.2568359375
Train CE loss (one batch): 0.0
Test MSE: 0.0287
Poisson likelihood: 0.0
CE loss: 0.0
Experiment 63902
Epoch 0052 [Test seq (cond on sampled tp)] | Loss 14235.267578 | Likelihood -14252.684570 | KL fp 4.3653 | FP STD 0.0230|
KL coef: 0.3443407794258564
Train loss (one batch): 12954.3515625
Train CE loss (one batch): 0.0
Test MSE: 0.0285
Poisson likelihood: 0.0
CE loss: 0.0
Experiment 63902
Epoch 0053 [Test seq (cond on sampled tp)] | Loss 14139.541992 | Likelihood -14161.773438 | KL fp 4.6436 | FP STD 0.0189|
KL coef: 0.35089737163159784
Train loss (one batch): 12813.591796875
Train CE loss (one batch): 0.0
Test MSE: 0.0283
Poisson likelihood: 0.0
CE loss: 0.0
Experiment 63902
Epoch 0054 [Test seq (cond on sampled tp)] | Loss 14003.916016 | Likelihood -14043.071289 | KL fp 4.7161 | FP STD 0.0174|
KL coef: 0.3573883979152819
Train loss (one batch): 12740.70703125
Train CE loss (one batch): 0.0
Test MSE: 0.0281
Poisson likelihood: 0.0
CE loss: 0.0
Experiment 63902
Epoch 0055 [Test seq (cond on sampled tp)] | Loss 14022.857422 | Likelihood -14049.898438 | KL fp 4.5907 | FP STD 0.0221|
KL coef: 0.36381451393612907
Train loss (one batch): 12795.83203125
Train CE loss (one batch): 0.0
Test MSE: 0.0281
Poisson likelihood: 0.0
CE loss: 0.0
Experiment 63902
Epoch 0056 [Test seq (cond on sampled tp)] | Loss 13953.553711 | Likelihood -13985.051758 | KL fp 4.4171 | FP STD 0.0244|
KL coef: 0.37017636879676774
Train loss (one batch): 12769.95703125
Train CE loss (one batch): 0.0
Test MSE: 0.0280
Poisson likelihood: 0.0
CE loss: 0.0
Experiment 63902
Epoch 0057 [Test seq (cond on sampled tp)] | Loss 13868.963867 | Likelihood -13871.124023 | KL fp 4.4817 | FP STD 0.0216|
KL coef: 0.37647460510880004
Train loss (one batch): 12656.05078125
Train CE loss (one batch): 0.0
Test MSE: 0.0278
Poisson likelihood: 0.0
CE loss: 0.0
Experiment 63902
Epoch 0058 [Test seq (cond on sampled tp)] | Loss 13752.255859 | Likelihood -13767.635742 | KL fp 4.6950 | FP STD 0.0184|
KL coef: 0.38270985905771204
Train loss (one batch): 12482.78515625
Train CE loss (one batch): 0.0
Test MSE: 0.0275
Poisson likelihood: 0.0
CE loss: 0.0
Experiment 63902
Epoch 0059 [Test seq (cond on sampled tp)] | Loss 13703.898438 | Likelihood -13719.151367 | KL fp 4.8441 | FP STD 0.0160|
KL coef: 0.388882760467135
Train loss (one batch): 12459.8056640625
Train CE loss (one batch): 0.0
Test MSE: 0.0275
Poisson likelihood: 0.0
CE loss: 0.0
Experiment 63902
Epoch 0060 [Test seq (cond on sampled tp)] | Loss 13659.214844 | Likelihood -13683.174805 | KL fp 4.3957 | FP STD 0.0225|
KL coef: 0.39499393286246365
Train loss (one batch): 12356.3701171875
Train CE loss (one batch): 0.0
Test MSE: 0.0274
Poisson likelihood: 0.0
CE loss: 0.0
Experiment 63902
Epoch 0061 [Test seq (cond on sampled tp)] | Loss 13541.594727 | Likelihood -13552.718750 | KL fp 4.9804 | FP STD 0.0141|
KL coef: 0.401043993533839
Train loss (one batch): 12276.8037109375
Train CE loss (one batch): 0.0
Test MSE: 0.0271
Poisson likelihood: 0.0
CE loss: 0.0
Experiment 63902
Epoch 0062 [Test seq (cond on sampled tp)] | Loss 13520.173828 | Likelihood -13523.742188 | KL fp 4.6839 | FP STD 0.0188|
KL coef: 0.4070335535985006
Train loss (one batch): 12112.205078125
Train CE loss (one batch): 0.0
Test MSE: 0.0271
Poisson likelihood: 0.0
CE loss: 0.0
Experiment 63902
Epoch 0063 [Test seq (cond on sampled tp)] | Loss 13542.684570 | Likelihood -13560.010742 | KL fp 4.4014 | FP STD 0.0276|
KL coef: 0.41296321806251557
Train loss (one batch): 12163.552734375
Train CE loss (one batch): 0.0
Test MSE: 0.0271
Poisson likelihood: 0.0
CE loss: 0.0
Experiment 63902
Epoch 0064 [Test seq (cond on sampled tp)] | Loss 13549.497070 | Likelihood -13580.886719 | KL fp 4.4288 | FP STD 0.0299|
KL coef: 0.41883358588189046
Train loss (one batch): 12158.064453125
Train CE loss (one batch): 0.0
Test MSE: 0.0272
Poisson likelihood: 0.0
CE loss: 0.0
Experiment 63902
Epoch 0065 [Test seq (cond on sampled tp)] | Loss 13398.819336 | Likelihood -13426.026367 | KL fp 4.6427 | FP STD 0.0241|
KL coef: 0.4246452500230715
Train loss (one batch): 12035.0615234375
Train CE loss (one batch): 0.0
Test MSE: 0.0269
Poisson likelihood: 0.0
CE loss: 0.0
Experiment 63902
Epoch 0066 [Test seq (cond on sampled tp)] | Loss 13263.962891 | Likelihood -13300.332031 | KL fp 4.7147 | FP STD 0.0219|
KL coef: 0.4303987975228408
Train loss (one batch): 12068.2392578125
Train CE loss (one batch): 0.0
Test MSE: 0.0266
Poisson likelihood: 0.0
CE loss: 0.0
Experiment 63902
Epoch 0067 [Test seq (cond on sampled tp)] | Loss 13191.460938 | Likelihood -13212.414062 | KL fp 4.5810 | FP STD 0.0218|
KL coef: 0.4360948095476125
Train loss (one batch): 11920.9296875
Train CE loss (one batch): 0.0
Test MSE: 0.0264
Poisson likelihood: 0.0
CE loss: 0.0
Experiment 63902
Epoch 0068 [Test seq (cond on sampled tp)] | Loss 13131.591797 | Likelihood -13164.415039 | KL fp 4.4644 | FP STD 0.0221|
KL coef: 0.44173386145213633
Train loss (one batch): 11839.2568359375
Train CE loss (one batch): 0.0
Test MSE: 0.0263
Poisson likelihood: 0.0
CE loss: 0.0
Experiment 63902
Epoch 0069 [Test seq (cond on sampled tp)] | Loss 13100.987305 | Likelihood -13106.116211 | KL fp 4.5658 | FP STD 0.0186|
KL coef: 0.4473165228376149
Train loss (one batch): 11549.88671875
Train CE loss (one batch): 0.0
Test MSE: 0.0262
Poisson likelihood: 0.0
CE loss: 0.0
Experiment 63902
Epoch 0070 [Test seq (cond on sampled tp)] | Loss 13074.055664 | Likelihood -13085.209961 | KL fp 4.7213 | FP STD 0.0178|
KL coef: 0.4528433576092388
Train loss (one batch): 11628.9541015625
Train CE loss (one batch): 0.0
Test MSE: 0.0262
Poisson likelihood: 0.0
CE loss: 0.0
Experiment 63902
Epoch 0071 [Test seq (cond on sampled tp)] | Loss 12959.201172 | Likelihood -12974.832031 | KL fp 4.7404 | FP STD 0.0176|
KL coef: 0.45831492403314644
Train loss (one batch): 11563.869140625
Train CE loss (one batch): 0.0
Test MSE: 0.0260
Poisson likelihood: 0.0
CE loss: 0.0
Experiment 63902
Epoch 0072 [Test seq (cond on sampled tp)] | Loss 12905.334961 | Likelihood -12919.932617 | KL fp 4.6992 | FP STD 0.0181|
KL coef: 0.463731774792815
Train loss (one batch): 11457.802734375
Train CE loss (one batch): 0.0
Test MSE: 0.0259
Poisson likelihood: 0.0
CE loss: 0.0
Experiment 63902
Epoch 0073 [Test seq (cond on sampled tp)] | Loss 12806.569336 | Likelihood -12827.166992 | KL fp 4.8374 | FP STD 0.0156|
KL coef: 0.46909445704488684
Train loss (one batch): 11351.02734375
Train CE loss (one batch): 0.0
Test MSE: 0.0257
Poisson likelihood: 0.0
CE loss: 0.0
Experiment 63902
Epoch 0074 [Test seq (cond on sampled tp)] | Loss 12747.733398 | Likelihood -12772.523438 | KL fp 4.5829 | FP STD 0.0190|
KL coef: 0.474403512474438
Train loss (one batch): 11309.9306640625
Train CE loss (one batch): 0.0
Test MSE: 0.0256
Poisson likelihood: 0.0
CE loss: 0.0
Experiment 63902
Epoch 0075 [Test seq (cond on sampled tp)] | Loss 12605.843750 | Likelihood -12620.351562 | KL fp 4.6279 | FP STD 0.0186|
KL coef: 0.4796594773496936
Train loss (one batch): 11033.7529296875
Train CE loss (one batch): 0.0
Test MSE: 0.0253
Poisson likelihood: 0.0
CE loss: 0.0
Experiment 63902
Epoch 0076 [Test seq (cond on sampled tp)] | Loss 12520.583008 | Likelihood -12532.905273 | KL fp 4.8046 | FP STD 0.0153|
KL coef: 0.4848628825761967
Train loss (one batch): 10979.2568359375
Train CE loss (one batch): 0.0
Test MSE: 0.0251
Poisson likelihood: 0.0
CE loss: 0.0
Experiment 63902
Epoch 0077 [Test seq (cond on sampled tp)] | Loss 12416.099609 | Likelihood -12434.536133 | KL fp 4.8001 | FP STD 0.0156|
KL coef: 0.4900142537504347
Train loss (one batch): 10959.603515625
Train CE loss (one batch): 0.0
Test MSE: 0.0249
Poisson likelihood: 0.0
CE loss: 0.0
Experiment 63902
Epoch 0078 [Test seq (cond on sampled tp)] | Loss 12388.996094 | Likelihood -12394.364258 | KL fp 4.5318 | FP STD 0.0204|
KL coef: 0.49511411121293036
Train loss (one batch): 10773.8857421875
Train CE loss (one batch): 0.0
Test MSE: 0.0248
Poisson likelihood: 0.0
CE loss: 0.0
Experiment 63902
Epoch 0079 [Test seq (cond on sampled tp)] | Loss 12275.134766 | Likelihood -12276.973633 | KL fp 4.7139 | FP STD 0.0171|
KL coef: 0.500162970100801
Train loss (one batch): 10678.025390625
Train CE loss (one batch): 0.0
Test MSE: 0.0246
Poisson likelihood: 0.0
CE loss: 0.0
Experiment 63902
Epoch 0080 [Test seq (cond on sampled tp)] | Loss 12243.601562 | Likelihood -12255.718750 | KL fp 4.7094 | FP STD 0.0175|
KL coef: 0.505161340399793
Train loss (one batch): 10583.6181640625
Train CE loss (one batch): 0.0
Test MSE: 0.0245
Poisson likelihood: 0.0
CE loss: 0.0
Experiment 63902
Epoch 0081 [Test seq (cond on sampled tp)] | Loss 12079.978516 | Likelihood -12094.565430 | KL fp 4.7524 | FP STD 0.0163|
KL coef: 0.510109726995795
Train loss (one batch): 10426.205078125
Train CE loss (one batch): 0.0
Test MSE: 0.0242
Poisson likelihood: 0.0
CE loss: 0.0
Experiment 63902
Epoch 0082 [Test seq (cond on sampled tp)] | Loss 12042.721680 | Likelihood -12060.159180 | KL fp 4.5715 | FP STD 0.0191|
KL coef: 0.5150086297258372
Train loss (one batch): 10323.6181640625
Train CE loss (one batch): 0.0
Test MSE: 0.0241
Poisson likelihood: 0.0
CE loss: 0.0
Experiment 63902
Epoch 0083 [Test seq (cond on sampled tp)] | Loss 11940.622070 | Likelihood -11941.351562 | KL fp 4.8965 | FP STD 0.0149|
KL coef: 0.5198585434285787
Train loss (one batch): 10167.30859375
Train CE loss (one batch): 0.0
Test MSE: 0.0239
Poisson likelihood: 0.0
CE loss: 0.0
Experiment 63902
Epoch 0084 [Test seq (cond on sampled tp)] | Loss 11907.799805 | Likelihood -11923.843750 | KL fp 4.6700 | FP STD 0.0176|
KL coef: 0.524659957994293
Train loss (one batch): 10175.9365234375
Train CE loss (one batch): 0.0
Test MSE: 0.0239
Poisson likelihood: 0.0
CE loss: 0.0
Experiment 63902
Epoch 0085 [Test seq (cond on sampled tp)] | Loss 11840.837891 | Likelihood -11871.379883 | KL fp 4.6672 | FP STD 0.0184|
KL coef: 0.5294133584143501
Train loss (one batch): 10093.197265625
Train CE loss (one batch): 0.0
Test MSE: 0.0238
Poisson likelihood: 0.0
CE loss: 0.0
Experiment 63902
Epoch 0086 [Test seq (cond on sampled tp)] | Loss 11780.060547 | Likelihood -11796.300781 | KL fp 4.6775 | FP STD 0.0174|
KL coef: 0.5341192248302067
Train loss (one batch): 9995.3642578125
Train CE loss (one batch): 0.0
Test MSE: 0.0236
Poisson likelihood: 0.0
CE loss: 0.0
Experiment 63902
Epoch 0087 [Test seq (cond on sampled tp)] | Loss 11711.773438 | Likelihood -11719.609375 | KL fp 4.6731 | FP STD 0.0181|
KL coef: 0.5387780325819045
Train loss (one batch): 9951.5185546875
Train CE loss (one batch): 0.0
Test MSE: 0.0235
Poisson likelihood: 0.0
CE loss: 0.0
Experiment 63902
Epoch 0088 [Test seq (cond on sampled tp)] | Loss 11659.884766 | Likelihood -11679.078125 | KL fp 4.7906 | FP STD 0.0165|
KL coef: 0.5433902522560855
Train loss (one batch): 9930.3388671875
Train CE loss (one batch): 0.0
Test MSE: 0.0234
Poisson likelihood: 0.0
CE loss: 0.0
Experiment 63902
Epoch 0089 [Test seq (cond on sampled tp)] | Loss 11607.272461 | Likelihood -11627.375000 | KL fp 4.8333 | FP STD 0.0151|
KL coef: 0.5479563497335247
Train loss (one batch): 9863.4580078125
Train CE loss (one batch): 0.0
Test MSE: 0.0233
Poisson likelihood: 0.0
CE loss: 0.0
Experiment 63902
Epoch 0090 [Test seq (cond on sampled tp)] | Loss 11577.182617 | Likelihood -11589.235352 | KL fp 5.0525 | FP STD 0.0130|
KL coef: 0.5524767862361895
Train loss (one batch): 9812.59375
Train CE loss (one batch): 0.0
Test MSE: 0.0232
Poisson likelihood: 0.0
CE loss: 0.0
Experiment 63902
Epoch 0091 [Test seq (cond on sampled tp)] | Loss 11532.874023 | Likelihood -11551.862305 | KL fp 5.0406 | FP STD 0.0130|
KL coef: 0.5569520183738275
Train loss (one batch): 9748.0966796875
Train CE loss (one batch): 0.0
Test MSE: 0.0231
Poisson likelihood: 0.0
CE loss: 0.0
Experiment 63902
Epoch 0092 [Test seq (cond on sampled tp)] | Loss 11504.213867 | Likelihood -11529.456055 | KL fp 4.8919 | FP STD 0.0145|
KL coef: 0.5613824981900892
Train loss (one batch): 9712.96875
Train CE loss (one batch): 0.0
Test MSE: 0.0231
Poisson likelihood: 0.0
CE loss: 0.0
Experiment 63902
Epoch 0093 [Test seq (cond on sampled tp)] | Loss 11423.245117 | Likelihood -11429.136719 | KL fp 4.8515 | FP STD 0.0151|
KL coef: 0.5657686732081884
Train loss (one batch): 9628.697265625
Train CE loss (one batch): 0.0
Test MSE: 0.0229
Poisson likelihood: 0.0
CE loss: 0.0
Experiment 63902
Epoch 0094 [Test seq (cond on sampled tp)] | Loss 11431.579102 | Likelihood -11447.707031 | KL fp 4.5017 | FP STD 0.0192|
KL coef: 0.5701109864761065
Train loss (one batch): 9653.5625
Train CE loss (one batch): 0.0
Test MSE: 0.0229
Poisson likelihood: 0.0
CE loss: 0.0
Experiment 63902
Epoch 0095 [Test seq (cond on sampled tp)] | Loss 11325.103516 | Likelihood -11332.665039 | KL fp 5.0172 | FP STD 0.0134|
KL coef: 0.5744098766113455
Train loss (one batch): 9553.412109375
Train CE loss (one batch): 0.0
Test MSE: 0.0227
Poisson likelihood: 0.0
CE loss: 0.0
Experiment 63902
Epoch 0096 [Test seq (cond on sampled tp)] | Loss 11291.594727 | Likelihood -11300.342773 | KL fp 4.9815 | FP STD 0.0140|
KL coef: 0.578665777845232
Train loss (one batch): 9537.2548828125
Train CE loss (one batch): 0.0
Test MSE: 0.0226
Poisson likelihood: 0.0
CE loss: 0.0
Experiment 63902
Epoch 0097 [Test seq (cond on sampled tp)] | Loss 11270.391602 | Likelihood -11275.953125 | KL fp 4.7316 | FP STD 0.0161|
KL coef: 0.5828791200667797
Train loss (one batch): 9491.755859375
Train CE loss (one batch): 0.0
Test MSE: 0.0226
Poisson likelihood: 0.0
CE loss: 0.0
Experiment 63902
Epoch 0098 [Test seq (cond on sampled tp)] | Loss 11213.332031 | Likelihood -11223.750000 | KL fp 4.8968 | FP STD 0.0141|
KL coef: 0.5870503288661119
Train loss (one batch): 9413.8857421875
Train CE loss (one batch): 0.0
Test MSE: 0.0225
Poisson likelihood: 0.0
CE loss: 0.0
Experiment 63902
Epoch 0099 [Test seq (cond on sampled tp)] | Loss 11121.606445 | Likelihood -11135.997070 | KL fp 4.9973 | FP STD 0.0136|
KL coef: 0.5911798255774507
Train loss (one batch): 9396.8955078125
Train CE loss (one batch): 0.0
Test MSE: 0.0223
Poisson likelihood: 0.0
CE loss: 0.0
Experiment 63902
Epoch 0100 [Test seq (cond on sampled tp)] | Loss 11083.775391 | Likelihood -11090.028320 | KL fp 4.8976 | FP STD 0.0146|
KL coef: 0.5952680273216762
Train loss (one batch): 9343.6748046875
Train CE loss (one batch): 0.0
Test MSE: 0.0222
Poisson likelihood: 0.0
CE loss: 0.0
