/Users/deyiliu/Dropbox/UNC/G4/Spring/790/code/latent_ode-master/run_models.py
run_models.py --niters 300 -n 1000 -l 15 --dataset hopper --latent-ode --z0-encoder rnn -r 1001
Experiment 58099
Epoch 0001 [Test seq (cond on sampled tp)] | Loss 44398.210938 | Likelihood -44882.957031 | KL fp 2.7423 | FP STD 0.1245|
KL coef: 0.0
Train loss (one batch): 50607.43359375
Train CE loss (one batch): 0.0
Test MSE: 0.0898
Poisson likelihood: 0.0
CE loss: 0.0
Experiment 58099
Epoch 0002 [Test seq (cond on sampled tp)] | Loss 29947.705078 | Likelihood -30035.078125 | KL fp 3.7355 | FP STD 0.0625|
KL coef: 0.0
Train loss (one batch): 31496.38671875
Train CE loss (one batch): 0.0
Test MSE: 0.0601
Poisson likelihood: 0.0
CE loss: 0.0
Experiment 58099
Epoch 0003 [Test seq (cond on sampled tp)] | Loss 27881.337891 | Likelihood -27953.382812 | KL fp 3.9243 | FP STD 0.0419|
KL coef: 0.0
Train loss (one batch): 29106.921875
Train CE loss (one batch): 0.0
Test MSE: 0.0559
Poisson likelihood: 0.0
CE loss: 0.0
Experiment 58099
Epoch 0004 [Test seq (cond on sampled tp)] | Loss 27643.851562 | Likelihood -27786.099609 | KL fp 3.5958 | FP STD 0.0576|
KL coef: 0.0
Train loss (one batch): 28806.27734375
Train CE loss (one batch): 0.0
Test MSE: 0.0556
Poisson likelihood: 0.0
CE loss: 0.0
Experiment 58099
Epoch 0005 [Test seq (cond on sampled tp)] | Loss 27414.800781 | Likelihood -27460.400391 | KL fp 3.7790 | FP STD 0.0461|
KL coef: 0.0
Train loss (one batch): 28501.755859375
Train CE loss (one batch): 0.0
Test MSE: 0.0549
Poisson likelihood: 0.0
CE loss: 0.0
Experiment 58099
Epoch 0006 [Test seq (cond on sampled tp)] | Loss 27155.664062 | Likelihood -27171.507812 | KL fp 4.1498 | FP STD 0.0376|
KL coef: 0.0
Train loss (one batch): 27855.72265625
Train CE loss (one batch): 0.0
Test MSE: 0.0544
Poisson likelihood: 0.0
CE loss: 0.0
Experiment 58099
Epoch 0007 [Test seq (cond on sampled tp)] | Loss 26761.197266 | Likelihood -26859.607422 | KL fp 4.2103 | FP STD 0.0384|
KL coef: 0.0
Train loss (one batch): 27732.744140625
Train CE loss (one batch): 0.0
Test MSE: 0.0537
Poisson likelihood: 0.0
CE loss: 0.0
Experiment 58099
Epoch 0008 [Test seq (cond on sampled tp)] | Loss 26222.687500 | Likelihood -26273.240234 | KL fp 3.9316 | FP STD 0.0395|
KL coef: 0.0
Train loss (one batch): 27261.625
Train CE loss (one batch): 0.0
Test MSE: 0.0526
Poisson likelihood: 0.0
CE loss: 0.0
Experiment 58099
Epoch 0009 [Test seq (cond on sampled tp)] | Loss 25137.505859 | Likelihood -25209.273438 | KL fp 4.0055 | FP STD 0.0428|
KL coef: 0.0
Train loss (one batch): 26235.400390625
Train CE loss (one batch): 0.0
Test MSE: 0.0504
Poisson likelihood: 0.0
CE loss: 0.0
Experiment 58099
Epoch 0010 [Test seq (cond on sampled tp)] | Loss 23593.068359 | Likelihood -23622.279297 | KL fp 3.6196 | FP STD 0.0480|
KL coef: 0.0
Train loss (one batch): 24751.35546875
Train CE loss (one batch): 0.0
Test MSE: 0.0473
Poisson likelihood: 0.0
CE loss: 0.0
Experiment 58099
Epoch 0011 [Test seq (cond on sampled tp)] | Loss 22357.798828 | Likelihood -22415.822266 | KL fp 3.7253 | FP STD 0.0461|
KL coef: 0.010000000000000009
Train loss (one batch): 23150.66015625
Train CE loss (one batch): 0.0
Test MSE: 0.0448
Poisson likelihood: 0.0
CE loss: 0.0
Experiment 58099
Epoch 0012 [Test seq (cond on sampled tp)] | Loss 21482.849609 | Likelihood -21524.392578 | KL fp 4.1912 | FP STD 0.0318|
KL coef: 0.01990000000000003
Train loss (one batch): 21837.07421875
Train CE loss (one batch): 0.0
Test MSE: 0.0431
Poisson likelihood: 0.0
CE loss: 0.0
Experiment 58099
Epoch 0013 [Test seq (cond on sampled tp)] | Loss 20756.226562 | Likelihood -20803.085938 | KL fp 3.9963 | FP STD 0.0388|
KL coef: 0.029700999999999977
Train loss (one batch): 20857.201171875
Train CE loss (one batch): 0.0
Test MSE: 0.0416
Poisson likelihood: 0.0
CE loss: 0.0
Experiment 58099
Epoch 0014 [Test seq (cond on sampled tp)] | Loss 20064.312500 | Likelihood -20093.306641 | KL fp 4.0265 | FP STD 0.0356|
KL coef: 0.039403990000000055
Train loss (one batch): 19842.931640625
Train CE loss (one batch): 0.0
Test MSE: 0.0402
Poisson likelihood: 0.0
CE loss: 0.0
Experiment 58099
Epoch 0015 [Test seq (cond on sampled tp)] | Loss 19260.509766 | Likelihood -19280.708984 | KL fp 4.1204 | FP STD 0.0324|
KL coef: 0.04900995010000009
Train loss (one batch): 19162.212890625
Train CE loss (one batch): 0.0
Test MSE: 0.0386
Poisson likelihood: 0.0
CE loss: 0.0
Experiment 58099
Epoch 0016 [Test seq (cond on sampled tp)] | Loss 18436.734375 | Likelihood -18460.708984 | KL fp 4.1447 | FP STD 0.0330|
KL coef: 0.058519850599
Train loss (one batch): 18426.60546875
Train CE loss (one batch): 0.0
Test MSE: 0.0369
Poisson likelihood: 0.0
CE loss: 0.0
Experiment 58099
Epoch 0017 [Test seq (cond on sampled tp)] | Loss 17612.546875 | Likelihood -17629.117188 | KL fp 4.2885 | FP STD 0.0312|
KL coef: 0.06793465209301008
Train loss (one batch): 17576.21484375
Train CE loss (one batch): 0.0
Test MSE: 0.0353
Poisson likelihood: 0.0
CE loss: 0.0
Experiment 58099
Epoch 0018 [Test seq (cond on sampled tp)] | Loss 16959.121094 | Likelihood -16975.408203 | KL fp 4.0955 | FP STD 0.0342|
KL coef: 0.07725530557207994
Train loss (one batch): 17130.64453125
Train CE loss (one batch): 0.0
Test MSE: 0.0340
Poisson likelihood: 0.0
CE loss: 0.0
Experiment 58099
Epoch 0019 [Test seq (cond on sampled tp)] | Loss 16493.724609 | Likelihood -16513.486328 | KL fp 4.2388 | FP STD 0.0313|
KL coef: 0.08648275251635917
Train loss (one batch): 16931.630859375
Train CE loss (one batch): 0.0
Test MSE: 0.0330
Poisson likelihood: 0.0
CE loss: 0.0
Experiment 58099
Epoch 0020 [Test seq (cond on sampled tp)] | Loss 16193.886719 | Likelihood -16221.187500 | KL fp 4.2374 | FP STD 0.0281|
KL coef: 0.09561792499119559
Train loss (one batch): 16406.26953125
Train CE loss (one batch): 0.0
Test MSE: 0.0325
Poisson likelihood: 0.0
CE loss: 0.0
Experiment 58099
Epoch 0021 [Test seq (cond on sampled tp)] | Loss 15929.467773 | Likelihood -15968.511719 | KL fp 4.4203 | FP STD 0.0246|
KL coef: 0.10466174574128362
Train loss (one batch): 16150.119140625
Train CE loss (one batch): 0.0
Test MSE: 0.0319
Poisson likelihood: 0.0
CE loss: 0.0
Experiment 58099
Epoch 0022 [Test seq (cond on sampled tp)] | Loss 15721.699219 | Likelihood -15727.648438 | KL fp 4.4270 | FP STD 0.0234|
KL coef: 0.11361512828387077
Train loss (one batch): 15991.083984375
Train CE loss (one batch): 0.0
Test MSE: 0.0315
Poisson likelihood: 0.0
CE loss: 0.0
Experiment 58099
Epoch 0023 [Test seq (cond on sampled tp)] | Loss 15560.642578 | Likelihood -15612.218750 | KL fp 4.2971 | FP STD 0.0279|
KL coef: 0.12247897700103216
Train loss (one batch): 15779.591796875
Train CE loss (one batch): 0.0
Test MSE: 0.0312
Poisson likelihood: 0.0
CE loss: 0.0
Experiment 58099
Epoch 0024 [Test seq (cond on sampled tp)] | Loss 15399.949219 | Likelihood -15453.410156 | KL fp 4.2616 | FP STD 0.0290|
KL coef: 0.13125418723102178
Train loss (one batch): 15547.5859375
Train CE loss (one batch): 0.0
Test MSE: 0.0309
Poisson likelihood: 0.0
CE loss: 0.0
Experiment 58099
Epoch 0025 [Test seq (cond on sampled tp)] | Loss 15241.145508 | Likelihood -15263.328125 | KL fp 4.4113 | FP STD 0.0260|
KL coef: 0.13994164535871156
Train loss (one batch): 15380.1923828125
Train CE loss (one batch): 0.0
Test MSE: 0.0305
Poisson likelihood: 0.0
CE loss: 0.0
Experiment 58099
Epoch 0026 [Test seq (cond on sampled tp)] | Loss 15059.646484 | Likelihood -15069.856445 | KL fp 4.2025 | FP STD 0.0294|
KL coef: 0.14854222890512447
Train loss (one batch): 15134.9755859375
Train CE loss (one batch): 0.0
Test MSE: 0.0302
Poisson likelihood: 0.0
CE loss: 0.0
Experiment 58099
Epoch 0027 [Test seq (cond on sampled tp)] | Loss 14786.621094 | Likelihood -14817.262695 | KL fp 4.2966 | FP STD 0.0259|
KL coef: 0.15705680661607324
Train loss (one batch): 14938.9970703125
Train CE loss (one batch): 0.0
Test MSE: 0.0296
Poisson likelihood: 0.0
CE loss: 0.0
Experiment 58099
Epoch 0028 [Test seq (cond on sampled tp)] | Loss 14577.280273 | Likelihood -14602.899414 | KL fp 4.4114 | FP STD 0.0254|
KL coef: 0.1654862385499125
Train loss (one batch): 14654.9443359375
Train CE loss (one batch): 0.0
Test MSE: 0.0292
Poisson likelihood: 0.0
CE loss: 0.0
Experiment 58099
Epoch 0029 [Test seq (cond on sampled tp)] | Loss 14331.590820 | Likelihood -14353.078125 | KL fp 4.4328 | FP STD 0.0236|
KL coef: 0.17383137616441335
Train loss (one batch): 14447.53125
Train CE loss (one batch): 0.0
Test MSE: 0.0287
Poisson likelihood: 0.0
CE loss: 0.0
Experiment 58099
Epoch 0030 [Test seq (cond on sampled tp)] | Loss 14116.367188 | Likelihood -14150.270508 | KL fp 4.4195 | FP STD 0.0236|
KL coef: 0.18209306240276923
Train loss (one batch): 14099.841796875
Train CE loss (one batch): 0.0
Test MSE: 0.0283
Poisson likelihood: 0.0
CE loss: 0.0
Experiment 58099
Epoch 0031 [Test seq (cond on sampled tp)] | Loss 13906.725586 | Likelihood -13923.656250 | KL fp 4.5592 | FP STD 0.0239|
KL coef: 0.19027213177874158
Train loss (one batch): 13939.4111328125
Train CE loss (one batch): 0.0
Test MSE: 0.0279
Poisson likelihood: 0.0
CE loss: 0.0
Experiment 58099
Epoch 0032 [Test seq (cond on sampled tp)] | Loss 13690.097656 | Likelihood -13704.898438 | KL fp 4.6140 | FP STD 0.0200|
KL coef: 0.19836941046095413
Train loss (one batch): 13697.6796875
Train CE loss (one batch): 0.0
Test MSE: 0.0274
Poisson likelihood: 0.0
CE loss: 0.0
Experiment 58099
Epoch 0033 [Test seq (cond on sampled tp)] | Loss 13457.193359 | Likelihood -13495.862305 | KL fp 4.7523 | FP STD 0.0197|
KL coef: 0.20638571635634462
Train loss (one batch): 13332.9423828125
Train CE loss (one batch): 0.0
Test MSE: 0.0270
Poisson likelihood: 0.0
CE loss: 0.0
Experiment 58099
Epoch 0034 [Test seq (cond on sampled tp)] | Loss 13309.300781 | Likelihood -13330.742188 | KL fp 4.5466 | FP STD 0.0227|
KL coef: 0.21432185919278124
Train loss (one batch): 13120.3857421875
Train CE loss (one batch): 0.0
Test MSE: 0.0267
Poisson likelihood: 0.0
CE loss: 0.0
Experiment 58099
Epoch 0035 [Test seq (cond on sampled tp)] | Loss 13133.190430 | Likelihood -13139.139648 | KL fp 4.5169 | FP STD 0.0221|
KL coef: 0.22217864060085335
Train loss (one batch): 12953.990234375
Train CE loss (one batch): 0.0
Test MSE: 0.0263
Poisson likelihood: 0.0
CE loss: 0.0
Experiment 58099
Epoch 0036 [Test seq (cond on sampled tp)] | Loss 12929.618164 | Likelihood -12958.772461 | KL fp 4.5962 | FP STD 0.0217|
KL coef: 0.2299568541948449
Train loss (one batch): 12837.4208984375
Train CE loss (one batch): 0.0
Test MSE: 0.0259
Poisson likelihood: 0.0
CE loss: 0.0
Experiment 58099
Epoch 0037 [Test seq (cond on sampled tp)] | Loss 12844.994141 | Likelihood -12856.420898 | KL fp 4.4114 | FP STD 0.0265|
KL coef: 0.23765728565289646
Train loss (one batch): 12774.73046875
Train CE loss (one batch): 0.0
Test MSE: 0.0257
Poisson likelihood: 0.0
CE loss: 0.0
Experiment 58099
Epoch 0038 [Test seq (cond on sampled tp)] | Loss 12672.579102 | Likelihood -12683.698242 | KL fp 4.6958 | FP STD 0.0197|
KL coef: 0.24528071279636743
Train loss (one batch): 12513.3623046875
Train CE loss (one batch): 0.0
Test MSE: 0.0254
Poisson likelihood: 0.0
CE loss: 0.0
Experiment 58099
Epoch 0039 [Test seq (cond on sampled tp)] | Loss 12549.940430 | Likelihood -12557.414062 | KL fp 4.4828 | FP STD 0.0228|
KL coef: 0.25282790566840385
Train loss (one batch): 12463.2333984375
Train CE loss (one batch): 0.0
Test MSE: 0.0251
Poisson likelihood: 0.0
CE loss: 0.0
Experiment 58099
Epoch 0040 [Test seq (cond on sampled tp)] | Loss 12379.845703 | Likelihood -12393.742188 | KL fp 4.6018 | FP STD 0.0206|
KL coef: 0.2602996266117198
Train loss (one batch): 12286.033203125
Train CE loss (one batch): 0.0
Test MSE: 0.0248
Poisson likelihood: 0.0
CE loss: 0.0
Experiment 58099
Epoch 0041 [Test seq (cond on sampled tp)] | Loss 12186.005859 | Likelihood -12218.698242 | KL fp 4.5613 | FP STD 0.0209|
KL coef: 0.26769663034560254
Train loss (one batch): 12138.4619140625
Train CE loss (one batch): 0.0
Test MSE: 0.0244
Poisson likelihood: 0.0
CE loss: 0.0
Experiment 58099
Epoch 0042 [Test seq (cond on sampled tp)] | Loss 12109.135742 | Likelihood -12122.346680 | KL fp 4.6866 | FP STD 0.0189|
KL coef: 0.2750196640421466
Train loss (one batch): 11983.3505859375
Train CE loss (one batch): 0.0
Test MSE: 0.0243
Poisson likelihood: 0.0
CE loss: 0.0
Experiment 58099
Epoch 0043 [Test seq (cond on sampled tp)] | Loss 11968.344727 | Likelihood -11981.882812 | KL fp 4.4453 | FP STD 0.0224|
KL coef: 0.2822694674017251
Train loss (one batch): 11876.77734375
Train CE loss (one batch): 0.0
Test MSE: 0.0240
Poisson likelihood: 0.0
CE loss: 0.0
Experiment 58099
Epoch 0044 [Test seq (cond on sampled tp)] | Loss 11838.942383 | Likelihood -11843.958008 | KL fp 4.7038 | FP STD 0.0178|
KL coef: 0.2894467727277079
Train loss (one batch): 11711.3486328125
Train CE loss (one batch): 0.0
Test MSE: 0.0237
Poisson likelihood: 0.0
CE loss: 0.0
Experiment 58099
Epoch 0045 [Test seq (cond on sampled tp)] | Loss 11717.002930 | Likelihood -11733.690430 | KL fp 4.7661 | FP STD 0.0170|
KL coef: 0.29655230500043084
Train loss (one batch): 11579.078125
Train CE loss (one batch): 0.0
Test MSE: 0.0235
Poisson likelihood: 0.0
CE loss: 0.0
Experiment 58099
Epoch 0046 [Test seq (cond on sampled tp)] | Loss 11596.847656 | Likelihood -11599.770508 | KL fp 4.7239 | FP STD 0.0183|
KL coef: 0.30358678195042654
Train loss (one batch): 11442.376953125
Train CE loss (one batch): 0.0
Test MSE: 0.0232
Poisson likelihood: 0.0
CE loss: 0.0
Experiment 58099
Epoch 0047 [Test seq (cond on sampled tp)] | Loss 11505.577148 | Likelihood -11517.903320 | KL fp 4.6581 | FP STD 0.0194|
KL coef: 0.3105509141309223
Train loss (one batch): 11380.25
Train CE loss (one batch): 0.0
Test MSE: 0.0230
Poisson likelihood: 0.0
CE loss: 0.0
Experiment 58099
Epoch 0048 [Test seq (cond on sampled tp)] | Loss 11368.115234 | Likelihood -11373.921875 | KL fp 4.6885 | FP STD 0.0182|
KL coef: 0.31744540498961304
Train loss (one batch): 11244.8525390625
Train CE loss (one batch): 0.0
Test MSE: 0.0228
Poisson likelihood: 0.0
CE loss: 0.0
Experiment 58099
Epoch 0049 [Test seq (cond on sampled tp)] | Loss 11263.819336 | Likelihood -11268.652344 | KL fp 4.8801 | FP STD 0.0156|
KL coef: 0.3242709509397169
Train loss (one batch): 11108.408203125
Train CE loss (one batch): 0.0
Test MSE: 0.0225
Poisson likelihood: 0.0
CE loss: 0.0
Experiment 58099
Epoch 0050 [Test seq (cond on sampled tp)] | Loss 11162.505859 | Likelihood -11171.226562 | KL fp 4.7538 | FP STD 0.0179|
KL coef: 0.3310282414303197
Train loss (one batch): 10978.072265625
Train CE loss (one batch): 0.0
Test MSE: 0.0224
Poisson likelihood: 0.0
CE loss: 0.0
Experiment 58099
Epoch 0051 [Test seq (cond on sampled tp)] | Loss 11019.529297 | Likelihood -11033.284180 | KL fp 4.6950 | FP STD 0.0187|
KL coef: 0.33771795901601653
Train loss (one batch): 10848.0029296875
Train CE loss (one batch): 0.0
Test MSE: 0.0221
Poisson likelihood: 0.0
CE loss: 0.0
Experiment 58099
Epoch 0052 [Test seq (cond on sampled tp)] | Loss 10877.789062 | Likelihood -10882.116211 | KL fp 4.8876 | FP STD 0.0157|
KL coef: 0.3443407794258564
Train loss (one batch): 10725.044921875
Train CE loss (one batch): 0.0
Test MSE: 0.0218
Poisson likelihood: 0.0
CE loss: 0.0
Experiment 58099
Epoch 0053 [Test seq (cond on sampled tp)] | Loss 10757.494141 | Likelihood -10783.756836 | KL fp 4.5751 | FP STD 0.0197|
KL coef: 0.35089737163159784
Train loss (one batch): 10553.6650390625
Train CE loss (one batch): 0.0
Test MSE: 0.0216
Poisson likelihood: 0.0
CE loss: 0.0
Experiment 58099
Epoch 0054 [Test seq (cond on sampled tp)] | Loss 10606.683594 | Likelihood -10614.973633 | KL fp 4.6493 | FP STD 0.0200|
KL coef: 0.3573883979152819
Train loss (one batch): 10304.98828125
Train CE loss (one batch): 0.0
Test MSE: 0.0212
Poisson likelihood: 0.0
CE loss: 0.0
Experiment 58099
Epoch 0055 [Test seq (cond on sampled tp)] | Loss 10471.753906 | Likelihood -10483.906250 | KL fp 4.7809 | FP STD 0.0176|
KL coef: 0.36381451393612907
Train loss (one batch): 10113.6181640625
Train CE loss (one batch): 0.0
Test MSE: 0.0210
Poisson likelihood: 0.0
CE loss: 0.0
Experiment 58099
Epoch 0056 [Test seq (cond on sampled tp)] | Loss 10291.494141 | Likelihood -10314.500000 | KL fp 4.7830 | FP STD 0.0189|
KL coef: 0.37017636879676774
Train loss (one batch): 9942.783203125
Train CE loss (one batch): 0.0
Test MSE: 0.0206
Poisson likelihood: 0.0
CE loss: 0.0
Experiment 58099
Epoch 0057 [Test seq (cond on sampled tp)] | Loss 10106.208984 | Likelihood -10136.726562 | KL fp 4.7230 | FP STD 0.0183|
KL coef: 0.37647460510880004
Train loss (one batch): 9752.5966796875
Train CE loss (one batch): 0.0
Test MSE: 0.0203
Poisson likelihood: 0.0
CE loss: 0.0
Experiment 58099
Epoch 0058 [Test seq (cond on sampled tp)] | Loss 9945.125977 | Likelihood -9972.319336 | KL fp 4.6486 | FP STD 0.0216|
KL coef: 0.38270985905771204
Train loss (one batch): 9573.94140625
Train CE loss (one batch): 0.0
Test MSE: 0.0200
Poisson likelihood: 0.0
CE loss: 0.0
Experiment 58099
Epoch 0059 [Test seq (cond on sampled tp)] | Loss 9747.043945 | Likelihood -9757.462891 | KL fp 4.7298 | FP STD 0.0198|
KL coef: 0.388882760467135
Train loss (one batch): 9339.5361328125
Train CE loss (one batch): 0.0
Test MSE: 0.0195
Poisson likelihood: 0.0
CE loss: 0.0
Experiment 58099
Epoch 0060 [Test seq (cond on sampled tp)] | Loss 9567.945312 | Likelihood -9588.764648 | KL fp 4.6937 | FP STD 0.0189|
KL coef: 0.39499393286246365
Train loss (one batch): 9221.65625
Train CE loss (one batch): 0.0
Test MSE: 0.0192
Poisson likelihood: 0.0
CE loss: 0.0
Experiment 58099
Epoch 0061 [Test seq (cond on sampled tp)] | Loss 9464.426758 | Likelihood -9472.697266 | KL fp 4.7212 | FP STD 0.0177|
KL coef: 0.401043993533839
Train loss (one batch): 9096.6357421875
Train CE loss (one batch): 0.0
Test MSE: 0.0190
Poisson likelihood: 0.0
CE loss: 0.0
Experiment 58099
Epoch 0062 [Test seq (cond on sampled tp)] | Loss 9326.054688 | Likelihood -9333.022461 | KL fp 4.8105 | FP STD 0.0162|
KL coef: 0.4070335535985006
Train loss (one batch): 8980.6689453125
Train CE loss (one batch): 0.0
Test MSE: 0.0187
Poisson likelihood: 0.0
CE loss: 0.0
Experiment 58099
Epoch 0063 [Test seq (cond on sampled tp)] | Loss 9204.798828 | Likelihood -9211.851562 | KL fp 4.9771 | FP STD 0.0142|
KL coef: 0.41296321806251557
Train loss (one batch): 8866.6884765625
Train CE loss (one batch): 0.0
Test MSE: 0.0184
Poisson likelihood: 0.0
CE loss: 0.0
Experiment 58099
Epoch 0064 [Test seq (cond on sampled tp)] | Loss 9097.918945 | Likelihood -9108.351562 | KL fp 4.8597 | FP STD 0.0153|
KL coef: 0.41883358588189046
Train loss (one batch): 8762.76953125
Train CE loss (one batch): 0.0
Test MSE: 0.0182
Poisson likelihood: 0.0
CE loss: 0.0
Experiment 58099
Epoch 0065 [Test seq (cond on sampled tp)] | Loss 9003.814453 | Likelihood -9005.483398 | KL fp 4.8932 | FP STD 0.0158|
KL coef: 0.4246452500230715
Train loss (one batch): 8701.443359375
Train CE loss (one batch): 0.0
Test MSE: 0.0180
Poisson likelihood: 0.0
CE loss: 0.0
Experiment 58099
Epoch 0066 [Test seq (cond on sampled tp)] | Loss 8874.289062 | Likelihood -8884.026367 | KL fp 5.0346 | FP STD 0.0133|
KL coef: 0.4303987975228408
Train loss (one batch): 8584.1865234375
Train CE loss (one batch): 0.0
Test MSE: 0.0178
Poisson likelihood: 0.0
CE loss: 0.0
Experiment 58099
Epoch 0067 [Test seq (cond on sampled tp)] | Loss 8808.154297 | Likelihood -8818.542969 | KL fp 5.0687 | FP STD 0.0128|
KL coef: 0.4360948095476125
Train loss (one batch): 8499.060546875
Train CE loss (one batch): 0.0
Test MSE: 0.0176
Poisson likelihood: 0.0
CE loss: 0.0
Experiment 58099
Epoch 0068 [Test seq (cond on sampled tp)] | Loss 8727.756836 | Likelihood -8736.153320 | KL fp 4.9250 | FP STD 0.0145|
KL coef: 0.44173386145213633
Train loss (one batch): 8419.46484375
Train CE loss (one batch): 0.0
Test MSE: 0.0175
Poisson likelihood: 0.0
CE loss: 0.0
Experiment 58099
Epoch 0069 [Test seq (cond on sampled tp)] | Loss 8662.592773 | Likelihood -8663.548828 | KL fp 4.8740 | FP STD 0.0149|
KL coef: 0.4473165228376149
Train loss (one batch): 8356.7109375
Train CE loss (one batch): 0.0
Test MSE: 0.0173
Poisson likelihood: 0.0
CE loss: 0.0
Experiment 58099
Epoch 0070 [Test seq (cond on sampled tp)] | Loss 8571.049805 | Likelihood -8576.041016 | KL fp 5.0358 | FP STD 0.0130|
KL coef: 0.4528433576092388
Train loss (one batch): 8284.26953125
Train CE loss (one batch): 0.0
Test MSE: 0.0172
Poisson likelihood: 0.0
CE loss: 0.0
Experiment 58099
Epoch 0071 [Test seq (cond on sampled tp)] | Loss 8505.246094 | Likelihood -8520.680664 | KL fp 4.8103 | FP STD 0.0155|
KL coef: 0.45831492403314644
Train loss (one batch): 8263.7470703125
Train CE loss (one batch): 0.0
Test MSE: 0.0171
Poisson likelihood: 0.0
CE loss: 0.0
Experiment 58099
Epoch 0072 [Test seq (cond on sampled tp)] | Loss 8445.254883 | Likelihood -8451.923828 | KL fp 4.9284 | FP STD 0.0140|
KL coef: 0.463731774792815
Train loss (one batch): 8164.15283203125
Train CE loss (one batch): 0.0
Test MSE: 0.0169
Poisson likelihood: 0.0
CE loss: 0.0
Experiment 58099
Epoch 0073 [Test seq (cond on sampled tp)] | Loss 8364.400391 | Likelihood -8369.285156 | KL fp 5.1610 | FP STD 0.0113|
KL coef: 0.46909445704488684
Train loss (one batch): 8079.98681640625
Train CE loss (one batch): 0.0
Test MSE: 0.0168
Poisson likelihood: 0.0
CE loss: 0.0
Experiment 58099
Epoch 0074 [Test seq (cond on sampled tp)] | Loss 8308.271484 | Likelihood -8307.027344 | KL fp 5.1321 | FP STD 0.0115|
KL coef: 0.474403512474438
Train loss (one batch): 8006.033203125
Train CE loss (one batch): 0.0
Test MSE: 0.0166
Poisson likelihood: 0.0
CE loss: 0.0
Experiment 58099
Epoch 0075 [Test seq (cond on sampled tp)] | Loss 8263.820312 | Likelihood -8264.438477 | KL fp 5.0855 | FP STD 0.0125|
KL coef: 0.4796594773496936
Train loss (one batch): 7959.28955078125
Train CE loss (one batch): 0.0
Test MSE: 0.0165
Poisson likelihood: 0.0
CE loss: 0.0
Experiment 58099
Epoch 0076 [Test seq (cond on sampled tp)] | Loss 8210.241211 | Likelihood -8210.159180 | KL fp 5.1274 | FP STD 0.0121|
KL coef: 0.4848628825761967
Train loss (one batch): 7904.51025390625
Train CE loss (one batch): 0.0
Test MSE: 0.0164
Poisson likelihood: 0.0
CE loss: 0.0
Experiment 58099
Epoch 0077 [Test seq (cond on sampled tp)] | Loss 8155.279297 | Likelihood -8154.244629 | KL fp 5.0963 | FP STD 0.0115|
KL coef: 0.4900142537504347
Train loss (one batch): 7850.22314453125
Train CE loss (one batch): 0.0
Test MSE: 0.0163
Poisson likelihood: 0.0
CE loss: 0.0
Experiment 58099
Epoch 0078 [Test seq (cond on sampled tp)] | Loss 8104.990234 | Likelihood -8106.526855 | KL fp 5.2554 | FP STD 0.0099|
KL coef: 0.49511411121293036
Train loss (one batch): 7806.900390625
Train CE loss (one batch): 0.0
Test MSE: 0.0162
Poisson likelihood: 0.0
CE loss: 0.0
Experiment 58099
Epoch 0079 [Test seq (cond on sampled tp)] | Loss 8057.096191 | Likelihood -8058.972656 | KL fp 5.1936 | FP STD 0.0106|
KL coef: 0.500162970100801
Train loss (one batch): 7769.03515625
Train CE loss (one batch): 0.0
Test MSE: 0.0161
Poisson likelihood: 0.0
CE loss: 0.0
Experiment 58099
Epoch 0080 [Test seq (cond on sampled tp)] | Loss 8034.073242 | Likelihood -8037.229980 | KL fp 5.0830 | FP STD 0.0114|
KL coef: 0.505161340399793
Train loss (one batch): 7718.630859375
Train CE loss (one batch): 0.0
Test MSE: 0.0161
Poisson likelihood: 0.0
CE loss: 0.0
Experiment 58099
Epoch 0081 [Test seq (cond on sampled tp)] | Loss 8021.369629 | Likelihood -8032.973145 | KL fp 4.9135 | FP STD 0.0146|
KL coef: 0.510109726995795
Train loss (one batch): 7744.02587890625
Train CE loss (one batch): 0.0
Test MSE: 0.0161
Poisson likelihood: 0.0
CE loss: 0.0
Experiment 58099
Epoch 0082 [Test seq (cond on sampled tp)] | Loss 7994.073730 | Likelihood -8002.630371 | KL fp 5.0407 | FP STD 0.0135|
KL coef: 0.5150086297258372
Train loss (one batch): 7704.17724609375
Train CE loss (one batch): 0.0
Test MSE: 0.0160
Poisson likelihood: 0.0
CE loss: 0.0
Experiment 58099
Epoch 0083 [Test seq (cond on sampled tp)] | Loss 7924.971191 | Likelihood -7928.019043 | KL fp 5.1788 | FP STD 0.0109|
KL coef: 0.5198585434285787
Train loss (one batch): 7653.21337890625
Train CE loss (one batch): 0.0
Test MSE: 0.0159
Poisson likelihood: 0.0
CE loss: 0.0
Experiment 58099
Epoch 0084 [Test seq (cond on sampled tp)] | Loss 7875.468750 | Likelihood -7880.710938 | KL fp 5.2170 | FP STD 0.0103|
KL coef: 0.524659957994293
Train loss (one batch): 7592.220703125
Train CE loss (one batch): 0.0
Test MSE: 0.0158
Poisson likelihood: 0.0
CE loss: 0.0
Experiment 58099
Epoch 0085 [Test seq (cond on sampled tp)] | Loss 7850.148438 | Likelihood -7854.375488 | KL fp 5.2048 | FP STD 0.0104|
KL coef: 0.5294133584143501
Train loss (one batch): 7556.94384765625
Train CE loss (one batch): 0.0
Test MSE: 0.0157
Poisson likelihood: 0.0
CE loss: 0.0
Experiment 58099
Epoch 0086 [Test seq (cond on sampled tp)] | Loss 7830.960449 | Likelihood -7837.566406 | KL fp 5.1080 | FP STD 0.0113|
KL coef: 0.5341192248302067
Train loss (one batch): 7526.9443359375
Train CE loss (one batch): 0.0
Test MSE: 0.0157
Poisson likelihood: 0.0
CE loss: 0.0
Experiment 58099
Epoch 0087 [Test seq (cond on sampled tp)] | Loss 7777.225586 | Likelihood -7779.701172 | KL fp 5.1233 | FP STD 0.0110|
KL coef: 0.5387780325819045
Train loss (one batch): 7490.0556640625
Train CE loss (one batch): 0.0
Test MSE: 0.0156
Poisson likelihood: 0.0
CE loss: 0.0
Experiment 58099
Epoch 0088 [Test seq (cond on sampled tp)] | Loss 7758.150879 | Likelihood -7763.685059 | KL fp 5.1892 | FP STD 0.0100|
KL coef: 0.5433902522560855
Train loss (one batch): 7453.53955078125
Train CE loss (one batch): 0.0
Test MSE: 0.0155
Poisson likelihood: 0.0
CE loss: 0.0
Experiment 58099
Epoch 0089 [Test seq (cond on sampled tp)] | Loss 7738.445801 | Likelihood -7742.542969 | KL fp 5.0769 | FP STD 0.0125|
KL coef: 0.5479563497335247
Train loss (one batch): 7419.77783203125
Train CE loss (one batch): 0.0
Test MSE: 0.0155
Poisson likelihood: 0.0
CE loss: 0.0
Experiment 58099
Epoch 0090 [Test seq (cond on sampled tp)] | Loss 7675.841797 | Likelihood -7676.095703 | KL fp 5.2159 | FP STD 0.0103|
KL coef: 0.5524767862361895
Train loss (one batch): 7375.25341796875
Train CE loss (one batch): 0.0
Test MSE: 0.0154
Poisson likelihood: 0.0
CE loss: 0.0
Experiment 58099
Epoch 0091 [Test seq (cond on sampled tp)] | Loss 7648.751465 | Likelihood -7650.018066 | KL fp 5.2875 | FP STD 0.0098|
KL coef: 0.5569520183738275
Train loss (one batch): 7327.94287109375
Train CE loss (one batch): 0.0
Test MSE: 0.0153
Poisson likelihood: 0.0
CE loss: 0.0
Experiment 58099
Epoch 0092 [Test seq (cond on sampled tp)] | Loss 7625.364258 | Likelihood -7636.515625 | KL fp 4.9853 | FP STD 0.0133|
KL coef: 0.5613824981900892
Train loss (one batch): 7340.93505859375
Train CE loss (one batch): 0.0
Test MSE: 0.0153
Poisson likelihood: 0.0
CE loss: 0.0
Experiment 58099
Epoch 0093 [Test seq (cond on sampled tp)] | Loss 7614.020020 | Likelihood -7619.601562 | KL fp 5.0233 | FP STD 0.0138|
KL coef: 0.5657686732081884
Train loss (one batch): 7295.3017578125
Train CE loss (one batch): 0.0
Test MSE: 0.0153
Poisson likelihood: 0.0
CE loss: 0.0
Experiment 58099
Epoch 0094 [Test seq (cond on sampled tp)] | Loss 7547.351074 | Likelihood -7551.526855 | KL fp 5.1872 | FP STD 0.0114|
KL coef: 0.5701109864761065
Train loss (one batch): 7238.60595703125
Train CE loss (one batch): 0.0
Test MSE: 0.0151
Poisson likelihood: 0.0
CE loss: 0.0
Experiment 58099
Epoch 0095 [Test seq (cond on sampled tp)] | Loss 7533.774902 | Likelihood -7535.498535 | KL fp 5.1256 | FP STD 0.0114|
KL coef: 0.5744098766113455
Train loss (one batch): 7203.87890625
Train CE loss (one batch): 0.0
Test MSE: 0.0151
Poisson likelihood: 0.0
CE loss: 0.0
Experiment 58099
Epoch 0096 [Test seq (cond on sampled tp)] | Loss 7477.849609 | Likelihood -7476.136719 | KL fp 5.2716 | FP STD 0.0095|
KL coef: 0.578665777845232
Train loss (one batch): 7153.34130859375
Train CE loss (one batch): 0.0
Test MSE: 0.0150
Poisson likelihood: 0.0
CE loss: 0.0
Experiment 58099
Epoch 0097 [Test seq (cond on sampled tp)] | Loss 7433.621094 | Likelihood -7432.945312 | KL fp 5.2120 | FP STD 0.0102|
KL coef: 0.5828791200667797
Train loss (one batch): 7138.0068359375
Train CE loss (one batch): 0.0
Test MSE: 0.0149
Poisson likelihood: 0.0
CE loss: 0.0
Experiment 58099
Epoch 0098 [Test seq (cond on sampled tp)] | Loss 7408.514160 | Likelihood -7412.082031 | KL fp 5.2265 | FP STD 0.0101|
KL coef: 0.5870503288661119
Train loss (one batch): 7085.50244140625
Train CE loss (one batch): 0.0
Test MSE: 0.0148
Poisson likelihood: 0.0
CE loss: 0.0
Experiment 58099
Epoch 0099 [Test seq (cond on sampled tp)] | Loss 7377.673828 | Likelihood -7383.570312 | KL fp 5.2285 | FP STD 0.0103|
KL coef: 0.5911798255774507
Train loss (one batch): 7034.2451171875
Train CE loss (one batch): 0.0
Test MSE: 0.0148
Poisson likelihood: 0.0
CE loss: 0.0
Experiment 58099
Epoch 0100 [Test seq (cond on sampled tp)] | Loss 7340.682129 | Likelihood -7344.340332 | KL fp 5.2336 | FP STD 0.0104|
KL coef: 0.5952680273216762
Train loss (one batch): 6990.22216796875
Train CE loss (one batch): 0.0
Test MSE: 0.0147
Poisson likelihood: 0.0
CE loss: 0.0
Experiment 58099
Epoch 0101 [Test seq (cond on sampled tp)] | Loss 7299.799316 | Likelihood -7298.520020 | KL fp 5.3628 | FP STD 0.0092|
KL coef: 0.5993153470484595
Train loss (one batch): 6950.78125
Train CE loss (one batch): 0.0
Test MSE: 0.0146
Poisson likelihood: 0.0
CE loss: 0.0
Experiment 58099
Epoch 0102 [Test seq (cond on sampled tp)] | Loss 7304.749023 | Likelihood -7308.632812 | KL fp 5.1235 | FP STD 0.0124|
KL coef: 0.6033221935779749
Train loss (one batch): 6918.36181640625
Train CE loss (one batch): 0.0
Test MSE: 0.0146
Poisson likelihood: 0.0
CE loss: 0.0
Experiment 58099
Epoch 0103 [Test seq (cond on sampled tp)] | Loss 7265.656738 | Likelihood -7272.704590 | KL fp 5.0758 | FP STD 0.0117|
KL coef: 0.6072889716421952
Train loss (one batch): 6894.953125
Train CE loss (one batch): 0.0
Test MSE: 0.0146
Poisson likelihood: 0.0
CE loss: 0.0
Experiment 58099
Epoch 0104 [Test seq (cond on sampled tp)] | Loss 7230.996582 | Likelihood -7239.841797 | KL fp 5.1534 | FP STD 0.0121|
KL coef: 0.6112160819257733
Train loss (one batch): 6909.82177734375
Train CE loss (one batch): 0.0
Test MSE: 0.0145
Poisson likelihood: 0.0
CE loss: 0.0
Experiment 58099
Epoch 0105 [Test seq (cond on sampled tp)] | Loss 7196.828125 | Likelihood -7204.442871 | KL fp 5.1087 | FP STD 0.0120|
KL coef: 0.6151039211065155
Train loss (one batch): 6812.49658203125
Train CE loss (one batch): 0.0
Test MSE: 0.0144
Poisson likelihood: 0.0
CE loss: 0.0
Experiment 58099
Epoch 0106 [Test seq (cond on sampled tp)] | Loss 7166.076660 | Likelihood -7166.730469 | KL fp 5.2343 | FP STD 0.0100|
KL coef: 0.6189528818954504
Train loss (one batch): 6807.9853515625
Train CE loss (one batch): 0.0
Test MSE: 0.0143
Poisson likelihood: 0.0
CE loss: 0.0
Experiment 58099
Epoch 0107 [Test seq (cond on sampled tp)] | Loss 7150.769043 | Likelihood -7152.595215 | KL fp 5.2091 | FP STD 0.0107|
KL coef: 0.6227633530764958
Train loss (one batch): 6779.8984375
Train CE loss (one batch): 0.0
Test MSE: 0.0143
Poisson likelihood: 0.0
CE loss: 0.0
Experiment 58099
Epoch 0108 [Test seq (cond on sampled tp)] | Loss 7125.349121 | Likelihood -7131.145996 | KL fp 5.1636 | FP STD 0.0110|
KL coef: 0.6265357195457308
Train loss (one batch): 6754.33837890625
Train CE loss (one batch): 0.0
Test MSE: 0.0143
Poisson likelihood: 0.0
CE loss: 0.0
Experiment 58099
Epoch 0109 [Test seq (cond on sampled tp)] | Loss 7085.473145 | Likelihood -7083.437988 | KL fp 5.3965 | FP STD 0.0089|
KL coef: 0.6302703623502736
Train loss (one batch): 6713.34912109375
Train CE loss (one batch): 0.0
Test MSE: 0.0142
Poisson likelihood: 0.0
CE loss: 0.0
Experiment 58099
Epoch 0110 [Test seq (cond on sampled tp)] | Loss 7074.466309 | Likelihood -7080.785156 | KL fp 5.3031 | FP STD 0.0095|
KL coef: 0.6339676587267709
Train loss (one batch): 6662.01171875
Train CE loss (one batch): 0.0
Test MSE: 0.0142
Poisson likelihood: 0.0
CE loss: 0.0
Experiment 58099
Epoch 0111 [Test seq (cond on sampled tp)] | Loss 7041.298828 | Likelihood -7046.714844 | KL fp 5.2627 | FP STD 0.0099|
KL coef: 0.6376279821395031
Train loss (one batch): 6658.02490234375
Train CE loss (one batch): 0.0
Test MSE: 0.0141
Poisson likelihood: 0.0
CE loss: 0.0
Experiment 58099
Epoch 0112 [Test seq (cond on sampled tp)] | Loss 7022.704590 | Likelihood -7024.453125 | KL fp 5.3688 | FP STD 0.0092|
KL coef: 0.6412517023181081
Train loss (one batch): 6630.9306640625
Train CE loss (one batch): 0.0
Test MSE: 0.0141
Poisson likelihood: 0.0
CE loss: 0.0
Experiment 58099
Epoch 0113 [Test seq (cond on sampled tp)] | Loss 7015.363770 | Likelihood -7030.767090 | KL fp 5.0330 | FP STD 0.0143|
KL coef: 0.644839185294927
Train loss (one batch): 6640.34619140625
Train CE loss (one batch): 0.0
Test MSE: 0.0141
Poisson likelihood: 0.0
CE loss: 0.0
Experiment 58099
Epoch 0114 [Test seq (cond on sampled tp)] | Loss 6998.415527 | Likelihood -7004.214355 | KL fp 5.0925 | FP STD 0.0130|
KL coef: 0.6483907934419777
Train loss (one batch): 6613.26806640625
Train CE loss (one batch): 0.0
Test MSE: 0.0140
Poisson likelihood: 0.0
CE loss: 0.0
Experiment 58099
Epoch 0115 [Test seq (cond on sampled tp)] | Loss 6959.878906 | Likelihood -6960.963379 | KL fp 5.3293 | FP STD 0.0100|
KL coef: 0.651906885507558
Train loss (one batch): 6580.97216796875
Train CE loss (one batch): 0.0
Test MSE: 0.0139
Poisson likelihood: 0.0
CE loss: 0.0
Experiment 58099
Epoch 0116 [Test seq (cond on sampled tp)] | Loss 6933.988770 | Likelihood -6944.195312 | KL fp 5.1945 | FP STD 0.0108|
KL coef: 0.6553878166524825
Train loss (one batch): 6534.91162109375
Train CE loss (one batch): 0.0
Test MSE: 0.0139
Poisson likelihood: 0.0
CE loss: 0.0
Experiment 58099
Epoch 0117 [Test seq (cond on sampled tp)] | Loss 6911.306641 | Likelihood -6912.214844 | KL fp 5.3928 | FP STD 0.0089|
KL coef: 0.6588339384859576
Train loss (one batch): 6498.9052734375
Train CE loss (one batch): 0.0
Test MSE: 0.0138
Poisson likelihood: 0.0
CE loss: 0.0
Experiment 58099
Epoch 0118 [Test seq (cond on sampled tp)] | Loss 6881.976562 | Likelihood -6887.527344 | KL fp 5.3493 | FP STD 0.0093|
KL coef: 0.662245599101098
Train loss (one batch): 6496.35791015625
Train CE loss (one batch): 0.0
Test MSE: 0.0138
Poisson likelihood: 0.0
CE loss: 0.0
Experiment 58099
Epoch 0119 [Test seq (cond on sampled tp)] | Loss 6861.201172 | Likelihood -6869.665527 | KL fp 5.3668 | FP STD 0.0090|
KL coef: 0.665623143110087
Train loss (one batch): 6459.41064453125
Train CE loss (one batch): 0.0
Test MSE: 0.0138
Poisson likelihood: 0.0
CE loss: 0.0
Experiment 58099
Epoch 0120 [Test seq (cond on sampled tp)] | Loss 6853.028320 | Likelihood -6861.316406 | KL fp 5.3771 | FP STD 0.0092|
KL coef: 0.6689669116789861
Train loss (one batch): 6448.29443359375
Train CE loss (one batch): 0.0
Test MSE: 0.0137
Poisson likelihood: 0.0
CE loss: 0.0
Experiment 58099
Epoch 0121 [Test seq (cond on sampled tp)] | Loss 6834.701660 | Likelihood -6835.634277 | KL fp 5.3622 | FP STD 0.0092|
KL coef: 0.6722772425621963
Train loss (one batch): 6415.0419921875
Train CE loss (one batch): 0.0
Test MSE: 0.0137
Poisson likelihood: 0.0
CE loss: 0.0
Experiment 58099
Epoch 0122 [Test seq (cond on sampled tp)] | Loss 6818.575684 | Likelihood -6818.673828 | KL fp 5.3285 | FP STD 0.0093|
KL coef: 0.6755544701365743
Train loss (one batch): 6410.07470703125
Train CE loss (one batch): 0.0
Test MSE: 0.0136
Poisson likelihood: 0.0
CE loss: 0.0
Experiment 58099
Epoch 0123 [Test seq (cond on sampled tp)] | Loss 6800.107910 | Likelihood -6810.384277 | KL fp 5.3288 | FP STD 0.0098|
KL coef: 0.6787989254352086
Train loss (one batch): 6381.28369140625
Train CE loss (one batch): 0.0
Test MSE: 0.0136
Poisson likelihood: 0.0
CE loss: 0.0
Experiment 58099
Epoch 0124 [Test seq (cond on sampled tp)] | Loss 6789.108398 | Likelihood -6789.444824 | KL fp 5.2492 | FP STD 0.0100|
KL coef: 0.6820109361808565
Train loss (one batch): 6370.01513671875
Train CE loss (one batch): 0.0
Test MSE: 0.0136
Poisson likelihood: 0.0
CE loss: 0.0
Experiment 58099
Epoch 0125 [Test seq (cond on sampled tp)] | Loss 6770.552246 | Likelihood -6772.979980 | KL fp 5.2623 | FP STD 0.0099|
KL coef: 0.685190826819048
Train loss (one batch): 6340.47314453125
Train CE loss (one batch): 0.0
Test MSE: 0.0136
Poisson likelihood: 0.0
CE loss: 0.0
Experiment 58099
Epoch 0126 [Test seq (cond on sampled tp)] | Loss 6739.512207 | Likelihood -6743.275391 | KL fp 5.4285 | FP STD 0.0088|
KL coef: 0.6883389185508575
Train loss (one batch): 6336.5673828125
Train CE loss (one batch): 0.0
Test MSE: 0.0135
Poisson likelihood: 0.0
CE loss: 0.0
Experiment 58099
Epoch 0127 [Test seq (cond on sampled tp)] | Loss 6728.395508 | Likelihood -6726.083496 | KL fp 5.4742 | FP STD 0.0082|
KL coef: 0.6914555293653489
Train loss (one batch): 6314.25927734375
Train CE loss (one batch): 0.0
Test MSE: 0.0135
Poisson likelihood: 0.0
CE loss: 0.0
Experiment 58099
Epoch 0128 [Test seq (cond on sampled tp)] | Loss 6729.717773 | Likelihood -6728.234863 | KL fp 5.3301 | FP STD 0.0097|
KL coef: 0.6945409740716955
Train loss (one batch): 6282.11474609375
Train CE loss (one batch): 0.0
Test MSE: 0.0135
Poisson likelihood: 0.0
CE loss: 0.0
Experiment 58099
Epoch 0129 [Test seq (cond on sampled tp)] | Loss 6688.865723 | Likelihood -6686.259277 | KL fp 5.4237 | FP STD 0.0086|
KL coef: 0.6975955643309785
Train loss (one batch): 6249.18408203125
Train CE loss (one batch): 0.0
Test MSE: 0.0134
Poisson likelihood: 0.0
CE loss: 0.0
Experiment 58099
Epoch 0130 [Test seq (cond on sampled tp)] | Loss 6666.518555 | Likelihood -6665.380859 | KL fp 5.4431 | FP STD 0.0084|
KL coef: 0.7006196086876687
Train loss (one batch): 6225.58056640625
Train CE loss (one batch): 0.0
Test MSE: 0.0133
Poisson likelihood: 0.0
CE loss: 0.0
Experiment 58099
Epoch 0131 [Test seq (cond on sampled tp)] | Loss 6652.689941 | Likelihood -6651.685059 | KL fp 5.4047 | FP STD 0.0088|
KL coef: 0.703613412600792
Train loss (one batch): 6222.79638671875
Train CE loss (one batch): 0.0
Test MSE: 0.0133
Poisson likelihood: 0.0
CE loss: 0.0
Experiment 58099
Epoch 0132 [Test seq (cond on sampled tp)] | Loss 6626.372559 | Likelihood -6631.790527 | KL fp 5.3613 | FP STD 0.0090|
KL coef: 0.7065772784747841
Train loss (one batch): 6190.734375
Train CE loss (one batch): 0.0
Test MSE: 0.0133
Poisson likelihood: 0.0
CE loss: 0.0
Experiment 58099
Epoch 0133 [Test seq (cond on sampled tp)] | Loss 6612.226074 | Likelihood -6610.611816 | KL fp 5.3958 | FP STD 0.0089|
KL coef: 0.7095115056900363
Train loss (one batch): 6176.16455078125
Train CE loss (one batch): 0.0
Test MSE: 0.0132
Poisson likelihood: 0.0
CE loss: 0.0
Experiment 58099
Epoch 0134 [Test seq (cond on sampled tp)] | Loss 6584.389648 | Likelihood -6586.527344 | KL fp 5.3832 | FP STD 0.0091|
KL coef: 0.7124163906331359
Train loss (one batch): 6157.16845703125
Train CE loss (one batch): 0.0
Test MSE: 0.0132
Poisson likelihood: 0.0
CE loss: 0.0
Experiment 58099
Epoch 0135 [Test seq (cond on sampled tp)] | Loss 6552.136230 | Likelihood -6553.437988 | KL fp 5.4139 | FP STD 0.0086|
KL coef: 0.7152922267268045
Train loss (one batch): 6118.2978515625
Train CE loss (one batch): 0.0
Test MSE: 0.0131
Poisson likelihood: 0.0
CE loss: 0.0
Experiment 58099
Epoch 0136 [Test seq (cond on sampled tp)] | Loss 6533.314941 | Likelihood -6541.396484 | KL fp 5.4123 | FP STD 0.0088|
KL coef: 0.7181393044595366
Train loss (one batch): 6079.66796875
Train CE loss (one batch): 0.0
Test MSE: 0.0131
Poisson likelihood: 0.0
CE loss: 0.0
Experiment 58099
Epoch 0137 [Test seq (cond on sampled tp)] | Loss 6509.641602 | Likelihood -6517.255371 | KL fp 5.3404 | FP STD 0.0090|
KL coef: 0.7209579114149411
Train loss (one batch): 6081.6865234375
Train CE loss (one batch): 0.0
Test MSE: 0.0130
Poisson likelihood: 0.0
CE loss: 0.0
Experiment 58099
Epoch 0138 [Test seq (cond on sampled tp)] | Loss 6491.896484 | Likelihood -6497.222656 | KL fp 5.4573 | FP STD 0.0083|
KL coef: 0.7237483323007917
Train loss (one batch): 6050.96533203125
Train CE loss (one batch): 0.0
Test MSE: 0.0130
Poisson likelihood: 0.0
CE loss: 0.0
Experiment 58099
Epoch 0139 [Test seq (cond on sampled tp)] | Loss 6471.303711 | Likelihood -6472.812988 | KL fp 5.2713 | FP STD 0.0096|
KL coef: 0.7265108489777838
Train loss (one batch): 6012.33203125
Train CE loss (one batch): 0.0
Test MSE: 0.0130
Poisson likelihood: 0.0
CE loss: 0.0
Experiment 58099
Epoch 0140 [Test seq (cond on sampled tp)] | Loss 6449.226074 | Likelihood -6451.425293 | KL fp 5.3887 | FP STD 0.0087|
KL coef: 0.729245740488006
Train loss (one batch): 5992.3291015625
Train CE loss (one batch): 0.0
Test MSE: 0.0129
Poisson likelihood: 0.0
CE loss: 0.0
Experiment 58099
Epoch 0141 [Test seq (cond on sampled tp)] | Loss 6429.008789 | Likelihood -6429.009766 | KL fp 5.4080 | FP STD 0.0086|
KL coef: 0.7319532830831259
Train loss (one batch): 5974.892578125
Train CE loss (one batch): 0.0
Test MSE: 0.0129
Poisson likelihood: 0.0
CE loss: 0.0
Experiment 58099
Epoch 0142 [Test seq (cond on sampled tp)] | Loss 6400.201660 | Likelihood -6399.285156 | KL fp 5.3725 | FP STD 0.0088|
KL coef: 0.7346337502522946
Train loss (one batch): 5941.1845703125
Train CE loss (one batch): 0.0
Test MSE: 0.0128
Poisson likelihood: 0.0
CE loss: 0.0
Experiment 58099
Epoch 0143 [Test seq (cond on sampled tp)] | Loss 6367.748047 | Likelihood -6366.968262 | KL fp 5.4514 | FP STD 0.0086|
KL coef: 0.7372874127497717
Train loss (one batch): 5937.45751953125
Train CE loss (one batch): 0.0
Test MSE: 0.0127
Poisson likelihood: 0.0
CE loss: 0.0
Experiment 58099
Epoch 0144 [Test seq (cond on sampled tp)] | Loss 6341.801270 | Likelihood -6355.269531 | KL fp 5.3300 | FP STD 0.0092|
KL coef: 0.739914538622274
Train loss (one batch): 5910.3046875
Train CE loss (one batch): 0.0
Test MSE: 0.0127
Poisson likelihood: 0.0
CE loss: 0.0
Experiment 58099
Epoch 0145 [Test seq (cond on sampled tp)] | Loss 6321.024902 | Likelihood -6321.623535 | KL fp 5.4091 | FP STD 0.0085|
KL coef: 0.7425153932360513
Train loss (one batch): 5874.87158203125
Train CE loss (one batch): 0.0
Test MSE: 0.0127
Poisson likelihood: 0.0
CE loss: 0.0
Experiment 58099
Epoch 0146 [Test seq (cond on sampled tp)] | Loss 6286.033203 | Likelihood -6287.972656 | KL fp 5.4240 | FP STD 0.0084|
KL coef: 0.7450902393036907
Train loss (one batch): 5853.8056640625
Train CE loss (one batch): 0.0
Test MSE: 0.0126
Poisson likelihood: 0.0
CE loss: 0.0
Experiment 58099
Epoch 0147 [Test seq (cond on sampled tp)] | Loss 6260.781250 | Likelihood -6265.968750 | KL fp 5.3283 | FP STD 0.0094|
KL coef: 0.7476393369106538
Train loss (one batch): 5817.609375
Train CE loss (one batch): 0.0
Test MSE: 0.0125
Poisson likelihood: 0.0
CE loss: 0.0
Experiment 58099
Epoch 0148 [Test seq (cond on sampled tp)] | Loss 6237.291016 | Likelihood -6241.428223 | KL fp 5.4456 | FP STD 0.0083|
KL coef: 0.7501629435415473
Train loss (one batch): 5795.537109375
Train CE loss (one batch): 0.0
Test MSE: 0.0125
Poisson likelihood: 0.0
CE loss: 0.0
Experiment 58099
Epoch 0149 [Test seq (cond on sampled tp)] | Loss 6223.806152 | Likelihood -6221.632812 | KL fp 5.4173 | FP STD 0.0084|
KL coef: 0.7526613141061318
Train loss (one batch): 5776.79052734375
Train CE loss (one batch): 0.0
Test MSE: 0.0125
Poisson likelihood: 0.0
CE loss: 0.0
Experiment 58099
Epoch 0150 [Test seq (cond on sampled tp)] | Loss 6177.827148 | Likelihood -6181.525391 | KL fp 5.3734 | FP STD 0.0087|
KL coef: 0.7551347009650705
Train loss (one batch): 5736.14111328125
Train CE loss (one batch): 0.0
Test MSE: 0.0124
Poisson likelihood: 0.0
CE loss: 0.0
Experiment 58099
Epoch 0151 [Test seq (cond on sampled tp)] | Loss 6150.861816 | Likelihood -6151.312500 | KL fp 5.3988 | FP STD 0.0085|
KL coef: 0.7575833539554198
Train loss (one batch): 5705.10888671875
Train CE loss (one batch): 0.0
Test MSE: 0.0123
Poisson likelihood: 0.0
CE loss: 0.0
Experiment 58099
Epoch 0152 [Test seq (cond on sampled tp)] | Loss 6124.013672 | Likelihood -6122.483887 | KL fp 5.4055 | FP STD 0.0084|
KL coef: 0.7600075204158656
Train loss (one batch): 5669.59423828125
Train CE loss (one batch): 0.0
Test MSE: 0.0123
Poisson likelihood: 0.0
CE loss: 0.0
Experiment 58099
Epoch 0153 [Test seq (cond on sampled tp)] | Loss 6105.240234 | Likelihood -6111.009766 | KL fp 5.2107 | FP STD 0.0102|
KL coef: 0.762407445211707
Train loss (one batch): 5632.31787109375
Train CE loss (one batch): 0.0
Test MSE: 0.0122
Poisson likelihood: 0.0
CE loss: 0.0
Experiment 58099
Epoch 0154 [Test seq (cond on sampled tp)] | Loss 6080.794434 | Likelihood -6083.160156 | KL fp 5.1951 | FP STD 0.0106|
KL coef: 0.7647833707595899
Train loss (one batch): 5578.52490234375
Train CE loss (one batch): 0.0
Test MSE: 0.0122
Poisson likelihood: 0.0
CE loss: 0.0
Experiment 58099
Epoch 0155 [Test seq (cond on sampled tp)] | Loss 6039.797852 | Likelihood -6040.087891 | KL fp 5.1925 | FP STD 0.0109|
KL coef: 0.767135537051994
Train loss (one batch): 5543.36279296875
Train CE loss (one batch): 0.0
Test MSE: 0.0121
Poisson likelihood: 0.0
CE loss: 0.0
Experiment 58099
Epoch 0156 [Test seq (cond on sampled tp)] | Loss 5996.527344 | Likelihood -6000.644531 | KL fp 5.2397 | FP STD 0.0102|
KL coef: 0.769464181681474
Train loss (one batch): 5511.392578125
Train CE loss (one batch): 0.0
Test MSE: 0.0120
Poisson likelihood: 0.0
CE loss: 0.0
Experiment 58099
Epoch 0157 [Test seq (cond on sampled tp)] | Loss 5959.947266 | Likelihood -5958.422363 | KL fp 5.3734 | FP STD 0.0088|
KL coef: 0.7717695398646593
Train loss (one batch): 5463.703125
Train CE loss (one batch): 0.0
Test MSE: 0.0119
Poisson likelihood: 0.0
CE loss: 0.0
Experiment 58099
Epoch 0158 [Test seq (cond on sampled tp)] | Loss 5934.986328 | Likelihood -5936.875000 | KL fp 5.3949 | FP STD 0.0084|
KL coef: 0.7740518444660127
Train loss (one batch): 5451.01318359375
Train CE loss (one batch): 0.0
Test MSE: 0.0119
Poisson likelihood: 0.0
CE loss: 0.0
Experiment 58099
Epoch 0159 [Test seq (cond on sampled tp)] | Loss 5906.803711 | Likelihood -5905.786621 | KL fp 5.3856 | FP STD 0.0085|
KL coef: 0.7763113260213526
Train loss (one batch): 5413.5283203125
Train CE loss (one batch): 0.0
Test MSE: 0.0118
Poisson likelihood: 0.0
CE loss: 0.0
Experiment 58099
Epoch 0160 [Test seq (cond on sampled tp)] | Loss 5874.619141 | Likelihood -5880.468262 | KL fp 5.3568 | FP STD 0.0088|
KL coef: 0.7785482127611391
Train loss (one batch): 5373.09228515625
Train CE loss (one batch): 0.0
Test MSE: 0.0118
Poisson likelihood: 0.0
CE loss: 0.0
Experiment 58099
Epoch 0161 [Test seq (cond on sampled tp)] | Loss 5850.797852 | Likelihood -5847.833496 | KL fp 5.3455 | FP STD 0.0088|
KL coef: 0.7807627306335276
Train loss (one batch): 5328.66845703125
Train CE loss (one batch): 0.0
Test MSE: 0.0117
Poisson likelihood: 0.0
CE loss: 0.0
Experiment 58099
Epoch 0162 [Test seq (cond on sampled tp)] | Loss 5820.002441 | Likelihood -5825.292969 | KL fp 5.4084 | FP STD 0.0084|
KL coef: 0.7829551033271924
Train loss (one batch): 5329.8916015625
Train CE loss (one batch): 0.0
Test MSE: 0.0117
Poisson likelihood: 0.0
CE loss: 0.0
Experiment 58099
Epoch 0163 [Test seq (cond on sampled tp)] | Loss 5795.204590 | Likelihood -5796.173340 | KL fp 5.2989 | FP STD 0.0092|
KL coef: 0.7851255522939204
Train loss (one batch): 5313.34814453125
Train CE loss (one batch): 0.0
Test MSE: 0.0116
Poisson likelihood: 0.0
CE loss: 0.0
Experiment 58099
Epoch 0164 [Test seq (cond on sampled tp)] | Loss 5766.807617 | Likelihood -5770.013184 | KL fp 5.3745 | FP STD 0.0086|
KL coef: 0.7872742967709813
Train loss (one batch): 5277.1650390625
Train CE loss (one batch): 0.0
Test MSE: 0.0116
Poisson likelihood: 0.0
CE loss: 0.0
Experiment 58099
Epoch 0165 [Test seq (cond on sampled tp)] | Loss 5749.542969 | Likelihood -5756.617188 | KL fp 5.3842 | FP STD 0.0086|
KL coef: 0.7894015538032715
Train loss (one batch): 5245.03369140625
Train CE loss (one batch): 0.0
Test MSE: 0.0115
Poisson likelihood: 0.0
CE loss: 0.0
Experiment 58099
Epoch 0166 [Test seq (cond on sampled tp)] | Loss 5721.333008 | Likelihood -5722.580566 | KL fp 5.3818 | FP STD 0.0086|
KL coef: 0.7915075382652388
Train loss (one batch): 5224.59326171875
Train CE loss (one batch): 0.0
Test MSE: 0.0115
Poisson likelihood: 0.0
CE loss: 0.0
Experiment 58099
Epoch 0167 [Test seq (cond on sampled tp)] | Loss 5688.262695 | Likelihood -5688.081543 | KL fp 5.3585 | FP STD 0.0088|
KL coef: 0.7935924628825863
Train loss (one batch): 5195.90478515625
Train CE loss (one batch): 0.0
Test MSE: 0.0114
Poisson likelihood: 0.0
CE loss: 0.0
Experiment 58099
Epoch 0168 [Test seq (cond on sampled tp)] | Loss 5666.400391 | Likelihood -5666.650391 | KL fp 5.3982 | FP STD 0.0086|
KL coef: 0.7956565382537605
Train loss (one batch): 5182.6416015625
Train CE loss (one batch): 0.0
Test MSE: 0.0113
Poisson likelihood: 0.0
CE loss: 0.0
Experiment 58099
Epoch 0169 [Test seq (cond on sampled tp)] | Loss 5647.921387 | Likelihood -5646.672363 | KL fp 5.4419 | FP STD 0.0081|
KL coef: 0.7976999728712229
Train loss (one batch): 5149.3046875
Train CE loss (one batch): 0.0
Test MSE: 0.0113
Poisson likelihood: 0.0
CE loss: 0.0
Experiment 58099
Epoch 0170 [Test seq (cond on sampled tp)] | Loss 5629.247070 | Likelihood -5628.186035 | KL fp 5.4491 | FP STD 0.0080|
KL coef: 0.7997229731425107
Train loss (one batch): 5138.4453125
Train CE loss (one batch): 0.0
Test MSE: 0.0113
Poisson likelihood: 0.0
CE loss: 0.0
Experiment 58099
Epoch 0171 [Test seq (cond on sampled tp)] | Loss 5621.779297 | Likelihood -5628.966797 | KL fp 5.2540 | FP STD 0.0099|
KL coef: 0.8017257434110856
Train loss (one batch): 5160.68017578125
Train CE loss (one batch): 0.0
Test MSE: 0.0113
Poisson likelihood: 0.0
CE loss: 0.0
Experiment 58099
Epoch 0172 [Test seq (cond on sampled tp)] | Loss 5626.352051 | Likelihood -5639.664062 | KL fp 5.2311 | FP STD 0.0105|
KL coef: 0.8037084859769748
Train loss (one batch): 5116.52294921875
Train CE loss (one batch): 0.0
Test MSE: 0.0113
Poisson likelihood: 0.0
CE loss: 0.0
Experiment 58099
Epoch 0173 [Test seq (cond on sampled tp)] | Loss 5614.687988 | Likelihood -5615.673340 | KL fp 5.2192 | FP STD 0.0108|
KL coef: 0.805671401117205
Train loss (one batch): 5083.0244140625
Train CE loss (one batch): 0.0
Test MSE: 0.0112
Poisson likelihood: 0.0
CE loss: 0.0
Experiment 58099
Epoch 0174 [Test seq (cond on sampled tp)] | Loss 5572.380371 | Likelihood -5576.333496 | KL fp 5.2708 | FP STD 0.0098|
KL coef: 0.8076146871060329
Train loss (one batch): 5054.181640625
Train CE loss (one batch): 0.0
Test MSE: 0.0112
Poisson likelihood: 0.0
CE loss: 0.0
Experiment 58099
Epoch 0175 [Test seq (cond on sampled tp)] | Loss 5563.234863 | Likelihood -5564.753418 | KL fp 5.3324 | FP STD 0.0092|
KL coef: 0.8095385402349726
Train loss (one batch): 5025.68994140625
Train CE loss (one batch): 0.0
Test MSE: 0.0111
Poisson likelihood: 0.0
CE loss: 0.0
Experiment 58099
Epoch 0176 [Test seq (cond on sampled tp)] | Loss 5546.638672 | Likelihood -5547.187500 | KL fp 5.2926 | FP STD 0.0092|
KL coef: 0.8114431548326229
Train loss (one batch): 5024.029296875
Train CE loss (one batch): 0.0
Test MSE: 0.0111
Poisson likelihood: 0.0
CE loss: 0.0
Experiment 58099
Epoch 0177 [Test seq (cond on sampled tp)] | Loss 5519.994141 | Likelihood -5523.791016 | KL fp 5.3220 | FP STD 0.0090|
KL coef: 0.8133287232842966
Train loss (one batch): 4996.76025390625
Train CE loss (one batch): 0.0
Test MSE: 0.0111
Poisson likelihood: 0.0
CE loss: 0.0
Experiment 58099
Epoch 0178 [Test seq (cond on sampled tp)] | Loss 5519.227539 | Likelihood -5518.432129 | KL fp 5.3023 | FP STD 0.0090|
KL coef: 0.8151954360514537
Train loss (one batch): 5008.193359375
Train CE loss (one batch): 0.0
Test MSE: 0.0110
Poisson likelihood: 0.0
CE loss: 0.0
Experiment 58099
Epoch 0179 [Test seq (cond on sampled tp)] | Loss 5474.659180 | Likelihood -5484.693848 | KL fp 5.3778 | FP STD 0.0085|
KL coef: 0.8170434816909391
Train loss (one batch): 4960.8623046875
Train CE loss (one batch): 0.0
Test MSE: 0.0110
Poisson likelihood: 0.0
CE loss: 0.0
Experiment 58099
Epoch 0180 [Test seq (cond on sampled tp)] | Loss 5473.559570 | Likelihood -5472.350098 | KL fp 5.3391 | FP STD 0.0089|
KL coef: 0.8188730468740297
Train loss (one batch): 4941.904296875
Train CE loss (one batch): 0.0
Test MSE: 0.0110
Poisson likelihood: 0.0
CE loss: 0.0
Experiment 58099
Epoch 0181 [Test seq (cond on sampled tp)] | Loss 5453.816895 | Likelihood -5454.771484 | KL fp 5.3575 | FP STD 0.0087|
KL coef: 0.8206843164052895
Train loss (one batch): 4942.931640625
Train CE loss (one batch): 0.0
Test MSE: 0.0109
Poisson likelihood: 0.0
CE loss: 0.0
Experiment 58099
Epoch 0182 [Test seq (cond on sampled tp)] | Loss 5439.244141 | Likelihood -5439.183594 | KL fp 5.3903 | FP STD 0.0084|
KL coef: 0.8224774732412365
Train loss (one batch): 4919.47119140625
Train CE loss (one batch): 0.0
Test MSE: 0.0109
Poisson likelihood: 0.0
CE loss: 0.0
Experiment 58099
Epoch 0183 [Test seq (cond on sampled tp)] | Loss 5415.542969 | Likelihood -5426.156250 | KL fp 5.3808 | FP STD 0.0084|
KL coef: 0.8242526985088242
Train loss (one batch): 4905.88525390625
Train CE loss (one batch): 0.0
Test MSE: 0.0109
Poisson likelihood: 0.0
CE loss: 0.0
Experiment 58099
Epoch 0184 [Test seq (cond on sampled tp)] | Loss 5411.039062 | Likelihood -5413.244629 | KL fp 5.3520 | FP STD 0.0087|
KL coef: 0.826010171523736
Train loss (one batch): 4880.3056640625
Train CE loss (one batch): 0.0
Test MSE: 0.0108
Poisson likelihood: 0.0
CE loss: 0.0
Experiment 58099
Epoch 0185 [Test seq (cond on sampled tp)] | Loss 5403.542480 | Likelihood -5402.141602 | KL fp 5.3996 | FP STD 0.0085|
KL coef: 0.8277500698084986
Train loss (one batch): 4892.986328125
Train CE loss (one batch): 0.0
Test MSE: 0.0108
Poisson likelihood: 0.0
CE loss: 0.0
Experiment 58099
Epoch 0186 [Test seq (cond on sampled tp)] | Loss 5376.830566 | Likelihood -5385.073242 | KL fp 5.4180 | FP STD 0.0082|
KL coef: 0.8294725691104137
Train loss (one batch): 4874.7041015625
Train CE loss (one batch): 0.0
Test MSE: 0.0108
Poisson likelihood: 0.0
CE loss: 0.0
Experiment 58099
Epoch 0187 [Test seq (cond on sampled tp)] | Loss 5367.189941 | Likelihood -5366.753906 | KL fp 5.3263 | FP STD 0.0088|
KL coef: 0.8311778434193096
Train loss (one batch): 4863.11328125
Train CE loss (one batch): 0.0
Test MSE: 0.0107
Poisson likelihood: 0.0
CE loss: 0.0
Experiment 58099
Epoch 0188 [Test seq (cond on sampled tp)] | Loss 5360.187012 | Likelihood -5360.019043 | KL fp 5.3872 | FP STD 0.0087|
KL coef: 0.8328660649851164
Train loss (one batch): 4827.48974609375
Train CE loss (one batch): 0.0
Test MSE: 0.0107
Poisson likelihood: 0.0
CE loss: 0.0
Experiment 58099
Epoch 0189 [Test seq (cond on sampled tp)] | Loss 5338.574707 | Likelihood -5338.966797 | KL fp 5.3939 | FP STD 0.0085|
KL coef: 0.8345374043352652
Train loss (one batch): 4809.43603515625
Train CE loss (one batch): 0.0
Test MSE: 0.0107
Poisson likelihood: 0.0
CE loss: 0.0
Experiment 58099
Epoch 0190 [Test seq (cond on sampled tp)] | Loss 5315.943848 | Likelihood -5321.031250 | KL fp 5.4320 | FP STD 0.0082|
KL coef: 0.8361920302919126
Train loss (one batch): 4824.80419921875
Train CE loss (one batch): 0.0
Test MSE: 0.0107
Poisson likelihood: 0.0
CE loss: 0.0
Experiment 58099
Epoch 0191 [Test seq (cond on sampled tp)] | Loss 5306.726074 | Likelihood -5306.333496 | KL fp 5.3695 | FP STD 0.0085|
KL coef: 0.8378301099889934
Train loss (one batch): 4788.37744140625
Train CE loss (one batch): 0.0
Test MSE: 0.0106
Poisson likelihood: 0.0
CE loss: 0.0
Experiment 58099
Epoch 0192 [Test seq (cond on sampled tp)] | Loss 5294.725586 | Likelihood -5297.077637 | KL fp 5.3736 | FP STD 0.0087|
KL coef: 0.8394518088891035
Train loss (one batch): 4763.25927734375
Train CE loss (one batch): 0.0
Test MSE: 0.0106
Poisson likelihood: 0.0
CE loss: 0.0
Experiment 58099
Epoch 0193 [Test seq (cond on sampled tp)] | Loss 5290.230469 | Likelihood -5289.049316 | KL fp 5.3570 | FP STD 0.0085|
KL coef: 0.8410572908002125
Train loss (one batch): 4753.04150390625
Train CE loss (one batch): 0.0
Test MSE: 0.0106
Poisson likelihood: 0.0
CE loss: 0.0
Experiment 58099
Epoch 0194 [Test seq (cond on sampled tp)] | Loss 5269.505371 | Likelihood -5271.353516 | KL fp 5.3209 | FP STD 0.0088|
KL coef: 0.8426467178922104
Train loss (one batch): 4725.341796875
Train CE loss (one batch): 0.0
Test MSE: 0.0106
Poisson likelihood: 0.0
CE loss: 0.0
Experiment 58099
Epoch 0195 [Test seq (cond on sampled tp)] | Loss 5274.744141 | Likelihood -5273.033203 | KL fp 5.1598 | FP STD 0.0102|
KL coef: 0.8442202507132883
Train loss (one batch): 4737.45556640625
Train CE loss (one batch): 0.0
Test MSE: 0.0106
Poisson likelihood: 0.0
CE loss: 0.0
Experiment 58099
Epoch 0196 [Test seq (cond on sampled tp)] | Loss 5254.127930 | Likelihood -5254.593750 | KL fp 5.2214 | FP STD 0.0096|
KL coef: 0.8457780482061554
Train loss (one batch): 4718.72705078125
Train CE loss (one batch): 0.0
Test MSE: 0.0105
Poisson likelihood: 0.0
CE loss: 0.0
Experiment 58099
Epoch 0197 [Test seq (cond on sampled tp)] | Loss 5238.341797 | Likelihood -5238.017090 | KL fp 5.3104 | FP STD 0.0090|
KL coef: 0.8473202677240939
Train loss (one batch): 4715.17626953125
Train CE loss (one batch): 0.0
Test MSE: 0.0105
Poisson likelihood: 0.0
CE loss: 0.0
Experiment 58099
Epoch 0198 [Test seq (cond on sampled tp)] | Loss 5224.222168 | Likelihood -5222.480469 | KL fp 5.3338 | FP STD 0.0090|
KL coef: 0.8488470650468529
Train loss (one batch): 4674.2451171875
Train CE loss (one batch): 0.0
Test MSE: 0.0105
Poisson likelihood: 0.0
CE loss: 0.0
Experiment 58099
Epoch 0199 [Test seq (cond on sampled tp)] | Loss 5207.617188 | Likelihood -5207.978027 | KL fp 5.4058 | FP STD 0.0084|
KL coef: 0.8503585943963844
Train loss (one batch): 4664.787109375
Train CE loss (one batch): 0.0
Test MSE: 0.0104
Poisson likelihood: 0.0
CE loss: 0.0
Experiment 58099
Epoch 0200 [Test seq (cond on sampled tp)] | Loss 5209.729492 | Likelihood -5207.992676 | KL fp 5.1937 | FP STD 0.0105|
KL coef: 0.8518550084524206
Train loss (one batch): 4647.01025390625
Train CE loss (one batch): 0.0
Test MSE: 0.0104
Poisson likelihood: 0.0
CE loss: 0.0
Experiment 58099
Epoch 0201 [Test seq (cond on sampled tp)] | Loss 5184.805664 | Likelihood -5185.808594 | KL fp 5.3123 | FP STD 0.0094|
KL coef: 0.8533364583678963
Train loss (one batch): 4634.25244140625
Train CE loss (one batch): 0.0
Test MSE: 0.0104
Poisson likelihood: 0.0
CE loss: 0.0
Experiment 58099
Epoch 0202 [Test seq (cond on sampled tp)] | Loss 5170.913086 | Likelihood -5176.823730 | KL fp 5.3542 | FP STD 0.0087|
KL coef: 0.8548030937842174
Train loss (one batch): 4637.4423828125
Train CE loss (one batch): 0.0
Test MSE: 0.0104
Poisson likelihood: 0.0
CE loss: 0.0
Experiment 58099
Epoch 0203 [Test seq (cond on sampled tp)] | Loss 5157.364258 | Likelihood -5158.769043 | KL fp 5.3876 | FP STD 0.0085|
KL coef: 0.8562550628463752
Train loss (one batch): 4605.64794921875
Train CE loss (one batch): 0.0
Test MSE: 0.0103
Poisson likelihood: 0.0
CE loss: 0.0
Experiment 58099
Epoch 0204 [Test seq (cond on sampled tp)] | Loss 5154.414062 | Likelihood -5151.517090 | KL fp 5.3344 | FP STD 0.0092|
KL coef: 0.8576925122179114
Train loss (one batch): 4605.92919921875
Train CE loss (one batch): 0.0
Test MSE: 0.0103
Poisson likelihood: 0.0
CE loss: 0.0
Experiment 58099
Epoch 0205 [Test seq (cond on sampled tp)] | Loss 5134.883301 | Likelihood -5132.991699 | KL fp 5.3508 | FP STD 0.0087|
KL coef: 0.8591155870957323
Train loss (one batch): 4595.99609375
Train CE loss (one batch): 0.0
Test MSE: 0.0103
Poisson likelihood: 0.0
CE loss: 0.0
Experiment 58099
Epoch 0206 [Test seq (cond on sampled tp)] | Loss 5119.809570 | Likelihood -5118.765137 | KL fp 5.3557 | FP STD 0.0088|
KL coef: 0.8605244312247751
Train loss (one batch): 4582.685546875
Train CE loss (one batch): 0.0
Test MSE: 0.0102
Poisson likelihood: 0.0
CE loss: 0.0
Experiment 58099
Epoch 0207 [Test seq (cond on sampled tp)] | Loss 5112.233887 | Likelihood -5110.538086 | KL fp 5.3364 | FP STD 0.0089|
KL coef: 0.8619191869125272
Train loss (one batch): 4559.75146484375
Train CE loss (one batch): 0.0
Test MSE: 0.0102
Poisson likelihood: 0.0
CE loss: 0.0
Experiment 58099
Epoch 0208 [Test seq (cond on sampled tp)] | Loss 5107.128418 | Likelihood -5107.130859 | KL fp 5.3591 | FP STD 0.0087|
KL coef: 0.8632999950434019
Train loss (one batch): 4535.03759765625
Train CE loss (one batch): 0.0
Test MSE: 0.0102
Poisson likelihood: 0.0
CE loss: 0.0
Experiment 58099
Epoch 0209 [Test seq (cond on sampled tp)] | Loss 5094.488770 | Likelihood -5091.957031 | KL fp 5.3335 | FP STD 0.0089|
KL coef: 0.864666995092968
Train loss (one batch): 4527.916015625
Train CE loss (one batch): 0.0
Test MSE: 0.0102
Poisson likelihood: 0.0
CE loss: 0.0
Experiment 58099
Epoch 0210 [Test seq (cond on sampled tp)] | Loss 5070.688965 | Likelihood -5071.509277 | KL fp 5.3112 | FP STD 0.0092|
KL coef: 0.8660203251420383
Train loss (one batch): 4523.0693359375
Train CE loss (one batch): 0.0
Test MSE: 0.0102
Poisson likelihood: 0.0
CE loss: 0.0
