/Users/deyiliu/Dropbox/UNC/G4/Spring/790/code/latent_ode-master/run_models.py
run_models.py --niters 300 -n 1000 -l 15 --dataset hopper --latent-ode --z0-encoder rnn -r 100 -s 0.3
Experiment 64634
Epoch 0001 [Test seq (cond on sampled tp)] | Loss 53015.101562 | Likelihood -53100.253906 | KL fp 2.7783 | FP STD 0.0920|
KL coef: 0.0
Train loss (one batch): 56939.13671875
Train CE loss (one batch): 0.0
Test MSE: 0.1062
Poisson likelihood: 0.0
CE loss: 0.0
Experiment 64634
Epoch 0002 [Test seq (cond on sampled tp)] | Loss 31593.867188 | Likelihood -31845.724609 | KL fp 3.4486 | FP STD 0.0674|
KL coef: 0.0
Train loss (one batch): 32980.703125
Train CE loss (one batch): 0.0
Test MSE: 0.0637
Poisson likelihood: 0.0
CE loss: 0.0
Experiment 64634
Epoch 0003 [Test seq (cond on sampled tp)] | Loss 28459.357422 | Likelihood -28516.289062 | KL fp 3.8853 | FP STD 0.0434|
KL coef: 0.0
Train loss (one batch): 28736.34765625
Train CE loss (one batch): 0.0
Test MSE: 0.0570
Poisson likelihood: 0.0
CE loss: 0.0
Experiment 64634
Epoch 0004 [Test seq (cond on sampled tp)] | Loss 27968.349609 | Likelihood -27998.679688 | KL fp 3.9282 | FP STD 0.0406|
KL coef: 0.0
Train loss (one batch): 27533.9375
Train CE loss (one batch): 0.0
Test MSE: 0.0560
Poisson likelihood: 0.0
CE loss: 0.0
Experiment 64634
Epoch 0005 [Test seq (cond on sampled tp)] | Loss 27733.273438 | Likelihood -27757.669922 | KL fp 3.6812 | FP STD 0.0514|
KL coef: 0.0
Train loss (one batch): 27709.001953125
Train CE loss (one batch): 0.0
Test MSE: 0.0555
Poisson likelihood: 0.0
CE loss: 0.0
Experiment 64634
Epoch 0006 [Test seq (cond on sampled tp)] | Loss 27528.011719 | Likelihood -27618.134766 | KL fp 3.9673 | FP STD 0.0372|
KL coef: 0.0
Train loss (one batch): 27582.490234375
Train CE loss (one batch): 0.0
Test MSE: 0.0552
Poisson likelihood: 0.0
CE loss: 0.0
Experiment 64634
Epoch 0007 [Test seq (cond on sampled tp)] | Loss 27445.964844 | Likelihood -27515.281250 | KL fp 4.0311 | FP STD 0.0342|
KL coef: 0.0
Train loss (one batch): 27242.3359375
Train CE loss (one batch): 0.0
Test MSE: 0.0550
Poisson likelihood: 0.0
CE loss: 0.0
Experiment 64634
Epoch 0008 [Test seq (cond on sampled tp)] | Loss 27573.447266 | Likelihood -27596.798828 | KL fp 3.7608 | FP STD 0.0493|
KL coef: 0.0
Train loss (one batch): 27125.994140625
Train CE loss (one batch): 0.0
Test MSE: 0.0552
Poisson likelihood: 0.0
CE loss: 0.0
Experiment 64634
Epoch 0009 [Test seq (cond on sampled tp)] | Loss 27500.707031 | Likelihood -27593.697266 | KL fp 3.9712 | FP STD 0.0421|
KL coef: 0.0
Train loss (one batch): 27070.33203125
Train CE loss (one batch): 0.0
Test MSE: 0.0552
Poisson likelihood: 0.0
CE loss: 0.0
Experiment 64634
Epoch 0010 [Test seq (cond on sampled tp)] | Loss 27743.748047 | Likelihood -27756.171875 | KL fp 3.4807 | FP STD 0.0545|
KL coef: 0.0
Train loss (one batch): 27369.595703125
Train CE loss (one batch): 0.0
Test MSE: 0.0555
Poisson likelihood: 0.0
CE loss: 0.0
Experiment 64634
Epoch 0011 [Test seq (cond on sampled tp)] | Loss 27468.806641 | Likelihood -27518.912109 | KL fp 3.8943 | FP STD 0.0424|
KL coef: 0.010000000000000009
Train loss (one batch): 26979.876953125
Train CE loss (one batch): 0.0
Test MSE: 0.0550
Poisson likelihood: 0.0
CE loss: 0.0
Experiment 64634
Epoch 0012 [Test seq (cond on sampled tp)] | Loss 27394.160156 | Likelihood -27479.478516 | KL fp 3.7061 | FP STD 0.0489|
KL coef: 0.01990000000000003
Train loss (one batch): 26825.1171875
Train CE loss (one batch): 0.0
Test MSE: 0.0550
Poisson likelihood: 0.0
CE loss: 0.0
Experiment 64634
Epoch 0013 [Test seq (cond on sampled tp)] | Loss 27407.853516 | Likelihood -27509.085938 | KL fp 4.1739 | FP STD 0.0385|
KL coef: 0.029700999999999977
Train loss (one batch): 26809.693359375
Train CE loss (one batch): 0.0
Test MSE: 0.0550
Poisson likelihood: 0.0
CE loss: 0.0
Experiment 64634
Epoch 0014 [Test seq (cond on sampled tp)] | Loss 27466.150391 | Likelihood -27499.541016 | KL fp 4.0648 | FP STD 0.0442|
KL coef: 0.039403990000000055
Train loss (one batch): 26674.529296875
Train CE loss (one batch): 0.0
Test MSE: 0.0550
Poisson likelihood: 0.0
CE loss: 0.0
Experiment 64634
Epoch 0015 [Test seq (cond on sampled tp)] | Loss 27351.183594 | Likelihood -27413.509766 | KL fp 3.9784 | FP STD 0.0436|
KL coef: 0.04900995010000009
Train loss (one batch): 26936.173828125
Train CE loss (one batch): 0.0
Test MSE: 0.0548
Poisson likelihood: 0.0
CE loss: 0.0
Experiment 64634
Epoch 0016 [Test seq (cond on sampled tp)] | Loss 27281.785156 | Likelihood -27395.490234 | KL fp 3.9335 | FP STD 0.0389|
KL coef: 0.058519850599
Train loss (one batch): 26927.765625
Train CE loss (one batch): 0.0
Test MSE: 0.0548
Poisson likelihood: 0.0
CE loss: 0.0
Experiment 64634
Epoch 0017 [Test seq (cond on sampled tp)] | Loss 27118.275391 | Likelihood -27204.218750 | KL fp 4.1772 | FP STD 0.0333|
KL coef: 0.06793465209301008
Train loss (one batch): 26606.982421875
Train CE loss (one batch): 0.0
Test MSE: 0.0544
Poisson likelihood: 0.0
CE loss: 0.0
Experiment 64634
Epoch 0018 [Test seq (cond on sampled tp)] | Loss 27047.546875 | Likelihood -27067.023438 | KL fp 3.8071 | FP STD 0.0401|
KL coef: 0.07725530557207994
Train loss (one batch): 26646.728515625
Train CE loss (one batch): 0.0
Test MSE: 0.0541
Poisson likelihood: 0.0
CE loss: 0.0
Experiment 64634
Epoch 0019 [Test seq (cond on sampled tp)] | Loss 27009.185547 | Likelihood -27036.642578 | KL fp 4.0422 | FP STD 0.0337|
KL coef: 0.08648275251635917
Train loss (one batch): 26352.984375
Train CE loss (one batch): 0.0
Test MSE: 0.0541
Poisson likelihood: 0.0
CE loss: 0.0
Experiment 64634
Epoch 0020 [Test seq (cond on sampled tp)] | Loss 26882.599609 | Likelihood -26947.773438 | KL fp 3.5956 | FP STD 0.0455|
KL coef: 0.09561792499119559
Train loss (one batch): 26269.111328125
Train CE loss (one batch): 0.0
Test MSE: 0.0539
Poisson likelihood: 0.0
CE loss: 0.0
Experiment 64634
Epoch 0021 [Test seq (cond on sampled tp)] | Loss 26817.861328 | Likelihood -26827.330078 | KL fp 3.8691 | FP STD 0.0428|
KL coef: 0.10466174574128362
Train loss (one batch): 26054.732421875
Train CE loss (one batch): 0.0
Test MSE: 0.0537
Poisson likelihood: 0.0
CE loss: 0.0
Experiment 64634
Epoch 0022 [Test seq (cond on sampled tp)] | Loss 26708.517578 | Likelihood -26739.031250 | KL fp 3.9074 | FP STD 0.0389|
KL coef: 0.11361512828387077
Train loss (one batch): 25873.86328125
Train CE loss (one batch): 0.0
Test MSE: 0.0535
Poisson likelihood: 0.0
CE loss: 0.0
Experiment 64634
Epoch 0023 [Test seq (cond on sampled tp)] | Loss 26620.089844 | Likelihood -26628.515625 | KL fp 4.1351 | FP STD 0.0347|
KL coef: 0.12247897700103216
Train loss (one batch): 25706.35546875
Train CE loss (one batch): 0.0
Test MSE: 0.0533
Poisson likelihood: 0.0
CE loss: 0.0
Experiment 64634
Epoch 0024 [Test seq (cond on sampled tp)] | Loss 26072.078125 | Likelihood -26167.478516 | KL fp 3.7882 | FP STD 0.0483|
KL coef: 0.13125418723102178
Train loss (one batch): 25300.076171875
Train CE loss (one batch): 0.0
Test MSE: 0.0523
Poisson likelihood: 0.0
CE loss: 0.0
Experiment 64634
Epoch 0025 [Test seq (cond on sampled tp)] | Loss 25573.880859 | Likelihood -25605.242188 | KL fp 3.8543 | FP STD 0.0388|
KL coef: 0.13994164535871156
Train loss (one batch): 24021.75390625
Train CE loss (one batch): 0.0
Test MSE: 0.0512
Poisson likelihood: 0.0
CE loss: 0.0
Experiment 64634
Epoch 0026 [Test seq (cond on sampled tp)] | Loss 24624.132812 | Likelihood -24645.521484 | KL fp 4.0756 | FP STD 0.0327|
KL coef: 0.14854222890512447
Train loss (one batch): 23548.78515625
Train CE loss (one batch): 0.0
Test MSE: 0.0493
Poisson likelihood: 0.0
CE loss: 0.0
Experiment 64634
Epoch 0027 [Test seq (cond on sampled tp)] | Loss 23578.554688 | Likelihood -23638.693359 | KL fp 3.8923 | FP STD 0.0391|
KL coef: 0.15705680661607324
Train loss (one batch): 22415.685546875
Train CE loss (one batch): 0.0
Test MSE: 0.0473
Poisson likelihood: 0.0
CE loss: 0.0
Experiment 64634
Epoch 0028 [Test seq (cond on sampled tp)] | Loss 22262.623047 | Likelihood -22306.632812 | KL fp 3.9201 | FP STD 0.0367|
KL coef: 0.1654862385499125
Train loss (one batch): 20609.322265625
Train CE loss (one batch): 0.0
Test MSE: 0.0446
Poisson likelihood: 0.0
CE loss: 0.0
Experiment 64634
Epoch 0029 [Test seq (cond on sampled tp)] | Loss 21070.732422 | Likelihood -21153.845703 | KL fp 4.1199 | FP STD 0.0334|
KL coef: 0.17383137616441335
Train loss (one batch): 19633.427734375
Train CE loss (one batch): 0.0
Test MSE: 0.0423
Poisson likelihood: 0.0
CE loss: 0.0
Experiment 64634
Epoch 0030 [Test seq (cond on sampled tp)] | Loss 20481.945312 | Likelihood -20553.896484 | KL fp 3.9066 | FP STD 0.0401|
KL coef: 0.18209306240276923
Train loss (one batch): 18584.474609375
Train CE loss (one batch): 0.0
Test MSE: 0.0411
Poisson likelihood: 0.0
CE loss: 0.0
Experiment 64634
Epoch 0031 [Test seq (cond on sampled tp)] | Loss 20188.882812 | Likelihood -20215.195312 | KL fp 3.8937 | FP STD 0.0382|
KL coef: 0.19027213177874158
Train loss (one batch): 18583.09375
Train CE loss (one batch): 0.0
Test MSE: 0.0404
Poisson likelihood: 0.0
CE loss: 0.0
Experiment 64634
Epoch 0032 [Test seq (cond on sampled tp)] | Loss 19997.203125 | Likelihood -20033.447266 | KL fp 3.9382 | FP STD 0.0370|
KL coef: 0.19836941046095413
Train loss (one batch): 17876.796875
Train CE loss (one batch): 0.0
Test MSE: 0.0401
Poisson likelihood: 0.0
CE loss: 0.0
Experiment 64634
Epoch 0033 [Test seq (cond on sampled tp)] | Loss 19620.457031 | Likelihood -19677.244141 | KL fp 4.3411 | FP STD 0.0250|
KL coef: 0.20638571635634462
Train loss (one batch): 18001.166015625
Train CE loss (one batch): 0.0
Test MSE: 0.0394
Poisson likelihood: 0.0
CE loss: 0.0
Experiment 64634
Epoch 0034 [Test seq (cond on sampled tp)] | Loss 19558.234375 | Likelihood -19647.123047 | KL fp 4.1563 | FP STD 0.0331|
KL coef: 0.21432185919278124
Train loss (one batch): 17857.7109375
Train CE loss (one batch): 0.0
Test MSE: 0.0393
Poisson likelihood: 0.0
CE loss: 0.0
Experiment 64634
Epoch 0035 [Test seq (cond on sampled tp)] | Loss 19468.638672 | Likelihood -19477.171875 | KL fp 4.1064 | FP STD 0.0322|
KL coef: 0.22217864060085335
Train loss (one batch): 17602.275390625
Train CE loss (one batch): 0.0
Test MSE: 0.0390
Poisson likelihood: 0.0
CE loss: 0.0
Experiment 64634
Epoch 0036 [Test seq (cond on sampled tp)] | Loss 19359.191406 | Likelihood -19420.283203 | KL fp 4.2135 | FP STD 0.0361|
KL coef: 0.2299568541948449
Train loss (one batch): 17622.53515625
Train CE loss (one batch): 0.0
Test MSE: 0.0389
Poisson likelihood: 0.0
CE loss: 0.0
Experiment 64634
Epoch 0037 [Test seq (cond on sampled tp)] | Loss 19129.791016 | Likelihood -19179.742188 | KL fp 4.0754 | FP STD 0.0389|
KL coef: 0.23765728565289646
Train loss (one batch): 17565.94140625
Train CE loss (one batch): 0.0
Test MSE: 0.0384
Poisson likelihood: 0.0
CE loss: 0.0
Experiment 64634
Epoch 0038 [Test seq (cond on sampled tp)] | Loss 18762.537109 | Likelihood -18766.107422 | KL fp 4.2602 | FP STD 0.0271|
KL coef: 0.24528071279636743
Train loss (one batch): 16954.66015625
Train CE loss (one batch): 0.0
Test MSE: 0.0375
Poisson likelihood: 0.0
CE loss: 0.0
Experiment 64634
Epoch 0039 [Test seq (cond on sampled tp)] | Loss 18616.177734 | Likelihood -18638.298828 | KL fp 4.2397 | FP STD 0.0280|
KL coef: 0.25282790566840385
Train loss (one batch): 16925.896484375
Train CE loss (one batch): 0.0
Test MSE: 0.0373
Poisson likelihood: 0.0
CE loss: 0.0
Experiment 64634
Epoch 0040 [Test seq (cond on sampled tp)] | Loss 18442.087891 | Likelihood -18510.556641 | KL fp 3.9455 | FP STD 0.0386|
KL coef: 0.2602996266117198
Train loss (one batch): 16557.6484375
Train CE loss (one batch): 0.0
Test MSE: 0.0370
Poisson likelihood: 0.0
CE loss: 0.0
Experiment 64634
Epoch 0041 [Test seq (cond on sampled tp)] | Loss 17960.027344 | Likelihood -17992.986328 | KL fp 4.1606 | FP STD 0.0313|
KL coef: 0.26769663034560254
Train loss (one batch): 16327.78515625
Train CE loss (one batch): 0.0
Test MSE: 0.0360
Poisson likelihood: 0.0
CE loss: 0.0
Experiment 64634
Epoch 0042 [Test seq (cond on sampled tp)] | Loss 17407.142578 | Likelihood -17454.326172 | KL fp 4.2780 | FP STD 0.0323|
KL coef: 0.2750196640421466
Train loss (one batch): 15933.15234375
Train CE loss (one batch): 0.0
Test MSE: 0.0349
Poisson likelihood: 0.0
CE loss: 0.0
Experiment 64634
Epoch 0043 [Test seq (cond on sampled tp)] | Loss 16807.498047 | Likelihood -16882.955078 | KL fp 4.1418 | FP STD 0.0336|
KL coef: 0.2822694674017251
Train loss (one batch): 15545.306640625
Train CE loss (one batch): 0.0
Test MSE: 0.0338
Poisson likelihood: 0.0
CE loss: 0.0
Experiment 64634
Epoch 0044 [Test seq (cond on sampled tp)] | Loss 16188.960938 | Likelihood -16236.203125 | KL fp 4.1841 | FP STD 0.0306|
KL coef: 0.2894467727277079
Train loss (one batch): 15205.21875
Train CE loss (one batch): 0.0
Test MSE: 0.0325
Poisson likelihood: 0.0
CE loss: 0.0
Experiment 64634
Epoch 0045 [Test seq (cond on sampled tp)] | Loss 15742.903320 | Likelihood -15838.609375 | KL fp 4.2691 | FP STD 0.0290|
KL coef: 0.29655230500043084
Train loss (one batch): 14284.5068359375
Train CE loss (one batch): 0.0
Test MSE: 0.0317
Poisson likelihood: 0.0
CE loss: 0.0
Experiment 64634
Epoch 0046 [Test seq (cond on sampled tp)] | Loss 15375.380859 | Likelihood -15410.980469 | KL fp 4.0205 | FP STD 0.0328|
KL coef: 0.30358678195042654
Train loss (one batch): 13930.974609375
Train CE loss (one batch): 0.0
Test MSE: 0.0308
Poisson likelihood: 0.0
CE loss: 0.0
Experiment 64634
Epoch 0047 [Test seq (cond on sampled tp)] | Loss 15075.663086 | Likelihood -15082.878906 | KL fp 4.3593 | FP STD 0.0271|
KL coef: 0.3105509141309223
Train loss (one batch): 13619.90625
Train CE loss (one batch): 0.0
Test MSE: 0.0302
Poisson likelihood: 0.0
CE loss: 0.0
Experiment 64634
Epoch 0048 [Test seq (cond on sampled tp)] | Loss 14833.291016 | Likelihood -14852.540039 | KL fp 4.3069 | FP STD 0.0273|
KL coef: 0.31744540498961304
Train loss (one batch): 13296.775390625
Train CE loss (one batch): 0.0
Test MSE: 0.0297
Poisson likelihood: 0.0
CE loss: 0.0
Experiment 64634
Epoch 0049 [Test seq (cond on sampled tp)] | Loss 14626.508789 | Likelihood -14662.235352 | KL fp 4.3369 | FP STD 0.0249|
KL coef: 0.3242709509397169
Train loss (one batch): 13188.810546875
Train CE loss (one batch): 0.0
Test MSE: 0.0293
Poisson likelihood: 0.0
CE loss: 0.0
Experiment 64634
Epoch 0050 [Test seq (cond on sampled tp)] | Loss 14493.613281 | Likelihood -14520.507812 | KL fp 4.3525 | FP STD 0.0286|
KL coef: 0.3310282414303197
Train loss (one batch): 13073.4541015625
Train CE loss (one batch): 0.0
Test MSE: 0.0291
Poisson likelihood: 0.0
CE loss: 0.0
Experiment 64634
Epoch 0051 [Test seq (cond on sampled tp)] | Loss 14329.505859 | Likelihood -14361.416992 | KL fp 4.6736 | FP STD 0.0195|
KL coef: 0.33771795901601653
Train loss (one batch): 12952.2568359375
Train CE loss (one batch): 0.0
Test MSE: 0.0287
Poisson likelihood: 0.0
CE loss: 0.0
Experiment 64634
Epoch 0052 [Test seq (cond on sampled tp)] | Loss 14235.267578 | Likelihood -14252.684570 | KL fp 4.3653 | FP STD 0.0230|
KL coef: 0.3443407794258564
Train loss (one batch): 12954.3515625
Train CE loss (one batch): 0.0
Test MSE: 0.0285
Poisson likelihood: 0.0
CE loss: 0.0
Experiment 64634
Epoch 0053 [Test seq (cond on sampled tp)] | Loss 14139.541992 | Likelihood -14161.773438 | KL fp 4.6436 | FP STD 0.0189|
KL coef: 0.35089737163159784
Train loss (one batch): 12813.591796875
Train CE loss (one batch): 0.0
Test MSE: 0.0283
Poisson likelihood: 0.0
CE loss: 0.0
Experiment 64634
Epoch 0054 [Test seq (cond on sampled tp)] | Loss 14003.916016 | Likelihood -14043.071289 | KL fp 4.7161 | FP STD 0.0174|
KL coef: 0.3573883979152819
Train loss (one batch): 12740.70703125
Train CE loss (one batch): 0.0
Test MSE: 0.0281
Poisson likelihood: 0.0
CE loss: 0.0
Experiment 64634
Epoch 0055 [Test seq (cond on sampled tp)] | Loss 14022.857422 | Likelihood -14049.898438 | KL fp 4.5907 | FP STD 0.0221|
KL coef: 0.36381451393612907
Train loss (one batch): 12795.83203125
Train CE loss (one batch): 0.0
Test MSE: 0.0281
Poisson likelihood: 0.0
CE loss: 0.0
Experiment 64634
Epoch 0056 [Test seq (cond on sampled tp)] | Loss 13953.553711 | Likelihood -13985.051758 | KL fp 4.4171 | FP STD 0.0244|
KL coef: 0.37017636879676774
Train loss (one batch): 12769.95703125
Train CE loss (one batch): 0.0
Test MSE: 0.0280
Poisson likelihood: 0.0
CE loss: 0.0
Experiment 64634
Epoch 0057 [Test seq (cond on sampled tp)] | Loss 13868.963867 | Likelihood -13871.124023 | KL fp 4.4817 | FP STD 0.0216|
KL coef: 0.37647460510880004
Train loss (one batch): 12656.05078125
Train CE loss (one batch): 0.0
Test MSE: 0.0278
Poisson likelihood: 0.0
CE loss: 0.0
Experiment 64634
Epoch 0058 [Test seq (cond on sampled tp)] | Loss 13752.255859 | Likelihood -13767.635742 | KL fp 4.6950 | FP STD 0.0184|
KL coef: 0.38270985905771204
Train loss (one batch): 12482.78515625
Train CE loss (one batch): 0.0
Test MSE: 0.0275
Poisson likelihood: 0.0
CE loss: 0.0
Experiment 64634
Epoch 0059 [Test seq (cond on sampled tp)] | Loss 13703.898438 | Likelihood -13719.151367 | KL fp 4.8441 | FP STD 0.0160|
KL coef: 0.388882760467135
Train loss (one batch): 12459.8056640625
Train CE loss (one batch): 0.0
Test MSE: 0.0275
Poisson likelihood: 0.0
CE loss: 0.0
Experiment 64634
Epoch 0060 [Test seq (cond on sampled tp)] | Loss 13659.214844 | Likelihood -13683.174805 | KL fp 4.3957 | FP STD 0.0225|
KL coef: 0.39499393286246365
Train loss (one batch): 12356.3701171875
Train CE loss (one batch): 0.0
Test MSE: 0.0274
Poisson likelihood: 0.0
CE loss: 0.0
Experiment 64634
Epoch 0061 [Test seq (cond on sampled tp)] | Loss 13541.594727 | Likelihood -13552.718750 | KL fp 4.9804 | FP STD 0.0141|
KL coef: 0.401043993533839
Train loss (one batch): 12276.8037109375
Train CE loss (one batch): 0.0
Test MSE: 0.0271
Poisson likelihood: 0.0
CE loss: 0.0
Experiment 64634
Epoch 0062 [Test seq (cond on sampled tp)] | Loss 13520.173828 | Likelihood -13523.742188 | KL fp 4.6839 | FP STD 0.0188|
KL coef: 0.4070335535985006
Train loss (one batch): 12112.205078125
Train CE loss (one batch): 0.0
Test MSE: 0.0271
Poisson likelihood: 0.0
CE loss: 0.0
Experiment 64634
Epoch 0063 [Test seq (cond on sampled tp)] | Loss 13542.684570 | Likelihood -13560.010742 | KL fp 4.4014 | FP STD 0.0276|
KL coef: 0.41296321806251557
Train loss (one batch): 12163.552734375
Train CE loss (one batch): 0.0
Test MSE: 0.0271
Poisson likelihood: 0.0
CE loss: 0.0
Experiment 64634
Epoch 0064 [Test seq (cond on sampled tp)] | Loss 13549.497070 | Likelihood -13580.886719 | KL fp 4.4288 | FP STD 0.0299|
KL coef: 0.41883358588189046
Train loss (one batch): 12158.064453125
Train CE loss (one batch): 0.0
Test MSE: 0.0272
Poisson likelihood: 0.0
CE loss: 0.0
Experiment 64634
Epoch 0065 [Test seq (cond on sampled tp)] | Loss 13398.819336 | Likelihood -13426.026367 | KL fp 4.6427 | FP STD 0.0241|
KL coef: 0.4246452500230715
Train loss (one batch): 12035.0615234375
Train CE loss (one batch): 0.0
Test MSE: 0.0269
Poisson likelihood: 0.0
CE loss: 0.0
Experiment 64634
Epoch 0066 [Test seq (cond on sampled tp)] | Loss 13263.962891 | Likelihood -13300.332031 | KL fp 4.7147 | FP STD 0.0219|
KL coef: 0.4303987975228408
Train loss (one batch): 12068.2392578125
Train CE loss (one batch): 0.0
Test MSE: 0.0266
Poisson likelihood: 0.0
CE loss: 0.0
Experiment 64634
Epoch 0067 [Test seq (cond on sampled tp)] | Loss 13191.460938 | Likelihood -13212.414062 | KL fp 4.5810 | FP STD 0.0218|
KL coef: 0.4360948095476125
Train loss (one batch): 11920.9296875
Train CE loss (one batch): 0.0
Test MSE: 0.0264
Poisson likelihood: 0.0
CE loss: 0.0
Experiment 64634
Epoch 0068 [Test seq (cond on sampled tp)] | Loss 13131.591797 | Likelihood -13164.415039 | KL fp 4.4644 | FP STD 0.0221|
KL coef: 0.44173386145213633
Train loss (one batch): 11839.2568359375
Train CE loss (one batch): 0.0
Test MSE: 0.0263
Poisson likelihood: 0.0
CE loss: 0.0
Experiment 64634
Epoch 0069 [Test seq (cond on sampled tp)] | Loss 13100.987305 | Likelihood -13106.116211 | KL fp 4.5658 | FP STD 0.0186|
KL coef: 0.4473165228376149
Train loss (one batch): 11549.88671875
Train CE loss (one batch): 0.0
Test MSE: 0.0262
Poisson likelihood: 0.0
CE loss: 0.0
Experiment 64634
Epoch 0070 [Test seq (cond on sampled tp)] | Loss 13074.055664 | Likelihood -13085.209961 | KL fp 4.7213 | FP STD 0.0178|
KL coef: 0.4528433576092388
Train loss (one batch): 11628.9541015625
Train CE loss (one batch): 0.0
Test MSE: 0.0262
Poisson likelihood: 0.0
CE loss: 0.0
Experiment 64634
Epoch 0071 [Test seq (cond on sampled tp)] | Loss 12959.201172 | Likelihood -12974.832031 | KL fp 4.7404 | FP STD 0.0176|
KL coef: 0.45831492403314644
Train loss (one batch): 11563.869140625
Train CE loss (one batch): 0.0
Test MSE: 0.0260
Poisson likelihood: 0.0
CE loss: 0.0
Experiment 64634
Epoch 0072 [Test seq (cond on sampled tp)] | Loss 12905.334961 | Likelihood -12919.932617 | KL fp 4.6992 | FP STD 0.0181|
KL coef: 0.463731774792815
Train loss (one batch): 11457.802734375
Train CE loss (one batch): 0.0
Test MSE: 0.0259
Poisson likelihood: 0.0
CE loss: 0.0
Experiment 64634
Epoch 0073 [Test seq (cond on sampled tp)] | Loss 12806.569336 | Likelihood -12827.166992 | KL fp 4.8374 | FP STD 0.0156|
KL coef: 0.46909445704488684
Train loss (one batch): 11351.02734375
Train CE loss (one batch): 0.0
Test MSE: 0.0257
Poisson likelihood: 0.0
CE loss: 0.0
Experiment 64634
Epoch 0074 [Test seq (cond on sampled tp)] | Loss 12747.733398 | Likelihood -12772.523438 | KL fp 4.5829 | FP STD 0.0190|
KL coef: 0.474403512474438
Train loss (one batch): 11309.9306640625
Train CE loss (one batch): 0.0
Test MSE: 0.0256
Poisson likelihood: 0.0
CE loss: 0.0
Experiment 64634
Epoch 0075 [Test seq (cond on sampled tp)] | Loss 12605.843750 | Likelihood -12620.351562 | KL fp 4.6279 | FP STD 0.0186|
KL coef: 0.4796594773496936
Train loss (one batch): 11033.7529296875
Train CE loss (one batch): 0.0
Test MSE: 0.0253
Poisson likelihood: 0.0
CE loss: 0.0
Experiment 64634
Epoch 0076 [Test seq (cond on sampled tp)] | Loss 12520.583008 | Likelihood -12532.905273 | KL fp 4.8046 | FP STD 0.0153|
KL coef: 0.4848628825761967
Train loss (one batch): 10979.2568359375
Train CE loss (one batch): 0.0
Test MSE: 0.0251
Poisson likelihood: 0.0
CE loss: 0.0
Experiment 64634
Epoch 0077 [Test seq (cond on sampled tp)] | Loss 12416.099609 | Likelihood -12434.536133 | KL fp 4.8001 | FP STD 0.0156|
KL coef: 0.4900142537504347
Train loss (one batch): 10959.603515625
Train CE loss (one batch): 0.0
Test MSE: 0.0249
Poisson likelihood: 0.0
CE loss: 0.0
Experiment 64634
Epoch 0078 [Test seq (cond on sampled tp)] | Loss 12388.996094 | Likelihood -12394.364258 | KL fp 4.5318 | FP STD 0.0204|
KL coef: 0.49511411121293036
Train loss (one batch): 10773.8857421875
Train CE loss (one batch): 0.0
Test MSE: 0.0248
Poisson likelihood: 0.0
CE loss: 0.0
Experiment 64634
Epoch 0079 [Test seq (cond on sampled tp)] | Loss 12275.134766 | Likelihood -12276.973633 | KL fp 4.7139 | FP STD 0.0171|
KL coef: 0.500162970100801
Train loss (one batch): 10678.025390625
Train CE loss (one batch): 0.0
Test MSE: 0.0246
Poisson likelihood: 0.0
CE loss: 0.0
Experiment 64634
Epoch 0080 [Test seq (cond on sampled tp)] | Loss 12243.601562 | Likelihood -12255.718750 | KL fp 4.7094 | FP STD 0.0175|
KL coef: 0.505161340399793
Train loss (one batch): 10583.6181640625
Train CE loss (one batch): 0.0
Test MSE: 0.0245
Poisson likelihood: 0.0
CE loss: 0.0
Experiment 64634
Epoch 0081 [Test seq (cond on sampled tp)] | Loss 12079.978516 | Likelihood -12094.565430 | KL fp 4.7524 | FP STD 0.0163|
KL coef: 0.510109726995795
Train loss (one batch): 10426.205078125
Train CE loss (one batch): 0.0
Test MSE: 0.0242
Poisson likelihood: 0.0
CE loss: 0.0
Experiment 64634
Epoch 0082 [Test seq (cond on sampled tp)] | Loss 12042.721680 | Likelihood -12060.159180 | KL fp 4.5715 | FP STD 0.0191|
KL coef: 0.5150086297258372
Train loss (one batch): 10323.6181640625
Train CE loss (one batch): 0.0
Test MSE: 0.0241
Poisson likelihood: 0.0
CE loss: 0.0
Experiment 64634
Epoch 0083 [Test seq (cond on sampled tp)] | Loss 11940.622070 | Likelihood -11941.351562 | KL fp 4.8965 | FP STD 0.0149|
KL coef: 0.5198585434285787
Train loss (one batch): 10167.30859375
Train CE loss (one batch): 0.0
Test MSE: 0.0239
Poisson likelihood: 0.0
CE loss: 0.0
Experiment 64634
Epoch 0084 [Test seq (cond on sampled tp)] | Loss 11907.799805 | Likelihood -11923.843750 | KL fp 4.6700 | FP STD 0.0176|
KL coef: 0.524659957994293
Train loss (one batch): 10175.9365234375
Train CE loss (one batch): 0.0
Test MSE: 0.0239
Poisson likelihood: 0.0
CE loss: 0.0
Experiment 64634
Epoch 0085 [Test seq (cond on sampled tp)] | Loss 11840.837891 | Likelihood -11871.379883 | KL fp 4.6672 | FP STD 0.0184|
KL coef: 0.5294133584143501
Train loss (one batch): 10093.197265625
Train CE loss (one batch): 0.0
Test MSE: 0.0238
Poisson likelihood: 0.0
CE loss: 0.0
Experiment 64634
Epoch 0086 [Test seq (cond on sampled tp)] | Loss 11780.060547 | Likelihood -11796.300781 | KL fp 4.6775 | FP STD 0.0174|
KL coef: 0.5341192248302067
Train loss (one batch): 9995.3642578125
Train CE loss (one batch): 0.0
Test MSE: 0.0236
Poisson likelihood: 0.0
CE loss: 0.0
Experiment 64634
Epoch 0087 [Test seq (cond on sampled tp)] | Loss 11711.773438 | Likelihood -11719.609375 | KL fp 4.6731 | FP STD 0.0181|
KL coef: 0.5387780325819045
Train loss (one batch): 9951.5185546875
Train CE loss (one batch): 0.0
Test MSE: 0.0235
Poisson likelihood: 0.0
CE loss: 0.0
Experiment 64634
Epoch 0088 [Test seq (cond on sampled tp)] | Loss 11659.884766 | Likelihood -11679.078125 | KL fp 4.7906 | FP STD 0.0165|
KL coef: 0.5433902522560855
Train loss (one batch): 9930.3388671875
Train CE loss (one batch): 0.0
Test MSE: 0.0234
Poisson likelihood: 0.0
CE loss: 0.0
Experiment 64634
Epoch 0089 [Test seq (cond on sampled tp)] | Loss 11607.272461 | Likelihood -11627.375000 | KL fp 4.8333 | FP STD 0.0151|
KL coef: 0.5479563497335247
Train loss (one batch): 9863.4580078125
Train CE loss (one batch): 0.0
Test MSE: 0.0233
Poisson likelihood: 0.0
CE loss: 0.0
Experiment 64634
Epoch 0090 [Test seq (cond on sampled tp)] | Loss 11577.182617 | Likelihood -11589.235352 | KL fp 5.0525 | FP STD 0.0130|
KL coef: 0.5524767862361895
Train loss (one batch): 9812.59375
Train CE loss (one batch): 0.0
Test MSE: 0.0232
Poisson likelihood: 0.0
CE loss: 0.0
Experiment 64634
Epoch 0091 [Test seq (cond on sampled tp)] | Loss 11532.874023 | Likelihood -11551.862305 | KL fp 5.0406 | FP STD 0.0130|
KL coef: 0.5569520183738275
Train loss (one batch): 9748.0966796875
Train CE loss (one batch): 0.0
Test MSE: 0.0231
Poisson likelihood: 0.0
CE loss: 0.0
Experiment 64634
Epoch 0092 [Test seq (cond on sampled tp)] | Loss 11504.213867 | Likelihood -11529.456055 | KL fp 4.8919 | FP STD 0.0145|
KL coef: 0.5613824981900892
Train loss (one batch): 9712.96875
Train CE loss (one batch): 0.0
Test MSE: 0.0231
Poisson likelihood: 0.0
CE loss: 0.0
Experiment 64634
Epoch 0093 [Test seq (cond on sampled tp)] | Loss 11423.245117 | Likelihood -11429.136719 | KL fp 4.8515 | FP STD 0.0151|
KL coef: 0.5657686732081884
Train loss (one batch): 9628.697265625
Train CE loss (one batch): 0.0
Test MSE: 0.0229
Poisson likelihood: 0.0
CE loss: 0.0
Experiment 64634
Epoch 0094 [Test seq (cond on sampled tp)] | Loss 11431.579102 | Likelihood -11447.707031 | KL fp 4.5017 | FP STD 0.0192|
KL coef: 0.5701109864761065
Train loss (one batch): 9653.5625
Train CE loss (one batch): 0.0
Test MSE: 0.0229
Poisson likelihood: 0.0
CE loss: 0.0
Experiment 64634
Epoch 0095 [Test seq (cond on sampled tp)] | Loss 11325.103516 | Likelihood -11332.665039 | KL fp 5.0172 | FP STD 0.0134|
KL coef: 0.5744098766113455
Train loss (one batch): 9553.412109375
Train CE loss (one batch): 0.0
Test MSE: 0.0227
Poisson likelihood: 0.0
CE loss: 0.0
Experiment 64634
Epoch 0096 [Test seq (cond on sampled tp)] | Loss 11291.594727 | Likelihood -11300.342773 | KL fp 4.9815 | FP STD 0.0140|
KL coef: 0.578665777845232
Train loss (one batch): 9537.2548828125
Train CE loss (one batch): 0.0
Test MSE: 0.0226
Poisson likelihood: 0.0
CE loss: 0.0
Experiment 64634
Epoch 0097 [Test seq (cond on sampled tp)] | Loss 11270.391602 | Likelihood -11275.953125 | KL fp 4.7316 | FP STD 0.0161|
KL coef: 0.5828791200667797
Train loss (one batch): 9491.755859375
Train CE loss (one batch): 0.0
Test MSE: 0.0226
Poisson likelihood: 0.0
CE loss: 0.0
Experiment 64634
Epoch 0098 [Test seq (cond on sampled tp)] | Loss 11213.332031 | Likelihood -11223.750000 | KL fp 4.8968 | FP STD 0.0141|
KL coef: 0.5870503288661119
Train loss (one batch): 9413.8857421875
Train CE loss (one batch): 0.0
Test MSE: 0.0225
Poisson likelihood: 0.0
CE loss: 0.0
Experiment 64634
Epoch 0099 [Test seq (cond on sampled tp)] | Loss 11121.606445 | Likelihood -11135.997070 | KL fp 4.9973 | FP STD 0.0136|
KL coef: 0.5911798255774507
Train loss (one batch): 9396.8955078125
Train CE loss (one batch): 0.0
Test MSE: 0.0223
Poisson likelihood: 0.0
CE loss: 0.0
Experiment 64634
Epoch 0100 [Test seq (cond on sampled tp)] | Loss 11083.775391 | Likelihood -11090.028320 | KL fp 4.8976 | FP STD 0.0146|
KL coef: 0.5952680273216762
Train loss (one batch): 9343.6748046875
Train CE loss (one batch): 0.0
Test MSE: 0.0222
Poisson likelihood: 0.0
CE loss: 0.0
Experiment 64634
Epoch 0101 [Test seq (cond on sampled tp)] | Loss 11022.315430 | Likelihood -11045.030273 | KL fp 4.7885 | FP STD 0.0157|
KL coef: 0.5993153470484595
Train loss (one batch): 9266.861328125
Train CE loss (one batch): 0.0
Test MSE: 0.0221
Poisson likelihood: 0.0
CE loss: 0.0
Experiment 64634
Epoch 0102 [Test seq (cond on sampled tp)] | Loss 10946.576172 | Likelihood -10954.172852 | KL fp 4.9893 | FP STD 0.0132|
KL coef: 0.6033221935779749
Train loss (one batch): 9280.2353515625
Train CE loss (one batch): 0.0
Test MSE: 0.0219
Poisson likelihood: 0.0
CE loss: 0.0
Experiment 64634
Epoch 0103 [Test seq (cond on sampled tp)] | Loss 10876.300781 | Likelihood -10887.086914 | KL fp 4.9183 | FP STD 0.0143|
KL coef: 0.6072889716421952
Train loss (one batch): 9158.607421875
Train CE loss (one batch): 0.0
Test MSE: 0.0218
Poisson likelihood: 0.0
CE loss: 0.0
Experiment 64634
Epoch 0104 [Test seq (cond on sampled tp)] | Loss 10812.675781 | Likelihood -10830.132812 | KL fp 4.7768 | FP STD 0.0167|
KL coef: 0.6112160819257733
Train loss (one batch): 9147.0908203125
Train CE loss (one batch): 0.0
Test MSE: 0.0217
Poisson likelihood: 0.0
CE loss: 0.0
Experiment 64634
Epoch 0105 [Test seq (cond on sampled tp)] | Loss 10738.803711 | Likelihood -10749.165039 | KL fp 4.8758 | FP STD 0.0152|
KL coef: 0.6151039211065155
Train loss (one batch): 9091.9599609375
Train CE loss (one batch): 0.0
Test MSE: 0.0215
Poisson likelihood: 0.0
CE loss: 0.0
Experiment 64634
Epoch 0106 [Test seq (cond on sampled tp)] | Loss 10652.574219 | Likelihood -10659.489258 | KL fp 5.1259 | FP STD 0.0120|
KL coef: 0.6189528818954504
Train loss (one batch): 8954.0107421875
Train CE loss (one batch): 0.0
Test MSE: 0.0213
Poisson likelihood: 0.0
CE loss: 0.0
Experiment 64634
Epoch 0107 [Test seq (cond on sampled tp)] | Loss 10565.432617 | Likelihood -10569.175781 | KL fp 4.9754 | FP STD 0.0132|
KL coef: 0.6227633530764958
Train loss (one batch): 8911.8115234375
Train CE loss (one batch): 0.0
Test MSE: 0.0212
Poisson likelihood: 0.0
CE loss: 0.0
Experiment 64634
Epoch 0108 [Test seq (cond on sampled tp)] | Loss 10502.157227 | Likelihood -10509.164062 | KL fp 5.1016 | FP STD 0.0120|
KL coef: 0.6265357195457308
Train loss (one batch): 8788.1083984375
Train CE loss (one batch): 0.0
Test MSE: 0.0210
Poisson likelihood: 0.0
CE loss: 0.0
Experiment 64634
Epoch 0109 [Test seq (cond on sampled tp)] | Loss 10415.674805 | Likelihood -10413.799805 | KL fp 4.8536 | FP STD 0.0157|
KL coef: 0.6302703623502736
Train loss (one batch): 8766.8837890625
Train CE loss (one batch): 0.0
Test MSE: 0.0208
Poisson likelihood: 0.0
CE loss: 0.0
Experiment 64634
Epoch 0110 [Test seq (cond on sampled tp)] | Loss 10320.364258 | Likelihood -10340.700195 | KL fp 4.9734 | FP STD 0.0158|
KL coef: 0.6339676587267709
Train loss (one batch): 8627.6708984375
Train CE loss (one batch): 0.0
Test MSE: 0.0207
Poisson likelihood: 0.0
CE loss: 0.0
Experiment 64634
Epoch 0111 [Test seq (cond on sampled tp)] | Loss 10215.474609 | Likelihood -10230.609375 | KL fp 4.8697 | FP STD 0.0169|
KL coef: 0.6376279821395031
Train loss (one batch): 8612.8232421875
Train CE loss (one batch): 0.0
Test MSE: 0.0205
Poisson likelihood: 0.0
CE loss: 0.0
Experiment 64634
Epoch 0112 [Test seq (cond on sampled tp)] | Loss 10100.941406 | Likelihood -10102.360352 | KL fp 4.8593 | FP STD 0.0152|
KL coef: 0.6412517023181081
Train loss (one batch): 8512.787109375
Train CE loss (one batch): 0.0
Test MSE: 0.0202
Poisson likelihood: 0.0
CE loss: 0.0
Experiment 64634
Epoch 0113 [Test seq (cond on sampled tp)] | Loss 10022.619141 | Likelihood -10026.074219 | KL fp 4.9912 | FP STD 0.0140|
KL coef: 0.644839185294927
Train loss (one batch): 8420.71875
Train CE loss (one batch): 0.0
Test MSE: 0.0201
Poisson likelihood: 0.0
CE loss: 0.0
Experiment 64634
Epoch 0114 [Test seq (cond on sampled tp)] | Loss 9907.636719 | Likelihood -9912.019531 | KL fp 5.0141 | FP STD 0.0130|
KL coef: 0.6483907934419777
Train loss (one batch): 8369.7119140625
Train CE loss (one batch): 0.0
Test MSE: 0.0198
Poisson likelihood: 0.0
CE loss: 0.0
Experiment 64634
Epoch 0115 [Test seq (cond on sampled tp)] | Loss 9865.208008 | Likelihood -9872.435547 | KL fp 5.0715 | FP STD 0.0127|
KL coef: 0.651906885507558
Train loss (one batch): 8239.69140625
Train CE loss (one batch): 0.0
Test MSE: 0.0198
Poisson likelihood: 0.0
CE loss: 0.0
Experiment 64634
Epoch 0116 [Test seq (cond on sampled tp)] | Loss 9788.162109 | Likelihood -9798.307617 | KL fp 4.9657 | FP STD 0.0138|
KL coef: 0.6553878166524825
Train loss (one batch): 8189.27099609375
Train CE loss (one batch): 0.0
Test MSE: 0.0196
Poisson likelihood: 0.0
CE loss: 0.0
Experiment 64634
Epoch 0117 [Test seq (cond on sampled tp)] | Loss 9708.419922 | Likelihood -9712.713867 | KL fp 5.0430 | FP STD 0.0132|
KL coef: 0.6588339384859576
Train loss (one batch): 8151.72607421875
Train CE loss (one batch): 0.0
Test MSE: 0.0194
Poisson likelihood: 0.0
CE loss: 0.0
Experiment 64634
Epoch 0118 [Test seq (cond on sampled tp)] | Loss 9701.429688 | Likelihood -9707.246094 | KL fp 4.9422 | FP STD 0.0142|
KL coef: 0.662245599101098
Train loss (one batch): 8031.47119140625
Train CE loss (one batch): 0.0
Test MSE: 0.0194
Poisson likelihood: 0.0
CE loss: 0.0
Experiment 64634
Epoch 0119 [Test seq (cond on sampled tp)] | Loss 9672.584961 | Likelihood -9672.835938 | KL fp 5.0242 | FP STD 0.0142|
KL coef: 0.665623143110087
Train loss (one batch): 8007.28564453125
Train CE loss (one batch): 0.0
Test MSE: 0.0194
Poisson likelihood: 0.0
CE loss: 0.0
Experiment 64634
Epoch 0120 [Test seq (cond on sampled tp)] | Loss 9642.340820 | Likelihood -9651.093750 | KL fp 4.9943 | FP STD 0.0135|
KL coef: 0.6689669116789861
Train loss (one batch): 7957.4384765625
Train CE loss (one batch): 0.0
Test MSE: 0.0193
Poisson likelihood: 0.0
CE loss: 0.0
Experiment 64634
Epoch 0121 [Test seq (cond on sampled tp)] | Loss 9593.583008 | Likelihood -9595.276367 | KL fp 4.8581 | FP STD 0.0150|
KL coef: 0.6722772425621963
Train loss (one batch): 7934.71923828125
Train CE loss (one batch): 0.0
Test MSE: 0.0192
Poisson likelihood: 0.0
CE loss: 0.0
Experiment 64634
Epoch 0122 [Test seq (cond on sampled tp)] | Loss 9539.782227 | Likelihood -9560.545898 | KL fp 4.9389 | FP STD 0.0145|
KL coef: 0.6755544701365743
Train loss (one batch): 7849.302734375
Train CE loss (one batch): 0.0
Test MSE: 0.0191
Poisson likelihood: 0.0
CE loss: 0.0
Experiment 64634
Epoch 0123 [Test seq (cond on sampled tp)] | Loss 9578.253906 | Likelihood -9588.345703 | KL fp 4.8902 | FP STD 0.0160|
KL coef: 0.6787989254352086
Train loss (one batch): 7852.7470703125
Train CE loss (one batch): 0.0
Test MSE: 0.0192
Poisson likelihood: 0.0
CE loss: 0.0
Experiment 64634
Epoch 0124 [Test seq (cond on sampled tp)] | Loss 9492.199219 | Likelihood -9499.236328 | KL fp 4.9555 | FP STD 0.0146|
KL coef: 0.6820109361808565
Train loss (one batch): 7844.02294921875
Train CE loss (one batch): 0.0
Test MSE: 0.0190
Poisson likelihood: 0.0
CE loss: 0.0
Experiment 64634
Epoch 0125 [Test seq (cond on sampled tp)] | Loss 9479.327148 | Likelihood -9496.176758 | KL fp 5.0811 | FP STD 0.0130|
KL coef: 0.685190826819048
Train loss (one batch): 7855.59619140625
Train CE loss (one batch): 0.0
Test MSE: 0.0190
Poisson likelihood: 0.0
CE loss: 0.0
Experiment 64634
Epoch 0126 [Test seq (cond on sampled tp)] | Loss 9431.848633 | Likelihood -9445.668945 | KL fp 4.9731 | FP STD 0.0139|
KL coef: 0.6883389185508575
Train loss (one batch): 7745.53271484375
Train CE loss (one batch): 0.0
Test MSE: 0.0189
Poisson likelihood: 0.0
CE loss: 0.0
Experiment 64634
Epoch 0127 [Test seq (cond on sampled tp)] | Loss 9423.264648 | Likelihood -9431.382812 | KL fp 5.0719 | FP STD 0.0129|
KL coef: 0.6914555293653489
Train loss (one batch): 7751.42529296875
Train CE loss (one batch): 0.0
Test MSE: 0.0189
Poisson likelihood: 0.0
CE loss: 0.0
Experiment 64634
Epoch 0128 [Test seq (cond on sampled tp)] | Loss 9424.139648 | Likelihood -9429.329102 | KL fp 5.1111 | FP STD 0.0129|
KL coef: 0.6945409740716955
Train loss (one batch): 7695.0078125
Train CE loss (one batch): 0.0
Test MSE: 0.0189
Poisson likelihood: 0.0
CE loss: 0.0
Experiment 64634
Epoch 0129 [Test seq (cond on sampled tp)] | Loss 9380.034180 | Likelihood -9385.350586 | KL fp 5.1097 | FP STD 0.0126|
KL coef: 0.6975955643309785
Train loss (one batch): 7667.34619140625
Train CE loss (one batch): 0.0
Test MSE: 0.0188
Poisson likelihood: 0.0
CE loss: 0.0
Experiment 64634
Epoch 0130 [Test seq (cond on sampled tp)] | Loss 9356.570312 | Likelihood -9360.702148 | KL fp 5.0843 | FP STD 0.0120|
KL coef: 0.7006196086876687
Train loss (one batch): 7576.34765625
Train CE loss (one batch): 0.0
Test MSE: 0.0187
Poisson likelihood: 0.0
CE loss: 0.0
Experiment 64634
Epoch 0131 [Test seq (cond on sampled tp)] | Loss 9369.519531 | Likelihood -9373.457031 | KL fp 5.2178 | FP STD 0.0117|
KL coef: 0.703613412600792
Train loss (one batch): 7595.4208984375
Train CE loss (one batch): 0.0
Test MSE: 0.0188
Poisson likelihood: 0.0
CE loss: 0.0
Experiment 64634
Epoch 0132 [Test seq (cond on sampled tp)] | Loss 9333.142578 | Likelihood -9335.413086 | KL fp 5.0690 | FP STD 0.0128|
KL coef: 0.7065772784747841
Train loss (one batch): 7634.330078125
Train CE loss (one batch): 0.0
Test MSE: 0.0187
Poisson likelihood: 0.0
CE loss: 0.0
Experiment 64634
Epoch 0133 [Test seq (cond on sampled tp)] | Loss 9309.638672 | Likelihood -9320.985352 | KL fp 5.2441 | FP STD 0.0109|
KL coef: 0.7095115056900363
Train loss (one batch): 7575.09521484375
Train CE loss (one batch): 0.0
Test MSE: 0.0187
Poisson likelihood: 0.0
CE loss: 0.0
Experiment 64634
Epoch 0134 [Test seq (cond on sampled tp)] | Loss 9292.218750 | Likelihood -9297.200195 | KL fp 5.2604 | FP STD 0.0107|
KL coef: 0.7124163906331359
Train loss (one batch): 7518.76513671875
Train CE loss (one batch): 0.0
Test MSE: 0.0186
Poisson likelihood: 0.0
CE loss: 0.0
Experiment 64634
Epoch 0135 [Test seq (cond on sampled tp)] | Loss 9228.058594 | Likelihood -9258.802734 | KL fp 5.1479 | FP STD 0.0121|
KL coef: 0.7152922267268045
Train loss (one batch): 7513.857421875
Train CE loss (one batch): 0.0
Test MSE: 0.0185
Poisson likelihood: 0.0
CE loss: 0.0
Experiment 64634
Epoch 0136 [Test seq (cond on sampled tp)] | Loss 9259.355469 | Likelihood -9260.092773 | KL fp 5.1081 | FP STD 0.0120|
KL coef: 0.7181393044595366
Train loss (one batch): 7527.84814453125
Train CE loss (one batch): 0.0
Test MSE: 0.0185
Poisson likelihood: 0.0
CE loss: 0.0
Experiment 64634
Epoch 0137 [Test seq (cond on sampled tp)] | Loss 9230.264648 | Likelihood -9243.526367 | KL fp 4.9812 | FP STD 0.0136|
KL coef: 0.7209579114149411
Train loss (one batch): 7507.7666015625
Train CE loss (one batch): 0.0
Test MSE: 0.0185
Poisson likelihood: 0.0
CE loss: 0.0
Experiment 64634
Epoch 0138 [Test seq (cond on sampled tp)] | Loss 9220.467773 | Likelihood -9226.497070 | KL fp 5.2669 | FP STD 0.0107|
KL coef: 0.7237483323007917
Train loss (one batch): 7438.580078125
Train CE loss (one batch): 0.0
Test MSE: 0.0185
Poisson likelihood: 0.0
CE loss: 0.0
Experiment 64634
Epoch 0139 [Test seq (cond on sampled tp)] | Loss 9191.023438 | Likelihood -9194.425781 | KL fp 5.2192 | FP STD 0.0110|
KL coef: 0.7265108489777838
Train loss (one batch): 7402.23828125
Train CE loss (one batch): 0.0
Test MSE: 0.0184
Poisson likelihood: 0.0
CE loss: 0.0
Experiment 64634
Epoch 0140 [Test seq (cond on sampled tp)] | Loss 9186.653320 | Likelihood -9190.230469 | KL fp 5.1908 | FP STD 0.0110|
KL coef: 0.729245740488006
Train loss (one batch): 7388.859375
Train CE loss (one batch): 0.0
Test MSE: 0.0184
Poisson likelihood: 0.0
CE loss: 0.0
Experiment 64634
Epoch 0141 [Test seq (cond on sampled tp)] | Loss 9136.524414 | Likelihood -9148.625977 | KL fp 5.2247 | FP STD 0.0106|
KL coef: 0.7319532830831259
Train loss (one batch): 7336.2412109375
Train CE loss (one batch): 0.0
Test MSE: 0.0183
Poisson likelihood: 0.0
CE loss: 0.0
Experiment 64634
Epoch 0142 [Test seq (cond on sampled tp)] | Loss 9129.985352 | Likelihood -9134.963867 | KL fp 5.2112 | FP STD 0.0109|
KL coef: 0.7346337502522946
Train loss (one batch): 7386.32958984375
Train CE loss (one batch): 0.0
Test MSE: 0.0183
Poisson likelihood: 0.0
CE loss: 0.0
Experiment 64634
Epoch 0143 [Test seq (cond on sampled tp)] | Loss 9068.971680 | Likelihood -9074.198242 | KL fp 5.2915 | FP STD 0.0100|
KL coef: 0.7372874127497717
Train loss (one batch): 7392.1494140625
Train CE loss (one batch): 0.0
Test MSE: 0.0182
Poisson likelihood: 0.0
CE loss: 0.0
Experiment 64634
Epoch 0144 [Test seq (cond on sampled tp)] | Loss 9097.826172 | Likelihood -9097.665039 | KL fp 5.1204 | FP STD 0.0123|
KL coef: 0.739914538622274
Train loss (one batch): 7351.8798828125
Train CE loss (one batch): 0.0
Test MSE: 0.0182
Poisson likelihood: 0.0
CE loss: 0.0
Experiment 64634
Epoch 0145 [Test seq (cond on sampled tp)] | Loss 9063.363281 | Likelihood -9076.243164 | KL fp 5.2298 | FP STD 0.0109|
KL coef: 0.7425153932360513
Train loss (one batch): 7312.7998046875
Train CE loss (one batch): 0.0
Test MSE: 0.0182
Poisson likelihood: 0.0
CE loss: 0.0
Experiment 64634
Epoch 0146 [Test seq (cond on sampled tp)] | Loss 9031.861328 | Likelihood -9031.028320 | KL fp 5.2729 | FP STD 0.0101|
KL coef: 0.7450902393036907
Train loss (one batch): 7276.10107421875
Train CE loss (one batch): 0.0
Test MSE: 0.0181
Poisson likelihood: 0.0
CE loss: 0.0
Experiment 64634
Epoch 0147 [Test seq (cond on sampled tp)] | Loss 9055.209961 | Likelihood -9059.477539 | KL fp 5.1905 | FP STD 0.0114|
KL coef: 0.7476393369106538
Train loss (one batch): 7258.20458984375
Train CE loss (one batch): 0.0
Test MSE: 0.0181
Poisson likelihood: 0.0
CE loss: 0.0
Experiment 64634
Epoch 0148 [Test seq (cond on sampled tp)] | Loss 9008.152344 | Likelihood -9006.278320 | KL fp 5.1802 | FP STD 0.0118|
KL coef: 0.7501629435415473
Train loss (one batch): 7279.1767578125
Train CE loss (one batch): 0.0
Test MSE: 0.0180
Poisson likelihood: 0.0
CE loss: 0.0
Experiment 64634
Epoch 0149 [Test seq (cond on sampled tp)] | Loss 8967.641602 | Likelihood -8977.613281 | KL fp 5.2134 | FP STD 0.0119|
KL coef: 0.7526613141061318
Train loss (one batch): 7267.505859375
Train CE loss (one batch): 0.0
Test MSE: 0.0180
Poisson likelihood: 0.0
CE loss: 0.0
Experiment 64634
Epoch 0150 [Test seq (cond on sampled tp)] | Loss 8992.178711 | Likelihood -8999.141602 | KL fp 5.1686 | FP STD 0.0112|
KL coef: 0.7551347009650705
Train loss (one batch): 7269.01171875
Train CE loss (one batch): 0.0
Test MSE: 0.0180
Poisson likelihood: 0.0
CE loss: 0.0
Experiment 64634
Epoch 0151 [Test seq (cond on sampled tp)] | Loss 8941.870117 | Likelihood -8944.234375 | KL fp 5.1224 | FP STD 0.0112|
KL coef: 0.7575833539554198
Train loss (one batch): 7199.14990234375
Train CE loss (one batch): 0.0
Test MSE: 0.0179
Poisson likelihood: 0.0
CE loss: 0.0
Experiment 64634
Epoch 0152 [Test seq (cond on sampled tp)] | Loss 8928.615234 | Likelihood -8933.442383 | KL fp 5.1366 | FP STD 0.0114|
KL coef: 0.7600075204158656
Train loss (one batch): 7174.43896484375
Train CE loss (one batch): 0.0
Test MSE: 0.0179
Poisson likelihood: 0.0
CE loss: 0.0
Experiment 64634
Epoch 0153 [Test seq (cond on sampled tp)] | Loss 8902.533203 | Likelihood -8900.893555 | KL fp 5.2962 | FP STD 0.0107|
KL coef: 0.762407445211707
Train loss (one batch): 7185.65771484375
Train CE loss (one batch): 0.0
Test MSE: 0.0178
Poisson likelihood: 0.0
CE loss: 0.0
Experiment 64634
Epoch 0154 [Test seq (cond on sampled tp)] | Loss 8884.578125 | Likelihood -8887.379883 | KL fp 5.1997 | FP STD 0.0112|
KL coef: 0.7647833707595899
Train loss (one batch): 7090.673828125
Train CE loss (one batch): 0.0
Test MSE: 0.0178
Poisson likelihood: 0.0
CE loss: 0.0
Experiment 64634
Epoch 0155 [Test seq (cond on sampled tp)] | Loss 8867.765625 | Likelihood -8864.928711 | KL fp 5.1755 | FP STD 0.0111|
KL coef: 0.767135537051994
Train loss (one batch): 7129.947265625
Train CE loss (one batch): 0.0
Test MSE: 0.0177
Poisson likelihood: 0.0
CE loss: 0.0
Experiment 64634
Epoch 0156 [Test seq (cond on sampled tp)] | Loss 8823.158203 | Likelihood -8820.696289 | KL fp 5.3779 | FP STD 0.0094|
KL coef: 0.769464181681474
Train loss (one batch): 7079.4521484375
Train CE loss (one batch): 0.0
Test MSE: 0.0177
Poisson likelihood: 0.0
CE loss: 0.0
Experiment 64634
Epoch 0157 [Test seq (cond on sampled tp)] | Loss 8827.442383 | Likelihood -8835.032227 | KL fp 5.2918 | FP STD 0.0100|
KL coef: 0.7717695398646593
Train loss (one batch): 7100.4091796875
Train CE loss (one batch): 0.0
Test MSE: 0.0177
Poisson likelihood: 0.0
CE loss: 0.0
Experiment 64634
Epoch 0158 [Test seq (cond on sampled tp)] | Loss 8772.559570 | Likelihood -8794.905273 | KL fp 5.4048 | FP STD 0.0092|
KL coef: 0.7740518444660127
Train loss (one batch): 7048.8759765625
Train CE loss (one batch): 0.0
Test MSE: 0.0176
Poisson likelihood: 0.0
CE loss: 0.0
Experiment 64634
Epoch 0159 [Test seq (cond on sampled tp)] | Loss 8766.227539 | Likelihood -8773.152344 | KL fp 5.2974 | FP STD 0.0102|
KL coef: 0.7763113260213526
Train loss (one batch): 7030.6435546875
Train CE loss (one batch): 0.0
Test MSE: 0.0176
Poisson likelihood: 0.0
CE loss: 0.0
Experiment 64634
Epoch 0160 [Test seq (cond on sampled tp)] | Loss 8760.867188 | Likelihood -8761.323242 | KL fp 5.2263 | FP STD 0.0104|
KL coef: 0.7785482127611391
Train loss (one batch): 6972.728515625
Train CE loss (one batch): 0.0
Test MSE: 0.0175
Poisson likelihood: 0.0
CE loss: 0.0
Experiment 64634
Epoch 0161 [Test seq (cond on sampled tp)] | Loss 8711.583008 | Likelihood -8715.223633 | KL fp 5.2713 | FP STD 0.0103|
KL coef: 0.7807627306335276
Train loss (one batch): 7012.9794921875
Train CE loss (one batch): 0.0
Test MSE: 0.0174
Poisson likelihood: 0.0
CE loss: 0.0
Experiment 64634
Epoch 0162 [Test seq (cond on sampled tp)] | Loss 8689.767578 | Likelihood -8699.042969 | KL fp 5.1074 | FP STD 0.0121|
KL coef: 0.7829551033271924
Train loss (one batch): 6951.8994140625
Train CE loss (one batch): 0.0
Test MSE: 0.0174
Poisson likelihood: 0.0
CE loss: 0.0
Experiment 64634
Epoch 0163 [Test seq (cond on sampled tp)] | Loss 8670.526367 | Likelihood -8669.972656 | KL fp 5.2206 | FP STD 0.0115|
KL coef: 0.7851255522939204
Train loss (one batch): 6997.25537109375
Train CE loss (one batch): 0.0
Test MSE: 0.0174
Poisson likelihood: 0.0
CE loss: 0.0
Experiment 64634
Epoch 0164 [Test seq (cond on sampled tp)] | Loss 8636.728516 | Likelihood -8640.756836 | KL fp 5.1827 | FP STD 0.0111|
KL coef: 0.7872742967709813
Train loss (one batch): 6947.80712890625
Train CE loss (one batch): 0.0
Test MSE: 0.0173
Poisson likelihood: 0.0
CE loss: 0.0
Experiment 64634
Epoch 0165 [Test seq (cond on sampled tp)] | Loss 8601.705078 | Likelihood -8609.180664 | KL fp 5.1743 | FP STD 0.0104|
KL coef: 0.7894015538032715
Train loss (one batch): 6957.23876953125
Train CE loss (one batch): 0.0
Test MSE: 0.0172
Poisson likelihood: 0.0
CE loss: 0.0
Experiment 64634
Epoch 0166 [Test seq (cond on sampled tp)] | Loss 8555.309570 | Likelihood -8558.465820 | KL fp 5.3253 | FP STD 0.0097|
KL coef: 0.7915075382652388
Train loss (one batch): 6868.29150390625
Train CE loss (one batch): 0.0
Test MSE: 0.0171
Poisson likelihood: 0.0
CE loss: 0.0
Experiment 64634
Epoch 0167 [Test seq (cond on sampled tp)] | Loss 8596.417969 | Likelihood -8603.464844 | KL fp 5.1550 | FP STD 0.0114|
KL coef: 0.7935924628825863
Train loss (one batch): 6826.53466796875
Train CE loss (one batch): 0.0
Test MSE: 0.0172
Poisson likelihood: 0.0
CE loss: 0.0
Experiment 64634
Epoch 0168 [Test seq (cond on sampled tp)] | Loss 8537.433594 | Likelihood -8536.850586 | KL fp 5.1648 | FP STD 0.0110|
KL coef: 0.7956565382537605
Train loss (one batch): 6806.302734375
Train CE loss (one batch): 0.0
Test MSE: 0.0171
Poisson likelihood: 0.0
CE loss: 0.0
Experiment 64634
Epoch 0169 [Test seq (cond on sampled tp)] | Loss 8495.613281 | Likelihood -8497.876953 | KL fp 5.2134 | FP STD 0.0107|
KL coef: 0.7976999728712229
Train loss (one batch): 6878.68310546875
Train CE loss (one batch): 0.0
Test MSE: 0.0170
Poisson likelihood: 0.0
CE loss: 0.0
Experiment 64634
Epoch 0170 [Test seq (cond on sampled tp)] | Loss 8458.607422 | Likelihood -8464.707031 | KL fp 5.2757 | FP STD 0.0094|
KL coef: 0.7997229731425107
Train loss (one batch): 6782.734375
Train CE loss (one batch): 0.0
Test MSE: 0.0169
Poisson likelihood: 0.0
CE loss: 0.0
Experiment 64634
Epoch 0171 [Test seq (cond on sampled tp)] | Loss 8432.130859 | Likelihood -8433.534180 | KL fp 5.3253 | FP STD 0.0092|
KL coef: 0.8017257434110856
Train loss (one batch): 6714.990234375
Train CE loss (one batch): 0.0
Test MSE: 0.0169
Poisson likelihood: 0.0
CE loss: 0.0
Experiment 64634
Epoch 0172 [Test seq (cond on sampled tp)] | Loss 8437.413086 | Likelihood -8441.699219 | KL fp 5.2465 | FP STD 0.0103|
KL coef: 0.8037084859769748
Train loss (one batch): 6706.9384765625
Train CE loss (one batch): 0.0
Test MSE: 0.0169
Poisson likelihood: 0.0
CE loss: 0.0
Experiment 64634
Epoch 0173 [Test seq (cond on sampled tp)] | Loss 8410.784180 | Likelihood -8413.515625 | KL fp 5.3299 | FP STD 0.0096|
KL coef: 0.805671401117205
Train loss (one batch): 6736.98974609375
Train CE loss (one batch): 0.0
Test MSE: 0.0168
Poisson likelihood: 0.0
CE loss: 0.0
Experiment 64634
Epoch 0174 [Test seq (cond on sampled tp)] | Loss 8323.293945 | Likelihood -8326.597656 | KL fp 5.2625 | FP STD 0.0100|
KL coef: 0.8076146871060329
Train loss (one batch): 6633.97998046875
Train CE loss (one batch): 0.0
Test MSE: 0.0167
Poisson likelihood: 0.0
CE loss: 0.0
Experiment 64634
Epoch 0175 [Test seq (cond on sampled tp)] | Loss 8334.738281 | Likelihood -8336.536133 | KL fp 5.3283 | FP STD 0.0096|
KL coef: 0.8095385402349726
Train loss (one batch): 6576.9853515625
Train CE loss (one batch): 0.0
Test MSE: 0.0167
Poisson likelihood: 0.0
CE loss: 0.0
Experiment 64634
Epoch 0176 [Test seq (cond on sampled tp)] | Loss 8313.815430 | Likelihood -8323.769531 | KL fp 5.2719 | FP STD 0.0102|
KL coef: 0.8114431548326229
Train loss (one batch): 6628.0517578125
Train CE loss (one batch): 0.0
Test MSE: 0.0167
Poisson likelihood: 0.0
CE loss: 0.0
Experiment 64634
Epoch 0177 [Test seq (cond on sampled tp)] | Loss 8273.307617 | Likelihood -8271.640625 | KL fp 5.3323 | FP STD 0.0092|
KL coef: 0.8133287232842966
Train loss (one batch): 6573.02490234375
Train CE loss (one batch): 0.0
Test MSE: 0.0166
Poisson likelihood: 0.0
CE loss: 0.0
Experiment 64634
Epoch 0178 [Test seq (cond on sampled tp)] | Loss 8214.574219 | Likelihood -8214.370117 | KL fp 5.2904 | FP STD 0.0096|
KL coef: 0.8151954360514537
Train loss (one batch): 6483.7900390625
Train CE loss (one batch): 0.0
Test MSE: 0.0164
Poisson likelihood: 0.0
CE loss: 0.0
Experiment 64634
Epoch 0179 [Test seq (cond on sampled tp)] | Loss 8160.046387 | Likelihood -8157.525879 | KL fp 5.2979 | FP STD 0.0096|
KL coef: 0.8170434816909391
Train loss (one batch): 6455.74658203125
Train CE loss (one batch): 0.0
Test MSE: 0.0163
Poisson likelihood: 0.0
CE loss: 0.0
Experiment 64634
Epoch 0180 [Test seq (cond on sampled tp)] | Loss 8098.319824 | Likelihood -8101.667480 | KL fp 5.2977 | FP STD 0.0098|
KL coef: 0.8188730468740297
Train loss (one batch): 6389.49462890625
Train CE loss (one batch): 0.0
Test MSE: 0.0162
Poisson likelihood: 0.0
CE loss: 0.0
Experiment 64634
Epoch 0181 [Test seq (cond on sampled tp)] | Loss 8095.813965 | Likelihood -8093.539062 | KL fp 5.2962 | FP STD 0.0095|
KL coef: 0.8206843164052895
Train loss (one batch): 6439.55029296875
Train CE loss (one batch): 0.0
Test MSE: 0.0162
Poisson likelihood: 0.0
CE loss: 0.0
Experiment 64634
Epoch 0182 [Test seq (cond on sampled tp)] | Loss 8051.573242 | Likelihood -8061.087402 | KL fp 5.0541 | FP STD 0.0126|
KL coef: 0.8224774732412365
Train loss (one batch): 6456.5517578125
Train CE loss (one batch): 0.0
Test MSE: 0.0161
Poisson likelihood: 0.0
CE loss: 0.0
Experiment 64634
Epoch 0183 [Test seq (cond on sampled tp)] | Loss 8130.937500 | Likelihood -8135.095215 | KL fp 4.9833 | FP STD 0.0135|
KL coef: 0.8242526985088242
Train loss (one batch): 6392.1787109375
Train CE loss (one batch): 0.0
Test MSE: 0.0163
Poisson likelihood: 0.0
CE loss: 0.0
Experiment 64634
Epoch 0184 [Test seq (cond on sampled tp)] | Loss 8100.182617 | Likelihood -8100.937500 | KL fp 5.1465 | FP STD 0.0126|
KL coef: 0.826010171523736
Train loss (one batch): 6365.06591796875
Train CE loss (one batch): 0.0
Test MSE: 0.0162
Poisson likelihood: 0.0
CE loss: 0.0
Experiment 64634
Epoch 0185 [Test seq (cond on sampled tp)] | Loss 8043.511230 | Likelihood -8054.714844 | KL fp 5.1696 | FP STD 0.0123|
KL coef: 0.8277500698084986
Train loss (one batch): 6394.3876953125
Train CE loss (one batch): 0.0
Test MSE: 0.0161
Poisson likelihood: 0.0
CE loss: 0.0
Experiment 64634
Epoch 0186 [Test seq (cond on sampled tp)] | Loss 8017.619629 | Likelihood -8021.544922 | KL fp 5.1548 | FP STD 0.0125|
KL coef: 0.8294725691104137
Train loss (one batch): 6311.90771484375
Train CE loss (one batch): 0.0
Test MSE: 0.0161
Poisson likelihood: 0.0
CE loss: 0.0
Experiment 64634
Epoch 0187 [Test seq (cond on sampled tp)] | Loss 7996.929688 | Likelihood -8005.134766 | KL fp 5.1738 | FP STD 0.0121|
KL coef: 0.8311778434193096
Train loss (one batch): 6312.83056640625
Train CE loss (one batch): 0.0
Test MSE: 0.0160
Poisson likelihood: 0.0
CE loss: 0.0
Experiment 64634
Epoch 0188 [Test seq (cond on sampled tp)] | Loss 7934.479004 | Likelihood -7939.976562 | KL fp 5.2309 | FP STD 0.0116|
KL coef: 0.8328660649851164
Train loss (one batch): 6336.3427734375
Train CE loss (one batch): 0.0
Test MSE: 0.0159
Poisson likelihood: 0.0
CE loss: 0.0
Experiment 64634
Epoch 0189 [Test seq (cond on sampled tp)] | Loss 7858.122070 | Likelihood -7870.813965 | KL fp 5.2408 | FP STD 0.0115|
KL coef: 0.8345374043352652
Train loss (one batch): 6233.369140625
Train CE loss (one batch): 0.0
Test MSE: 0.0158
Poisson likelihood: 0.0
CE loss: 0.0
Experiment 64634
Epoch 0190 [Test seq (cond on sampled tp)] | Loss 7853.572754 | Likelihood -7864.737793 | KL fp 5.1912 | FP STD 0.0120|
KL coef: 0.8361920302919126
Train loss (one batch): 6260.29345703125
Train CE loss (one batch): 0.0
Test MSE: 0.0157
Poisson likelihood: 0.0
CE loss: 0.0
Experiment 64634
Epoch 0191 [Test seq (cond on sampled tp)] | Loss 7847.174316 | Likelihood -7849.521973 | KL fp 5.3163 | FP STD 0.0108|
KL coef: 0.8378301099889934
Train loss (one batch): 6129.40771484375
Train CE loss (one batch): 0.0
Test MSE: 0.0157
Poisson likelihood: 0.0
CE loss: 0.0
Experiment 64634
Epoch 0192 [Test seq (cond on sampled tp)] | Loss 7830.763184 | Likelihood -7835.815918 | KL fp 5.2365 | FP STD 0.0114|
KL coef: 0.8394518088891035
Train loss (one batch): 6139.44091796875
Train CE loss (one batch): 0.0
Test MSE: 0.0157
Poisson likelihood: 0.0
CE loss: 0.0
Experiment 64634
Epoch 0193 [Test seq (cond on sampled tp)] | Loss 7814.143066 | Likelihood -7823.136719 | KL fp 5.3597 | FP STD 0.0105|
KL coef: 0.8410572908002125
Train loss (one batch): 6182.310546875
Train CE loss (one batch): 0.0
Test MSE: 0.0157
Poisson likelihood: 0.0
CE loss: 0.0
Experiment 64634
Epoch 0194 [Test seq (cond on sampled tp)] | Loss 7762.991211 | Likelihood -7779.538574 | KL fp 5.3159 | FP STD 0.0106|
KL coef: 0.8426467178922104
Train loss (one batch): 6185.92822265625
Train CE loss (one batch): 0.0
Test MSE: 0.0156
Poisson likelihood: 0.0
CE loss: 0.0
Experiment 64634
Epoch 0195 [Test seq (cond on sampled tp)] | Loss 7736.877441 | Likelihood -7734.916016 | KL fp 5.2522 | FP STD 0.0111|
KL coef: 0.8442202507132883
Train loss (one batch): 6065.49951171875
Train CE loss (one batch): 0.0
Test MSE: 0.0155
Poisson likelihood: 0.0
CE loss: 0.0
Experiment 64634
Epoch 0196 [Test seq (cond on sampled tp)] | Loss 7744.452637 | Likelihood -7751.548340 | KL fp 5.2866 | FP STD 0.0108|
KL coef: 0.8457780482061554
Train loss (one batch): 6037.1611328125
Train CE loss (one batch): 0.0
Test MSE: 0.0155
Poisson likelihood: 0.0
CE loss: 0.0
Experiment 64634
Epoch 0197 [Test seq (cond on sampled tp)] | Loss 7624.697266 | Likelihood -7635.230469 | KL fp 5.2839 | FP STD 0.0107|
KL coef: 0.8473202677240939
Train loss (one batch): 5968.49462890625
Train CE loss (one batch): 0.0
Test MSE: 0.0153
Poisson likelihood: 0.0
CE loss: 0.0
Experiment 64634
Epoch 0198 [Test seq (cond on sampled tp)] | Loss 7635.150391 | Likelihood -7651.705566 | KL fp 5.2911 | FP STD 0.0107|
KL coef: 0.8488470650468529
Train loss (one batch): 5919.46142578125
Train CE loss (one batch): 0.0
Test MSE: 0.0153
Poisson likelihood: 0.0
CE loss: 0.0
Experiment 64634
Epoch 0199 [Test seq (cond on sampled tp)] | Loss 7575.765625 | Likelihood -7581.551270 | KL fp 5.1926 | FP STD 0.0116|
KL coef: 0.8503585943963844
Train loss (one batch): 5974.49072265625
Train CE loss (one batch): 0.0
Test MSE: 0.0152
Poisson likelihood: 0.0
CE loss: 0.0
Experiment 64634
Epoch 0200 [Test seq (cond on sampled tp)] | Loss 7585.243164 | Likelihood -7587.761719 | KL fp 5.2328 | FP STD 0.0113|
KL coef: 0.8518550084524206
Train loss (one batch): 6020.30810546875
Train CE loss (one batch): 0.0
Test MSE: 0.0152
Poisson likelihood: 0.0
CE loss: 0.0
Experiment 64634
Epoch 0201 [Test seq (cond on sampled tp)] | Loss 7530.304688 | Likelihood -7531.478516 | KL fp 5.3117 | FP STD 0.0103|
KL coef: 0.8533364583678963
Train loss (one batch): 5837.986328125
Train CE loss (one batch): 0.0
Test MSE: 0.0151
Poisson likelihood: 0.0
CE loss: 0.0
Experiment 64634
Epoch 0202 [Test seq (cond on sampled tp)] | Loss 7518.075195 | Likelihood -7527.557129 | KL fp 5.3029 | FP STD 0.0107|
KL coef: 0.8548030937842174
Train loss (one batch): 5869.6298828125
Train CE loss (one batch): 0.0
Test MSE: 0.0151
Poisson likelihood: 0.0
CE loss: 0.0
Experiment 64634
Epoch 0203 [Test seq (cond on sampled tp)] | Loss 7467.127441 | Likelihood -7468.720215 | KL fp 5.2079 | FP STD 0.0115|
KL coef: 0.8562550628463752
Train loss (one batch): 5903.49365234375
Train CE loss (one batch): 0.0
Test MSE: 0.0149
Poisson likelihood: 0.0
CE loss: 0.0
Experiment 64634
Epoch 0204 [Test seq (cond on sampled tp)] | Loss 7445.974121 | Likelihood -7447.689941 | KL fp 5.1876 | FP STD 0.0116|
KL coef: 0.8576925122179114
Train loss (one batch): 5866.99755859375
Train CE loss (one batch): 0.0
Test MSE: 0.0149
Poisson likelihood: 0.0
CE loss: 0.0
Experiment 64634
Epoch 0205 [Test seq (cond on sampled tp)] | Loss 7422.719238 | Likelihood -7427.320312 | KL fp 5.1001 | FP STD 0.0120|
KL coef: 0.8591155870957323
Train loss (one batch): 5881.69287109375
Train CE loss (one batch): 0.0
Test MSE: 0.0149
Poisson likelihood: 0.0
CE loss: 0.0
Experiment 64634
Epoch 0206 [Test seq (cond on sampled tp)] | Loss 7426.509277 | Likelihood -7434.312988 | KL fp 5.1685 | FP STD 0.0115|
KL coef: 0.8605244312247751
Train loss (one batch): 5814.0576171875
Train CE loss (one batch): 0.0
Test MSE: 0.0149
Poisson likelihood: 0.0
CE loss: 0.0
Experiment 64634
Epoch 0207 [Test seq (cond on sampled tp)] | Loss 7406.482910 | Likelihood -7417.936035 | KL fp 5.2306 | FP STD 0.0110|
KL coef: 0.8619191869125272
Train loss (one batch): 5834.83203125
Train CE loss (one batch): 0.0
Test MSE: 0.0148
Poisson likelihood: 0.0
CE loss: 0.0
Experiment 64634
Epoch 0208 [Test seq (cond on sampled tp)] | Loss 7398.905273 | Likelihood -7400.724609 | KL fp 5.2481 | FP STD 0.0106|
KL coef: 0.8632999950434019
Train loss (one batch): 5774.5048828125
Train CE loss (one batch): 0.0
Test MSE: 0.0148
Poisson likelihood: 0.0
CE loss: 0.0
Experiment 64634
Epoch 0209 [Test seq (cond on sampled tp)] | Loss 7367.017578 | Likelihood -7366.908691 | KL fp 5.1764 | FP STD 0.0112|
KL coef: 0.864666995092968
Train loss (one batch): 5780.9921875
Train CE loss (one batch): 0.0
Test MSE: 0.0147
Poisson likelihood: 0.0
CE loss: 0.0
Experiment 64634
Epoch 0210 [Test seq (cond on sampled tp)] | Loss 7312.040527 | Likelihood -7317.642090 | KL fp 5.1609 | FP STD 0.0111|
KL coef: 0.8660203251420383
Train loss (one batch): 5741.82666015625
Train CE loss (one batch): 0.0
Test MSE: 0.0146
Poisson likelihood: 0.0
CE loss: 0.0
Experiment 64634
Epoch 0211 [Test seq (cond on sampled tp)] | Loss 7292.731445 | Likelihood -7295.854004 | KL fp 5.2897 | FP STD 0.0102|
KL coef: 0.867360121890618
Train loss (one batch): 5754.8896484375
Train CE loss (one batch): 0.0
Test MSE: 0.0146
Poisson likelihood: 0.0
CE loss: 0.0
Experiment 64634
Epoch 0212 [Test seq (cond on sampled tp)] | Loss 7351.227051 | Likelihood -7352.819824 | KL fp 5.3007 | FP STD 0.0100|
KL coef: 0.8686865206717117
Train loss (one batch): 5714.78369140625
Train CE loss (one batch): 0.0
Test MSE: 0.0147
Poisson likelihood: 0.0
CE loss: 0.0
Experiment 64634
Epoch 0213 [Test seq (cond on sampled tp)] | Loss 7301.058594 | Likelihood -7305.095215 | KL fp 5.3093 | FP STD 0.0103|
KL coef: 0.8699996554649946
Train loss (one batch): 5675.744140625
Train CE loss (one batch): 0.0
Test MSE: 0.0146
Poisson likelihood: 0.0
CE loss: 0.0
Experiment 64634
Epoch 0214 [Test seq (cond on sampled tp)] | Loss 7307.417480 | Likelihood -7312.251953 | KL fp 5.2383 | FP STD 0.0107|
KL coef: 0.8712996589103447
Train loss (one batch): 5776.7353515625
Train CE loss (one batch): 0.0
Test MSE: 0.0146
Poisson likelihood: 0.0
CE loss: 0.0
Experiment 64634
Epoch 0215 [Test seq (cond on sampled tp)] | Loss 7288.694824 | Likelihood -7291.933594 | KL fp 5.1709 | FP STD 0.0111|
KL coef: 0.8725866623212413
Train loss (one batch): 5674.6103515625
Train CE loss (one batch): 0.0
Test MSE: 0.0146
Poisson likelihood: 0.0
CE loss: 0.0
Experiment 64634
Epoch 0216 [Test seq (cond on sampled tp)] | Loss 7245.851074 | Likelihood -7243.114746 | KL fp 5.1270 | FP STD 0.0114|
KL coef: 0.8738607956980289
Train loss (one batch): 5701.22119140625
Train CE loss (one batch): 0.0
Test MSE: 0.0145
Poisson likelihood: 0.0
CE loss: 0.0
Experiment 64634
Epoch 0217 [Test seq (cond on sampled tp)] | Loss 7242.271484 | Likelihood -7243.645020 | KL fp 5.1485 | FP STD 0.0109|
KL coef: 0.8751221877410486
Train loss (one batch): 5666.357421875
Train CE loss (one batch): 0.0
Test MSE: 0.0145
Poisson likelihood: 0.0
CE loss: 0.0
Experiment 64634
Epoch 0218 [Test seq (cond on sampled tp)] | Loss 7243.662598 | Likelihood -7244.494629 | KL fp 5.2427 | FP STD 0.0101|
KL coef: 0.876370965863638
Train loss (one batch): 5679.2412109375
Train CE loss (one batch): 0.0
Test MSE: 0.0145
Poisson likelihood: 0.0
CE loss: 0.0
Experiment 64634
Epoch 0219 [Test seq (cond on sampled tp)] | Loss 7224.065430 | Likelihood -7225.181152 | KL fp 5.2121 | FP STD 0.0102|
KL coef: 0.8776072562050017
Train loss (one batch): 5648.3037109375
Train CE loss (one batch): 0.0
Test MSE: 0.0145
Poisson likelihood: 0.0
CE loss: 0.0
Experiment 64634
Epoch 0220 [Test seq (cond on sampled tp)] | Loss 7209.321777 | Likelihood -7212.158691 | KL fp 5.2778 | FP STD 0.0098|
KL coef: 0.8788311836429517
Train loss (one batch): 5611.41064453125
Train CE loss (one batch): 0.0
Test MSE: 0.0144
Poisson likelihood: 0.0
CE loss: 0.0
Experiment 64634
Epoch 0221 [Test seq (cond on sampled tp)] | Loss 7201.832031 | Likelihood -7208.604980 | KL fp 5.2469 | FP STD 0.0100|
KL coef: 0.8800428718065221
Train loss (one batch): 5699.44580078125
Train CE loss (one batch): 0.0
Test MSE: 0.0144
Poisson likelihood: 0.0
CE loss: 0.0
Experiment 64634
Epoch 0222 [Test seq (cond on sampled tp)] | Loss 7155.890625 | Likelihood -7157.773438 | KL fp 5.4153 | FP STD 0.0088|
KL coef: 0.8812424430884569
Train loss (one batch): 5618.353515625
Train CE loss (one batch): 0.0
Test MSE: 0.0143
Poisson likelihood: 0.0
CE loss: 0.0
Experiment 64634
Epoch 0223 [Test seq (cond on sampled tp)] | Loss 7183.470703 | Likelihood -7184.244141 | KL fp 5.3626 | FP STD 0.0092|
KL coef: 0.8824300186575723
Train loss (one batch): 5653.17041015625
Train CE loss (one batch): 0.0
Test MSE: 0.0144
Poisson likelihood: 0.0
CE loss: 0.0
Experiment 64634
Epoch 0224 [Test seq (cond on sampled tp)] | Loss 7169.562988 | Likelihood -7173.865723 | KL fp 5.3125 | FP STD 0.0092|
KL coef: 0.8836057184709967
Train loss (one batch): 5574.62451171875
Train CE loss (one batch): 0.0
Test MSE: 0.0144
Poisson likelihood: 0.0
CE loss: 0.0
Experiment 64634
Epoch 0225 [Test seq (cond on sampled tp)] | Loss 7162.048828 | Likelihood -7165.281250 | KL fp 5.3197 | FP STD 0.0093|
KL coef: 0.8847696612862866
Train loss (one batch): 5652.6591796875
Train CE loss (one batch): 0.0
Test MSE: 0.0143
Poisson likelihood: 0.0
CE loss: 0.0
Experiment 64634
Epoch 0226 [Test seq (cond on sampled tp)] | Loss 7152.449219 | Likelihood -7156.536621 | KL fp 5.2870 | FP STD 0.0094|
KL coef: 0.8859219646734238
Train loss (one batch): 5567.986328125
Train CE loss (one batch): 0.0
Test MSE: 0.0143
Poisson likelihood: 0.0
CE loss: 0.0
Experiment 64634
Epoch 0227 [Test seq (cond on sampled tp)] | Loss 7147.875000 | Likelihood -7159.974121 | KL fp 5.4540 | FP STD 0.0083|
KL coef: 0.8870627450266896
Train loss (one batch): 5587.28955078125
Train CE loss (one batch): 0.0
Test MSE: 0.0143
Poisson likelihood: 0.0
CE loss: 0.0
Experiment 64634
Epoch 0228 [Test seq (cond on sampled tp)] | Loss 7142.612793 | Likelihood -7141.068848 | KL fp 5.1675 | FP STD 0.0112|
KL coef: 0.8881921175764227
Train loss (one batch): 5574.734375
Train CE loss (one batch): 0.0
Test MSE: 0.0143
Poisson likelihood: 0.0
CE loss: 0.0
Experiment 64634
Epoch 0229 [Test seq (cond on sampled tp)] | Loss 7138.540527 | Likelihood -7138.609375 | KL fp 5.1564 | FP STD 0.0116|
KL coef: 0.8893101964006584
Train loss (one batch): 5607.03466796875
Train CE loss (one batch): 0.0
Test MSE: 0.0143
Poisson likelihood: 0.0
CE loss: 0.0
Experiment 64634
Epoch 0230 [Test seq (cond on sampled tp)] | Loss 7111.543457 | Likelihood -7112.320801 | KL fp 5.2512 | FP STD 0.0110|
KL coef: 0.8904170944366518
Train loss (one batch): 5583.251953125
Train CE loss (one batch): 0.0
Test MSE: 0.0142
Poisson likelihood: 0.0
CE loss: 0.0
Experiment 64634
Epoch 0231 [Test seq (cond on sampled tp)] | Loss 7141.096680 | Likelihood -7148.780762 | KL fp 5.2505 | FP STD 0.0110|
KL coef: 0.8915129234922854
Train loss (one batch): 5576.5166015625
Train CE loss (one batch): 0.0
Test MSE: 0.0143
Poisson likelihood: 0.0
CE loss: 0.0
Experiment 64634
Epoch 0232 [Test seq (cond on sampled tp)] | Loss 7128.726562 | Likelihood -7126.298340 | KL fp 5.2781 | FP STD 0.0103|
KL coef: 0.8925977942573625
Train loss (one batch): 5601.818359375
Train CE loss (one batch): 0.0
Test MSE: 0.0143
Poisson likelihood: 0.0
CE loss: 0.0
Experiment 64634
Epoch 0233 [Test seq (cond on sampled tp)] | Loss 7075.180664 | Likelihood -7074.888184 | KL fp 5.2664 | FP STD 0.0103|
KL coef: 0.8936718163147889
Train loss (one batch): 5567.70068359375
Train CE loss (one batch): 0.0
Test MSE: 0.0142
Poisson likelihood: 0.0
CE loss: 0.0
Experiment 64634
Epoch 0234 [Test seq (cond on sampled tp)] | Loss 7111.695801 | Likelihood -7115.320312 | KL fp 5.2763 | FP STD 0.0101|
KL coef: 0.894735098151641
Train loss (one batch): 5546.4931640625
Train CE loss (one batch): 0.0
Test MSE: 0.0142
Poisson likelihood: 0.0
CE loss: 0.0
Experiment 64634
Epoch 0235 [Test seq (cond on sampled tp)] | Loss 7072.515137 | Likelihood -7071.389160 | KL fp 5.3462 | FP STD 0.0096|
KL coef: 0.8957877471701245
Train loss (one batch): 5521.212890625
Train CE loss (one batch): 0.0
Test MSE: 0.0142
Poisson likelihood: 0.0
CE loss: 0.0
Experiment 64634
Epoch 0236 [Test seq (cond on sampled tp)] | Loss 7064.361816 | Likelihood -7070.357910 | KL fp 5.3084 | FP STD 0.0098|
KL coef: 0.8968298696984233
Train loss (one batch): 5506.716796875
Train CE loss (one batch): 0.0
Test MSE: 0.0142
Poisson likelihood: 0.0
CE loss: 0.0
Experiment 64634
Epoch 0237 [Test seq (cond on sampled tp)] | Loss 7066.897461 | Likelihood -7065.619629 | KL fp 5.3533 | FP STD 0.0092|
KL coef: 0.897861571001439
Train loss (one batch): 5548.92138671875
Train CE loss (one batch): 0.0
Test MSE: 0.0141
Poisson likelihood: 0.0
CE loss: 0.0
Experiment 64634
Epoch 0238 [Test seq (cond on sampled tp)] | Loss 7042.837402 | Likelihood -7047.187500 | KL fp 5.3471 | FP STD 0.0093|
KL coef: 0.8988829552914247
Train loss (one batch): 5525.90087890625
Train CE loss (one batch): 0.0
Test MSE: 0.0141
Poisson likelihood: 0.0
CE loss: 0.0
Experiment 64634
Epoch 0239 [Test seq (cond on sampled tp)] | Loss 7014.361328 | Likelihood -7022.630371 | KL fp 5.3784 | FP STD 0.0090|
KL coef: 0.8998941257385105
Train loss (one batch): 5507.8935546875
Train CE loss (one batch): 0.0
Test MSE: 0.0141
Poisson likelihood: 0.0
CE loss: 0.0
Experiment 64634
Epoch 0240 [Test seq (cond on sampled tp)] | Loss 7025.397461 | Likelihood -7024.521484 | KL fp 5.2849 | FP STD 0.0093|
KL coef: 0.9008951844811254
Train loss (one batch): 5530.93603515625
Train CE loss (one batch): 0.0
Test MSE: 0.0141
Poisson likelihood: 0.0
CE loss: 0.0
Experiment 64634
Epoch 0241 [Test seq (cond on sampled tp)] | Loss 7002.047363 | Likelihood -7005.662598 | KL fp 5.2541 | FP STD 0.0096|
KL coef: 0.9018862326363141
Train loss (one batch): 5496.423828125
Train CE loss (one batch): 0.0
Test MSE: 0.0140
Poisson likelihood: 0.0
CE loss: 0.0
Experiment 64634
Epoch 0242 [Test seq (cond on sampled tp)] | Loss 7010.405273 | Likelihood -7010.081543 | KL fp 5.2142 | FP STD 0.0100|
KL coef: 0.902867370309951
Train loss (one batch): 5505.7314453125
Train CE loss (one batch): 0.0
Test MSE: 0.0140
Poisson likelihood: 0.0
CE loss: 0.0
Experiment 64634
Epoch 0243 [Test seq (cond on sampled tp)] | Loss 7009.578613 | Likelihood -7012.177246 | KL fp 5.1011 | FP STD 0.0109|
KL coef: 0.9038386966068515
Train loss (one batch): 5453.7041015625
Train CE loss (one batch): 0.0
Test MSE: 0.0140
Poisson likelihood: 0.0
CE loss: 0.0
Experiment 64634
Epoch 0244 [Test seq (cond on sampled tp)] | Loss 6979.458496 | Likelihood -6977.024902 | KL fp 5.3204 | FP STD 0.0089|
KL coef: 0.904800309640783
Train loss (one batch): 5486.6943359375
Train CE loss (one batch): 0.0
Test MSE: 0.0140
Poisson likelihood: 0.0
CE loss: 0.0
Experiment 64634
Epoch 0245 [Test seq (cond on sampled tp)] | Loss 6985.956543 | Likelihood -6992.024902 | KL fp 5.2983 | FP STD 0.0089|
KL coef: 0.9057523065443751
Train loss (one batch): 5466.89697265625
Train CE loss (one batch): 0.0
Test MSE: 0.0140
Poisson likelihood: 0.0
CE loss: 0.0
Experiment 64634
Epoch 0246 [Test seq (cond on sampled tp)] | Loss 6960.667480 | Likelihood -6962.276855 | KL fp 5.3802 | FP STD 0.0085|
KL coef: 0.9066947834789314
Train loss (one batch): 5442.68212890625
Train CE loss (one batch): 0.0
Test MSE: 0.0139
Poisson likelihood: 0.0
CE loss: 0.0
Experiment 64634
Epoch 0247 [Test seq (cond on sampled tp)] | Loss 6953.856934 | Likelihood -6953.204590 | KL fp 5.2685 | FP STD 0.0096|
KL coef: 0.9076278356441421
Train loss (one batch): 5452.30615234375
Train CE loss (one batch): 0.0
Test MSE: 0.0139
Poisson likelihood: 0.0
CE loss: 0.0
Experiment 64634
Epoch 0248 [Test seq (cond on sampled tp)] | Loss 6984.554688 | Likelihood -6983.691895 | KL fp 5.2016 | FP STD 0.0106|
KL coef: 0.9085515572877007
Train loss (one batch): 5551.89990234375
Train CE loss (one batch): 0.0
Test MSE: 0.0140
Poisson likelihood: 0.0
CE loss: 0.0
Experiment 64634
Epoch 0249 [Test seq (cond on sampled tp)] | Loss 6944.422363 | Likelihood -6951.688965 | KL fp 5.2141 | FP STD 0.0111|
KL coef: 0.9094660417148236
Train loss (one batch): 5427.63525390625
Train CE loss (one batch): 0.0
Test MSE: 0.0139
Poisson likelihood: 0.0
CE loss: 0.0
Experiment 64634
Epoch 0250 [Test seq (cond on sampled tp)] | Loss 6940.209473 | Likelihood -6937.582031 | KL fp 5.2477 | FP STD 0.0104|
KL coef: 0.9103713812976754
Train loss (one batch): 5430.673828125
Train CE loss (one batch): 0.0
Test MSE: 0.0139
Poisson likelihood: 0.0
CE loss: 0.0
Experiment 64634
Epoch 0251 [Test seq (cond on sampled tp)] | Loss 6977.771484 | Likelihood -6977.176270 | KL fp 5.2915 | FP STD 0.0098|
KL coef: 0.9112676674846987
Train loss (one batch): 5417.69091796875
Train CE loss (one batch): 0.0
Test MSE: 0.0140
Poisson likelihood: 0.0
CE loss: 0.0
Experiment 64634
Epoch 0252 [Test seq (cond on sampled tp)] | Loss 6920.659668 | Likelihood -6927.044434 | KL fp 5.1583 | FP STD 0.0105|
KL coef: 0.9121549908098516
Train loss (one batch): 5464.7568359375
Train CE loss (one batch): 0.0
Test MSE: 0.0139
Poisson likelihood: 0.0
CE loss: 0.0
Experiment 64634
Epoch 0253 [Test seq (cond on sampled tp)] | Loss 6911.059082 | Likelihood -6915.423340 | KL fp 5.3400 | FP STD 0.0093|
KL coef: 0.9130334409017531
Train loss (one batch): 5391.86279296875
Train CE loss (one batch): 0.0
Test MSE: 0.0138
Poisson likelihood: 0.0
CE loss: 0.0
Experiment 64634
Epoch 0254 [Test seq (cond on sampled tp)] | Loss 6891.626465 | Likelihood -6899.300781 | KL fp 5.3107 | FP STD 0.0093|
KL coef: 0.9139031064927357
Train loss (one batch): 5395.80859375
Train CE loss (one batch): 0.0
Test MSE: 0.0138
Poisson likelihood: 0.0
CE loss: 0.0
Experiment 64634
Epoch 0255 [Test seq (cond on sampled tp)] | Loss 6878.264648 | Likelihood -6877.317871 | KL fp 5.3434 | FP STD 0.0091|
KL coef: 0.9147640754278082
Train loss (one batch): 5406.76025390625
Train CE loss (one batch): 0.0
Test MSE: 0.0138
Poisson likelihood: 0.0
CE loss: 0.0
Experiment 64634
Epoch 0256 [Test seq (cond on sampled tp)] | Loss 6870.255371 | Likelihood -6874.687500 | KL fp 5.3541 | FP STD 0.0089|
KL coef: 0.9156164346735302
Train loss (one batch): 5373.22802734375
Train CE loss (one batch): 0.0
Test MSE: 0.0138
Poisson likelihood: 0.0
CE loss: 0.0
Experiment 64634
Epoch 0257 [Test seq (cond on sampled tp)] | Loss 6877.988770 | Likelihood -6877.187988 | KL fp 5.2777 | FP STD 0.0094|
KL coef: 0.9164602703267949
Train loss (one batch): 5409.1044921875
Train CE loss (one batch): 0.0
Test MSE: 0.0138
Poisson likelihood: 0.0
CE loss: 0.0
Experiment 64634
Epoch 0258 [Test seq (cond on sampled tp)] | Loss 6874.905273 | Likelihood -6876.103027 | KL fp 5.2090 | FP STD 0.0101|
KL coef: 0.9172956676235269
Train loss (one batch): 5339.31005859375
Train CE loss (one batch): 0.0
Test MSE: 0.0138
Poisson likelihood: 0.0
CE loss: 0.0
Experiment 64634
Epoch 0259 [Test seq (cond on sampled tp)] | Loss 6857.588379 | Likelihood -6854.916504 | KL fp 5.2334 | FP STD 0.0100|
KL coef: 0.9181227109472916
Train loss (one batch): 5364.224609375
Train CE loss (one batch): 0.0
Test MSE: 0.0137
Poisson likelihood: 0.0
CE loss: 0.0
Experiment 64634
Epoch 0260 [Test seq (cond on sampled tp)] | Loss 6881.665039 | Likelihood -6883.605957 | KL fp 5.1917 | FP STD 0.0099|
KL coef: 0.9189414838378187
Train loss (one batch): 5332.48046875
Train CE loss (one batch): 0.0
Test MSE: 0.0138
Poisson likelihood: 0.0
CE loss: 0.0
Experiment 64634
Epoch 0261 [Test seq (cond on sampled tp)] | Loss 6845.038574 | Likelihood -6842.490723 | KL fp 5.2396 | FP STD 0.0096|
KL coef: 0.9197520689994405
Train loss (one batch): 5327.8173828125
Train CE loss (one batch): 0.0
Test MSE: 0.0137
Poisson likelihood: 0.0
CE loss: 0.0
Experiment 64634
Epoch 0262 [Test seq (cond on sampled tp)] | Loss 6831.001953 | Likelihood -6836.517090 | KL fp 5.3295 | FP STD 0.0089|
KL coef: 0.9205545483094462
Train loss (one batch): 5379.35009765625
Train CE loss (one batch): 0.0
Test MSE: 0.0137
Poisson likelihood: 0.0
CE loss: 0.0
Experiment 64634
Epoch 0263 [Test seq (cond on sampled tp)] | Loss 6841.975586 | Likelihood -6840.403809 | KL fp 5.3583 | FP STD 0.0085|
KL coef: 0.9213490028263517
Train loss (one batch): 5309.14794921875
Train CE loss (one batch): 0.0
Test MSE: 0.0137
Poisson likelihood: 0.0
CE loss: 0.0
Experiment 64634
Epoch 0264 [Test seq (cond on sampled tp)] | Loss 6809.326660 | Likelihood -6807.625000 | KL fp 5.4575 | FP STD 0.0078|
KL coef: 0.9221355127980881
Train loss (one batch): 5375.8544921875
Train CE loss (one batch): 0.0
Test MSE: 0.0136
Poisson likelihood: 0.0
CE loss: 0.0
Experiment 64634
Epoch 0265 [Test seq (cond on sampled tp)] | Loss 6798.683594 | Likelihood -6798.001465 | KL fp 5.4226 | FP STD 0.0080|
KL coef: 0.9229141576701073
Train loss (one batch): 5322.29541015625
Train CE loss (one batch): 0.0
Test MSE: 0.0136
Poisson likelihood: 0.0
CE loss: 0.0
Experiment 64634
Epoch 0266 [Test seq (cond on sampled tp)] | Loss 6804.039551 | Likelihood -6800.835938 | KL fp 5.4331 | FP STD 0.0079|
KL coef: 0.9236850160934063
Train loss (one batch): 5325.13720703125
Train CE loss (one batch): 0.0
Test MSE: 0.0136
Poisson likelihood: 0.0
CE loss: 0.0
Experiment 64634
Epoch 0267 [Test seq (cond on sampled tp)] | Loss 6772.360352 | Likelihood -6776.186035 | KL fp 5.3296 | FP STD 0.0086|
KL coef: 0.9244481659324721
Train loss (one batch): 5320.486328125
Train CE loss (one batch): 0.0
Test MSE: 0.0136
Poisson likelihood: 0.0
CE loss: 0.0
Experiment 64634
Epoch 0268 [Test seq (cond on sampled tp)] | Loss 6774.371582 | Likelihood -6776.591797 | KL fp 5.4389 | FP STD 0.0079|
KL coef: 0.9252036842731475
Train loss (one batch): 5336.47265625
Train CE loss (one batch): 0.0
Test MSE: 0.0136
Poisson likelihood: 0.0
CE loss: 0.0
Experiment 64634
Epoch 0269 [Test seq (cond on sampled tp)] | Loss 6799.795410 | Likelihood -6803.217285 | KL fp 5.1941 | FP STD 0.0100|
KL coef: 0.9259516474304159
Train loss (one batch): 5350.18359375
Train CE loss (one batch): 0.0
Test MSE: 0.0136
Poisson likelihood: 0.0
CE loss: 0.0
Experiment 64634
Epoch 0270 [Test seq (cond on sampled tp)] | Loss 6754.019531 | Likelihood -6755.531738 | KL fp 5.3306 | FP STD 0.0095|
KL coef: 0.9266921309561118
Train loss (one batch): 5326.5517578125
Train CE loss (one batch): 0.0
Test MSE: 0.0135
Poisson likelihood: 0.0
CE loss: 0.0
Experiment 64634
Epoch 0271 [Test seq (cond on sampled tp)] | Loss 6765.421875 | Likelihood -6766.818359 | KL fp 5.3053 | FP STD 0.0095|
KL coef: 0.9274252096465507
Train loss (one batch): 5277.546875
Train CE loss (one batch): 0.0
Test MSE: 0.0135
Poisson likelihood: 0.0
CE loss: 0.0
Experiment 64634
Epoch 0272 [Test seq (cond on sampled tp)] | Loss 6755.665527 | Likelihood -6752.904785 | KL fp 5.3606 | FP STD 0.0092|
KL coef: 0.9281509575500851
Train loss (one batch): 5247.6083984375
Train CE loss (one batch): 0.0
Test MSE: 0.0135
Poisson likelihood: 0.0
CE loss: 0.0
Experiment 64634
Epoch 0273 [Test seq (cond on sampled tp)] | Loss 6723.827148 | Likelihood -6720.319824 | KL fp 5.3799 | FP STD 0.0089|
KL coef: 0.9288694479745843
Train loss (one batch): 5276.53515625
Train CE loss (one batch): 0.0
Test MSE: 0.0135
Poisson likelihood: 0.0
CE loss: 0.0
Experiment 64634
Epoch 0274 [Test seq (cond on sampled tp)] | Loss 6739.746582 | Likelihood -6738.989746 | KL fp 5.4309 | FP STD 0.0084|
KL coef: 0.9295807534948385
Train loss (one batch): 5224.001953125
Train CE loss (one batch): 0.0
Test MSE: 0.0135
Poisson likelihood: 0.0
CE loss: 0.0
Experiment 64634
Epoch 0275 [Test seq (cond on sampled tp)] | Loss 6709.530273 | Likelihood -6706.078125 | KL fp 5.3854 | FP STD 0.0085|
KL coef: 0.9302849459598901
Train loss (one batch): 5241.9638671875
Train CE loss (one batch): 0.0
Test MSE: 0.0134
Poisson likelihood: 0.0
CE loss: 0.0
Experiment 64634
Epoch 0276 [Test seq (cond on sampled tp)] | Loss 6715.708496 | Likelihood -6715.360840 | KL fp 5.3749 | FP STD 0.0085|
KL coef: 0.9309820965002912
Train loss (one batch): 5222.79052734375
Train CE loss (one batch): 0.0
Test MSE: 0.0134
Poisson likelihood: 0.0
CE loss: 0.0
Experiment 64634
Epoch 0277 [Test seq (cond on sampled tp)] | Loss 6675.707031 | Likelihood -6684.817871 | KL fp 5.3416 | FP STD 0.0088|
KL coef: 0.9316722755352883
Train loss (one batch): 5257.20654296875
Train CE loss (one batch): 0.0
Test MSE: 0.0134
Poisson likelihood: 0.0
CE loss: 0.0
Experiment 64634
Epoch 0278 [Test seq (cond on sampled tp)] | Loss 6687.427246 | Likelihood -6694.979980 | KL fp 5.4602 | FP STD 0.0077|
KL coef: 0.9323555527799354
Train loss (one batch): 5219.11181640625
Train CE loss (one batch): 0.0
Test MSE: 0.0134
Poisson likelihood: 0.0
CE loss: 0.0
Experiment 64634
Epoch 0279 [Test seq (cond on sampled tp)] | Loss 6671.177246 | Likelihood -6673.425781 | KL fp 5.3207 | FP STD 0.0086|
KL coef: 0.933031997252136
Train loss (one batch): 5213.64208984375
Train CE loss (one batch): 0.0
Test MSE: 0.0134
Poisson likelihood: 0.0
CE loss: 0.0
Experiment 64634
Epoch 0280 [Test seq (cond on sampled tp)] | Loss 6671.742676 | Likelihood -6674.904785 | KL fp 5.3240 | FP STD 0.0087|
KL coef: 0.9337016772796147
Train loss (one batch): 5218.138671875
Train CE loss (one batch): 0.0
Test MSE: 0.0134
Poisson likelihood: 0.0
CE loss: 0.0
Experiment 64634
Epoch 0281 [Test seq (cond on sampled tp)] | Loss 6661.180664 | Likelihood -6667.001953 | KL fp 5.5065 | FP STD 0.0074|
KL coef: 0.9343646605068185
Train loss (one batch): 5230.29931640625
Train CE loss (one batch): 0.0
Test MSE: 0.0133
Poisson likelihood: 0.0
CE loss: 0.0
Experiment 64634
Epoch 0282 [Test seq (cond on sampled tp)] | Loss 6638.519043 | Likelihood -6638.376465 | KL fp 5.4100 | FP STD 0.0080|
KL coef: 0.9350210139017503
Train loss (one batch): 5213.6982421875
Train CE loss (one batch): 0.0
Test MSE: 0.0133
Poisson likelihood: 0.0
CE loss: 0.0
Experiment 64634
Epoch 0283 [Test seq (cond on sampled tp)] | Loss 6643.776367 | Likelihood -6641.894531 | KL fp 5.3810 | FP STD 0.0081|
KL coef: 0.9356708037627328
Train loss (one batch): 5185.40478515625
Train CE loss (one batch): 0.0
Test MSE: 0.0133
Poisson likelihood: 0.0
CE loss: 0.0
Experiment 64634
Epoch 0284 [Test seq (cond on sampled tp)] | Loss 6624.943848 | Likelihood -6626.402832 | KL fp 5.4802 | FP STD 0.0076|
KL coef: 0.9363140957251055
Train loss (one batch): 5154.42919921875
Train CE loss (one batch): 0.0
Test MSE: 0.0133
Poisson likelihood: 0.0
CE loss: 0.0
Experiment 64634
Epoch 0285 [Test seq (cond on sampled tp)] | Loss 6590.596680 | Likelihood -6586.785156 | KL fp 5.3711 | FP STD 0.0080|
KL coef: 0.9369509547678545
Train loss (one batch): 5173.802734375
Train CE loss (one batch): 0.0
Test MSE: 0.0132
Poisson likelihood: 0.0
CE loss: 0.0
Experiment 64634
Epoch 0286 [Test seq (cond on sampled tp)] | Loss 6620.907227 | Likelihood -6623.189941 | KL fp 5.4363 | FP STD 0.0078|
KL coef: 0.937581445220176
Train loss (one batch): 5104.71923828125
Train CE loss (one batch): 0.0
Test MSE: 0.0133
Poisson likelihood: 0.0
CE loss: 0.0
Experiment 64634
Epoch 0287 [Test seq (cond on sampled tp)] | Loss 6577.361816 | Likelihood -6575.597656 | KL fp 5.3936 | FP STD 0.0087|
KL coef: 0.9382056307679741
Train loss (one batch): 5186.30712890625
Train CE loss (one batch): 0.0
Test MSE: 0.0132
Poisson likelihood: 0.0
CE loss: 0.0
Experiment 64634
Epoch 0288 [Test seq (cond on sampled tp)] | Loss 6593.840820 | Likelihood -6590.479004 | KL fp 5.5002 | FP STD 0.0071|
KL coef: 0.9388235744602944
Train loss (one batch): 5135.88427734375
Train CE loss (one batch): 0.0
Test MSE: 0.0132
Poisson likelihood: 0.0
CE loss: 0.0
Experiment 64634
Epoch 0289 [Test seq (cond on sampled tp)] | Loss 6573.770508 | Likelihood -6575.879395 | KL fp 5.5298 | FP STD 0.0071|
KL coef: 0.9394353387156915
Train loss (one batch): 5130.3349609375
Train CE loss (one batch): 0.0
Test MSE: 0.0132
Poisson likelihood: 0.0
CE loss: 0.0
Experiment 64634
Epoch 0290 [Test seq (cond on sampled tp)] | Loss 6524.069336 | Likelihood -6527.525391 | KL fp 5.4406 | FP STD 0.0078|
KL coef: 0.9400409853285345
Train loss (one batch): 5137.20947265625
Train CE loss (one batch): 0.0
Test MSE: 0.0131
Poisson likelihood: 0.0
CE loss: 0.0
Experiment 64634
Epoch 0291 [Test seq (cond on sampled tp)] | Loss 6536.475586 | Likelihood -6534.056152 | KL fp 5.2932 | FP STD 0.0087|
KL coef: 0.9406405754752493
Train loss (one batch): 5100.5986328125
Train CE loss (one batch): 0.0
Test MSE: 0.0131
Poisson likelihood: 0.0
CE loss: 0.0
Experiment 64634
Epoch 0292 [Test seq (cond on sampled tp)] | Loss 6563.241211 | Likelihood -6561.880859 | KL fp 5.4017 | FP STD 0.0082|
KL coef: 0.9412341697204967
Train loss (one batch): 5074.513671875
Train CE loss (one batch): 0.0
Test MSE: 0.0131
Poisson likelihood: 0.0
CE loss: 0.0
Experiment 64634
Epoch 0293 [Test seq (cond on sampled tp)] | Loss 6535.583984 | Likelihood -6534.469238 | KL fp 5.4586 | FP STD 0.0076|
KL coef: 0.9418218280232917
Train loss (one batch): 5063.35693359375
Train CE loss (one batch): 0.0
Test MSE: 0.0131
Poisson likelihood: 0.0
CE loss: 0.0
Experiment 64634
Epoch 0294 [Test seq (cond on sampled tp)] | Loss 6520.420410 | Likelihood -6523.313965 | KL fp 5.4224 | FP STD 0.0079|
KL coef: 0.9424036097430588
Train loss (one batch): 5113.96923828125
Train CE loss (one batch): 0.0
Test MSE: 0.0131
Poisson likelihood: 0.0
CE loss: 0.0
Experiment 64634
Epoch 0295 [Test seq (cond on sampled tp)] | Loss 6493.974609 | Likelihood -6492.384277 | KL fp 5.4698 | FP STD 0.0075|
KL coef: 0.9429795736456282
Train loss (one batch): 5058.107421875
Train CE loss (one batch): 0.0
Test MSE: 0.0130
Poisson likelihood: 0.0
CE loss: 0.0
Experiment 64634
Epoch 0296 [Test seq (cond on sampled tp)] | Loss 6513.386719 | Likelihood -6513.568848 | KL fp 5.3482 | FP STD 0.0086|
KL coef: 0.9435497779091719
Train loss (one batch): 5041.861328125
Train CE loss (one batch): 0.0
Test MSE: 0.0130
Poisson likelihood: 0.0
CE loss: 0.0
Experiment 64634
Epoch 0297 [Test seq (cond on sampled tp)] | Loss 6462.112305 | Likelihood -6461.292969 | KL fp 5.4309 | FP STD 0.0077|
KL coef: 0.9441142801300803
Train loss (one batch): 5010.2421875
Train CE loss (one batch): 0.0
Test MSE: 0.0129
Poisson likelihood: 0.0
CE loss: 0.0
Experiment 64634
Epoch 0298 [Test seq (cond on sampled tp)] | Loss 6425.940430 | Likelihood -6427.942871 | KL fp 5.4581 | FP STD 0.0078|
KL coef: 0.9446731373287794
Train loss (one batch): 4997.76220703125
Train CE loss (one batch): 0.0
Test MSE: 0.0129
Poisson likelihood: 0.0
CE loss: 0.0
Experiment 64634
Epoch 0299 [Test seq (cond on sampled tp)] | Loss 6455.358398 | Likelihood -6452.850098 | KL fp 5.4317 | FP STD 0.0077|
KL coef: 0.9452264059554917
Train loss (one batch): 5014.5166015625
Train CE loss (one batch): 0.0
Test MSE: 0.0129
Poisson likelihood: 0.0
CE loss: 0.0
Experiment 64634
Epoch 0300 [Test seq (cond on sampled tp)] | Loss 6449.212891 | Likelihood -6449.093262 | KL fp 5.3849 | FP STD 0.0080|
KL coef: 0.9457741418959368
Train loss (one batch): 4990.41455078125
Train CE loss (one batch): 0.0
Test MSE: 0.0129
Poisson likelihood: 0.0
CE loss: 0.0
