/Users/deyiliu/Dropbox/UNC/G4/Spring/790/code/latent_ode-master/run_models.py
run_models.py --niters 100 -n 1000 -l 15 --dataset hopper --latent-ode --z0-encoder trans -r 100 -s 0.3
Experiment 20533
Epoch 0001 [Test seq (cond on sampled tp)] | Loss 51265.203125 | Likelihood -52060.082031 | KL fp 2.3040 | FP STD 0.2072|
KL coef: 0.0
Train loss (one batch): 60700.89453125
Train CE loss (one batch): 0.0
Test MSE: 0.1041
Poisson likelihood: 0.0
CE loss: 0.0
Experiment 20533
Epoch 0002 [Test seq (cond on sampled tp)] | Loss 33383.656250 | Likelihood -33765.066406 | KL fp 2.5632 | FP STD 0.1320|
KL coef: 0.0
Train loss (one batch): 33438.3515625
Train CE loss (one batch): 0.0
Test MSE: 0.0675
Poisson likelihood: 0.0
CE loss: 0.0
Experiment 20533
Epoch 0003 [Test seq (cond on sampled tp)] | Loss 31276.285156 | Likelihood -31637.396484 | KL fp 2.6287 | FP STD 0.1142|
KL coef: 0.0
Train loss (one batch): 31522.169921875
Train CE loss (one batch): 0.0
Test MSE: 0.0633
Poisson likelihood: 0.0
CE loss: 0.0
Experiment 20533
Epoch 0004 [Test seq (cond on sampled tp)] | Loss 30132.482422 | Likelihood -30241.220703 | KL fp 2.7792 | FP STD 0.1011|
KL coef: 0.0
Train loss (one batch): 30440.525390625
Train CE loss (one batch): 0.0
Test MSE: 0.0605
Poisson likelihood: 0.0
CE loss: 0.0
Experiment 20533
Epoch 0005 [Test seq (cond on sampled tp)] | Loss 30028.675781 | Likelihood -30142.955078 | KL fp 2.8126 | FP STD 0.0976|
KL coef: 0.0
Train loss (one batch): 28529.068359375
Train CE loss (one batch): 0.0
Test MSE: 0.0603
Poisson likelihood: 0.0
CE loss: 0.0
Experiment 20533
Epoch 0006 [Test seq (cond on sampled tp)] | Loss 29027.740234 | Likelihood -29144.560547 | KL fp 2.8443 | FP STD 0.0921|
KL coef: 0.0
Train loss (one batch): 29438.53515625
Train CE loss (one batch): 0.0
Test MSE: 0.0583
Poisson likelihood: 0.0
CE loss: 0.0
Experiment 20533
Epoch 0007 [Test seq (cond on sampled tp)] | Loss 29072.919922 | Likelihood -29159.250000 | KL fp 2.8400 | FP STD 0.0928|
KL coef: 0.0
Train loss (one batch): 28455.0390625
Train CE loss (one batch): 0.0
Test MSE: 0.0583
Poisson likelihood: 0.0
CE loss: 0.0
Experiment 20533
Epoch 0008 [Test seq (cond on sampled tp)] | Loss 28286.818359 | Likelihood -28427.173828 | KL fp 2.9262 | FP STD 0.0838|
KL coef: 0.0
Train loss (one batch): 28865.85546875
Train CE loss (one batch): 0.0
Test MSE: 0.0569
Poisson likelihood: 0.0
CE loss: 0.0
Experiment 20533
Epoch 0009 [Test seq (cond on sampled tp)] | Loss 28213.324219 | Likelihood -28288.212891 | KL fp 2.9021 | FP STD 0.0882|
KL coef: 0.0
Train loss (one batch): 27088.900390625
Train CE loss (one batch): 0.0
Test MSE: 0.0566
Poisson likelihood: 0.0
CE loss: 0.0
Experiment 20533
Epoch 0010 [Test seq (cond on sampled tp)] | Loss 27859.109375 | Likelihood -27971.900391 | KL fp 2.9101 | FP STD 0.0853|
KL coef: 0.0
Train loss (one batch): 27104.234375
Train CE loss (one batch): 0.0
Test MSE: 0.0560
Poisson likelihood: 0.0
CE loss: 0.0
Experiment 20533
Epoch 0011 [Test seq (cond on sampled tp)] | Loss 27265.529297 | Likelihood -27340.115234 | KL fp 2.9347 | FP STD 0.0823|
KL coef: 0.010000000000000009
Train loss (one batch): 26406.939453125
Train CE loss (one batch): 0.0
Test MSE: 0.0547
Poisson likelihood: 0.0
CE loss: 0.0
Experiment 20533
Epoch 0012 [Test seq (cond on sampled tp)] | Loss 26452.398438 | Likelihood -26590.849609 | KL fp 2.9346 | FP STD 0.0814|
KL coef: 0.01990000000000003
Train loss (one batch): 26093.326171875
Train CE loss (one batch): 0.0
Test MSE: 0.0532
Poisson likelihood: 0.0
CE loss: 0.0
Experiment 20533
Epoch 0013 [Test seq (cond on sampled tp)] | Loss 26172.757812 | Likelihood -26339.482422 | KL fp 2.9174 | FP STD 0.0825|
KL coef: 0.029700999999999977
Train loss (one batch): 25343.328125
Train CE loss (one batch): 0.0
Test MSE: 0.0527
Poisson likelihood: 0.0
CE loss: 0.0
Experiment 20533
Epoch 0014 [Test seq (cond on sampled tp)] | Loss 24732.419922 | Likelihood -24851.312500 | KL fp 2.9001 | FP STD 0.0852|
KL coef: 0.039403990000000055
Train loss (one batch): 24252.541015625
Train CE loss (one batch): 0.0
Test MSE: 0.0497
Poisson likelihood: 0.0
CE loss: 0.0
Experiment 20533
Epoch 0015 [Test seq (cond on sampled tp)] | Loss 23407.878906 | Likelihood -23584.085938 | KL fp 2.8370 | FP STD 0.0914|
KL coef: 0.04900995010000009
Train loss (one batch): 22649.078125
Train CE loss (one batch): 0.0
Test MSE: 0.0472
Poisson likelihood: 0.0
CE loss: 0.0
Experiment 20533
Epoch 0016 [Test seq (cond on sampled tp)] | Loss 22069.808594 | Likelihood -22135.525391 | KL fp 2.8705 | FP STD 0.0890|
KL coef: 0.058519850599
Train loss (one batch): 21156.201171875
Train CE loss (one batch): 0.0
Test MSE: 0.0443
Poisson likelihood: 0.0
CE loss: 0.0
Experiment 20533
Epoch 0017 [Test seq (cond on sampled tp)] | Loss 21462.916016 | Likelihood -21662.087891 | KL fp 2.8572 | FP STD 0.0857|
KL coef: 0.06793465209301008
Train loss (one batch): 20600.587890625
Train CE loss (one batch): 0.0
Test MSE: 0.0433
Poisson likelihood: 0.0
CE loss: 0.0
Experiment 20533
Epoch 0018 [Test seq (cond on sampled tp)] | Loss 21046.265625 | Likelihood -21069.128906 | KL fp 2.8610 | FP STD 0.0873|
KL coef: 0.07725530557207994
Train loss (one batch): 19258.173828125
Train CE loss (one batch): 0.0
Test MSE: 0.0422
Poisson likelihood: 0.0
CE loss: 0.0
Experiment 20533
Epoch 0019 [Test seq (cond on sampled tp)] | Loss 20828.207031 | Likelihood -20904.740234 | KL fp 2.9458 | FP STD 0.0804|
KL coef: 0.08648275251635917
Train loss (one batch): 18878.841796875
Train CE loss (one batch): 0.0
Test MSE: 0.0418
Poisson likelihood: 0.0
CE loss: 0.0
Experiment 20533
Epoch 0020 [Test seq (cond on sampled tp)] | Loss 20319.427734 | Likelihood -20364.416016 | KL fp 2.9506 | FP STD 0.0792|
KL coef: 0.09561792499119559
Train loss (one batch): 19056.48828125
Train CE loss (one batch): 0.0
Test MSE: 0.0407
Poisson likelihood: 0.0
CE loss: 0.0
Experiment 20533
Epoch 0021 [Test seq (cond on sampled tp)] | Loss 19834.535156 | Likelihood -19863.912109 | KL fp 2.9314 | FP STD 0.0807|
KL coef: 0.10466174574128362
Train loss (one batch): 17807.724609375
Train CE loss (one batch): 0.0
Test MSE: 0.0397
Poisson likelihood: 0.0
CE loss: 0.0
Experiment 20533
Epoch 0022 [Test seq (cond on sampled tp)] | Loss 19101.966797 | Likelihood -19339.478516 | KL fp 2.8660 | FP STD 0.0828|
KL coef: 0.11361512828387077
Train loss (one batch): 17603.275390625
Train CE loss (one batch): 0.0
Test MSE: 0.0387
Poisson likelihood: 0.0
CE loss: 0.0
Experiment 20533
Epoch 0023 [Test seq (cond on sampled tp)] | Loss 18823.541016 | Likelihood -18876.294922 | KL fp 2.9646 | FP STD 0.0789|
KL coef: 0.12247897700103216
Train loss (one batch): 17442.740234375
Train CE loss (one batch): 0.0
Test MSE: 0.0378
Poisson likelihood: 0.0
CE loss: 0.0
Experiment 20533
Epoch 0024 [Test seq (cond on sampled tp)] | Loss 18484.863281 | Likelihood -18643.509766 | KL fp 2.9432 | FP STD 0.0801|
KL coef: 0.13125418723102178
Train loss (one batch): 17445.01953125
Train CE loss (one batch): 0.0
Test MSE: 0.0373
Poisson likelihood: 0.0
CE loss: 0.0
Experiment 20533
Epoch 0025 [Test seq (cond on sampled tp)] | Loss 17995.343750 | Likelihood -18136.634766 | KL fp 3.0125 | FP STD 0.0754|
KL coef: 0.13994164535871156
Train loss (one batch): 16785.2109375
Train CE loss (one batch): 0.0
Test MSE: 0.0363
Poisson likelihood: 0.0
CE loss: 0.0
Experiment 20533
Epoch 0026 [Test seq (cond on sampled tp)] | Loss 18252.156250 | Likelihood -18288.384766 | KL fp 3.0884 | FP STD 0.0707|
KL coef: 0.14854222890512447
Train loss (one batch): 17067.248046875
Train CE loss (one batch): 0.0
Test MSE: 0.0366
Poisson likelihood: 0.0
CE loss: 0.0
Experiment 20533
Epoch 0027 [Test seq (cond on sampled tp)] | Loss 17875.570312 | Likelihood -17960.345703 | KL fp 3.1064 | FP STD 0.0692|
KL coef: 0.15705680661607324
Train loss (one batch): 16498.123046875
Train CE loss (one batch): 0.0
Test MSE: 0.0359
Poisson likelihood: 0.0
CE loss: 0.0
Experiment 20533
Epoch 0028 [Test seq (cond on sampled tp)] | Loss 17802.345703 | Likelihood -17866.751953 | KL fp 3.1468 | FP STD 0.0665|
KL coef: 0.1654862385499125
Train loss (one batch): 16531.634765625
Train CE loss (one batch): 0.0
Test MSE: 0.0357
Poisson likelihood: 0.0
CE loss: 0.0
Experiment 20533
Epoch 0029 [Test seq (cond on sampled tp)] | Loss 17291.400391 | Likelihood -17448.619141 | KL fp 3.1712 | FP STD 0.0657|
KL coef: 0.17383137616441335
Train loss (one batch): 16151.052734375
Train CE loss (one batch): 0.0
Test MSE: 0.0349
Poisson likelihood: 0.0
CE loss: 0.0
Experiment 20533
Epoch 0030 [Test seq (cond on sampled tp)] | Loss 17454.601562 | Likelihood -17484.812500 | KL fp 3.1448 | FP STD 0.0657|
KL coef: 0.18209306240276923
Train loss (one batch): 16262.5888671875
Train CE loss (one batch): 0.0
Test MSE: 0.0350
Poisson likelihood: 0.0
CE loss: 0.0
Experiment 20533
Epoch 0031 [Test seq (cond on sampled tp)] | Loss 17554.199219 | Likelihood -17601.179688 | KL fp 3.1450 | FP STD 0.0660|
KL coef: 0.19027213177874158
Train loss (one batch): 16104.1669921875
Train CE loss (one batch): 0.0
Test MSE: 0.0352
Poisson likelihood: 0.0
CE loss: 0.0
Experiment 20533
Epoch 0032 [Test seq (cond on sampled tp)] | Loss 17304.101562 | Likelihood -17406.150391 | KL fp 3.2422 | FP STD 0.0614|
KL coef: 0.19836941046095413
Train loss (one batch): 15890.1982421875
Train CE loss (one batch): 0.0
Test MSE: 0.0348
Poisson likelihood: 0.0
CE loss: 0.0
Experiment 20533
Epoch 0033 [Test seq (cond on sampled tp)] | Loss 17240.707031 | Likelihood -17278.837891 | KL fp 3.1621 | FP STD 0.0663|
KL coef: 0.20638571635634462
Train loss (one batch): 15413.1513671875
Train CE loss (one batch): 0.0
Test MSE: 0.0346
Poisson likelihood: 0.0
CE loss: 0.0
Experiment 20533
Epoch 0034 [Test seq (cond on sampled tp)] | Loss 17056.470703 | Likelihood -17137.195312 | KL fp 3.1972 | FP STD 0.0634|
KL coef: 0.21432185919278124
Train loss (one batch): 15973.48046875
Train CE loss (one batch): 0.0
Test MSE: 0.0343
Poisson likelihood: 0.0
CE loss: 0.0
Experiment 20533
Epoch 0035 [Test seq (cond on sampled tp)] | Loss 16900.263672 | Likelihood -17015.308594 | KL fp 3.2402 | FP STD 0.0595|
KL coef: 0.22217864060085335
Train loss (one batch): 15801.73046875
Train CE loss (one batch): 0.0
Test MSE: 0.0340
Poisson likelihood: 0.0
CE loss: 0.0
Experiment 20533
Epoch 0036 [Test seq (cond on sampled tp)] | Loss 16405.621094 | Likelihood -16447.972656 | KL fp 3.2290 | FP STD 0.0611|
KL coef: 0.2299568541948449
Train loss (one batch): 15720.3994140625
Train CE loss (one batch): 0.0
Test MSE: 0.0329
Poisson likelihood: 0.0
CE loss: 0.0
Experiment 20533
Epoch 0037 [Test seq (cond on sampled tp)] | Loss 16512.228516 | Likelihood -16561.318359 | KL fp 3.2097 | FP STD 0.0605|
KL coef: 0.23765728565289646
Train loss (one batch): 15226.1787109375
Train CE loss (one batch): 0.0
Test MSE: 0.0331
Poisson likelihood: 0.0
CE loss: 0.0
Experiment 20533
Epoch 0038 [Test seq (cond on sampled tp)] | Loss 16280.490234 | Likelihood -16314.149414 | KL fp 3.2182 | FP STD 0.0612|
KL coef: 0.24528071279636743
Train loss (one batch): 15297.9853515625
Train CE loss (one batch): 0.0
Test MSE: 0.0326
Poisson likelihood: 0.0
CE loss: 0.0
Experiment 20533
Epoch 0039 [Test seq (cond on sampled tp)] | Loss 16267.324219 | Likelihood -16305.789062 | KL fp 3.2551 | FP STD 0.0583|
KL coef: 0.25282790566840385
Train loss (one batch): 14736.931640625
Train CE loss (one batch): 0.0
Test MSE: 0.0326
Poisson likelihood: 0.0
CE loss: 0.0
Experiment 20533
Epoch 0040 [Test seq (cond on sampled tp)] | Loss 16204.249023 | Likelihood -16275.088867 | KL fp 3.2040 | FP STD 0.0608|
KL coef: 0.2602996266117198
Train loss (one batch): 15013.244140625
Train CE loss (one batch): 0.0
Test MSE: 0.0326
Poisson likelihood: 0.0
CE loss: 0.0
Experiment 20533
Epoch 0041 [Test seq (cond on sampled tp)] | Loss 15852.580078 | Likelihood -15860.987305 | KL fp 3.3043 | FP STD 0.0568|
KL coef: 0.26769663034560254
Train loss (one batch): 14719.9169921875
Train CE loss (one batch): 0.0
Test MSE: 0.0317
Poisson likelihood: 0.0
CE loss: 0.0
Experiment 20533
Epoch 0042 [Test seq (cond on sampled tp)] | Loss 15751.055664 | Likelihood -15794.187500 | KL fp 3.2348 | FP STD 0.0613|
KL coef: 0.2750196640421466
Train loss (one batch): 14075.1396484375
Train CE loss (one batch): 0.0
Test MSE: 0.0316
Poisson likelihood: 0.0
CE loss: 0.0
Experiment 20533
Epoch 0043 [Test seq (cond on sampled tp)] | Loss 15500.680664 | Likelihood -15518.239258 | KL fp 3.1999 | FP STD 0.0609|
KL coef: 0.2822694674017251
Train loss (one batch): 14318.4375
Train CE loss (one batch): 0.0
Test MSE: 0.0310
Poisson likelihood: 0.0
CE loss: 0.0
Experiment 20533
Epoch 0044 [Test seq (cond on sampled tp)] | Loss 15120.959961 | Likelihood -15163.391602 | KL fp 3.2821 | FP STD 0.0574|
KL coef: 0.2894467727277079
Train loss (one batch): 13700.14453125
Train CE loss (one batch): 0.0
Test MSE: 0.0303
Poisson likelihood: 0.0
CE loss: 0.0
Experiment 20533
Epoch 0045 [Test seq (cond on sampled tp)] | Loss 15073.464844 | Likelihood -15226.952148 | KL fp 3.2693 | FP STD 0.0596|
KL coef: 0.29655230500043084
Train loss (one batch): 13565.72265625
Train CE loss (one batch): 0.0
Test MSE: 0.0305
Poisson likelihood: 0.0
CE loss: 0.0
Experiment 20533
Epoch 0046 [Test seq (cond on sampled tp)] | Loss 14773.408203 | Likelihood -14827.875977 | KL fp 3.2464 | FP STD 0.0595|
KL coef: 0.30358678195042654
Train loss (one batch): 13569.5
Train CE loss (one batch): 0.0
Test MSE: 0.0297
Poisson likelihood: 0.0
CE loss: 0.0
Experiment 20533
Epoch 0047 [Test seq (cond on sampled tp)] | Loss 14418.141602 | Likelihood -14510.109375 | KL fp 3.2543 | FP STD 0.0599|
KL coef: 0.3105509141309223
Train loss (one batch): 12922.7021484375
Train CE loss (one batch): 0.0
Test MSE: 0.0290
Poisson likelihood: 0.0
CE loss: 0.0
Experiment 20533
Epoch 0048 [Test seq (cond on sampled tp)] | Loss 14393.795898 | Likelihood -14412.902344 | KL fp 3.2246 | FP STD 0.0618|
KL coef: 0.31744540498961304
Train loss (one batch): 12825.279296875
Train CE loss (one batch): 0.0
Test MSE: 0.0288
Poisson likelihood: 0.0
CE loss: 0.0
Experiment 20533
Epoch 0049 [Test seq (cond on sampled tp)] | Loss 14090.879883 | Likelihood -14123.293945 | KL fp 3.1602 | FP STD 0.0650|
KL coef: 0.3242709509397169
Train loss (one batch): 12986.88671875
Train CE loss (one batch): 0.0
Test MSE: 0.0283
Poisson likelihood: 0.0
CE loss: 0.0
Experiment 20533
Epoch 0050 [Test seq (cond on sampled tp)] | Loss 13980.322266 | Likelihood -14050.703125 | KL fp 3.2836 | FP STD 0.0595|
KL coef: 0.3310282414303197
Train loss (one batch): 12843.46484375
Train CE loss (one batch): 0.0
Test MSE: 0.0281
Poisson likelihood: 0.0
CE loss: 0.0
Experiment 20533
Epoch 0051 [Test seq (cond on sampled tp)] | Loss 13742.176758 | Likelihood -13754.791992 | KL fp 3.2320 | FP STD 0.0604|
KL coef: 0.33771795901601653
Train loss (one batch): 12712.2841796875
Train CE loss (one batch): 0.0
Test MSE: 0.0275
Poisson likelihood: 0.0
CE loss: 0.0
Experiment 20533
Epoch 0052 [Test seq (cond on sampled tp)] | Loss 13566.061523 | Likelihood -13627.738281 | KL fp 3.2359 | FP STD 0.0611|
KL coef: 0.3443407794258564
Train loss (one batch): 12207.3193359375
Train CE loss (one batch): 0.0
Test MSE: 0.0273
Poisson likelihood: 0.0
CE loss: 0.0
Experiment 20533
Epoch 0053 [Test seq (cond on sampled tp)] | Loss 13301.811523 | Likelihood -13343.370117 | KL fp 3.2543 | FP STD 0.0601|
KL coef: 0.35089737163159784
Train loss (one batch): 11677.4755859375
Train CE loss (one batch): 0.0
Test MSE: 0.0267
Poisson likelihood: 0.0
CE loss: 0.0
Experiment 20533
Epoch 0054 [Test seq (cond on sampled tp)] | Loss 13223.799805 | Likelihood -13282.433594 | KL fp 3.2617 | FP STD 0.0597|
KL coef: 0.3573883979152819
Train loss (one batch): 11886.302734375
Train CE loss (one batch): 0.0
Test MSE: 0.0266
Poisson likelihood: 0.0
CE loss: 0.0
Experiment 20533
Epoch 0055 [Test seq (cond on sampled tp)] | Loss 13158.684570 | Likelihood -13237.433594 | KL fp 3.2939 | FP STD 0.0598|
KL coef: 0.36381451393612907
Train loss (one batch): 11233.6220703125
Train CE loss (one batch): 0.0
Test MSE: 0.0265
Poisson likelihood: 0.0
CE loss: 0.0
Experiment 20533
Epoch 0056 [Test seq (cond on sampled tp)] | Loss 13054.065430 | Likelihood -13112.753906 | KL fp 3.2677 | FP STD 0.0599|
KL coef: 0.37017636879676774
Train loss (one batch): 11614.0048828125
Train CE loss (one batch): 0.0
Test MSE: 0.0262
Poisson likelihood: 0.0
CE loss: 0.0
Experiment 20533
Epoch 0057 [Test seq (cond on sampled tp)] | Loss 12843.040039 | Likelihood -12900.678711 | KL fp 3.2617 | FP STD 0.0614|
KL coef: 0.37647460510880004
Train loss (one batch): 11359.8017578125
Train CE loss (one batch): 0.0
Test MSE: 0.0258
Poisson likelihood: 0.0
CE loss: 0.0
Experiment 20533
Epoch 0058 [Test seq (cond on sampled tp)] | Loss 12635.028320 | Likelihood -12743.230469 | KL fp 3.2561 | FP STD 0.0605|
KL coef: 0.38270985905771204
Train loss (one batch): 10965.4248046875
Train CE loss (one batch): 0.0
Test MSE: 0.0255
Poisson likelihood: 0.0
CE loss: 0.0
Experiment 20533
Epoch 0059 [Test seq (cond on sampled tp)] | Loss 12534.953125 | Likelihood -12574.023438 | KL fp 3.3145 | FP STD 0.0581|
KL coef: 0.388882760467135
Train loss (one batch): 11366.265625
Train CE loss (one batch): 0.0
Test MSE: 0.0252
Poisson likelihood: 0.0
CE loss: 0.0
Experiment 20533
Epoch 0060 [Test seq (cond on sampled tp)] | Loss 12517.174805 | Likelihood -12556.209961 | KL fp 3.2597 | FP STD 0.0591|
KL coef: 0.39499393286246365
Train loss (one batch): 11030.3603515625
Train CE loss (one batch): 0.0
Test MSE: 0.0251
Poisson likelihood: 0.0
CE loss: 0.0
Experiment 20533
Epoch 0061 [Test seq (cond on sampled tp)] | Loss 12178.120117 | Likelihood -12218.960938 | KL fp 3.3075 | FP STD 0.0573|
KL coef: 0.401043993533839
Train loss (one batch): 10378.16796875
Train CE loss (one batch): 0.0
Test MSE: 0.0244
Poisson likelihood: 0.0
CE loss: 0.0
Experiment 20533
Epoch 0062 [Test seq (cond on sampled tp)] | Loss 12228.309570 | Likelihood -12321.389648 | KL fp 3.3236 | FP STD 0.0586|
KL coef: 0.4070335535985006
Train loss (one batch): 10537.5390625
Train CE loss (one batch): 0.0
Test MSE: 0.0247
Poisson likelihood: 0.0
CE loss: 0.0
Experiment 20533
Epoch 0063 [Test seq (cond on sampled tp)] | Loss 12048.862305 | Likelihood -12137.524414 | KL fp 3.2365 | FP STD 0.0606|
KL coef: 0.41296321806251557
Train loss (one batch): 10414.8154296875
Train CE loss (one batch): 0.0
Test MSE: 0.0243
Poisson likelihood: 0.0
CE loss: 0.0
Experiment 20533
Epoch 0064 [Test seq (cond on sampled tp)] | Loss 11712.351562 | Likelihood -11758.035156 | KL fp 3.3154 | FP STD 0.0579|
KL coef: 0.41883358588189046
Train loss (one batch): 9960.4306640625
Train CE loss (one batch): 0.0
Test MSE: 0.0235
Poisson likelihood: 0.0
CE loss: 0.0
Experiment 20533
Epoch 0065 [Test seq (cond on sampled tp)] | Loss 11752.644531 | Likelihood -11775.601562 | KL fp 3.4018 | FP STD 0.0540|
KL coef: 0.4246452500230715
Train loss (one batch): 10263.0224609375
Train CE loss (one batch): 0.0
Test MSE: 0.0236
Poisson likelihood: 0.0
CE loss: 0.0
Experiment 20533
Epoch 0066 [Test seq (cond on sampled tp)] | Loss 11526.214844 | Likelihood -11589.632812 | KL fp 3.3245 | FP STD 0.0569|
KL coef: 0.4303987975228408
Train loss (one batch): 9921.396484375
Train CE loss (one batch): 0.0
Test MSE: 0.0232
Poisson likelihood: 0.0
CE loss: 0.0
Experiment 20533
Epoch 0067 [Test seq (cond on sampled tp)] | Loss 11596.609375 | Likelihood -11631.549805 | KL fp 3.3406 | FP STD 0.0554|
KL coef: 0.4360948095476125
Train loss (one batch): 9930.53515625
Train CE loss (one batch): 0.0
Test MSE: 0.0233
Poisson likelihood: 0.0
CE loss: 0.0
Experiment 20533
Epoch 0068 [Test seq (cond on sampled tp)] | Loss 11665.486328 | Likelihood -11680.696289 | KL fp 3.3834 | FP STD 0.0548|
KL coef: 0.44173386145213633
Train loss (one batch): 10272.6025390625
Train CE loss (one batch): 0.0
Test MSE: 0.0234
Poisson likelihood: 0.0
CE loss: 0.0
Experiment 20533
Epoch 0069 [Test seq (cond on sampled tp)] | Loss 11367.537109 | Likelihood -11403.342773 | KL fp 3.4187 | FP STD 0.0523|
KL coef: 0.4473165228376149
Train loss (one batch): 10240.63671875
Train CE loss (one batch): 0.0
Test MSE: 0.0228
Poisson likelihood: 0.0
CE loss: 0.0
Experiment 20533
Epoch 0070 [Test seq (cond on sampled tp)] | Loss 11352.360352 | Likelihood -11389.506836 | KL fp 3.4465 | FP STD 0.0511|
KL coef: 0.4528433576092388
Train loss (one batch): 9862.30859375
Train CE loss (one batch): 0.0
Test MSE: 0.0228
Poisson likelihood: 0.0
CE loss: 0.0
Experiment 20533
Epoch 0071 [Test seq (cond on sampled tp)] | Loss 11258.321289 | Likelihood -11293.640625 | KL fp 3.4116 | FP STD 0.0520|
KL coef: 0.45831492403314644
Train loss (one batch): 9639.037109375
Train CE loss (one batch): 0.0
Test MSE: 0.0226
Poisson likelihood: 0.0
CE loss: 0.0
Experiment 20533
Epoch 0072 [Test seq (cond on sampled tp)] | Loss 11414.829102 | Likelihood -11493.901367 | KL fp 3.4331 | FP STD 0.0506|
KL coef: 0.463731774792815
Train loss (one batch): 9972.96484375
Train CE loss (one batch): 0.0
Test MSE: 0.0230
Poisson likelihood: 0.0
CE loss: 0.0
Experiment 20533
Epoch 0073 [Test seq (cond on sampled tp)] | Loss 10827.552734 | Likelihood -10851.333984 | KL fp 3.4671 | FP STD 0.0512|
KL coef: 0.46909445704488684
Train loss (one batch): 9493.7607421875
Train CE loss (one batch): 0.0
Test MSE: 0.0217
Poisson likelihood: 0.0
CE loss: 0.0
Experiment 20533
Epoch 0074 [Test seq (cond on sampled tp)] | Loss 11039.893555 | Likelihood -11065.030273 | KL fp 3.4349 | FP STD 0.0518|
KL coef: 0.474403512474438
Train loss (one batch): 9527.0244140625
Train CE loss (one batch): 0.0
Test MSE: 0.0221
Poisson likelihood: 0.0
CE loss: 0.0
Experiment 20533
Epoch 0075 [Test seq (cond on sampled tp)] | Loss 10751.084961 | Likelihood -10785.264648 | KL fp 3.4753 | FP STD 0.0486|
KL coef: 0.4796594773496936
Train loss (one batch): 9355.4697265625
Train CE loss (one batch): 0.0
Test MSE: 0.0216
Poisson likelihood: 0.0
CE loss: 0.0
Experiment 20533
Epoch 0076 [Test seq (cond on sampled tp)] | Loss 10941.553711 | Likelihood -10971.453125 | KL fp 3.4884 | FP STD 0.0491|
KL coef: 0.4848628825761967
Train loss (one batch): 9112.21484375
Train CE loss (one batch): 0.0
Test MSE: 0.0220
Poisson likelihood: 0.0
CE loss: 0.0
Experiment 20533
Epoch 0077 [Test seq (cond on sampled tp)] | Loss 10865.195312 | Likelihood -10875.930664 | KL fp 3.4983 | FP STD 0.0482|
KL coef: 0.4900142537504347
Train loss (one batch): 9329.521484375
Train CE loss (one batch): 0.0
Test MSE: 0.0218
Poisson likelihood: 0.0
CE loss: 0.0
Experiment 20533
Epoch 0078 [Test seq (cond on sampled tp)] | Loss 11025.083008 | Likelihood -11058.039062 | KL fp 3.4558 | FP STD 0.0494|
KL coef: 0.49511411121293036
Train loss (one batch): 9043.361328125
Train CE loss (one batch): 0.0
Test MSE: 0.0221
Poisson likelihood: 0.0
CE loss: 0.0
Experiment 20533
Epoch 0079 [Test seq (cond on sampled tp)] | Loss 11134.648438 | Likelihood -11152.817383 | KL fp 3.5192 | FP STD 0.0474|
KL coef: 0.500162970100801
Train loss (one batch): 9734.7080078125
Train CE loss (one batch): 0.0
Test MSE: 0.0223
Poisson likelihood: 0.0
CE loss: 0.0
Experiment 20533
Epoch 0080 [Test seq (cond on sampled tp)] | Loss 10780.821289 | Likelihood -10784.776367 | KL fp 3.5140 | FP STD 0.0468|
KL coef: 0.505161340399793
Train loss (one batch): 9015.6015625
Train CE loss (one batch): 0.0
Test MSE: 0.0216
Poisson likelihood: 0.0
CE loss: 0.0
Experiment 20533
Epoch 0081 [Test seq (cond on sampled tp)] | Loss 10834.517578 | Likelihood -10875.090820 | KL fp 3.5342 | FP STD 0.0459|
KL coef: 0.510109726995795
Train loss (one batch): 9018.193359375
Train CE loss (one batch): 0.0
Test MSE: 0.0218
Poisson likelihood: 0.0
CE loss: 0.0
Experiment 20533
Epoch 0082 [Test seq (cond on sampled tp)] | Loss 10552.638672 | Likelihood -10599.012695 | KL fp 3.5903 | FP STD 0.0451|
KL coef: 0.5150086297258372
Train loss (one batch): 9536.263671875
Train CE loss (one batch): 0.0
Test MSE: 0.0212
Poisson likelihood: 0.0
CE loss: 0.0
Experiment 20533
Epoch 0083 [Test seq (cond on sampled tp)] | Loss 10401.778320 | Likelihood -10403.714844 | KL fp 3.6038 | FP STD 0.0431|
KL coef: 0.5198585434285787
Train loss (one batch): 9408.51171875
Train CE loss (one batch): 0.0
Test MSE: 0.0208
Poisson likelihood: 0.0
CE loss: 0.0
Experiment 20533
Epoch 0084 [Test seq (cond on sampled tp)] | Loss 10845.905273 | Likelihood -10852.312500 | KL fp 3.5742 | FP STD 0.0449|
KL coef: 0.524659957994293
Train loss (one batch): 8815.6728515625
Train CE loss (one batch): 0.0
Test MSE: 0.0217
Poisson likelihood: 0.0
CE loss: 0.0
Experiment 20533
Epoch 0085 [Test seq (cond on sampled tp)] | Loss 10642.807617 | Likelihood -10659.851562 | KL fp 3.6457 | FP STD 0.0412|
KL coef: 0.5294133584143501
Train loss (one batch): 8972.7353515625
Train CE loss (one batch): 0.0
Test MSE: 0.0213
Poisson likelihood: 0.0
CE loss: 0.0
Experiment 20533
Epoch 0086 [Test seq (cond on sampled tp)] | Loss 10739.599609 | Likelihood -10770.211914 | KL fp 3.5976 | FP STD 0.0436|
KL coef: 0.5341192248302067
Train loss (one batch): 8390.0205078125
Train CE loss (one batch): 0.0
Test MSE: 0.0216
Poisson likelihood: 0.0
CE loss: 0.0
Experiment 20533
Epoch 0087 [Test seq (cond on sampled tp)] | Loss 10471.601562 | Likelihood -10564.727539 | KL fp 3.6337 | FP STD 0.0414|
KL coef: 0.5387780325819045
Train loss (one batch): 8578.314453125
Train CE loss (one batch): 0.0
Test MSE: 0.0211
Poisson likelihood: 0.0
CE loss: 0.0
Experiment 20533
Epoch 0088 [Test seq (cond on sampled tp)] | Loss 10141.041992 | Likelihood -10175.295898 | KL fp 3.6990 | FP STD 0.0396|
KL coef: 0.5433902522560855
Train loss (one batch): 8554.0341796875
Train CE loss (one batch): 0.0
Test MSE: 0.0204
Poisson likelihood: 0.0
CE loss: 0.0
Experiment 20533
Epoch 0089 [Test seq (cond on sampled tp)] | Loss 10441.828125 | Likelihood -10456.856445 | KL fp 3.6218 | FP STD 0.0421|
KL coef: 0.5479563497335247
Train loss (one batch): 8771.6240234375
Train CE loss (one batch): 0.0
Test MSE: 0.0209
Poisson likelihood: 0.0
CE loss: 0.0
Experiment 20533
Epoch 0090 [Test seq (cond on sampled tp)] | Loss 10268.036133 | Likelihood -10291.358398 | KL fp 3.6360 | FP STD 0.0415|
KL coef: 0.5524767862361895
Train loss (one batch): 8431.27734375
Train CE loss (one batch): 0.0
Test MSE: 0.0206
Poisson likelihood: 0.0
CE loss: 0.0
Experiment 20533
Epoch 0091 [Test seq (cond on sampled tp)] | Loss 10182.252930 | Likelihood -10224.397461 | KL fp 3.6610 | FP STD 0.0404|
KL coef: 0.5569520183738275
Train loss (one batch): 8452.1337890625
Train CE loss (one batch): 0.0
Test MSE: 0.0205
Poisson likelihood: 0.0
CE loss: 0.0
Experiment 20533
Epoch 0092 [Test seq (cond on sampled tp)] | Loss 10231.205078 | Likelihood -10255.119141 | KL fp 3.6768 | FP STD 0.0403|
KL coef: 0.5613824981900892
Train loss (one batch): 8653.291015625
Train CE loss (one batch): 0.0
Test MSE: 0.0205
Poisson likelihood: 0.0
CE loss: 0.0
Experiment 20533
Epoch 0093 [Test seq (cond on sampled tp)] | Loss 10295.945312 | Likelihood -10349.981445 | KL fp 3.6274 | FP STD 0.0412|
KL coef: 0.5657686732081884
Train loss (one batch): 9066.419921875
Train CE loss (one batch): 0.0
Test MSE: 0.0207
Poisson likelihood: 0.0
CE loss: 0.0
Experiment 20533
Epoch 0094 [Test seq (cond on sampled tp)] | Loss 10438.636719 | Likelihood -10444.873047 | KL fp 3.6461 | FP STD 0.0407|
KL coef: 0.5701109864761065
Train loss (one batch): 8643.9482421875
Train CE loss (one batch): 0.0
Test MSE: 0.0209
Poisson likelihood: 0.0
CE loss: 0.0
Experiment 20533
Epoch 0095 [Test seq (cond on sampled tp)] | Loss 10141.177734 | Likelihood -10174.860352 | KL fp 3.6561 | FP STD 0.0403|
KL coef: 0.5744098766113455
Train loss (one batch): 8778.1611328125
Train CE loss (one batch): 0.0
Test MSE: 0.0204
Poisson likelihood: 0.0
CE loss: 0.0
Experiment 20533
Epoch 0096 [Test seq (cond on sampled tp)] | Loss 10460.616211 | Likelihood -10459.946289 | KL fp 3.6644 | FP STD 0.0405|
KL coef: 0.578665777845232
Train loss (one batch): 8591.0078125
Train CE loss (one batch): 0.0
Test MSE: 0.0209
Poisson likelihood: 0.0
CE loss: 0.0
Experiment 20533
Epoch 0097 [Test seq (cond on sampled tp)] | Loss 10021.832031 | Likelihood -10062.561523 | KL fp 3.6685 | FP STD 0.0397|
KL coef: 0.5828791200667797
Train loss (one batch): 8526.2802734375
Train CE loss (one batch): 0.0
Test MSE: 0.0201
Poisson likelihood: 0.0
CE loss: 0.0
Experiment 20533
Epoch 0098 [Test seq (cond on sampled tp)] | Loss 10057.858398 | Likelihood -10105.389648 | KL fp 3.7301 | FP STD 0.0380|
KL coef: 0.5870503288661119
Train loss (one batch): 8200.462890625
Train CE loss (one batch): 0.0
Test MSE: 0.0202
Poisson likelihood: 0.0
CE loss: 0.0
Experiment 20533
Epoch 0099 [Test seq (cond on sampled tp)] | Loss 10062.214844 | Likelihood -10100.945312 | KL fp 3.7217 | FP STD 0.0376|
KL coef: 0.5911798255774507
Train loss (one batch): 8421.076171875
Train CE loss (one batch): 0.0
Test MSE: 0.0202
Poisson likelihood: 0.0
CE loss: 0.0
Experiment 20533
Epoch 0100 [Test seq (cond on sampled tp)] | Loss 9978.006836 | Likelihood -10011.914062 | KL fp 3.7335 | FP STD 0.0375|
KL coef: 0.5952680273216762
Train loss (one batch): 8407.6708984375
Train CE loss (one batch): 0.0
Test MSE: 0.0200
Poisson likelihood: 0.0
CE loss: 0.0
