/Users/deyiliu/Dropbox/UNC/G4/Spring/790/code/latent_ode-master/run_models.py
run_models.py --niters 100 -n 1000 -l 15 --dataset hopper --latent-ode --z0-encoder rnn -r 1994 -s 0.5
Experiment 54281
Epoch 0001 [Test seq (cond on sampled tp)] | Loss 55454.843750 | Likelihood -55607.238281 | KL fp 2.6078 | FP STD 0.1379|
KL coef: 0.0
Train loss (one batch): 60514.375
Train CE loss (one batch): 0.0
Test MSE: 0.1112
Poisson likelihood: 0.0
CE loss: 0.0
Experiment 54281
Epoch 0002 [Test seq (cond on sampled tp)] | Loss 32145.605469 | Likelihood -32294.677734 | KL fp 3.4276 | FP STD 0.0640|
KL coef: 0.0
Train loss (one batch): 30698.10546875
Train CE loss (one batch): 0.0
Test MSE: 0.0646
Poisson likelihood: 0.0
CE loss: 0.0
Experiment 54281
Epoch 0003 [Test seq (cond on sampled tp)] | Loss 28391.636719 | Likelihood -28414.521484 | KL fp 3.5441 | FP STD 0.0623|
KL coef: 0.0
Train loss (one batch): 27977.330078125
Train CE loss (one batch): 0.0
Test MSE: 0.0568
Poisson likelihood: 0.0
CE loss: 0.0
Experiment 54281
Epoch 0004 [Test seq (cond on sampled tp)] | Loss 27769.697266 | Likelihood -28016.083984 | KL fp 3.5852 | FP STD 0.0583|
KL coef: 0.0
Train loss (one batch): 27184.10546875
Train CE loss (one batch): 0.0
Test MSE: 0.0560
Poisson likelihood: 0.0
CE loss: 0.0
Experiment 54281
Epoch 0005 [Test seq (cond on sampled tp)] | Loss 27526.529297 | Likelihood -27693.333984 | KL fp 3.8864 | FP STD 0.0458|
KL coef: 0.0
Train loss (one batch): 26956.04296875
Train CE loss (one batch): 0.0
Test MSE: 0.0554
Poisson likelihood: 0.0
CE loss: 0.0
Experiment 54281
Epoch 0006 [Test seq (cond on sampled tp)] | Loss 27677.710938 | Likelihood -27712.841797 | KL fp 4.0661 | FP STD 0.0404|
KL coef: 0.0
Train loss (one batch): 26841.41015625
Train CE loss (one batch): 0.0
Test MSE: 0.0554
Poisson likelihood: 0.0
CE loss: 0.0
Experiment 54281
Epoch 0007 [Test seq (cond on sampled tp)] | Loss 27485.613281 | Likelihood -27553.529297 | KL fp 3.7545 | FP STD 0.0485|
KL coef: 0.0
Train loss (one batch): 26639.91015625
Train CE loss (one batch): 0.0
Test MSE: 0.0551
Poisson likelihood: 0.0
CE loss: 0.0
Experiment 54281
Epoch 0008 [Test seq (cond on sampled tp)] | Loss 27628.437500 | Likelihood -27785.255859 | KL fp 3.7009 | FP STD 0.0534|
KL coef: 0.0
Train loss (one batch): 26833.21484375
Train CE loss (one batch): 0.0
Test MSE: 0.0556
Poisson likelihood: 0.0
CE loss: 0.0
Experiment 54281
Epoch 0009 [Test seq (cond on sampled tp)] | Loss 27154.744141 | Likelihood -27202.492188 | KL fp 4.1132 | FP STD 0.0305|
KL coef: 0.0
Train loss (one batch): 26779.072265625
Train CE loss (one batch): 0.0
Test MSE: 0.0544
Poisson likelihood: 0.0
CE loss: 0.0
Experiment 54281
Epoch 0010 [Test seq (cond on sampled tp)] | Loss 27135.414062 | Likelihood -27241.341797 | KL fp 3.9521 | FP STD 0.0405|
KL coef: 0.0
Train loss (one batch): 26610.11328125
Train CE loss (one batch): 0.0
Test MSE: 0.0545
Poisson likelihood: 0.0
CE loss: 0.0
Experiment 54281
Epoch 0011 [Test seq (cond on sampled tp)] | Loss 27215.648438 | Likelihood -27304.068359 | KL fp 3.4883 | FP STD 0.0576|
KL coef: 0.010000000000000009
Train loss (one batch): 26340.7578125
Train CE loss (one batch): 0.0
Test MSE: 0.0546
Poisson likelihood: 0.0
CE loss: 0.0
Experiment 54281
Epoch 0012 [Test seq (cond on sampled tp)] | Loss 26837.710938 | Likelihood -26903.521484 | KL fp 4.2025 | FP STD 0.0379|
KL coef: 0.01990000000000003
Train loss (one batch): 26138.828125
Train CE loss (one batch): 0.0
Test MSE: 0.0538
Poisson likelihood: 0.0
CE loss: 0.0
Experiment 54281
Epoch 0013 [Test seq (cond on sampled tp)] | Loss 26265.455078 | Likelihood -26362.619141 | KL fp 3.6359 | FP STD 0.0509|
KL coef: 0.029700999999999977
Train loss (one batch): 25737.1171875
Train CE loss (one batch): 0.0
Test MSE: 0.0527
Poisson likelihood: 0.0
CE loss: 0.0
Experiment 54281
Epoch 0014 [Test seq (cond on sampled tp)] | Loss 25309.068359 | Likelihood -25346.171875 | KL fp 3.5697 | FP STD 0.0571|
KL coef: 0.039403990000000055
Train loss (one batch): 24893.25
Train CE loss (one batch): 0.0
Test MSE: 0.0507
Poisson likelihood: 0.0
CE loss: 0.0
Experiment 54281
Epoch 0015 [Test seq (cond on sampled tp)] | Loss 23496.740234 | Likelihood -23533.416016 | KL fp 3.7519 | FP STD 0.0468|
KL coef: 0.04900995010000009
Train loss (one batch): 23667.119140625
Train CE loss (one batch): 0.0
Test MSE: 0.0471
Poisson likelihood: 0.0
CE loss: 0.0
Experiment 54281
Epoch 0016 [Test seq (cond on sampled tp)] | Loss 21987.521484 | Likelihood -22101.166016 | KL fp 3.7194 | FP STD 0.0452|
KL coef: 0.058519850599
Train loss (one batch): 21997.828125
Train CE loss (one batch): 0.0
Test MSE: 0.0442
Poisson likelihood: 0.0
CE loss: 0.0
Experiment 54281
Epoch 0017 [Test seq (cond on sampled tp)] | Loss 21267.556641 | Likelihood -21283.519531 | KL fp 3.9272 | FP STD 0.0412|
KL coef: 0.06793465209301008
Train loss (one batch): 21457.11328125
Train CE loss (one batch): 0.0
Test MSE: 0.0426
Poisson likelihood: 0.0
CE loss: 0.0
Experiment 54281
Epoch 0018 [Test seq (cond on sampled tp)] | Loss 20615.228516 | Likelihood -20642.320312 | KL fp 4.3523 | FP STD 0.0286|
KL coef: 0.07725530557207994
Train loss (one batch): 20791.962890625
Train CE loss (one batch): 0.0
Test MSE: 0.0413
Poisson likelihood: 0.0
CE loss: 0.0
Experiment 54281
Epoch 0019 [Test seq (cond on sampled tp)] | Loss 20327.523438 | Likelihood -20415.277344 | KL fp 3.8247 | FP STD 0.0389|
KL coef: 0.08648275251635917
Train loss (one batch): 20540.95703125
Train CE loss (one batch): 0.0
Test MSE: 0.0408
Poisson likelihood: 0.0
CE loss: 0.0
Experiment 54281
Epoch 0020 [Test seq (cond on sampled tp)] | Loss 20155.302734 | Likelihood -20223.400391 | KL fp 4.1981 | FP STD 0.0323|
KL coef: 0.09561792499119559
Train loss (one batch): 20527.537109375
Train CE loss (one batch): 0.0
Test MSE: 0.0405
Poisson likelihood: 0.0
CE loss: 0.0
Experiment 54281
Epoch 0021 [Test seq (cond on sampled tp)] | Loss 19967.183594 | Likelihood -20004.439453 | KL fp 4.2689 | FP STD 0.0292|
KL coef: 0.10466174574128362
Train loss (one batch): 20253.53515625
Train CE loss (one batch): 0.0
Test MSE: 0.0400
Poisson likelihood: 0.0
CE loss: 0.0
Experiment 54281
Epoch 0022 [Test seq (cond on sampled tp)] | Loss 19933.583984 | Likelihood -19960.205078 | KL fp 3.9937 | FP STD 0.0373|
KL coef: 0.11361512828387077
Train loss (one batch): 20287.02734375
Train CE loss (one batch): 0.0
Test MSE: 0.0399
Poisson likelihood: 0.0
CE loss: 0.0
Experiment 54281
Epoch 0023 [Test seq (cond on sampled tp)] | Loss 19777.152344 | Likelihood -19829.404297 | KL fp 4.1305 | FP STD 0.0325|
KL coef: 0.12247897700103216
Train loss (one batch): 20037.1796875
Train CE loss (one batch): 0.0
Test MSE: 0.0397
Poisson likelihood: 0.0
CE loss: 0.0
Experiment 54281
Epoch 0024 [Test seq (cond on sampled tp)] | Loss 19527.388672 | Likelihood -19550.595703 | KL fp 4.3108 | FP STD 0.0277|
KL coef: 0.13125418723102178
Train loss (one batch): 19773.173828125
Train CE loss (one batch): 0.0
Test MSE: 0.0391
Poisson likelihood: 0.0
CE loss: 0.0
Experiment 54281
Epoch 0025 [Test seq (cond on sampled tp)] | Loss 19393.552734 | Likelihood -19507.201172 | KL fp 4.2509 | FP STD 0.0323|
KL coef: 0.13994164535871156
Train loss (one batch): 19649.66015625
Train CE loss (one batch): 0.0
Test MSE: 0.0390
Poisson likelihood: 0.0
CE loss: 0.0
Experiment 54281
Epoch 0026 [Test seq (cond on sampled tp)] | Loss 19302.757812 | Likelihood -19344.333984 | KL fp 4.2114 | FP STD 0.0317|
KL coef: 0.14854222890512447
Train loss (one batch): 19575.796875
Train CE loss (one batch): 0.0
Test MSE: 0.0387
Poisson likelihood: 0.0
CE loss: 0.0
Experiment 54281
Epoch 0027 [Test seq (cond on sampled tp)] | Loss 19198.259766 | Likelihood -19231.533203 | KL fp 4.4228 | FP STD 0.0260|
KL coef: 0.15705680661607324
Train loss (one batch): 19345.458984375
Train CE loss (one batch): 0.0
Test MSE: 0.0385
Poisson likelihood: 0.0
CE loss: 0.0
Experiment 54281
Epoch 0028 [Test seq (cond on sampled tp)] | Loss 19126.794922 | Likelihood -19160.326172 | KL fp 4.0815 | FP STD 0.0328|
KL coef: 0.1654862385499125
Train loss (one batch): 19214.431640625
Train CE loss (one batch): 0.0
Test MSE: 0.0383
Poisson likelihood: 0.0
CE loss: 0.0
Experiment 54281
Epoch 0029 [Test seq (cond on sampled tp)] | Loss 19049.505859 | Likelihood -19093.064453 | KL fp 4.0767 | FP STD 0.0346|
KL coef: 0.17383137616441335
Train loss (one batch): 18891.21875
Train CE loss (one batch): 0.0
Test MSE: 0.0382
Poisson likelihood: 0.0
CE loss: 0.0
Experiment 54281
Epoch 0030 [Test seq (cond on sampled tp)] | Loss 18932.140625 | Likelihood -18933.007812 | KL fp 4.1225 | FP STD 0.0328|
KL coef: 0.18209306240276923
Train loss (one batch): 18974.03125
Train CE loss (one batch): 0.0
Test MSE: 0.0379
Poisson likelihood: 0.0
CE loss: 0.0
Experiment 54281
Epoch 0031 [Test seq (cond on sampled tp)] | Loss 18692.250000 | Likelihood -18723.921875 | KL fp 4.3032 | FP STD 0.0318|
KL coef: 0.19027213177874158
Train loss (one batch): 18756.369140625
Train CE loss (one batch): 0.0
Test MSE: 0.0375
Poisson likelihood: 0.0
CE loss: 0.0
Experiment 54281
Epoch 0032 [Test seq (cond on sampled tp)] | Loss 18544.015625 | Likelihood -18582.224609 | KL fp 4.2893 | FP STD 0.0303|
KL coef: 0.19836941046095413
Train loss (one batch): 18700.376953125
Train CE loss (one batch): 0.0
Test MSE: 0.0372
Poisson likelihood: 0.0
CE loss: 0.0
Experiment 54281
Epoch 0033 [Test seq (cond on sampled tp)] | Loss 18358.085938 | Likelihood -18377.271484 | KL fp 4.0579 | FP STD 0.0345|
KL coef: 0.20638571635634462
Train loss (one batch): 18361.79296875
Train CE loss (one batch): 0.0
Test MSE: 0.0368
Poisson likelihood: 0.0
CE loss: 0.0
Experiment 54281
Epoch 0034 [Test seq (cond on sampled tp)] | Loss 18115.664062 | Likelihood -18177.750000 | KL fp 3.9560 | FP STD 0.0412|
KL coef: 0.21432185919278124
Train loss (one batch): 17982.81640625
Train CE loss (one batch): 0.0
Test MSE: 0.0364
Poisson likelihood: 0.0
CE loss: 0.0
Experiment 54281
Epoch 0035 [Test seq (cond on sampled tp)] | Loss 17726.582031 | Likelihood -17762.732422 | KL fp 4.0640 | FP STD 0.0346|
KL coef: 0.22217864060085335
Train loss (one batch): 17677.853515625
Train CE loss (one batch): 0.0
Test MSE: 0.0355
Poisson likelihood: 0.0
CE loss: 0.0
Experiment 54281
Epoch 0036 [Test seq (cond on sampled tp)] | Loss 17344.066406 | Likelihood -17393.343750 | KL fp 3.9897 | FP STD 0.0347|
KL coef: 0.2299568541948449
Train loss (one batch): 17165.869140625
Train CE loss (one batch): 0.0
Test MSE: 0.0348
Poisson likelihood: 0.0
CE loss: 0.0
Experiment 54281
Epoch 0037 [Test seq (cond on sampled tp)] | Loss 17013.478516 | Likelihood -17035.355469 | KL fp 4.4932 | FP STD 0.0255|
KL coef: 0.23765728565289646
Train loss (one batch): 16954.412109375
Train CE loss (one batch): 0.0
Test MSE: 0.0341
Poisson likelihood: 0.0
CE loss: 0.0
Experiment 54281
Epoch 0038 [Test seq (cond on sampled tp)] | Loss 16742.312500 | Likelihood -16763.519531 | KL fp 4.2851 | FP STD 0.0288|
KL coef: 0.24528071279636743
Train loss (one batch): 16728.95703125
Train CE loss (one batch): 0.0
Test MSE: 0.0335
Poisson likelihood: 0.0
CE loss: 0.0
Experiment 54281
Epoch 0039 [Test seq (cond on sampled tp)] | Loss 16609.929688 | Likelihood -16648.841797 | KL fp 4.2035 | FP STD 0.0296|
KL coef: 0.25282790566840385
Train loss (one batch): 16550.36328125
Train CE loss (one batch): 0.0
Test MSE: 0.0333
Poisson likelihood: 0.0
CE loss: 0.0
Experiment 54281
Epoch 0040 [Test seq (cond on sampled tp)] | Loss 16433.912109 | Likelihood -16455.716797 | KL fp 4.6136 | FP STD 0.0218|
KL coef: 0.2602996266117198
Train loss (one batch): 16362.0263671875
Train CE loss (one batch): 0.0
Test MSE: 0.0329
Poisson likelihood: 0.0
CE loss: 0.0
Experiment 54281
Epoch 0041 [Test seq (cond on sampled tp)] | Loss 16253.720703 | Likelihood -16270.754883 | KL fp 4.5389 | FP STD 0.0218|
KL coef: 0.26769663034560254
Train loss (one batch): 16257.318359375
Train CE loss (one batch): 0.0
Test MSE: 0.0326
Poisson likelihood: 0.0
CE loss: 0.0
Experiment 54281
Epoch 0042 [Test seq (cond on sampled tp)] | Loss 16155.072266 | Likelihood -16217.710938 | KL fp 4.1454 | FP STD 0.0301|
KL coef: 0.2750196640421466
Train loss (one batch): 16053.73046875
Train CE loss (one batch): 0.0
Test MSE: 0.0324
Poisson likelihood: 0.0
CE loss: 0.0
Experiment 54281
Epoch 0043 [Test seq (cond on sampled tp)] | Loss 16012.005859 | Likelihood -16020.688477 | KL fp 4.4482 | FP STD 0.0231|
KL coef: 0.2822694674017251
Train loss (one batch): 16039.958984375
Train CE loss (one batch): 0.0
Test MSE: 0.0321
Poisson likelihood: 0.0
CE loss: 0.0
Experiment 54281
Epoch 0044 [Test seq (cond on sampled tp)] | Loss 15798.204102 | Likelihood -15821.817383 | KL fp 4.4202 | FP STD 0.0245|
KL coef: 0.2894467727277079
Train loss (one batch): 15879.3701171875
Train CE loss (one batch): 0.0
Test MSE: 0.0317
Poisson likelihood: 0.0
CE loss: 0.0
Experiment 54281
Epoch 0045 [Test seq (cond on sampled tp)] | Loss 15693.313477 | Likelihood -15710.252930 | KL fp 4.4567 | FP STD 0.0230|
KL coef: 0.29655230500043084
Train loss (one batch): 15751.9287109375
Train CE loss (one batch): 0.0
Test MSE: 0.0314
Poisson likelihood: 0.0
CE loss: 0.0
Experiment 54281
Epoch 0046 [Test seq (cond on sampled tp)] | Loss 15584.564453 | Likelihood -15624.789062 | KL fp 4.2017 | FP STD 0.0300|
KL coef: 0.30358678195042654
Train loss (one batch): 15561.8173828125
Train CE loss (one batch): 0.0
Test MSE: 0.0313
Poisson likelihood: 0.0
CE loss: 0.0
Experiment 54281
Epoch 0047 [Test seq (cond on sampled tp)] | Loss 15331.382812 | Likelihood -15335.584961 | KL fp 4.2699 | FP STD 0.0270|
KL coef: 0.3105509141309223
Train loss (one batch): 15526.0986328125
Train CE loss (one batch): 0.0
Test MSE: 0.0307
Poisson likelihood: 0.0
CE loss: 0.0
Experiment 54281
Epoch 0048 [Test seq (cond on sampled tp)] | Loss 15096.326172 | Likelihood -15110.415039 | KL fp 4.3619 | FP STD 0.0263|
KL coef: 0.31744540498961304
Train loss (one batch): 15332.4462890625
Train CE loss (one batch): 0.0
Test MSE: 0.0302
Poisson likelihood: 0.0
CE loss: 0.0
Experiment 54281
Epoch 0049 [Test seq (cond on sampled tp)] | Loss 14829.449219 | Likelihood -14871.823242 | KL fp 4.1650 | FP STD 0.0297|
KL coef: 0.3242709509397169
Train loss (one batch): 15083.83203125
Train CE loss (one batch): 0.0
Test MSE: 0.0298
Poisson likelihood: 0.0
CE loss: 0.0
Experiment 54281
Epoch 0050 [Test seq (cond on sampled tp)] | Loss 14552.215820 | Likelihood -14565.856445 | KL fp 4.3057 | FP STD 0.0303|
KL coef: 0.3310282414303197
Train loss (one batch): 14793.4912109375
Train CE loss (one batch): 0.0
Test MSE: 0.0291
Poisson likelihood: 0.0
CE loss: 0.0
Experiment 54281
Epoch 0051 [Test seq (cond on sampled tp)] | Loss 14136.448242 | Likelihood -14197.812500 | KL fp 4.0019 | FP STD 0.0348|
KL coef: 0.33771795901601653
Train loss (one batch): 14558.4443359375
Train CE loss (one batch): 0.0
Test MSE: 0.0284
Poisson likelihood: 0.0
CE loss: 0.0
Experiment 54281
Epoch 0052 [Test seq (cond on sampled tp)] | Loss 13745.991211 | Likelihood -13778.437500 | KL fp 4.2239 | FP STD 0.0293|
KL coef: 0.3443407794258564
Train loss (one batch): 14039.4326171875
Train CE loss (one batch): 0.0
Test MSE: 0.0276
Poisson likelihood: 0.0
CE loss: 0.0
Experiment 54281
Epoch 0053 [Test seq (cond on sampled tp)] | Loss 13420.369141 | Likelihood -13433.190430 | KL fp 4.2822 | FP STD 0.0280|
KL coef: 0.35089737163159784
Train loss (one batch): 13627.5146484375
Train CE loss (one batch): 0.0
Test MSE: 0.0269
Poisson likelihood: 0.0
CE loss: 0.0
Experiment 54281
Epoch 0054 [Test seq (cond on sampled tp)] | Loss 13157.129883 | Likelihood -13164.874023 | KL fp 4.3774 | FP STD 0.0254|
KL coef: 0.3573883979152819
Train loss (one batch): 13369.671875
Train CE loss (one batch): 0.0
Test MSE: 0.0263
Poisson likelihood: 0.0
CE loss: 0.0
Experiment 54281
Epoch 0055 [Test seq (cond on sampled tp)] | Loss 12921.748047 | Likelihood -12934.627930 | KL fp 4.6500 | FP STD 0.0205|
KL coef: 0.36381451393612907
Train loss (one batch): 13112.84765625
Train CE loss (one batch): 0.0
Test MSE: 0.0259
Poisson likelihood: 0.0
CE loss: 0.0
Experiment 54281
Epoch 0056 [Test seq (cond on sampled tp)] | Loss 12739.781250 | Likelihood -12766.948242 | KL fp 4.5270 | FP STD 0.0211|
KL coef: 0.37017636879676774
Train loss (one batch): 12982.4072265625
Train CE loss (one batch): 0.0
Test MSE: 0.0255
Poisson likelihood: 0.0
CE loss: 0.0
Experiment 54281
Epoch 0057 [Test seq (cond on sampled tp)] | Loss 12605.032227 | Likelihood -12634.965820 | KL fp 4.4218 | FP STD 0.0232|
KL coef: 0.37647460510880004
Train loss (one batch): 12786.08203125
Train CE loss (one batch): 0.0
Test MSE: 0.0253
Poisson likelihood: 0.0
CE loss: 0.0
Experiment 54281
Epoch 0058 [Test seq (cond on sampled tp)] | Loss 12521.298828 | Likelihood -12536.691406 | KL fp 4.5284 | FP STD 0.0225|
KL coef: 0.38270985905771204
Train loss (one batch): 12672.8916015625
Train CE loss (one batch): 0.0
Test MSE: 0.0251
Poisson likelihood: 0.0
CE loss: 0.0
Experiment 54281
Epoch 0059 [Test seq (cond on sampled tp)] | Loss 12401.273438 | Likelihood -12409.465820 | KL fp 4.5761 | FP STD 0.0203|
KL coef: 0.388882760467135
Train loss (one batch): 12619.259765625
Train CE loss (one batch): 0.0
Test MSE: 0.0248
Poisson likelihood: 0.0
CE loss: 0.0
Experiment 54281
Epoch 0060 [Test seq (cond on sampled tp)] | Loss 12288.419922 | Likelihood -12306.081055 | KL fp 4.6492 | FP STD 0.0200|
KL coef: 0.39499393286246365
Train loss (one batch): 12426.509765625
Train CE loss (one batch): 0.0
Test MSE: 0.0246
Poisson likelihood: 0.0
CE loss: 0.0
Experiment 54281
Epoch 0061 [Test seq (cond on sampled tp)] | Loss 12215.528320 | Likelihood -12229.093750 | KL fp 4.4975 | FP STD 0.0213|
KL coef: 0.401043993533839
Train loss (one batch): 12349.0439453125
Train CE loss (one batch): 0.0
Test MSE: 0.0245
Poisson likelihood: 0.0
CE loss: 0.0
Experiment 54281
Epoch 0062 [Test seq (cond on sampled tp)] | Loss 12138.717773 | Likelihood -12166.882812 | KL fp 4.6891 | FP STD 0.0188|
KL coef: 0.4070335535985006
Train loss (one batch): 12332.568359375
Train CE loss (one batch): 0.0
Test MSE: 0.0243
Poisson likelihood: 0.0
CE loss: 0.0
Experiment 54281
Epoch 0063 [Test seq (cond on sampled tp)] | Loss 12096.782227 | Likelihood -12123.891602 | KL fp 4.5191 | FP STD 0.0222|
KL coef: 0.41296321806251557
Train loss (one batch): 12174.2998046875
Train CE loss (one batch): 0.0
Test MSE: 0.0243
Poisson likelihood: 0.0
CE loss: 0.0
Experiment 54281
Epoch 0064 [Test seq (cond on sampled tp)] | Loss 11953.927734 | Likelihood -11961.961914 | KL fp 4.6636 | FP STD 0.0184|
KL coef: 0.41883358588189046
Train loss (one batch): 12020.279296875
Train CE loss (one batch): 0.0
Test MSE: 0.0239
Poisson likelihood: 0.0
CE loss: 0.0
Experiment 54281
Epoch 0065 [Test seq (cond on sampled tp)] | Loss 11898.545898 | Likelihood -11906.612305 | KL fp 4.4410 | FP STD 0.0229|
KL coef: 0.4246452500230715
Train loss (one batch): 12001.455078125
Train CE loss (one batch): 0.0
Test MSE: 0.0238
Poisson likelihood: 0.0
CE loss: 0.0
Experiment 54281
Epoch 0066 [Test seq (cond on sampled tp)] | Loss 11793.791992 | Likelihood -11806.315430 | KL fp 4.6307 | FP STD 0.0200|
KL coef: 0.4303987975228408
Train loss (one batch): 11830.8486328125
Train CE loss (one batch): 0.0
Test MSE: 0.0236
Poisson likelihood: 0.0
CE loss: 0.0
Experiment 54281
Epoch 0067 [Test seq (cond on sampled tp)] | Loss 11747.425781 | Likelihood -11751.024414 | KL fp 4.7501 | FP STD 0.0180|
KL coef: 0.4360948095476125
Train loss (one batch): 11765.474609375
Train CE loss (one batch): 0.0
Test MSE: 0.0235
Poisson likelihood: 0.0
CE loss: 0.0
Experiment 54281
Epoch 0068 [Test seq (cond on sampled tp)] | Loss 11630.945312 | Likelihood -11650.574219 | KL fp 4.8088 | FP STD 0.0171|
KL coef: 0.44173386145213633
Train loss (one batch): 11702.541015625
Train CE loss (one batch): 0.0
Test MSE: 0.0233
Poisson likelihood: 0.0
CE loss: 0.0
Experiment 54281
Epoch 0069 [Test seq (cond on sampled tp)] | Loss 11548.287109 | Likelihood -11573.766602 | KL fp 4.4921 | FP STD 0.0222|
KL coef: 0.4473165228376149
Train loss (one batch): 11542.4970703125
Train CE loss (one batch): 0.0
Test MSE: 0.0232
Poisson likelihood: 0.0
CE loss: 0.0
Experiment 54281
Epoch 0070 [Test seq (cond on sampled tp)] | Loss 11466.293945 | Likelihood -11507.497070 | KL fp 4.5898 | FP STD 0.0207|
KL coef: 0.4528433576092388
Train loss (one batch): 11529.732421875
Train CE loss (one batch): 0.0
Test MSE: 0.0230
Poisson likelihood: 0.0
CE loss: 0.0
Experiment 54281
Epoch 0071 [Test seq (cond on sampled tp)] | Loss 11380.130859 | Likelihood -11396.378906 | KL fp 4.6076 | FP STD 0.0190|
KL coef: 0.45831492403314644
Train loss (one batch): 11400.4521484375
Train CE loss (one batch): 0.0
Test MSE: 0.0228
Poisson likelihood: 0.0
CE loss: 0.0
Experiment 54281
Epoch 0072 [Test seq (cond on sampled tp)] | Loss 11423.872070 | Likelihood -11431.746094 | KL fp 4.4639 | FP STD 0.0257|
KL coef: 0.463731774792815
Train loss (one batch): 11384.1533203125
Train CE loss (one batch): 0.0
Test MSE: 0.0229
Poisson likelihood: 0.0
CE loss: 0.0
Experiment 54281
Epoch 0073 [Test seq (cond on sampled tp)] | Loss 11276.300781 | Likelihood -11296.667969 | KL fp 4.7207 | FP STD 0.0222|
KL coef: 0.46909445704488684
Train loss (one batch): 11334.5341796875
Train CE loss (one batch): 0.0
Test MSE: 0.0226
Poisson likelihood: 0.0
CE loss: 0.0
Experiment 54281
Epoch 0074 [Test seq (cond on sampled tp)] | Loss 11138.299805 | Likelihood -11172.647461 | KL fp 4.8546 | FP STD 0.0180|
KL coef: 0.474403512474438
Train loss (one batch): 11239.8564453125
Train CE loss (one batch): 0.0
Test MSE: 0.0224
Poisson likelihood: 0.0
CE loss: 0.0
Experiment 54281
Epoch 0075 [Test seq (cond on sampled tp)] | Loss 11112.996094 | Likelihood -11126.575195 | KL fp 4.8106 | FP STD 0.0160|
KL coef: 0.4796594773496936
Train loss (one batch): 11120.849609375
Train CE loss (one batch): 0.0
Test MSE: 0.0223
Poisson likelihood: 0.0
CE loss: 0.0
Experiment 54281
Epoch 0076 [Test seq (cond on sampled tp)] | Loss 11042.699219 | Likelihood -11058.398438 | KL fp 4.8602 | FP STD 0.0156|
KL coef: 0.4848628825761967
Train loss (one batch): 11134.8193359375
Train CE loss (one batch): 0.0
Test MSE: 0.0221
Poisson likelihood: 0.0
CE loss: 0.0
Experiment 54281
Epoch 0077 [Test seq (cond on sampled tp)] | Loss 10973.560547 | Likelihood -11000.980469 | KL fp 4.7973 | FP STD 0.0175|
KL coef: 0.4900142537504347
Train loss (one batch): 11128.7255859375
Train CE loss (one batch): 0.0
Test MSE: 0.0220
Poisson likelihood: 0.0
CE loss: 0.0
Experiment 54281
Epoch 0078 [Test seq (cond on sampled tp)] | Loss 10940.709961 | Likelihood -10956.148438 | KL fp 4.5022 | FP STD 0.0217|
KL coef: 0.49511411121293036
Train loss (one batch): 10945.6728515625
Train CE loss (one batch): 0.0
Test MSE: 0.0219
Poisson likelihood: 0.0
CE loss: 0.0
Experiment 54281
Epoch 0079 [Test seq (cond on sampled tp)] | Loss 10865.770508 | Likelihood -10893.655273 | KL fp 4.5940 | FP STD 0.0188|
KL coef: 0.500162970100801
Train loss (one batch): 10925.955078125
Train CE loss (one batch): 0.0
Test MSE: 0.0218
Poisson likelihood: 0.0
CE loss: 0.0
Experiment 54281
Epoch 0080 [Test seq (cond on sampled tp)] | Loss 10828.311523 | Likelihood -10843.356445 | KL fp 4.6649 | FP STD 0.0190|
KL coef: 0.505161340399793
Train loss (one batch): 10886.8486328125
Train CE loss (one batch): 0.0
Test MSE: 0.0217
Poisson likelihood: 0.0
CE loss: 0.0
Experiment 54281
Epoch 0081 [Test seq (cond on sampled tp)] | Loss 10773.721680 | Likelihood -10787.629883 | KL fp 4.7502 | FP STD 0.0175|
KL coef: 0.510109726995795
Train loss (one batch): 10787.13671875
Train CE loss (one batch): 0.0
Test MSE: 0.0216
Poisson likelihood: 0.0
CE loss: 0.0
Experiment 54281
Epoch 0082 [Test seq (cond on sampled tp)] | Loss 10698.139648 | Likelihood -10720.624023 | KL fp 4.6664 | FP STD 0.0188|
KL coef: 0.5150086297258372
Train loss (one batch): 10755.109375
Train CE loss (one batch): 0.0
Test MSE: 0.0215
Poisson likelihood: 0.0
CE loss: 0.0
Experiment 54281
Epoch 0083 [Test seq (cond on sampled tp)] | Loss 10647.058594 | Likelihood -10651.268555 | KL fp 4.8978 | FP STD 0.0152|
KL coef: 0.5198585434285787
Train loss (one batch): 10663.6318359375
Train CE loss (one batch): 0.0
Test MSE: 0.0213
Poisson likelihood: 0.0
CE loss: 0.0
Experiment 54281
Epoch 0084 [Test seq (cond on sampled tp)] | Loss 10580.485352 | Likelihood -10597.379883 | KL fp 4.6686 | FP STD 0.0198|
KL coef: 0.524659957994293
Train loss (one batch): 10677.591796875
Train CE loss (one batch): 0.0
Test MSE: 0.0212
Poisson likelihood: 0.0
CE loss: 0.0
Experiment 54281
Epoch 0085 [Test seq (cond on sampled tp)] | Loss 10513.327148 | Likelihood -10528.516602 | KL fp 4.8317 | FP STD 0.0172|
KL coef: 0.5294133584143501
Train loss (one batch): 10585.998046875
Train CE loss (one batch): 0.0
Test MSE: 0.0211
Poisson likelihood: 0.0
CE loss: 0.0
Experiment 54281
Epoch 0086 [Test seq (cond on sampled tp)] | Loss 10431.180664 | Likelihood -10453.682617 | KL fp 4.7838 | FP STD 0.0170|
KL coef: 0.5341192248302067
Train loss (one batch): 10536.189453125
Train CE loss (one batch): 0.0
Test MSE: 0.0209
Poisson likelihood: 0.0
CE loss: 0.0
Experiment 54281
Epoch 0087 [Test seq (cond on sampled tp)] | Loss 10406.074219 | Likelihood -10408.875000 | KL fp 4.5805 | FP STD 0.0209|
KL coef: 0.5387780325819045
Train loss (one batch): 10396.4130859375
Train CE loss (one batch): 0.0
Test MSE: 0.0208
Poisson likelihood: 0.0
CE loss: 0.0
Experiment 54281
Epoch 0088 [Test seq (cond on sampled tp)] | Loss 10291.974609 | Likelihood -10295.589844 | KL fp 4.7786 | FP STD 0.0169|
KL coef: 0.5433902522560855
Train loss (one batch): 10437.3447265625
Train CE loss (one batch): 0.0
Test MSE: 0.0206
Poisson likelihood: 0.0
CE loss: 0.0
Experiment 54281
Epoch 0089 [Test seq (cond on sampled tp)] | Loss 10260.257812 | Likelihood -10266.534180 | KL fp 4.7309 | FP STD 0.0177|
KL coef: 0.5479563497335247
Train loss (one batch): 10299.1533203125
Train CE loss (one batch): 0.0
Test MSE: 0.0205
Poisson likelihood: 0.0
CE loss: 0.0
Experiment 54281
Epoch 0090 [Test seq (cond on sampled tp)] | Loss 10174.679688 | Likelihood -10173.818359 | KL fp 4.9258 | FP STD 0.0154|
KL coef: 0.5524767862361895
Train loss (one batch): 10310.6435546875
Train CE loss (one batch): 0.0
Test MSE: 0.0204
Poisson likelihood: 0.0
CE loss: 0.0
Experiment 54281
Epoch 0091 [Test seq (cond on sampled tp)] | Loss 10110.203125 | Likelihood -10114.987305 | KL fp 4.7278 | FP STD 0.0176|
KL coef: 0.5569520183738275
Train loss (one batch): 10093.626953125
Train CE loss (one batch): 0.0
Test MSE: 0.0202
Poisson likelihood: 0.0
CE loss: 0.0
Experiment 54281
Epoch 0092 [Test seq (cond on sampled tp)] | Loss 10018.304688 | Likelihood -10038.671875 | KL fp 4.6757 | FP STD 0.0183|
KL coef: 0.5613824981900892
Train loss (one batch): 10139.125
Train CE loss (one batch): 0.0
Test MSE: 0.0201
Poisson likelihood: 0.0
CE loss: 0.0
Experiment 54281
Epoch 0093 [Test seq (cond on sampled tp)] | Loss 9933.676758 | Likelihood -9947.041992 | KL fp 4.9615 | FP STD 0.0143|
KL coef: 0.5657686732081884
Train loss (one batch): 10035.2783203125
Train CE loss (one batch): 0.0
Test MSE: 0.0199
Poisson likelihood: 0.0
CE loss: 0.0
Experiment 54281
Epoch 0094 [Test seq (cond on sampled tp)] | Loss 9856.351562 | Likelihood -9869.023438 | KL fp 4.7052 | FP STD 0.0187|
KL coef: 0.5701109864761065
Train loss (one batch): 9936.224609375
Train CE loss (one batch): 0.0
Test MSE: 0.0198
Poisson likelihood: 0.0
CE loss: 0.0
Experiment 54281
Epoch 0095 [Test seq (cond on sampled tp)] | Loss 9756.920898 | Likelihood -9764.094727 | KL fp 4.8911 | FP STD 0.0149|
KL coef: 0.5744098766113455
Train loss (one batch): 9783.0791015625
Train CE loss (one batch): 0.0
Test MSE: 0.0195
Poisson likelihood: 0.0
CE loss: 0.0
Experiment 54281
Epoch 0096 [Test seq (cond on sampled tp)] | Loss 9653.756836 | Likelihood -9661.056641 | KL fp 4.7514 | FP STD 0.0173|
KL coef: 0.578665777845232
Train loss (one batch): 9671.3662109375
Train CE loss (one batch): 0.0
Test MSE: 0.0193
Poisson likelihood: 0.0
CE loss: 0.0
Experiment 54281
Epoch 0097 [Test seq (cond on sampled tp)] | Loss 9599.795898 | Likelihood -9621.014648 | KL fp 4.5562 | FP STD 0.0224|
KL coef: 0.5828791200667797
Train loss (one batch): 9564.8916015625
Train CE loss (one batch): 0.0
Test MSE: 0.0193
Poisson likelihood: 0.0
CE loss: 0.0
Experiment 54281
Epoch 0098 [Test seq (cond on sampled tp)] | Loss 9452.795898 | Likelihood -9459.233398 | KL fp 4.9311 | FP STD 0.0144|
KL coef: 0.5870503288661119
Train loss (one batch): 9460.5673828125
Train CE loss (one batch): 0.0
Test MSE: 0.0189
Poisson likelihood: 0.0
CE loss: 0.0
Experiment 54281
Epoch 0099 [Test seq (cond on sampled tp)] | Loss 9380.786133 | Likelihood -9388.665039 | KL fp 5.0496 | FP STD 0.0137|
KL coef: 0.5911798255774507
Train loss (one batch): 9396.7734375
Train CE loss (one batch): 0.0
Test MSE: 0.0188
Poisson likelihood: 0.0
CE loss: 0.0
Experiment 54281
Epoch 0100 [Test seq (cond on sampled tp)] | Loss 9330.443359 | Likelihood -9337.774414 | KL fp 4.9270 | FP STD 0.0140|
KL coef: 0.5952680273216762
Train loss (one batch): 9340.1875
Train CE loss (one batch): 0.0
Test MSE: 0.0187
Poisson likelihood: 0.0
CE loss: 0.0
