/Users/deyiliu/Dropbox/UNC/G4/Spring/790/code/latent_ode-master/run_models.py
run_models.py --niters 300 -n 1000 -l 15 --dataset hopper --latent-ode --z0-encoder trans -r 222
Experiment 22402
Epoch 0001 [Test seq (cond on sampled tp)] | Loss 51829.824219 | Likelihood -52379.156250 | KL fp 2.3058 | FP STD 0.2529|
KL coef: 0.0
Train loss (one batch): 49798.421875
Train CE loss (one batch): 0.0
Test MSE: 0.1048
Poisson likelihood: 0.0
CE loss: 0.0
Experiment 22402
Epoch 0002 [Test seq (cond on sampled tp)] | Loss 33974.554688 | Likelihood -34176.492188 | KL fp 2.7694 | FP STD 0.1874|
KL coef: 0.0
Train loss (one batch): 34184.640625
Train CE loss (one batch): 0.0
Test MSE: 0.0684
Poisson likelihood: 0.0
CE loss: 0.0
Experiment 22402
Epoch 0003 [Test seq (cond on sampled tp)] | Loss 31185.328125 | Likelihood -31492.289062 | KL fp 2.8240 | FP STD 0.1591|
KL coef: 0.0
Train loss (one batch): 32731.240234375
Train CE loss (one batch): 0.0
Test MSE: 0.0630
Poisson likelihood: 0.0
CE loss: 0.0
Experiment 22402
Epoch 0004 [Test seq (cond on sampled tp)] | Loss 28917.500000 | Likelihood -29043.953125 | KL fp 2.8961 | FP STD 0.1476|
KL coef: 0.0
Train loss (one batch): 27853.345703125
Train CE loss (one batch): 0.0
Test MSE: 0.0581
Poisson likelihood: 0.0
CE loss: 0.0
Experiment 22402
Epoch 0005 [Test seq (cond on sampled tp)] | Loss 27553.250000 | Likelihood -27846.255859 | KL fp 2.9894 | FP STD 0.1419|
KL coef: 0.0
Train loss (one batch): 28907.470703125
Train CE loss (one batch): 0.0
Test MSE: 0.0557
Poisson likelihood: 0.0
CE loss: 0.0
Experiment 22402
Epoch 0006 [Test seq (cond on sampled tp)] | Loss 26592.154297 | Likelihood -26780.033203 | KL fp 3.0113 | FP STD 0.1378|
KL coef: 0.0
Train loss (one batch): 27352.9765625
Train CE loss (one batch): 0.0
Test MSE: 0.0536
Poisson likelihood: 0.0
CE loss: 0.0
Experiment 22402
Epoch 0007 [Test seq (cond on sampled tp)] | Loss 25567.091797 | Likelihood -25794.255859 | KL fp 2.9944 | FP STD 0.1355|
KL coef: 0.0
Train loss (one batch): 25130.306640625
Train CE loss (one batch): 0.0
Test MSE: 0.0516
Poisson likelihood: 0.0
CE loss: 0.0
Experiment 22402
Epoch 0008 [Test seq (cond on sampled tp)] | Loss 24359.292969 | Likelihood -24607.296875 | KL fp 3.0190 | FP STD 0.1365|
KL coef: 0.0
Train loss (one batch): 23693.32421875
Train CE loss (one batch): 0.0
Test MSE: 0.0492
Poisson likelihood: 0.0
CE loss: 0.0
Experiment 22402
Epoch 0009 [Test seq (cond on sampled tp)] | Loss 23822.455078 | Likelihood -24093.138672 | KL fp 2.9901 | FP STD 0.1349|
KL coef: 0.0
Train loss (one batch): 23556.318359375
Train CE loss (one batch): 0.0
Test MSE: 0.0482
Poisson likelihood: 0.0
CE loss: 0.0
Experiment 22402
Epoch 0010 [Test seq (cond on sampled tp)] | Loss 22699.046875 | Likelihood -22881.435547 | KL fp 3.0372 | FP STD 0.1301|
KL coef: 0.0
Train loss (one batch): 22173.0
Train CE loss (one batch): 0.0
Test MSE: 0.0458
Poisson likelihood: 0.0
CE loss: 0.0
Experiment 22402
Epoch 0011 [Test seq (cond on sampled tp)] | Loss 21925.601562 | Likelihood -22010.453125 | KL fp 3.0413 | FP STD 0.1314|
KL coef: 0.010000000000000009
Train loss (one batch): 21665.7890625
Train CE loss (one batch): 0.0
Test MSE: 0.0440
Poisson likelihood: 0.0
CE loss: 0.0
Experiment 22402
Epoch 0012 [Test seq (cond on sampled tp)] | Loss 21471.417969 | Likelihood -21592.585938 | KL fp 3.0479 | FP STD 0.1278|
KL coef: 0.01990000000000003
Train loss (one batch): 21049.89453125
Train CE loss (one batch): 0.0
Test MSE: 0.0432
Poisson likelihood: 0.0
CE loss: 0.0
Experiment 22402
Epoch 0013 [Test seq (cond on sampled tp)] | Loss 20416.486328 | Likelihood -20582.865234 | KL fp 3.0718 | FP STD 0.1215|
KL coef: 0.029700999999999977
Train loss (one batch): 20762.41015625
Train CE loss (one batch): 0.0
Test MSE: 0.0412
Poisson likelihood: 0.0
CE loss: 0.0
Experiment 22402
Epoch 0014 [Test seq (cond on sampled tp)] | Loss 20063.841797 | Likelihood -20210.857422 | KL fp 3.1126 | FP STD 0.1225|
KL coef: 0.039403990000000055
Train loss (one batch): 20080.474609375
Train CE loss (one batch): 0.0
Test MSE: 0.0404
Poisson likelihood: 0.0
CE loss: 0.0
Experiment 22402
Epoch 0015 [Test seq (cond on sampled tp)] | Loss 19389.669922 | Likelihood -19586.367188 | KL fp 3.0924 | FP STD 0.1186|
KL coef: 0.04900995010000009
Train loss (one batch): 20272.673828125
Train CE loss (one batch): 0.0
Test MSE: 0.0392
Poisson likelihood: 0.0
CE loss: 0.0
Experiment 22402
Epoch 0016 [Test seq (cond on sampled tp)] | Loss 18762.871094 | Likelihood -18959.453125 | KL fp 3.1038 | FP STD 0.1171|
KL coef: 0.058519850599
Train loss (one batch): 19451.24609375
Train CE loss (one batch): 0.0
Test MSE: 0.0379
Poisson likelihood: 0.0
CE loss: 0.0
Experiment 22402
Epoch 0017 [Test seq (cond on sampled tp)] | Loss 18141.771484 | Likelihood -18365.470703 | KL fp 3.1777 | FP STD 0.1120|
KL coef: 0.06793465209301008
Train loss (one batch): 19407.783203125
Train CE loss (one batch): 0.0
Test MSE: 0.0367
Poisson likelihood: 0.0
CE loss: 0.0
Experiment 22402
Epoch 0018 [Test seq (cond on sampled tp)] | Loss 18042.402344 | Likelihood -18087.865234 | KL fp 3.1929 | FP STD 0.1099|
KL coef: 0.07725530557207994
Train loss (one batch): 18647.32421875
Train CE loss (one batch): 0.0
Test MSE: 0.0362
Poisson likelihood: 0.0
CE loss: 0.0
Experiment 22402
Epoch 0019 [Test seq (cond on sampled tp)] | Loss 17594.337891 | Likelihood -17662.710938 | KL fp 3.2167 | FP STD 0.1066|
KL coef: 0.08648275251635917
Train loss (one batch): 19145.810546875
Train CE loss (one batch): 0.0
Test MSE: 0.0353
Poisson likelihood: 0.0
CE loss: 0.0
Experiment 22402
Epoch 0020 [Test seq (cond on sampled tp)] | Loss 17799.283203 | Likelihood -17868.570312 | KL fp 3.2061 | FP STD 0.1044|
KL coef: 0.09561792499119559
Train loss (one batch): 18637.986328125
Train CE loss (one batch): 0.0
Test MSE: 0.0357
Poisson likelihood: 0.0
CE loss: 0.0
Experiment 22402
Epoch 0021 [Test seq (cond on sampled tp)] | Loss 17063.531250 | Likelihood -17136.279297 | KL fp 3.2316 | FP STD 0.1047|
KL coef: 0.10466174574128362
Train loss (one batch): 17442.27734375
Train CE loss (one batch): 0.0
Test MSE: 0.0343
Poisson likelihood: 0.0
CE loss: 0.0
Experiment 22402
Epoch 0022 [Test seq (cond on sampled tp)] | Loss 16586.937500 | Likelihood -16727.375000 | KL fp 3.2168 | FP STD 0.1040|
KL coef: 0.11361512828387077
Train loss (one batch): 17647.48828125
Train CE loss (one batch): 0.0
Test MSE: 0.0335
Poisson likelihood: 0.0
CE loss: 0.0
Experiment 22402
Epoch 0023 [Test seq (cond on sampled tp)] | Loss 16723.599609 | Likelihood -16768.240234 | KL fp 3.3141 | FP STD 0.0989|
KL coef: 0.12247897700103216
Train loss (one batch): 18121.865234375
Train CE loss (one batch): 0.0
Test MSE: 0.0335
Poisson likelihood: 0.0
CE loss: 0.0
Experiment 22402
Epoch 0024 [Test seq (cond on sampled tp)] | Loss 16638.005859 | Likelihood -16739.220703 | KL fp 3.2976 | FP STD 0.1009|
KL coef: 0.13125418723102178
Train loss (one batch): 17569.36328125
Train CE loss (one batch): 0.0
Test MSE: 0.0335
Poisson likelihood: 0.0
CE loss: 0.0
Experiment 22402
Epoch 0025 [Test seq (cond on sampled tp)] | Loss 16338.582031 | Likelihood -16403.562500 | KL fp 3.2616 | FP STD 0.0999|
KL coef: 0.13994164535871156
Train loss (one batch): 17165.783203125
Train CE loss (one batch): 0.0
Test MSE: 0.0328
Poisson likelihood: 0.0
CE loss: 0.0
Experiment 22402
Epoch 0026 [Test seq (cond on sampled tp)] | Loss 15973.748047 | Likelihood -16062.430664 | KL fp 3.2655 | FP STD 0.0987|
KL coef: 0.14854222890512447
Train loss (one batch): 16992.634765625
Train CE loss (one batch): 0.0
Test MSE: 0.0321
Poisson likelihood: 0.0
CE loss: 0.0
Experiment 22402
Epoch 0027 [Test seq (cond on sampled tp)] | Loss 15938.348633 | Likelihood -16017.694336 | KL fp 3.2677 | FP STD 0.0961|
KL coef: 0.15705680661607324
Train loss (one batch): 16488.859375
Train CE loss (one batch): 0.0
Test MSE: 0.0320
Poisson likelihood: 0.0
CE loss: 0.0
Experiment 22402
Epoch 0028 [Test seq (cond on sampled tp)] | Loss 15323.747070 | Likelihood -15398.863281 | KL fp 3.3076 | FP STD 0.0953|
KL coef: 0.1654862385499125
Train loss (one batch): 16775.22265625
Train CE loss (one batch): 0.0
Test MSE: 0.0308
Poisson likelihood: 0.0
CE loss: 0.0
Experiment 22402
Epoch 0029 [Test seq (cond on sampled tp)] | Loss 15246.775391 | Likelihood -15344.824219 | KL fp 3.3315 | FP STD 0.0935|
KL coef: 0.17383137616441335
Train loss (one batch): 16537.412109375
Train CE loss (one batch): 0.0
Test MSE: 0.0307
Poisson likelihood: 0.0
CE loss: 0.0
Experiment 22402
Epoch 0030 [Test seq (cond on sampled tp)] | Loss 15129.415039 | Likelihood -15164.108398 | KL fp 3.3022 | FP STD 0.0937|
KL coef: 0.18209306240276923
Train loss (one batch): 15999.873046875
Train CE loss (one batch): 0.0
Test MSE: 0.0303
Poisson likelihood: 0.0
CE loss: 0.0
Experiment 22402
Epoch 0031 [Test seq (cond on sampled tp)] | Loss 14991.901367 | Likelihood -15071.863281 | KL fp 3.3014 | FP STD 0.0922|
KL coef: 0.19027213177874158
Train loss (one batch): 15805.802734375
Train CE loss (one batch): 0.0
Test MSE: 0.0302
Poisson likelihood: 0.0
CE loss: 0.0
Experiment 22402
Epoch 0032 [Test seq (cond on sampled tp)] | Loss 14517.056641 | Likelihood -14602.808594 | KL fp 3.3481 | FP STD 0.0931|
KL coef: 0.19836941046095413
Train loss (one batch): 15568.9619140625
Train CE loss (one batch): 0.0
Test MSE: 0.0292
Poisson likelihood: 0.0
CE loss: 0.0
Experiment 22402
Epoch 0033 [Test seq (cond on sampled tp)] | Loss 14301.658203 | Likelihood -14361.000977 | KL fp 3.3222 | FP STD 0.0915|
KL coef: 0.20638571635634462
Train loss (one batch): 15450.1904296875
Train CE loss (one batch): 0.0
Test MSE: 0.0287
Poisson likelihood: 0.0
CE loss: 0.0
Experiment 22402
Epoch 0034 [Test seq (cond on sampled tp)] | Loss 14494.785156 | Likelihood -14546.765625 | KL fp 3.3553 | FP STD 0.0882|
KL coef: 0.21432185919278124
Train loss (one batch): 14850.2958984375
Train CE loss (one batch): 0.0
Test MSE: 0.0291
Poisson likelihood: 0.0
CE loss: 0.0
Experiment 22402
Epoch 0035 [Test seq (cond on sampled tp)] | Loss 13958.614258 | Likelihood -14047.643555 | KL fp 3.3485 | FP STD 0.0876|
KL coef: 0.22217864060085335
Train loss (one batch): 15857.3583984375
Train CE loss (one batch): 0.0
Test MSE: 0.0281
Poisson likelihood: 0.0
CE loss: 0.0
Experiment 22402
Epoch 0036 [Test seq (cond on sampled tp)] | Loss 13725.212891 | Likelihood -13834.088867 | KL fp 3.3690 | FP STD 0.0871|
KL coef: 0.2299568541948449
Train loss (one batch): 14243.5478515625
Train CE loss (one batch): 0.0
Test MSE: 0.0277
Poisson likelihood: 0.0
CE loss: 0.0
Experiment 22402
Epoch 0037 [Test seq (cond on sampled tp)] | Loss 13720.370117 | Likelihood -13821.061523 | KL fp 3.4160 | FP STD 0.0862|
KL coef: 0.23765728565289646
Train loss (one batch): 14285.6767578125
Train CE loss (one batch): 0.0
Test MSE: 0.0277
Poisson likelihood: 0.0
CE loss: 0.0
Experiment 22402
Epoch 0038 [Test seq (cond on sampled tp)] | Loss 13441.677734 | Likelihood -13489.477539 | KL fp 3.4239 | FP STD 0.0852|
KL coef: 0.24528071279636743
Train loss (one batch): 14346.0205078125
Train CE loss (one batch): 0.0
Test MSE: 0.0270
Poisson likelihood: 0.0
CE loss: 0.0
