/Users/deyiliu/Dropbox/UNC/G4/Spring/790/code/latent_ode-master/run_models.py
run_models.py --niters 300 -n 1000 -l 15 --dataset hopper --latent-ode --z0-encoder rnn -r 1993
Experiment 26531
Epoch 0001 [Test seq (cond on sampled tp)] | Loss 41288.261719 | Likelihood -41590.820312 | KL fp 3.0564 | FP STD 0.1122|
KL coef: 0.0
Train loss (one batch): 48685.01953125
Train CE loss (one batch): 0.0
Test MSE: 0.0832
Poisson likelihood: 0.0
CE loss: 0.0
Experiment 26531
Epoch 0002 [Test seq (cond on sampled tp)] | Loss 29199.251953 | Likelihood -29527.572266 | KL fp 3.1470 | FP STD 0.0798|
KL coef: 0.0
Train loss (one batch): 29951.373046875
Train CE loss (one batch): 0.0
Test MSE: 0.0591
Poisson likelihood: 0.0
CE loss: 0.0
Experiment 26531
Epoch 0003 [Test seq (cond on sampled tp)] | Loss 27958.779297 | Likelihood -28100.431641 | KL fp 3.6976 | FP STD 0.0496|
KL coef: 0.0
Train loss (one batch): 27704.134765625
Train CE loss (one batch): 0.0
Test MSE: 0.0562
Poisson likelihood: 0.0
CE loss: 0.0
Experiment 26531
Epoch 0004 [Test seq (cond on sampled tp)] | Loss 27279.457031 | Likelihood -27317.966797 | KL fp 4.1536 | FP STD 0.0354|
KL coef: 0.0
Train loss (one batch): 27428.130859375
Train CE loss (one batch): 0.0
Test MSE: 0.0546
Poisson likelihood: 0.0
CE loss: 0.0
Experiment 26531
Epoch 0005 [Test seq (cond on sampled tp)] | Loss 27059.615234 | Likelihood -27085.539062 | KL fp 4.0922 | FP STD 0.0366|
KL coef: 0.0
Train loss (one batch): 26755.220703125
Train CE loss (one batch): 0.0
Test MSE: 0.0542
Poisson likelihood: 0.0
CE loss: 0.0
Experiment 26531
Epoch 0006 [Test seq (cond on sampled tp)] | Loss 26723.318359 | Likelihood -26749.388672 | KL fp 4.1534 | FP STD 0.0340|
KL coef: 0.0
Train loss (one batch): 26437.599609375
Train CE loss (one batch): 0.0
Test MSE: 0.0535
Poisson likelihood: 0.0
CE loss: 0.0
Experiment 26531
Epoch 0007 [Test seq (cond on sampled tp)] | Loss 26439.234375 | Likelihood -26513.470703 | KL fp 3.9279 | FP STD 0.0431|
KL coef: 0.0
Train loss (one batch): 26003.9921875
Train CE loss (one batch): 0.0
Test MSE: 0.0530
Poisson likelihood: 0.0
CE loss: 0.0
Experiment 26531
Epoch 0008 [Test seq (cond on sampled tp)] | Loss 25711.644531 | Likelihood -25725.505859 | KL fp 4.0340 | FP STD 0.0365|
KL coef: 0.0
Train loss (one batch): 25324.115234375
Train CE loss (one batch): 0.0
Test MSE: 0.0515
Poisson likelihood: 0.0
CE loss: 0.0
Experiment 26531
Epoch 0009 [Test seq (cond on sampled tp)] | Loss 24497.027344 | Likelihood -24627.396484 | KL fp 4.0968 | FP STD 0.0356|
KL coef: 0.0
Train loss (one batch): 23967.150390625
Train CE loss (one batch): 0.0
Test MSE: 0.0493
Poisson likelihood: 0.0
CE loss: 0.0
Experiment 26531
Epoch 0010 [Test seq (cond on sampled tp)] | Loss 22607.912109 | Likelihood -22642.501953 | KL fp 4.2263 | FP STD 0.0317|
KL coef: 0.0
Train loss (one batch): 21875.720703125
Train CE loss (one batch): 0.0
Test MSE: 0.0453
Poisson likelihood: 0.0
CE loss: 0.0
Experiment 26531
Epoch 0011 [Test seq (cond on sampled tp)] | Loss 20425.371094 | Likelihood -20480.126953 | KL fp 3.9172 | FP STD 0.0448|
KL coef: 0.010000000000000009
Train loss (one batch): 20190.33203125
Train CE loss (one batch): 0.0
Test MSE: 0.0410
Poisson likelihood: 0.0
CE loss: 0.0
Experiment 26531
Epoch 0012 [Test seq (cond on sampled tp)] | Loss 19582.636719 | Likelihood -19642.443359 | KL fp 4.3920 | FP STD 0.0313|
KL coef: 0.01990000000000003
Train loss (one batch): 19122.58984375
Train CE loss (one batch): 0.0
Test MSE: 0.0393
Poisson likelihood: 0.0
CE loss: 0.0
Experiment 26531
Epoch 0013 [Test seq (cond on sampled tp)] | Loss 18943.289062 | Likelihood -18990.197266 | KL fp 4.3177 | FP STD 0.0318|
KL coef: 0.029700999999999977
Train loss (one batch): 18577.48046875
Train CE loss (one batch): 0.0
Test MSE: 0.0380
Poisson likelihood: 0.0
CE loss: 0.0
Experiment 26531
Epoch 0014 [Test seq (cond on sampled tp)] | Loss 18522.894531 | Likelihood -18619.109375 | KL fp 4.0823 | FP STD 0.0359|
KL coef: 0.039403990000000055
Train loss (one batch): 17842.689453125
Train CE loss (one batch): 0.0
Test MSE: 0.0373
Poisson likelihood: 0.0
CE loss: 0.0
Experiment 26531
Epoch 0015 [Test seq (cond on sampled tp)] | Loss 18191.613281 | Likelihood -18200.521484 | KL fp 4.1989 | FP STD 0.0339|
KL coef: 0.04900995010000009
Train loss (one batch): 17538.0625
Train CE loss (one batch): 0.0
Test MSE: 0.0364
Poisson likelihood: 0.0
CE loss: 0.0
Experiment 26531
Epoch 0016 [Test seq (cond on sampled tp)] | Loss 17683.316406 | Likelihood -17713.976562 | KL fp 4.2931 | FP STD 0.0302|
KL coef: 0.058519850599
Train loss (one batch): 16816.619140625
Train CE loss (one batch): 0.0
Test MSE: 0.0354
Poisson likelihood: 0.0
CE loss: 0.0
Experiment 26531
Epoch 0017 [Test seq (cond on sampled tp)] | Loss 17137.851562 | Likelihood -17177.625000 | KL fp 4.2405 | FP STD 0.0308|
KL coef: 0.06793465209301008
Train loss (one batch): 16431.974609375
Train CE loss (one batch): 0.0
Test MSE: 0.0344
Poisson likelihood: 0.0
CE loss: 0.0
Experiment 26531
Epoch 0018 [Test seq (cond on sampled tp)] | Loss 16566.521484 | Likelihood -16604.697266 | KL fp 4.3554 | FP STD 0.0269|
KL coef: 0.07725530557207994
Train loss (one batch): 15835.3115234375
Train CE loss (one batch): 0.0
Test MSE: 0.0332
Poisson likelihood: 0.0
CE loss: 0.0
Experiment 26531
Epoch 0019 [Test seq (cond on sampled tp)] | Loss 16143.870117 | Likelihood -16148.198242 | KL fp 4.4585 | FP STD 0.0258|
KL coef: 0.08648275251635917
Train loss (one batch): 15289.17578125
Train CE loss (one batch): 0.0
Test MSE: 0.0323
Poisson likelihood: 0.0
CE loss: 0.0
Experiment 26531
Epoch 0020 [Test seq (cond on sampled tp)] | Loss 15785.280273 | Likelihood -15835.997070 | KL fp 4.2995 | FP STD 0.0290|
KL coef: 0.09561792499119559
Train loss (one batch): 14939.767578125
Train CE loss (one batch): 0.0
Test MSE: 0.0317
Poisson likelihood: 0.0
CE loss: 0.0
Experiment 26531
Epoch 0021 [Test seq (cond on sampled tp)] | Loss 15458.086914 | Likelihood -15477.977539 | KL fp 4.3890 | FP STD 0.0258|
KL coef: 0.10466174574128362
Train loss (one batch): 14645.537109375
Train CE loss (one batch): 0.0
Test MSE: 0.0310
Poisson likelihood: 0.0
CE loss: 0.0
Experiment 26531
Epoch 0022 [Test seq (cond on sampled tp)] | Loss 15256.459961 | Likelihood -15273.385742 | KL fp 4.2501 | FP STD 0.0302|
KL coef: 0.11361512828387077
Train loss (one batch): 14411.865234375
Train CE loss (one batch): 0.0
Test MSE: 0.0306
Poisson likelihood: 0.0
CE loss: 0.0
Experiment 26531
Epoch 0023 [Test seq (cond on sampled tp)] | Loss 14979.879883 | Likelihood -15012.090820 | KL fp 4.2585 | FP STD 0.0309|
KL coef: 0.12247897700103216
Train loss (one batch): 14125.76171875
Train CE loss (one batch): 0.0
Test MSE: 0.0300
Poisson likelihood: 0.0
CE loss: 0.0
Experiment 26531
Epoch 0024 [Test seq (cond on sampled tp)] | Loss 14749.015625 | Likelihood -14768.579102 | KL fp 4.3936 | FP STD 0.0243|
KL coef: 0.13125418723102178
Train loss (one batch): 13890.4111328125
Train CE loss (one batch): 0.0
Test MSE: 0.0295
Poisson likelihood: 0.0
CE loss: 0.0
Experiment 26531
Epoch 0025 [Test seq (cond on sampled tp)] | Loss 14469.387695 | Likelihood -14491.070312 | KL fp 4.4696 | FP STD 0.0234|
KL coef: 0.13994164535871156
Train loss (one batch): 13632.3037109375
Train CE loss (one batch): 0.0
Test MSE: 0.0290
Poisson likelihood: 0.0
CE loss: 0.0
Experiment 26531
Epoch 0026 [Test seq (cond on sampled tp)] | Loss 14238.820312 | Likelihood -14291.704102 | KL fp 4.4958 | FP STD 0.0233|
KL coef: 0.14854222890512447
Train loss (one batch): 13442.4765625
Train CE loss (one batch): 0.0
Test MSE: 0.0286
Poisson likelihood: 0.0
CE loss: 0.0
Experiment 26531
Epoch 0027 [Test seq (cond on sampled tp)] | Loss 14144.120117 | Likelihood -14158.323242 | KL fp 4.4402 | FP STD 0.0233|
KL coef: 0.15705680661607324
Train loss (one batch): 13209.373046875
Train CE loss (one batch): 0.0
Test MSE: 0.0283
Poisson likelihood: 0.0
CE loss: 0.0
Experiment 26531
Epoch 0028 [Test seq (cond on sampled tp)] | Loss 13967.958008 | Likelihood -13975.395508 | KL fp 4.3475 | FP STD 0.0273|
KL coef: 0.1654862385499125
Train loss (one batch): 13013.625
Train CE loss (one batch): 0.0
Test MSE: 0.0280
Poisson likelihood: 0.0
CE loss: 0.0
Experiment 26531
Epoch 0029 [Test seq (cond on sampled tp)] | Loss 13750.505859 | Likelihood -13760.515625 | KL fp 4.3641 | FP STD 0.0263|
KL coef: 0.17383137616441335
Train loss (one batch): 12845.5625
Train CE loss (one batch): 0.0
Test MSE: 0.0275
Poisson likelihood: 0.0
CE loss: 0.0
Experiment 26531
Epoch 0030 [Test seq (cond on sampled tp)] | Loss 13540.114258 | Likelihood -13545.264648 | KL fp 4.7558 | FP STD 0.0179|
KL coef: 0.18209306240276923
Train loss (one batch): 12693.8095703125
Train CE loss (one batch): 0.0
Test MSE: 0.0271
Poisson likelihood: 0.0
CE loss: 0.0
Experiment 26531
Epoch 0031 [Test seq (cond on sampled tp)] | Loss 13314.667969 | Likelihood -13341.101562 | KL fp 4.6999 | FP STD 0.0194|
KL coef: 0.19027213177874158
Train loss (one batch): 12530.02734375
Train CE loss (one batch): 0.0
Test MSE: 0.0267
Poisson likelihood: 0.0
CE loss: 0.0
Experiment 26531
Epoch 0032 [Test seq (cond on sampled tp)] | Loss 13202.232422 | Likelihood -13224.774414 | KL fp 4.6636 | FP STD 0.0208|
KL coef: 0.19836941046095413
Train loss (one batch): 12357.5556640625
Train CE loss (one batch): 0.0
Test MSE: 0.0265
Poisson likelihood: 0.0
CE loss: 0.0
Experiment 26531
Epoch 0033 [Test seq (cond on sampled tp)] | Loss 12929.234375 | Likelihood -12951.632812 | KL fp 4.7025 | FP STD 0.0196|
KL coef: 0.20638571635634462
Train loss (one batch): 12153.5615234375
Train CE loss (one batch): 0.0
Test MSE: 0.0259
Poisson likelihood: 0.0
CE loss: 0.0
Experiment 26531
Epoch 0034 [Test seq (cond on sampled tp)] | Loss 12785.829102 | Likelihood -12786.625000 | KL fp 4.5564 | FP STD 0.0209|
KL coef: 0.21432185919278124
Train loss (one batch): 11941.40234375
Train CE loss (one batch): 0.0
Test MSE: 0.0256
Poisson likelihood: 0.0
CE loss: 0.0
Experiment 26531
Epoch 0035 [Test seq (cond on sampled tp)] | Loss 12563.934570 | Likelihood -12571.223633 | KL fp 4.7200 | FP STD 0.0189|
KL coef: 0.22217864060085335
Train loss (one batch): 11898.1318359375
Train CE loss (one batch): 0.0
Test MSE: 0.0252
Poisson likelihood: 0.0
CE loss: 0.0
Experiment 26531
Epoch 0036 [Test seq (cond on sampled tp)] | Loss 12399.236328 | Likelihood -12416.682617 | KL fp 4.6709 | FP STD 0.0198|
KL coef: 0.2299568541948449
Train loss (one batch): 11816.2421875
Train CE loss (one batch): 0.0
Test MSE: 0.0248
Poisson likelihood: 0.0
CE loss: 0.0
Experiment 26531
Epoch 0037 [Test seq (cond on sampled tp)] | Loss 12275.300781 | Likelihood -12291.706055 | KL fp 4.6043 | FP STD 0.0207|
KL coef: 0.23765728565289646
Train loss (one batch): 11678.8369140625
Train CE loss (one batch): 0.0
Test MSE: 0.0246
Poisson likelihood: 0.0
CE loss: 0.0
Experiment 26531
Epoch 0038 [Test seq (cond on sampled tp)] | Loss 12135.274414 | Likelihood -12158.549805 | KL fp 4.7646 | FP STD 0.0186|
KL coef: 0.24528071279636743
Train loss (one batch): 11552.703125
Train CE loss (one batch): 0.0
Test MSE: 0.0243
Poisson likelihood: 0.0
CE loss: 0.0
Experiment 26531
Epoch 0039 [Test seq (cond on sampled tp)] | Loss 12037.780273 | Likelihood -12061.269531 | KL fp 4.5920 | FP STD 0.0204|
KL coef: 0.25282790566840385
Train loss (one batch): 11537.2373046875
Train CE loss (one batch): 0.0
Test MSE: 0.0241
Poisson likelihood: 0.0
CE loss: 0.0
Experiment 26531
Epoch 0040 [Test seq (cond on sampled tp)] | Loss 11945.844727 | Likelihood -11952.002930 | KL fp 4.9696 | FP STD 0.0143|
KL coef: 0.2602996266117198
Train loss (one batch): 11446.384765625
Train CE loss (one batch): 0.0
Test MSE: 0.0239
Poisson likelihood: 0.0
CE loss: 0.0
Experiment 26531
Epoch 0041 [Test seq (cond on sampled tp)] | Loss 11848.206055 | Likelihood -11860.051758 | KL fp 4.8785 | FP STD 0.0156|
KL coef: 0.26769663034560254
Train loss (one batch): 11359.486328125
Train CE loss (one batch): 0.0
Test MSE: 0.0237
Poisson likelihood: 0.0
CE loss: 0.0
Experiment 26531
Epoch 0042 [Test seq (cond on sampled tp)] | Loss 11788.760742 | Likelihood -11801.233398 | KL fp 4.8822 | FP STD 0.0173|
KL coef: 0.2750196640421466
Train loss (one batch): 11304.529296875
Train CE loss (one batch): 0.0
Test MSE: 0.0236
Poisson likelihood: 0.0
CE loss: 0.0
Experiment 26531
Epoch 0043 [Test seq (cond on sampled tp)] | Loss 11684.198242 | Likelihood -11698.008789 | KL fp 4.9372 | FP STD 0.0143|
KL coef: 0.2822694674017251
Train loss (one batch): 11286.6416015625
Train CE loss (one batch): 0.0
Test MSE: 0.0234
Poisson likelihood: 0.0
CE loss: 0.0
Experiment 26531
Epoch 0044 [Test seq (cond on sampled tp)] | Loss 11614.712891 | Likelihood -11649.358398 | KL fp 4.7138 | FP STD 0.0172|
KL coef: 0.2894467727277079
Train loss (one batch): 11198.1923828125
Train CE loss (one batch): 0.0
Test MSE: 0.0233
Poisson likelihood: 0.0
CE loss: 0.0
Experiment 26531
Epoch 0045 [Test seq (cond on sampled tp)] | Loss 11613.422852 | Likelihood -11618.182617 | KL fp 4.7180 | FP STD 0.0181|
KL coef: 0.29655230500043084
Train loss (one batch): 11178.712890625
Train CE loss (one batch): 0.0
Test MSE: 0.0232
Poisson likelihood: 0.0
CE loss: 0.0
Experiment 26531
Epoch 0046 [Test seq (cond on sampled tp)] | Loss 11551.574219 | Likelihood -11559.534180 | KL fp 4.9412 | FP STD 0.0158|
KL coef: 0.30358678195042654
Train loss (one batch): 11090.89453125
Train CE loss (one batch): 0.0
Test MSE: 0.0231
Poisson likelihood: 0.0
CE loss: 0.0
Experiment 26531
Epoch 0047 [Test seq (cond on sampled tp)] | Loss 11488.821289 | Likelihood -11492.844727 | KL fp 5.1116 | FP STD 0.0124|
KL coef: 0.3105509141309223
Train loss (one batch): 11093.669921875
Train CE loss (one batch): 0.0
Test MSE: 0.0230
Poisson likelihood: 0.0
CE loss: 0.0
Experiment 26531
Epoch 0048 [Test seq (cond on sampled tp)] | Loss 11426.063477 | Likelihood -11442.960938 | KL fp 4.9617 | FP STD 0.0142|
KL coef: 0.31744540498961304
Train loss (one batch): 10989.6845703125
Train CE loss (one batch): 0.0
Test MSE: 0.0229
Poisson likelihood: 0.0
CE loss: 0.0
Experiment 26531
Epoch 0049 [Test seq (cond on sampled tp)] | Loss 11386.465820 | Likelihood -11388.276367 | KL fp 4.9334 | FP STD 0.0146|
KL coef: 0.3242709509397169
Train loss (one batch): 10990.71484375
Train CE loss (one batch): 0.0
Test MSE: 0.0228
Poisson likelihood: 0.0
CE loss: 0.0
Experiment 26531
Epoch 0050 [Test seq (cond on sampled tp)] | Loss 11316.040039 | Likelihood -11325.329102 | KL fp 4.9384 | FP STD 0.0146|
KL coef: 0.3310282414303197
Train loss (one batch): 10948.0009765625
Train CE loss (one batch): 0.0
Test MSE: 0.0227
Poisson likelihood: 0.0
CE loss: 0.0
Experiment 26531
Epoch 0051 [Test seq (cond on sampled tp)] | Loss 11260.407227 | Likelihood -11276.016602 | KL fp 4.7593 | FP STD 0.0175|
KL coef: 0.33771795901601653
Train loss (one batch): 10927.267578125
Train CE loss (one batch): 0.0
Test MSE: 0.0226
Poisson likelihood: 0.0
CE loss: 0.0
Experiment 26531
Epoch 0052 [Test seq (cond on sampled tp)] | Loss 11216.174805 | Likelihood -11225.725586 | KL fp 4.8042 | FP STD 0.0172|
KL coef: 0.3443407794258564
Train loss (one batch): 10836.796875
Train CE loss (one batch): 0.0
Test MSE: 0.0225
Poisson likelihood: 0.0
CE loss: 0.0
Experiment 26531
Epoch 0053 [Test seq (cond on sampled tp)] | Loss 11138.266602 | Likelihood -11152.674805 | KL fp 5.0070 | FP STD 0.0141|
KL coef: 0.35089737163159784
Train loss (one batch): 10801.6171875
Train CE loss (one batch): 0.0
Test MSE: 0.0223
Poisson likelihood: 0.0
CE loss: 0.0
Experiment 26531
Epoch 0054 [Test seq (cond on sampled tp)] | Loss 11069.138672 | Likelihood -11081.562500 | KL fp 4.8886 | FP STD 0.0147|
KL coef: 0.3573883979152819
Train loss (one batch): 10777.6044921875
Train CE loss (one batch): 0.0
Test MSE: 0.0222
Poisson likelihood: 0.0
CE loss: 0.0
Experiment 26531
Epoch 0055 [Test seq (cond on sampled tp)] | Loss 11035.573242 | Likelihood -11038.731445 | KL fp 4.9036 | FP STD 0.0150|
KL coef: 0.36381451393612907
Train loss (one batch): 10665.2001953125
Train CE loss (one batch): 0.0
Test MSE: 0.0221
Poisson likelihood: 0.0
CE loss: 0.0
Experiment 26531
Epoch 0056 [Test seq (cond on sampled tp)] | Loss 10935.542969 | Likelihood -10941.481445 | KL fp 4.9496 | FP STD 0.0149|
KL coef: 0.37017636879676774
Train loss (one batch): 10642.55859375
Train CE loss (one batch): 0.0
Test MSE: 0.0219
Poisson likelihood: 0.0
CE loss: 0.0
Experiment 26531
Epoch 0057 [Test seq (cond on sampled tp)] | Loss 10819.509766 | Likelihood -10827.537109 | KL fp 4.9308 | FP STD 0.0142|
KL coef: 0.37647460510880004
Train loss (one batch): 10513.4306640625
Train CE loss (one batch): 0.0
Test MSE: 0.0217
Poisson likelihood: 0.0
CE loss: 0.0
Experiment 26531
Epoch 0058 [Test seq (cond on sampled tp)] | Loss 10742.506836 | Likelihood -10751.295898 | KL fp 4.8694 | FP STD 0.0156|
KL coef: 0.38270985905771204
Train loss (one batch): 10464.1494140625
Train CE loss (one batch): 0.0
Test MSE: 0.0215
Poisson likelihood: 0.0
CE loss: 0.0
Experiment 26531
Epoch 0059 [Test seq (cond on sampled tp)] | Loss 10647.757812 | Likelihood -10657.500977 | KL fp 4.7411 | FP STD 0.0171|
KL coef: 0.388882760467135
Train loss (one batch): 10422.541015625
Train CE loss (one batch): 0.0
Test MSE: 0.0213
Poisson likelihood: 0.0
CE loss: 0.0
Experiment 26531
Epoch 0060 [Test seq (cond on sampled tp)] | Loss 10561.683594 | Likelihood -10584.790039 | KL fp 4.7070 | FP STD 0.0193|
KL coef: 0.39499393286246365
Train loss (one batch): 10298.21484375
Train CE loss (one batch): 0.0
Test MSE: 0.0212
Poisson likelihood: 0.0
CE loss: 0.0
Experiment 26531
Epoch 0061 [Test seq (cond on sampled tp)] | Loss 10431.616211 | Likelihood -10448.194336 | KL fp 4.6891 | FP STD 0.0182|
KL coef: 0.401043993533839
Train loss (one batch): 10221.150390625
Train CE loss (one batch): 0.0
Test MSE: 0.0209
Poisson likelihood: 0.0
CE loss: 0.0
Experiment 26531
Epoch 0062 [Test seq (cond on sampled tp)] | Loss 10293.852539 | Likelihood -10295.436523 | KL fp 4.7073 | FP STD 0.0181|
KL coef: 0.4070335535985006
Train loss (one batch): 10091.869140625
Train CE loss (one batch): 0.0
Test MSE: 0.0206
Poisson likelihood: 0.0
CE loss: 0.0
Experiment 26531
Epoch 0063 [Test seq (cond on sampled tp)] | Loss 10178.416016 | Likelihood -10182.433594 | KL fp 4.6845 | FP STD 0.0176|
KL coef: 0.41296321806251557
Train loss (one batch): 9923.2509765625
Train CE loss (one batch): 0.0
Test MSE: 0.0204
Poisson likelihood: 0.0
CE loss: 0.0
Experiment 26531
Epoch 0064 [Test seq (cond on sampled tp)] | Loss 9981.515625 | Likelihood -9999.605469 | KL fp 4.8363 | FP STD 0.0162|
KL coef: 0.41883358588189046
Train loss (one batch): 9774.1162109375
Train CE loss (one batch): 0.0
Test MSE: 0.0200
Poisson likelihood: 0.0
CE loss: 0.0
Experiment 26531
Epoch 0065 [Test seq (cond on sampled tp)] | Loss 9843.313477 | Likelihood -9853.242188 | KL fp 4.7515 | FP STD 0.0177|
KL coef: 0.4246452500230715
Train loss (one batch): 9599.7255859375
Train CE loss (one batch): 0.0
Test MSE: 0.0197
Poisson likelihood: 0.0
CE loss: 0.0
Experiment 26531
Epoch 0066 [Test seq (cond on sampled tp)] | Loss 9705.205078 | Likelihood -9711.954102 | KL fp 4.7701 | FP STD 0.0167|
KL coef: 0.4303987975228408
Train loss (one batch): 9490.1943359375
Train CE loss (one batch): 0.0
Test MSE: 0.0194
Poisson likelihood: 0.0
CE loss: 0.0
Experiment 26531
Epoch 0067 [Test seq (cond on sampled tp)] | Loss 9574.569336 | Likelihood -9589.567383 | KL fp 4.8146 | FP STD 0.0164|
KL coef: 0.4360948095476125
Train loss (one batch): 9331.4892578125
Train CE loss (one batch): 0.0
Test MSE: 0.0192
Poisson likelihood: 0.0
CE loss: 0.0
Experiment 26531
Epoch 0068 [Test seq (cond on sampled tp)] | Loss 9462.299805 | Likelihood -9468.374023 | KL fp 4.7603 | FP STD 0.0173|
KL coef: 0.44173386145213633
Train loss (one batch): 9240.265625
Train CE loss (one batch): 0.0
Test MSE: 0.0189
Poisson likelihood: 0.0
CE loss: 0.0
Experiment 26531
Epoch 0069 [Test seq (cond on sampled tp)] | Loss 9351.883789 | Likelihood -9352.747070 | KL fp 4.9127 | FP STD 0.0149|
KL coef: 0.4473165228376149
Train loss (one batch): 9119.7001953125
Train CE loss (one batch): 0.0
Test MSE: 0.0187
Poisson likelihood: 0.0
CE loss: 0.0
Experiment 26531
Epoch 0070 [Test seq (cond on sampled tp)] | Loss 9233.988281 | Likelihood -9252.000000 | KL fp 4.8560 | FP STD 0.0155|
KL coef: 0.4528433576092388
Train loss (one batch): 9030.748046875
Train CE loss (one batch): 0.0
Test MSE: 0.0185
Poisson likelihood: 0.0
CE loss: 0.0
Experiment 26531
Epoch 0071 [Test seq (cond on sampled tp)] | Loss 9134.559570 | Likelihood -9150.063477 | KL fp 5.0020 | FP STD 0.0134|
KL coef: 0.45831492403314644
Train loss (one batch): 8939.818359375
Train CE loss (one batch): 0.0
Test MSE: 0.0183
Poisson likelihood: 0.0
CE loss: 0.0
Experiment 26531
Epoch 0072 [Test seq (cond on sampled tp)] | Loss 9018.919922 | Likelihood -9028.847656 | KL fp 5.0143 | FP STD 0.0133|
KL coef: 0.463731774792815
Train loss (one batch): 8847.447265625
Train CE loss (one batch): 0.0
Test MSE: 0.0181
Poisson likelihood: 0.0
CE loss: 0.0
Experiment 26531
Epoch 0073 [Test seq (cond on sampled tp)] | Loss 8930.623047 | Likelihood -8929.335938 | KL fp 5.1171 | FP STD 0.0119|
KL coef: 0.46909445704488684
Train loss (one batch): 8769.36328125
Train CE loss (one batch): 0.0
Test MSE: 0.0179
Poisson likelihood: 0.0
CE loss: 0.0
Experiment 26531
Epoch 0074 [Test seq (cond on sampled tp)] | Loss 8813.651367 | Likelihood -8821.883789 | KL fp 4.9478 | FP STD 0.0140|
KL coef: 0.474403512474438
Train loss (one batch): 8654.5556640625
Train CE loss (one batch): 0.0
Test MSE: 0.0177
Poisson likelihood: 0.0
CE loss: 0.0
Experiment 26531
Epoch 0075 [Test seq (cond on sampled tp)] | Loss 8721.863281 | Likelihood -8721.399414 | KL fp 4.8513 | FP STD 0.0154|
KL coef: 0.4796594773496936
Train loss (one batch): 8573.4873046875
Train CE loss (one batch): 0.0
Test MSE: 0.0175
Poisson likelihood: 0.0
CE loss: 0.0
Experiment 26531
Epoch 0076 [Test seq (cond on sampled tp)] | Loss 8625.338867 | Likelihood -8628.829102 | KL fp 4.9018 | FP STD 0.0147|
KL coef: 0.4848628825761967
Train loss (one batch): 8473.736328125
Train CE loss (one batch): 0.0
Test MSE: 0.0173
Poisson likelihood: 0.0
CE loss: 0.0
Experiment 26531
Epoch 0077 [Test seq (cond on sampled tp)] | Loss 8511.847656 | Likelihood -8513.899414 | KL fp 5.0952 | FP STD 0.0123|
KL coef: 0.4900142537504347
Train loss (one batch): 8360.0400390625
Train CE loss (one batch): 0.0
Test MSE: 0.0170
Poisson likelihood: 0.0
CE loss: 0.0
Experiment 26531
Epoch 0078 [Test seq (cond on sampled tp)] | Loss 8428.307617 | Likelihood -8430.237305 | KL fp 5.0782 | FP STD 0.0125|
KL coef: 0.49511411121293036
Train loss (one batch): 8259.94140625
Train CE loss (one batch): 0.0
Test MSE: 0.0169
Poisson likelihood: 0.0
CE loss: 0.0
Experiment 26531
Epoch 0079 [Test seq (cond on sampled tp)] | Loss 8344.768555 | Likelihood -8348.366211 | KL fp 5.0468 | FP STD 0.0127|
KL coef: 0.500162970100801
Train loss (one batch): 8206.6337890625
Train CE loss (one batch): 0.0
Test MSE: 0.0167
Poisson likelihood: 0.0
CE loss: 0.0
Experiment 26531
Epoch 0080 [Test seq (cond on sampled tp)] | Loss 8245.270508 | Likelihood -8247.882812 | KL fp 5.0636 | FP STD 0.0122|
KL coef: 0.505161340399793
Train loss (one batch): 8099.9404296875
Train CE loss (one batch): 0.0
Test MSE: 0.0165
Poisson likelihood: 0.0
CE loss: 0.0
Experiment 26531
Epoch 0081 [Test seq (cond on sampled tp)] | Loss 8157.472656 | Likelihood -8157.230957 | KL fp 5.1203 | FP STD 0.0116|
KL coef: 0.510109726995795
Train loss (one batch): 8042.7578125
Train CE loss (one batch): 0.0
Test MSE: 0.0163
Poisson likelihood: 0.0
CE loss: 0.0
Experiment 26531
Epoch 0082 [Test seq (cond on sampled tp)] | Loss 8070.331055 | Likelihood -8075.847656 | KL fp 5.1251 | FP STD 0.0115|
KL coef: 0.5150086297258372
Train loss (one batch): 7949.931640625
Train CE loss (one batch): 0.0
Test MSE: 0.0162
Poisson likelihood: 0.0
CE loss: 0.0
Experiment 26531
Epoch 0083 [Test seq (cond on sampled tp)] | Loss 8026.643555 | Likelihood -8027.589844 | KL fp 5.1483 | FP STD 0.0118|
KL coef: 0.5198585434285787
Train loss (one batch): 7899.64306640625
Train CE loss (one batch): 0.0
Test MSE: 0.0161
Poisson likelihood: 0.0
CE loss: 0.0
Experiment 26531
Epoch 0084 [Test seq (cond on sampled tp)] | Loss 7957.664062 | Likelihood -7964.342285 | KL fp 5.2092 | FP STD 0.0109|
KL coef: 0.524659957994293
Train loss (one batch): 7841.80224609375
Train CE loss (one batch): 0.0
Test MSE: 0.0159
Poisson likelihood: 0.0
CE loss: 0.0
Experiment 26531
Epoch 0085 [Test seq (cond on sampled tp)] | Loss 7879.782715 | Likelihood -7885.449707 | KL fp 5.1202 | FP STD 0.0119|
KL coef: 0.5294133584143501
Train loss (one batch): 7784.150390625
Train CE loss (one batch): 0.0
Test MSE: 0.0158
Poisson likelihood: 0.0
CE loss: 0.0
Experiment 26531
Epoch 0086 [Test seq (cond on sampled tp)] | Loss 7837.193848 | Likelihood -7844.127441 | KL fp 5.1316 | FP STD 0.0120|
KL coef: 0.5341192248302067
Train loss (one batch): 7740.748046875
Train CE loss (one batch): 0.0
Test MSE: 0.0157
Poisson likelihood: 0.0
CE loss: 0.0
Experiment 26531
Epoch 0087 [Test seq (cond on sampled tp)] | Loss 7781.287109 | Likelihood -7789.940918 | KL fp 5.0966 | FP STD 0.0126|
KL coef: 0.5387780325819045
Train loss (one batch): 7686.18505859375
Train CE loss (one batch): 0.0
Test MSE: 0.0156
Poisson likelihood: 0.0
CE loss: 0.0
Experiment 26531
Epoch 0088 [Test seq (cond on sampled tp)] | Loss 7735.296387 | Likelihood -7745.781738 | KL fp 5.1043 | FP STD 0.0122|
KL coef: 0.5433902522560855
Train loss (one batch): 7633.28173828125
Train CE loss (one batch): 0.0
Test MSE: 0.0155
Poisson likelihood: 0.0
CE loss: 0.0
Experiment 26531
Epoch 0089 [Test seq (cond on sampled tp)] | Loss 7699.042480 | Likelihood -7702.540527 | KL fp 5.0777 | FP STD 0.0129|
KL coef: 0.5479563497335247
Train loss (one batch): 7585.26953125
Train CE loss (one batch): 0.0
Test MSE: 0.0154
Poisson likelihood: 0.0
CE loss: 0.0
Experiment 26531
Epoch 0090 [Test seq (cond on sampled tp)] | Loss 7664.157227 | Likelihood -7673.156738 | KL fp 4.9305 | FP STD 0.0147|
KL coef: 0.5524767862361895
Train loss (one batch): 7506.1240234375
Train CE loss (one batch): 0.0
Test MSE: 0.0154
Poisson likelihood: 0.0
CE loss: 0.0
Experiment 26531
Epoch 0091 [Test seq (cond on sampled tp)] | Loss 7614.513184 | Likelihood -7615.211426 | KL fp 5.0456 | FP STD 0.0128|
KL coef: 0.5569520183738275
Train loss (one batch): 7492.3349609375
Train CE loss (one batch): 0.0
Test MSE: 0.0152
Poisson likelihood: 0.0
CE loss: 0.0
Experiment 26531
Epoch 0092 [Test seq (cond on sampled tp)] | Loss 7548.853516 | Likelihood -7564.161621 | KL fp 5.2031 | FP STD 0.0111|
KL coef: 0.5613824981900892
Train loss (one batch): 7429.23779296875
Train CE loss (one batch): 0.0
Test MSE: 0.0151
Poisson likelihood: 0.0
CE loss: 0.0
Experiment 26531
Epoch 0093 [Test seq (cond on sampled tp)] | Loss 7534.722656 | Likelihood -7540.559082 | KL fp 5.0503 | FP STD 0.0125|
KL coef: 0.5657686732081884
Train loss (one batch): 7430.27001953125
Train CE loss (one batch): 0.0
Test MSE: 0.0151
Poisson likelihood: 0.0
CE loss: 0.0
Experiment 26531
Epoch 0094 [Test seq (cond on sampled tp)] | Loss 7469.687500 | Likelihood -7480.734863 | KL fp 5.2861 | FP STD 0.0099|
KL coef: 0.5701109864761065
Train loss (one batch): 7374.29296875
Train CE loss (one batch): 0.0
Test MSE: 0.0150
Poisson likelihood: 0.0
CE loss: 0.0
Experiment 26531
Epoch 0095 [Test seq (cond on sampled tp)] | Loss 7434.253418 | Likelihood -7439.583496 | KL fp 5.1135 | FP STD 0.0115|
KL coef: 0.5744098766113455
Train loss (one batch): 7340.83154296875
Train CE loss (one batch): 0.0
Test MSE: 0.0149
Poisson likelihood: 0.0
CE loss: 0.0
Experiment 26531
Epoch 0096 [Test seq (cond on sampled tp)] | Loss 7398.783203 | Likelihood -7401.416016 | KL fp 5.2021 | FP STD 0.0106|
KL coef: 0.578665777845232
Train loss (one batch): 7285.4697265625
Train CE loss (one batch): 0.0
Test MSE: 0.0148
Poisson likelihood: 0.0
CE loss: 0.0
Experiment 26531
Epoch 0097 [Test seq (cond on sampled tp)] | Loss 7385.817871 | Likelihood -7387.292969 | KL fp 5.1234 | FP STD 0.0117|
KL coef: 0.5828791200667797
Train loss (one batch): 7282.853515625
Train CE loss (one batch): 0.0
Test MSE: 0.0148
Poisson likelihood: 0.0
CE loss: 0.0
Experiment 26531
Epoch 0098 [Test seq (cond on sampled tp)] | Loss 7350.207520 | Likelihood -7349.697266 | KL fp 5.2484 | FP STD 0.0102|
KL coef: 0.5870503288661119
Train loss (one batch): 7219.6982421875
Train CE loss (one batch): 0.0
Test MSE: 0.0147
Poisson likelihood: 0.0
CE loss: 0.0
Experiment 26531
Epoch 0099 [Test seq (cond on sampled tp)] | Loss 7289.962891 | Likelihood -7294.739746 | KL fp 5.2175 | FP STD 0.0108|
KL coef: 0.5911798255774507
Train loss (one batch): 7179.81640625
Train CE loss (one batch): 0.0
Test MSE: 0.0146
Poisson likelihood: 0.0
CE loss: 0.0
Experiment 26531
Epoch 0100 [Test seq (cond on sampled tp)] | Loss 7256.791504 | Likelihood -7260.751465 | KL fp 5.2246 | FP STD 0.0104|
KL coef: 0.5952680273216762
Train loss (one batch): 7119.576171875
Train CE loss (one batch): 0.0
Test MSE: 0.0145
Poisson likelihood: 0.0
CE loss: 0.0
Experiment 26531
Epoch 0101 [Test seq (cond on sampled tp)] | Loss 7232.086426 | Likelihood -7242.509277 | KL fp 5.1137 | FP STD 0.0119|
KL coef: 0.5993153470484595
Train loss (one batch): 7120.07763671875
Train CE loss (one batch): 0.0
Test MSE: 0.0145
Poisson likelihood: 0.0
CE loss: 0.0
Experiment 26531
Epoch 0102 [Test seq (cond on sampled tp)] | Loss 7190.687500 | Likelihood -7190.882812 | KL fp 4.9845 | FP STD 0.0127|
KL coef: 0.6033221935779749
Train loss (one batch): 7090.712890625
Train CE loss (one batch): 0.0
Test MSE: 0.0144
Poisson likelihood: 0.0
CE loss: 0.0
Experiment 26531
Epoch 0103 [Test seq (cond on sampled tp)] | Loss 7159.358398 | Likelihood -7158.295410 | KL fp 5.1663 | FP STD 0.0115|
KL coef: 0.6072889716421952
Train loss (one batch): 7040.77783203125
Train CE loss (one batch): 0.0
Test MSE: 0.0143
Poisson likelihood: 0.0
CE loss: 0.0
Experiment 26531
Epoch 0104 [Test seq (cond on sampled tp)] | Loss 7110.783203 | Likelihood -7110.535645 | KL fp 5.1255 | FP STD 0.0113|
KL coef: 0.6112160819257733
Train loss (one batch): 7008.33740234375
Train CE loss (one batch): 0.0
Test MSE: 0.0142
Poisson likelihood: 0.0
CE loss: 0.0
Experiment 26531
Epoch 0105 [Test seq (cond on sampled tp)] | Loss 7071.444336 | Likelihood -7073.278809 | KL fp 5.2226 | FP STD 0.0107|
KL coef: 0.6151039211065155
Train loss (one batch): 6947.64111328125
Train CE loss (one batch): 0.0
Test MSE: 0.0142
Poisson likelihood: 0.0
CE loss: 0.0
Experiment 26531
Epoch 0106 [Test seq (cond on sampled tp)] | Loss 7033.984863 | Likelihood -7043.574219 | KL fp 5.2446 | FP STD 0.0107|
KL coef: 0.6189528818954504
Train loss (one batch): 6910.8349609375
Train CE loss (one batch): 0.0
Test MSE: 0.0141
Poisson likelihood: 0.0
CE loss: 0.0
Experiment 26531
Epoch 0107 [Test seq (cond on sampled tp)] | Loss 7009.898926 | Likelihood -7009.630371 | KL fp 5.1742 | FP STD 0.0109|
KL coef: 0.6227633530764958
Train loss (one batch): 6895.6591796875
Train CE loss (one batch): 0.0
Test MSE: 0.0140
Poisson likelihood: 0.0
CE loss: 0.0
Experiment 26531
Epoch 0108 [Test seq (cond on sampled tp)] | Loss 6967.455566 | Likelihood -6975.787598 | KL fp 5.0126 | FP STD 0.0124|
KL coef: 0.6265357195457308
Train loss (one batch): 6867.396484375
Train CE loss (one batch): 0.0
Test MSE: 0.0140
Poisson likelihood: 0.0
CE loss: 0.0
Experiment 26531
Epoch 0109 [Test seq (cond on sampled tp)] | Loss 6937.882324 | Likelihood -6947.107422 | KL fp 5.2214 | FP STD 0.0107|
KL coef: 0.6302703623502736
Train loss (one batch): 6805.25927734375
Train CE loss (one batch): 0.0
Test MSE: 0.0139
Poisson likelihood: 0.0
CE loss: 0.0
Experiment 26531
Epoch 0110 [Test seq (cond on sampled tp)] | Loss 6908.672852 | Likelihood -6913.605469 | KL fp 5.2138 | FP STD 0.0108|
KL coef: 0.6339676587267709
Train loss (one batch): 6734.6123046875
Train CE loss (one batch): 0.0
Test MSE: 0.0138
Poisson likelihood: 0.0
CE loss: 0.0
Experiment 26531
Epoch 0111 [Test seq (cond on sampled tp)] | Loss 6906.515137 | Likelihood -6908.560547 | KL fp 5.0201 | FP STD 0.0148|
KL coef: 0.6376279821395031
Train loss (one batch): 6758.3759765625
Train CE loss (one batch): 0.0
Test MSE: 0.0138
Poisson likelihood: 0.0
CE loss: 0.0
Experiment 26531
Epoch 0112 [Test seq (cond on sampled tp)] | Loss 6874.833496 | Likelihood -6880.653809 | KL fp 4.9966 | FP STD 0.0155|
KL coef: 0.6412517023181081
Train loss (one batch): 6719.68212890625
Train CE loss (one batch): 0.0
Test MSE: 0.0138
Poisson likelihood: 0.0
CE loss: 0.0
Experiment 26531
Epoch 0113 [Test seq (cond on sampled tp)] | Loss 6822.560059 | Likelihood -6825.279785 | KL fp 4.9949 | FP STD 0.0142|
KL coef: 0.644839185294927
Train loss (one batch): 6747.51806640625
Train CE loss (one batch): 0.0
Test MSE: 0.0137
Poisson likelihood: 0.0
CE loss: 0.0
Experiment 26531
Epoch 0114 [Test seq (cond on sampled tp)] | Loss 6780.323242 | Likelihood -6784.005371 | KL fp 5.0059 | FP STD 0.0135|
KL coef: 0.6483907934419777
Train loss (one batch): 6623.62109375
Train CE loss (one batch): 0.0
Test MSE: 0.0136
Poisson likelihood: 0.0
CE loss: 0.0
Experiment 26531
Epoch 0115 [Test seq (cond on sampled tp)] | Loss 6742.546387 | Likelihood -6740.680176 | KL fp 5.1206 | FP STD 0.0121|
KL coef: 0.651906885507558
Train loss (one batch): 6602.31201171875
Train CE loss (one batch): 0.0
Test MSE: 0.0135
Poisson likelihood: 0.0
CE loss: 0.0
Experiment 26531
Epoch 0116 [Test seq (cond on sampled tp)] | Loss 6698.469238 | Likelihood -6697.893066 | KL fp 5.1072 | FP STD 0.0119|
KL coef: 0.6553878166524825
Train loss (one batch): 6555.4794921875
Train CE loss (one batch): 0.0
Test MSE: 0.0134
Poisson likelihood: 0.0
CE loss: 0.0
Experiment 26531
Epoch 0117 [Test seq (cond on sampled tp)] | Loss 6676.422852 | Likelihood -6680.638184 | KL fp 5.0855 | FP STD 0.0124|
KL coef: 0.6588339384859576
Train loss (one batch): 6542.71923828125
Train CE loss (one batch): 0.0
Test MSE: 0.0134
Poisson likelihood: 0.0
CE loss: 0.0
Experiment 26531
Epoch 0118 [Test seq (cond on sampled tp)] | Loss 6638.955566 | Likelihood -6648.458496 | KL fp 4.9863 | FP STD 0.0133|
KL coef: 0.662245599101098
Train loss (one batch): 6527.8876953125
Train CE loss (one batch): 0.0
Test MSE: 0.0133
Poisson likelihood: 0.0
CE loss: 0.0
Experiment 26531
Epoch 0119 [Test seq (cond on sampled tp)] | Loss 6612.388672 | Likelihood -6617.759277 | KL fp 5.1455 | FP STD 0.0117|
KL coef: 0.665623143110087
Train loss (one batch): 6444.30419921875
Train CE loss (one batch): 0.0
Test MSE: 0.0132
Poisson likelihood: 0.0
CE loss: 0.0
Experiment 26531
Epoch 0120 [Test seq (cond on sampled tp)] | Loss 6590.117188 | Likelihood -6596.186035 | KL fp 5.1324 | FP STD 0.0117|
KL coef: 0.6689669116789861
Train loss (one batch): 6420.9560546875
Train CE loss (one batch): 0.0
Test MSE: 0.0132
Poisson likelihood: 0.0
CE loss: 0.0
Experiment 26531
Epoch 0121 [Test seq (cond on sampled tp)] | Loss 6562.070801 | Likelihood -6568.087891 | KL fp 5.1860 | FP STD 0.0109|
KL coef: 0.6722772425621963
Train loss (one batch): 6392.57666015625
Train CE loss (one batch): 0.0
Test MSE: 0.0131
Poisson likelihood: 0.0
CE loss: 0.0
Experiment 26531
Epoch 0122 [Test seq (cond on sampled tp)] | Loss 6518.191895 | Likelihood -6534.279785 | KL fp 5.1817 | FP STD 0.0110|
KL coef: 0.6755544701365743
Train loss (one batch): 6377.15625
Train CE loss (one batch): 0.0
Test MSE: 0.0131
Poisson likelihood: 0.0
CE loss: 0.0
Experiment 26531
Epoch 0123 [Test seq (cond on sampled tp)] | Loss 6508.094238 | Likelihood -6508.734863 | KL fp 5.2213 | FP STD 0.0106|
KL coef: 0.6787989254352086
Train loss (one batch): 6352.548828125
Train CE loss (one batch): 0.0
Test MSE: 0.0130
Poisson likelihood: 0.0
CE loss: 0.0
Experiment 26531
Epoch 0124 [Test seq (cond on sampled tp)] | Loss 6492.062988 | Likelihood -6492.236816 | KL fp 5.1646 | FP STD 0.0108|
KL coef: 0.6820109361808565
Train loss (one batch): 6335.52294921875
Train CE loss (one batch): 0.0
Test MSE: 0.0130
Poisson likelihood: 0.0
CE loss: 0.0
Experiment 26531
Epoch 0125 [Test seq (cond on sampled tp)] | Loss 6456.404785 | Likelihood -6456.854004 | KL fp 5.2667 | FP STD 0.0100|
KL coef: 0.685190826819048
Train loss (one batch): 6313.14501953125
Train CE loss (one batch): 0.0
Test MSE: 0.0129
Poisson likelihood: 0.0
CE loss: 0.0
Experiment 26531
Epoch 0126 [Test seq (cond on sampled tp)] | Loss 6431.004395 | Likelihood -6430.328613 | KL fp 5.1893 | FP STD 0.0110|
KL coef: 0.6883389185508575
Train loss (one batch): 6264.177734375
Train CE loss (one batch): 0.0
Test MSE: 0.0129
Poisson likelihood: 0.0
CE loss: 0.0
Experiment 26531
Epoch 0127 [Test seq (cond on sampled tp)] | Loss 6406.587402 | Likelihood -6413.859863 | KL fp 5.2300 | FP STD 0.0109|
KL coef: 0.6914555293653489
Train loss (one batch): 6212.65234375
Train CE loss (one batch): 0.0
Test MSE: 0.0128
Poisson likelihood: 0.0
CE loss: 0.0
Experiment 26531
Epoch 0128 [Test seq (cond on sampled tp)] | Loss 6376.157715 | Likelihood -6380.486328 | KL fp 5.2204 | FP STD 0.0104|
KL coef: 0.6945409740716955
Train loss (one batch): 6223.25048828125
Train CE loss (one batch): 0.0
Test MSE: 0.0128
Poisson likelihood: 0.0
CE loss: 0.0
Experiment 26531
Epoch 0129 [Test seq (cond on sampled tp)] | Loss 6355.519043 | Likelihood -6353.735840 | KL fp 5.2894 | FP STD 0.0100|
KL coef: 0.6975955643309785
Train loss (one batch): 6158.18798828125
Train CE loss (one batch): 0.0
Test MSE: 0.0127
Poisson likelihood: 0.0
CE loss: 0.0
Experiment 26531
Epoch 0130 [Test seq (cond on sampled tp)] | Loss 6331.032715 | Likelihood -6331.735840 | KL fp 5.3077 | FP STD 0.0097|
KL coef: 0.7006196086876687
Train loss (one batch): 6145.359375
Train CE loss (one batch): 0.0
Test MSE: 0.0127
Poisson likelihood: 0.0
CE loss: 0.0
Experiment 26531
Epoch 0131 [Test seq (cond on sampled tp)] | Loss 6304.666016 | Likelihood -6307.054199 | KL fp 5.3456 | FP STD 0.0095|
KL coef: 0.703613412600792
Train loss (one batch): 6126.3388671875
Train CE loss (one batch): 0.0
Test MSE: 0.0126
Poisson likelihood: 0.0
CE loss: 0.0
Experiment 26531
Epoch 0132 [Test seq (cond on sampled tp)] | Loss 6280.660156 | Likelihood -6283.201660 | KL fp 5.3105 | FP STD 0.0098|
KL coef: 0.7065772784747841
Train loss (one batch): 6088.91162109375
Train CE loss (one batch): 0.0
Test MSE: 0.0126
Poisson likelihood: 0.0
CE loss: 0.0
Experiment 26531
Epoch 0133 [Test seq (cond on sampled tp)] | Loss 6263.032715 | Likelihood -6262.337402 | KL fp 5.3785 | FP STD 0.0092|
KL coef: 0.7095115056900363
Train loss (one batch): 6052.2763671875
Train CE loss (one batch): 0.0
Test MSE: 0.0125
Poisson likelihood: 0.0
CE loss: 0.0
Experiment 26531
Epoch 0134 [Test seq (cond on sampled tp)] | Loss 6237.182617 | Likelihood -6238.371582 | KL fp 5.2947 | FP STD 0.0098|
KL coef: 0.7124163906331359
Train loss (one batch): 6014.70654296875
Train CE loss (one batch): 0.0
Test MSE: 0.0125
Poisson likelihood: 0.0
CE loss: 0.0
Experiment 26531
Epoch 0135 [Test seq (cond on sampled tp)] | Loss 6213.103516 | Likelihood -6216.492188 | KL fp 5.3439 | FP STD 0.0093|
KL coef: 0.7152922267268045
Train loss (one batch): 6019.95947265625
Train CE loss (one batch): 0.0
Test MSE: 0.0124
Poisson likelihood: 0.0
CE loss: 0.0
Experiment 26531
Epoch 0136 [Test seq (cond on sampled tp)] | Loss 6200.811523 | Likelihood -6200.876953 | KL fp 5.4360 | FP STD 0.0087|
KL coef: 0.7181393044595366
Train loss (one batch): 5968.97509765625
Train CE loss (one batch): 0.0
Test MSE: 0.0124
Poisson likelihood: 0.0
CE loss: 0.0
Experiment 26531
Epoch 0137 [Test seq (cond on sampled tp)] | Loss 6173.861816 | Likelihood -6182.181152 | KL fp 5.2891 | FP STD 0.0100|
KL coef: 0.7209579114149411
Train loss (one batch): 5977.818359375
Train CE loss (one batch): 0.0
Test MSE: 0.0124
Poisson likelihood: 0.0
CE loss: 0.0
Experiment 26531
Epoch 0138 [Test seq (cond on sampled tp)] | Loss 6147.258301 | Likelihood -6154.503418 | KL fp 5.3260 | FP STD 0.0096|
KL coef: 0.7237483323007917
Train loss (one batch): 5931.4228515625
Train CE loss (one batch): 0.0
Test MSE: 0.0123
Poisson likelihood: 0.0
CE loss: 0.0
Experiment 26531
Epoch 0139 [Test seq (cond on sampled tp)] | Loss 6129.345215 | Likelihood -6132.896973 | KL fp 5.3296 | FP STD 0.0096|
KL coef: 0.7265108489777838
Train loss (one batch): 5911.21435546875
Train CE loss (one batch): 0.0
Test MSE: 0.0123
Poisson likelihood: 0.0
CE loss: 0.0
Experiment 26531
Epoch 0140 [Test seq (cond on sampled tp)] | Loss 6111.025391 | Likelihood -6117.564453 | KL fp 5.3146 | FP STD 0.0096|
KL coef: 0.729245740488006
Train loss (one batch): 5889.453125
Train CE loss (one batch): 0.0
Test MSE: 0.0122
Poisson likelihood: 0.0
CE loss: 0.0
Experiment 26531
Epoch 0141 [Test seq (cond on sampled tp)] | Loss 6083.897461 | Likelihood -6087.544434 | KL fp 5.3774 | FP STD 0.0089|
KL coef: 0.7319532830831259
Train loss (one batch): 5858.79833984375
Train CE loss (one batch): 0.0
Test MSE: 0.0122
Poisson likelihood: 0.0
CE loss: 0.0
Experiment 26531
Epoch 0142 [Test seq (cond on sampled tp)] | Loss 6072.958496 | Likelihood -6075.146484 | KL fp 5.3901 | FP STD 0.0090|
KL coef: 0.7346337502522946
Train loss (one batch): 5817.49169921875
Train CE loss (one batch): 0.0
Test MSE: 0.0122
Poisson likelihood: 0.0
CE loss: 0.0
Experiment 26531
Epoch 0143 [Test seq (cond on sampled tp)] | Loss 6052.744141 | Likelihood -6050.960938 | KL fp 5.4286 | FP STD 0.0088|
KL coef: 0.7372874127497717
Train loss (one batch): 5820.04345703125
Train CE loss (one batch): 0.0
Test MSE: 0.0121
Poisson likelihood: 0.0
CE loss: 0.0
Experiment 26531
Epoch 0144 [Test seq (cond on sampled tp)] | Loss 6022.493164 | Likelihood -6024.583984 | KL fp 5.4599 | FP STD 0.0085|
KL coef: 0.739914538622274
Train loss (one batch): 5769.04296875
Train CE loss (one batch): 0.0
Test MSE: 0.0121
Poisson likelihood: 0.0
CE loss: 0.0
Experiment 26531
Epoch 0145 [Test seq (cond on sampled tp)] | Loss 6013.272461 | Likelihood -6015.980957 | KL fp 5.3730 | FP STD 0.0093|
KL coef: 0.7425153932360513
Train loss (one batch): 5782.6396484375
Train CE loss (one batch): 0.0
Test MSE: 0.0120
Poisson likelihood: 0.0
CE loss: 0.0
Experiment 26531
Epoch 0146 [Test seq (cond on sampled tp)] | Loss 5991.863770 | Likelihood -5993.087891 | KL fp 5.4413 | FP STD 0.0087|
KL coef: 0.7450902393036907
Train loss (one batch): 5738.779296875
Train CE loss (one batch): 0.0
Test MSE: 0.0120
Poisson likelihood: 0.0
CE loss: 0.0
Experiment 26531
Epoch 0147 [Test seq (cond on sampled tp)] | Loss 5970.030273 | Likelihood -5968.707031 | KL fp 5.3828 | FP STD 0.0093|
KL coef: 0.7476393369106538
Train loss (one batch): 5727.2216796875
Train CE loss (one batch): 0.0
Test MSE: 0.0119
Poisson likelihood: 0.0
CE loss: 0.0
Experiment 26531
Epoch 0148 [Test seq (cond on sampled tp)] | Loss 5960.512695 | Likelihood -5960.035156 | KL fp 5.3512 | FP STD 0.0094|
KL coef: 0.7501629435415473
Train loss (one batch): 5699.14599609375
Train CE loss (one batch): 0.0
Test MSE: 0.0119
Poisson likelihood: 0.0
CE loss: 0.0
Experiment 26531
Epoch 0149 [Test seq (cond on sampled tp)] | Loss 5949.459473 | Likelihood -5950.662109 | KL fp 5.3262 | FP STD 0.0100|
KL coef: 0.7526613141061318
Train loss (one batch): 5699.55078125
Train CE loss (one batch): 0.0
Test MSE: 0.0119
Poisson likelihood: 0.0
CE loss: 0.0
Experiment 26531
Epoch 0150 [Test seq (cond on sampled tp)] | Loss 5920.580078 | Likelihood -5922.497559 | KL fp 5.4006 | FP STD 0.0090|
KL coef: 0.7551347009650705
Train loss (one batch): 5657.1259765625
Train CE loss (one batch): 0.0
Test MSE: 0.0119
Poisson likelihood: 0.0
CE loss: 0.0
Experiment 26531
Epoch 0151 [Test seq (cond on sampled tp)] | Loss 5903.812500 | Likelihood -5906.075684 | KL fp 5.4591 | FP STD 0.0085|
KL coef: 0.7575833539554198
Train loss (one batch): 5619.359375
Train CE loss (one batch): 0.0
Test MSE: 0.0118
Poisson likelihood: 0.0
CE loss: 0.0
Experiment 26531
Epoch 0152 [Test seq (cond on sampled tp)] | Loss 5880.270996 | Likelihood -5881.710938 | KL fp 5.4121 | FP STD 0.0088|
KL coef: 0.7600075204158656
Train loss (one batch): 5625.6328125
Train CE loss (one batch): 0.0
Test MSE: 0.0118
Poisson likelihood: 0.0
CE loss: 0.0
Experiment 26531
Epoch 0153 [Test seq (cond on sampled tp)] | Loss 5860.895508 | Likelihood -5862.996094 | KL fp 5.3947 | FP STD 0.0088|
KL coef: 0.762407445211707
Train loss (one batch): 5584.09130859375
Train CE loss (one batch): 0.0
Test MSE: 0.0117
Poisson likelihood: 0.0
CE loss: 0.0
Experiment 26531
Epoch 0154 [Test seq (cond on sampled tp)] | Loss 5841.331543 | Likelihood -5841.247559 | KL fp 5.4377 | FP STD 0.0086|
KL coef: 0.7647833707595899
Train loss (one batch): 5570.337890625
Train CE loss (one batch): 0.0
Test MSE: 0.0117
Poisson likelihood: 0.0
CE loss: 0.0
Experiment 26531
Epoch 0155 [Test seq (cond on sampled tp)] | Loss 5823.070312 | Likelihood -5820.734375 | KL fp 5.4628 | FP STD 0.0085|
KL coef: 0.767135537051994
Train loss (one batch): 5559.7177734375
Train CE loss (one batch): 0.0
Test MSE: 0.0117
Poisson likelihood: 0.0
CE loss: 0.0
Experiment 26531
Epoch 0156 [Test seq (cond on sampled tp)] | Loss 5805.201660 | Likelihood -5809.566406 | KL fp 5.3707 | FP STD 0.0091|
KL coef: 0.769464181681474
Train loss (one batch): 5537.533203125
Train CE loss (one batch): 0.0
Test MSE: 0.0116
Poisson likelihood: 0.0
CE loss: 0.0
Experiment 26531
Epoch 0157 [Test seq (cond on sampled tp)] | Loss 5786.808594 | Likelihood -5794.376953 | KL fp 5.3865 | FP STD 0.0088|
KL coef: 0.7717695398646593
Train loss (one batch): 5524.2578125
Train CE loss (one batch): 0.0
Test MSE: 0.0116
Poisson likelihood: 0.0
CE loss: 0.0
Experiment 26531
Epoch 0158 [Test seq (cond on sampled tp)] | Loss 5768.000488 | Likelihood -5775.038574 | KL fp 5.5119 | FP STD 0.0082|
KL coef: 0.7740518444660127
Train loss (one batch): 5515.20166015625
Train CE loss (one batch): 0.0
Test MSE: 0.0116
Poisson likelihood: 0.0
CE loss: 0.0
Experiment 26531
Epoch 0159 [Test seq (cond on sampled tp)] | Loss 5756.743652 | Likelihood -5757.445312 | KL fp 5.4505 | FP STD 0.0084|
KL coef: 0.7763113260213526
Train loss (one batch): 5504.86181640625
Train CE loss (one batch): 0.0
Test MSE: 0.0115
Poisson likelihood: 0.0
CE loss: 0.0
Experiment 26531
Epoch 0160 [Test seq (cond on sampled tp)] | Loss 5749.008301 | Likelihood -5750.896973 | KL fp 5.4126 | FP STD 0.0086|
KL coef: 0.7785482127611391
Train loss (one batch): 5465.96337890625
Train CE loss (one batch): 0.0
Test MSE: 0.0115
Poisson likelihood: 0.0
CE loss: 0.0
Experiment 26531
Epoch 0161 [Test seq (cond on sampled tp)] | Loss 5731.342285 | Likelihood -5731.882812 | KL fp 5.4740 | FP STD 0.0084|
KL coef: 0.7807627306335276
Train loss (one batch): 5443.73193359375
Train CE loss (one batch): 0.0
Test MSE: 0.0115
Poisson likelihood: 0.0
CE loss: 0.0
Experiment 26531
Epoch 0162 [Test seq (cond on sampled tp)] | Loss 5725.550781 | Likelihood -5730.755859 | KL fp 5.1720 | FP STD 0.0115|
KL coef: 0.7829551033271924
Train loss (one batch): 5442.64501953125
Train CE loss (one batch): 0.0
Test MSE: 0.0115
Poisson likelihood: 0.0
CE loss: 0.0
Experiment 26531
Epoch 0163 [Test seq (cond on sampled tp)] | Loss 5712.375000 | Likelihood -5712.952637 | KL fp 5.1734 | FP STD 0.0124|
KL coef: 0.7851255522939204
Train loss (one batch): 5470.4052734375
Train CE loss (one batch): 0.0
Test MSE: 0.0114
Poisson likelihood: 0.0
CE loss: 0.0
Experiment 26531
Epoch 0164 [Test seq (cond on sampled tp)] | Loss 5696.634277 | Likelihood -5695.259277 | KL fp 5.2490 | FP STD 0.0107|
KL coef: 0.7872742967709813
Train loss (one batch): 5435.05908203125
Train CE loss (one batch): 0.0
Test MSE: 0.0114
Poisson likelihood: 0.0
CE loss: 0.0
Experiment 26531
Epoch 0165 [Test seq (cond on sampled tp)] | Loss 5660.762695 | Likelihood -5660.376465 | KL fp 5.3139 | FP STD 0.0096|
KL coef: 0.7894015538032715
Train loss (one batch): 5381.3232421875
Train CE loss (one batch): 0.0
Test MSE: 0.0113
Poisson likelihood: 0.0
CE loss: 0.0
Experiment 26531
Epoch 0166 [Test seq (cond on sampled tp)] | Loss 5653.889160 | Likelihood -5657.946777 | KL fp 5.3833 | FP STD 0.0091|
KL coef: 0.7915075382652388
Train loss (one batch): 5352.173828125
Train CE loss (one batch): 0.0
Test MSE: 0.0113
Poisson likelihood: 0.0
CE loss: 0.0
Experiment 26531
Epoch 0167 [Test seq (cond on sampled tp)] | Loss 5634.083496 | Likelihood -5637.259766 | KL fp 5.4709 | FP STD 0.0084|
KL coef: 0.7935924628825863
Train loss (one batch): 5354.50146484375
Train CE loss (one batch): 0.0
Test MSE: 0.0113
Poisson likelihood: 0.0
CE loss: 0.0
Experiment 26531
Epoch 0168 [Test seq (cond on sampled tp)] | Loss 5621.930176 | Likelihood -5622.655762 | KL fp 5.4666 | FP STD 0.0084|
KL coef: 0.7956565382537605
Train loss (one batch): 5322.78173828125
Train CE loss (one batch): 0.0
Test MSE: 0.0113
Poisson likelihood: 0.0
CE loss: 0.0
Experiment 26531
Epoch 0169 [Test seq (cond on sampled tp)] | Loss 5611.664062 | Likelihood -5610.051270 | KL fp 5.4008 | FP STD 0.0090|
KL coef: 0.7976999728712229
Train loss (one batch): 5316.4775390625
Train CE loss (one batch): 0.0
Test MSE: 0.0112
Poisson likelihood: 0.0
CE loss: 0.0
Experiment 26531
Epoch 0170 [Test seq (cond on sampled tp)] | Loss 5592.746582 | Likelihood -5591.076172 | KL fp 5.4334 | FP STD 0.0087|
KL coef: 0.7997229731425107
Train loss (one batch): 5294.4775390625
Train CE loss (one batch): 0.0
Test MSE: 0.0112
Poisson likelihood: 0.0
CE loss: 0.0
Experiment 26531
Epoch 0171 [Test seq (cond on sampled tp)] | Loss 5570.297363 | Likelihood -5573.675293 | KL fp 5.5127 | FP STD 0.0081|
KL coef: 0.8017257434110856
Train loss (one batch): 5278.00927734375
Train CE loss (one batch): 0.0
Test MSE: 0.0112
Poisson likelihood: 0.0
CE loss: 0.0
Experiment 26531
Epoch 0172 [Test seq (cond on sampled tp)] | Loss 5554.129883 | Likelihood -5554.236816 | KL fp 5.5039 | FP STD 0.0081|
KL coef: 0.8037084859769748
Train loss (one batch): 5268.02001953125
Train CE loss (one batch): 0.0
Test MSE: 0.0111
Poisson likelihood: 0.0
CE loss: 0.0
Experiment 26531
Epoch 0173 [Test seq (cond on sampled tp)] | Loss 5548.551270 | Likelihood -5547.020020 | KL fp 5.5090 | FP STD 0.0080|
KL coef: 0.805671401117205
Train loss (one batch): 5253.583984375
Train CE loss (one batch): 0.0
Test MSE: 0.0111
Poisson likelihood: 0.0
CE loss: 0.0
Experiment 26531
Epoch 0174 [Test seq (cond on sampled tp)] | Loss 5541.885742 | Likelihood -5539.203613 | KL fp 5.4970 | FP STD 0.0081|
KL coef: 0.8076146871060329
Train loss (one batch): 5209.82568359375
Train CE loss (one batch): 0.0
Test MSE: 0.0111
Poisson likelihood: 0.0
CE loss: 0.0
Experiment 26531
Epoch 0175 [Test seq (cond on sampled tp)] | Loss 5519.970215 | Likelihood -5522.332031 | KL fp 5.5401 | FP STD 0.0079|
KL coef: 0.8095385402349726
Train loss (one batch): 5199.99072265625
Train CE loss (one batch): 0.0
Test MSE: 0.0111
Poisson likelihood: 0.0
CE loss: 0.0
Experiment 26531
Epoch 0176 [Test seq (cond on sampled tp)] | Loss 5499.022949 | Likelihood -5499.263184 | KL fp 5.5055 | FP STD 0.0080|
KL coef: 0.8114431548326229
Train loss (one batch): 5219.353515625
Train CE loss (one batch): 0.0
Test MSE: 0.0110
Poisson likelihood: 0.0
CE loss: 0.0
Experiment 26531
Epoch 0177 [Test seq (cond on sampled tp)] | Loss 5494.286133 | Likelihood -5492.107910 | KL fp 5.4958 | FP STD 0.0081|
KL coef: 0.8133287232842966
Train loss (one batch): 5169.4990234375
Train CE loss (one batch): 0.0
Test MSE: 0.0110
Poisson likelihood: 0.0
CE loss: 0.0
Experiment 26531
Epoch 0178 [Test seq (cond on sampled tp)] | Loss 5485.946777 | Likelihood -5486.515625 | KL fp 5.3378 | FP STD 0.0097|
KL coef: 0.8151954360514537
Train loss (one batch): 5192.21533203125
Train CE loss (one batch): 0.0
Test MSE: 0.0110
Poisson likelihood: 0.0
CE loss: 0.0
Experiment 26531
Epoch 0179 [Test seq (cond on sampled tp)] | Loss 5456.822754 | Likelihood -5459.219238 | KL fp 5.4907 | FP STD 0.0085|
KL coef: 0.8170434816909391
Train loss (one batch): 5144.85986328125
Train CE loss (one batch): 0.0
Test MSE: 0.0109
Poisson likelihood: 0.0
CE loss: 0.0
Experiment 26531
Epoch 0180 [Test seq (cond on sampled tp)] | Loss 5445.004395 | Likelihood -5445.875488 | KL fp 5.4467 | FP STD 0.0083|
KL coef: 0.8188730468740297
Train loss (one batch): 5144.3310546875
Train CE loss (one batch): 0.0
Test MSE: 0.0109
Poisson likelihood: 0.0
CE loss: 0.0
Experiment 26531
Epoch 0181 [Test seq (cond on sampled tp)] | Loss 5425.617188 | Likelihood -5427.357910 | KL fp 5.4746 | FP STD 0.0081|
KL coef: 0.8206843164052895
Train loss (one batch): 5132.50048828125
Train CE loss (one batch): 0.0
Test MSE: 0.0109
Poisson likelihood: 0.0
CE loss: 0.0
Experiment 26531
Epoch 0182 [Test seq (cond on sampled tp)] | Loss 5419.057617 | Likelihood -5417.779785 | KL fp 5.4965 | FP STD 0.0081|
KL coef: 0.8224774732412365
Train loss (one batch): 5100.0771484375
Train CE loss (one batch): 0.0
Test MSE: 0.0108
Poisson likelihood: 0.0
CE loss: 0.0
Experiment 26531
Epoch 0183 [Test seq (cond on sampled tp)] | Loss 5394.042969 | Likelihood -5396.488770 | KL fp 5.5500 | FP STD 0.0078|
KL coef: 0.8242526985088242
Train loss (one batch): 5105.5830078125
Train CE loss (one batch): 0.0
Test MSE: 0.0108
Poisson likelihood: 0.0
CE loss: 0.0
Experiment 26531
Epoch 0184 [Test seq (cond on sampled tp)] | Loss 5379.969727 | Likelihood -5384.924316 | KL fp 5.3065 | FP STD 0.0094|
KL coef: 0.826010171523736
Train loss (one batch): 5090.0859375
Train CE loss (one batch): 0.0
Test MSE: 0.0108
Poisson likelihood: 0.0
CE loss: 0.0
Experiment 26531
Epoch 0185 [Test seq (cond on sampled tp)] | Loss 5368.957031 | Likelihood -5372.015625 | KL fp 5.3817 | FP STD 0.0086|
KL coef: 0.8277500698084986
Train loss (one batch): 5061.736328125
Train CE loss (one batch): 0.0
Test MSE: 0.0108
Poisson likelihood: 0.0
CE loss: 0.0
Experiment 26531
Epoch 0186 [Test seq (cond on sampled tp)] | Loss 5358.070312 | Likelihood -5365.216309 | KL fp 5.4999 | FP STD 0.0081|
KL coef: 0.8294725691104137
Train loss (one batch): 5046.0556640625
Train CE loss (one batch): 0.0
Test MSE: 0.0107
Poisson likelihood: 0.0
CE loss: 0.0
Experiment 26531
Epoch 0187 [Test seq (cond on sampled tp)] | Loss 5351.799316 | Likelihood -5351.318359 | KL fp 5.4406 | FP STD 0.0087|
KL coef: 0.8311778434193096
Train loss (one batch): 5046.35009765625
Train CE loss (one batch): 0.0
Test MSE: 0.0107
Poisson likelihood: 0.0
CE loss: 0.0
Experiment 26531
Epoch 0188 [Test seq (cond on sampled tp)] | Loss 5322.938965 | Likelihood -5321.466309 | KL fp 5.5089 | FP STD 0.0080|
KL coef: 0.8328660649851164
Train loss (one batch): 5037.033203125
Train CE loss (one batch): 0.0
Test MSE: 0.0107
Poisson likelihood: 0.0
CE loss: 0.0
Experiment 26531
Epoch 0189 [Test seq (cond on sampled tp)] | Loss 5302.843262 | Likelihood -5304.568359 | KL fp 5.4215 | FP STD 0.0085|
KL coef: 0.8345374043352652
Train loss (one batch): 4994.58740234375
Train CE loss (one batch): 0.0
Test MSE: 0.0106
Poisson likelihood: 0.0
CE loss: 0.0
Experiment 26531
Epoch 0190 [Test seq (cond on sampled tp)] | Loss 5299.821289 | Likelihood -5299.801270 | KL fp 5.5664 | FP STD 0.0077|
KL coef: 0.8361920302919126
Train loss (one batch): 4989.75732421875
Train CE loss (one batch): 0.0
Test MSE: 0.0106
Poisson likelihood: 0.0
CE loss: 0.0
Experiment 26531
Epoch 0191 [Test seq (cond on sampled tp)] | Loss 5278.910645 | Likelihood -5278.078125 | KL fp 5.5877 | FP STD 0.0075|
KL coef: 0.8378301099889934
Train loss (one batch): 4960.3662109375
Train CE loss (one batch): 0.0
Test MSE: 0.0106
Poisson likelihood: 0.0
CE loss: 0.0
Experiment 26531
Epoch 0192 [Test seq (cond on sampled tp)] | Loss 5277.974609 | Likelihood -5276.105469 | KL fp 5.4556 | FP STD 0.0084|
KL coef: 0.8394518088891035
Train loss (one batch): 4953.1572265625
Train CE loss (one batch): 0.0
Test MSE: 0.0106
Poisson likelihood: 0.0
CE loss: 0.0
Experiment 26531
Epoch 0193 [Test seq (cond on sampled tp)] | Loss 5258.018555 | Likelihood -5256.357422 | KL fp 5.4230 | FP STD 0.0085|
KL coef: 0.8410572908002125
Train loss (one batch): 4953.46826171875
Train CE loss (one batch): 0.0
Test MSE: 0.0105
Poisson likelihood: 0.0
CE loss: 0.0
Experiment 26531
Epoch 0194 [Test seq (cond on sampled tp)] | Loss 5236.505859 | Likelihood -5240.487793 | KL fp 5.3458 | FP STD 0.0096|
KL coef: 0.8426467178922104
Train loss (one batch): 4932.263671875
Train CE loss (one batch): 0.0
Test MSE: 0.0105
Poisson likelihood: 0.0
CE loss: 0.0
Experiment 26531
Epoch 0195 [Test seq (cond on sampled tp)] | Loss 5238.063965 | Likelihood -5236.978027 | KL fp 5.2779 | FP STD 0.0101|
KL coef: 0.8442202507132883
Train loss (one batch): 4914.37060546875
Train CE loss (one batch): 0.0
Test MSE: 0.0105
Poisson likelihood: 0.0
CE loss: 0.0
Experiment 26531
Epoch 0196 [Test seq (cond on sampled tp)] | Loss 5217.307617 | Likelihood -5217.894531 | KL fp 5.4274 | FP STD 0.0086|
KL coef: 0.8457780482061554
Train loss (one batch): 4901.11328125
Train CE loss (one batch): 0.0
Test MSE: 0.0104
Poisson likelihood: 0.0
CE loss: 0.0
Experiment 26531
Epoch 0197 [Test seq (cond on sampled tp)] | Loss 5206.764160 | Likelihood -5209.489746 | KL fp 5.3752 | FP STD 0.0098|
KL coef: 0.8473202677240939
Train loss (one batch): 4889.298828125
Train CE loss (one batch): 0.0
Test MSE: 0.0104
Poisson likelihood: 0.0
CE loss: 0.0
Experiment 26531
Epoch 0198 [Test seq (cond on sampled tp)] | Loss 5183.414062 | Likelihood -5181.286621 | KL fp 5.4214 | FP STD 0.0093|
KL coef: 0.8488470650468529
Train loss (one batch): 4876.99072265625
Train CE loss (one batch): 0.0
Test MSE: 0.0104
Poisson likelihood: 0.0
CE loss: 0.0
Experiment 26531
Epoch 0199 [Test seq (cond on sampled tp)] | Loss 5156.186523 | Likelihood -5156.316895 | KL fp 5.4821 | FP STD 0.0084|
KL coef: 0.8503585943963844
Train loss (one batch): 4852.33544921875
Train CE loss (one batch): 0.0
Test MSE: 0.0103
Poisson likelihood: 0.0
CE loss: 0.0
Experiment 26531
Epoch 0200 [Test seq (cond on sampled tp)] | Loss 5155.046875 | Likelihood -5154.162109 | KL fp 5.3890 | FP STD 0.0093|
KL coef: 0.8518550084524206
Train loss (one batch): 4855.0009765625
Train CE loss (one batch): 0.0
Test MSE: 0.0103
Poisson likelihood: 0.0
CE loss: 0.0
Experiment 26531
Epoch 0201 [Test seq (cond on sampled tp)] | Loss 5137.570801 | Likelihood -5137.949219 | KL fp 5.5020 | FP STD 0.0085|
KL coef: 0.8533364583678963
Train loss (one batch): 4833.685546875
Train CE loss (one batch): 0.0
Test MSE: 0.0103
Poisson likelihood: 0.0
CE loss: 0.0
Experiment 26531
Epoch 0202 [Test seq (cond on sampled tp)] | Loss 5137.449707 | Likelihood -5137.029785 | KL fp 5.3425 | FP STD 0.0102|
KL coef: 0.8548030937842174
Train loss (one batch): 4837.30078125
Train CE loss (one batch): 0.0
Test MSE: 0.0103
Poisson likelihood: 0.0
CE loss: 0.0
Experiment 26531
Epoch 0203 [Test seq (cond on sampled tp)] | Loss 5116.497559 | Likelihood -5114.186035 | KL fp 5.3404 | FP STD 0.0099|
KL coef: 0.8562550628463752
Train loss (one batch): 4817.62451171875
Train CE loss (one batch): 0.0
Test MSE: 0.0102
Poisson likelihood: 0.0
CE loss: 0.0
Experiment 26531
Epoch 0204 [Test seq (cond on sampled tp)] | Loss 5103.974609 | Likelihood -5103.643555 | KL fp 5.4176 | FP STD 0.0087|
KL coef: 0.8576925122179114
Train loss (one batch): 4797.064453125
Train CE loss (one batch): 0.0
Test MSE: 0.0102
Poisson likelihood: 0.0
CE loss: 0.0
Experiment 26531
Epoch 0205 [Test seq (cond on sampled tp)] | Loss 5083.295410 | Likelihood -5085.047363 | KL fp 5.5075 | FP STD 0.0081|
KL coef: 0.8591155870957323
Train loss (one batch): 4785.3671875
Train CE loss (one batch): 0.0
Test MSE: 0.0102
Poisson likelihood: 0.0
CE loss: 0.0
Experiment 26531
Epoch 0206 [Test seq (cond on sampled tp)] | Loss 5083.740723 | Likelihood -5081.908691 | KL fp 5.4639 | FP STD 0.0082|
KL coef: 0.8605244312247751
Train loss (one batch): 4772.96044921875
Train CE loss (one batch): 0.0
Test MSE: 0.0102
Poisson likelihood: 0.0
CE loss: 0.0
Experiment 26531
Epoch 0207 [Test seq (cond on sampled tp)] | Loss 5059.104004 | Likelihood -5056.487793 | KL fp 5.5487 | FP STD 0.0077|
KL coef: 0.8619191869125272
Train loss (one batch): 4770.7314453125
Train CE loss (one batch): 0.0
Test MSE: 0.0101
Poisson likelihood: 0.0
CE loss: 0.0
Experiment 26531
Epoch 0208 [Test seq (cond on sampled tp)] | Loss 5054.104980 | Likelihood -5052.277344 | KL fp 5.5738 | FP STD 0.0077|
KL coef: 0.8632999950434019
Train loss (one batch): 4754.1220703125
Train CE loss (one batch): 0.0
Test MSE: 0.0101
Poisson likelihood: 0.0
CE loss: 0.0
Experiment 26531
Epoch 0209 [Test seq (cond on sampled tp)] | Loss 5059.775391 | Likelihood -5059.444824 | KL fp 5.3565 | FP STD 0.0099|
KL coef: 0.864666995092968
Train loss (one batch): 4742.970703125
Train CE loss (one batch): 0.0
Test MSE: 0.0101
Poisson likelihood: 0.0
CE loss: 0.0
Experiment 26531
Epoch 0210 [Test seq (cond on sampled tp)] | Loss 5036.375977 | Likelihood -5035.668457 | KL fp 5.3515 | FP STD 0.0100|
KL coef: 0.8660203251420383
Train loss (one batch): 4750.44287109375
Train CE loss (one batch): 0.0
Test MSE: 0.0101
Poisson likelihood: 0.0
CE loss: 0.0
Experiment 26531
Epoch 0211 [Test seq (cond on sampled tp)] | Loss 5025.468262 | Likelihood -5028.849609 | KL fp 5.2168 | FP STD 0.0105|
KL coef: 0.867360121890618
Train loss (one batch): 4722.01513671875
Train CE loss (one batch): 0.0
Test MSE: 0.0101
Poisson likelihood: 0.0
CE loss: 0.0
Experiment 26531
Epoch 0212 [Test seq (cond on sampled tp)] | Loss 5022.035645 | Likelihood -5024.590332 | KL fp 5.2639 | FP STD 0.0103|
KL coef: 0.8686865206717117
Train loss (one batch): 4712.16943359375
Train CE loss (one batch): 0.0
Test MSE: 0.0101
Poisson likelihood: 0.0
CE loss: 0.0
Experiment 26531
Epoch 0213 [Test seq (cond on sampled tp)] | Loss 5006.388184 | Likelihood -5003.255859 | KL fp 5.3884 | FP STD 0.0091|
KL coef: 0.8699996554649946
Train loss (one batch): 4710.41943359375
Train CE loss (one batch): 0.0
Test MSE: 0.0100
Poisson likelihood: 0.0
CE loss: 0.0
Experiment 26531
Epoch 0214 [Test seq (cond on sampled tp)] | Loss 4979.311035 | Likelihood -4977.695801 | KL fp 5.4938 | FP STD 0.0083|
KL coef: 0.8712996589103447
Train loss (one batch): 4682.52783203125
Train CE loss (one batch): 0.0
Test MSE: 0.0100
Poisson likelihood: 0.0
CE loss: 0.0
Experiment 26531
Epoch 0215 [Test seq (cond on sampled tp)] | Loss 4961.555664 | Likelihood -4966.388184 | KL fp 5.4343 | FP STD 0.0085|
KL coef: 0.8725866623212413
Train loss (one batch): 4673.69873046875
Train CE loss (one batch): 0.0
Test MSE: 0.0099
Poisson likelihood: 0.0
CE loss: 0.0
Experiment 26531
Epoch 0216 [Test seq (cond on sampled tp)] | Loss 4955.001953 | Likelihood -4957.201660 | KL fp 5.5254 | FP STD 0.0078|
KL coef: 0.8738607956980289
Train loss (one batch): 4656.18310546875
Train CE loss (one batch): 0.0
Test MSE: 0.0099
Poisson likelihood: 0.0
CE loss: 0.0
Experiment 26531
Epoch 0217 [Test seq (cond on sampled tp)] | Loss 4954.576172 | Likelihood -4955.785645 | KL fp 5.4802 | FP STD 0.0082|
KL coef: 0.8751221877410486
Train loss (one batch): 4669.26220703125
Train CE loss (one batch): 0.0
Test MSE: 0.0099
Poisson likelihood: 0.0
CE loss: 0.0
Experiment 26531
Epoch 0218 [Test seq (cond on sampled tp)] | Loss 4940.117188 | Likelihood -4944.662109 | KL fp 5.5290 | FP STD 0.0078|
KL coef: 0.876370965863638
Train loss (one batch): 4655.8779296875
Train CE loss (one batch): 0.0
Test MSE: 0.0099
Poisson likelihood: 0.0
CE loss: 0.0
Experiment 26531
Epoch 0219 [Test seq (cond on sampled tp)] | Loss 4928.999023 | Likelihood -4925.554199 | KL fp 5.5316 | FP STD 0.0079|
KL coef: 0.8776072562050017
Train loss (one batch): 4632.58349609375
Train CE loss (one batch): 0.0
Test MSE: 0.0099
Poisson likelihood: 0.0
CE loss: 0.0
Experiment 26531
Epoch 0220 [Test seq (cond on sampled tp)] | Loss 4926.885254 | Likelihood -4927.521973 | KL fp 5.4757 | FP STD 0.0081|
KL coef: 0.8788311836429517
Train loss (one batch): 4623.09521484375
Train CE loss (one batch): 0.0
Test MSE: 0.0099
Poisson likelihood: 0.0
CE loss: 0.0
Experiment 26531
Epoch 0221 [Test seq (cond on sampled tp)] | Loss 4906.945312 | Likelihood -4908.799316 | KL fp 5.4726 | FP STD 0.0082|
KL coef: 0.8800428718065221
Train loss (one batch): 4614.73193359375
Train CE loss (one batch): 0.0
Test MSE: 0.0098
Poisson likelihood: 0.0
CE loss: 0.0
Experiment 26531
Epoch 0222 [Test seq (cond on sampled tp)] | Loss 4903.991699 | Likelihood -4903.732422 | KL fp 5.5449 | FP STD 0.0077|
KL coef: 0.8812424430884569
Train loss (one batch): 4608.4033203125
Train CE loss (one batch): 0.0
Test MSE: 0.0098
Poisson likelihood: 0.0
CE loss: 0.0
Experiment 26531
Epoch 0223 [Test seq (cond on sampled tp)] | Loss 4893.550781 | Likelihood -4892.513672 | KL fp 5.5746 | FP STD 0.0076|
KL coef: 0.8824300186575723
Train loss (one batch): 4600.8095703125
Train CE loss (one batch): 0.0
Test MSE: 0.0098
Poisson likelihood: 0.0
CE loss: 0.0
Experiment 26531
Epoch 0224 [Test seq (cond on sampled tp)] | Loss 4871.758301 | Likelihood -4873.027832 | KL fp 5.5419 | FP STD 0.0078|
KL coef: 0.8836057184709967
Train loss (one batch): 4603.076171875
Train CE loss (one batch): 0.0
Test MSE: 0.0098
Poisson likelihood: 0.0
CE loss: 0.0
Experiment 26531
Epoch 0225 [Test seq (cond on sampled tp)] | Loss 4870.484375 | Likelihood -4869.836426 | KL fp 5.4710 | FP STD 0.0081|
KL coef: 0.8847696612862866
Train loss (one batch): 4582.10791015625
Train CE loss (one batch): 0.0
Test MSE: 0.0098
Poisson likelihood: 0.0
CE loss: 0.0
Experiment 26531
Epoch 0226 [Test seq (cond on sampled tp)] | Loss 4860.820312 | Likelihood -4860.964355 | KL fp 5.4575 | FP STD 0.0082|
KL coef: 0.8859219646734238
Train loss (one batch): 4580.48193359375
Train CE loss (one batch): 0.0
Test MSE: 0.0097
Poisson likelihood: 0.0
CE loss: 0.0
Experiment 26531
Epoch 0227 [Test seq (cond on sampled tp)] | Loss 4867.320312 | Likelihood -4865.167480 | KL fp 5.4955 | FP STD 0.0083|
KL coef: 0.8870627450266896
Train loss (one batch): 4558.54248046875
Train CE loss (one batch): 0.0
Test MSE: 0.0097
Poisson likelihood: 0.0
CE loss: 0.0
Experiment 26531
Epoch 0228 [Test seq (cond on sampled tp)] | Loss 4855.912598 | Likelihood -4855.763184 | KL fp 5.5333 | FP STD 0.0078|
KL coef: 0.8881921175764227
Train loss (one batch): 4551.68701171875
Train CE loss (one batch): 0.0
Test MSE: 0.0097
Poisson likelihood: 0.0
CE loss: 0.0
Experiment 26531
Epoch 0229 [Test seq (cond on sampled tp)] | Loss 4833.690918 | Likelihood -4833.117676 | KL fp 5.5773 | FP STD 0.0075|
KL coef: 0.8893101964006584
Train loss (one batch): 4542.30908203125
Train CE loss (one batch): 0.0
Test MSE: 0.0097
Poisson likelihood: 0.0
CE loss: 0.0
Experiment 26531
Epoch 0230 [Test seq (cond on sampled tp)] | Loss 4829.062500 | Likelihood -4828.775391 | KL fp 5.5881 | FP STD 0.0077|
KL coef: 0.8904170944366518
Train loss (one batch): 4525.50146484375
Train CE loss (one batch): 0.0
Test MSE: 0.0097
Poisson likelihood: 0.0
CE loss: 0.0
Experiment 26531
Epoch 0231 [Test seq (cond on sampled tp)] | Loss 4820.013184 | Likelihood -4819.309082 | KL fp 5.5913 | FP STD 0.0076|
KL coef: 0.8915129234922854
Train loss (one batch): 4525.3115234375
Train CE loss (one batch): 0.0
Test MSE: 0.0097
Poisson likelihood: 0.0
CE loss: 0.0
Experiment 26531
Epoch 0232 [Test seq (cond on sampled tp)] | Loss 4808.343750 | Likelihood -4804.795410 | KL fp 5.5824 | FP STD 0.0076|
KL coef: 0.8925977942573625
Train loss (one batch): 4491.6953125
Train CE loss (one batch): 0.0
Test MSE: 0.0096
Poisson likelihood: 0.0
CE loss: 0.0
Experiment 26531
Epoch 0233 [Test seq (cond on sampled tp)] | Loss 4793.625000 | Likelihood -4790.248047 | KL fp 5.5320 | FP STD 0.0077|
KL coef: 0.8936718163147889
Train loss (one batch): 4506.630859375
Train CE loss (one batch): 0.0
Test MSE: 0.0096
Poisson likelihood: 0.0
CE loss: 0.0
Experiment 26531
Epoch 0234 [Test seq (cond on sampled tp)] | Loss 4786.294434 | Likelihood -4784.025879 | KL fp 5.5512 | FP STD 0.0077|
KL coef: 0.894735098151641
Train loss (one batch): 4495.12353515625
Train CE loss (one batch): 0.0
Test MSE: 0.0096
Poisson likelihood: 0.0
CE loss: 0.0
Experiment 26531
Epoch 0235 [Test seq (cond on sampled tp)] | Loss 4776.783203 | Likelihood -4779.863770 | KL fp 5.4837 | FP STD 0.0080|
KL coef: 0.8957877471701245
Train loss (one batch): 4486.79345703125
Train CE loss (one batch): 0.0
Test MSE: 0.0096
Poisson likelihood: 0.0
CE loss: 0.0
Experiment 26531
Epoch 0236 [Test seq (cond on sampled tp)] | Loss 4765.170410 | Likelihood -4768.591309 | KL fp 5.5646 | FP STD 0.0075|
KL coef: 0.8968298696984233
Train loss (one batch): 4494.4345703125
Train CE loss (one batch): 0.0
Test MSE: 0.0095
Poisson likelihood: 0.0
CE loss: 0.0
Experiment 26531
Epoch 0237 [Test seq (cond on sampled tp)] | Loss 4754.180176 | Likelihood -4752.701172 | KL fp 5.5931 | FP STD 0.0075|
KL coef: 0.897861571001439
Train loss (one batch): 4464.14306640625
Train CE loss (one batch): 0.0
Test MSE: 0.0095
Poisson likelihood: 0.0
CE loss: 0.0
Experiment 26531
Epoch 0238 [Test seq (cond on sampled tp)] | Loss 4744.678711 | Likelihood -4744.801270 | KL fp 5.5678 | FP STD 0.0077|
KL coef: 0.8988829552914247
Train loss (one batch): 4452.81591796875
Train CE loss (one batch): 0.0
Test MSE: 0.0095
Poisson likelihood: 0.0
CE loss: 0.0
Experiment 26531
Epoch 0239 [Test seq (cond on sampled tp)] | Loss 4737.711426 | Likelihood -4743.862793 | KL fp 5.5826 | FP STD 0.0076|
KL coef: 0.8998941257385105
Train loss (one batch): 4440.79052734375
Train CE loss (one batch): 0.0
Test MSE: 0.0095
Poisson likelihood: 0.0
CE loss: 0.0
Experiment 26531
Epoch 0240 [Test seq (cond on sampled tp)] | Loss 4738.777344 | Likelihood -4737.697266 | KL fp 5.5900 | FP STD 0.0075|
KL coef: 0.9008951844811254
Train loss (one batch): 4450.09423828125
Train CE loss (one batch): 0.0
Test MSE: 0.0095
Poisson likelihood: 0.0
CE loss: 0.0
Experiment 26531
Epoch 0241 [Test seq (cond on sampled tp)] | Loss 4732.069336 | Likelihood -4729.559570 | KL fp 5.5379 | FP STD 0.0077|
KL coef: 0.9018862326363141
Train loss (one batch): 4429.37841796875
Train CE loss (one batch): 0.0
Test MSE: 0.0095
Poisson likelihood: 0.0
CE loss: 0.0
Experiment 26531
Epoch 0242 [Test seq (cond on sampled tp)] | Loss 4714.287109 | Likelihood -4715.086426 | KL fp 5.4919 | FP STD 0.0079|
KL coef: 0.902867370309951
Train loss (one batch): 4425.7392578125
Train CE loss (one batch): 0.0
Test MSE: 0.0094
Poisson likelihood: 0.0
CE loss: 0.0
Experiment 26531
Epoch 0243 [Test seq (cond on sampled tp)] | Loss 4700.425293 | Likelihood -4699.567383 | KL fp 5.5448 | FP STD 0.0078|
KL coef: 0.9038386966068515
Train loss (one batch): 4411.361328125
Train CE loss (one batch): 0.0
Test MSE: 0.0094
Poisson likelihood: 0.0
CE loss: 0.0
Experiment 26531
Epoch 0244 [Test seq (cond on sampled tp)] | Loss 4683.182129 | Likelihood -4693.957031 | KL fp 5.4939 | FP STD 0.0082|
KL coef: 0.904800309640783
Train loss (one batch): 4396.06005859375
Train CE loss (one batch): 0.0
Test MSE: 0.0094
Poisson likelihood: 0.0
CE loss: 0.0
Experiment 26531
Epoch 0245 [Test seq (cond on sampled tp)] | Loss 4682.880371 | Likelihood -4685.316895 | KL fp 5.5466 | FP STD 0.0080|
KL coef: 0.9057523065443751
Train loss (one batch): 4389.97998046875
Train CE loss (one batch): 0.0
Test MSE: 0.0094
Poisson likelihood: 0.0
CE loss: 0.0
Experiment 26531
Epoch 0246 [Test seq (cond on sampled tp)] | Loss 4684.020996 | Likelihood -4682.236816 | KL fp 5.5371 | FP STD 0.0079|
KL coef: 0.9066947834789314
Train loss (one batch): 4385.69970703125
Train CE loss (one batch): 0.0
Test MSE: 0.0094
Poisson likelihood: 0.0
CE loss: 0.0
Experiment 26531
Epoch 0247 [Test seq (cond on sampled tp)] | Loss 4668.708008 | Likelihood -4673.928223 | KL fp 5.5255 | FP STD 0.0080|
KL coef: 0.9076278356441421
Train loss (one batch): 4387.99609375
Train CE loss (one batch): 0.0
Test MSE: 0.0094
Poisson likelihood: 0.0
CE loss: 0.0
Experiment 26531
Epoch 0248 [Test seq (cond on sampled tp)] | Loss 4662.298828 | Likelihood -4662.006348 | KL fp 5.4658 | FP STD 0.0086|
KL coef: 0.9085515572877007
Train loss (one batch): 4375.1552734375
Train CE loss (one batch): 0.0
Test MSE: 0.0093
Poisson likelihood: 0.0
CE loss: 0.0
Experiment 26531
Epoch 0249 [Test seq (cond on sampled tp)] | Loss 4646.198242 | Likelihood -4648.570801 | KL fp 5.4867 | FP STD 0.0083|
KL coef: 0.9094660417148236
Train loss (one batch): 4359.3994140625
Train CE loss (one batch): 0.0
Test MSE: 0.0093
Poisson likelihood: 0.0
CE loss: 0.0
Experiment 26531
Epoch 0250 [Test seq (cond on sampled tp)] | Loss 4646.666504 | Likelihood -4646.305176 | KL fp 5.3566 | FP STD 0.0092|
KL coef: 0.9103713812976754
Train loss (one batch): 4350.36767578125
Train CE loss (one batch): 0.0
Test MSE: 0.0093
Poisson likelihood: 0.0
CE loss: 0.0
Experiment 26531
Epoch 0251 [Test seq (cond on sampled tp)] | Loss 4624.595703 | Likelihood -4624.961426 | KL fp 5.5291 | FP STD 0.0080|
KL coef: 0.9112676674846987
Train loss (one batch): 4341.4443359375
Train CE loss (one batch): 0.0
Test MSE: 0.0093
Poisson likelihood: 0.0
CE loss: 0.0
Experiment 26531
Epoch 0252 [Test seq (cond on sampled tp)] | Loss 4608.843750 | Likelihood -4609.427246 | KL fp 5.5515 | FP STD 0.0077|
KL coef: 0.9121549908098516
Train loss (one batch): 4323.890625
Train CE loss (one batch): 0.0
Test MSE: 0.0092
Poisson likelihood: 0.0
CE loss: 0.0
Experiment 26531
Epoch 0253 [Test seq (cond on sampled tp)] | Loss 4610.308105 | Likelihood -4606.465332 | KL fp 5.5191 | FP STD 0.0078|
KL coef: 0.9130334409017531
Train loss (one batch): 4338.958984375
Train CE loss (one batch): 0.0
Test MSE: 0.0092
Poisson likelihood: 0.0
CE loss: 0.0
Experiment 26531
Epoch 0254 [Test seq (cond on sampled tp)] | Loss 4597.237305 | Likelihood -4597.704102 | KL fp 5.5487 | FP STD 0.0077|
KL coef: 0.9139031064927357
Train loss (one batch): 4320.56591796875
Train CE loss (one batch): 0.0
Test MSE: 0.0092
Poisson likelihood: 0.0
CE loss: 0.0
Experiment 26531
Epoch 0255 [Test seq (cond on sampled tp)] | Loss 4587.136230 | Likelihood -4587.835449 | KL fp 5.5108 | FP STD 0.0080|
KL coef: 0.9147640754278082
Train loss (one batch): 4303.67236328125
Train CE loss (one batch): 0.0
Test MSE: 0.0092
Poisson likelihood: 0.0
CE loss: 0.0
Experiment 26531
Epoch 0256 [Test seq (cond on sampled tp)] | Loss 4583.093262 | Likelihood -4582.860352 | KL fp 5.5323 | FP STD 0.0079|
KL coef: 0.9156164346735302
Train loss (one batch): 4303.783203125
Train CE loss (one batch): 0.0
Test MSE: 0.0092
Poisson likelihood: 0.0
CE loss: 0.0
Experiment 26531
Epoch 0257 [Test seq (cond on sampled tp)] | Loss 4563.983887 | Likelihood -4569.691895 | KL fp 5.5376 | FP STD 0.0079|
KL coef: 0.9164602703267949
Train loss (one batch): 4270.4912109375
Train CE loss (one batch): 0.0
Test MSE: 0.0092
Poisson likelihood: 0.0
CE loss: 0.0
Experiment 26531
Epoch 0258 [Test seq (cond on sampled tp)] | Loss 4558.237305 | Likelihood -4554.426270 | KL fp 5.4525 | FP STD 0.0084|
KL coef: 0.9172956676235269
Train loss (one batch): 4265.04443359375
Train CE loss (one batch): 0.0
Test MSE: 0.0091
Poisson likelihood: 0.0
CE loss: 0.0
Experiment 26531
Epoch 0259 [Test seq (cond on sampled tp)] | Loss 4543.129395 | Likelihood -4544.296387 | KL fp 5.5071 | FP STD 0.0078|
KL coef: 0.9181227109472916
Train loss (one batch): 4268.6884765625
Train CE loss (one batch): 0.0
Test MSE: 0.0091
Poisson likelihood: 0.0
CE loss: 0.0
Experiment 26531
Epoch 0260 [Test seq (cond on sampled tp)] | Loss 4538.824707 | Likelihood -4536.970703 | KL fp 5.4694 | FP STD 0.0082|
KL coef: 0.9189414838378187
Train loss (one batch): 4261.35009765625
Train CE loss (one batch): 0.0
Test MSE: 0.0091
Poisson likelihood: 0.0
CE loss: 0.0
Experiment 26531
Epoch 0261 [Test seq (cond on sampled tp)] | Loss 4525.769043 | Likelihood -4528.196777 | KL fp 5.4277 | FP STD 0.0085|
KL coef: 0.9197520689994405
Train loss (one batch): 4247.2890625
Train CE loss (one batch): 0.0
Test MSE: 0.0091
Poisson likelihood: 0.0
CE loss: 0.0
Experiment 26531
Epoch 0262 [Test seq (cond on sampled tp)] | Loss 4517.980957 | Likelihood -4521.087402 | KL fp 5.5169 | FP STD 0.0079|
KL coef: 0.9205545483094462
Train loss (one batch): 4232.423828125
Train CE loss (one batch): 0.0
Test MSE: 0.0091
Poisson likelihood: 0.0
CE loss: 0.0
Experiment 26531
Epoch 0263 [Test seq (cond on sampled tp)] | Loss 4515.323242 | Likelihood -4514.993652 | KL fp 5.4174 | FP STD 0.0087|
KL coef: 0.9213490028263517
Train loss (one batch): 4227.36474609375
Train CE loss (one batch): 0.0
Test MSE: 0.0090
Poisson likelihood: 0.0
CE loss: 0.0
Experiment 26531
Epoch 0264 [Test seq (cond on sampled tp)] | Loss 4504.255859 | Likelihood -4506.238281 | KL fp 5.4263 | FP STD 0.0085|
KL coef: 0.9221355127980881
Train loss (one batch): 4211.859375
Train CE loss (one batch): 0.0
Test MSE: 0.0090
Poisson likelihood: 0.0
CE loss: 0.0
Experiment 26531
Epoch 0265 [Test seq (cond on sampled tp)] | Loss 4483.458008 | Likelihood -4486.821777 | KL fp 5.4245 | FP STD 0.0088|
KL coef: 0.9229141576701073
Train loss (one batch): 4180.6728515625
Train CE loss (one batch): 0.0
Test MSE: 0.0090
Poisson likelihood: 0.0
CE loss: 0.0
Experiment 26531
Epoch 0266 [Test seq (cond on sampled tp)] | Loss 4485.814453 | Likelihood -4482.579590 | KL fp 5.5228 | FP STD 0.0079|
KL coef: 0.9236850160934063
Train loss (one batch): 4197.46337890625
Train CE loss (one batch): 0.0
Test MSE: 0.0090
Poisson likelihood: 0.0
CE loss: 0.0
Experiment 26531
Epoch 0267 [Test seq (cond on sampled tp)] | Loss 4468.039062 | Likelihood -4469.392090 | KL fp 5.5311 | FP STD 0.0078|
KL coef: 0.9244481659324721
Train loss (one batch): 4165.8662109375
Train CE loss (one batch): 0.0
Test MSE: 0.0090
Poisson likelihood: 0.0
CE loss: 0.0
Experiment 26531
Epoch 0268 [Test seq (cond on sampled tp)] | Loss 4460.328613 | Likelihood -4458.773438 | KL fp 5.4758 | FP STD 0.0080|
KL coef: 0.9252036842731475
Train loss (one batch): 4163.84130859375
Train CE loss (one batch): 0.0
Test MSE: 0.0089
Poisson likelihood: 0.0
CE loss: 0.0
Experiment 26531
Epoch 0269 [Test seq (cond on sampled tp)] | Loss 4446.625488 | Likelihood -4448.522949 | KL fp 5.4440 | FP STD 0.0083|
KL coef: 0.9259516474304159
Train loss (one batch): 4170.8115234375
Train CE loss (one batch): 0.0
Test MSE: 0.0089
Poisson likelihood: 0.0
CE loss: 0.0
Experiment 26531
Epoch 0270 [Test seq (cond on sampled tp)] | Loss 4441.938477 | Likelihood -4440.555176 | KL fp 5.4061 | FP STD 0.0088|
KL coef: 0.9266921309561118
Train loss (one batch): 4152.31494140625
Train CE loss (one batch): 0.0
Test MSE: 0.0089
Poisson likelihood: 0.0
CE loss: 0.0
Experiment 26531
Epoch 0271 [Test seq (cond on sampled tp)] | Loss 4420.728516 | Likelihood -4420.607422 | KL fp 5.3735 | FP STD 0.0090|
KL coef: 0.9274252096465507
Train loss (one batch): 4131.7119140625
Train CE loss (one batch): 0.0
Test MSE: 0.0089
Poisson likelihood: 0.0
CE loss: 0.0
Experiment 26531
Epoch 0272 [Test seq (cond on sampled tp)] | Loss 4403.481934 | Likelihood -4407.166016 | KL fp 5.4354 | FP STD 0.0082|
KL coef: 0.9281509575500851
Train loss (one batch): 4129.73046875
Train CE loss (one batch): 0.0
Test MSE: 0.0088
Poisson likelihood: 0.0
CE loss: 0.0
Experiment 26531
Epoch 0273 [Test seq (cond on sampled tp)] | Loss 4401.715332 | Likelihood -4402.791504 | KL fp 5.4882 | FP STD 0.0080|
KL coef: 0.9288694479745843
Train loss (one batch): 4118.609375
Train CE loss (one batch): 0.0
Test MSE: 0.0088
Poisson likelihood: 0.0
CE loss: 0.0
Experiment 26531
Epoch 0274 [Test seq (cond on sampled tp)] | Loss 4397.108887 | Likelihood -4397.913574 | KL fp 5.4510 | FP STD 0.0082|
KL coef: 0.9295807534948385
Train loss (one batch): 4108.04833984375
Train CE loss (one batch): 0.0
Test MSE: 0.0088
Poisson likelihood: 0.0
CE loss: 0.0
Experiment 26531
Epoch 0275 [Test seq (cond on sampled tp)] | Loss 4379.098633 | Likelihood -4379.978027 | KL fp 5.5117 | FP STD 0.0078|
KL coef: 0.9302849459598901
Train loss (one batch): 4109.837890625
Train CE loss (one batch): 0.0
Test MSE: 0.0088
Poisson likelihood: 0.0
CE loss: 0.0
Experiment 26531
Epoch 0276 [Test seq (cond on sampled tp)] | Loss 4362.719727 | Likelihood -4361.781250 | KL fp 5.5191 | FP STD 0.0079|
KL coef: 0.9309820965002912
Train loss (one batch): 4075.3349609375
Train CE loss (one batch): 0.0
Test MSE: 0.0087
Poisson likelihood: 0.0
CE loss: 0.0
Experiment 26531
Epoch 0277 [Test seq (cond on sampled tp)] | Loss 4375.056152 | Likelihood -4374.403809 | KL fp 5.3699 | FP STD 0.0097|
KL coef: 0.9316722755352883
Train loss (one batch): 4083.822509765625
Train CE loss (one batch): 0.0
Test MSE: 0.0088
Poisson likelihood: 0.0
CE loss: 0.0
Experiment 26531
Epoch 0278 [Test seq (cond on sampled tp)] | Loss 4353.194336 | Likelihood -4357.878418 | KL fp 5.3868 | FP STD 0.0095|
KL coef: 0.9323555527799354
Train loss (one batch): 4042.714599609375
Train CE loss (one batch): 0.0
Test MSE: 0.0087
Poisson likelihood: 0.0
CE loss: 0.0
Experiment 26531
Epoch 0279 [Test seq (cond on sampled tp)] | Loss 4333.627441 | Likelihood -4331.845703 | KL fp 5.4190 | FP STD 0.0088|
KL coef: 0.933031997252136
Train loss (one batch): 4067.375
Train CE loss (one batch): 0.0
Test MSE: 0.0087
Poisson likelihood: 0.0
CE loss: 0.0
Experiment 26531
Epoch 0280 [Test seq (cond on sampled tp)] | Loss 4330.145508 | Likelihood -4330.417969 | KL fp 5.4218 | FP STD 0.0086|
KL coef: 0.9337016772796147
Train loss (one batch): 4057.588134765625
Train CE loss (one batch): 0.0
Test MSE: 0.0087
Poisson likelihood: 0.0
CE loss: 0.0
Experiment 26531
Epoch 0281 [Test seq (cond on sampled tp)] | Loss 4329.145020 | Likelihood -4326.293457 | KL fp 5.3430 | FP STD 0.0091|
KL coef: 0.9343646605068185
Train loss (one batch): 4052.960693359375
Train CE loss (one batch): 0.0
Test MSE: 0.0087
Poisson likelihood: 0.0
CE loss: 0.0
Experiment 26531
Epoch 0282 [Test seq (cond on sampled tp)] | Loss 4309.239258 | Likelihood -4306.294922 | KL fp 5.4161 | FP STD 0.0085|
KL coef: 0.9350210139017503
Train loss (one batch): 4016.258056640625
Train CE loss (one batch): 0.0
Test MSE: 0.0086
Poisson likelihood: 0.0
CE loss: 0.0
Experiment 26531
Epoch 0283 [Test seq (cond on sampled tp)] | Loss 4298.814453 | Likelihood -4297.055176 | KL fp 5.4723 | FP STD 0.0081|
KL coef: 0.9356708037627328
Train loss (one batch): 4012.42041015625
Train CE loss (one batch): 0.0
Test MSE: 0.0086
Poisson likelihood: 0.0
CE loss: 0.0
Experiment 26531
Epoch 0284 [Test seq (cond on sampled tp)] | Loss 4290.356934 | Likelihood -4290.061035 | KL fp 5.4310 | FP STD 0.0083|
KL coef: 0.9363140957251055
Train loss (one batch): 4015.406005859375
Train CE loss (one batch): 0.0
Test MSE: 0.0086
Poisson likelihood: 0.0
CE loss: 0.0
Experiment 26531
Epoch 0285 [Test seq (cond on sampled tp)] | Loss 4269.789551 | Likelihood -4276.873535 | KL fp 5.4986 | FP STD 0.0078|
KL coef: 0.9369509547678545
Train loss (one batch): 4015.14892578125
Train CE loss (one batch): 0.0
Test MSE: 0.0086
Poisson likelihood: 0.0
CE loss: 0.0
Experiment 26531
Epoch 0286 [Test seq (cond on sampled tp)] | Loss 4260.502441 | Likelihood -4262.330566 | KL fp 5.4950 | FP STD 0.0079|
KL coef: 0.937581445220176
Train loss (one batch): 4005.83544921875
Train CE loss (one batch): 0.0
Test MSE: 0.0085
Poisson likelihood: 0.0
CE loss: 0.0
Experiment 26531
Epoch 0287 [Test seq (cond on sampled tp)] | Loss 4251.532715 | Likelihood -4253.740234 | KL fp 5.4998 | FP STD 0.0078|
KL coef: 0.9382056307679741
Train loss (one batch): 3997.300537109375
Train CE loss (one batch): 0.0
Test MSE: 0.0085
Poisson likelihood: 0.0
CE loss: 0.0
Experiment 26531
Epoch 0288 [Test seq (cond on sampled tp)] | Loss 4254.411621 | Likelihood -4253.951172 | KL fp 5.3960 | FP STD 0.0085|
KL coef: 0.9388235744602944
Train loss (one batch): 3978.950439453125
Train CE loss (one batch): 0.0
Test MSE: 0.0085
Poisson likelihood: 0.0
CE loss: 0.0
Experiment 26531
Epoch 0289 [Test seq (cond on sampled tp)] | Loss 4254.398926 | Likelihood -4251.742676 | KL fp 5.4961 | FP STD 0.0079|
KL coef: 0.9394353387156915
Train loss (one batch): 3964.010498046875
Train CE loss (one batch): 0.0
Test MSE: 0.0085
Poisson likelihood: 0.0
CE loss: 0.0
Experiment 26531
Epoch 0290 [Test seq (cond on sampled tp)] | Loss 4231.252930 | Likelihood -4234.039551 | KL fp 5.4912 | FP STD 0.0079|
KL coef: 0.9400409853285345
Train loss (one batch): 3963.415283203125
Train CE loss (one batch): 0.0
Test MSE: 0.0085
Poisson likelihood: 0.0
CE loss: 0.0
Experiment 26531
Epoch 0291 [Test seq (cond on sampled tp)] | Loss 4236.257812 | Likelihood -4236.652344 | KL fp 5.4236 | FP STD 0.0086|
KL coef: 0.9406405754752493
Train loss (one batch): 3936.760498046875
Train CE loss (one batch): 0.0
Test MSE: 0.0085
Poisson likelihood: 0.0
CE loss: 0.0
Experiment 26531
Epoch 0292 [Test seq (cond on sampled tp)] | Loss 4213.692871 | Likelihood -4217.502441 | KL fp 5.5104 | FP STD 0.0079|
KL coef: 0.9412341697204967
Train loss (one batch): 3956.8349609375
Train CE loss (one batch): 0.0
Test MSE: 0.0084
Poisson likelihood: 0.0
CE loss: 0.0
Experiment 26531
Epoch 0293 [Test seq (cond on sampled tp)] | Loss 4203.194824 | Likelihood -4200.967285 | KL fp 5.5014 | FP STD 0.0078|
KL coef: 0.9418218280232917
Train loss (one batch): 3920.6708984375
Train CE loss (one batch): 0.0
Test MSE: 0.0084
Poisson likelihood: 0.0
CE loss: 0.0
Experiment 26531
Epoch 0294 [Test seq (cond on sampled tp)] | Loss 4197.242676 | Likelihood -4197.937500 | KL fp 5.4258 | FP STD 0.0082|
KL coef: 0.9424036097430588
Train loss (one batch): 3912.26171875
Train CE loss (one batch): 0.0
Test MSE: 0.0084
Poisson likelihood: 0.0
CE loss: 0.0
Experiment 26531
Epoch 0295 [Test seq (cond on sampled tp)] | Loss 4181.247559 | Likelihood -4178.497070 | KL fp 5.5126 | FP STD 0.0078|
KL coef: 0.9429795736456282
Train loss (one batch): 3908.3369140625
Train CE loss (one batch): 0.0
Test MSE: 0.0084
Poisson likelihood: 0.0
CE loss: 0.0
Experiment 26531
Epoch 0296 [Test seq (cond on sampled tp)] | Loss 4178.877441 | Likelihood -4181.066895 | KL fp 5.4832 | FP STD 0.0078|
KL coef: 0.9435497779091719
Train loss (one batch): 3909.6767578125
Train CE loss (one batch): 0.0
Test MSE: 0.0084
Poisson likelihood: 0.0
CE loss: 0.0
Experiment 26531
Epoch 0297 [Test seq (cond on sampled tp)] | Loss 4171.406738 | Likelihood -4169.079590 | KL fp 5.5086 | FP STD 0.0077|
KL coef: 0.9441142801300803
Train loss (one batch): 3898.905029296875
Train CE loss (one batch): 0.0
Test MSE: 0.0084
Poisson likelihood: 0.0
CE loss: 0.0
Experiment 26531
Epoch 0298 [Test seq (cond on sampled tp)] | Loss 4158.982422 | Likelihood -4158.394043 | KL fp 5.5138 | FP STD 0.0076|
KL coef: 0.9446731373287794
Train loss (one batch): 3895.22900390625
Train CE loss (one batch): 0.0
Test MSE: 0.0083
Poisson likelihood: 0.0
CE loss: 0.0
Experiment 26531
Epoch 0299 [Test seq (cond on sampled tp)] | Loss 4150.266113 | Likelihood -4151.934570 | KL fp 5.5249 | FP STD 0.0077|
KL coef: 0.9452264059554917
Train loss (one batch): 3880.772216796875
Train CE loss (one batch): 0.0
Test MSE: 0.0083
Poisson likelihood: 0.0
CE loss: 0.0
Experiment 26531
Epoch 0300 [Test seq (cond on sampled tp)] | Loss 4151.435059 | Likelihood -4155.978027 | KL fp 5.4296 | FP STD 0.0083|
KL coef: 0.9457741418959368
Train loss (one batch): 3881.369140625
Train CE loss (one batch): 0.0
Test MSE: 0.0083
Poisson likelihood: 0.0
CE loss: 0.0
