/Users/deyiliu/Dropbox/UNC/G4/Spring/790/code/latent_ode-master/run_models.py
run_models.py --niters 300 -n 1000 -l 15 --dataset hopper --latent-ode --z0-encoder trans -r 1001 -s 0.3
Experiment 11012
Epoch 0001 [Test seq (cond on sampled tp)] | Loss 57300.726562 | Likelihood -57702.019531 | KL fp 2.2105 | FP STD 0.1779|
KL coef: 0.0
Train loss (one batch): 56887.8515625
Train CE loss (one batch): 0.0
Test MSE: 0.1154
Poisson likelihood: 0.0
CE loss: 0.0
Experiment 11012
Epoch 0002 [Test seq (cond on sampled tp)] | Loss 36081.695312 | Likelihood -36160.097656 | KL fp 2.8006 | FP STD 0.1334|
KL coef: 0.0
Train loss (one batch): 36111.6640625
Train CE loss (one batch): 0.0
Test MSE: 0.0723
Poisson likelihood: 0.0
CE loss: 0.0
Experiment 11012
Epoch 0003 [Test seq (cond on sampled tp)] | Loss 33748.578125 | Likelihood -33944.316406 | KL fp 2.9358 | FP STD 0.1085|
KL coef: 0.0
Train loss (one batch): 36735.19921875
Train CE loss (one batch): 0.0
Test MSE: 0.0679
Poisson likelihood: 0.0
CE loss: 0.0
Experiment 11012
Epoch 0004 [Test seq (cond on sampled tp)] | Loss 32312.335938 | Likelihood -32374.052734 | KL fp 2.9813 | FP STD 0.1017|
KL coef: 0.0
Train loss (one batch): 31530.9453125
Train CE loss (one batch): 0.0
Test MSE: 0.0648
Poisson likelihood: 0.0
CE loss: 0.0
Experiment 11012
Epoch 0005 [Test seq (cond on sampled tp)] | Loss 31365.007812 | Likelihood -31437.453125 | KL fp 2.9554 | FP STD 0.1027|
KL coef: 0.0
Train loss (one batch): 30616.42578125
Train CE loss (one batch): 0.0
Test MSE: 0.0629
Poisson likelihood: 0.0
CE loss: 0.0
Experiment 11012
Epoch 0006 [Test seq (cond on sampled tp)] | Loss 30403.828125 | Likelihood -30677.322266 | KL fp 3.0526 | FP STD 0.0919|
KL coef: 0.0
Train loss (one batch): 30029.099609375
Train CE loss (one batch): 0.0
Test MSE: 0.0614
Poisson likelihood: 0.0
CE loss: 0.0
Experiment 11012
Epoch 0007 [Test seq (cond on sampled tp)] | Loss 29214.931641 | Likelihood -29385.748047 | KL fp 3.0837 | FP STD 0.0918|
KL coef: 0.0
Train loss (one batch): 31058.35546875
Train CE loss (one batch): 0.0
Test MSE: 0.0588
Poisson likelihood: 0.0
CE loss: 0.0
Experiment 11012
Epoch 0008 [Test seq (cond on sampled tp)] | Loss 28993.349609 | Likelihood -29131.632812 | KL fp 3.0366 | FP STD 0.0935|
KL coef: 0.0
Train loss (one batch): 29146.4453125
Train CE loss (one batch): 0.0
Test MSE: 0.0583
Poisson likelihood: 0.0
CE loss: 0.0
Experiment 11012
Epoch 0009 [Test seq (cond on sampled tp)] | Loss 28866.185547 | Likelihood -29013.376953 | KL fp 3.1515 | FP STD 0.0835|
KL coef: 0.0
Train loss (one batch): 29004.8046875
Train CE loss (one batch): 0.0
Test MSE: 0.0580
Poisson likelihood: 0.0
CE loss: 0.0
Experiment 11012
Epoch 0010 [Test seq (cond on sampled tp)] | Loss 28344.527344 | Likelihood -28523.640625 | KL fp 3.1157 | FP STD 0.0829|
KL coef: 0.0
Train loss (one batch): 29060.72265625
Train CE loss (one batch): 0.0
Test MSE: 0.0571
Poisson likelihood: 0.0
CE loss: 0.0
Experiment 11012
Epoch 0011 [Test seq (cond on sampled tp)] | Loss 27734.287109 | Likelihood -28069.804688 | KL fp 3.1888 | FP STD 0.0797|
KL coef: 0.010000000000000009
Train loss (one batch): 28300.791015625
Train CE loss (one batch): 0.0
Test MSE: 0.0562
Poisson likelihood: 0.0
CE loss: 0.0
Experiment 11012
Epoch 0012 [Test seq (cond on sampled tp)] | Loss 27990.050781 | Likelihood -28090.412109 | KL fp 3.1757 | FP STD 0.0781|
KL coef: 0.01990000000000003
Train loss (one batch): 27964.9453125
Train CE loss (one batch): 0.0
Test MSE: 0.0562
Poisson likelihood: 0.0
CE loss: 0.0
Experiment 11012
Epoch 0013 [Test seq (cond on sampled tp)] | Loss 27444.453125 | Likelihood -27670.804688 | KL fp 3.1302 | FP STD 0.0819|
KL coef: 0.029700999999999977
Train loss (one batch): 28465.3984375
Train CE loss (one batch): 0.0
Test MSE: 0.0554
Poisson likelihood: 0.0
CE loss: 0.0
Experiment 11012
Epoch 0014 [Test seq (cond on sampled tp)] | Loss 26813.234375 | Likelihood -26863.958984 | KL fp 3.2119 | FP STD 0.0778|
KL coef: 0.039403990000000055
Train loss (one batch): 26731.970703125
Train CE loss (one batch): 0.0
Test MSE: 0.0537
Poisson likelihood: 0.0
CE loss: 0.0
Experiment 11012
Epoch 0015 [Test seq (cond on sampled tp)] | Loss 26298.009766 | Likelihood -26459.662109 | KL fp 3.0667 | FP STD 0.0827|
KL coef: 0.04900995010000009
Train loss (one batch): 27498.642578125
Train CE loss (one batch): 0.0
Test MSE: 0.0529
Poisson likelihood: 0.0
CE loss: 0.0
Experiment 11012
Epoch 0016 [Test seq (cond on sampled tp)] | Loss 25811.371094 | Likelihood -26049.462891 | KL fp 3.1175 | FP STD 0.0789|
KL coef: 0.058519850599
Train loss (one batch): 25591.806640625
Train CE loss (one batch): 0.0
Test MSE: 0.0521
Poisson likelihood: 0.0
CE loss: 0.0
Experiment 11012
Epoch 0017 [Test seq (cond on sampled tp)] | Loss 24547.578125 | Likelihood -24751.748047 | KL fp 3.1384 | FP STD 0.0842|
KL coef: 0.06793465209301008
Train loss (one batch): 24366.193359375
Train CE loss (one batch): 0.0
Test MSE: 0.0495
Poisson likelihood: 0.0
CE loss: 0.0
Experiment 11012
Epoch 0018 [Test seq (cond on sampled tp)] | Loss 22859.750000 | Likelihood -22992.150391 | KL fp 3.0842 | FP STD 0.0838|
KL coef: 0.07725530557207994
Train loss (one batch): 22333.419921875
Train CE loss (one batch): 0.0
Test MSE: 0.0460
Poisson likelihood: 0.0
CE loss: 0.0
Experiment 11012
Epoch 0019 [Test seq (cond on sampled tp)] | Loss 22252.828125 | Likelihood -22432.388672 | KL fp 3.1026 | FP STD 0.0859|
KL coef: 0.08648275251635917
Train loss (one batch): 21726.484375
Train CE loss (one batch): 0.0
Test MSE: 0.0449
Poisson likelihood: 0.0
CE loss: 0.0
Experiment 11012
Epoch 0020 [Test seq (cond on sampled tp)] | Loss 21414.654297 | Likelihood -21599.437500 | KL fp 3.0276 | FP STD 0.0865|
KL coef: 0.09561792499119559
Train loss (one batch): 20688.46484375
Train CE loss (one batch): 0.0
Test MSE: 0.0432
Poisson likelihood: 0.0
CE loss: 0.0
Experiment 11012
Epoch 0021 [Test seq (cond on sampled tp)] | Loss 20386.253906 | Likelihood -20394.728516 | KL fp 3.0922 | FP STD 0.0855|
KL coef: 0.10466174574128362
Train loss (one batch): 19614.212890625
Train CE loss (one batch): 0.0
Test MSE: 0.0408
Poisson likelihood: 0.0
CE loss: 0.0
Experiment 11012
Epoch 0022 [Test seq (cond on sampled tp)] | Loss 19806.777344 | Likelihood -19882.054688 | KL fp 3.0446 | FP STD 0.0907|
KL coef: 0.11361512828387077
Train loss (one batch): 18521.046875
Train CE loss (one batch): 0.0
Test MSE: 0.0398
Poisson likelihood: 0.0
CE loss: 0.0
Experiment 11012
Epoch 0023 [Test seq (cond on sampled tp)] | Loss 19216.294922 | Likelihood -19321.720703 | KL fp 3.0532 | FP STD 0.0869|
KL coef: 0.12247897700103216
Train loss (one batch): 18492.513671875
Train CE loss (one batch): 0.0
Test MSE: 0.0387
Poisson likelihood: 0.0
CE loss: 0.0
Experiment 11012
Epoch 0024 [Test seq (cond on sampled tp)] | Loss 18367.117188 | Likelihood -18425.380859 | KL fp 3.0924 | FP STD 0.0839|
KL coef: 0.13125418723102178
Train loss (one batch): 18096.810546875
Train CE loss (one batch): 0.0
Test MSE: 0.0369
Poisson likelihood: 0.0
CE loss: 0.0
Experiment 11012
Epoch 0025 [Test seq (cond on sampled tp)] | Loss 17996.990234 | Likelihood -18158.712891 | KL fp 3.0545 | FP STD 0.0840|
KL coef: 0.13994164535871156
Train loss (one batch): 17268.783203125
Train CE loss (one batch): 0.0
Test MSE: 0.0363
Poisson likelihood: 0.0
CE loss: 0.0
Experiment 11012
Epoch 0026 [Test seq (cond on sampled tp)] | Loss 17616.359375 | Likelihood -17679.107422 | KL fp 3.0872 | FP STD 0.0834|
KL coef: 0.14854222890512447
Train loss (one batch): 17273.9921875
Train CE loss (one batch): 0.0
Test MSE: 0.0354
Poisson likelihood: 0.0
CE loss: 0.0
Experiment 11012
Epoch 0027 [Test seq (cond on sampled tp)] | Loss 17103.808594 | Likelihood -17145.753906 | KL fp 3.1535 | FP STD 0.0810|
KL coef: 0.15705680661607324
Train loss (one batch): 16498.984375
Train CE loss (one batch): 0.0
Test MSE: 0.0343
Poisson likelihood: 0.0
CE loss: 0.0
Experiment 11012
Epoch 0028 [Test seq (cond on sampled tp)] | Loss 16919.693359 | Likelihood -17093.488281 | KL fp 3.1698 | FP STD 0.0772|
KL coef: 0.1654862385499125
Train loss (one batch): 16374.0947265625
Train CE loss (one batch): 0.0
Test MSE: 0.0342
Poisson likelihood: 0.0
CE loss: 0.0
Experiment 11012
Epoch 0029 [Test seq (cond on sampled tp)] | Loss 16637.056641 | Likelihood -16774.689453 | KL fp 3.1963 | FP STD 0.0774|
KL coef: 0.17383137616441335
Train loss (one batch): 16115.349609375
Train CE loss (one batch): 0.0
Test MSE: 0.0336
Poisson likelihood: 0.0
CE loss: 0.0
Experiment 11012
Epoch 0030 [Test seq (cond on sampled tp)] | Loss 16207.906250 | Likelihood -16337.652344 | KL fp 3.1827 | FP STD 0.0773|
KL coef: 0.18209306240276923
Train loss (one batch): 15776.2412109375
Train CE loss (one batch): 0.0
Test MSE: 0.0327
Poisson likelihood: 0.0
CE loss: 0.0
Experiment 11012
Epoch 0031 [Test seq (cond on sampled tp)] | Loss 15823.297852 | Likelihood -15912.660156 | KL fp 3.2523 | FP STD 0.0734|
KL coef: 0.19027213177874158
Train loss (one batch): 15347.2548828125
Train CE loss (one batch): 0.0
Test MSE: 0.0318
Poisson likelihood: 0.0
CE loss: 0.0
Experiment 11012
Epoch 0032 [Test seq (cond on sampled tp)] | Loss 15695.222656 | Likelihood -15786.933594 | KL fp 3.3433 | FP STD 0.0682|
KL coef: 0.19836941046095413
Train loss (one batch): 15228.9921875
Train CE loss (one batch): 0.0
Test MSE: 0.0316
Poisson likelihood: 0.0
CE loss: 0.0
Experiment 11012
Epoch 0033 [Test seq (cond on sampled tp)] | Loss 15545.981445 | Likelihood -15565.081055 | KL fp 3.2914 | FP STD 0.0693|
KL coef: 0.20638571635634462
Train loss (one batch): 15850.3359375
Train CE loss (one batch): 0.0
Test MSE: 0.0311
Poisson likelihood: 0.0
CE loss: 0.0
Experiment 11012
Epoch 0034 [Test seq (cond on sampled tp)] | Loss 15548.968750 | Likelihood -15592.148438 | KL fp 3.3088 | FP STD 0.0657|
KL coef: 0.21432185919278124
Train loss (one batch): 14463.30859375
Train CE loss (one batch): 0.0
Test MSE: 0.0312
Poisson likelihood: 0.0
CE loss: 0.0
Experiment 11012
Epoch 0035 [Test seq (cond on sampled tp)] | Loss 14869.758789 | Likelihood -14973.305664 | KL fp 3.2945 | FP STD 0.0684|
KL coef: 0.22217864060085335
Train loss (one batch): 14437.8828125
Train CE loss (one batch): 0.0
Test MSE: 0.0300
Poisson likelihood: 0.0
CE loss: 0.0
Experiment 11012
Epoch 0036 [Test seq (cond on sampled tp)] | Loss 14580.691406 | Likelihood -14654.644531 | KL fp 3.3933 | FP STD 0.0628|
KL coef: 0.2299568541948449
Train loss (one batch): 14446.4296875
Train CE loss (one batch): 0.0
Test MSE: 0.0293
Poisson likelihood: 0.0
CE loss: 0.0
Experiment 11012
Epoch 0037 [Test seq (cond on sampled tp)] | Loss 14834.280273 | Likelihood -14923.778320 | KL fp 3.3206 | FP STD 0.0659|
KL coef: 0.23765728565289646
Train loss (one batch): 13980.822265625
Train CE loss (one batch): 0.0
Test MSE: 0.0299
Poisson likelihood: 0.0
CE loss: 0.0
Experiment 11012
Epoch 0038 [Test seq (cond on sampled tp)] | Loss 14614.008789 | Likelihood -14708.976562 | KL fp 3.2877 | FP STD 0.0672|
KL coef: 0.24528071279636743
Train loss (one batch): 13785.2255859375
Train CE loss (one batch): 0.0
Test MSE: 0.0294
Poisson likelihood: 0.0
CE loss: 0.0
Experiment 11012
Epoch 0039 [Test seq (cond on sampled tp)] | Loss 14721.176758 | Likelihood -14782.520508 | KL fp 3.2944 | FP STD 0.0673|
KL coef: 0.25282790566840385
Train loss (one batch): 13905.43359375
Train CE loss (one batch): 0.0
Test MSE: 0.0296
Poisson likelihood: 0.0
CE loss: 0.0
Experiment 11012
Epoch 0040 [Test seq (cond on sampled tp)] | Loss 13669.289062 | Likelihood -13682.757812 | KL fp 3.4299 | FP STD 0.0595|
KL coef: 0.2602996266117198
Train loss (one batch): 13654.1357421875
Train CE loss (one batch): 0.0
Test MSE: 0.0274
Poisson likelihood: 0.0
CE loss: 0.0
Experiment 11012
Epoch 0041 [Test seq (cond on sampled tp)] | Loss 13930.279297 | Likelihood -14059.317383 | KL fp 3.3334 | FP STD 0.0658|
KL coef: 0.26769663034560254
Train loss (one batch): 14218.0576171875
Train CE loss (one batch): 0.0
Test MSE: 0.0281
Poisson likelihood: 0.0
CE loss: 0.0
Experiment 11012
Epoch 0042 [Test seq (cond on sampled tp)] | Loss 13658.431641 | Likelihood -13754.503906 | KL fp 3.3760 | FP STD 0.0624|
KL coef: 0.2750196640421466
Train loss (one batch): 13370.5107421875
Train CE loss (one batch): 0.0
Test MSE: 0.0275
Poisson likelihood: 0.0
CE loss: 0.0
Experiment 11012
Epoch 0043 [Test seq (cond on sampled tp)] | Loss 13507.087891 | Likelihood -13566.207031 | KL fp 3.3603 | FP STD 0.0608|
KL coef: 0.2822694674017251
Train loss (one batch): 13072.1826171875
Train CE loss (one batch): 0.0
Test MSE: 0.0271
Poisson likelihood: 0.0
CE loss: 0.0
Experiment 11012
Epoch 0044 [Test seq (cond on sampled tp)] | Loss 13298.978516 | Likelihood -13437.354492 | KL fp 3.4059 | FP STD 0.0605|
KL coef: 0.2894467727277079
Train loss (one batch): 13255.322265625
Train CE loss (one batch): 0.0
Test MSE: 0.0269
Poisson likelihood: 0.0
CE loss: 0.0
Experiment 11012
Epoch 0045 [Test seq (cond on sampled tp)] | Loss 13250.392578 | Likelihood -13280.964844 | KL fp 3.5116 | FP STD 0.0550|
KL coef: 0.29655230500043084
Train loss (one batch): 13183.4033203125
Train CE loss (one batch): 0.0
Test MSE: 0.0266
Poisson likelihood: 0.0
CE loss: 0.0
Experiment 11012
Epoch 0046 [Test seq (cond on sampled tp)] | Loss 13460.188477 | Likelihood -13545.286133 | KL fp 3.4601 | FP STD 0.0589|
KL coef: 0.30358678195042654
Train loss (one batch): 12930.021484375
Train CE loss (one batch): 0.0
Test MSE: 0.0271
Poisson likelihood: 0.0
CE loss: 0.0
Experiment 11012
Epoch 0047 [Test seq (cond on sampled tp)] | Loss 13019.692383 | Likelihood -13101.574219 | KL fp 3.4683 | FP STD 0.0575|
KL coef: 0.3105509141309223
Train loss (one batch): 12751.0615234375
Train CE loss (one batch): 0.0
Test MSE: 0.0262
Poisson likelihood: 0.0
CE loss: 0.0
Experiment 11012
Epoch 0048 [Test seq (cond on sampled tp)] | Loss 12700.714844 | Likelihood -12848.481445 | KL fp 3.4924 | FP STD 0.0561|
KL coef: 0.31744540498961304
Train loss (one batch): 13115.57421875
Train CE loss (one batch): 0.0
Test MSE: 0.0257
Poisson likelihood: 0.0
CE loss: 0.0
Experiment 11012
Epoch 0049 [Test seq (cond on sampled tp)] | Loss 12806.866211 | Likelihood -12861.933594 | KL fp 3.5245 | FP STD 0.0555|
KL coef: 0.3242709509397169
Train loss (one batch): 13380.4580078125
Train CE loss (one batch): 0.0
Test MSE: 0.0257
Poisson likelihood: 0.0
CE loss: 0.0
Experiment 11012
Epoch 0050 [Test seq (cond on sampled tp)] | Loss 12688.868164 | Likelihood -12739.952148 | KL fp 3.5545 | FP STD 0.0526|
KL coef: 0.3310282414303197
Train loss (one batch): 12957.8486328125
Train CE loss (one batch): 0.0
Test MSE: 0.0255
Poisson likelihood: 0.0
CE loss: 0.0
Experiment 11012
Epoch 0051 [Test seq (cond on sampled tp)] | Loss 12606.555664 | Likelihood -12708.679688 | KL fp 3.5232 | FP STD 0.0536|
KL coef: 0.33771795901601653
Train loss (one batch): 12665.8759765625
Train CE loss (one batch): 0.0
Test MSE: 0.0254
Poisson likelihood: 0.0
CE loss: 0.0
Experiment 11012
Epoch 0052 [Test seq (cond on sampled tp)] | Loss 12682.598633 | Likelihood -12790.479492 | KL fp 3.5427 | FP STD 0.0527|
KL coef: 0.3443407794258564
Train loss (one batch): 12810.0712890625
Train CE loss (one batch): 0.0
Test MSE: 0.0256
Poisson likelihood: 0.0
CE loss: 0.0
Experiment 11012
Epoch 0053 [Test seq (cond on sampled tp)] | Loss 12502.743164 | Likelihood -12584.971680 | KL fp 3.4713 | FP STD 0.0556|
KL coef: 0.35089737163159784
Train loss (one batch): 12903.71484375
Train CE loss (one batch): 0.0
Test MSE: 0.0252
Poisson likelihood: 0.0
CE loss: 0.0
Experiment 11012
Epoch 0054 [Test seq (cond on sampled tp)] | Loss 12642.884766 | Likelihood -12690.114258 | KL fp 3.5154 | FP STD 0.0529|
KL coef: 0.3573883979152819
Train loss (one batch): 12082.3017578125
Train CE loss (one batch): 0.0
Test MSE: 0.0254
Poisson likelihood: 0.0
CE loss: 0.0
Experiment 11012
Epoch 0055 [Test seq (cond on sampled tp)] | Loss 12369.124023 | Likelihood -12392.584961 | KL fp 3.5848 | FP STD 0.0504|
KL coef: 0.36381451393612907
Train loss (one batch): 11870.6083984375
Train CE loss (one batch): 0.0
Test MSE: 0.0248
Poisson likelihood: 0.0
CE loss: 0.0
Experiment 11012
Epoch 0056 [Test seq (cond on sampled tp)] | Loss 12228.525391 | Likelihood -12285.432617 | KL fp 3.5817 | FP STD 0.0508|
KL coef: 0.37017636879676774
Train loss (one batch): 12169.5888671875
Train CE loss (one batch): 0.0
Test MSE: 0.0246
Poisson likelihood: 0.0
CE loss: 0.0
Experiment 11012
Epoch 0057 [Test seq (cond on sampled tp)] | Loss 12092.041016 | Likelihood -12157.641602 | KL fp 3.5653 | FP STD 0.0510|
KL coef: 0.37647460510880004
Train loss (one batch): 11404.3525390625
Train CE loss (one batch): 0.0
Test MSE: 0.0243
Poisson likelihood: 0.0
CE loss: 0.0
Experiment 11012
Epoch 0058 [Test seq (cond on sampled tp)] | Loss 11805.644531 | Likelihood -11852.213867 | KL fp 3.5723 | FP STD 0.0517|
KL coef: 0.38270985905771204
Train loss (one batch): 12450.77734375
Train CE loss (one batch): 0.0
Test MSE: 0.0237
Poisson likelihood: 0.0
CE loss: 0.0
Experiment 11012
Epoch 0059 [Test seq (cond on sampled tp)] | Loss 12028.046875 | Likelihood -12085.291992 | KL fp 3.5669 | FP STD 0.0520|
KL coef: 0.388882760467135
Train loss (one batch): 11955.5654296875
Train CE loss (one batch): 0.0
Test MSE: 0.0242
Poisson likelihood: 0.0
CE loss: 0.0
Experiment 11012
Epoch 0060 [Test seq (cond on sampled tp)] | Loss 12198.228516 | Likelihood -12252.301758 | KL fp 3.5863 | FP STD 0.0503|
KL coef: 0.39499393286246365
Train loss (one batch): 11790.4931640625
Train CE loss (one batch): 0.0
Test MSE: 0.0245
Poisson likelihood: 0.0
CE loss: 0.0
Experiment 11012
Epoch 0061 [Test seq (cond on sampled tp)] | Loss 12116.462891 | Likelihood -12213.963867 | KL fp 3.5663 | FP STD 0.0504|
KL coef: 0.401043993533839
Train loss (one batch): 11478.705078125
Train CE loss (one batch): 0.0
Test MSE: 0.0244
Poisson likelihood: 0.0
CE loss: 0.0
Experiment 11012
Epoch 0062 [Test seq (cond on sampled tp)] | Loss 11998.119141 | Likelihood -12073.432617 | KL fp 3.5322 | FP STD 0.0511|
KL coef: 0.4070335535985006
Train loss (one batch): 10831.435546875
Train CE loss (one batch): 0.0
Test MSE: 0.0242
Poisson likelihood: 0.0
CE loss: 0.0
Experiment 11012
Epoch 0063 [Test seq (cond on sampled tp)] | Loss 11700.842773 | Likelihood -11764.807617 | KL fp 3.5667 | FP STD 0.0505|
KL coef: 0.41296321806251557
Train loss (one batch): 11117.4384765625
Train CE loss (one batch): 0.0
Test MSE: 0.0235
Poisson likelihood: 0.0
CE loss: 0.0
Experiment 11012
Epoch 0064 [Test seq (cond on sampled tp)] | Loss 11640.210938 | Likelihood -11661.769531 | KL fp 3.5711 | FP STD 0.0489|
KL coef: 0.41883358588189046
Train loss (one batch): 11300.935546875
Train CE loss (one batch): 0.0
Test MSE: 0.0233
Poisson likelihood: 0.0
CE loss: 0.0
Experiment 11012
Epoch 0065 [Test seq (cond on sampled tp)] | Loss 11534.980469 | Likelihood -11566.502930 | KL fp 3.5628 | FP STD 0.0499|
KL coef: 0.4246452500230715
Train loss (one batch): 11322.5908203125
Train CE loss (one batch): 0.0
Test MSE: 0.0231
Poisson likelihood: 0.0
CE loss: 0.0
Experiment 11012
Epoch 0066 [Test seq (cond on sampled tp)] | Loss 11550.448242 | Likelihood -11608.948242 | KL fp 3.6063 | FP STD 0.0488|
KL coef: 0.4303987975228408
Train loss (one batch): 11445.3994140625
Train CE loss (one batch): 0.0
Test MSE: 0.0232
Poisson likelihood: 0.0
CE loss: 0.0
Experiment 11012
Epoch 0067 [Test seq (cond on sampled tp)] | Loss 11332.065430 | Likelihood -11397.265625 | KL fp 3.6086 | FP STD 0.0488|
KL coef: 0.4360948095476125
Train loss (one batch): 10651.025390625
Train CE loss (one batch): 0.0
Test MSE: 0.0228
Poisson likelihood: 0.0
CE loss: 0.0
Experiment 11012
Epoch 0068 [Test seq (cond on sampled tp)] | Loss 11038.882812 | Likelihood -11114.127930 | KL fp 3.6582 | FP STD 0.0465|
KL coef: 0.44173386145213633
Train loss (one batch): 10869.7275390625
Train CE loss (one batch): 0.0
Test MSE: 0.0222
Poisson likelihood: 0.0
CE loss: 0.0
Experiment 11012
Epoch 0069 [Test seq (cond on sampled tp)] | Loss 11085.822266 | Likelihood -11102.215820 | KL fp 3.6062 | FP STD 0.0488|
KL coef: 0.4473165228376149
Train loss (one batch): 10879.9970703125
Train CE loss (one batch): 0.0
Test MSE: 0.0222
Poisson likelihood: 0.0
CE loss: 0.0
Experiment 11012
Epoch 0070 [Test seq (cond on sampled tp)] | Loss 11005.024414 | Likelihood -11092.526367 | KL fp 3.6334 | FP STD 0.0474|
KL coef: 0.4528433576092388
Train loss (one batch): 11291.8818359375
Train CE loss (one batch): 0.0
Test MSE: 0.0222
Poisson likelihood: 0.0
CE loss: 0.0
Experiment 11012
Epoch 0071 [Test seq (cond on sampled tp)] | Loss 11180.136719 | Likelihood -11239.859375 | KL fp 3.6014 | FP STD 0.0478|
KL coef: 0.45831492403314644
Train loss (one batch): 10994.2470703125
Train CE loss (one batch): 0.0
Test MSE: 0.0225
Poisson likelihood: 0.0
CE loss: 0.0
Experiment 11012
Epoch 0072 [Test seq (cond on sampled tp)] | Loss 11055.204102 | Likelihood -11103.391602 | KL fp 3.6190 | FP STD 0.0478|
KL coef: 0.463731774792815
Train loss (one batch): 10657.40234375
Train CE loss (one batch): 0.0
Test MSE: 0.0222
Poisson likelihood: 0.0
CE loss: 0.0
Experiment 11012
Epoch 0073 [Test seq (cond on sampled tp)] | Loss 10794.087891 | Likelihood -10854.210938 | KL fp 3.6488 | FP STD 0.0478|
KL coef: 0.46909445704488684
Train loss (one batch): 11432.88671875
Train CE loss (one batch): 0.0
Test MSE: 0.0217
Poisson likelihood: 0.0
CE loss: 0.0
Experiment 11012
Epoch 0074 [Test seq (cond on sampled tp)] | Loss 10979.361328 | Likelihood -11009.786133 | KL fp 3.6808 | FP STD 0.0453|
KL coef: 0.474403512474438
Train loss (one batch): 10872.037109375
Train CE loss (one batch): 0.0
Test MSE: 0.0220
Poisson likelihood: 0.0
CE loss: 0.0
Experiment 11012
Epoch 0075 [Test seq (cond on sampled tp)] | Loss 10972.297852 | Likelihood -10974.770508 | KL fp 3.6832 | FP STD 0.0461|
KL coef: 0.4796594773496936
Train loss (one batch): 10642.5947265625
Train CE loss (one batch): 0.0
Test MSE: 0.0220
Poisson likelihood: 0.0
CE loss: 0.0
Experiment 11012
Epoch 0076 [Test seq (cond on sampled tp)] | Loss 10909.071289 | Likelihood -10936.195312 | KL fp 3.7075 | FP STD 0.0451|
KL coef: 0.4848628825761967
Train loss (one batch): 10925.0478515625
Train CE loss (one batch): 0.0
Test MSE: 0.0219
Poisson likelihood: 0.0
CE loss: 0.0
Experiment 11012
Epoch 0077 [Test seq (cond on sampled tp)] | Loss 10716.311523 | Likelihood -10814.284180 | KL fp 3.6801 | FP STD 0.0444|
KL coef: 0.4900142537504347
Train loss (one batch): 10312.2578125
Train CE loss (one batch): 0.0
Test MSE: 0.0216
Poisson likelihood: 0.0
CE loss: 0.0
Experiment 11012
Epoch 0078 [Test seq (cond on sampled tp)] | Loss 10578.741211 | Likelihood -10602.417969 | KL fp 3.7022 | FP STD 0.0437|
KL coef: 0.49511411121293036
Train loss (one batch): 10230.6328125
Train CE loss (one batch): 0.0
Test MSE: 0.0212
Poisson likelihood: 0.0
CE loss: 0.0
Experiment 11012
Epoch 0079 [Test seq (cond on sampled tp)] | Loss 10659.927734 | Likelihood -10678.649414 | KL fp 3.6661 | FP STD 0.0437|
KL coef: 0.500162970100801
Train loss (one batch): 10160.884765625
Train CE loss (one batch): 0.0
Test MSE: 0.0214
Poisson likelihood: 0.0
CE loss: 0.0
Experiment 11012
Epoch 0080 [Test seq (cond on sampled tp)] | Loss 10515.987305 | Likelihood -10569.763672 | KL fp 3.7222 | FP STD 0.0433|
KL coef: 0.505161340399793
Train loss (one batch): 10021.8876953125
Train CE loss (one batch): 0.0
Test MSE: 0.0212
Poisson likelihood: 0.0
CE loss: 0.0
Experiment 11012
Epoch 0081 [Test seq (cond on sampled tp)] | Loss 10466.463867 | Likelihood -10501.461914 | KL fp 3.7470 | FP STD 0.0425|
KL coef: 0.510109726995795
Train loss (one batch): 10134.5498046875
Train CE loss (one batch): 0.0
Test MSE: 0.0210
Poisson likelihood: 0.0
CE loss: 0.0
Experiment 11012
Epoch 0082 [Test seq (cond on sampled tp)] | Loss 10581.339844 | Likelihood -10604.348633 | KL fp 3.7000 | FP STD 0.0440|
KL coef: 0.5150086297258372
Train loss (one batch): 10544.1982421875
Train CE loss (one batch): 0.0
Test MSE: 0.0212
Poisson likelihood: 0.0
CE loss: 0.0
Experiment 11012
Epoch 0083 [Test seq (cond on sampled tp)] | Loss 10379.600586 | Likelihood -10391.067383 | KL fp 3.6704 | FP STD 0.0445|
KL coef: 0.5198585434285787
Train loss (one batch): 10015.72265625
Train CE loss (one batch): 0.0
Test MSE: 0.0208
Poisson likelihood: 0.0
CE loss: 0.0
Experiment 11012
Epoch 0084 [Test seq (cond on sampled tp)] | Loss 10268.313477 | Likelihood -10275.989258 | KL fp 3.7484 | FP STD 0.0426|
KL coef: 0.524659957994293
Train loss (one batch): 10478.287109375
Train CE loss (one batch): 0.0
Test MSE: 0.0206
Poisson likelihood: 0.0
CE loss: 0.0
Experiment 11012
Epoch 0085 [Test seq (cond on sampled tp)] | Loss 10535.368164 | Likelihood -10571.118164 | KL fp 3.7333 | FP STD 0.0423|
KL coef: 0.5294133584143501
Train loss (one batch): 10432.1025390625
Train CE loss (one batch): 0.0
Test MSE: 0.0212
Poisson likelihood: 0.0
CE loss: 0.0
Experiment 11012
Epoch 0086 [Test seq (cond on sampled tp)] | Loss 10366.175781 | Likelihood -10404.959961 | KL fp 3.6858 | FP STD 0.0435|
KL coef: 0.5341192248302067
Train loss (one batch): 10029.29296875
Train CE loss (one batch): 0.0
Test MSE: 0.0208
Poisson likelihood: 0.0
CE loss: 0.0
Experiment 11012
Epoch 0087 [Test seq (cond on sampled tp)] | Loss 10250.397461 | Likelihood -10312.856445 | KL fp 3.7599 | FP STD 0.0416|
KL coef: 0.5387780325819045
Train loss (one batch): 9594.7119140625
Train CE loss (one batch): 0.0
Test MSE: 0.0206
Poisson likelihood: 0.0
CE loss: 0.0
Experiment 11012
Epoch 0088 [Test seq (cond on sampled tp)] | Loss 10333.583984 | Likelihood -10341.838867 | KL fp 3.7564 | FP STD 0.0417|
KL coef: 0.5433902522560855
Train loss (one batch): 10071.3984375
Train CE loss (one batch): 0.0
Test MSE: 0.0207
Poisson likelihood: 0.0
CE loss: 0.0
Experiment 11012
Epoch 0089 [Test seq (cond on sampled tp)] | Loss 10205.548828 | Likelihood -10232.357422 | KL fp 3.8146 | FP STD 0.0401|
KL coef: 0.5479563497335247
Train loss (one batch): 10299.966796875
Train CE loss (one batch): 0.0
Test MSE: 0.0205
Poisson likelihood: 0.0
CE loss: 0.0
